
Gurobi 6.0.4 (win64) logging started 06/16/15 22:05:19

Read LP format model from file C:\MT\repository\VRPTWMS\instances\mip\freight\N12-C_DV10-C_SV50_F26_0_No_1.lp
Reading time = 0.02 seconds
(null): 721 rows, 417 columns, 3207 nonzeros
Optimize a model with 721 rows, 417 columns and 3207 nonzeros
Model has 2028 quadratic constraints
Coefficient statistics:
  Matrix range    [1e+00, 1e+06]
  Objective range [2e+04, 1e+07]
  Bounds range    [1e+00, 1e+06]
  RHS range       [1e+00, 1e+06]
Presolve removed 115 rows and 48 columns
Presolve time: 0.12s
Presolved: 4556 rows, 2416 columns, 22326 nonzeros
Variable types: 1903 continuous, 513 integer (437 binary)
Found heuristic solution: objective 1.249766e+08

Root relaxation: objective 2.908989e+06, 285 iterations, 0.02 seconds

    Nodes    |    Current Node    |     Objective Bounds      |     Work
 Expl Unexpl |  Obj  Depth IntInf | Incumbent    BestBd   Gap | It/Node Time

     0     0 2908989.01    0   72 1.2498e+08 2908989.01  97.7%     -    0s
H    0     0                    7.388370e+07 2908989.01  96.1%     -    0s
     0     0 1.2388e+07    0   66 7.3884e+07 1.2388e+07  83.2%     -    0s
H    0     0                    7.335490e+07 1.2388e+07  83.1%     -    0s
H    0     0                    6.312710e+07 1.2388e+07  80.4%     -    0s
     0     0 1.2564e+07    0   81 6.3127e+07 1.2564e+07  80.1%     -    0s
H    0     0                    5.306180e+07 1.2564e+07  76.3%     -    0s
     0     0 1.2579e+07    0   67 5.3062e+07 1.2579e+07  76.3%     -    0s
     0     0 1.2587e+07    0   63 5.3062e+07 1.2587e+07  76.3%     -    0s
     0     0 1.2592e+07    0   67 5.3062e+07 1.2592e+07  76.3%     -    0s
     0     0 1.2601e+07    0   73 5.3062e+07 1.2601e+07  76.3%     -    0s
     0     0 1.2628e+07    0   72 5.3062e+07 1.2628e+07  76.2%     -    0s
     0     0 1.2634e+07    0   91 5.3062e+07 1.2634e+07  76.2%     -    0s
     0     0 1.2637e+07    0   68 5.3062e+07 1.2637e+07  76.2%     -    0s
     0     0 1.2637e+07    0   68 5.3062e+07 1.2637e+07  76.2%     -    0s
     0     2 1.2637e+07    0   68 5.3062e+07 1.2637e+07  76.2%     -    0s
H  122   103                    5.305660e+07 1.2655e+07  76.1%  40.1    1s
H  150   111                    4.305090e+07 1.2723e+07  70.4%  40.1    1s
   743   478 1.6595e+07   10  140 4.3051e+07 1.2879e+07  70.1%  55.9    5s
   765   493 2.3023e+07   24  141 4.3051e+07 1.5053e+07  65.0%  54.3   10s
   791   512 3.3481e+07   35  109 4.3051e+07 1.5635e+07  63.7%  15.8   15s
*  996   575              69    4.299750e+07 2.2390e+07  47.9%  33.4   18s
H 1006   569                    4.296470e+07 2.2390e+07  47.9%  33.7   18s
  1279   679 3.3778e+07   57   28 4.2965e+07 2.2443e+07  47.8%  40.6   20s
  2084   918     cutoff   51      4.2965e+07 2.2541e+07  47.5%  51.2   25s
H 2253   988                    4.294770e+07 2.2545e+07  47.5%  52.3   25s
* 2275   988              53    4.292420e+07 2.2545e+07  47.5%  52.1   25s
H 2571  1193                    4.289140e+07 2.2588e+07  47.3%  53.6   27s
  2933  1420 3.4468e+07   51   55 4.2891e+07 2.2615e+07  47.3%  54.5   30s
* 3430  1469              52    3.351260e+07 2.2637e+07  32.5%  57.5   32s
H 3441  1480                    3.350710e+07 2.2640e+07  32.4%  57.5   33s
H 3461  1449                    3.343020e+07 2.2640e+07  32.3%  58.0   33s
  3657  1552 3.2845e+07   40   20 3.3430e+07 2.2650e+07  32.2%  58.4   35s
  4485  1962 2.3081e+07   44   72 3.3430e+07 2.2689e+07  32.1%  62.0   40s
  5318  2331 2.2900e+07   38   56 3.3430e+07 2.2721e+07  32.0%  64.3   45s
  6054  2673 2.2891e+07   46   49 3.3430e+07 2.2740e+07  32.0%  65.9   50s
  6933  3037 2.3165e+07   44   73 3.3430e+07 2.2764e+07  31.9%  67.9   55s
  7615  3293 3.2756e+07   39   35 3.3430e+07 2.2783e+07  31.8%  69.4   60s
  8483  3630 2.5040e+07   40   52 3.3430e+07 2.2800e+07  31.8%  70.2   65s
  9228  3910 2.2951e+07   40   45 3.3430e+07 2.2807e+07  31.8%  72.3   70s
  9957  4177     cutoff   40      3.3430e+07 2.2823e+07  31.7%  73.4   75s
 10961  4619 2.3156e+07   44   58 3.3430e+07 2.2838e+07  31.7%  74.7   81s
 11780  4966 2.3962e+07   51   69 3.3430e+07 2.2848e+07  31.7%  75.7   86s
 12360  5200 3.3298e+07   51   41 3.3430e+07 2.2855e+07  31.6%  76.6   90s
 13151  5491 2.3849e+07   48   83 3.3430e+07 2.2866e+07  31.6%  77.2   96s
 13951  5791 3.3242e+07   49   14 3.3430e+07 2.2877e+07  31.6%  78.0  100s
 14564  6043 2.2964e+07   44   68 3.3430e+07 2.2884e+07  31.5%  78.8  113s
 14569  6046 2.3110e+07   41  101 3.3430e+07 2.2884e+07  31.5%  78.7  115s
 14578  6052 2.4979e+07   62   48 3.3430e+07 2.2884e+07  31.5%  78.7  120s
 14598  6070 2.4843e+07   42   65 3.3430e+07 2.2884e+07  31.5%  79.0  126s
 14708  6106 infeasible   70      3.3430e+07 2.2884e+07  31.5%  79.0  130s
 15379  6254 2.5277e+07   52   73 3.3430e+07 2.2884e+07  31.5%  79.0  135s
 16304  6428 2.3433e+07   59   75 3.3430e+07 2.2884e+07  31.5%  79.4  141s
 17019  6564 2.3145e+07   51   52 3.3430e+07 2.2884e+07  31.5%  79.6  146s
 17739  6698 infeasible   79      3.3430e+07 2.2884e+07  31.5%  80.0  150s
 18789  6815 3.3389e+07   52   38 3.3430e+07 2.2884e+07  31.5%  81.1  157s
 19570  6876 2.2884e+07   52   36 3.3430e+07 2.2884e+07  31.5%  81.5  162s
 20266  6973 3.3327e+07   59   63 3.3430e+07 2.2884e+07  31.5%  82.2  167s
 20966  6998 2.2885e+07   61   84 3.3430e+07 2.2884e+07  31.5%  83.1  171s
 21756  6992 2.2956e+07   51   39 3.3430e+07 2.2884e+07  31.5%  83.8  176s
 22562  6997 2.3917e+07   65   72 3.3430e+07 2.2884e+07  31.5%  84.5  182s
 22934  7023 infeasible   63      3.3430e+07 2.2884e+07  31.5%  84.9  185s
 23784  7090 2.3383e+07   49   86 3.3430e+07 2.2884e+07  31.5%  85.4  190s
 24578  7078 infeasible   50      3.3430e+07 2.2885e+07  31.5%  86.0  197s
 25031  7118 2.3132e+07   59   40 3.3430e+07 2.2896e+07  31.5%  86.2  200s
 25749  7153     cutoff   64      3.3430e+07 2.2904e+07  31.5%  87.2  206s
 26089  7136     cutoff   69      3.3430e+07 2.2909e+07  31.5%  87.5  210s
 26895  7206 3.3262e+07   61   36 3.3430e+07 2.2922e+07  31.4%  87.8  216s
 27647  7196     cutoff   60      3.3430e+07 2.2929e+07  31.4%  88.4  222s
 28410  7181     cutoff   55      3.3430e+07 2.2939e+07  31.4%  88.7  227s
 28820  7241 2.3463e+07   54   85 3.3430e+07 2.2944e+07  31.4%  88.8  230s
 29475  7254 3.3353e+07   66   23 3.3430e+07 2.2952e+07  31.3%  89.3  235s
 30047  7253 2.3237e+07   62   51 3.3430e+07 2.2956e+07  31.3%  89.8  240s
 30709  7270 2.3053e+07   54   69 3.3430e+07 2.2964e+07  31.3%  90.3  246s
 31321  7297 2.3942e+07   68   87 3.3430e+07 2.2969e+07  31.3%  90.7  251s
 31909  7305 infeasible   53      3.3430e+07 2.2974e+07  31.3%  91.1  256s
 32436  7301     cutoff   75      3.3430e+07 2.2982e+07  31.3%  91.6  261s
 33016  7374     cutoff   64      3.3430e+07 2.2985e+07  31.2%  92.1  266s
 33575  7552     cutoff   50      3.3430e+07 2.2991e+07  31.2%  92.4  270s
 34110  7711 2.3660e+07   54  113 3.3430e+07 2.2996e+07  31.2%  92.9  276s
 34560  7839 2.3192e+07   57   48 3.3430e+07 2.3001e+07  31.2%  93.3  280s
 35070  7973 3.3158e+07   59   13 3.3430e+07 2.3005e+07  31.2%  93.8  285s
 35937  8246 3.3349e+07   70   48 3.3430e+07 2.3013e+07  31.2%  94.4  292s
 36516  8403     cutoff   56      3.3430e+07 2.3016e+07  31.2%  94.8  297s
 36796  8482 2.3567e+07   55   53 3.3430e+07 2.3019e+07  31.1%  95.0  300s
 37587  8721 2.3724e+07   57   85 3.3430e+07 2.3026e+07  31.1%  95.3  307s
 38086  8879     cutoff   68      3.3430e+07 2.3031e+07  31.1%  95.7  311s
 38607  9032 2.3168e+07   52   69 3.3430e+07 2.3035e+07  31.1%  96.0  316s
 39110  9193 infeasible   54      3.3430e+07 2.3038e+07  31.1%  96.2  320s
 39670  9338 infeasible   49      3.3430e+07 2.3044e+07  31.1%  96.5  325s
 40384  9521     cutoff   66      3.3430e+07 2.3046e+07  31.1%  97.1  331s
 40737  9603     cutoff   57      3.3430e+07 2.3050e+07  31.1%  97.6  335s
 41197  9780     cutoff   67      3.3430e+07 2.3053e+07  31.0%  97.9  340s
*41783  9735              78    3.327370e+07 2.3057e+07  30.7%  98.3  344s
 41915  9783 2.3718e+07   58   88 3.3274e+07 2.3057e+07  30.7%  98.3  347s
 42299  9874     cutoff   65      3.3274e+07 2.3061e+07  30.7%  98.7  351s
 42777  9978 2.4073e+07   59   72 3.3274e+07 2.3065e+07  30.7%  99.1  356s
 43203 10078 infeasible   55      3.3274e+07 2.3068e+07  30.7%  99.4  360s
 43653 10171 2.3837e+07   54   78 3.3274e+07 2.3073e+07  30.7%   100  365s
 44263 10370 2.3511e+07   57   77 3.3274e+07 2.3077e+07  30.6%   100  371s
 44672 10442 infeasible   57      3.3274e+07 2.3081e+07  30.6%   101  375s
 45135 10582 2.3608e+07   53   75 3.3274e+07 2.3084e+07  30.6%   101  380s
 45858 10783 2.3670e+07   59   89 3.3274e+07 2.3090e+07  30.6%   102  386s
 46248 10858 infeasible   61      3.3274e+07 2.3095e+07  30.6%   102  390s
 46922 11026     cutoff   66      3.3274e+07 2.3101e+07  30.6%   102  397s
 47364 11154 2.3851e+07   56   62 3.3274e+07 2.3103e+07  30.6%   103  401s
 47849 11280 2.3240e+07   50   32 3.3274e+07 2.3107e+07  30.6%   103  405s
 48413 11365 3.3127e+07   48   31 3.3274e+07 2.3111e+07  30.5%   104  411s
 48783 11425     cutoff   52      3.3274e+07 2.3113e+07  30.5%   104  416s
 49224 11528     cutoff   58      3.3274e+07 2.3116e+07  30.5%   104  420s
 49829 11667 infeasible   80      3.3274e+07 2.3119e+07  30.5%   105  426s
 50223 11744 2.4373e+07   59  102 3.3274e+07 2.3122e+07  30.5%   105  430s
 50832 11886 2.3430e+07   52   59 3.3274e+07 2.3127e+07  30.5%   105  436s
 51352 11984 2.4067e+07   56   84 3.3274e+07 2.3129e+07  30.5%   106  441s
 51756 12071     cutoff   67      3.3274e+07 2.3132e+07  30.5%   106  445s
 52335 12192     cutoff   54      3.3274e+07 2.3137e+07  30.5%   106  451s
 52670 12259 2.3436e+07   67   54 3.3274e+07 2.3139e+07  30.5%   107  455s
 53297 12387 infeasible   66      3.3274e+07 2.3142e+07  30.4%   107  461s
 53736 12506 2.3460e+07   54   92 3.3274e+07 2.3145e+07  30.4%   107  466s
 54099 12545 infeasible   81      3.3274e+07 2.3147e+07  30.4%   108  470s
 54556 12627 2.3389e+07   68   81 3.3274e+07 2.3149e+07  30.4%   108  475s
 54836 12694     cutoff   62      3.3274e+07 2.3151e+07  30.4%   108  480s
 55427 12807 2.3801e+07   58   98 3.3274e+07 2.3156e+07  30.4%   109  486s
 55840 12885 2.5965e+07   92   86 3.3274e+07 2.3159e+07  30.4%   109  490s
 56421 13035 2.3204e+07   47   67 3.3274e+07 2.3163e+07  30.4%   109  496s
 56869 13147 infeasible   57      3.3274e+07 2.3165e+07  30.4%   109  501s
 57193 13188 2.3576e+07   61   68 3.3274e+07 2.3167e+07  30.4%   110  505s
 57807 13272     cutoff   58      3.3274e+07 2.3171e+07  30.4%   110  511s
 58171 13332 2.6418e+07   67   81 3.3274e+07 2.3173e+07  30.4%   110  515s
 58709 13399 infeasible   62      3.3274e+07 2.3177e+07  30.3%   111  522s
 59157 13472     cutoff   52      3.3274e+07 2.3180e+07  30.3%   111  526s
 59612 13548 2.4230e+07   64   73 3.3274e+07 2.3182e+07  30.3%   111  531s
 59981 13592 2.4702e+07   65   87 3.3274e+07 2.3184e+07  30.3%   111  535s
 60567 13661 infeasible   54      3.3274e+07 2.3189e+07  30.3%   112  541s
 61035 13743     cutoff   52      3.3274e+07 2.3192e+07  30.3%   112  546s
 61498 13841 infeasible   67      3.3274e+07 2.3195e+07  30.3%   112  550s
 62050 13959 2.3664e+07   52   72 3.3274e+07 2.3197e+07  30.3%   113  556s
 62423 14016 2.3888e+07   55   70 3.3274e+07 2.3200e+07  30.3%   113  561s
 62802 14076 infeasible   57      3.3274e+07 2.3202e+07  30.3%   113  565s
 63338 14182 2.3335e+07   71   82 3.3274e+07 2.3205e+07  30.3%   113  570s
 63872 14246 infeasible   61      3.3274e+07 2.3208e+07  30.3%   114  577s
 64226 14292 2.4040e+07   72   68 3.3274e+07 2.3209e+07  30.2%   114  581s
 64650 14331     cutoff   59      3.3274e+07 2.3211e+07  30.2%   114  585s
 65223 14432     cutoff   65      3.3274e+07 2.3215e+07  30.2%   115  592s
 65625 14506 3.0487e+07   71   59 3.3274e+07 2.3216e+07  30.2%   115  597s
 65813 14534 2.3539e+07   59   54 3.3274e+07 2.3217e+07  30.2%   115  600s
 66265 14588 infeasible   56      3.3274e+07 2.3220e+07  30.2%   115  605s
 66851 14694 2.3870e+07   52   51 3.3274e+07 2.3224e+07  30.2%   115  611s
 67186 14760 infeasible   58      3.3274e+07 2.3226e+07  30.2%   116  615s
 67628 14860     cutoff   58      3.3274e+07 2.3228e+07  30.2%   116  620s
 68185 14947 2.3887e+07   57   79 3.3274e+07 2.3230e+07  30.2%   116  626s
 68557 15012     cutoff   73      3.3274e+07 2.3232e+07  30.2%   116  630s
 68956 15097     cutoff   73      3.3274e+07 2.3234e+07  30.2%   116  635s
 69497 15195 2.3445e+07   51   43 3.3274e+07 2.3236e+07  30.2%   117  641s
 69950 15284     cutoff   73      3.3274e+07 2.3238e+07  30.2%   117  645s
 70538 15357 2.3575e+07   60   70 3.3274e+07 2.3241e+07  30.2%   117  651s
 70958 15430 3.3209e+07   73   48 3.3274e+07 2.3243e+07  30.1%   117  656s
 71372 15486 2.4553e+07   60   84 3.3274e+07 2.3245e+07  30.1%   117  660s
 71934 15600 3.0042e+07   76   53 3.3274e+07 2.3247e+07  30.1%   118  666s
 72276 15656 2.4128e+07   62   56 3.3274e+07 2.3249e+07  30.1%   118  671s
 72714 15753 3.3200e+07   55   61 3.3274e+07 2.3250e+07  30.1%   118  675s
 73315 15845 2.4064e+07   62   67 3.3274e+07 2.3253e+07  30.1%   118  681s
 73673 15851 2.4361e+07   58  115 3.3274e+07 2.3256e+07  30.1%   118  685s
 74281 15910     cutoff   74      3.3274e+07 2.3260e+07  30.1%   119  692s
 74654 15970 3.3167e+07   56   19 3.3274e+07 2.3261e+07  30.1%   119  696s
 75012 16009 2.3513e+07   59   86 3.3274e+07 2.3264e+07  30.1%   119  700s
 75567 16071 3.3237e+07   58   37 3.3274e+07 2.3266e+07  30.1%   119  707s
 75985 16149 2.3273e+07   51   50 3.3274e+07 2.3268e+07  30.1%   119  711s
 76414 16234     cutoff   50      3.3274e+07 2.3270e+07  30.1%   120  716s
 76740 16269     cutoff   57      3.3274e+07 2.3271e+07  30.1%   120  720s
 77118 16313 2.3282e+07   55   59 3.3274e+07 2.3273e+07  30.1%   120  725s
 77434 16364 2.3520e+07   52   66 3.3274e+07 2.3275e+07  30.1%   120  730s
 77790 16409 2.3865e+07   58   98 3.3274e+07 2.3276e+07  30.0%   120  735s
 78241 16435     cutoff   65      3.3274e+07 2.3279e+07  30.0%   121  741s
 78582 16460 2.4537e+07   77   63 3.3274e+07 2.3280e+07  30.0%   121  746s
 78909 16518 2.3861e+07   60   46 3.3274e+07 2.3282e+07  30.0%   121  751s
 79325 16581 2.8828e+07   53   44 3.3274e+07 2.3285e+07  30.0%   121  756s
 79656 16612     cutoff   52      3.3274e+07 2.3287e+07  30.0%   122  760s
 79952 16639     cutoff   71      3.3274e+07 2.3288e+07  30.0%   122  765s
 80489 16687 2.3429e+07   58   82 3.3274e+07 2.3292e+07  30.0%   122  772s
 80788 16706 2.3356e+07   51   58 3.3274e+07 2.3294e+07  30.0%   122  777s
 81155 16745 2.3546e+07   49   82 3.3274e+07 2.3296e+07  30.0%   122  781s
 81536 16788 2.4011e+07   66   93 3.3274e+07 2.3297e+07  30.0%   123  786s
 81886 16820 2.4020e+07   61   88 3.3274e+07 2.3300e+07  30.0%   123  791s
 82228 16887 2.3776e+07   68   77 3.3274e+07 2.3300e+07  30.0%   123  795s
 82815 16981 2.3550e+07   60   83 3.3274e+07 2.3303e+07  30.0%   123  801s
 83238 17044 infeasible   57      3.3274e+07 2.3306e+07  30.0%   123  806s
 83750 17108     cutoff   78      3.3274e+07 2.3308e+07  30.0%   124  811s
 84100 17132 2.3527e+07   76  128 3.3274e+07 2.3310e+07  29.9%   124  815s
 84506 17237 2.5504e+07   54   70 3.3274e+07 2.3312e+07  29.9%   124  820s
 85063 17304 infeasible   59      3.3274e+07 2.3314e+07  29.9%   124  826s
 85420 17362 infeasible   55      3.3274e+07 2.3316e+07  29.9%   124  830s
 86000 17415 infeasible   80      3.3274e+07 2.3319e+07  29.9%   124  836s
 86372 17470 2.3609e+07   59   83 3.3274e+07 2.3321e+07  29.9%   125  840s
 86883 17550 2.3907e+07   66   93 3.3274e+07 2.3323e+07  29.9%   125  846s
 87272 17609 2.3340e+07   61   61 3.3274e+07 2.3324e+07  29.9%   125  850s
 87649 17640 2.3769e+07   67   90 3.3274e+07 2.3326e+07  29.9%   125  855s
 88140 17708 2.4836e+07   77  100 3.3274e+07 2.3327e+07  29.9%   125  861s
 88496 17730 2.3748e+07   55   72 3.3274e+07 2.3330e+07  29.9%   125  865s
 89024 17763 2.3814e+07   50   28 3.3274e+07 2.3332e+07  29.9%   126  871s
 89345 17775     cutoff   59      3.3274e+07 2.3334e+07  29.9%   126  875s
 89893 17902     cutoff   80      3.3274e+07 2.3336e+07  29.9%   126  881s
 90226 17925 infeasible   69      3.3274e+07 2.3338e+07  29.9%   126  885s
 90764 17970 2.3629e+07   54   72 3.3274e+07 2.3341e+07  29.9%   126  892s
 91125 18030 infeasible   71      3.3274e+07 2.3342e+07  29.8%   127  895s
 91432 18038 2.3359e+07   57   49 3.3274e+07 2.3344e+07  29.8%   127  900s
 91989 18121 infeasible   69      3.3274e+07 2.3346e+07  29.8%   127  906s
 92375 18128 2.4077e+07   68   66 3.3274e+07 2.3348e+07  29.8%   127  910s
 92884 18203 2.5642e+07   71   79 3.3274e+07 2.3350e+07  29.8%   127  916s
 93246 18268     cutoff   69      3.3274e+07 2.3351e+07  29.8%   127  920s
 93806 18324 infeasible   67      3.3274e+07 2.3354e+07  29.8%   128  926s
 94122 18340 2.3682e+07   58   77 3.3274e+07 2.3356e+07  29.8%   128  930s
 94470 18338 infeasible   53      3.3274e+07 2.3357e+07  29.8%   128  935s
 95030 18381 2.3582e+07   56   56 3.3274e+07 2.3360e+07  29.8%   128  941s
 95327 18394 infeasible   58      3.3274e+07 2.3362e+07  29.8%   128  945s
 95870 18424 infeasible   74      3.3274e+07 2.3364e+07  29.8%   129  951s
 96239 18463 2.3460e+07   62   64 3.3274e+07 2.3366e+07  29.8%   129  956s
 96569 18473 infeasible   57      3.3274e+07 2.3367e+07  29.8%   129  960s
 97086 18519 2.3599e+07   60   98 3.3274e+07 2.3370e+07  29.8%   129  966s
 97444 18535 infeasible   53      3.3274e+07 2.3372e+07  29.8%   129  971s
 97843 18602 2.3474e+07   58   65 3.3274e+07 2.3374e+07  29.8%   129  975s
 98334 18679     cutoff   62      3.3274e+07 2.3377e+07  29.7%   129  981s
 98672 18689 2.3401e+07   61   58 3.3274e+07 2.3378e+07  29.7%   130  986s
 99059 18731 2.3489e+07   60   54 3.3274e+07 2.3379e+07  29.7%   130  990s
 99675 18837 infeasible   71      3.3274e+07 2.3382e+07  29.7%   130  997s
 100019 18874 infeasible   57      3.3274e+07 2.3383e+07  29.7%   130 1001s
 100345 18909 2.4040e+07   69   81 3.3274e+07 2.3385e+07  29.7%   130 1005s
 100897 18976 2.5709e+07   55   64 3.3274e+07 2.3387e+07  29.7%   130 1011s
 101298 19022     cutoff   73      3.3274e+07 2.3389e+07  29.7%   130 1015s
 101668 19029 infeasible   64      3.3274e+07 2.3390e+07  29.7%   130 1020s
 102203 19048 infeasible   60      3.3274e+07 2.3392e+07  29.7%   131 1026s
 102514 19102     cutoff   49      3.3274e+07 2.3394e+07  29.7%   131 1030s
 102995 19164 2.3511e+07   66   93 3.3274e+07 2.3395e+07  29.7%   131 1036s
 103400 19233 2.5023e+07   71  113 3.3274e+07 2.3397e+07  29.7%   131 1041s
 103747 19284     cutoff   59      3.3274e+07 2.3399e+07  29.7%   131 1045s
 104265 19362 2.3931e+07   69   71 3.3274e+07 2.3401e+07  29.7%   131 1051s
 104574 19373 2.3743e+07   76   95 3.3274e+07 2.3403e+07  29.7%   131 1055s
 105092 19410 2.4148e+07   71   50 3.3274e+07 2.3406e+07  29.7%   132 1061s
 105454 19438 2.5481e+07   65  105 3.3274e+07 2.3407e+07  29.7%   132 1066s
 105844 19454 infeasible   59      3.3274e+07 2.3408e+07  29.6%   132 1070s
 106379 19505 infeasible   76      3.3274e+07 2.3412e+07  29.6%   132 1076s
 106694 19521 infeasible   59      3.3274e+07 2.3413e+07  29.6%   132 1080s
 107186 19528     cutoff   69      3.3274e+07 2.3415e+07  29.6%   132 1086s
 107474 19522 infeasible   63      3.3274e+07 2.3417e+07  29.6%   133 1090s
 107842 19577 2.3929e+07   61   36 3.3274e+07 2.3419e+07  29.6%   133 1095s
 108246 19600     cutoff   58      3.3274e+07 2.3420e+07  29.6%   133 1101s
 108572 19615 2.4016e+07   69   75 3.3274e+07 2.3422e+07  29.6%   133 1106s
 108878 19591 2.3644e+07   66   59 3.3274e+07 2.3424e+07  29.6%   133 1110s
 109381 19622 2.5039e+07   75   97 3.3274e+07 2.3426e+07  29.6%   134 1116s
 109756 19655 infeasible   65      3.3274e+07 2.3427e+07  29.6%   134 1121s
 110110 19684 2.4488e+07   72   52 3.3274e+07 2.3429e+07  29.6%   134 1125s
 110644 19721     cutoff   88      3.3274e+07 2.3432e+07  29.6%   134 1131s
 110978 19769 2.4154e+07   65  106 3.3274e+07 2.3433e+07  29.6%   134 1135s
 111460 19780 2.3586e+07   68   44 3.3274e+07 2.3435e+07  29.6%   134 1142s
 111784 19800 2.4058e+07   60   43 3.3274e+07 2.3436e+07  29.6%   134 1146s
 112178 19878     cutoff   57      3.3274e+07 2.3438e+07  29.6%   134 1150s
 112499 19900 2.3702e+07   59   47 3.3274e+07 2.3439e+07  29.6%   135 1155s
 112979 19945 infeasible   66      3.3274e+07 2.3441e+07  29.6%   135 1161s
 113322 19965     cutoff   69      3.3274e+07 2.3442e+07  29.5%   135 1165s
 113600 19965     cutoff   67      3.3274e+07 2.3443e+07  29.5%   135 1170s
 114134 20014     cutoff   56      3.3274e+07 2.3445e+07  29.5%   135 1177s
 114485 20077 2.3506e+07   50   60 3.3274e+07 2.3446e+07  29.5%   135 1181s
 114854 20099 2.4525e+07   68  106 3.3274e+07 2.3448e+07  29.5%   135 1185s
 115305 20116 2.3826e+07   64   81 3.3274e+07 2.3450e+07  29.5%   136 1191s
 115584 20135 infeasible   51      3.3274e+07 2.3451e+07  29.5%   136 1196s
 115902 20143 2.3866e+07   70   65 3.3274e+07 2.3453e+07  29.5%   136 1200s
 116384 20201 2.8031e+07   59   89 3.3274e+07 2.3455e+07  29.5%   136 1206s
 116728 20223 2.5319e+07   59   71 3.3274e+07 2.3456e+07  29.5%   136 1210s
 117102 20278 2.4285e+07   75   58 3.3274e+07 2.3458e+07  29.5%   136 1215s
 117636 20334 2.3593e+07   60   75 3.3274e+07 2.3461e+07  29.5%   136 1221s
 118018 20355 2.3513e+07   57   58 3.3274e+07 2.3462e+07  29.5%   136 1225s
 118406 20370 2.3946e+07   74   58 3.3274e+07 2.3464e+07  29.5%   137 1230s
 118988 20436 2.3976e+07   68   55 3.3274e+07 2.3466e+07  29.5%   137 1237s
 119313 20438 2.3682e+07   61   60 3.3274e+07 2.3468e+07  29.5%   137 1241s
 119658 20448 infeasible   57      3.3274e+07 2.3470e+07  29.5%   137 1245s
 120186 20497     cutoff   68      3.3274e+07 2.3472e+07  29.5%   137 1252s
 120503 20495 2.3652e+07   69   59 3.3274e+07 2.3473e+07  29.5%   137 1256s
 120821 20498 2.3552e+07   70   67 3.3274e+07 2.3475e+07  29.4%   137 1260s
 121350 20540 2.3822e+07   60   62 3.3274e+07 2.3476e+07  29.4%   137 1267s
 121670 20589     cutoff   69      3.3274e+07 2.3478e+07  29.4%   138 1271s
 122016 20593 2.3556e+07   76   99 3.3274e+07 2.3479e+07  29.4%   138 1275s
 122373 20615 2.4319e+07   58  100 3.3274e+07 2.3481e+07  29.4%   138 1280s
 122905 20614     cutoff   75      3.3274e+07 2.3483e+07  29.4%   138 1286s
 123247 20629     cutoff   69      3.3274e+07 2.3485e+07  29.4%   138 1291s
 123589 20605 2.3702e+07   60   76 3.3274e+07 2.3487e+07  29.4%   138 1295s
 123951 20613 infeasible   71      3.3274e+07 2.3488e+07  29.4%   138 1300s
 124456 20606 2.3617e+07   66   54 3.3274e+07 2.3491e+07  29.4%   138 1306s
 124798 20623     cutoff   67      3.3274e+07 2.3493e+07  29.4%   138 1311s
 125163 20660     cutoff   60      3.3274e+07 2.3494e+07  29.4%   139 1315s
 125510 20667 2.3742e+07   60   88 3.3274e+07 2.3495e+07  29.4%   139 1320s
 126008 20657     cutoff   68      3.3274e+07 2.3498e+07  29.4%   139 1326s
 126412 20682     cutoff   77      3.3274e+07 2.3499e+07  29.4%   139 1330s
 126765 20691     cutoff   59      3.3274e+07 2.3501e+07  29.4%   139 1335s
 127267 20693 infeasible   61      3.3274e+07 2.3504e+07  29.4%   139 1341s
 127557 20697 2.3840e+07   64   92 3.3274e+07 2.3506e+07  29.4%   139 1346s
 127915 20721 3.3128e+07   54   39 3.3274e+07 2.3507e+07  29.4%   139 1350s
 128258 20734 2.6116e+07   76   95 3.3274e+07 2.3509e+07  29.3%   139 1355s
 128815 20802 2.3788e+07   73   71 3.3274e+07 2.3512e+07  29.3%   139 1362s
 129216 20836 infeasible   72      3.3274e+07 2.3513e+07  29.3%   140 1366s
 129587 20862 infeasible   72      3.3274e+07 2.3515e+07  29.3%   140 1371s
 129886 20850 2.3644e+07   69   59 3.3274e+07 2.3516e+07  29.3%   140 1375s
 130367 20874 2.4286e+07   60  104 3.3274e+07 2.3518e+07  29.3%   140 1381s
 130671 20870 infeasible   62      3.3274e+07 2.3519e+07  29.3%   140 1386s
 130957 20880 2.4828e+07   74   90 3.3274e+07 2.3521e+07  29.3%   140 1390s
 131435 20887 2.3959e+07   65   98 3.3274e+07 2.3523e+07  29.3%   140 1396s
 131756 20891 2.3708e+07   76   67 3.3274e+07 2.3525e+07  29.3%   141 1401s
 132101 20899 2.5626e+07   53   90 3.3274e+07 2.3526e+07  29.3%   141 1405s
 132648 20941     cutoff   56      3.3274e+07 2.3529e+07  29.3%   141 1412s
 132986 20934 infeasible   57      3.3274e+07 2.3530e+07  29.3%   141 1416s
 133318 20948     cutoff   75      3.3274e+07 2.3532e+07  29.3%   141 1421s
 133629 20941 2.3815e+07   59   81 3.3274e+07 2.3533e+07  29.3%   141 1425s
 134105 20928     cutoff   51      3.3274e+07 2.3535e+07  29.3%   141 1431s
 134285 20952 infeasible   63      3.3274e+07 2.3536e+07  29.3%   141 1435s
 134663 20941     cutoff   72      3.3274e+07 2.3537e+07  29.3%   142 1441s
 135037 20969 infeasible   59      3.3274e+07 2.3539e+07  29.3%   142 1445s
 135416 20977     cutoff   69      3.3274e+07 2.3541e+07  29.3%   142 1450s
 135898 20993 infeasible   64      3.3274e+07 2.3543e+07  29.2%   142 1456s
 136226 20978     cutoff   62      3.3274e+07 2.3546e+07  29.2%   142 1461s
 136582 20991 infeasible   61      3.3274e+07 2.3547e+07  29.2%   142 1465s
 136917 20986     cutoff   70      3.3274e+07 2.3548e+07  29.2%   142 1470s
 137254 20981 infeasible   79      3.3274e+07 2.3550e+07  29.2%   142 1475s
 137766 21051 2.4132e+07   75   57 3.3274e+07 2.3552e+07  29.2%   142 1481s
 138112 21046 2.3949e+07   67   52 3.3274e+07 2.3554e+07  29.2%   142 1486s
 138493 21074 2.4652e+07   70   75 3.3274e+07 2.3555e+07  29.2%   142 1490s
 138875 21067 2.3792e+07   58   54 3.3274e+07 2.3557e+07  29.2%   143 1497s
 139221 21101 2.4788e+07   60   82 3.3274e+07 2.3560e+07  29.2%   143 1501s
 139579 21125     cutoff   63      3.3274e+07 2.3561e+07  29.2%   143 1505s
 139957 21125 2.3689e+07   68   71 3.3274e+07 2.3563e+07  29.2%   143 1510s
 140473 21146 2.3794e+07   59  121 3.3274e+07 2.3565e+07  29.2%   143 1517s
 140811 21157 2.3855e+07   68   94 3.3274e+07 2.3567e+07  29.2%   143 1521s
 141187 21167     cutoff   59      3.3274e+07 2.3569e+07  29.2%   143 1525s
 141704 21161     cutoff   68      3.3274e+07 2.3572e+07  29.2%   143 1531s
 142045 21158 2.3998e+07   63   81 3.3274e+07 2.3573e+07  29.2%   143 1535s
 142593 21180 2.5023e+07   68   91 3.3274e+07 2.3575e+07  29.1%   144 1542s
 142936 21192     cutoff   50      3.3274e+07 2.3577e+07  29.1%   144 1546s
 143287 21235 2.3992e+07   62   97 3.3274e+07 2.3578e+07  29.1%   144 1550s
 143855 21303 2.4109e+07   64   95 3.3274e+07 2.3580e+07  29.1%   144 1557s
 144213 21316     cutoff   70      3.3274e+07 2.3581e+07  29.1%   144 1561s
 144584 21331 2.3981e+07   67   74 3.3274e+07 2.3583e+07  29.1%   144 1565s
 145122 21384 2.4469e+07   82   64 3.3274e+07 2.3585e+07  29.1%   144 1571s
 145489 21419 infeasible   64      3.3274e+07 2.3587e+07  29.1%   144 1576s
 145974 21393 infeasible   58      3.3274e+07 2.3589e+07  29.1%   144 1581s
 146297 21387 2.3684e+07   54   95 3.3274e+07 2.3591e+07  29.1%   144 1586s
 146695 21406 2.3864e+07   64  104 3.3274e+07 2.3592e+07  29.1%   145 1590s
 147241 21451 infeasible   85      3.3274e+07 2.3595e+07  29.1%   145 1596s
 147608 21455     cutoff   76      3.3274e+07 2.3596e+07  29.1%   145 1600s
 148148 21480 2.3788e+07   56   99 3.3274e+07 2.3599e+07  29.1%   145 1607s
 148540 21500     cutoff   75      3.3274e+07 2.3601e+07  29.1%   145 1611s
 148895 21498 infeasible   76      3.3274e+07 2.3602e+07  29.1%   145 1615s
 149303 21431 2.4639e+07   57   82 3.3274e+07 2.3605e+07  29.1%   145 1621s
 149631 21441     cutoff   58      3.3274e+07 2.3607e+07  29.1%   145 1625s
 150120 21431 2.4593e+07   60  109 3.3274e+07 2.3609e+07  29.0%   145 1631s
 150440 21410 2.4041e+07   58  108 3.3274e+07 2.3610e+07  29.0%   145 1635s
 150927 21416     cutoff   73      3.3274e+07 2.3613e+07  29.0%   146 1641s
 151286 21411 infeasible   57      3.3274e+07 2.3615e+07  29.0%   146 1645s
 151829 21407 infeasible   65      3.3274e+07 2.3617e+07  29.0%   146 1651s
 152222 21461 2.3688e+07   63   81 3.3274e+07 2.3618e+07  29.0%   146 1656s
 152591 21479 2.4410e+07   75   82 3.3274e+07 2.3619e+07  29.0%   146 1660s
 153076 21446     cutoff   63      3.3274e+07 2.3621e+07  29.0%   146 1666s
 153418 21419 2.3866e+07   56   70 3.3274e+07 2.3623e+07  29.0%   146 1671s
 153781 21399     cutoff   59      3.3274e+07 2.3625e+07  29.0%   146 1675s
 154287 21369 2.3777e+07   66   68 3.3274e+07 2.3628e+07  29.0%   146 1681s
 154649 21378 2.4412e+07   75   86 3.3274e+07 2.3629e+07  29.0%   147 1686s
 154992 21384 infeasible   66      3.3274e+07 2.3631e+07  29.0%   147 1690s
 155461 21363     cutoff   71      3.3274e+07 2.3633e+07  29.0%   147 1696s
 155787 21374 2.7497e+07   65   85 3.3274e+07 2.3634e+07  29.0%   147 1700s
 156283 21353 2.3779e+07   62   95 3.3274e+07 2.3636e+07  29.0%   147 1706s
 156602 21327 2.3732e+07   61   34 3.3274e+07 2.3638e+07  29.0%   147 1710s
 157120 21329 2.3709e+07   56   49 3.3274e+07 2.3640e+07  29.0%   147 1717s
 157475 21322 infeasible   57      3.3274e+07 2.3642e+07  28.9%   147 1721s
 157845 21346     cutoff   68      3.3274e+07 2.3644e+07  28.9%   147 1725s
 158356 21367 2.4096e+07   58   52 3.3274e+07 2.3646e+07  28.9%   147 1731s
 158727 21382 infeasible   60      3.3274e+07 2.3648e+07  28.9%   147 1735s
 159035 21361 infeasible   71      3.3274e+07 2.3650e+07  28.9%   148 1740s
 159500 21341 2.3729e+07   66   59 3.3274e+07 2.3651e+07  28.9%   148 1746s
 159909 21271 2.4113e+07   77   21 3.3274e+07 2.3654e+07  28.9%   148 1752s
 160252 21275 infeasible   57      3.3274e+07 2.3656e+07  28.9%   148 1756s
 160404 21283     cutoff   67      3.3274e+07 2.3657e+07  28.9%   148 1760s
 160772 21245     cutoff   72      3.3274e+07 2.3659e+07  28.9%   148 1766s
 161101 21248 infeasible   69      3.3274e+07 2.3661e+07  28.9%   148 1770s
 161570 21217 infeasible   59      3.3274e+07 2.3664e+07  28.9%   148 1776s
 161859 21177 2.3756e+07   71   21 3.3274e+07 2.3666e+07  28.9%   148 1780s
 162346 21170 infeasible   57      3.3274e+07 2.3668e+07  28.9%   149 1786s
 162665 21173 infeasible   75      3.3274e+07 2.3670e+07  28.9%   149 1790s
 163187 21149 infeasible   57      3.3274e+07 2.3672e+07  28.9%   149 1796s
 163481 21141 2.4175e+07   71   72 3.3274e+07 2.3673e+07  28.9%   149 1800s
 163843 21164 2.4245e+07   69   81 3.3274e+07 2.3675e+07  28.8%   149 1805s
 164349 21221 2.4353e+07   79  119 3.3274e+07 2.3677e+07  28.8%   149 1811s
 164668 21199 infeasible   69      3.3274e+07 2.3679e+07  28.8%   149 1815s
 165213 21195 2.4144e+07   77  105 3.3274e+07 2.3681e+07  28.8%   149 1821s
 165514 21160     cutoff   62      3.3274e+07 2.3683e+07  28.8%   149 1825s
 165905 21095 infeasible   63      3.3274e+07 2.3686e+07  28.8%   149 1831s
 166220 21078     cutoff   70      3.3274e+07 2.3687e+07  28.8%   150 1835s
 166714 21096 infeasible   73      3.3274e+07 2.3690e+07  28.8%   150 1841s
 167017 21089 2.4188e+07   78   73 3.3274e+07 2.3691e+07  28.8%   150 1845s
 167527 21088 infeasible   58      3.3274e+07 2.3693e+07  28.8%   150 1851s
 167833 21061 infeasible   70      3.3274e+07 2.3695e+07  28.8%   150 1856s
 168182 21057 infeasible   61      3.3274e+07 2.3697e+07  28.8%   150 1860s
 168640 20988 2.3936e+07   66   71 3.3274e+07 2.3699e+07  28.8%   150 1866s
 168997 21014     cutoff   69      3.3274e+07 2.3701e+07  28.8%   150 1870s
 169449 20963 2.4216e+07   59   92 3.3274e+07 2.3703e+07  28.8%   150 1876s
 169774 20933 infeasible   65      3.3274e+07 2.3705e+07  28.8%   151 1881s
 170106 20951     cutoff   65      3.3274e+07 2.3707e+07  28.8%   151 1885s
 170534 20923 infeasible   55      3.3274e+07 2.3709e+07  28.7%   151 1891s
 170878 20937 2.4314e+07   59   78 3.3274e+07 2.3710e+07  28.7%   151 1895s
 171350 20950 infeasible   67      3.3274e+07 2.3712e+07  28.7%   151 1901s
 171662 20941 2.6450e+07   62   75 3.3274e+07 2.3714e+07  28.7%   151 1905s
 172109 20898     cutoff   57      3.3274e+07 2.3716e+07  28.7%   151 1911s
 172467 20908 2.3984e+07   68   80 3.3274e+07 2.3717e+07  28.7%   151 1915s
 172765 20914     cutoff   68      3.3274e+07 2.3719e+07  28.7%   151 1920s
 173218 20872     cutoff   71      3.3274e+07 2.3721e+07  28.7%   152 1926s
 173667 20857 2.5056e+07   59   75 3.3274e+07 2.3724e+07  28.7%   152 1931s
 174060 20882 2.3947e+07   64   80 3.3274e+07 2.3725e+07  28.7%   152 1936s
 174526 20875 2.4181e+07   73   75 3.3274e+07 2.3728e+07  28.7%   152 1942s
 174864 20837 infeasible   71      3.3274e+07 2.3729e+07  28.7%   152 1946s
 175194 20842 infeasible   66      3.3274e+07 2.3731e+07  28.7%   152 1950s
 175713 20853     cutoff   73      3.3274e+07 2.3733e+07  28.7%   152 1956s
 176004 20823 2.3780e+07   61   61 3.3274e+07 2.3736e+07  28.7%   152 1960s
 176488 20782 2.4347e+07   70  105 3.3274e+07 2.3738e+07  28.7%   152 1966s
 176813 20756 2.4074e+07   59   79 3.3274e+07 2.3740e+07  28.7%   152 1970s
 177275 20722 2.3828e+07   62   35 3.3274e+07 2.3742e+07  28.6%   152 1976s
 177631 20744 2.4660e+07   70   60 3.3274e+07 2.3744e+07  28.6%   152 1980s
 178068 20743 2.3845e+07   56   82 3.3274e+07 2.3747e+07  28.6%   153 1986s
 178385 20747 infeasible   62      3.3274e+07 2.3749e+07  28.6%   153 1990s
 178714 20776     cutoff   57      3.3274e+07 2.3750e+07  28.6%   153 1995s
 179162 20718 2.4435e+07   77   91 3.3274e+07 2.3753e+07  28.6%   153 2001s
 179484 20743 infeasible   60      3.3274e+07 2.3755e+07  28.6%   153 2005s
 179824 20756 2.4092e+07   76  105 3.3274e+07 2.3756e+07  28.6%   153 2010s
 180296 20736 infeasible   60      3.3274e+07 2.3758e+07  28.6%   153 2015s
 180625 20729 2.3902e+07   59   76 3.3274e+07 2.3760e+07  28.6%   153 2020s
 181169 20724 infeasible   71      3.3274e+07 2.3763e+07  28.6%   153 2026s
 181461 20709 2.4293e+07   58   49 3.3274e+07 2.3765e+07  28.6%   153 2030s
 181888 20671 2.4140e+07   54   65 3.3274e+07 2.3767e+07  28.6%   153 2035s
 182344 20633 2.6397e+07   66  125 3.3274e+07 2.3770e+07  28.6%   154 2041s
 182683 20626     cutoff   64      3.3274e+07 2.3772e+07  28.6%   154 2046s
 183064 20565 infeasible   65      3.3274e+07 2.3774e+07  28.6%   154 2051s
 183375 20546     cutoff   63      3.3274e+07 2.3775e+07  28.5%   154 2055s
 183730 20472 2.4655e+07   58  125 3.3274e+07 2.3778e+07  28.5%   154 2061s
 184171 20429     cutoff   67      3.3274e+07 2.3781e+07  28.5%   154 2066s
 184373 20372 2.3786e+07   73   58 3.3274e+07 2.3782e+07  28.5%   154 2070s
 184865 20315 infeasible   59      3.3274e+07 2.3785e+07  28.5%   154 2076s
 185150 20277 infeasible   71      3.3274e+07 2.3787e+07  28.5%   154 2080s
 185524 20222 2.3813e+07   72   80 3.3274e+07 2.3789e+07  28.5%   155 2086s
 185898 20231 infeasible   72      3.3274e+07 2.3791e+07  28.5%   155 2090s
 186292 20140 infeasible   74      3.3274e+07 2.3795e+07  28.5%   155 2095s
 186714 20082 2.3804e+07   70   91 3.3274e+07 2.3797e+07  28.5%   155 2101s
 187030 20058 infeasible   68      3.3274e+07 2.3800e+07  28.5%   155 2105s
 187429 20011     cutoff   67      3.3274e+07 2.3802e+07  28.5%   155 2110s
 187839 19970     cutoff   69      3.3274e+07 2.3805e+07  28.5%   155 2115s
 188323 19954 2.4155e+07   69   73 3.3274e+07 2.3807e+07  28.4%   155 2121s
 188681 19953     cutoff   66      3.3274e+07 2.3809e+07  28.4%   155 2125s
 189154 19954 2.4583e+07   73   98 3.3274e+07 2.3812e+07  28.4%   155 2132s
 189488 19940     cutoff   65      3.3274e+07 2.3813e+07  28.4%   156 2136s
 189803 19893 2.4165e+07   64   55 3.3274e+07 2.3815e+07  28.4%   156 2140s
 190297 19876     cutoff   74      3.3274e+07 2.3818e+07  28.4%   156 2146s
 190554 19834 2.3901e+07   79   66 3.3274e+07 2.3819e+07  28.4%   156 2150s
 191095 19817     cutoff   64      3.3274e+07 2.3823e+07  28.4%   156 2156s
 191355 19782 infeasible   63      3.3274e+07 2.3824e+07  28.4%   156 2160s
 191783 19742 infeasible   82      3.3274e+07 2.3827e+07  28.4%   156 2166s
 192105 19690 2.4219e+07   69   73 3.3274e+07 2.3829e+07  28.4%   156 2170s
 192540 19618 infeasible   57      3.3274e+07 2.3832e+07  28.4%   156 2176s
 192848 19602     cutoff   60      3.3274e+07 2.3834e+07  28.4%   156 2180s
 193336 19579 infeasible   64      3.3274e+07 2.3836e+07  28.4%   156 2186s
 193667 19560     cutoff   76      3.3274e+07 2.3838e+07  28.4%   156 2190s
 194107 19485 infeasible   62      3.3274e+07 2.3841e+07  28.4%   157 2196s
 194355 19443 2.3861e+07   67   44 3.3274e+07 2.3843e+07  28.3%   157 2200s
 194771 19393 infeasible   79      3.3274e+07 2.3845e+07  28.3%   157 2205s
 195219 19352 2.3894e+07   66   55 3.3274e+07 2.3848e+07  28.3%   157 2211s
 195545 19351 3.0855e+07   72   61 3.3274e+07 2.3849e+07  28.3%   157 2215s
 196012 19302     cutoff   71      3.3274e+07 2.3852e+07  28.3%   157 2221s
 196283 19270 infeasible   58      3.3274e+07 2.3854e+07  28.3%   157 2226s
 196511 19219 2.4741e+07   58   89 3.3274e+07 2.3855e+07  28.3%   157 2230s
 196946 19180 infeasible   66      3.3274e+07 2.3858e+07  28.3%   157 2236s
 197375 19125 2.3897e+07   53  121 3.3274e+07 2.3861e+07  28.3%   157 2241s
 197658 19114 2.3895e+07   70   94 3.3274e+07 2.3863e+07  28.3%   157 2245s
 198132 19104 infeasible   62      3.3274e+07 2.3865e+07  28.3%   157 2251s
 198469 19088 2.4213e+07   64   80 3.3274e+07 2.3868e+07  28.3%   158 2255s
 198889 19046 infeasible   63      3.3274e+07 2.3870e+07  28.3%   158 2261s
 199168 19023 infeasible   69      3.3274e+07 2.3872e+07  28.3%   158 2265s
 199642 18983 infeasible   63      3.3274e+07 2.3874e+07  28.2%   158 2271s
 200022 18923     cutoff   66      3.3274e+07 2.3877e+07  28.2%   158 2276s
 200330 18899 infeasible   72      3.3274e+07 2.3879e+07  28.2%   158 2280s
 200801 18878 2.3969e+07   74   55 3.3274e+07 2.3881e+07  28.2%   158 2286s
 201118 18859 infeasible   74      3.3274e+07 2.3883e+07  28.2%   158 2290s
 201523 18805     cutoff   72      3.3274e+07 2.3886e+07  28.2%   158 2296s
 201817 18773     cutoff   64      3.3274e+07 2.3887e+07  28.2%   158 2300s
 202213 18724     cutoff   67      3.3274e+07 2.3890e+07  28.2%   159 2306s
 202505 18683 infeasible   72      3.3274e+07 2.3892e+07  28.2%   159 2310s
 202884 18629     cutoff   64      3.3274e+07 2.3894e+07  28.2%   159 2315s
 203292 18589 infeasible   69      3.3274e+07 2.3897e+07  28.2%   159 2322s
 203463 18536 2.4027e+07   64   40 3.3274e+07 2.3898e+07  28.2%   159 2326s
 203917 18516 2.4312e+07   79   75 3.3274e+07 2.3901e+07  28.2%   159 2331s
 204228 18471     cutoff   60      3.3274e+07 2.3903e+07  28.2%   159 2335s
 204657 18428 2.9215e+07   64   84 3.3274e+07 2.3906e+07  28.2%   159 2341s
 204924 18383     cutoff   61      3.3274e+07 2.3908e+07  28.1%   159 2345s
 205378 18356     cutoff   64      3.3274e+07 2.3911e+07  28.1%   159 2351s
 205683 18317 2.4372e+07   64   68 3.3274e+07 2.3913e+07  28.1%   159 2355s
 206177 18302 infeasible   77      3.3274e+07 2.3916e+07  28.1%   160 2361s
 206464 18274 2.4178e+07   65   90 3.3274e+07 2.3918e+07  28.1%   160 2365s
 206885 18216 2.3933e+07   63  103 3.3274e+07 2.3921e+07  28.1%   160 2371s
 207242 18234 2.4846e+07   71   82 3.3274e+07 2.3922e+07  28.1%   160 2375s
 207630 18178 2.4147e+07   67  113 3.3274e+07 2.3924e+07  28.1%   160 2381s
 207894 18141 infeasible   52      3.3274e+07 2.3926e+07  28.1%   160 2385s
 208380 18095 2.4750e+07   69   90 3.3274e+07 2.3929e+07  28.1%   160 2391s
 208605 18035 2.3932e+07   62   61 3.3274e+07 2.3931e+07  28.1%   160 2395s
 209050 17980 2.4363e+07   70   85 3.3274e+07 2.3934e+07  28.1%   160 2400s
 209496 17940     cutoff   69      3.3274e+07 2.3936e+07  28.1%   160 2406s
 209768 17892 infeasible   65      3.3274e+07 2.3938e+07  28.1%   160 2410s
 210220 17848     cutoff   62      3.3274e+07 2.3941e+07  28.0%   160 2416s
 210525 17822 infeasible   57      3.3274e+07 2.3942e+07  28.0%   161 2420s
 210926 17746 2.4167e+07   62   69 3.3274e+07 2.3945e+07  28.0%   161 2426s
 211203 17717     cutoff   62      3.3274e+07 2.3947e+07  28.0%   161 2430s
 211665 17683     cutoff   83      3.3274e+07 2.3950e+07  28.0%   161 2436s
 212023 17686     cutoff   61      3.3274e+07 2.3952e+07  28.0%   161 2440s
 212477 17637 infeasible   62      3.3274e+07 2.3955e+07  28.0%   161 2446s
 212886 17590     cutoff   57      3.3274e+07 2.3959e+07  28.0%   161 2452s
 213178 17547     cutoff   69      3.3274e+07 2.3961e+07  28.0%   161 2455s
 213579 17508     cutoff   76      3.3274e+07 2.3963e+07  28.0%   161 2461s
 213965 17436     cutoff   57      3.3274e+07 2.3966e+07  28.0%   161 2466s
 214213 17390     cutoff   72      3.3274e+07 2.3969e+07  28.0%   161 2470s
 214575 17329 2.4122e+07   64   80 3.3274e+07 2.3972e+07  28.0%   161 2475s
 214975 17282 infeasible   61      3.3274e+07 2.3975e+07  27.9%   162 2481s
 215293 17271 infeasible   72      3.3274e+07 2.3977e+07  27.9%   162 2485s
 215697 17216 infeasible   67      3.3274e+07 2.3981e+07  27.9%   162 2491s
 215987 17172 2.6672e+07   60   79 3.3274e+07 2.3983e+07  27.9%   162 2495s
 216379 17115     cutoff   87      3.3274e+07 2.3985e+07  27.9%   162 2501s
 216789 17045 infeasible   59      3.3274e+07 2.3990e+07  27.9%   162 2506s
 217033 16988 2.4447e+07   65   98 3.3274e+07 2.3992e+07  27.9%   162 2510s
 217435 16927     cutoff   66      3.3274e+07 2.3994e+07  27.9%   162 2515s
 217804 16863 infeasible   74      3.3274e+07 2.3997e+07  27.9%   162 2520s
 218282 16813 infeasible   78      3.3274e+07 2.4001e+07  27.9%   162 2526s
 218564 16784     cutoff   73      3.3274e+07 2.4003e+07  27.9%   162 2530s
 218962 16712 infeasible   76      3.3274e+07 2.4007e+07  27.8%   162 2535s
 219459 16673     cutoff   63      3.3274e+07 2.4010e+07  27.8%   162 2541s
 219825 16600     cutoff   72      3.3274e+07 2.4013e+07  27.8%   163 2546s
 220061 16535 2.4125e+07   72   65 3.3274e+07 2.4015e+07  27.8%   163 2550s
 220500 16463 infeasible   68      3.3274e+07 2.4018e+07  27.8%   163 2555s
 220821 16348     cutoff   82      3.3274e+07 2.4021e+07  27.8%   163 2560s
 221220 16291     cutoff   64      3.3274e+07 2.4024e+07  27.8%   163 2565s
 221609 16190 infeasible   58      3.3274e+07 2.4027e+07  27.8%   163 2570s
 221977 16095 infeasible   60      3.3274e+07 2.4030e+07  27.8%   163 2576s
 222257 16055     cutoff   71      3.3274e+07 2.4031e+07  27.8%   163 2580s
 222639 15981 2.4451e+07   68   84 3.3274e+07 2.4034e+07  27.8%   163 2585s
 222989 15886 2.4923e+07   79   97 3.3274e+07 2.4038e+07  27.8%   163 2590s
 223390 15820     cutoff   76      3.3274e+07 2.4040e+07  27.7%   164 2595s
 223836 15803     cutoff   63      3.3274e+07 2.4043e+07  27.7%   164 2601s
 224075 15747 infeasible   70      3.3274e+07 2.4045e+07  27.7%   164 2605s
 224482 15675 infeasible   64      3.3274e+07 2.4048e+07  27.7%   164 2610s
 224948 15609 infeasible   57      3.3274e+07 2.4051e+07  27.7%   164 2616s
 225268 15584 2.4285e+07   67  110 3.3274e+07 2.4053e+07  27.7%   164 2620s
 225694 15504 infeasible   60      3.3274e+07 2.4057e+07  27.7%   164 2626s
 226006 15463 infeasible   75      3.3274e+07 2.4059e+07  27.7%   164 2630s
 226412 15412 infeasible   66      3.3274e+07 2.4063e+07  27.7%   164 2635s
 226823 15359 infeasible   61      3.3274e+07 2.4066e+07  27.7%   164 2641s
 227067 15303 2.4236e+07   72   78 3.3274e+07 2.4068e+07  27.7%   164 2645s
 227501 15246 infeasible   79      3.3274e+07 2.4071e+07  27.7%   164 2651s
 227772 15195 2.4175e+07   55  114 3.3274e+07 2.4074e+07  27.6%   164 2655s
 228146 15168 infeasible   73      3.3274e+07 2.4076e+07  27.6%   164 2661s
 228411 15124 2.4144e+07   67  109 3.3274e+07 2.4079e+07  27.6%   165 2665s
 228810 15048     cutoff   62      3.3274e+07 2.4082e+07  27.6%   165 2670s
 229166 14993     cutoff   59      3.3274e+07 2.4085e+07  27.6%   165 2675s
 229516 14914 2.4331e+07   62   80 3.3274e+07 2.4089e+07  27.6%   165 2680s
 229991 14860 2.5239e+07   70  109 3.3274e+07 2.4092e+07  27.6%   165 2687s
 230287 14848     cutoff   73      3.3274e+07 2.4094e+07  27.6%   165 2690s
 230718 14771 infeasible   78      3.3274e+07 2.4098e+07  27.6%   165 2696s
 230937 14712 2.4182e+07   67   74 3.3274e+07 2.4100e+07  27.6%   165 2700s
 231372 14641 infeasible   57      3.3274e+07 2.4103e+07  27.6%   165 2705s
 231734 14572 infeasible   64      3.3274e+07 2.4107e+07  27.5%   165 2710s
 232028 14533 2.4303e+07   87  104 3.3274e+07 2.4109e+07  27.5%   165 2715s
 232395 14451 infeasible   62      3.3274e+07 2.4113e+07  27.5%   165 2720s
 232711 14345 infeasible   72      3.3274e+07 2.4116e+07  27.5%   165 2725s
 233072 14284     cutoff   76      3.3274e+07 2.4119e+07  27.5%   166 2730s
 233309 14229     cutoff   63      3.3274e+07 2.4122e+07  27.5%   166 2735s
 233710 14174 infeasible   67      3.3274e+07 2.4125e+07  27.5%   166 2740s
 234096 14102     cutoff   83      3.3274e+07 2.4129e+07  27.5%   166 2746s
 234336 14037 infeasible   79      3.3274e+07 2.4131e+07  27.5%   166 2750s
 234758 13966 infeasible   74      3.3274e+07 2.4135e+07  27.5%   166 2756s
 234998 13917 2.4927e+07   71  106 3.3274e+07 2.4137e+07  27.5%   166 2760s
 235412 13846     cutoff   76      3.3274e+07 2.4141e+07  27.4%   166 2766s
 235639 13784     cutoff   61      3.3274e+07 2.4144e+07  27.4%   166 2770s
 235979 13707     cutoff   71      3.3274e+07 2.4147e+07  27.4%   166 2775s
 236223 13650     cutoff   60      3.3274e+07 2.4150e+07  27.4%   166 2780s
 236566 13561     cutoff   59      3.3274e+07 2.4153e+07  27.4%   166 2785s
 236814 13505 infeasible   76      3.3274e+07 2.4156e+07  27.4%   166 2790s
 237194 13441     cutoff   80      3.3274e+07 2.4159e+07  27.4%   167 2795s
 237568 13385     cutoff   70      3.3274e+07 2.4163e+07  27.4%   167 2801s
 237760 13316 infeasible   62      3.3274e+07 2.4165e+07  27.4%   167 2805s
 238123 13245     cutoff   72      3.3274e+07 2.4169e+07  27.4%   167 2810s
 238495 13179     cutoff   83      3.3274e+07 2.4173e+07  27.4%   167 2816s
 238775 13159 2.4254e+07   76   94 3.3274e+07 2.4175e+07  27.3%   167 2820s
 239218 13035 infeasible   82      3.3274e+07 2.4180e+07  27.3%   167 2826s
 239467 12974     cutoff   79      3.3274e+07 2.4182e+07  27.3%   167 2830s
 239876 12889     cutoff   62      3.3274e+07 2.4186e+07  27.3%   167 2837s
 240172 12829 2.4219e+07   67   89 3.3274e+07 2.4189e+07  27.3%   167 2841s
 240512 12735 infeasible   64      3.3274e+07 2.4193e+07  27.3%   167 2846s
 240800 12694 2.5099e+07   57   39 3.3274e+07 2.4196e+07  27.3%   167 2850s
 241178 12617 infeasible   74      3.3274e+07 2.4200e+07  27.3%   167 2856s
 241518 12552 infeasible   70      3.3274e+07 2.4203e+07  27.3%   168 2861s
 241743 12478     cutoff   63      3.3274e+07 2.4207e+07  27.2%   168 2865s
 242179 12357 2.4557e+07   70   74 3.3274e+07 2.4212e+07  27.2%   168 2871s
 242476 12253 infeasible   60      3.3274e+07 2.4216e+07  27.2%   168 2876s
 242693 12191 infeasible   73      3.3274e+07 2.4219e+07  27.2%   168 2880s
 243099 12099 3.2738e+07   73   20 3.3274e+07 2.4222e+07  27.2%   168 2886s
 243411 11985 2.4227e+07   67   81 3.3274e+07 2.4227e+07  27.2%   168 2892s
 243654 11924 infeasible   61      3.3274e+07 2.4230e+07  27.2%   168 2895s
 243995 11835 2.5505e+07   64   74 3.3274e+07 2.4234e+07  27.2%   168 2900s
 244252 11785 2.4743e+07   60   69 3.3274e+07 2.4237e+07  27.2%   168 2905s
 244606 11711     cutoff   57      3.3274e+07 2.4242e+07  27.1%   168 2910s
 244923 11622 2.4556e+07   73   95 3.3274e+07 2.4246e+07  27.1%   168 2916s
 245170 11572 infeasible   57      3.3274e+07 2.4249e+07  27.1%   168 2920s
 245537 11488 infeasible   63      3.3274e+07 2.4253e+07  27.1%   168 2925s
 245805 11377 2.4689e+07   61  100 3.3274e+07 2.4257e+07  27.1%   169 2930s
 246189 11295 infeasible   71      3.3274e+07 2.4262e+07  27.1%   169 2935s
 246535 11196 infeasible   61      3.3274e+07 2.4267e+07  27.1%   169 2940s
 246814 11084     cutoff   63      3.3274e+07 2.4271e+07  27.1%   169 2945s
 247177 10996 infeasible   58      3.3274e+07 2.4276e+07  27.0%   169 2951s
 247522 10900 2.4793e+07   86  102 3.3274e+07 2.4281e+07  27.0%   169 2956s
 247639 10892     cutoff   72      3.3274e+07 2.4282e+07  27.0%   169 2961s
 247834 10825 2.4302e+07   74   65 3.3274e+07 2.4284e+07  27.0%   169 2965s
 248217 10756 infeasible   54      3.3274e+07 2.4288e+07  27.0%   169 2970s
 248518 10664 2.9765e+07   65  100 3.3274e+07 2.4293e+07  27.0%   169 2975s
 248832 10550     cutoff   67      3.3274e+07 2.4298e+07  27.0%   169 2980s
 249204 10468 infeasible   59      3.3274e+07 2.4303e+07  27.0%   169 2986s
 249533 10368 2.4566e+07   59   81 3.3274e+07 2.4308e+07  26.9%   169 2990s
 249947 10286     cutoff   81      3.3274e+07 2.4313e+07  26.9%   169 2996s
 250261 10200 2.4324e+07   79   84 3.3274e+07 2.4318e+07  26.9%   170 3000s
 250611 10105     cutoff   58      3.3274e+07 2.4323e+07  26.9%   170 3005s
 250947 10026     cutoff   70      3.3274e+07 2.4328e+07  26.9%   170 3011s
 251277  9922 2.5107e+07   56   95 3.3274e+07 2.4334e+07  26.9%   170 3015s
 251648  9826     cutoff   54      3.3274e+07 2.4339e+07  26.9%   170 3020s
 252017  9684 infeasible   65      3.3274e+07 2.4345e+07  26.8%   170 3026s
 252301  9603     cutoff   76      3.3274e+07 2.4351e+07  26.8%   170 3030s
 252622  9499 infeasible   84      3.3274e+07 2.4356e+07  26.8%   170 3035s
 252911  9394 infeasible   70      3.3274e+07 2.4361e+07  26.8%   170 3041s
 253195  9290 infeasible   69      3.3274e+07 2.4367e+07  26.8%   170 3045s
 253502  9196 infeasible   78      3.3274e+07 2.4373e+07  26.8%   170 3050s
 253774  9092 2.5191e+07   65  141 3.3274e+07 2.4379e+07  26.7%   170 3056s
 254141  9002 2.5297e+07   67   91 3.3274e+07 2.4384e+07  26.7%   170 3061s
 254500  8896 infeasible   79      3.3274e+07 2.4390e+07  26.7%   171 3066s
 254801  8784 infeasible   80      3.3274e+07 2.4397e+07  26.7%   171 3071s
 255093  8672 2.6288e+07   63   97 3.3274e+07 2.4403e+07  26.7%   171 3076s
 255391  8565 infeasible   82      3.3274e+07 2.4409e+07  26.6%   171 3081s
 255660  8459 2.4711e+07   81   74 3.3274e+07 2.4415e+07  26.6%   171 3085s
 255872  8335 2.4423e+07   80  117 3.3274e+07 2.4423e+07  26.6%   171 3090s
 256268  8203 2.4515e+07   67  102 3.3274e+07 2.4431e+07  26.6%   171 3095s
 256594  8040 2.4553e+07   60   70 3.3274e+07 2.4439e+07  26.6%   171 3101s
 256920  7924     cutoff   60      3.3274e+07 2.4446e+07  26.5%   171 3106s
 257239  7824 infeasible   75      3.3274e+07 2.4454e+07  26.5%   171 3111s
 257596  7759 2.4535e+07   68   94 3.3274e+07 2.4461e+07  26.5%   171 3115s
 257929  7672 infeasible   68      3.3274e+07 2.4469e+07  26.5%   171 3121s
 258191  7557 2.4875e+07   74  106 3.3274e+07 2.4477e+07  26.4%   172 3125s
 258442  7440 2.5297e+07   87  122 3.3274e+07 2.4487e+07  26.4%   172 3130s
 258808  7304     cutoff   73      3.3274e+07 2.4497e+07  26.4%   172 3135s
 259080  7202 infeasible   76      3.3274e+07 2.4504e+07  26.4%   172 3140s
 259333  7096     cutoff   62      3.3274e+07 2.4512e+07  26.3%   172 3145s
 259714  6958 2.4681e+07   84  118 3.3274e+07 2.4524e+07  26.3%   172 3150s
 260044  6800 infeasible   71      3.3274e+07 2.4536e+07  26.3%   172 3156s
 260313  6687 infeasible   80      3.3274e+07 2.4545e+07  26.2%   172 3161s
 260545  6570 2.4662e+07   75   82 3.3274e+07 2.4556e+07  26.2%   172 3165s
 260792  6449     cutoff   65      3.3274e+07 2.4566e+07  26.2%   172 3170s
 261193  6254 infeasible   76      3.3274e+07 2.4586e+07  26.1%   172 3176s
 261473  6148 2.4744e+07   64  110 3.3274e+07 2.4597e+07  26.1%   172 3180s
 261723  6028     cutoff   71      3.3274e+07 2.4607e+07  26.0%   173 3185s
 262067  5923 infeasible   75      3.3274e+07 2.4619e+07  26.0%   173 3190s
 262340  5812     cutoff   70      3.3274e+07 2.4632e+07  26.0%   173 3195s
 262689  5670     cutoff   75      3.3274e+07 2.4650e+07  25.9%   173 3200s
 263074  5527 infeasible   68      3.3274e+07 2.4672e+07  25.9%   173 3206s
 263281  5452 infeasible   57      3.3274e+07 2.4682e+07  25.8%   173 3210s
 263689  5265     cutoff   75      3.3274e+07 2.4711e+07  25.7%   173 3215s
 263993  5101 2.5042e+07   75   85 3.3274e+07 2.4739e+07  25.7%   173 3220s
 264324  4946     cutoff   72      3.3274e+07 2.4769e+07  25.6%   173 3225s
 264595  4834 infeasible   73      3.3274e+07 2.4794e+07  25.5%   173 3230s
 264925  4683     cutoff   78      3.3274e+07 2.4831e+07  25.4%   173 3235s
 265268  4527     cutoff   75      3.3274e+07 2.4875e+07  25.2%   173 3240s
 265564  4371 infeasible   69      3.3274e+07 2.4923e+07  25.1%   173 3245s
 265891  4248 2.4996e+07   70   93 3.3274e+07 2.4988e+07  24.9%   173 3250s
 266293  4121 3.3116e+07   61   60 3.3274e+07 2.5090e+07  24.6%   173 3256s
 266791  4021     cutoff   62      3.3274e+07 2.5237e+07  24.2%   173 3261s
 267180  3935     cutoff   74      3.3274e+07 2.5385e+07  23.7%   173 3265s
 267624  3910     cutoff   91      3.3274e+07 2.5635e+07  23.0%   173 3270s
 268273  3816 2.6325e+07   54   56 3.3274e+07 2.6325e+07  20.9%   173 3276s
 268977  3832     cutoff   68      3.3274e+07 2.6802e+07  19.5%   173 3280s
 269524  3732 2.7804e+07   55   60 3.3274e+07 2.7804e+07  16.4%   173 3286s
 270212  3827 3.3132e+07   52    9 3.3274e+07 2.8121e+07  15.5%   173 3290s
 271023  3670     cutoff   81      3.3274e+07 2.9205e+07  12.2%   172 3295s
 271731  3598 3.2966e+07   62   20 3.3274e+07 3.1182e+07  6.29%   172 3300s
 272505  3585     cutoff   77      3.3274e+07 3.2349e+07  2.78%   172 3305s
 273043  3482 3.3139e+07   65   28 3.3274e+07 3.2349e+07  2.78%   172 3310s
 273689  3331     cutoff   70      3.3274e+07 3.2396e+07  2.64%   172 3316s
 274303  3392 3.2688e+07   46   75 3.3274e+07 3.2485e+07  2.37%   171 3320s
 275027  3472 3.2945e+07   52   65 3.3274e+07 3.2543e+07  2.19%   171 3326s
 275825  3586     cutoff   51      3.3274e+07 3.2638e+07  1.91%   171 3332s
 276516  3664 infeasible   52      3.3274e+07 3.2682e+07  1.78%   171 3337s
 277223  3803 3.2884e+07   53   21 3.3274e+07 3.2705e+07  1.71%   171 3341s
 277952  3868 3.2827e+07   52   11 3.3274e+07 3.2742e+07  1.60%   170 3346s
 278501  3922     cutoff   63      3.3274e+07 3.2763e+07  1.54%   170 3350s
 279206  3970     cutoff   67      3.3274e+07 3.2789e+07  1.46%   170 3356s
 280004  4021 infeasible   62      3.3274e+07 3.2806e+07  1.41%   170 3361s
 280615  3993     cutoff   64      3.3274e+07 3.2822e+07  1.36%   170 3365s
 281309  4006 3.3016e+07   51   25 3.3274e+07 3.2838e+07  1.31%   170 3371s
 281941  4002 3.3011e+07   52   51 3.3274e+07 3.2854e+07  1.26%   169 3375s
 282648  3928     cutoff   53      3.3274e+07 3.2870e+07  1.21%   169 3380s
 283203  3918 3.3182e+07   52   46 3.3274e+07 3.2882e+07  1.18%   169 3385s
 283896  3847     cutoff   64      3.3274e+07 3.2896e+07  1.14%   169 3390s
 284707  3801 3.2919e+07   44   64 3.3274e+07 3.2910e+07  1.09%   169 3395s
 285449  3743 3.2936e+07   69   17 3.3274e+07 3.2924e+07  1.05%   168 3401s
 286031  3695     cutoff   53      3.3274e+07 3.2934e+07  1.02%   168 3405s
 286849  3598     cutoff   51      3.3274e+07 3.2948e+07  0.98%   168 3410s
 287490  3511     cutoff   60      3.3274e+07 3.2960e+07  0.94%   168 3415s
 288217  3460 3.2969e+07   50   18 3.3274e+07 3.2969e+07  0.91%   168 3420s
 288984  3416 3.2981e+07   60   55 3.3274e+07 3.2980e+07  0.88%   168 3426s
 289584  3411     cutoff   52      3.3274e+07 3.2988e+07  0.86%   167 3430s
 290229  3333 infeasible   65      3.3274e+07 3.2998e+07  0.83%   167 3435s
 291106  3179 3.3102e+07   76   63 3.3274e+07 3.3011e+07  0.79%   167 3441s
 291729  3051     cutoff   53      3.3274e+07 3.3021e+07  0.76%   167 3445s
 292433  2914 3.3031e+07   50   58 3.3274e+07 3.3031e+07  0.73%   167 3450s
 293139  2760     cutoff   69      3.3274e+07 3.3042e+07  0.70%   167 3456s
 293780  2593 3.3095e+07   51   38 3.3274e+07 3.3051e+07  0.67%   166 3460s
 294546  2329     cutoff   78      3.3274e+07 3.3066e+07  0.62%   166 3465s
 295239  2132     cutoff   52      3.3274e+07 3.3079e+07  0.58%   166 3470s
 295978  1866 infeasible   68      3.3274e+07 3.3095e+07  0.54%   166 3475s
 296693  1665     cutoff   49      3.3274e+07 3.3110e+07  0.49%   166 3480s
 297419  1351     cutoff   65      3.3274e+07 3.3126e+07  0.44%   166 3485s
 298083  1034     cutoff   80      3.3274e+07 3.3148e+07  0.38%   165 3490s
 298924   537 3.3228e+07   63   12 3.3274e+07 3.3188e+07  0.26%   165 3495s

Cutting planes:
  Gomory: 14
  Cover: 816
  Implied bound: 745
  Clique: 21
  MIR: 271
  Flow cover: 291
  GUB cover: 12
  Zero half: 70

Explored 299623 nodes (49482696 simplex iterations) in 3498.45 seconds
Thread count was 2 (of 4 available processors)

Optimal solution found (tolerance 1.00e-04)
Best objective 3.327370000000e+07, best bound 3.327370000000e+07, gap 0.0%
k_c1	100000.0
k_c10	100000.0
k_c11	100000.0
k_c12	70000.0
k_c2	30000.0
k_c3	40000.0
k_c4	60000.0
k_c5	30000.0
k_c6	10000.0
k_c7	30000.0
k_c8	70000.0
k_c9	10000.0
k_dN	0.0
kDash_c1	70000.0
kDash_c10	70000.0
kDash_c11	80000.0
kDash_c12	30000.0
kDash_c2	0.0
kDash_c3	10000.0
kDash_c4	40000.0
kDash_c5	10000.0
kDash_c6	60000.0
kDash_c7	0.0
kDash_c8	40000.0
kDash_c9	60000.0
o_1	0.0
o_10	0.0
o_11	0.0
o_12	0.0
o_2	0.0
o_3	0.0
o_4	0.0
o_5	0.0
o_6	1.0
o_7	0.0
o_8	0.0
o_9	1.0
p_1	0.0
p_10	0.0
p_11	1.0
p_12	0.0
p_2	0.0
p_3	0.0
p_4	0.0
p_5	0.0
p_6	1.0
p_7	0.0
p_8	0.0
p_9	1.0
phi_c1	247289.0
phi_c10	252889.0
phi_c11	258501.0
phi_c12	50650.0
phi_c2	5098.0
phi_c3	64866.0
phi_c4	38574.0
phi_c5	30794.0
phi_c6	51071.0
phi_c7	13393.0
phi_c8	244192.0
phi_c9	17876.0
phi_d0	260000.0
phi_dN	0.0
pi_c1	500000.0
pi_c10	500000.0
pi_c11	500000.0
pi_c12	500000.0
pi_c2	500000.0
pi_c3	500000.0
pi_c4	500000.0
pi_c5	500000.0
pi_c6	480000.0
pi_c7	500000.0
pi_c8	500000.0
pi_c9	390000.0
pi_dN	0.0
tauD_c1	251900.0
tauD_c10	26575.0
tauD_c11	100000.0
tauD_c12	334875.0
tauD_c2	850000.0
tauD_c3	324075.0
tauD_c4	650000.0
tauD_c5	479075.0
tauD_c6	420000.0
tauD_c7	800000.0
tauD_c8	159075.0
tauD_c9	620000.0
tauD_d0	0.0
tauD_dN	1000000.0
tauS_c1	883600.0
tauS_c10	25100.0
tauS_c11	130000.0
tauS_c12	96875.0
tauS_c2	900950.0
tauS_c3	829850.0
tauS_c4	84025.0
tauS_c5	848850.0
tauS_c6	258100.0
tauS_c7	869950.0
tauS_c8	53800.0
tauS_c9	532600.0
tauS_d0	0.0
tauS_dN	745900.0
x_c10_c8	1.0
x_c11_c1	1.0
x_c12_c5	1.0
x_c1_c12	1.0
x_c2_dN	1.0
x_c3_c6	1.0
x_c4_c7	1.0
x_c5_c9	1.0
x_c6_c4	1.0
x_c7_dN	1.0
x_c8_c3	1.0
x_c9_c2	1.0
x_d0_c10	1.0
x_d0_c11	1.0
z_c11_c6	1.0
z_c6_c9	1.0
z_c9_dN	1.0
z_d0_c11	1.0
