
Gurobi 6.0.4 (win64) logging started 06/14/15 00:20:00

Warning: unknown variable 'kDash_dN' in bounds section
Read LP format model from file C:\MT\repository\VRPTWMS\instances\mip\freight\N12-C_DV10-C_SV50_F26_10_No_1.lp
Reading time = 0.02 seconds
(null): 721 rows, 418 columns, 3207 nonzeros
Optimize a model with 721 rows, 418 columns and 3207 nonzeros
Model has 2028 quadratic constraints
WARNING: Only barrier available for SOCP models
Coefficient statistics:
  Matrix range    [1e+00, 1e+02]
  Objective range [1e+00, 1e+03]
  Bounds range    [1e+00, 1e+02]
  RHS range       [1e+00, 1e+02]
Presolve removed 124 rows and 56 columns
Presolve time: 0.11s
Presolved: 4233 rows, 2252 columns, 20866 nonzeros
Variable types: 1746 continuous, 506 integer (430 binary)
Found heuristic solution: objective 12443.940000
Optimize a model with 4233 rows, 2252 columns and 20866 nonzeros
Coefficient statistics:
  Matrix range    [4e-01, 1e+02]
  Objective range [1e+00, 1e+03]
  Bounds range    [1e+00, 1e+02]
  RHS range       [1e+00, 1e+02]

Concurrent LP optimizer: dual simplex and barrier
Showing barrier log only...

Presolve removed 174 rows and 85 columns
Presolved: 4059 rows, 2167 columns, 19985 nonzeros

Root barrier log...

Ordering time: 0.00s

Barrier performed 0 iterations in 0.16 seconds
Barrier solve interrupted - model solved by another algorithm


Solved with dual simplex
Solved in 305 iterations and 0.16 seconds
Optimal objective  8.012831052e+02

Root relaxation: objective 8.012831e+02, 305 iterations, 0.03 seconds

    Nodes    |    Current Node    |     Objective Bounds      |     Work
 Expl Unexpl |  Obj  Depth IntInf | Incumbent    BestBd   Gap | It/Node Time

     0     0  801.28311    0   87 12443.9400  801.28311  93.6%     -    0s
H    0     0                    10394.030000  801.28311  92.3%     -    0s
     0     0 1183.89577    0   79 10394.0300 1183.89577  88.6%     -    0s
H    0     0                    9349.9000000 1183.89577  87.3%     -    0s
     0     0 1188.71980    0  108 9349.90000 1188.71980  87.3%     -    0s
H    0     0                    8367.3400000 1188.71980  85.8%     -    0s
     0     0 1189.64375    0   76 8367.34000 1189.64375  85.8%     -    0s
H    0     0                    7365.7900000 1189.64375  83.8%     -    0s
     0     0 1189.64375    0   75 7365.79000 1189.64375  83.8%     -    0s
     0     0 1189.64375    0   77 7365.79000 1189.64375  83.8%     -    0s
     0     0 1189.64375    0   66 7365.79000 1189.64375  83.8%     -    0s
H    0     0                    7340.0100000 1189.64375  83.8%     -    0s
H    0     0                    7334.2400000 1189.64375  83.8%     -    0s
     0     0 1189.64375    0   72 7334.24000 1189.64375  83.8%     -    0s
     0     0 1189.64375    0   72 7334.24000 1189.64375  83.8%     -    0s
H    0     0                    6279.0500000 1189.64375  81.1%     -    0s
     0     0 1189.64375    0   68 6279.05000 1189.64375  81.1%     -    0s
     0     0 1189.64375    0   76 6279.05000 1189.64375  81.1%     -    0s
     0     0 1189.64375    0   72 6279.05000 1189.64375  81.1%     -    0s
     0     2 1189.64375    0   72 6279.05000 1189.64375  81.1%     -    0s
H  127   104                    5278.9800000 1220.59426  76.9%  62.5    1s
   750   496 2239.13060    7  169 5278.98000 1588.40942  69.9%  69.1    5s
  1304   703 4336.72291   69   72 5278.98000 2226.23690  57.8%  82.3   10s
* 1565   777              53    5278.4900000 2244.25707  57.5%  81.8   11s
H 1717   803                    5277.7000000 2247.44019  57.4%  82.3   12s
* 1749   754              41    4313.1900000 2247.44019  47.9%  82.6   12s
H 1771   726                    4312.0400000 2248.08487  47.9%  82.5   12s
  2249   912 3280.80492   33  106 4312.04000 2257.34561  47.7%  86.2   15s
H 2316   938                    4310.5300000 2258.05541  47.6%  86.1   15s
H 2367   962                    4305.5300000 2258.33666  47.5%  86.2   15s
H 2468  1031                    4301.1800000 2259.56784  47.5%  86.2   16s
  2846  1206     cutoff   34      4301.18000 2264.46098  47.4%  90.6   20s
  3467  1462     cutoff   35      4301.18000 2269.71155  47.2%  95.9   25s
  4142  1735     cutoff   39      4301.18000 2272.86075  47.2%   100   30s
  4943  2090 3296.43983   27   86 4301.18000 2275.63746  47.1%   101   35s
  5565  2311 infeasible   60      4301.18000 2278.04040  47.0%   104   40s
  6365  2681 infeasible   37      4301.18000 2279.94976  47.0%   105   45s
  7076  2953 2308.31189   41   84 4301.18000 2282.86194  46.9%   107   50s
  7731  3134 3273.59783   42   61 4301.18000 2284.58984  46.9%   111   55s
  8405  3392 infeasible   52      4301.18000 2286.24789  46.8%   113   60s
  9088  3634 3299.17768   31   71 4301.18000 2289.08011  46.8%   113   65s
  9834  3912 3945.31070   50   98 4301.18000 2290.89485  46.7%   114   70s
 10710  4176 3362.21276   40   33 4301.18000 2294.43272  46.7%   116   76s
 11540  4393 infeasible   37      4301.18000 2297.12331  46.6%   117   81s
 12510  4727 3323.60126   43   70 4301.18000 2299.80504  46.5%   116   86s
 13305  4963     cutoff   39      4301.18000 2301.52793  46.5%   118   90s
 14117  5229 infeasible   32      4301.18000 2303.38074  46.4%   118   95s
 14497  5333 3302.70665   25   72 4301.18000 2304.75640  46.4%   119  105s
 14508  5340 2465.54811   31   73 4301.18000 2304.75640  46.4%   119  110s
 14518  5347 2333.21276   39  152 4301.18000 2304.75640  46.4%   119  115s
 14528  5354 2465.54811   31  149 4301.18000 2304.75640  46.4%   119  120s
 14538  5360 2333.21276   39  169 4301.18000 2304.75640  46.4%   118  125s
 14548  5367 2465.54811   31  157 4301.18000 2304.75640  46.4%   118  130s
 14557  5373 3302.70665   25  159 4301.18000 2304.75640  46.4%   118  135s
 14566  5379 3324.21714   37  137 4301.18000 2304.75640  46.4%   118  140s
 14575  5385 3299.22985   32  169 4301.18000 2304.75640  46.4%   118  145s
 14584  5391 3292.02300   37  156 4301.18000 2304.75640  46.4%   118  150s
 14593  5397 3337.58684   34  144 4301.18000 2304.75640  46.4%   118  155s
 14604  5406 2422.61404   25  101 4301.18000 2304.75640  46.4%   120  160s
 14668  5430 2369.71717   42   76 4301.18000 2304.75640  46.4%   120  165s
 15129  5545 infeasible   41      4301.18000 2304.75640  46.4%   119  171s
 15596  5659 2308.70643   29  148 4301.18000 2304.75640  46.4%   119  176s
 16268  5821 3240.96813   53   55 4301.18000 2304.75640  46.4%   118  181s
 16836  5954 2344.45338   31  122 4301.18000 2304.75640  46.4%   118  185s
 17307  6023 3282.57810   28   72 4301.18000 2304.75640  46.4%   118  190s
 17806  6136 3384.86498   56   75 4301.18000 2304.75640  46.4%   119  196s
 18313  6130 2358.31628   39  141 4301.18000 2304.75640  46.4%   120  201s
 18912  6168     cutoff   46      4301.18000 2304.75640  46.4%   120  206s
 19554  6255 3283.53216   49   83 4301.18000 2304.75640  46.4%   120  212s
 20058  6263     cutoff   57      4301.18000 2304.75640  46.4%   121  217s
 20435  6319 2315.84317   41  102 4301.18000 2304.75640  46.4%   121  221s
 21077  6323 3286.07191   46   57 4301.18000 2304.75640  46.4%   122  226s
 21621  6313 4283.47625   56   25 4301.18000 2304.75640  46.4%   123  232s
 21998  6347 3316.71867   50  103 4301.18000 2304.75640  46.4%   123  235s
 22691  6358 2313.00532   46   83 4301.18000 2304.75640  46.4%   124  242s
 23107  6396 infeasible   57      4301.18000 2304.75640  46.4%   124  245s
 23660  6382 3348.24840   56   54 4301.18000 2306.10841  46.4%   125  252s
 23931  6402 4279.56413   69   45 4301.18000 2307.10833  46.4%   126  255s
 24580  6407 4300.48667   54   41 4301.18000 2309.00099  46.3%   127  262s
 24954  6395 infeasible   60      4301.18000 2309.90011  46.3%   127  266s
 25674  6381 2502.94756   61  138 4301.18000 2312.65001  46.2%   128  272s
 26019  6359     cutoff   48      4301.18000 2313.73119  46.2%   128  276s
 26781  6370     cutoff   59      4301.18000 2315.62734  46.2%   129  283s
 27106  6353 2522.20930   63   85 4301.18000 2316.65838  46.1%   129  286s
 27712  6287     cutoff   47      4301.18000 2318.13829  46.1%   130  293s
 28021  6242 3316.66916   49   84 4301.18000 2319.12463  46.1%   130  296s
 28570  6148 infeasible   52      4301.18000 2321.24179  46.0%   131  302s
H28572  5872                    4298.6300000 2321.24179  46.0%   131  302s
 28931  5863     cutoff   53      4298.63000 2322.11623  46.0%   131  305s
H29055  5517                    4283.0700000 2322.96500  45.8%   132  305s
 29482  5559 infeasible   41      4283.07000 2323.38899  45.8%   132  311s
 30145  5702 3500.48310   62   95 4283.07000 2326.27641  45.7%   133  317s
 30342  5745 3283.87262   46   85 4283.07000 2326.95135  45.7%   133  320s
 30976  5874 infeasible   64      4283.07000 2328.74957  45.6%   133  326s
 31571  5986     cutoff   69      4283.07000 2330.80991  45.6%   134  332s
 31803  6014     cutoff   55      4283.07000 2331.27473  45.6%   134  335s
 32309  6119 2868.51224   49  103 4283.07000 2332.92329  45.5%   135  341s
 32794  6193 3301.61274   54   55 4283.07000 2334.51438  45.5%   135  347s
 33342  6266 2370.37847   46   73 4283.07000 2335.85914  45.5%   136  352s
 33642  6339 2549.01222   57   89 4283.07000 2337.02543  45.4%   136  355s
 34078  6428 2772.20484   59   82 4283.07000 2337.60632  45.4%   137  361s
 34561  6501     cutoff   59      4283.07000 2338.91744  45.4%   137  366s
 35067  6614     cutoff   55      4283.07000 2340.14512  45.4%   138  372s
 35297  6624 infeasible   56      4283.07000 2341.36898  45.3%   138  375s
 35855  6710 infeasible   64      4283.07000 2342.67355  45.3%   138  381s
H35961  6702                    4272.1200000 2342.67355  45.2%   138  381s
 36424  6758 infeasible   62      4272.12000 2344.44589  45.1%   139  386s
 36894  6817 3290.28013   59   91 4272.12000 2346.22804  45.1%   139  392s
 37140  6860 infeasible   63      4272.12000 2347.19382  45.1%   139  395s
 37876  6932 infeasible   60      4272.12000 2350.45570  45.0%   140  402s
 38434  7034 infeasible   66      4272.12000 2352.87593  44.9%   140  407s
 38914  7079 infeasible   71      4272.12000 2354.18598  44.9%   141  412s
 39461  7171 infeasible   67      4272.12000 2356.00169  44.9%   141  416s
 39947  7203 2580.69864   63  100 4272.12000 2357.85848  44.8%   142  421s
 40409  7228 3329.51597   43  114 4272.12000 2359.39017  44.8%   143  426s
 40869  7285 infeasible   51      4272.12000 2361.35603  44.7%   143  431s
 41432  7365 infeasible   51      4272.12000 2363.33391  44.7%   143  436s
 41914  7389 infeasible   46      4272.12000 2365.33085  44.6%   144  441s
 42386  7414 infeasible   49      4272.12000 2367.36417  44.6%   144  446s
 42847  7447 3338.61488   60   41 4272.12000 2369.80640  44.5%   145  451s
 43281  7431 infeasible   60      4272.12000 2372.25661  44.5%   145  455s
 43741  7448     cutoff   52      4272.12000 2373.76230  44.4%   146  460s
 44223  7495     cutoff   61      4272.12000 2376.15665  44.4%   146  465s
 44900  7535 3382.74819   62   72 4272.12000 2379.63074  44.3%   147  472s
 45310  7589     cutoff   72      4272.12000 2380.68108  44.3%   148  476s
 45824  7646 2474.12398   59  114 4272.12000 2383.00667  44.2%   148  481s
 46273  7686 infeasible   63      4272.12000 2385.73760  44.2%   148  486s
 46686  7718 3375.94074   61   88 4272.12000 2389.92238  44.1%   149  490s
 47124  7739 infeasible   52      4272.12000 2393.28226  44.0%   149  495s
 47791  7786 infeasible   55      4272.12000 2396.49190  43.9%   150  501s
 48196  7775 2657.45549   57  129 4272.12000 2400.13646  43.8%   150  506s
 48653  7806 infeasible   65      4272.12000 2404.33133  43.7%   151  512s
 48973  7850     cutoff   57      4272.12000 2406.14836  43.7%   151  517s
 49474  7908 infeasible   56      4272.12000 2409.39796  43.6%   151  521s
 49959  7961 2589.66884   62   95 4272.12000 2413.60671  43.5%   151  526s
 50456  7967 2761.68261   58  128 4272.12000 2416.45578  43.4%   152  531s
 50996  7986 infeasible   76      4272.12000 2420.56819  43.3%   152  536s
 51438  8013 3329.58247   57   75 4272.12000 2424.73053  43.2%   152  540s
 51907  8036 3329.95509   51   75 4272.12000 2428.13641  43.2%   152  545s
 52414  8069 infeasible   58      4272.12000 2433.45372  43.0%   152  550s
 52859  8094 infeasible   67      4272.12000 2437.31603  42.9%   153  555s
 53611  8134 3325.40313   55   81 4272.12000 2446.61375  42.7%   153  561s
 54140  8165 infeasible   68      4272.12000 2452.18388  42.6%   153  566s
 54644  8183     cutoff   47      4272.12000 2459.75670  42.4%   154  570s
 55083  8191 infeasible   54      4272.12000 2468.46969  42.2%   154  575s
 55889  8219 3362.45405   69   77 4272.12000 2480.63324  41.9%   154  582s
 56419  8259 2963.09655   62  128 4272.12000 2486.51636  41.8%   154  586s
 56895  8252     cutoff   51      4272.12000 2495.21766  41.6%   154  591s
 57361  8279 infeasible   57      4272.12000 2503.94858  41.4%   155  596s
 57896  8310 infeasible   51      4272.12000 2515.47589  41.1%   155  601s
 58379  8318     cutoff   46      4272.12000 2526.89362  40.9%   155  605s
 58879  8364 3364.55675   57  110 4272.12000 2540.47097  40.5%   155  610s
 59716  8399 2648.74309   45   95 4272.12000 2560.77778  40.1%   155  616s
 60309  8449 2626.43050   58   83 4272.12000 2579.60530  39.6%   155  621s
 60839  8492 3293.27586   41   86 4272.12000 2595.01978  39.3%   155  625s
 61356  8508 2615.96062   58  108 4272.12000 2610.84536  38.9%   155  630s
 62083  8485 infeasible   56      4272.12000 2626.26053  38.5%   155  636s
 62577  8481 infeasible   44      4272.12000 2647.87080  38.0%   155  641s
 63056  8499 3348.46549   62  122 4272.12000 2666.06053  37.6%   156  645s
 63713  8454     cutoff   70      4272.12000 2697.56571  36.9%   156  651s
 64139  8397 3629.15547   63   82 4272.12000 2724.25255  36.2%   156  656s
 64584  8374     cutoff   61      4272.12000 2734.81291  36.0%   156  660s
 65322  8370 infeasible   53      4272.12000 2788.78511  34.7%   156  666s
 66003  8350 3332.11375   46   70 4272.12000 2886.53429  32.4%   156  672s
 66535  8351     cutoff   59      4272.12000 2969.34322  30.5%   156  675s
 67062  8411 3251.74473   63   95 4272.12000 3071.47531  28.1%   156  680s
 67962  8631 3335.81632   48   93 4272.12000 3191.03389  25.3%   156  686s
 68368  8607 3318.52999   50   67 4272.12000 3191.03389  25.3%   156  690s
 69155  8714 3329.05709   51   85 4272.12000 3211.49018  24.8%   156  696s
 69589  8698     cutoff   57      4272.12000 3211.49018  24.8%   156  701s
 70303  8929 infeasible   51      4272.12000 3214.28966  24.8%   155  706s
 71315  9356 3903.27570   51   95 4272.12000 3220.87000  24.6%   155  710s
 72298  9784 3240.56906   52   91 4272.12000 3224.98949  24.5%   154  716s
 73408 10264 3274.36745   57   75 4272.12000 3228.40750  24.4%   153  722s
 74433 10711 3232.43980   33   65 4272.12000 3230.48156  24.4%   152  727s
 74970 10957 3306.27572   58   80 4272.12000 3232.03591  24.3%   152  730s
 75976 11312 infeasible   58      4272.12000 3234.09071  24.3%   151  736s
 76771 11575 3253.24271   44   51 4272.12000 3235.12567  24.3%   151  742s
 77259 11792 3313.56549   63   61 4272.12000 3235.95667  24.3%   150  745s
 77926 11955 3324.90023   50   73 4272.12000 3236.54270  24.2%   150  750s
 78266 11937     cutoff   51      4272.12000 3236.54270  24.2%   150  755s
 78987 12163 3266.39296   53   63 4272.12000 3237.34978  24.2%   150  760s
 79893 12508 infeasible   53      4272.12000 3238.47512  24.2%   149  765s
 80695 12788     cutoff   57      4272.12000 3239.55655  24.2%   149  770s
 81470 13060     cutoff   77      4272.12000 3240.72267  24.1%   149  775s
 82228 13316     cutoff   54      4272.12000 3241.15353  24.1%   149  780s
 82958 13526 3315.10447   70   59 4272.12000 3242.07961  24.1%   148  785s
 83627 13717 3325.92905   48   69 4272.12000 3243.05537  24.1%   148  791s
 84404 14024 3265.02093   44   74 4272.12000 3243.56083  24.1%   148  796s
 85132 14248 3271.03684   40   44 4272.12000 3244.17233  24.1%   148  801s
 85871 14552 3323.32764   64   68 4272.12000 3244.60776  24.1%   147  806s
 86645 14812 3272.24764   62   60 4272.12000 3245.10384  24.0%   147  811s
 87412 15120 3264.81000   73   19 4272.12000 3245.56773  24.0%   147  816s
 88259 15402 3272.20705   47  103 4272.12000 3245.93648  24.0%   146  821s
 88967 15713 3250.30467   56  121 4272.12000 3246.33767  24.0%   146  826s
 89671 15919 3296.51011   63   80 4272.12000 3246.72104  24.0%   146  830s
 90388 16144 infeasible   51      4272.12000 3247.12470  24.0%   145  835s
 91106 16380 3287.60507   53   47 4272.12000 3247.57059  24.0%   145  840s
 91803 16583     cutoff   61      4272.12000 3248.09329  24.0%   145  845s
 92571 16828 infeasible   59      4272.12000 3248.51842  24.0%   145  850s
 93261 17054 3302.06471   50   72 4272.12000 3248.84756  24.0%   145  855s
 94292 17416 3314.38009   76   52 4272.12000 3249.37546  23.9%   144  862s
 94986 17602 infeasible   67      4272.12000 3249.78391  23.9%   144  866s
 95694 17828 3254.35833   69   36 4272.12000 3250.15467  23.9%   144  871s
 96427 18088 3582.38014   46   75 4272.12000 3250.51472  23.9%   144  875s
 97267 18212 3293.24235   54   93 4272.12000 3250.76947  23.9%   144  882s
 97971 18407 3303.23339   56   82 4272.12000 3251.16973  23.9%   144  886s
 98606 18549 infeasible   52      4272.12000 3251.43000  23.9%   143  891s
 99331 18805 3264.77762   33   67 4272.12000 3251.79942  23.9%   143  896s
 100022 19026 3337.85087   61   87 4272.12000 3252.01693  23.9%   143  900s
 101102 19408 infeasible   64      4272.12000 3252.46928  23.9%   143  906s
 101754 19567 3263.20359   42   59 4272.12000 3252.84815  23.9%   143  910s
 102783 19917 3271.53428   37   75 4272.12000 3253.22683  23.8%   142  916s
 103349 20039 infeasible   45      4272.12000 3253.45871  23.8%   142  921s
 103967 20212 3277.12825   57   54 4272.12000 3253.73955  23.8%   142  925s
 104494 20328 3343.96294   63   78 4272.12000 3253.91120  23.8%   142  930s
 105506 20638 3330.24275   58   97 4272.12000 3254.38067  23.8%   142  937s
 106075 20775 infeasible   55      4272.12000 3254.62711  23.8%   142  941s
 106586 20841 4251.59976   46   76 4272.12000 3254.82160  23.8%   142  945s
 107581 21104 3318.34809   57   96 4272.12000 3255.22838  23.8%   142  951s
 108078 21197 3285.89441   65   81 4272.12000 3255.41749  23.8%   142  955s
 109030 21421 3347.09096   44  111 4272.12000 3255.81167  23.8%   142  961s
 109649 21629 3283.91268   68   77 4272.12000 3255.98859  23.8%   142  965s
 110536 21843 3306.04414   62   57 4272.12000 3256.30176  23.8%   142  971s
 111120 21998 3272.32083   69   60 4272.12000 3256.54672  23.8%   142  975s
 111916 22203 3376.73263   58   89 4272.12000 3256.77659  23.8%   142  981s
 112462 22327 3277.18485   58   66 4272.12000 3256.93152  23.8%   141  985s
 113396 22571     cutoff   59      4272.12000 3257.28462  23.8%   141  992s
 113998 22726     cutoff   86      4272.12000 3257.42004  23.8%   141  996s
 114582 22876 infeasible   48      4272.12000 3257.62978  23.7%   141 1000s
 115285 22979 4260.91816   45   50 4272.12000 3257.93009  23.7%   141 1006s
 115848 23095 infeasible   55      4272.12000 3258.13080  23.7%   141 1010s
 116626 23257 3317.98950   50   74 4272.12000 3258.40753  23.7%   141 1016s
 117201 23396 3340.43129   53   74 4272.12000 3258.63162  23.7%   141 1020s
 118011 23620 infeasible   50      4272.12000 3258.85861  23.7%   141 1025s
 118699 23723     cutoff   57      4272.12000 3259.02020  23.7%   141 1031s
 119216 23852 infeasible   48      4272.12000 3259.17109  23.7%   141 1035s
 119981 23969 3284.74250   59   48 4272.12000 3259.42800  23.7%   141 1040s
 120609 24126 3260.38638   47  109 4272.12000 3259.64613  23.7%   141 1045s
 121444 24275 infeasible   52      4272.12000 3259.84250  23.7%   141 1050s
 122045 24456 infeasible   58      4272.12000 3260.00992  23.7%   141 1055s
 122944 24672 infeasible   52      4272.12000 3260.24961  23.7%   141 1061s
 123531 24857 infeasible   42      4272.12000 3260.43702  23.7%   141 1065s
 124259 24980 3295.86464   57   84 4272.12000 3260.67600  23.7%   141 1070s
 124966 25069     cutoff   65      4272.12000 3260.84137  23.7%   141 1076s
 125454 25123 3283.72206   50   80 4272.12000 3260.99654  23.7%   141 1081s
 126038 25139 infeasible   56      4272.12000 3261.13670  23.7%   141 1086s
 126653 25151 infeasible   40      4272.12000 3261.36750  23.7%   141 1091s
 127241 25309 3265.85940   51   76 4272.12000 3261.52385  23.7%   141 1096s
 127772 25390 3323.32853   60   90 4272.12000 3261.74458  23.7%   141 1100s
 128520 25477 3297.82330   59  112 4272.12000 3262.03447  23.6%   141 1106s
 129384 25719 3290.48833   52   73 4272.12000 3262.24231  23.6%   141 1111s
 129766 25728 3389.96286   59   54 4272.12000 3262.33836  23.6%   141 1115s
 130507 25837     cutoff   62      4272.12000 3262.53667  23.6%   141 1121s
 131031 25924 3282.11606   57   74 4272.12000 3262.67767  23.6%   141 1125s
 131501 25973     cutoff   51      4272.12000 3262.87649  23.6%   141 1130s
 132180 26091     cutoff   60      4272.12000 3263.04151  23.6%   141 1136s
 132665 26160     cutoff   65      4272.12000 3263.19072  23.6%   141 1140s
 133382 26207 3275.38258   51   63 4272.12000 3263.42231  23.6%   141 1146s
 133943 26341 3437.78234   50  125 4272.12000 3263.55010  23.6%   141 1150s
 134717 26472 3301.16803   60   81 4272.12000 3263.72937  23.6%   141 1156s
 135216 26560 3401.82217   60  112 4272.12000 3263.87355  23.6%   141 1160s
 135992 26728     cutoff   58      4272.12000 3264.12182  23.6%   141 1167s
 136234 26754     cutoff   47      4272.12000 3264.15680  23.6%   141 1171s
 136680 26822 3287.75164   59   60 4272.12000 3264.30235  23.6%   141 1175s
 137494 26999     cutoff   73      4272.12000 3264.51043  23.6%   141 1180s
 137962 27075 infeasible   63      4272.12000 3264.66022  23.6%   141 1185s
 138598 27172     cutoff   56      4272.12000 3264.84416  23.6%   141 1191s
 139089 27257 3308.99381   42   50 4272.12000 3264.99968  23.6%   141 1195s
 139771 27356 infeasible   43      4272.12000 3265.19929  23.6%   141 1201s
 140256 27466 3388.15410   64  105 4272.12000 3265.29704  23.6%   141 1205s
 141041 27636     cutoff   45      4272.12000 3265.51425  23.6%   141 1211s
 141434 27684     cutoff   48      4272.12000 3265.64108  23.6%   141 1215s
 142089 27743 3274.65170   48   90 4272.12000 3265.78735  23.6%   141 1221s
 142601 27838     cutoff   61      4272.12000 3265.91433  23.6%   141 1225s
 143336 27998     cutoff   73      4272.12000 3266.05269  23.5%   141 1231s
 144052 28083 3300.37757   61   65 4272.12000 3266.26133  23.5%   141 1236s
 144535 28169 3290.86594   52   68 4272.12000 3266.36036  23.5%   141 1241s
 145167 28252 3301.16966   52   85 4272.12000 3266.56220  23.5%   141 1246s
 145621 28308     cutoff   41      4272.12000 3266.68283  23.5%   141 1250s
 146318 28452 infeasible   55      4272.12000 3266.89240  23.5%   141 1256s
 146769 28507 infeasible   43      4272.12000 3267.00842  23.5%   141 1260s
 147550 28653 infeasible   72      4272.12000 3267.13777  23.5%   141 1266s
 147987 28697 3310.87262   63   67 4272.12000 3267.26506  23.5%   141 1270s
 148707 28772 3629.94765   59  104 4272.12000 3267.42400  23.5%   141 1276s
 149322 28801 infeasible   48      4272.12000 3267.59443  23.5%   142 1282s
 149676 28831 3298.19346   39   93 4272.12000 3267.70918  23.5%   142 1285s
 150396 28963 infeasible   49      4272.12000 3267.88100  23.5%   142 1292s
 150830 29033 infeasible   52      4272.12000 3267.96489  23.5%   142 1295s
 151388 29129 3291.05373   60   86 4272.12000 3268.08083  23.5%   142 1300s
 151674 29209 infeasible   44      4272.12000 3268.16387  23.5%   142 1305s
 152315 29258 3327.47537   47   65 4272.12000 3268.31911  23.5%   142 1310s
 152947 29333     cutoff   41      4272.12000 3268.46353  23.5%   142 1316s
 153475 29424 3311.56358   54   79 4272.12000 3268.65186  23.5%   142 1320s
 154161 29450 3315.01819   54  107 4272.12000 3268.81540  23.5%   142 1326s
 154649 29496     cutoff   55      4272.12000 3268.94026  23.5%   142 1330s
 155252 29509 3270.76065   51   66 4272.12000 3269.11336  23.5%   142 1335s
 155939 29579     cutoff   56      4272.12000 3269.33925  23.5%   142 1340s
 156573 29630 infeasible   69      4272.12000 3269.51773  23.5%   142 1346s
 157161 29645 infeasible   60      4272.12000 3269.69700  23.5%   142 1351s
 157608 29699 3299.93420   59   68 4272.12000 3269.79571  23.5%   142 1355s
 158265 29803 3278.52156   49   66 4272.12000 3269.95091  23.5%   142 1360s
 158904 29852 infeasible   38      4272.12000 3270.10283  23.5%   142 1366s
 159500 29854 3307.10447   60   82 4272.12000 3270.25276  23.5%   143 1371s
 159900 29907 infeasible   65      4272.12000 3270.32819  23.4%   143 1375s
 160579 29961 infeasible   49      4272.12000 3270.54236  23.4%   143 1381s
 161048 30032 3444.18227   38   86 4272.12000 3270.64414  23.4%   143 1385s
 161561 30031     cutoff   58      4272.12000 3270.75877  23.4%   143 1390s
 162171 30070 infeasible   53      4272.12000 3270.90811  23.4%   143 1396s
 162724 30098 infeasible   53      4272.12000 3271.03956  23.4%   143 1401s
 163102 30144 3312.67228   41   56 4272.12000 3271.12100  23.4%   143 1405s
 163769 30163 3686.03720   46   97 4272.12000 3271.27758  23.4%   143 1410s
 164401 30276 infeasible   57      4272.12000 3271.42400  23.4%   143 1416s
 164995 30336 3313.13925   45   62 4272.12000 3271.52081  23.4%   143 1421s
 165452 30357     cutoff   49      4272.12000 3271.60356  23.4%   143 1425s
 166041 30443 3311.22602   57  101 4272.12000 3271.75474  23.4%   143 1431s
 166727 30578     cutoff   56      4272.12000 3271.89994  23.4%   143 1436s
 167160 30611 3275.71934   59  121 4272.12000 3272.00478  23.4%   143 1440s
 167872 30678 3281.59727   48   47 4272.12000 3272.17561  23.4%   143 1445s
 168576 30779     cutoff   53      4272.12000 3272.31917  23.4%   143 1450s
 169136 30834 3336.85677   54   92 4272.12000 3272.44040  23.4%   143 1456s
 169551 30849 3304.88500   49   46 4272.12000 3272.53433  23.4%   143 1460s
 170218 30872 infeasible   67      4272.12000 3272.71451  23.4%   143 1465s
 170812 30885 3280.38415   50   87 4272.12000 3272.85864  23.4%   144 1470s
 171362 30877 3276.24728   50   81 4272.12000 3273.00496  23.4%   144 1475s
 172079 30954     cutoff   44      4272.12000 3273.18237  23.4%   144 1481s
 172765 31014 3361.18312   58   81 4272.12000 3273.31974  23.4%   144 1486s
 173106 31035 infeasible   56      4272.12000 3273.40038  23.4%   144 1490s
 173738 31068 3319.95583   59  132 4272.12000 3273.57571  23.4%   144 1495s
 174384 31100 3301.67764   33   79 4272.12000 3273.72290  23.4%   144 1500s
 175027 31166 3303.38540   56   96 4272.12000 3273.86996  23.4%   144 1506s
 175725 31213 3299.74607   65  114 4272.12000 3274.00166  23.4%   144 1511s
 176374 31268 3314.64524   62   55 4272.12000 3274.13789  23.4%   144 1516s
 176766 31273 3430.39560   46   59 4272.12000 3274.20928  23.4%   144 1520s
 177336 31291     cutoff   57      4272.12000 3274.35397  23.4%   144 1525s
 177995 31373 infeasible   59      4272.12000 3274.47713  23.4%   144 1531s
 178317 31381 infeasible   56      4272.12000 3274.55897  23.4%   144 1535s
 178951 31427     cutoff   72      4272.12000 3274.69057  23.3%   144 1540s
 179566 31430 infeasible   49      4272.12000 3274.81000  23.3%   144 1545s
 180183 31429     cutoff   67      4272.12000 3274.97364  23.3%   144 1550s
 180752 31462 3293.65621   47   76 4272.12000 3275.12358  23.3%   144 1556s
 181312 31461 infeasible   51      4272.12000 3275.23613  23.3%   144 1561s
 181858 31519     cutoff   50      4272.12000 3275.34742  23.3%   144 1565s
 182192 31458 3562.73284   37   81 4272.12000 3275.47275  23.3%   145 1570s
 182829 31508 3320.73847   53   68 4272.12000 3275.61168  23.3%   145 1576s
 183327 31488 infeasible   52      4272.12000 3275.74877  23.3%   145 1581s
 183955 31525 3292.97428   54   73 4272.12000 3275.91049  23.3%   145 1586s
 184390 31567 3299.02228   38  120 4272.12000 3276.00145  23.3%   145 1590s
 185034 31592 infeasible   59      4272.12000 3276.11706  23.3%   145 1595s
 185628 31595 3321.29669   44   61 4272.12000 3276.28294  23.3%   145 1600s
 186213 31641 3404.43309   61   80 4272.12000 3276.42333  23.3%   145 1605s
 186831 31654     cutoff   66      4272.12000 3276.60157  23.3%   145 1610s
 187431 31701 3286.64143   56   40 4272.12000 3276.73000  23.3%   145 1616s
 188053 31729 3290.29944   57  128 4272.12000 3276.87690  23.3%   145 1621s
 188480 31743 3308.35444   66   63 4272.12000 3276.94988  23.3%   145 1625s
 189067 31725 infeasible   39      4272.12000 3277.09961  23.3%   145 1630s
 189542 31709 infeasible   56      4272.12000 3277.22316  23.3%   145 1636s
 190158 31749     cutoff   70      4272.12000 3277.35076  23.3%   145 1641s
 190526 31720     cutoff   59      4272.12000 3277.43269  23.3%   145 1645s
 191058 31729 3312.77766   72   89 4272.12000 3277.54892  23.3%   145 1650s
 191623 31743     cutoff   54      4272.12000 3277.69156  23.3%   145 1655s
 192230 31791     cutoff   56      4272.12000 3277.82336  23.3%   145 1661s
 192859 31836 infeasible   46      4272.12000 3277.96000  23.3%   145 1666s
 193469 31831 infeasible   62      4272.12000 3278.07319  23.3%   145 1671s
 193889 31837 3278.16909   57   62 4272.12000 3278.14398  23.3%   145 1675s
 194485 31845 3336.05752   48   88 4272.12000 3278.26555  23.3%   146 1681s
 194999 31850 infeasible   36      4272.12000 3278.37287  23.3%   146 1687s
 195306 31849     cutoff   54      4272.12000 3278.45137  23.3%   146 1690s
 195961 31904 3296.51075   40   47 4272.12000 3278.57534  23.3%   146 1696s
 196508 31905 3320.65630   61   41 4272.12000 3278.68104  23.3%   146 1701s
 197179 31957     cutoff   61      4272.12000 3278.81745  23.3%   146 1706s
 197581 31965 3321.35553   55   69 4272.12000 3278.91147  23.2%   146 1710s
 198119 31962     cutoff   42      4272.12000 3279.05021  23.2%   146 1715s
 198653 31974     cutoff   47      4272.12000 3279.19278  23.2%   146 1720s
 199181 31972     cutoff   49      4272.12000 3279.33075  23.2%   146 1725s
 199788 32006 3331.08043   62   79 4272.12000 3279.45482  23.2%   146 1731s
 200412 32047 3317.50604   36   61 4272.12000 3279.55857  23.2%   146 1736s
 201008 32092     cutoff   53      4272.12000 3279.67125  23.2%   146 1741s
 201632 32108     cutoff   79      4272.12000 3279.79971  23.2%   146 1746s
 202027 32124 3311.06319   51   96 4272.12000 3279.88700  23.2%   146 1750s
 202510 32116 3349.82978   58   74 4272.12000 3279.99650  23.2%   146 1755s
 203101 32138 3284.30980   53  104 4272.12000 3280.11350  23.2%   146 1760s
 203686 32212 3613.26131   66   87 4272.12000 3280.22915  23.2%   146 1765s
 204269 32239     cutoff   59      4272.12000 3280.36913  23.2%   146 1771s
 204682 32298 infeasible   51      4272.12000 3280.44854  23.2%   146 1775s
 205280 32346 3630.06189   70   74 4272.12000 3280.57277  23.2%   146 1780s
 205767 32304 3331.57917   49   47 4272.12000 3280.71914  23.2%   147 1785s
 206401 32318 3696.57791   70   54 4272.12000 3280.86608  23.2%   147 1790s
 207017 32378 infeasible   71      4272.12000 3281.00019  23.2%   147 1795s
 207612 32398 infeasible   40      4272.12000 3281.14411  23.2%   147 1800s
 208161 32400 infeasible   53      4272.12000 3281.28404  23.2%   147 1806s
 208678 32405 3308.65010   50   75 4272.12000 3281.40238  23.2%   147 1812s
 208978 32374 3318.83086   78   66 4272.12000 3281.46653  23.2%   147 1815s
 209600 32380 infeasible   57      4272.12000 3281.58188  23.2%   147 1820s
 210096 32345 infeasible   54      4272.12000 3281.69991  23.2%   147 1825s
 210558 32326 3305.03493   62   84 4272.12000 3281.82110  23.2%   147 1830s
 211164 32351 3290.95763   53   68 4272.12000 3281.96255  23.2%   147 1836s
 211717 32355     cutoff   65      4272.12000 3282.12079  23.2%   147 1841s
 212036 32334     cutoff   65      4272.12000 3282.20709  23.2%   147 1845s
 212555 32318 3319.41516   36   56 4272.12000 3282.34040  23.2%   147 1850s
 213146 32339 3299.14850   60   69 4272.12000 3282.49124  23.2%   147 1855s
 213734 32381 4268.69037   44   80 4272.12000 3282.59955  23.2%   147 1861s
 214277 32403 3324.69584   69   82 4272.12000 3282.72938  23.2%   147 1866s
 214853 32436 3288.49059   43   87 4272.12000 3282.87420  23.2%   147 1871s
 215370 32446 infeasible   41      4272.12000 3282.97093  23.2%   147 1876s
 215886 32422 3373.85111   75   79 4272.12000 3283.10976  23.2%   147 1881s
 216317 32466 infeasible   45      4272.12000 3283.21659  23.1%   147 1885s
 216818 32431 3451.06355   68   84 4272.12000 3283.35452  23.1%   148 1890s
 217362 32442     cutoff   76      4272.12000 3283.50716  23.1%   148 1895s
 217888 32471 infeasible   52      4272.12000 3283.61771  23.1%   148 1901s
 218379 32446 infeasible   53      4272.12000 3283.76499  23.1%   148 1906s
 218808 32505 3369.05272   65   75 4272.12000 3283.82768  23.1%   148 1910s
 219349 32504     cutoff   57      4272.12000 3283.96896  23.1%   148 1915s
 219937 32547 4250.20519   41   65 4272.12000 3284.08324  23.1%   148 1921s
 220453 32554 3330.96247   63   85 4272.12000 3284.17552  23.1%   148 1926s
 220971 32547 3356.58900   44   40 4272.12000 3284.31120  23.1%   148 1930s
 221467 32528 infeasible   63      4272.12000 3284.42880  23.1%   148 1935s
 221948 32528 infeasible   49      4272.12000 3284.53230  23.1%   148 1940s
 222487 32522 3301.95893   46   59 4272.12000 3284.67050  23.1%   148 1945s
 223016 32535 infeasible   58      4272.12000 3284.77565  23.1%   148 1951s
 223560 32528 infeasible   50      4272.12000 3284.90073  23.1%   148 1956s
 223910 32476 infeasible   61      4272.12000 3284.98965  23.1%   148 1960s
 224360 32437     cutoff   45      4272.12000 3285.07892  23.1%   148 1965s
 224856 32422 infeasible   58      4272.12000 3285.21045  23.1%   148 1970s
 225435 32423 infeasible   61      4272.12000 3285.34545  23.1%   148 1975s
 225947 32406     cutoff   52      4272.12000 3285.47333  23.1%   148 1980s
 226446 32395 infeasible   48      4272.12000 3285.59402  23.1%   148 1986s
 226911 32358 infeasible   44      4272.12000 3285.70254  23.1%   148 1990s
 227393 32332 infeasible   67      4272.12000 3285.79798  23.1%   149 1996s
 227933 32321 infeasible   62      4272.12000 3285.91738  23.1%   149 2001s
 228392 32290     cutoff   68      4272.12000 3286.05467  23.1%   149 2006s
 228722 32287 3334.49415   58   92 4272.12000 3286.12846  23.1%   149 2011s
 228975 32262 3307.01763   34   22 4272.12000 3286.19643  23.1%   149 2015s
 229539 32287 3343.13288   43  118 4272.12000 3286.32292  23.1%   149 2020s
 230081 32311     cutoff   55      4272.12000 3286.43531  23.1%   149 2025s
 230734 32271 infeasible   52      4272.12000 3286.62739  23.1%   149 2031s
 231306 32282 infeasible   43      4272.12000 3286.73023  23.1%   149 2036s
 231835 32279 infeasible   70      4272.12000 3286.85241  23.1%   149 2041s
 232235 32293 3349.06324   57  113 4272.12000 3286.92498  23.1%   149 2045s
 232733 32274 3295.93713   37   69 4272.12000 3287.03100  23.1%   149 2050s
 233315 32215     cutoff   54      4272.12000 3287.19913  23.1%   149 2056s
 233849 32246 3357.92488   58   86 4272.12000 3287.29158  23.1%   149 2061s
 234300 32255 infeasible   65      4272.12000 3287.39182  23.1%   149 2065s
 234820 32218 3373.66086   54   78 4272.12000 3287.50236  23.0%   149 2070s
 235304 32183 infeasible   70      4272.12000 3287.63086  23.0%   149 2075s
 235724 32118 infeasible   66      4272.12000 3287.74603  23.0%   149 2080s
 236157 32053 infeasible   50      4272.12000 3287.87118  23.0%   149 2085s
 236686 32016 3310.25193   57   66 4272.12000 3287.97576  23.0%   150 2090s
 237141 31947 3315.71978   58  105 4272.12000 3288.10760  23.0%   150 2095s
 237684 31922     cutoff   56      4272.12000 3288.23871  23.0%   150 2100s
 238189 31879 3303.79122   55   80 4272.12000 3288.35400  23.0%   150 2105s
 238761 31804 3289.64431   42   59 4272.12000 3288.53277  23.0%   150 2111s
 239252 31765     cutoff   39      4272.12000 3288.65698  23.0%   150 2115s
 239743 31736 infeasible   53      4272.12000 3288.80207  23.0%   150 2121s
 240264 31724 3332.62604   64  116 4272.12000 3288.95474  23.0%   150 2125s
 240691 31703 3339.67788   60   57 4272.12000 3289.07465  23.0%   150 2130s
 241344 31642 3518.64802   66   74 4272.12000 3289.25066  23.0%   150 2136s
 241854 31617     cutoff   70      4272.12000 3289.37303  23.0%   150 2141s
 242389 31638 3289.69177   58   89 4272.12000 3289.46095  23.0%   150 2146s
 242865 31587 3305.76150   47   58 4272.12000 3289.60095  23.0%   150 2151s
 243407 31598 infeasible   56      4272.12000 3289.74222  23.0%   150 2155s
 243910 31554 infeasible   58      4272.12000 3289.85120  23.0%   150 2160s
 244434 31525 infeasible   59      4272.12000 3289.98690  23.0%   150 2165s
 244971 31528 3300.35912   64   96 4272.12000 3290.09140  23.0%   150 2170s
 245457 31483 infeasible   47      4272.12000 3290.25598  23.0%   150 2176s
 245973 31471 infeasible   44      4272.12000 3290.36015  23.0%   151 2180s
 246461 31442 3317.23113   36   49 4272.12000 3290.47423  23.0%   151 2185s
 246977 31402 3343.49109   54   66 4272.12000 3290.60610  23.0%   151 2190s
 247566 31409 infeasible   59      4272.12000 3290.74776  23.0%   151 2195s
 247927 31392 3306.82707   85   61 4272.12000 3290.81289  23.0%   151 2200s
 248556 31361 infeasible   54      4272.12000 3290.96325  23.0%   151 2206s
 248838 31323 3308.98609   56   63 4272.12000 3291.04229  23.0%   151 2210s
 249470 31347 3292.79002   41   76 4272.12000 3291.20541  23.0%   151 2215s
 249921 31235 infeasible   58      4272.12000 3291.33910  23.0%   151 2221s
 250348 31171     cutoff   64      4272.12000 3291.48354  23.0%   151 2225s
 250918 31191 infeasible   63      4272.12000 3291.61817  23.0%   151 2230s
 251334 31140 infeasible   65      4272.12000 3291.73547  22.9%   151 2235s
 251743 31076 3297.99094   55   48 4272.12000 3291.87672  22.9%   151 2240s
 252314 30992     cutoff   48      4272.12000 3292.03401  22.9%   151 2246s
 252802 30977 3306.93025   63   84 4272.12000 3292.16616  22.9%   151 2251s
 253230 30940 3310.24928   57   62 4272.12000 3292.27072  22.9%   151 2256s
 253688 30931     cutoff   70      4272.12000 3292.37339  22.9%   151 2260s
 254203 30912 3489.33183   59   92 4272.12000 3292.51669  22.9%   151 2266s
 254663 30875     cutoff   45      4272.12000 3292.63047  22.9%   151 2271s
 255145 30832 3298.39760   56   72 4272.12000 3292.75790  22.9%   151 2275s
 255510 30776 3315.24295   54   95 4272.12000 3292.87734  22.9%   152 2280s
 255978 30732     cutoff   71      4272.12000 3292.98386  22.9%   152 2285s
 256463 30707 infeasible   61      4272.12000 3293.09135  22.9%   152 2291s
 256839 30633 3295.02190   65   54 4272.12000 3293.19816  22.9%   152 2295s
 257304 30603 infeasible   57      4272.12000 3293.30811  22.9%   152 2300s
 257835 30600 3331.34123   58   69 4272.12000 3293.42745  22.9%   152 2305s
 258325 30600 3323.95973   55   69 4272.12000 3293.54180  22.9%   152 2310s
 258828 30592     cutoff   43      4272.12000 3293.64905  22.9%   152 2315s
 259280 30563 infeasible   53      4272.12000 3293.76699  22.9%   152 2320s
 259828 30459 infeasible   69      4272.12000 3293.93920  22.9%   152 2325s
 260410 30387 infeasible   55      4272.12000 3294.14636  22.9%   152 2330s
 260925 30317     cutoff   71      4272.12000 3294.31720  22.9%   152 2336s
 261459 30334     cutoff   35      4272.12000 3294.42441  22.9%   152 2341s
 261974 30313 infeasible   58      4272.12000 3294.53783  22.9%   152 2346s
 262444 30279     cutoff   69      4272.12000 3294.65430  22.9%   152 2351s
 262848 30225     cutoff   37      4272.12000 3294.78667  22.9%   152 2355s
 263208 30147 3308.83320   51   35 4272.12000 3294.92821  22.9%   152 2360s
 263697 30099 infeasible   63      4272.12000 3295.04074  22.9%   152 2365s
 264273 30042 infeasible   46      4272.12000 3295.19472  22.9%   152 2371s
 264720 30004 3336.16212   62   54 4272.12000 3295.35060  22.9%   152 2376s
 265180 29969 3346.43666   63   63 4272.12000 3295.48599  22.9%   152 2380s
 265736 29880 infeasible   63      4272.12000 3295.63254  22.9%   152 2386s
 266232 29875 infeasible   54      4272.12000 3295.76672  22.9%   152 2391s
 266697 29859     cutoff   50      4272.12000 3295.87144  22.9%   153 2396s
 267132 29825     cutoff   55      4272.12000 3295.98131  22.8%   153 2400s
 267706 29777 3530.94366   57   75 4272.12000 3296.15210  22.8%   153 2406s
 268101 29704 infeasible   46      4272.12000 3296.27498  22.8%   153 2410s
 268661 29630     cutoff   42      4272.12000 3296.45400  22.8%   153 2416s
 268778 29636 3337.71561   38   52 4272.12000 3296.50305  22.8%   153 2401s
 268936 29607     cutoff   58      4272.12000 3296.54400  22.8%   153 2405s
 269540 29522     cutoff   44      4272.12000 3296.72162  22.8%   153 2411s
 270028 29473 3313.61747   53   59 4272.12000 3296.84919  22.8%   153 2415s
 270449 29416 infeasible   45      4272.12000 3296.97288  22.8%   153 2420s
 271018 29338 infeasible   50      4272.12000 3297.14686  22.8%   153 2425s
 271516 29255 infeasible   49      4272.12000 3297.31577  22.8%   153 2430s
 271904 29190 infeasible   47      4272.12000 3297.44567  22.8%   153 2435s
 272335 29170 3317.13610   50   78 4272.12000 3297.58036  22.8%   153 2440s
 272867 29079 infeasible   71      4272.12000 3297.75923  22.8%   153 2445s
 273420 29012 infeasible   61      4272.12000 3297.92319  22.8%   153 2451s
 273878 28991 3357.32539   51   92 4272.12000 3298.05122  22.8%   153 2456s
 274246 28926 3322.85936   63   81 4272.12000 3298.19286  22.8%   153 2460s
 274712 28866     cutoff   41      4272.12000 3298.31886  22.8%   153 2465s
 275173 28843 3332.38547   54   63 4272.12000 3298.44725  22.8%   153 2471s
 275619 28797 3316.98893   67   64 4272.12000 3298.57710  22.8%   153 2475s
 276025 28758 infeasible   60      4272.12000 3298.71231  22.8%   153 2480s
 276348 28699 3511.90939   47   58 4272.12000 3298.80871  22.8%   153 2485s
 276877 28622 3308.80264   81  100 4272.12000 3298.99990  22.8%   153 2490s
 277496 28564 infeasible   65      4272.12000 3299.17612  22.8%   154 2495s
 277927 28434 3308.95863   52   99 4272.12000 3299.37050  22.8%   154 2500s
 278525 28381 3300.39814   40   58 4272.12000 3299.57400  22.8%   154 2506s
 278806 28343 3318.02512   39   97 4272.12000 3299.65098  22.8%   154 2510s
 279433 28290 infeasible   47      4272.12000 3299.83043  22.8%   154 2515s
 279912 28278 infeasible   44      4272.12000 3299.95084  22.8%   154 2520s
 280356 28237 infeasible   42      4272.12000 3300.06898  22.8%   154 2525s
 280900 28153 infeasible   63      4272.12000 3300.24817  22.7%   154 2530s
 281302 28113 infeasible   47      4272.12000 3300.36814  22.7%   154 2535s
 281914 28051 3339.58315   46   53 4272.12000 3300.54286  22.7%   154 2541s
 282292 28007 infeasible   60      4272.12000 3300.66757  22.7%   154 2546s
 282769 27999 3339.95850   59   82 4272.12000 3300.81144  22.7%   154 2550s
 283246 27908 3311.59206   48  108 4272.12000 3300.99116  22.7%   154 2556s
 283642 27766 3307.70535   51   80 4272.12000 3301.19296  22.7%   154 2560s
 284142 27680 3345.49874   60   84 4272.12000 3301.37222  22.7%   154 2565s
 284663 27617     cutoff   67      4272.12000 3301.48676  22.7%   154 2570s
 285222 27544 3301.71690   49   69 4272.12000 3301.64382  22.7%   154 2575s
 285813 27495     cutoff   64      4272.12000 3301.84461  22.7%   154 2581s
 286183 27435 infeasible   58      4272.12000 3301.99417  22.7%   154 2586s
 286657 27351 3317.26178   42   41 4272.12000 3302.19251  22.7%   154 2590s
 287099 27309 infeasible   60      4272.12000 3302.32214  22.7%   154 2595s
 287664 27241 3727.11217   46   84 4272.12000 3302.52010  22.7%   154 2600s
 288227 27164 3339.15486   67   93 4272.12000 3302.70217  22.7%   154 2605s
 288685 27103 4263.86681   56   33 4272.12000 3302.82875  22.7%   154 2610s
 289245 27017 3314.54837   59   87 4272.12000 3303.01451  22.7%   154 2615s
 289594 26929 3306.96668   44   47 4272.12000 3303.15512  22.7%   155 2620s
 290198 26875 infeasible   71      4272.12000 3303.32775  22.7%   155 2625s
 290662 26760 infeasible   42      4272.12000 3303.51144  22.7%   155 2630s
 291257 26722 3393.17695   68  112 4272.12000 3303.68753  22.7%   155 2635s
 291651 26677     cutoff   61      4272.12000 3303.83653  22.7%   155 2640s
 292058 26598 3345.43531   52   91 4272.12000 3303.98147  22.7%   155 2645s
 292596 26506 infeasible   63      4272.12000 3304.13617  22.7%   155 2650s
 293164 26430     cutoff   76      4272.12000 3304.33210  22.7%   155 2656s
 293637 26342 3309.48923   74   84 4272.12000 3304.51347  22.6%   155 2661s
 294078 26204 infeasible   48      4272.12000 3304.71843  22.6%   155 2665s
 294440 26132     cutoff   62      4272.12000 3304.83761  22.6%   155 2670s
 294958 26039 infeasible   65      4272.12000 3305.02179  22.6%   155 2675s
 295414 25917 infeasible   66      4272.12000 3305.21557  22.6%   155 2680s
 295763 25836 infeasible   42      4272.12000 3305.36201  22.6%   155 2685s
 296255 25756 infeasible   58      4272.12000 3305.54156  22.6%   155 2691s
 296578 25661     cutoff   54      4272.12000 3305.65865  22.6%   155 2695s
 297075 25582 3308.48127   52   92 4272.12000 3305.87032  22.6%   155 2700s
 297467 25524 infeasible   52      4272.12000 3305.98683  22.6%   155 2705s
 297910 25494     cutoff   62      4272.12000 3306.11096  22.6%   155 2710s
 298477 25428 3321.37543   73   70 4272.12000 3306.28087  22.6%   155 2715s
 298898 25297 infeasible   55      4272.12000 3306.46807  22.6%   155 2720s
 299384 25206     cutoff   48      4272.12000 3306.66542  22.6%   155 2725s
 299812 25071     cutoff   52      4272.12000 3306.84238  22.6%   155 2730s
 300218 25001 3339.63457   52   70 4272.12000 3306.98496  22.6%   155 2735s
 300797 24858     cutoff   52      4272.12000 3307.23803  22.6%   155 2740s
 301212 24794 3608.04393   65  113 4272.12000 3307.38769  22.6%   155 2745s
 301702 24702 infeasible   35      4272.12000 3307.58374  22.6%   156 2750s
 302120 24585 3316.52777   54   72 4272.12000 3307.79690  22.6%   156 2755s
 302605 24473     cutoff   43      4272.12000 3308.00059  22.6%   156 2760s
 303049 24393 infeasible   52      4272.12000 3308.16998  22.6%   156 2765s
 303615 24337 infeasible   74      4272.12000 3308.36878  22.6%   156 2770s
 304121 24257 3314.97593   55   51 4272.12000 3308.57585  22.6%   156 2775s
 304597 24109     cutoff   69      4272.12000 3308.84303  22.5%   156 2780s
 305058 24011 infeasible   53      4272.12000 3309.01413  22.5%   156 2785s
 305550 23906 infeasible   37      4272.12000 3309.21403  22.5%   156 2790s
 306010 23805 3321.08745   64   68 4272.12000 3309.42542  22.5%   156 2796s
 306267 23697     cutoff   38      4272.12000 3309.57811  22.5%   156 2800s
 306779 23622 infeasible   69      4272.12000 3309.78620  22.5%   156 2805s
 307255 23528 infeasible   48      4272.12000 3309.99313  22.5%   156 2810s
 307741 23420 infeasible   55      4272.12000 3310.19700  22.5%   156 2815s
 308221 23270 3345.22956   56  101 4272.12000 3310.45840  22.5%   156 2820s
 308765 23060 infeasible   48      4272.12000 3310.80019  22.5%   156 2825s
 309202 22948 infeasible   52      4272.12000 3311.05017  22.5%   156 2830s
 309572 22875 3356.00356   70   95 4272.12000 3311.18542  22.5%   156 2835s
 310136 22780     cutoff   51      4272.12000 3311.37841  22.5%   156 2840s
 310531 22655 infeasible   47      4272.12000 3311.60476  22.5%   156 2845s
 311189 22553 3312.57675   50   70 4272.12000 3311.90800  22.5%   156 2851s
 311607 22475     cutoff   47      4272.12000 3312.10319  22.5%   156 2855s
 312132 22318 infeasible   60      4272.12000 3312.39687  22.5%   156 2861s
 312517 22249     cutoff   52      4272.12000 3312.54277  22.5%   156 2865s
 313065 22095     cutoff   50      4272.12000 3312.84785  22.5%   157 2871s
 313487 21990 infeasible   54      4272.12000 3313.08375  22.4%   157 2875s
 314004 21921 3322.60226   42   66 4272.12000 3313.31919  22.4%   157 2882s
 314356 21836 3316.28736   51   61 4272.12000 3313.46015  22.4%   157 2886s
 314902 21756     cutoff   64      4272.12000 3313.71280  22.4%   157 2890s
 315306 21618 infeasible   65      4272.12000 3313.95000  22.4%   157 2895s
 315801 21529     cutoff   60      4272.12000 3314.19436  22.4%   157 2900s
 316450 21420     cutoff   39      4272.12000 3314.48727  22.4%   157 2906s
 316823 21356 infeasible   66      4272.12000 3314.64223  22.4%   157 2910s
 317264 21255     cutoff   72      4272.12000 3314.89246  22.4%   157 2915s
 317758 21183 infeasible   62      4272.12000 3315.11414  22.4%   157 2920s
 318252 21038     cutoff   63      4272.12000 3315.43675  22.4%   157 2925s
 318607 20961 infeasible   68      4272.12000 3315.59000  22.4%   157 2930s
 319109 20872     cutoff   55      4272.12000 3315.84125  22.4%   157 2935s
 319547 20757 infeasible   49      4272.12000 3316.07875  22.4%   157 2940s
 320070 20666 infeasible   57      4272.12000 3316.32675  22.4%   157 2945s
 320579 20573 infeasible   44      4272.12000 3316.53958  22.4%   157 2951s
 321111 20492 infeasible   67      4272.12000 3316.78659  22.4%   157 2956s
 321550 20394 infeasible   63      4272.12000 3317.02450  22.4%   157 2961s
 321834 20287 3407.06626   60   94 4272.12000 3317.18800  22.4%   157 2965s
 322290 20191 infeasible   64      4272.12000 3317.43683  22.3%   157 2970s
 322820 20039 infeasible   44      4272.12000 3317.71908  22.3%   157 2975s
 323309 19934 3347.00938   47   97 4272.12000 3317.96073  22.3%   157 2980s
 323861 19798 3380.89315   47   96 4272.12000 3318.29227  22.3%   157 2985s
 324298 19713 infeasible   64      4272.12000 3318.57303  22.3%   157 2991s
 324786 19623 infeasible   49      4272.12000 3318.84394  22.3%   157 2995s
 325287 19461 3330.72386   53   77 4272.12000 3319.15531  22.3%   157 3000s
 325654 19377     cutoff   44      4272.12000 3319.32887  22.3%   157 3005s
 326284 19250 3618.01957   68   85 4272.12000 3319.62833  22.3%   157 3011s
 326671 19134 infeasible   46      4272.12000 3319.93135  22.3%   157 3015s
 327209 19071 3376.73797   62   50 4272.12000 3320.16264  22.3%   158 3021s
 327599 18941 infeasible   54      4272.12000 3320.42860  22.3%   158 3025s
 328113 18871 3326.52501   53   93 4272.12000 3320.68017  22.3%   158 3032s
 328392 18780 infeasible   66      4272.12000 3320.88951  22.3%   158 3035s
 328804 18666 infeasible   43      4272.12000 3321.11487  22.3%   158 3040s
 329335 18522 infeasible   55      4272.12000 3321.42782  22.3%   158 3045s
 329657 18446     cutoff   53      4272.12000 3321.62583  22.2%   158 3050s
 330172 18291 infeasible   57      4272.12000 3321.95250  22.2%   158 3055s
 330594 18110 infeasible   46      4272.12000 3322.30612  22.2%   158 3060s
 331223 17924 3362.11630   56  112 4272.12000 3322.70492  22.2%   158 3065s
 331663 17758 infeasible   65      4272.12000 3323.06050  22.2%   158 3070s
 332118 17664     cutoff   54      4272.12000 3323.36205  22.2%   158 3075s
 332584 17542 infeasible   61      4272.12000 3323.62000  22.2%   158 3080s
 333000 17437 infeasible   50      4272.12000 3323.88244  22.2%   158 3085s
 333443 17303 3363.31467   56   86 4272.12000 3324.14885  22.2%   158 3090s
 333923 17124     cutoff   52      4272.12000 3324.52246  22.2%   158 3095s
 334401 16967 infeasible   49      4272.12000 3324.87202  22.2%   158 3100s
 334905 16806 3333.50578   53   67 4272.12000 3325.21528  22.2%   158 3105s
 335313 16678 infeasible   59      4272.12000 3325.48235  22.2%   158 3110s
 335906 16571 infeasible   60      4272.12000 3325.85960  22.1%   158 3115s
 336427 16420 infeasible   64      4272.12000 3326.25291  22.1%   158 3120s
 336893 16269 infeasible   65      4272.12000 3326.62865  22.1%   158 3125s
 337306 16084 infeasible   54      4272.12000 3327.00108  22.1%   158 3130s
 337712 15973     cutoff   48      4272.12000 3327.31000  22.1%   158 3135s
 338173 15881 3653.02065   64   85 4272.12000 3327.57500  22.1%   158 3140s
 338696 15711 infeasible   63      4272.12000 3327.94050  22.1%   158 3145s
 339162 15534 infeasible   46      4272.12000 3328.34679  22.1%   158 3150s
 339666 15456 infeasible   56      4272.12000 3328.61398  22.1%   158 3155s
 340152 15235 infeasible   52      4272.12000 3329.12319  22.1%   158 3160s
 340571 15108 3329.83834   44  101 4272.12000 3329.40107  22.1%   159 3165s
 341147 14993 infeasible   58      4272.12000 3329.78165  22.1%   159 3170s
 341595 14840 3337.63997   49   76 4272.12000 3330.21307  22.0%   159 3176s
 342021 14664 infeasible   60      4272.12000 3330.59963  22.0%   159 3180s
 342484 14487     cutoff   64      4272.12000 3331.05228  22.0%   159 3185s
 342941 14273 infeasible   55      4272.12000 3331.54261  22.0%   159 3190s
 343451 14123 infeasible   48      4272.12000 3331.97810  22.0%   159 3195s
 343965 13918     cutoff   38      4272.12000 3332.51222  22.0%   159 3200s
 344380 13785     cutoff   59      4272.12000 3332.86514  22.0%   159 3206s
 344843 13618     cutoff   52      4272.12000 3333.37981  22.0%   159 3210s
 345251 13424     cutoff   60      4272.12000 3333.84209  22.0%   159 3215s
 345679 13256     cutoff   77      4272.12000 3334.32672  22.0%   159 3220s
 346076 13123 infeasible   59      4272.12000 3334.69457  21.9%   159 3225s
 346580 12917 3341.68095   39   82 4272.12000 3335.22006  21.9%   159 3230s
 347104 12779 infeasible   55      4272.12000 3335.73515  21.9%   159 3235s
 347406 12641 infeasible   41      4272.12000 3336.10306  21.9%   159 3240s
 347891 12409 infeasible   51      4272.12000 3336.71958  21.9%   159 3245s
 348260 12259 infeasible   74      4272.12000 3337.07943  21.9%   159 3250s
 348792 12048 3355.95827   67   58 4272.12000 3337.68333  21.9%   159 3255s
 349321 11829 infeasible   48      4272.12000 3338.24651  21.9%   159 3260s
 349795 11664 infeasible   58      4272.12000 3338.78946  21.8%   159 3265s
 350360 11558 infeasible   70      4272.12000 3339.32916  21.8%   159 3270s
 350884 11380 infeasible   60      4272.12000 3339.87252  21.8%   159 3275s
 351430 11235 infeasible   47      4272.12000 3340.38273  21.8%   159 3280s
 351860 11070 3344.36917   47   84 4272.12000 3340.96279  21.8%   159 3285s
 352346 10912 infeasible   52      4272.12000 3341.51456  21.8%   159 3290s
 352819 10743 infeasible   42      4272.12000 3342.07117  21.8%   159 3295s
 353351 10605 infeasible   49      4272.12000 3342.56000  21.8%   159 3300s
 353876 10395 infeasible   84      4272.12000 3343.33821  21.7%   159 3305s
 354248 10278 infeasible   69      4272.12000 3343.82047  21.7%   159 3310s
 354789 10075 3405.17066   70  120 4272.12000 3344.51713  21.7%   159 3315s
 355386  9902 infeasible   46      4272.12000 3345.29291  21.7%   159 3320s
 355842  9743     cutoff   55      4272.12000 3345.87145  21.7%   159 3325s
 356325  9509 3348.71805   48   60 4272.12000 3346.65916  21.7%   159 3330s
 356833  9301 3402.58660   69  103 4272.12000 3347.50000  21.6%   159 3335s
 357282  9115     cutoff   75      4272.12000 3348.12129  21.6%   159 3340s
 357832  8921     cutoff   44      4272.12000 3349.04144  21.6%   159 3345s
 358373  8725 3556.10876   62  109 4272.12000 3349.82678  21.6%   159 3350s
 358657  8614 3392.97738   75   77 4272.12000 3350.25719  21.6%   159 3355s
 359157  8378     cutoff   40      4272.12000 3351.08510  21.6%   160 3360s
 359701  8168 infeasible   55      4272.12000 3352.11413  21.5%   160 3365s
 360140  7993     cutoff   58      4272.12000 3352.97141  21.5%   160 3370s
 360687  7810 infeasible   63      4272.12000 3353.99579  21.5%   160 3375s
 361095  7637 4260.00338   50   66 4272.12000 3355.00723  21.5%   160 3380s
 361581  7473 infeasible   64      4272.12000 3355.81375  21.4%   160 3386s
 362030  7307     cutoff   59      4272.12000 3356.82398  21.4%   160 3390s
 362502  7081     cutoff   58      4272.12000 3358.04962  21.4%   160 3395s
 362990  6863 infeasible   62      4272.12000 3359.21496  21.4%   160 3400s
 363485  6662     cutoff   65      4272.12000 3360.58244  21.3%   160 3405s
 363925  6418 infeasible   55      4272.12000 3362.04867  21.3%   160 3410s
 364542  6187 3391.11663   77   75 4272.12000 3363.90042  21.3%   160 3415s
 365035  5922     cutoff   58      4272.12000 3365.85164  21.2%   160 3420s
 365560  5660     cutoff   43      4272.12000 3367.91714  21.2%   160 3425s
 366054  5438 infeasible   48      4272.12000 3370.17320  21.1%   160 3430s
 366568  5223 infeasible   72      4272.12000 3372.51384  21.1%   160 3435s
 367167  4989     cutoff   65      4272.12000 3375.54360  21.0%   160 3440s
 367511  4806     cutoff   67      4272.12000 3377.69770  20.9%   160 3445s
 368132  4509 3488.05661   54  105 4272.12000 3381.66498  20.8%   160 3450s
 368633  4271     cutoff   74      4272.12000 3385.18293  20.8%   160 3455s
 369142  4006 3720.74478   74   78 4272.12000 3390.77499  20.6%   160 3460s
 369760  3694     cutoff   51      4272.12000 3401.94259  20.4%   160 3465s
 370439  3546 infeasible   74      4272.12000 3414.15952  20.1%   160 3470s
 371056  3522 3473.80767   51   87 4272.12000 3422.75733  19.9%   159 3476s
 371590  3485     cutoff   58      4272.12000 3429.83244  19.7%   159 3480s
 372277  3432     cutoff   54      4272.12000 3439.26883  19.5%   159 3485s
 373052  3259 3465.42917   60  106 4272.12000 3457.60808  19.1%   159 3490s
 373625  3101     cutoff   56      4272.12000 3478.24848  18.6%   159 3495s
 374340  2860 3542.30053   63  115 4272.12000 3514.80924  17.7%   159 3500s
 375059  2605     cutoff   73      4272.12000 3560.20949  16.7%   159 3505s
 375867  2447 infeasible   71      4272.12000 3599.83669  15.7%   159 3511s
 376333  2323     cutoff   59      4272.12000 3621.94253  15.2%   159 3515s
 376993  2065 3799.85414   74   76 4272.12000 3687.36074  13.7%   159 3520s
 377772  1740     cutoff   48      4272.12000 3777.44459  11.6%   159 3525s
 378668  1282     cutoff   60      4272.12000 3973.06320  7.00%   159 3530s
 379782   994 4266.69285   48   75 4272.12000 4231.83000  0.94%   158 3535s
 381287   902     cutoff   74      4272.12000 4247.34036  0.58%   158 3540s
 383022   315 infeasible   39      4272.12000 4260.81867  0.26%   157 3545s

Cutting planes:
  Gomory: 10
  Cover: 8
  Implied bound: 184
  Clique: 5
  MIR: 462
  Flow cover: 461
  GUB cover: 11
  Zero half: 210
  Mod-K: 5

Explored 383528 nodes (60217665 simplex iterations) in 3545.92 seconds
Thread count was 2 (of 4 available processors)

Optimal solution found (tolerance 1.00e-04)
Best objective 4.272120000000e+03, best bound 4.272120000000e+03, gap 0.0%
k_c1	6.0
k_c10	5.0
k_c11	8.0
k_c12	4.0
k_c2	10.0
k_c3	1.0
k_c4	6.0
k_c5	0.0
k_c6	10.0
k_c7	10.0
k_c8	3.0
k_c9	5.0
k_dN	0.0
kDash_c1	5.0
kDash_c10	3.0
kDash_c11	4.0
kDash_c12	1.0
kDash_c2	8.0
kDash_c3	0.0
kDash_c4	0.0
kDash_c5	6.0
kDash_c6	6.0
kDash_c7	5.0
kDash_c8	0.0
kDash_c9	1.0
kDash_dN	0.0
o_1	0.0
o_10	1.0
o_11	0.0
o_12	0.0
o_2	0.0
o_3	0.0
o_4	0.0
o_5	1.0
o_6	0.0
o_7	0.0
o_8	0.0
o_9	0.0
p_1	0.0
p_10	1.0
p_11	0.0
p_12	0.0
p_2	0.0
p_3	0.0
p_4	0.0
p_5	1.0
p_6	0.0
p_7	0.0
p_8	0.0
p_9	0.0
phi_c1	5.0
phi_c10	12.0
phi_c11	22.0
phi_c12	6.0
phi_c2	24.0
phi_c3	2.0
phi_c4	1.0
phi_c5	3.0
phi_c6	11.0
phi_c7	13.0
phi_c8	10.0
phi_c9	3.0
phi_d0	26.0
phi_dN	0.0
pi_c1	50.0
pi_c10	50.0
pi_c11	50.0
pi_c12	50.0
pi_c2	43.0
pi_c3	50.0
pi_c4	44.0
pi_c5	45.0
pi_c6	50.0
pi_c7	50.0
pi_c8	47.0
pi_c9	40.0
pi_dN	0.0
tauD_c1	40.0
tauD_c10	37.0
tauD_c11	40.0
tauD_c12	50.0
tauD_c2	10.0
tauD_c3	65.0
tauD_c4	85.0
tauD_c5	67.0
tauD_c6	30.0
tauD_c7	25.0
tauD_c8	65.0
tauD_c9	57.0
tauD_d0	0.0
tauD_dN	100.0
tauS_c1	87.0
tauS_c10	3.0
tauS_c11	84.0
tauS_c12	84.0
tauS_c2	56.0
tauS_c3	6.0
tauS_c4	90.0
tauS_c5	56.0
tauS_c6	2.0
tauS_c7	86.0
tauS_c8	91.0
tauS_c9	21.0
tauS_d0	0.0
tauS_dN	79.0
x_c10_c8	1.0
x_c11_c12	1.0
x_c12_c5	1.0
x_c1_c9	1.0
x_c2_c11	1.0
x_c3_dN	1.0
x_c4_dN	1.0
x_c5_c4	1.0
x_c6_c1	1.0
x_c7_c10	1.0
x_c8_dN	1.0
x_c9_c3	1.0
x_d0_c2	1.0
x_d0_c6	1.0
x_d0_c7	1.0
z_c10_c5	1.0
z_c5_dN	1.0
z_d0_c10	1.0
