
Gurobi 6.0.4 (win64) logging started 06/16/15 22:07:15

Read LP format model from file E:\Eigene Dateien\Downloads\Michi shit\VRPTWMS-master\VRPTWMS\instances\mip\fuel\N12-C_DV100-C_SV25_F5_4_No_1.lp
Reading time = 0.00 seconds
(null): 865 rows, 404 columns, 3771 nonzeros
Optimize a model with 865 rows, 404 columns and 3771 nonzeros
Model has 1872 quadratic constraints
WARNING: Only barrier available for SOCP models
Coefficient statistics:
  Matrix range    [1e+00, 1e+06]
  Objective range [2e+04, 1e+07]
  Bounds range    [1e+00, 1e+06]
  RHS range       [1e+00, 1e+06]
Presolve removed 82 rows and 47 columns
Presolve time: 0.18s
Presolved: 3928 rows, 1980 columns, 19651 nonzeros
Variable types: 1520 continuous, 460 integer (397 binary)
Optimize a model with 3928 rows, 1980 columns and 19651 nonzeros
Coefficient statistics:
  Matrix range    [1e+00, 1e+06]
  Objective range [2e+04, 1e+07]
  Bounds range    [1e+00, 1e+06]
  RHS range       [1e+00, 1e+06]

Concurrent LP optimizer: dual simplex and barrier
Showing barrier log only...

Presolve removed 277 rows and 185 columns
Presolved: 3651 rows, 1796 columns, 18337 nonzeros

Root barrier log...

Ordering time: 0.02s

Barrier performed 0 iterations in 0.22 seconds
Barrier solve interrupted - model solved by another algorithm


Solved with dual simplex
Solved in 233 iterations and 0.22 seconds
Optimal objective  2.223120359e+06

Root relaxation: objective 2.223120e+06, 233 iterations, 0.03 seconds

    Nodes    |    Current Node    |     Objective Bounds      |     Work
 Expl Unexpl |  Obj  Depth IntInf | Incumbent    BestBd   Gap | It/Node Time

     0     0 2223120.36    0   47          - 2223120.36      -     -    0s
     0     0 3630368.16    0   78          - 3630368.16      -     -    0s
     0     0 1.2108e+07    0   56          - 1.2108e+07      -     -    0s
     0     0 1.2169e+07    0   61          - 1.2169e+07      -     -    0s
     0     0 1.2204e+07    0   65          - 1.2204e+07      -     -    0s
     0     0 1.2209e+07    0   50          - 1.2209e+07      -     -    0s
     0     0 1.2209e+07    0   48          - 1.2209e+07      -     -    0s
H    0     0                    1.371379e+08 1.2209e+07  91.1%     -    0s
     0     0 1.2209e+07    0   38 1.3714e+08 1.2209e+07  91.1%     -    0s
H    0     0                    8.572060e+07 1.2209e+07  85.8%     -    0s
     0     2 1.2209e+07    0   38 8.5721e+07 1.2209e+07  85.8%     -    0s
H   36    37                    7.560050e+07 1.2342e+07  83.7%  26.0    0s
H   44    45                    7.522350e+07 1.2342e+07  83.6%  23.2    0s
H   91    85                    6.442320e+07 1.2342e+07  80.8%  24.8    0s
H  152   120                    6.437020e+07 1.2380e+07  80.8%  26.7    0s
*  209   161              46    6.432890e+07 1.2380e+07  80.8%  26.8    0s
H  247   188                    6.417950e+07 1.2380e+07  80.7%  28.6    0s
H  267   211                    5.527640e+07 1.2380e+07  77.6%  28.3    0s
H  363   256                    4.461270e+07 1.2380e+07  72.2%  33.8    0s
H 1069   615                    4.356600e+07 1.2701e+07  70.8%  34.5    2s
  1085   626 2.2981e+07   19   90 4.3566e+07 1.6928e+07  61.1%  34.0    5s
H 1086   595                    4.346810e+07 1.6969e+07  61.0%  34.0    5s
  1118   618 2.3047e+07   20   89 4.3468e+07 1.9493e+07  55.2%  41.9   10s
H 1358   686                    4.338560e+07 2.2661e+07  47.8%  53.7   12s
  2146   866 3.3715e+07   58   51 4.3386e+07 2.2750e+07  47.6%  68.9   15s
H 2271   869                    4.338000e+07 2.2766e+07  47.5%  69.7   15s
H 2709   945                    4.337640e+07 2.2812e+07  47.4%  74.3   18s
  3298  1262 3.5897e+07   79   99 4.3376e+07 2.2854e+07  47.3%  76.2   20s
  4994  2237 3.3452e+07   52   40 4.3376e+07 2.2949e+07  47.1%  78.2   25s
* 5387  2452              69    4.337460e+07 2.2956e+07  47.1%  79.3   25s
  6824  3180 3.3509e+07   43   43 4.3375e+07 2.2991e+07  47.0%  82.6   30s
  8501  3963 2.3368e+07   44   84 4.3375e+07 2.3048e+07  46.9%  86.2   35s
* 8666  4049              62    4.332080e+07 2.3049e+07  46.8%  86.1   35s
 10014  4698 infeasible   44      4.3321e+07 2.3081e+07  46.7%  87.5   40s
 11360  5338     cutoff   52      4.3321e+07 2.3111e+07  46.7%  87.9   45s
 13603  6399 infeasible   61      4.3321e+07 2.3166e+07  46.5%  89.4   50s
 15350  7261 3.3663e+07   48   38 4.3321e+07 2.3203e+07  46.4%  89.8   55s
 17055  8123     cutoff   59      4.3321e+07 2.3221e+07  46.4%  90.2   60s
H17091  8138                    4.331720e+07 2.3221e+07  46.4%  90.3   60s
 18591  8808 infeasible   60      4.3317e+07 2.3258e+07  46.3%  91.0   65s
 20436  9775 3.5068e+07   57   38 4.3317e+07 2.3298e+07  46.2%  90.7   76s
 20447  9782 3.3947e+07   53   65 4.3317e+07 2.3298e+07  46.2%  90.7   80s
 20464  9798 2.3298e+07   48   82 4.3317e+07 2.3298e+07  46.2%  90.8   85s
 21122  9998 3.3145e+07   68   50 4.3317e+07 2.3298e+07  46.2%  89.8   92s
 23034 10525 2.3298e+07   60   48 4.3317e+07 2.3298e+07  46.2%  89.7   97s
 24463 10999     cutoff   91      4.3317e+07 2.3298e+07  46.2%  88.3  100s
 26850 11655 3.3800e+07   63   83 4.3317e+07 2.3298e+07  46.2%  87.8  106s
*28053 11363              74    4.330590e+07 2.3298e+07  46.2%  88.3  109s
 29152 11666 infeasible   83      4.3306e+07 2.3298e+07  46.2%  88.4  113s
 30408 12005 infeasible   65      4.3306e+07 2.3298e+07  46.2%  88.3  116s
 32392 12404 3.3940e+07   71   61 4.3306e+07 2.3298e+07  46.2%  88.5  120s
 34006 12693 infeasible  103      4.3306e+07 2.3298e+07  46.2%  88.8  125s
 35842 13103 2.3906e+07   73  137 4.3306e+07 2.3298e+07  46.2%  89.4  131s
H36701 12787                    4.321870e+07 2.3298e+07  46.1%  89.7  134s
 37472 12930 infeasible   85      4.3219e+07 2.3298e+07  46.1%  90.0  136s
 38602 13066     cutoff   78      4.3219e+07 2.3298e+07  46.1%  90.6  142s
 39638 13227 2.6565e+07   78   68 4.3219e+07 2.3298e+07  46.1%  90.8  147s
 40294 13285 infeasible   98      4.3219e+07 2.3298e+07  46.1%  91.1  150s
 41381 13320 3.2953e+07   57   55 4.3219e+07 2.3315e+07  46.1%  91.5  155s
 42733 13508 2.9293e+07   84   52 4.3219e+07 2.3335e+07  46.0%  91.7  161s
 43830 13579 3.3747e+07   78   50 4.3219e+07 2.3344e+07  46.0%  92.0  166s
 45228 13688 2.4113e+07   70   63 4.3219e+07 2.3368e+07  45.9%  92.6  171s
 46292 13744 2.3678e+07   60   88 4.3219e+07 2.3382e+07  45.9%  93.1  175s
 47731 14150 2.8202e+07   66   55 4.3219e+07 2.3398e+07  45.9%  93.3  180s
 49431 14789 3.4026e+07   67   66 4.3219e+07 2.3416e+07  45.8%  93.9  186s
 50001 15017 2.4402e+07   67  125 4.3219e+07 2.3421e+07  45.8%  94.2  191s
 50623 15293 infeasible   90      4.3219e+07 2.3426e+07  45.8%  94.5  195s
 51933 15850 infeasible   77      4.3219e+07 2.3443e+07  45.8%  94.7  200s
 52821 16190 infeasible   91      4.3219e+07 2.3455e+07  45.7%  95.0  205s
 54711 16898 2.4059e+07   83   73 4.3219e+07 2.3471e+07  45.7%  95.5  211s
 55896 17415 infeasible   78      4.3219e+07 2.3481e+07  45.7%  95.7  215s
 57523 17932 2.3514e+07   60   63 4.3219e+07 2.3494e+07  45.6%  96.2  222s
 58512 18286     cutoff   87      4.3219e+07 2.3502e+07  45.6%  96.5  226s
 59463 18640 3.3804e+07   61   54 4.3219e+07 2.3510e+07  45.6%  96.6  230s
 61165 19205 infeasible   67      4.3219e+07 2.3526e+07  45.6%  97.1  236s
 62263 19606     cutoff   78      4.3219e+07 2.3533e+07  45.5%  97.3  240s
 63557 20095     cutoff   75      4.3219e+07 2.3542e+07  45.5%  97.7  246s
 64717 20521 2.4146e+07   72   78 4.3219e+07 2.3551e+07  45.5%  97.9  250s
 66191 20988 2.3945e+07   63  108 4.3219e+07 2.3561e+07  45.5%  98.3  256s
 66985 21281 infeasible   70      4.3219e+07 2.3563e+07  45.5%  98.6  260s
 68597 21925     cutoff   71      4.3219e+07 2.3575e+07  45.5%  98.9  267s
 69413 22204 2.5126e+07   86   93 4.3219e+07 2.3580e+07  45.4%  99.1  270s
 71108 22780 2.4821e+07   64   50 4.3219e+07 2.3592e+07  45.4%  99.3  276s
 72119 23169     cutoff   88      4.3219e+07 2.3599e+07  45.4%  99.5  280s
 73614 23803 3.3645e+07   69   61 4.3219e+07 2.3607e+07  45.4%   100  286s
 74516 24157 3.4433e+07   85   42 4.3219e+07 2.3611e+07  45.4%   100  290s
 76074 24677 3.4416e+07   67   55 4.3219e+07 2.3623e+07  45.3%   100  296s
 77383 25122 3.4406e+07   87   74 4.3219e+07 2.3634e+07  45.3%   100  301s
 78136 25397     cutoff   82      4.3219e+07 2.3637e+07  45.3%   100  306s
 79712 25856 infeasible   67      4.3219e+07 2.3647e+07  45.3%   101  311s
 81108 26319 infeasible   64      4.3219e+07 2.3655e+07  45.3%   101  315s
 82195 26696     cutoff   73      4.3219e+07 2.3664e+07  45.2%   101  320s
 83266 27130 3.6245e+07   91   84 4.3219e+07 2.3670e+07  45.2%   101  325s
 83869 27286 2.5369e+07   68  100 4.3219e+07 2.3673e+07  45.2%   101  330s
 84869 27575 2.4097e+07   60  125 4.3219e+07 2.3679e+07  45.2%   102  335s
 85877 27887 2.4059e+07   71   52 4.3219e+07 2.3686e+07  45.2%   102  340s
 86886 28228 2.7645e+07   80   96 4.3219e+07 2.3692e+07  45.2%   102  345s
 87869 28582     cutoff   69      4.3219e+07 2.3698e+07  45.2%   102  350s
 88728 28838 2.5171e+07   68   93 4.3219e+07 2.3703e+07  45.2%   102  355s
 90009 29279 2.6839e+07   80   93 4.3219e+07 2.3707e+07  45.1%   102  360s
*90076 26893              78    3.452370e+07 2.3707e+07  31.3%   102  360s
 91091 27171 2.4282e+07   65   71 3.4524e+07 2.3715e+07  31.3%   103  366s
 91923 27370 2.4182e+07   72   89 3.4524e+07 2.3721e+07  31.3%   103  371s
 92794 27631 infeasible   74      3.4524e+07 2.3726e+07  31.3%   103  376s
 93736 27868 infeasible   77      3.4524e+07 2.3731e+07  31.3%   103  380s
 94690 28072 2.4125e+07   69   80 3.4524e+07 2.3737e+07  31.2%   103  385s
 95989 28323 2.3886e+07   66   25 3.4524e+07 2.3746e+07  31.2%   104  392s
 96970 28561 3.3698e+07   71   49 3.4524e+07 2.3751e+07  31.2%   104  396s
 97848 28723     cutoff   75      3.4524e+07 2.3758e+07  31.2%   104  401s
 98751 28902 2.4137e+07   69   79 3.4524e+07 2.3763e+07  31.2%   104  405s
 99621 29128 infeasible   81      3.4524e+07 2.3769e+07  31.2%   105  410s
 100949 29432     cutoff   71      3.4524e+07 2.3774e+07  31.1%   105  417s
 101782 29575 2.6211e+07   71   71 3.4524e+07 2.3780e+07  31.1%   105  421s
 102653 29754     cutoff   65      3.4524e+07 2.3786e+07  31.1%   105  426s
 103532 29925     cutoff   65      3.4524e+07 2.3791e+07  31.1%   106  430s
 104388 30106 infeasible   70      3.4524e+07 2.3796e+07  31.1%   106  435s
 105745 30452 infeasible   72      3.4524e+07 2.3804e+07  31.1%   106  441s
 106575 30659 2.8383e+07   60   80 3.4524e+07 2.3808e+07  31.0%   106  446s
 107431 30910 2.4628e+07   70   94 3.4524e+07 2.3813e+07  31.0%   106  450s
 108275 31095 2.3874e+07   86   57 3.4524e+07 2.3817e+07  31.0%   107  455s
 109591 31365 2.4091e+07   72   97 3.4524e+07 2.3825e+07  31.0%   107  462s
 110320 31448 3.4306e+07   64   31 3.4524e+07 2.3831e+07  31.0%   107  466s
 111216 31639     cutoff   65      3.4524e+07 2.3835e+07  31.0%   107  471s
 112114 31816 3.3960e+07   71   50 3.4524e+07 2.3840e+07  30.9%   107  475s
 112917 31927 3.3921e+07   84   87 3.4524e+07 2.3843e+07  30.9%   108  480s
 114169 32210     cutoff   70      3.4524e+07 2.3849e+07  30.9%   108  487s
 115014 32363 3.4201e+07   61   31 3.4524e+07 2.3856e+07  30.9%   108  491s
 115813 32495 3.4406e+07   62   42 3.4524e+07 2.3860e+07  30.9%   108  496s
 116694 32667 infeasible   76      3.4524e+07 2.3865e+07  30.9%   108  500s
 117835 32821 infeasible   89      3.4524e+07 2.3872e+07  30.9%   109  506s
 118714 33050 2.4032e+07   63   51 3.4524e+07 2.3876e+07  30.8%   109  511s
 119554 33206 3.4282e+07   74   42 3.4524e+07 2.3880e+07  30.8%   109  515s
 120315 33322 2.4710e+07   65   56 3.4524e+07 2.3885e+07  30.8%   109  520s
 121575 33519 infeasible   69      3.4524e+07 2.3891e+07  30.8%   109  526s
 122380 33645 2.4494e+07   76   85 3.4524e+07 2.3895e+07  30.8%   110  531s
 123215 33749 2.4149e+07   67   62 3.4524e+07 2.3899e+07  30.8%   110  535s
 124012 33860 infeasible   72      3.4524e+07 2.3901e+07  30.8%   110  540s
 125213 33970 infeasible   75      3.4524e+07 2.3908e+07  30.7%   110  546s
 126043 34146 2.4932e+07   73   54 3.4524e+07 2.3912e+07  30.7%   110  551s
 126843 34274     cutoff   76      3.4524e+07 2.3917e+07  30.7%   111  555s
 128014 34443     cutoff   70      3.4524e+07 2.3922e+07  30.7%   111  561s
 128840 34558 infeasible   73      3.4524e+07 2.3926e+07  30.7%   111  566s
 129696 34666 infeasible   74      3.4524e+07 2.3930e+07  30.7%   111  570s
 130945 34862 infeasible   71      3.4524e+07 2.3936e+07  30.7%   111  577s
 131709 34947 2.4462e+07   61   61 3.4524e+07 2.3939e+07  30.7%   112  581s
 132524 35124 infeasible   72      3.4524e+07 2.3943e+07  30.6%   112  585s
 133274 35279 infeasible   67      3.4524e+07 2.3946e+07  30.6%   112  590s
 134546 35468     cutoff   74      3.4524e+07 2.3952e+07  30.6%   112  596s
 135310 35560 infeasible   85      3.4524e+07 2.3956e+07  30.6%   112  601s
 136137 35737 infeasible   73      3.4524e+07 2.3961e+07  30.6%   112  605s
 137273 35871 2.5253e+07   73   94 3.4524e+07 2.3966e+07  30.6%   113  611s
 138091 36008 infeasible   75      3.4524e+07 2.3969e+07  30.6%   113  616s
 138868 36116 3.0096e+07   70   55 3.4524e+07 2.3973e+07  30.6%   113  620s
 139661 36245 2.4129e+07   67   79 3.4524e+07 2.3976e+07  30.6%   113  625s
 140830 36322     cutoff   60      3.4524e+07 2.3982e+07  30.5%   113  631s
 141606 36419     cutoff   70      3.4524e+07 2.3986e+07  30.5%   113  635s
 142368 36505 2.9250e+07   74   68 3.4524e+07 2.3989e+07  30.5%   114  640s
 143475 36622 infeasible   70      3.4524e+07 2.3996e+07  30.5%   114  646s
 144325 36741 2.6881e+07   73   60 3.4524e+07 2.3999e+07  30.5%   114  651s
 145143 36802 infeasible   76      3.4524e+07 2.4002e+07  30.5%   114  655s
 146217 36874     cutoff   76      3.4524e+07 2.4008e+07  30.5%   114  661s
 146993 36991 infeasible   78      3.4524e+07 2.4011e+07  30.4%   115  666s
 147862 37128 2.4126e+07   79   59 3.4524e+07 2.4015e+07  30.4%   115  670s
 148971 37217 2.6322e+07   70  142 3.4524e+07 2.4021e+07  30.4%   115  676s
 149766 37296 infeasible   72      3.4524e+07 2.4025e+07  30.4%   115  681s
 150524 37382 2.4509e+07   75  125 3.4524e+07 2.4028e+07  30.4%   115  685s
 151605 37404 infeasible   60      3.4524e+07 2.4033e+07  30.4%   115  691s
 152425 37494 3.4514e+07   83   64 3.4524e+07 2.4037e+07  30.4%   115  696s
 153227 37559     cutoff  100      3.4524e+07 2.4040e+07  30.4%   116  700s
 154294 37589 2.4474e+07   65   77 3.4524e+07 2.4046e+07  30.3%   116  707s
 155073 37649 2.4825e+07   82   96 3.4524e+07 2.4050e+07  30.3%   116  711s
 155849 37712 2.4601e+07   66   72 3.4524e+07 2.4054e+07  30.3%   116  715s
 156975 37756 2.4442e+07   71   62 3.4524e+07 2.4059e+07  30.3%   116  722s
 157789 37878 2.9766e+07   67   42 3.4524e+07 2.4062e+07  30.3%   116  726s
 158553 38000 infeasible   75      3.4524e+07 2.4065e+07  30.3%   117  730s
 159259 38029     cutoff   75      3.4524e+07 2.4068e+07  30.3%   117  735s
 160418 38126     cutoff   78      3.4524e+07 2.4073e+07  30.3%   117  741s
 161179 38225 infeasible   70      3.4524e+07 2.4076e+07  30.3%   117  746s
 161645 38240     cutoff   86      3.4524e+07 2.4077e+07  30.3%   117  750s
 162758 38309 3.4419e+07   61   42 3.4524e+07 2.4083e+07  30.2%   117  757s
 163431 38354 3.4319e+07   83   45 3.4524e+07 2.4086e+07  30.2%   117  761s
 164159 38378     cutoff   89      3.4524e+07 2.4089e+07  30.2%   118  765s
 165316 38438     cutoff   71      3.4524e+07 2.4095e+07  30.2%   118  772s
 166083 38526 infeasible   69      3.4524e+07 2.4099e+07  30.2%   118  776s
 166856 38572 2.4549e+07   75   84 3.4524e+07 2.4102e+07  30.2%   118  780s
 167593 38648     cutoff   76      3.4524e+07 2.4105e+07  30.2%   118  785s
 168717 38683 infeasible   82      3.4524e+07 2.4111e+07  30.2%   118  791s
 169468 38710 3.0995e+07   72   62 3.4524e+07 2.4114e+07  30.2%   119  796s
 170265 38792 2.7149e+07   64   87 3.4524e+07 2.4117e+07  30.1%   119  800s
 171446 38906 2.4158e+07   68   68 3.4524e+07 2.4122e+07  30.1%   119  807s
 172155 38941 3.4458e+07   69   67 3.4524e+07 2.4126e+07  30.1%   119  811s
 172884 38951 2.4717e+07   74   82 3.4524e+07 2.4129e+07  30.1%   119  816s
 173642 38978 3.1527e+07   72   70 3.4524e+07 2.4132e+07  30.1%   119  820s
 174758 38994 infeasible   64      3.4524e+07 2.4138e+07  30.1%   119  826s
 175442 39019 2.4786e+07   70  111 3.4524e+07 2.4141e+07  30.1%   120  831s
 176160 39111 infeasible   66      3.4524e+07 2.4144e+07  30.1%   120  835s
 177195 39117 infeasible   62      3.4524e+07 2.4148e+07  30.1%   120  842s
 177947 39106     cutoff   66      3.4524e+07 2.4151e+07  30.0%   120  846s
 178680 39088 infeasible   61      3.4524e+07 2.4154e+07  30.0%   120  850s
 179423 39111     cutoff   73      3.4524e+07 2.4158e+07  30.0%   120  855s
 180497 39138 2.6237e+07   92  109 3.4524e+07 2.4164e+07  30.0%   121  862s
 181210 39144 infeasible   67      3.4524e+07 2.4168e+07  30.0%   121  866s
 181917 39136 2.4473e+07   64   70 3.4524e+07 2.4171e+07  30.0%   121  870s
 182931 39116     cutoff   65      3.4524e+07 2.4175e+07  30.0%   121  877s
 183682 39125 2.8219e+07   68   70 3.4524e+07 2.4179e+07  30.0%   121  881s
 184401 39125 infeasible   83      3.4524e+07 2.4181e+07  30.0%   121  885s
 185172 39157 3.4269e+07   77   30 3.4524e+07 2.4184e+07  29.9%   121  890s
 186312 39170 infeasible   71      3.4524e+07 2.4190e+07  29.9%   122  896s
 187017 39192 infeasible   78      3.4524e+07 2.4192e+07  29.9%   122  901s
 187746 39243 2.6648e+07   61  124 3.4524e+07 2.4196e+07  29.9%   122  905s
 188846 39250 2.6461e+07   73  102 3.4524e+07 2.4201e+07  29.9%   122  911s
 189634 39307 2.7452e+07   66   85 3.4524e+07 2.4204e+07  29.9%   122  916s
 190415 39354 2.4698e+07   73   99 3.4524e+07 2.4206e+07  29.9%   122  920s
 191126 39321 2.6594e+07   80   95 3.4524e+07 2.4210e+07  29.9%   122  925s
 192202 39288     cutoff   80      3.4524e+07 2.4216e+07  29.9%   122  931s
 192927 39314     cutoff   81      3.4524e+07 2.4218e+07  29.8%   123  936s
 193670 39338 infeasible   75      3.4524e+07 2.4221e+07  29.8%   123  940s
 194360 39332     cutoff   65      3.4524e+07 2.4224e+07  29.8%   123  945s
 195379 39310 3.4277e+07   88   48 3.4524e+07 2.4228e+07  29.8%   123  951s
 196028 39297 infeasible   64      3.4524e+07 2.4231e+07  29.8%   123  955s
 197093 39338     cutoff   79      3.4524e+07 2.4235e+07  29.8%   123  961s
 197784 39323 2.4604e+07   93  100 3.4524e+07 2.4238e+07  29.8%   123  966s
 198454 39315     cutoff   84      3.4524e+07 2.4241e+07  29.8%   124  970s
 199448 39313 2.5574e+07   70  131 3.4524e+07 2.4246e+07  29.8%   124  977s
 200157 39305 infeasible   73      3.4524e+07 2.4249e+07  29.8%   124  981s
 200869 39327 infeasible   80      3.4524e+07 2.4252e+07  29.8%   124  986s
 201533 39342 2.4836e+07   70   73 3.4524e+07 2.4255e+07  29.7%   124  990s
 202604 39325 infeasible   72      3.4524e+07 2.4260e+07  29.7%   124  996s
 203313 39329     cutoff   78      3.4524e+07 2.4264e+07  29.7%   124 1001s
 204072 39321 infeasible   72      3.4524e+07 2.4267e+07  29.7%   125 1006s
 204732 39338 2.7744e+07   85   97 3.4524e+07 2.4270e+07  29.7%   125 1010s
 205795 39319     cutoff   73      3.4524e+07 2.4275e+07  29.7%   125 1017s
 206521 39288 2.4884e+07   73   65 3.4524e+07 2.4278e+07  29.7%   125 1021s
 207216 39296 3.4226e+07   63   38 3.4524e+07 2.4280e+07  29.7%   125 1025s
 207875 39266     cutoff   68      3.4524e+07 2.4284e+07  29.7%   125 1030s
 208904 39171 3.4225e+07   89   65 3.4524e+07 2.4288e+07  29.6%   125 1035s
 209515 39126 2.6718e+07   89  128 3.4524e+07 2.4292e+07  29.6%   125 1040s
 210514 39044 2.5991e+07   78   66 3.4524e+07 2.4297e+07  29.6%   126 1046s
 211132 39010 3.4335e+07   92   84 3.4524e+07 2.4299e+07  29.6%   126 1050s
 212141 38937 3.3615e+07   71   65 3.4524e+07 2.4304e+07  29.6%   126 1057s
 212831 38876     cutoff   96      3.4524e+07 2.4307e+07  29.6%   126 1061s
 213501 38825 2.6567e+07   72   81 3.4524e+07 2.4311e+07  29.6%   126 1065s
 214533 38777 infeasible   75      3.4524e+07 2.4314e+07  29.6%   126 1072s
 215160 38712 3.4508e+07   77   47 3.4524e+07 2.4318e+07  29.6%   127 1076s
 215840 38701 infeasible   77      3.4524e+07 2.4322e+07  29.5%   127 1080s
 216515 38658 infeasible   75      3.4524e+07 2.4325e+07  29.5%   127 1085s
 217532 38563 infeasible   79      3.4524e+07 2.4330e+07  29.5%   127 1091s
 218199 38544 infeasible   72      3.4524e+07 2.4334e+07  29.5%   127 1095s
 219149 38436 2.8991e+07   62   79 3.4524e+07 2.4338e+07  29.5%   127 1101s
 219744 38357     cutoff   83      3.4524e+07 2.4341e+07  29.5%   127 1106s
 220396 38311     cutoff   69      3.4524e+07 2.4345e+07  29.5%   128 1110s
 221369 38224     cutoff   70      3.4524e+07 2.4350e+07  29.5%   128 1116s
 222104 38159 2.5367e+07   78   96 3.4524e+07 2.4354e+07  29.5%   128 1121s
 222786 38087 3.4106e+07   73   45 3.4524e+07 2.4357e+07  29.4%   128 1125s
 223826 38014 3.4509e+07   78   72 3.4524e+07 2.4363e+07  29.4%   128 1131s
 224525 37977 2.4599e+07   63   83 3.4524e+07 2.4367e+07  29.4%   128 1135s
 225198 37895 2.7331e+07   71  122 3.4524e+07 2.4370e+07  29.4%   128 1140s
 226216 37841     cutoff   62      3.4524e+07 2.4375e+07  29.4%   129 1146s
 227083 37716 2.4953e+07   69  114 3.4524e+07 2.4382e+07  29.4%   129 1151s
 227675 37626 2.5936e+07   95  117 3.4524e+07 2.4385e+07  29.4%   129 1155s
 228335 37561 2.4603e+07   75   87 3.4524e+07 2.4388e+07  29.4%   129 1160s
 229338 37469 2.6056e+07   79   88 3.4524e+07 2.4392e+07  29.3%   129 1166s
 230006 37402     cutoff   75      3.4524e+07 2.4396e+07  29.3%   129 1170s
 231033 37315 2.5819e+07   65   80 3.4524e+07 2.4402e+07  29.3%   129 1176s
 231684 37234     cutoff   80      3.4524e+07 2.4406e+07  29.3%   130 1180s
 232643 37101 infeasible   85      3.4524e+07 2.4411e+07  29.3%   130 1185s
 233548 36990 infeasible   79      3.4524e+07 2.4417e+07  29.3%   130 1191s
 234173 36914 2.4664e+07   67   84 3.4524e+07 2.4421e+07  29.3%   130 1195s
 234791 36857 infeasible   68      3.4524e+07 2.4424e+07  29.3%   130 1200s
 235808 36782     cutoff   63      3.4524e+07 2.4430e+07  29.2%   130 1206s
 236456 36703     cutoff   63      3.4524e+07 2.4434e+07  29.2%   130 1210s
 237065 36633 2.5622e+07   83   93 3.4524e+07 2.4437e+07  29.2%   131 1215s
 238070 36521 2.4669e+07   79   52 3.4524e+07 2.4444e+07  29.2%   131 1221s
 238719 36425     cutoff   85      3.4524e+07 2.4447e+07  29.2%   131 1225s
 239700 36350 2.4611e+07   80   62 3.4524e+07 2.4454e+07  29.2%   131 1232s
 240283 36238 2.4634e+07   73   74 3.4524e+07 2.4458e+07  29.2%   131 1236s
 240929 36176 infeasible   78      3.4524e+07 2.4463e+07  29.1%   131 1240s
 241888 36056     cutoff   84      3.4524e+07 2.4468e+07  29.1%   131 1246s
 242545 35923 2.4510e+07   67   67 3.4524e+07 2.4472e+07  29.1%   131 1250s
 243465 35762     cutoff   72      3.4524e+07 2.4479e+07  29.1%   132 1255s
 244259 35606     cutoff   85      3.4524e+07 2.4484e+07  29.1%   132 1261s
 245093 35452     cutoff   72      3.4524e+07 2.4490e+07  29.1%   132 1266s
 245645 35339     cutoff   70      3.4524e+07 2.4494e+07  29.1%   132 1271s
 246224 35245 infeasible   76      3.4524e+07 2.4498e+07  29.0%   132 1275s
 246964 35133     cutoff   74      3.4524e+07 2.4503e+07  29.0%   132 1281s
 247535 35002     cutoff   66      3.4524e+07 2.4508e+07  29.0%   133 1286s
 248288 34831     cutoff   75      3.4524e+07 2.4514e+07  29.0%   133 1292s
 248877 34718 2.4654e+07   57   76 3.4524e+07 2.4518e+07  29.0%   133 1295s
 249682 34539     cutoff   59      3.4524e+07 2.4525e+07  29.0%   133 1301s
 250252 34421 2.4866e+07   75  102 3.4524e+07 2.4530e+07  28.9%   133 1305s
 251118 34274     cutoff   74      3.4524e+07 2.4537e+07  28.9%   133 1312s
 251654 34142     cutoff   80      3.4524e+07 2.4542e+07  28.9%   133 1316s
 252283 34055 infeasible   89      3.4524e+07 2.4546e+07  28.9%   134 1320s
 253162 33919     cutoff   68      3.4524e+07 2.4552e+07  28.9%   134 1326s
 253744 33801 3.4218e+07   77  106 3.4524e+07 2.4556e+07  28.9%   134 1330s
 254586 33684     cutoff   81      3.4524e+07 2.4563e+07  28.9%   134 1336s
 255053 33542 infeasible   71      3.4524e+07 2.4566e+07  28.8%   134 1340s
 255901 33368 2.9335e+07   87  125 3.4524e+07 2.4574e+07  28.8%   134 1346s
 256751 33202 2.4714e+07   68   66 3.4524e+07 2.4581e+07  28.8%   134 1351s
 257551 32999     cutoff   71      3.4524e+07 2.4589e+07  28.8%   135 1356s
 258090 32900 infeasible   80      3.4524e+07 2.4592e+07  28.8%   135 1360s
 258919 32733 2.4851e+07   58   94 3.4524e+07 2.4601e+07  28.7%   135 1366s
 259698 32538     cutoff   85      3.4524e+07 2.4609e+07  28.7%   135 1371s
 260264 32459     cutoff   69      3.4524e+07 2.4614e+07  28.7%   135 1376s
H260442 32331                    3.450200e+07 2.4615e+07  28.7%   135 1376s
 260679 32225     cutoff   81      3.4502e+07 2.4618e+07  28.6%   135 1381s
 261056 32138     cutoff   72      3.4502e+07 2.4621e+07  28.6%   135 1385s
 261886 31967 2.4981e+07   67  117 3.4502e+07 2.4629e+07  28.6%   135 1391s
 262406 31865 2.7660e+07   78  107 3.4502e+07 2.4634e+07  28.6%   136 1395s
 263126 31669 2.5253e+07   77   96 3.4502e+07 2.4642e+07  28.6%   136 1400s
 263816 31452     cutoff   73      3.4502e+07 2.4651e+07  28.6%   136 1405s
 264607 31296 2.4865e+07   88   48 3.4502e+07 2.4660e+07  28.5%   136 1410s
 265368 31129 infeasible   75      3.4502e+07 2.4670e+07  28.5%   136 1415s
 266006 30939 2.9728e+07   89   52 3.4502e+07 2.4678e+07  28.5%   136 1421s
 266545 30820 infeasible   71      3.4502e+07 2.4684e+07  28.5%   137 1425s
 267289 30620     cutoff   80      3.4502e+07 2.4695e+07  28.4%   137 1430s
 268017 30416 2.4810e+07   55  115 3.4502e+07 2.4705e+07  28.4%   137 1435s
 268932 30125     cutoff   74      3.4502e+07 2.4719e+07  28.4%   137 1440s
 269624 29888 3.4139e+07   79  105 3.4502e+07 2.4728e+07  28.3%   137 1445s
 270343 29705     cutoff   98      3.4502e+07 2.4737e+07  28.3%   137 1451s
 271050 29491 2.7882e+07   77  130 3.4502e+07 2.4748e+07  28.3%   138 1456s
 271603 29362 infeasible   74      3.4502e+07 2.4756e+07  28.2%   138 1460s
 272316 29168 infeasible  106      3.4502e+07 2.4767e+07  28.2%   138 1465s
 272944 28941 2.5541e+07   85   73 3.4502e+07 2.4781e+07  28.2%   138 1470s
 273899 28675 3.4286e+07   72   48 3.4502e+07 2.4799e+07  28.1%   138 1476s
 274533 28443 infeasible   66      3.4502e+07 2.4814e+07  28.1%   138 1481s
 275159 28213 3.4158e+07   82   94 3.4502e+07 2.4829e+07  28.0%   139 1485s
 275863 28006 infeasible   65      3.4502e+07 2.4844e+07  28.0%   139 1490s
 276710 27689 2.4950e+07   79   70 3.4502e+07 2.4865e+07  27.9%   139 1496s
 277409 27482 infeasible   95      3.4502e+07 2.4881e+07  27.9%   139 1500s
 278210 27172 infeasible   80      3.4502e+07 2.4906e+07  27.8%   139 1506s
 278854 26974 2.8468e+07   67  116 3.4502e+07 2.4926e+07  27.8%   139 1511s
 279582 26784 2.9647e+07   99   96 3.4502e+07 2.4946e+07  27.7%   140 1515s
 280407 26490     cutoff   74      3.4502e+07 2.4976e+07  27.6%   140 1521s
 281146 26285     cutoff   73      3.4502e+07 2.5000e+07  27.5%   140 1526s
 281828 26082 2.7867e+07   87   66 3.4502e+07 2.5027e+07  27.5%   140 1530s
 282642 25975 infeasible   79      3.4502e+07 2.5056e+07  27.4%   140 1537s
 282978 25806     cutoff   56      3.4502e+07 2.5070e+07  27.3%   140 1540s
*283173 17200              67    3.384920e+07 2.5080e+07  25.9%   140 1541s
 283518 17049 infeasible   77      3.3849e+07 2.5098e+07  25.9%   140 1545s
 284031 16821 2.9685e+07   79   46 3.3849e+07 2.5132e+07  25.8%   140 1551s
 284510 16581 2.9691e+07   80   73 3.3849e+07 2.5169e+07  25.6%   140 1555s
 285256 16271     cutoff   73      3.3849e+07 2.5227e+07  25.5%   141 1561s
 285686 16056 infeasible   85      3.3849e+07 2.5262e+07  25.4%   141 1566s
 286436 15742     cutoff   68      3.3849e+07 2.5343e+07  25.1%   141 1570s
 287254 15337 2.5589e+07   77   92 3.3849e+07 2.5440e+07  24.8%   141 1576s
 287968 15031 2.6751e+07   84  107 3.3849e+07 2.5548e+07  24.5%   141 1580s
 288731 14724 2.7444e+07   65   78 3.3849e+07 2.5661e+07  24.2%   141 1586s
 289457 14405     cutoff   68      3.3849e+07 2.5784e+07  23.8%   141 1590s
 290168 14096     cutoff   69      3.3849e+07 2.5905e+07  23.5%   141 1595s
 291069 13720 2.6184e+07   68   92 3.3849e+07 2.6096e+07  22.9%   141 1600s
 291976 13334 2.9103e+07   63   47 3.3849e+07 2.6324e+07  22.2%   142 1605s
 292830 12945 3.2624e+07   84   88 3.3849e+07 2.6566e+07  21.5%   142 1610s
 293704 12553 2.8185e+07   79   66 3.3849e+07 2.6843e+07  20.7%   142 1615s
 294667 12201 2.7560e+07   69   74 3.3849e+07 2.7177e+07  19.7%   142 1620s
 295640 11622 3.3476e+07   67   58 3.3849e+07 2.7756e+07  18.0%   142 1625s
 296450 11270 3.3002e+07   54   37 3.3849e+07 2.8289e+07  16.4%   142 1630s
 297616 10943 infeasible   83      3.3849e+07 2.8830e+07  14.8%   142 1635s
 298785 10283     cutoff   83      3.3849e+07 2.9605e+07  12.5%   142 1640s
 299687  9632 3.3627e+07   85   59 3.3849e+07 3.1310e+07  7.50%   142 1645s
 300639  9164 3.3563e+07   60   53 3.3849e+07 3.2449e+07  4.14%   142 1650s
 301736  8852 3.3765e+07   70   40 3.3849e+07 3.2546e+07  3.85%   142 1655s
 302903  8534 3.3718e+07   67   24 3.3849e+07 3.2546e+07  3.85%   142 1661s
 303728  8385 infeasible   86      3.3849e+07 3.2546e+07  3.85%   142 1665s
 304875  7983 3.2859e+07   51   34 3.3849e+07 3.2792e+07  3.12%   142 1671s
 305988  7774     cutoff   71      3.3849e+07 3.2871e+07  2.89%   142 1676s
 307161  7674 3.3034e+07   67   32 3.3849e+07 3.2926e+07  2.73%   142 1681s
 308443  7858 3.3013e+07   63   23 3.3849e+07 3.2971e+07  2.59%   141 1687s
 309603  7944 3.3054e+07   56   17 3.3849e+07 3.3026e+07  2.43%   141 1691s
 310666  8026 3.3397e+07   57   34 3.3849e+07 3.3066e+07  2.31%   141 1695s
 312223  8115 3.3291e+07   68   17 3.3849e+07 3.3104e+07  2.20%   141 1702s
 313353  8143 3.3399e+07   69   32 3.3849e+07 3.3136e+07  2.11%   141 1705s
 314969  8004     cutoff   79      3.3849e+07 3.3181e+07  1.97%   141 1711s
 316136  7930 3.3466e+07   74   45 3.3849e+07 3.3210e+07  1.89%   140 1715s
 317588  7817     cutoff   67      3.3849e+07 3.3239e+07  1.80%   140 1720s
 318959  7643 3.3498e+07   84   32 3.3849e+07 3.3266e+07  1.72%   140 1725s
 320357  7485 infeasible   66      3.3849e+07 3.3293e+07  1.64%   140 1730s
 321569  7296     cutoff   61      3.3849e+07 3.3314e+07  1.58%   140 1735s
 322737  7095 infeasible   60      3.3849e+07 3.3338e+07  1.51%   140 1741s
 323773  6823     cutoff   59      3.3849e+07 3.3363e+07  1.44%   140 1745s
 325206  6447     cutoff   64      3.3849e+07 3.3397e+07  1.34%   139 1750s
 326395  6095     cutoff   68      3.3849e+07 3.3423e+07  1.26%   139 1755s
 327794  5584     cutoff   63      3.3849e+07 3.3459e+07  1.15%   139 1760s
 329203  4959     cutoff   73      3.3849e+07 3.3500e+07  1.03%   139 1765s
 330083  4567 3.3796e+07   70   55 3.3849e+07 3.3524e+07  0.96%   139 1770s
 331495  3861 infeasible   65      3.3849e+07 3.3572e+07  0.82%   139 1775s
 332767  3130     cutoff   78      3.3849e+07 3.3622e+07  0.67%   139 1780s
 334412  2050 infeasible   79      3.3849e+07 3.3702e+07  0.43%   138 1785s
 336162   712     cutoff   85      3.3849e+07 3.3796e+07  0.16%   138 1790s

Cutting planes:
  Learned: 8
  Gomory: 18
  Cover: 810
  Implied bound: 644
  Clique: 18
  MIR: 97
  Flow cover: 210
  GUB cover: 12
  Zero half: 60

Explored 336976 nodes (46527959 simplex iterations) in 1791.97 seconds
Thread count was 4 (of 4 available processors)

Optimal solution found (tolerance 1.00e-04)
Best objective 3.384920000000e+07, best bound 3.384640000000e+07, gap 0.0083%
k_c1	1000000.0
k_c10	950000.0
k_c11	100000.0
k_c12	970000.0
k_c2	50000.0
k_c3	980000.0
k_c4	110000.0
k_c5	920000.0
k_c6	50000.0
k_c7	960000.0
k_c8	1000000.0
k_c9	940000.0
k_dN	0.0
o_1	0.0
o_10	0.0
o_11	0.0
o_12	1.0
o_2	0.0
o_3	0.0
o_4	0.0
o_5	0.0
o_6	0.0
o_7	0.0
o_8	0.0
o_9	1.0
p_1	0.0
p_10	0.0
p_11	0.0
p_12	1.0
p_2	0.0
p_3	0.0
p_4	0.0
p_5	0.0
p_6	0.0
p_7	1.0
p_8	0.0
p_9	1.0
phi_c1	21982.0
phi_c10	41022.0
phi_c11	43691.0
phi_c12	6529.0
phi_c2	16725.0
phi_c3	5043.0
phi_c4	25515.0
phi_c5	27629.0
phi_c6	14938.0
phi_c7	815.0
phi_c8	28405.0
phi_c9	0.0
phi_dN	0.0
pi_c1	0.0
pi_c10	0.0
pi_c11	0.0
pi_c12	142656.0
pi_c2	0.0
pi_c3	0.0
pi_c4	0.0
pi_c5	0.0
pi_c6	0.0
pi_c7	99185.0
pi_c8	0.0
pi_c9	50000.0
pi_dN	0.0
tauD_c1	104700.0
tauD_c10	492525.0
tauD_c11	749500.0
tauD_c12	261750.0
tauD_c2	850000.0
tauD_c3	198000.0
tauD_c4	740475.0
tauD_c5	632575.0
tauD_c6	850000.0
tauD_c7	293800.0
tauD_c8	100000.0
tauD_c9	585925.0
tauD_d0	0.0
tauD_dN	1000000.0
tauS_c1	815300.0
tauS_c10	892050.0
tauS_c11	872425.0
tauS_c12	55050.0
tauS_c2	857500.0
tauS_c3	842350.0
tauS_c4	891500.0
tauS_c5	890850.0
tauS_c6	904200.0
tauS_c7	457825.0
tauS_c8	87225.0
tauS_c9	585925.0
tauS_d0	0.0
tauS_dN	730000.0
x_c10_c5	1.0
x_c11_c2	1.0
x_c12_c10	1.0
x_c1_c3	1.0
x_c2_dN	1.0
x_c3_c7	1.0
x_c4_c6	1.0
x_c5_c4	1.0
x_c6_dN	1.0
x_c7_c9	1.0
x_c8_c12	1.0
x_c9_c11	1.0
x_d0_c1	1.0
x_d0_c8	1.0
z_c12_c7	1.0
z_c7_c9	1.0
z_c9_dN	1.0
z_d0_c12	1.0
