
Gurobi 6.0.4 (win64) logging started 06/16/15 20:53:48

Read LP format model from file E:\Eigene Dateien\Downloads\Michi shit\VRPTWMS-master\VRPTWMS\instances\mip\fuel\N12-C_DV100-C_SV25_F5_0_No_1.lp
Reading time = 0.02 seconds
(null): 865 rows, 404 columns, 3771 nonzeros
Optimize a model with 865 rows, 404 columns and 3771 nonzeros
Model has 1872 quadratic constraints
WARNING: Only barrier available for SOCP models
Coefficient statistics:
  Matrix range    [1e+00, 1e+06]
  Objective range [3e+04, 1e+07]
  Bounds range    [1e+00, 1e+06]
  RHS range       [1e+00, 1e+06]
Presolve removed 64 rows and 40 columns
Presolve time: 0.18s
Presolved: 3942 rows, 1989 columns, 20110 nonzeros
Variable types: 1516 continuous, 473 integer (410 binary)
Found heuristic solution: objective 1.242886e+08
Optimize a model with 3942 rows, 1989 columns and 20110 nonzeros
Coefficient statistics:
  Matrix range    [1e+00, 1e+06]
  Objective range [3e+04, 1e+07]
  Bounds range    [1e+00, 1e+06]
  RHS range       [1e+00, 1e+06]

Concurrent LP optimizer: dual simplex and barrier
Showing barrier log only...

Presolve removed 313 rows and 207 columns
Presolved: 3629 rows, 1782 columns, 18667 nonzeros

Root barrier log...

Ordering time: 0.02s

Barrier performed 0 iterations in 0.22 seconds
Barrier solve interrupted - model solved by another algorithm


Solved with dual simplex
Solved in 165 iterations and 0.22 seconds
Optimal objective  2.106801470e+06

Root relaxation: objective 2.106801e+06, 165 iterations, 0.03 seconds

    Nodes    |    Current Node    |     Objective Bounds      |     Work
 Expl Unexpl |  Obj  Depth IntInf | Incumbent    BestBd   Gap | It/Node Time

     0     0 2106801.47    0   37 1.2429e+08 2106801.47  98.3%     -    0s
     0     0 2387678.10    0   69 1.2429e+08 2387678.10  98.1%     -    0s
H    0     0                    9.371980e+07 2387678.10  97.5%     -    0s
H    0     0                    6.305990e+07 2387678.10  96.2%     -    0s
     0     0 2536348.76    0   67 6.3060e+07 2536348.76  96.0%     -    0s
     0     0 2593200.38    0   72 6.3060e+07 2593200.38  95.9%     -    0s
     0     0 2627004.92    0   64 6.3060e+07 2627004.92  95.8%     -    0s
     0     0 2627004.92    0   64 6.3060e+07 2627004.92  95.8%     -    0s
     0     0 2627004.92    0   63 6.3060e+07 2627004.92  95.8%     -    0s
H    0     2                    5.290400e+07 2627004.92  95.0%     -    0s
     0     2 2627004.92    0   57 5.2904e+07 2627004.92  95.0%     -    0s
H   60    54                    5.289680e+07 2769224.80  94.8%  53.1    0s
*  187   166              57    4.385340e+07 2769224.80  93.7%  34.6    0s
H  255   213                    4.340930e+07 2769224.80  93.6%  32.2    0s
H  289   231                    4.340410e+07 2769224.80  93.6%  32.2    0s
  2638  1403 2.2877e+07   28   39 4.3404e+07 1.0706e+07  75.3%  44.8    5s
H 3818  2099                    4.333710e+07 1.2318e+07  71.6%  43.6    7s
* 4760  2797              59    4.315230e+07 1.2487e+07  71.1%  42.5    8s
* 4842  2847              39    4.310950e+07 1.2516e+07  71.0%  42.5    8s
H 4885  2844                    4.263500e+07 1.2516e+07  70.6%  42.4    8s
H 5234  3049                    4.245790e+07 1.2549e+07  70.4%  43.7    9s
  5585  3289 3.2626e+07   34   21 4.2458e+07 1.2611e+07  70.3%  44.9   10s
* 7072  3911              32    3.388380e+07 1.2739e+07  62.4%  46.5   12s
* 7073  3867              32    3.377000e+07 1.2739e+07  62.3%  46.5   12s
* 7621  3804              25    3.331360e+07 1.2766e+07  61.7%  47.3   13s
* 7623  3737              25    3.325250e+07 1.2766e+07  61.6%  47.3   13s
H 8174  4002                    3.324730e+07 1.2825e+07  61.4%  48.4   14s
  8545  4140 2.3490e+07   33   50 3.3247e+07 1.2862e+07  61.3%  49.8   15s
 10739  4961 infeasible   48      3.3247e+07 1.3056e+07  60.7%  54.5   20s
H10980  5004                    3.324220e+07 1.3084e+07  60.6%  55.9   21s
 12174  5250 infeasible   36      3.3242e+07 1.3215e+07  60.2%  59.8   25s
 14382  5619 1.3425e+07   25   51 3.3242e+07 1.3425e+07  59.6%  65.6   30s
 16713  5923 1.6014e+07   45   53 3.3242e+07 1.3625e+07  59.0%  69.2   35s
 18757  6232 2.3789e+07   51   56 3.3242e+07 1.3804e+07  58.5%  71.6   40s
 20746  6442 2.3065e+07   37   63 3.3242e+07 1.4090e+07  57.6%  73.9   51s
 20767  6458 1.4090e+07   26   31 3.3242e+07 1.4090e+07  57.6%  73.9   55s
 21365  6614 2.4871e+07   35   29 3.3242e+07 1.4090e+07  57.6%  73.4   60s
 24257  7303 infeasible   46      3.3242e+07 1.4090e+07  57.6%  70.3   65s
 28002  7787 2.2589e+07   42   22 3.3242e+07 1.8355e+07  44.8%  69.7   72s
 31226  8446 2.2778e+07   38   39 3.3242e+07 2.2451e+07  32.5%  68.4   76s
 34997  9146 2.2626e+07   49   25 3.3242e+07 2.2507e+07  32.3%  65.4   81s
H35211  8615                    3.309080e+07 2.2507e+07  32.0%  65.3   81s
 37534  8885 2.2780e+07   45   39 3.3091e+07 2.2535e+07  31.9%  64.9   85s
H39202  9236                    3.308630e+07 2.2542e+07  31.9%  63.5   85s
*39804  9501              61    3.307370e+07 2.2543e+07  31.8%  63.2   86s
H39890  9377                    3.298580e+07 2.2543e+07  31.7%  63.2   86s
 42495 10347 infeasible   38      3.2986e+07 2.2572e+07  31.6%  63.2   91s
 44335 11017 2.2740e+07   45   18 3.2986e+07 2.2585e+07  31.5%  63.3   96s
 46326 11762 infeasible   47      3.2986e+07 2.2599e+07  31.5%  63.7  100s
 49175 12619 2.3161e+07   41   60 3.2986e+07 2.2618e+07  31.4%  64.0  105s
 52063 13551 infeasible   45      3.2986e+07 2.2638e+07  31.4%  64.3  110s
 54187 14133 2.3558e+07   54   66 3.2986e+07 2.2649e+07  31.3%  64.8  116s
 57039 14901     cutoff   59      3.2986e+07 2.2664e+07  31.3%  64.9  120s
 59651 15522 2.2939e+07   45   34 3.2986e+07 2.2677e+07  31.3%  65.2  125s
 62767 16236 infeasible   52      3.2986e+07 2.2691e+07  31.2%  65.7  131s
 64966 16729 2.3288e+07   51   32 3.2986e+07 2.2699e+07  31.2%  65.9  135s
 67281 17302 2.3770e+07   51   47 3.2986e+07 2.2710e+07  31.2%  66.2  140s
 70347 18033 2.3173e+07   33   47 3.2986e+07 2.2721e+07  31.1%  66.4  145s
 72697 18533 2.3102e+07   48   26 3.2986e+07 2.2729e+07  31.1%  66.8  150s
 74935 18940     cutoff   50      3.2986e+07 2.2739e+07  31.1%  67.0  155s
 77581 19449     cutoff   54      3.2986e+07 2.2749e+07  31.0%  67.4  160s
 80120 19917     cutoff   51      3.2986e+07 2.2760e+07  31.0%  67.8  165s
 83156 20444 infeasible   42      3.2986e+07 2.2771e+07  31.0%  68.2  170s
 85779 20918 2.3055e+07   34   73 3.2986e+07 2.2781e+07  30.9%  68.5  175s
 88307 21308     cutoff   39      3.2986e+07 2.2791e+07  30.9%  68.8  180s
 90715 21768     cutoff   35      3.2986e+07 2.2801e+07  30.9%  69.1  185s
 92696 22181 infeasible   52      3.2986e+07 2.2807e+07  30.9%  69.3  190s
 95083 22546 3.2859e+07   49   29 3.2986e+07 2.2817e+07  30.8%  69.4  195s
 98012 22952 2.3263e+07   48   39 3.2986e+07 2.2828e+07  30.8%  69.7  200s
 100218 23198     cutoff   50      3.2986e+07 2.2836e+07  30.8%  70.2  205s
 102596 23544 3.2732e+07   42   20 3.2986e+07 2.2845e+07  30.7%  70.4  210s
 105179 23912 2.3164e+07   49   58 3.2986e+07 2.2854e+07  30.7%  70.7  215s
 107442 24139 2.4201e+07   46   52 3.2986e+07 2.2862e+07  30.7%  71.0  220s
 109984 24271 infeasible   44      3.2986e+07 2.2872e+07  30.7%  71.4  225s
 112404 24534 2.3129e+07   41   36 3.2986e+07 2.2881e+07  30.6%  71.6  230s
 114326 24676     cutoff   38      3.2986e+07 2.2887e+07  30.6%  71.9  235s
 116681 25032 infeasible   52      3.2986e+07 2.2894e+07  30.6%  72.1  240s
 118901 25242     cutoff   54      3.2986e+07 2.2901e+07  30.6%  72.4  245s
 121592 25559 infeasible   39      3.2986e+07 2.2910e+07  30.5%  72.6  250s
 123842 25705     cutoff   41      3.2986e+07 2.2918e+07  30.5%  72.9  255s
 126374 25893 3.2881e+07   41   14 3.2986e+07 2.2927e+07  30.5%  73.2  260s
 128285 25982 2.3111e+07   43   34 3.2986e+07 2.2934e+07  30.5%  73.4  265s
 130368 26098 infeasible   40      3.2986e+07 2.2941e+07  30.5%  73.7  270s
 132038 26082     cutoff   47      3.2986e+07 2.2946e+07  30.4%  74.0  275s
 134507 26269 2.4771e+07   36   31 3.2986e+07 2.2954e+07  30.4%  74.3  280s
 136557 26356 2.4137e+07   49   95 3.2986e+07 2.2961e+07  30.4%  74.5  285s
 139064 26468 2.4283e+07   43   70 3.2986e+07 2.2970e+07  30.4%  74.8  290s
 140903 26425 2.9332e+07   40   34 3.2986e+07 2.2976e+07  30.3%  75.0  295s
 143176 26556     cutoff   58      3.2986e+07 2.2984e+07  30.3%  75.3  300s
 144813 26650     cutoff   58      3.2986e+07 2.2989e+07  30.3%  75.5  305s
 146985 26699 2.3759e+07   47   46 3.2986e+07 2.2997e+07  30.3%  75.8  310s
 149331 26852 2.3104e+07   49   55 3.2986e+07 2.3005e+07  30.3%  76.1  315s
 151178 26856     cutoff   48      3.2986e+07 2.3012e+07  30.2%  76.3  320s
 153062 26828 infeasible   51      3.2986e+07 2.3020e+07  30.2%  76.6  325s
 155216 26811     cutoff   38      3.2986e+07 2.3029e+07  30.2%  76.8  330s
 157291 26685 2.3365e+07   53   48 3.2986e+07 2.3037e+07  30.2%  77.0  335s
 159231 26505 2.3441e+07   46   41 3.2986e+07 2.3046e+07  30.1%  77.4  340s
 161417 26500     cutoff   60      3.2986e+07 2.3054e+07  30.1%  77.6  345s
 163252 26327 2.3401e+07   48   45 3.2986e+07 2.3063e+07  30.1%  77.8  350s
 165280 26319 infeasible   46      3.2986e+07 2.3071e+07  30.1%  78.0  355s
 167428 26283 2.3642e+07   50   36 3.2986e+07 2.3080e+07  30.0%  78.2  360s
 169527 26203 infeasible   42      3.2986e+07 2.3088e+07  30.0%  78.4  365s
 171403 26095 infeasible   61      3.2986e+07 2.3096e+07  30.0%  78.6  370s
 173279 25987 2.3114e+07   41   57 3.2986e+07 2.3104e+07  30.0%  78.9  375s
 175430 25963 2.3345e+07   45   33 3.2986e+07 2.3113e+07  29.9%  79.1  381s
 176834 25847 infeasible   48      3.2986e+07 2.3119e+07  29.9%  79.3  385s
 178670 25660 2.3441e+07   48   55 3.2986e+07 2.3127e+07  29.9%  79.5  390s
 180770 25470 2.3577e+07   40   59 3.2986e+07 2.3137e+07  29.9%  79.8  395s
 182660 25292     cutoff   53      3.2986e+07 2.3146e+07  29.8%  80.0  400s
 184471 25129 2.3388e+07   43   53 3.2986e+07 2.3154e+07  29.8%  80.2  405s
 186288 24965 infeasible   32      3.2986e+07 2.3163e+07  29.8%  80.5  410s
 188475 24800     cutoff   49      3.2986e+07 2.3173e+07  29.7%  80.7  415s
 190303 24641     cutoff   51      3.2986e+07 2.3182e+07  29.7%  80.9  420s
 192071 24431 2.3418e+07   43   42 3.2986e+07 2.3191e+07  29.7%  81.1  425s
 193669 24246 infeasible   40      3.2986e+07 2.3200e+07  29.7%  81.3  430s
 195495 23933     cutoff   46      3.2986e+07 2.3211e+07  29.6%  81.5  435s
 197337 23663 2.3251e+07   42   45 3.2986e+07 2.3223e+07  29.6%  81.7  440s
 198680 23393 2.3800e+07   50   35 3.2986e+07 2.3230e+07  29.6%  81.9  445s
 200592 23009     cutoff   48      3.2986e+07 2.3244e+07  29.5%  82.1  450s
 202463 22754 infeasible   47      3.2986e+07 2.3255e+07  29.5%  82.3  455s
 203744 22500 infeasible   44      3.2986e+07 2.3263e+07  29.5%  82.5  460s
 205640 22182 2.4006e+07   42   63 3.2986e+07 2.3276e+07  29.4%  82.7  465s
 207434 21832 2.3304e+07   46   39 3.2986e+07 2.3288e+07  29.4%  82.9  470s
 209024 21453 2.3318e+07   52   50 3.2986e+07 2.3300e+07  29.4%  83.1  475s
 210782 21105     cutoff   50      3.2986e+07 2.3312e+07  29.3%  83.3  480s
 212616 20664 2.3646e+07   39   34 3.2986e+07 2.3325e+07  29.3%  83.6  485s
 214377 20177     cutoff   38      3.2986e+07 2.3339e+07  29.2%  83.8  490s
 216057 19787 infeasible   43      3.2986e+07 2.3352e+07  29.2%  84.0  495s
 217946 19352 infeasible   49      3.2986e+07 2.3367e+07  29.2%  84.2  500s
 219548 18994 infeasible   55      3.2986e+07 2.3380e+07  29.1%  84.3  505s
 220982 18593 2.3554e+07   50   55 3.2986e+07 2.3395e+07  29.1%  84.5  510s
 222774 18146 2.3450e+07   49   39 3.2986e+07 2.3412e+07  29.0%  84.7  515s
 224534 17646 infeasible   54      3.2986e+07 2.3428e+07  29.0%  84.9  520s
 226205 17235 infeasible   53      3.2986e+07 2.3443e+07  28.9%  85.1  525s
 227964 16883 infeasible   45      3.2986e+07 2.3458e+07  28.9%  85.3  530s
 229635 16403 infeasible   40      3.2986e+07 2.3476e+07  28.8%  85.4  535s
 231199 16037 2.3490e+07   56   38 3.2986e+07 2.3490e+07  28.8%  85.6  540s
 233248 15535 2.3511e+07   48   59 3.2986e+07 2.3511e+07  28.7%  85.7  545s
 234795 15110     cutoff   65      3.2986e+07 2.3528e+07  28.7%  85.9  550s
 236638 14433     cutoff   48      3.2986e+07 2.3554e+07  28.6%  86.1  555s
 237861 13956     cutoff   37      3.2986e+07 2.3572e+07  28.5%  86.3  560s
 239787 13252 infeasible   50      3.2986e+07 2.3599e+07  28.5%  86.5  565s
 241303 12739     cutoff   51      3.2986e+07 2.3624e+07  28.4%  86.6  570s
 243110 12175     cutoff   52      3.2986e+07 2.3652e+07  28.3%  86.8  575s
 244994 11468     cutoff   56      3.2986e+07 2.3687e+07  28.2%  87.0  580s
 246910 10792 infeasible   45      3.2986e+07 2.3725e+07  28.1%  87.1  585s
 248660 10235     cutoff   59      3.2986e+07 2.3763e+07  28.0%  87.2  590s
 250419  9510     cutoff   66      3.2986e+07 2.3814e+07  27.8%  87.4  595s
 252315  8739 infeasible   54      3.2986e+07 2.3886e+07  27.6%  87.4  600s
 254081  8027     cutoff   56      3.2986e+07 2.3966e+07  27.3%  87.4  605s
 255737  7205     cutoff   57      3.2986e+07 2.4083e+07  27.0%  87.5  610s
 257914  6347     cutoff   65      3.2986e+07 2.4357e+07  26.2%  87.5  615s
 261082  5755 2.6344e+07   46   50 3.2986e+07 2.6344e+07  20.1%  87.0  620s
 264989  5569 3.2442e+07   56   25 3.2986e+07 3.0875e+07  6.40%  86.2  625s
 268179  5642 3.2316e+07   37   12 3.2986e+07 3.2247e+07  2.24%  85.7  630s
 273076  6986 3.2633e+07   41   32 3.2986e+07 3.2458e+07  1.60%  84.8  635s
 276633  7670 3.2499e+07   37    7 3.2986e+07 3.2499e+07  1.48%  84.1  640s
 279814  7953 3.2552e+07   43   29 3.2986e+07 3.2540e+07  1.35%  83.6  645s
 283076  8189 3.2570e+07   56   12 3.2986e+07 3.2568e+07  1.27%  83.1  650s
 287436  8569     cutoff   48      3.2986e+07 3.2602e+07  1.16%  82.3  655s
 291240  8582 3.2837e+07   40   19 3.2986e+07 3.2625e+07  1.09%  81.7  660s
 295389  8572 infeasible   60      3.2986e+07 3.2648e+07  1.03%  81.1  665s
 299437  8371 3.2741e+07   55   26 3.2986e+07 3.2669e+07  0.96%  80.5  670s
 303269  8015     cutoff   57      3.2986e+07 3.2690e+07  0.90%  79.9  675s
 307173  7379 3.2826e+07   50   30 3.2986e+07 3.2711e+07  0.83%  79.3  680s
 311502  6365     cutoff   42      3.2986e+07 3.2736e+07  0.76%  78.7  685s
 315381  5122 3.2817e+07   45   16 3.2986e+07 3.2762e+07  0.68%  78.1  690s
 319885  3191 3.2947e+07   56   27 3.2986e+07 3.2806e+07  0.55%  77.5  695s

Cutting planes:
  Learned: 25
  Gomory: 5
  Cover: 3
  Implied bound: 58
  Clique: 5
  MIR: 33
  Flow cover: 22
  GUB cover: 11
  Zero half: 23

Explored 324517 nodes (24878675 simplex iterations) in 699.04 seconds
Thread count was 4 (of 4 available processors)

Optimal solution found (tolerance 1.00e-04)
Best objective 3.298580000000e+07, best bound 3.298380000000e+07, gap 0.0061%
k_c1	959998.0
k_c10	90000.0
k_c11	1000000.0
k_c12	160003.0
k_c2	20000.0
k_c3	940000.0
k_c4	909999.0
k_c5	30000.0
k_c6	989999.0
k_c7	120001.0
k_c8	1000000.0
k_c9	280001.0
k_dN	0.0
o_1	0.0
o_10	0.0
o_11	0.0
o_12	1.0
o_2	0.0
o_3	0.0
o_4	0.0
o_5	0.0
o_6	0.0
o_7	0.0
o_8	0.0
o_9	0.0
p_1	0.0
p_10	0.0
p_11	0.0
p_12	1.0
p_2	0.0
p_3	1.0
p_4	0.0
p_5	0.0
p_6	0.0
p_7	0.0
p_8	0.0
p_9	0.0
phi_c1	13380.0
phi_c10	9239.0
phi_c11	37938.0
phi_c12	0.0
phi_c2	6824.0
phi_c3	11962.0
phi_c4	29168.0
phi_c5	6061.0
phi_c6	28827.0
phi_c7	25754.0
phi_c8	44019.0
phi_c9	13266.0
phi_dN	0.0
pi_c1	200000.0
pi_c10	200000.0
pi_c11	200000.0
pi_c12	200000.0
pi_c2	200000.0
pi_c3	150000.0
pi_c4	200000.0
pi_c5	250000.0
pi_c6	200000.0
pi_c7	200000.0
pi_c8	250000.0
pi_c9	250000.0
pi_dN	0.0
tauD_c1	239999.0
tauD_c10	720974.0
tauD_c11	250000.0
tauD_c12	370000.0
tauD_c2	800000.0
tauD_c3	443750.0
tauD_c4	760998.0
tauD_c5	917350.0
tauD_c6	122273.0
tauD_c7	620273.0
tauD_c8	39247.0
tauD_c9	840424.0
tauD_d0	0.0
tauD_dN	1000000.0
tauS_c1	797700.0
tauS_c10	112400.0
tauS_c11	124975.0
tauS_c12	100150.0
tauS_c2	104926.0
tauS_c3	513750.0
tauS_c4	344900.0
tauS_c5	491500.0
tauS_c6	110676.0
tauS_c7	123851.0
tauS_c8	495250.0
tauS_c9	454850.0
tauS_d0	0.0
tauS_dN	626476.0
x_c10_c2	1.0
x_c11_c3	1.0
x_c12_c7	1.0
x_c1_c12	1.0
x_c2_dN	1.0
x_c3_c4	1.0
x_c4_c9	1.0
x_c5_dN	1.0
x_c6_c1	1.0
x_c7_c10	1.0
x_c8_c6	1.0
x_c9_c5	1.0
x_d0_c11	1.0
x_d0_c8	1.0
z_c12_c3	1.0
z_c3_dN	1.0
z_d0_c12	1.0
