
Gurobi 6.0.4 (win64) logging started 06/16/15 22:37:07

Read LP format model from file E:\Eigene Dateien\Downloads\Michi shit\VRPTWMS-master\VRPTWMS\instances\mip\fuel\N12-C_DV100-C_SV25_F5_5_No_1.lp
Reading time = 0.02 seconds
(null): 865 rows, 404 columns, 3771 nonzeros
Optimize a model with 865 rows, 404 columns and 3771 nonzeros
Model has 1872 quadratic constraints
WARNING: Only barrier available for SOCP models
Coefficient statistics:
  Matrix range    [1e+00, 1e+06]
  Objective range [4e+04, 1e+07]
  Bounds range    [1e+00, 1e+06]
  RHS range       [1e+00, 1e+06]
Presolve removed 72 rows and 45 columns
Presolve time: 0.18s
Presolved: 3997 rows, 2013 columns, 20188 nonzeros
Variable types: 1550 continuous, 463 integer (400 binary)
Optimize a model with 3997 rows, 2013 columns and 20188 nonzeros
Coefficient statistics:
  Matrix range    [1e+00, 1e+06]
  Objective range [4e+04, 1e+07]
  Bounds range    [1e+00, 1e+06]
  RHS range       [1e+00, 1e+06]

Concurrent LP optimizer: dual simplex and barrier
Showing barrier log only...

Presolve removed 304 rows and 199 columns
Presolved: 3693 rows, 1816 columns, 18779 nonzeros

Root barrier log...

Ordering time: 0.02s

Barrier performed 0 iterations in 0.23 seconds
Barrier solve interrupted - model solved by another algorithm


Solved with dual simplex
Solved in 114 iterations and 0.23 seconds
Optimal objective  2.408162051e+06

Root relaxation: objective 2.408162e+06, 114 iterations, 0.03 seconds

    Nodes    |    Current Node    |     Objective Bounds      |     Work
 Expl Unexpl |  Obj  Depth IntInf | Incumbent    BestBd   Gap | It/Node Time

     0     0 2408162.05    0   41          - 2408162.05      -     -    0s
H    0     0                    2.093672e+08 2408162.05  98.8%     -    0s
     0     0 2895312.26    0   55 2.0937e+08 2895312.26  98.6%     -    0s
H    0     0                    7.391770e+07 2895312.26  96.1%     -    0s
     0     0 1.2568e+07    0   48 7.3918e+07 1.2568e+07  83.0%     -    0s
     0     0 1.2568e+07    0   52 7.3918e+07 1.2568e+07  83.0%     -    0s
     0     0 1.2568e+07    0   50 7.3918e+07 1.2568e+07  83.0%     -    0s
     0     0 1.2568e+07    0   50 7.3918e+07 1.2568e+07  83.0%     -    0s
     0     2 1.2568e+07    0   50 7.3918e+07 1.2568e+07  83.0%     -    0s
H  103    93                    7.390450e+07 1.7733e+07  76.0%  27.0    0s
H  116   103                    7.387540e+07 1.7733e+07  76.0%  25.4    0s
H  121   108                    6.535290e+07 1.7733e+07  72.9%  26.3    0s
H  133   115                    6.495790e+07 1.7733e+07  72.7%  27.0    0s
H  220   180                    6.489990e+07 1.7733e+07  72.7%  30.1    0s
H  255   194                    6.484170e+07 1.7733e+07  72.7%  29.4    0s
H  283   203                    5.383420e+07 1.7733e+07  67.1%  30.3    0s
H  303   213                    5.375800e+07 2.2464e+07  58.2%  30.7    0s
H  533   345                    5.366400e+07 2.2480e+07  58.1%  30.3    0s
H  566   278                    4.365070e+07 2.2480e+07  48.5%  30.2    0s
H 1025   520                    4.362980e+07 2.2706e+07  48.0%  27.7    1s
H 1038   516                    4.355910e+07 2.2706e+07  47.9%  27.5    1s
H 1047   507                    4.355140e+07 2.2706e+07  47.9%  27.4    1s
H 1052   484                    4.350910e+07 2.2706e+07  47.8%  27.3    2s
H 1536   607                    4.349060e+07 2.2800e+07  47.6%  32.0    3s
  2206   746 3.4454e+07   31   62 4.3491e+07 3.2622e+07  25.0%  35.4    5s
  5270  2238 3.3718e+07   42   52 4.3491e+07 3.2795e+07  24.6%  41.3   10s
* 6362  2758              44    4.348320e+07 3.2820e+07  24.5%  41.2   11s
* 8434  3719              41    4.345160e+07 3.2873e+07  24.3%  42.7   13s
  9242  4152 3.2987e+07   28   35 4.3452e+07 3.2900e+07  24.3%  43.2   15s
H 9565  4344                    4.340960e+07 3.2901e+07  24.2%  42.7   15s
 13126  6064 3.4227e+07   38   28 4.3410e+07 3.2971e+07  24.0%  44.3   20s
 15532  7086 infeasible   34      4.3410e+07 3.2998e+07  24.0%  45.9   25s
 19658  9000     cutoff   45      4.3410e+07 3.3038e+07  23.9%  46.2   30s
 21349  9828 3.3643e+07   36   23 4.3410e+07 3.3047e+07  23.9%  45.6   39s
 22092 10138 3.3146e+07   25   51 4.3410e+07 3.3055e+07  23.9%  46.0   40s
 24710 11215 infeasible   36      4.3410e+07 3.3080e+07  23.8%  47.8   45s
 27147 12099 3.3623e+07   50   26 4.3410e+07 3.3106e+07  23.7%  49.3   50s
 30321 13117 infeasible   36      4.3410e+07 3.3140e+07  23.7%  50.7   55s
 33195 14095 infeasible   37      4.3410e+07 3.3164e+07  23.6%  51.7   60s
 35937 14891     cutoff   31      4.3410e+07 3.3194e+07  23.5%  52.8   65s
 39135 16008 3.3472e+07   33   23 4.3410e+07 3.3215e+07  23.5%  53.6   70s
 41617 16740 3.5366e+07   57   47 4.3410e+07 3.3235e+07  23.4%  54.1   75s
 45106 18066 infeasible   34      4.3410e+07 3.3255e+07  23.4%  54.1   80s
 47815 19023 3.4060e+07   32   38 4.3410e+07 3.3270e+07  23.4%  54.6   85s
 50427 19937 3.4183e+07   39   15 4.3410e+07 3.3282e+07  23.3%  55.1   90s
 53330 20836     cutoff   45      4.3410e+07 3.3296e+07  23.3%  55.7   95s
 55380 21398 3.4575e+07   45   80 4.3410e+07 3.3306e+07  23.3%  56.2  100s
 58198 22170 3.3551e+07   28   34 4.3410e+07 3.3318e+07  23.2%  56.7  105s
 61038 22914     cutoff   41      4.3410e+07 3.3331e+07  23.2%  57.3  110s
 63536 23495 3.4563e+07   57   90 4.3410e+07 3.3344e+07  23.2%  57.8  115s
 65939 24011 infeasible   42      4.3410e+07 3.3355e+07  23.2%  58.3  120s
 68729 24626 3.3516e+07   36   43 4.3410e+07 3.3367e+07  23.1%  58.8  125s
 71291 25156     cutoff   31      4.3410e+07 3.3379e+07  23.1%  59.4  130s
 73691 25636 infeasible   44      4.3410e+07 3.3388e+07  23.1%  59.9  135s
 74435 25820     cutoff   43      4.3410e+07 3.3392e+07  23.1%  60.0  140s
 77178 26410 3.5327e+07   46   28 4.3410e+07 3.3402e+07  23.1%  60.5  145s
 79750 26922 3.9969e+07   34   39 4.3410e+07 3.3412e+07  23.0%  60.8  150s
 82169 27445 3.6094e+07   37   73 4.3410e+07 3.3420e+07  23.0%  61.2  155s
 84608 27933 infeasible   44      4.3410e+07 3.3429e+07  23.0%  61.6  160s
 86709 28400     cutoff   36      4.3410e+07 3.3435e+07  23.0%  61.9  165s
 88861 28737 3.3617e+07   45   25 4.3410e+07 3.3443e+07  23.0%  62.2  170s
 91139 29180 3.3777e+07   41   39 4.3410e+07 3.3450e+07  22.9%  62.5  175s
 93553 29711 3.3742e+07   38   17 4.3410e+07 3.3458e+07  22.9%  62.8  180s
 96016 30139 infeasible   34      4.3410e+07 3.3467e+07  22.9%  63.1  185s
 98549 30505 infeasible   39      4.3410e+07 3.3477e+07  22.9%  63.4  190s
 100978 30875 3.3684e+07   30   28 4.3410e+07 3.3485e+07  22.9%  63.7  195s
 102892 31148 infeasible   33      4.3410e+07 3.3492e+07  22.8%  63.8  200s
 105256 31532     cutoff   41      4.3410e+07 3.3500e+07  22.8%  64.2  205s
 107694 31888 3.4076e+07   30    8 4.3410e+07 3.3509e+07  22.8%  64.4  210s
 109806 32251     cutoff   32      4.3410e+07 3.3514e+07  22.8%  64.7  215s
 111806 32548 3.3780e+07   35   38 4.3410e+07 3.3521e+07  22.8%  64.9  220s
 114272 32937 3.4294e+07   44   32 4.3410e+07 3.3528e+07  22.8%  65.1  225s
 116796 33296 3.4079e+07   38   37 4.3410e+07 3.3537e+07  22.7%  65.3  230s
 118248 33469 3.3860e+07   34   39 4.3410e+07 3.3542e+07  22.7%  65.5  235s
 120676 33724 3.4134e+07   43   46 4.3410e+07 3.3550e+07  22.7%  65.8  240s
 122823 34020 3.4113e+07   34   53 4.3410e+07 3.3557e+07  22.7%  66.0  245s
 125372 34453 3.4301e+07   43   43 4.3410e+07 3.3564e+07  22.7%  66.2  250s
 127413 34657     cutoff   40      4.3410e+07 3.3570e+07  22.7%  66.4  255s
 129905 34925 3.9088e+07   39   13 4.3410e+07 3.3578e+07  22.6%  66.7  260s
 132424 35248 3.4627e+07   44   90 4.3410e+07 3.3586e+07  22.6%  66.9  265s
 134472 35472 3.4380e+07   40   34 4.3410e+07 3.3591e+07  22.6%  67.1  270s
 136101 35613 3.4266e+07   43   18 4.3410e+07 3.3595e+07  22.6%  67.2  275s
 138497 35798 infeasible   46      4.3410e+07 3.3603e+07  22.6%  67.4  280s
 140984 36035 infeasible   31      4.3410e+07 3.3610e+07  22.6%  67.6  285s
 143353 36234 3.4772e+07   42   41 4.3410e+07 3.3618e+07  22.6%  67.9  290s
 145487 36456 3.4405e+07   46   29 4.3410e+07 3.3625e+07  22.5%  68.0  295s
 147243 36626 infeasible   36      4.3410e+07 3.3630e+07  22.5%  68.2  300s
 149229 36825 3.3879e+07   39    6 4.3410e+07 3.3636e+07  22.5%  68.4  305s
 151815 37116 infeasible   35      4.3410e+07 3.3643e+07  22.5%  68.5  310s
 153865 37299 3.4423e+07   42   54 4.3410e+07 3.3649e+07  22.5%  68.7  315s
 156418 37517     cutoff   42      4.3410e+07 3.3656e+07  22.5%  68.9  320s
 158514 37706     cutoff   36      4.3410e+07 3.3662e+07  22.5%  69.1  325s
 160518 37952 3.3972e+07   35   44 4.3410e+07 3.3667e+07  22.4%  69.2  330s
 162892 38129     cutoff   39      4.3410e+07 3.3674e+07  22.4%  69.4  335s
 164892 38266 4.0891e+07   36   57 4.3410e+07 3.3680e+07  22.4%  69.6  340s
 167390 38554 3.4444e+07   40   57 4.3410e+07 3.3687e+07  22.4%  69.8  345s
 169482 38681 3.4227e+07   35   19 4.3410e+07 3.3692e+07  22.4%  69.9  350s
 170603 38788     cutoff   47      4.3410e+07 3.3695e+07  22.4%  70.0  355s
 172759 38847 infeasible   35      4.3410e+07 3.3702e+07  22.4%  70.2  360s
 174994 39042 3.4136e+07   36   22 4.3410e+07 3.3708e+07  22.3%  70.3  365s
 177279 39161 infeasible   40      4.3410e+07 3.3715e+07  22.3%  70.5  370s
 179376 39294 3.4307e+07   38   22 4.3410e+07 3.3721e+07  22.3%  70.6  375s
 181322 39452 infeasible   42      4.3410e+07 3.3726e+07  22.3%  70.7  380s
 183340 39606 infeasible   31      4.3410e+07 3.3732e+07  22.3%  70.9  385s
 185500 39765 3.3882e+07   42   44 4.3410e+07 3.3737e+07  22.3%  71.0  390s
 187620 39910 3.4066e+07   46   22 4.3410e+07 3.3743e+07  22.3%  71.2  395s
 189551 40069 3.4379e+07   39   39 4.3410e+07 3.3748e+07  22.3%  71.3  400s
 192033 40275 3.3882e+07   35   50 4.3410e+07 3.3755e+07  22.2%  71.4  405s
 194143 40356 3.4162e+07   37   35 4.3410e+07 3.3760e+07  22.2%  71.6  410s
 195696 40476 infeasible   50      4.3410e+07 3.3764e+07  22.2%  71.6  415s
 198122 40594     cutoff   41      4.3410e+07 3.3771e+07  22.2%  71.8  420s
 200146 40658 3.9423e+07   45   19 4.3410e+07 3.3776e+07  22.2%  71.9  425s
 202196 40832 3.4494e+07   40   49 4.3410e+07 3.3781e+07  22.2%  72.0  430s
 204255 40905 infeasible   38      4.3410e+07 3.3787e+07  22.2%  72.2  435s
 206453 41047 3.4172e+07   43   33 4.3410e+07 3.3792e+07  22.2%  72.3  440s
 208879 41156 infeasible   44      4.3410e+07 3.3798e+07  22.1%  72.4  445s
 210433 41224 3.3823e+07   38   39 4.3410e+07 3.3803e+07  22.1%  72.5  450s
 212815 41310     cutoff   49      4.3410e+07 3.3809e+07  22.1%  72.7  455s
 214922 41353 3.4325e+07   44   22 4.3410e+07 3.3815e+07  22.1%  72.8  460s
 216844 41379 infeasible   39      4.3410e+07 3.3820e+07  22.1%  72.9  465s
 218853 41466 3.6828e+07   35   47 4.3410e+07 3.3825e+07  22.1%  73.0  470s
 220988 41499     cutoff   49      4.3410e+07 3.3830e+07  22.1%  73.1  475s
 222699 41495     cutoff   47      4.3410e+07 3.3834e+07  22.1%  73.3  480s
 224654 41550 3.4736e+07   41   42 4.3410e+07 3.3839e+07  22.0%  73.4  485s
 227107 41589 infeasible   34      4.3410e+07 3.3846e+07  22.0%  73.6  490s
 229231 41701 infeasible   33      4.3410e+07 3.3851e+07  22.0%  73.7  495s
 231202 41658 3.4792e+07   41   34 4.3410e+07 3.3857e+07  22.0%  73.8  500s
 232578 41628 3.4656e+07   40   62 4.3410e+07 3.3860e+07  22.0%  73.9  505s
 234675 41695 infeasible   41      4.3410e+07 3.3866e+07  22.0%  74.0  510s
 237063 41685     cutoff   42      4.3410e+07 3.3872e+07  22.0%  74.2  515s
 239070 41612     cutoff   40      4.3410e+07 3.3877e+07  22.0%  74.3  520s
 241195 41605 3.4331e+07   40   29 4.3410e+07 3.3882e+07  21.9%  74.4  525s
 242687 41537 3.4848e+07   41   46 4.3410e+07 3.3886e+07  21.9%  74.5  530s
 244685 41510 3.3967e+07   38   55 4.3410e+07 3.3892e+07  21.9%  74.6  535s
 246738 41542 3.3973e+07   37   43 4.3410e+07 3.3897e+07  21.9%  74.7  540s
 248719 41525 3.4407e+07   37   26 4.3410e+07 3.3903e+07  21.9%  74.8  545s
 250683 41442 3.4564e+07   41   45 4.3410e+07 3.3907e+07  21.9%  75.0  550s
 252614 41370     cutoff   32      4.3410e+07 3.3913e+07  21.9%  75.1  555s
 254581 41348 3.4214e+07   51   26 4.3410e+07 3.3919e+07  21.9%  75.2  560s
 256548 41288 infeasible   37      4.3410e+07 3.3924e+07  21.9%  75.3  565s
 258525 41229 3.4194e+07   38   25 4.3410e+07 3.3929e+07  21.8%  75.5  570s
 259977 41189 3.4042e+07   41   28 4.3410e+07 3.3933e+07  21.8%  75.5  575s
 262272 41052     cutoff   37      4.3410e+07 3.3940e+07  21.8%  75.7  580s
 264299 41003     cutoff   31      4.3410e+07 3.3944e+07  21.8%  75.8  585s
 266213 40825 3.5678e+07   42   66 4.3410e+07 3.3950e+07  21.8%  75.9  590s
 268136 40779 infeasible   48      4.3410e+07 3.3955e+07  21.8%  76.1  595s
 270096 40684 infeasible   49      4.3410e+07 3.3960e+07  21.8%  76.2  600s
 271447 40640 3.6848e+07   42   54 4.3410e+07 3.3963e+07  21.8%  76.3  605s
 273425 40590     cutoff   42      4.3410e+07 3.3968e+07  21.8%  76.3  610s
 274913 40499 3.3972e+07   45   31 4.3410e+07 3.3972e+07  21.7%  76.5  615s
 276629 40434 3.4157e+07   31   71 4.3410e+07 3.3976e+07  21.7%  76.6  620s
 278602 40355 3.5455e+07   43   75 4.3410e+07 3.3981e+07  21.7%  76.7  625s
 280577 40279 3.4038e+07   37   48 4.3410e+07 3.3987e+07  21.7%  76.8  630s
 282575 40240 3.7291e+07   42   74 4.3410e+07 3.3991e+07  21.7%  76.9  635s
 284401 40126     cutoff   38      4.3410e+07 3.3997e+07  21.7%  77.0  640s
 286350 40049 3.5690e+07   51   79 4.3410e+07 3.4002e+07  21.7%  77.1  645s
 288267 39997 3.4430e+07   57   45 4.3410e+07 3.4007e+07  21.7%  77.2  650s
 290112 39834 infeasible   30      4.3410e+07 3.4011e+07  21.7%  77.4  655s
 291825 39684 3.9488e+07   50   27 4.3410e+07 3.4016e+07  21.6%  77.5  660s
 293753 39591 3.7002e+07   43   67 4.3410e+07 3.4021e+07  21.6%  77.6  665s
 295741 39519 3.4429e+07   45   30 4.3410e+07 3.4026e+07  21.6%  77.7  670s
 297274 39385     cutoff   52      4.3410e+07 3.4030e+07  21.6%  77.8  675s
 299121 39232     cutoff   37      4.3410e+07 3.4035e+07  21.6%  77.9  680s
 300827 39085 infeasible   37      4.3410e+07 3.4040e+07  21.6%  78.0  685s
 302778 38956 infeasible   39      4.3410e+07 3.4045e+07  21.6%  78.1  690s
 304694 38814 3.4494e+07   42   58 4.3410e+07 3.4051e+07  21.6%  78.2  695s
 306493 38619 3.4139e+07   46   11 4.3410e+07 3.4056e+07  21.5%  78.3  700s
 308414 38488 3.4630e+07   28   51 4.3410e+07 3.4061e+07  21.5%  78.4  705s
 309739 38349     cutoff   45      4.3410e+07 3.4065e+07  21.5%  78.5  710s
 311595 38239 infeasible   31      4.3410e+07 3.4070e+07  21.5%  78.6  715s
 313402 38044 3.4944e+07   53   78 4.3410e+07 3.4075e+07  21.5%  78.7  720s
 315297 37817     cutoff   39      4.3410e+07 3.4081e+07  21.5%  78.8  725s
 317203 37654 3.5460e+07   42   96 4.3410e+07 3.4086e+07  21.5%  78.9  730s
 318972 37533 3.7796e+07   49   74 4.3410e+07 3.4091e+07  21.5%  79.0  735s
 320834 37340 3.4709e+07   44   60 4.3410e+07 3.4096e+07  21.5%  79.1  740s
 322625 37106     cutoff   42      4.3410e+07 3.4101e+07  21.4%  79.2  745s
 324532 36978     cutoff   43      4.3410e+07 3.4107e+07  21.4%  79.3  750s
 325805 36795 3.4405e+07   46   43 4.3410e+07 3.4110e+07  21.4%  79.4  755s
 327631 36601 infeasible   37      4.3410e+07 3.4116e+07  21.4%  79.5  760s
 329396 36358 infeasible   41      4.3410e+07 3.4121e+07  21.4%  79.6  765s
 331347 36250 3.4263e+07   44   49 4.3410e+07 3.4127e+07  21.4%  79.7  770s
 333214 36077     cutoff   38      4.3410e+07 3.4133e+07  21.4%  79.8  775s
 334968 35810     cutoff   40      4.3410e+07 3.4138e+07  21.4%  79.9  780s
 336616 35514 3.4353e+07   41   42 4.3410e+07 3.4144e+07  21.3%  80.0  785s
 338312 35250     cutoff   49      4.3410e+07 3.4150e+07  21.3%  80.1  790s
 340041 35023     cutoff   47      4.3410e+07 3.4155e+07  21.3%  80.2  795s
 341725 34866 3.4209e+07   40   53 4.3410e+07 3.4160e+07  21.3%  80.3  800s
 343467 34590 3.5133e+07   46   90 4.3410e+07 3.4166e+07  21.3%  80.4  805s
 345144 34326 3.4927e+07   41   73 4.3410e+07 3.4172e+07  21.3%  80.5  810s
 346793 34015 infeasible   40      4.3410e+07 3.4178e+07  21.3%  80.6  815s
 348596 33784 3.4656e+07   48   56 4.3410e+07 3.4183e+07  21.3%  80.7  820s
 350117 33608 3.6024e+07   48  121 4.3410e+07 3.4188e+07  21.2%  80.8  825s
 351764 33376 3.4421e+07   38   45 4.3410e+07 3.4193e+07  21.2%  80.9  830s
 353520 33114 3.4443e+07   48   59 4.3410e+07 3.4199e+07  21.2%  81.0  835s
 355596 32834 3.8083e+07   44   70 4.3410e+07 3.4206e+07  21.2%  81.1  840s
 357332 32599 infeasible   53      4.3410e+07 3.4212e+07  21.2%  81.2  845s
 358950 32291 3.4294e+07   35   48 4.3410e+07 3.4218e+07  21.2%  81.3  850s
 360723 32112     cutoff   40      4.3410e+07 3.4224e+07  21.2%  81.3  856s
 361935 31850 3.5548e+07   44   92 4.3410e+07 3.4229e+07  21.1%  81.4  860s
 363921 31575     cutoff   44      4.3410e+07 3.4235e+07  21.1%  81.5  865s
 365549 31263     cutoff   48      4.3410e+07 3.4241e+07  21.1%  81.6  870s
 367367 30882     cutoff   45      4.3410e+07 3.4248e+07  21.1%  81.7  875s
 368956 30610 infeasible   40      4.3410e+07 3.4254e+07  21.1%  81.8  881s
 370264 30373 infeasible   50      4.3410e+07 3.4259e+07  21.1%  81.9  885s
 371428 30157 infeasible   47      4.3410e+07 3.4263e+07  21.1%  81.9  890s
 373274 29862 3.4414e+07   39   41 4.3410e+07 3.4271e+07  21.1%  82.0  895s
 375054 29576     cutoff   37      4.3410e+07 3.4277e+07  21.0%  82.1  900s
 376652 29251     cutoff   48      4.3410e+07 3.4283e+07  21.0%  82.2  905s
 378432 28875     cutoff   41      4.3410e+07 3.4291e+07  21.0%  82.3  910s
 379875 28568     cutoff   40      4.3410e+07 3.4297e+07  21.0%  82.4  915s
 381479 28262     cutoff   42      4.3410e+07 3.4303e+07  21.0%  82.5  920s
 383063 27933 3.4370e+07   47   60 4.3410e+07 3.4310e+07  21.0%  82.6  925s
 384850 27568 infeasible   45      4.3410e+07 3.4317e+07  20.9%  82.7  930s
 386385 27253 infeasible   45      4.3410e+07 3.4324e+07  20.9%  82.7  935s
 387784 26986     cutoff   41      4.3410e+07 3.4330e+07  20.9%  82.8  940s
 389347 26650 3.4488e+07   45   25 4.3410e+07 3.4337e+07  20.9%  82.9  945s
 391109 26295 infeasible   46      4.3410e+07 3.4345e+07  20.9%  83.0  950s
 392740 25965 3.4539e+07   38   55 4.3410e+07 3.4352e+07  20.9%  83.1  955s
 394607 25617     cutoff   52      4.3410e+07 3.4360e+07  20.8%  83.2  960s
 396197 25258 3.4522e+07   46   33 4.3410e+07 3.4367e+07  20.8%  83.2  965s
 397598 24909 infeasible   44      4.3410e+07 3.4373e+07  20.8%  83.3  970s
 399389 24525 infeasible   47      4.3410e+07 3.4382e+07  20.8%  83.4  975s
 400877 24073 3.4451e+07   43   25 4.3410e+07 3.4390e+07  20.8%  83.5  980s
 402338 23736     cutoff   29      4.3410e+07 3.4397e+07  20.8%  83.6  985s
 403855 23421     cutoff   48      4.3410e+07 3.4404e+07  20.7%  83.6  990s
 405285 23018 3.5214e+07   43   71 4.3410e+07 3.4412e+07  20.7%  83.7  995s
 406939 22581     cutoff   43      4.3410e+07 3.4421e+07  20.7%  83.8 1000s
 408432 22267     cutoff   45      4.3410e+07 3.4428e+07  20.7%  83.9 1005s
 410105 21799 3.5681e+07   47   73 4.3410e+07 3.4437e+07  20.7%  84.0 1010s
 411809 21403 3.4950e+07   42   56 4.3410e+07 3.4447e+07  20.6%  84.1 1015s
 413482 20980 infeasible   48      4.3410e+07 3.4455e+07  20.6%  84.1 1020s
 415308 20577 infeasible   38      4.3410e+07 3.4465e+07  20.6%  84.2 1025s
 416854 20249     cutoff   44      4.3410e+07 3.4474e+07  20.6%  84.3 1030s
 418302 19779 infeasible   36      4.3410e+07 3.4483e+07  20.6%  84.3 1035s
 419552 19407 infeasible   45      4.3410e+07 3.4492e+07  20.5%  84.4 1040s
 421167 18983 3.4588e+07   36   90 4.3410e+07 3.4502e+07  20.5%  84.5 1045s
 422494 18596 infeasible   51      4.3410e+07 3.4510e+07  20.5%  84.6 1050s
 424290 18053 3.4671e+07   56   30 4.3410e+07 3.4522e+07  20.5%  84.7 1055s
 425531 17663 4.0749e+07   57   59 4.3410e+07 3.4531e+07  20.5%  84.7 1060s
 427203 17096 infeasible   34      4.3410e+07 3.4544e+07  20.4%  84.8 1065s
 428579 16747     cutoff   53      4.3410e+07 3.4554e+07  20.4%  84.9 1070s
 430458 16237     cutoff   43      4.3410e+07 3.4567e+07  20.4%  85.0 1075s
 431586 15938 3.4578e+07   40   31 4.3410e+07 3.4575e+07  20.4%  85.0 1080s
 433310 15394     cutoff   52      4.3410e+07 3.4589e+07  20.3%  85.2 1085s
 434950 14985 3.5789e+07   45   58 4.3410e+07 3.4601e+07  20.3%  85.2 1091s
 436023 14665 infeasible   44      4.3410e+07 3.4610e+07  20.3%  85.3 1095s
 437591 14203 3.4839e+07   48   86 4.3410e+07 3.4623e+07  20.2%  85.4 1100s
 439042 13745 infeasible   42      4.3410e+07 3.4637e+07  20.2%  85.4 1105s
 440593 13262 infeasible   54      4.3410e+07 3.4651e+07  20.2%  85.5 1110s
 442177 12705 3.7682e+07   40   49 4.3410e+07 3.4668e+07  20.1%  85.6 1115s
 443673 12227     cutoff   41      4.3410e+07 3.4684e+07  20.1%  85.6 1120s
 445148 11744 4.0078e+07   51   35 4.3410e+07 3.4700e+07  20.1%  85.7 1125s
 446725 11176 3.5774e+07   47   53 4.3410e+07 3.4720e+07  20.0%  85.8 1130s
 448381 10644     cutoff   51      4.3410e+07 3.4741e+07  20.0%  85.9 1136s
 449797 10198 3.4760e+07   38   46 4.3410e+07 3.4760e+07  19.9%  85.9 1140s
 451312  9601 infeasible   54      4.3410e+07 3.4783e+07  19.9%  86.0 1145s
 453078  8961     cutoff   39      4.3410e+07 3.4811e+07  19.8%  86.1 1150s
 454537  8352 infeasible   43      4.3410e+07 3.4838e+07  19.7%  86.1 1155s
 455915  7915 infeasible   35      4.3410e+07 3.4865e+07  19.7%  86.2 1160s
 457546  7252 infeasible   47      4.3410e+07 3.4903e+07  19.6%  86.3 1165s
 459094  6575     cutoff   42      4.3410e+07 3.4950e+07  19.5%  86.3 1170s
 460844  5785 3.6173e+07   42   90 4.3410e+07 3.5014e+07  19.3%  86.4 1175s
 462435  5092 infeasible   47      4.3410e+07 3.5086e+07  19.2%  86.5 1180s
 464254  4218 infeasible   42      4.3410e+07 3.5205e+07  18.9%  86.5 1185s
 465981  3238 3.5572e+07   38   84 4.3410e+07 3.5499e+07  18.2%  86.5 1190s
 468359  1932 3.7959e+07   28   46 4.3410e+07 3.7959e+07  12.6%  86.3 1195s
 472344  1189 4.3127e+07   19   19 4.3410e+07 4.2982e+07  0.99%  85.8 1200s
 476874   505     cutoff   42      4.3410e+07 4.3196e+07  0.49%  85.3 1205s

Cutting planes:
  Learned: 6
  Gomory: 10
  Cover: 994
  Implied bound: 528
  Clique: 29
  MIR: 69
  Flow cover: 140
  GUB cover: 17
  Zero half: 24

Explored 477755 nodes (40683706 simplex iterations) in 1205.70 seconds
Thread count was 4 (of 4 available processors)

Optimal solution found (tolerance 1.00e-04)
Best objective 4.340960000000e+07, best bound 4.340960000000e+07, gap 0.0%
k_c1	90000.0
k_c10	1000000.0
k_c11	270000.0
k_c12	40000.0
k_c2	930000.0
k_c3	900000.0
k_c4	70000.0
k_c5	210000.0
k_c6	1000000.0
k_c7	980000.0
k_c8	110000.0
k_c9	40000.0
k_dN	0.0
o_1	0.0
o_10	0.0
o_11	0.0
o_12	0.0
o_2	0.0
o_3	0.0
o_4	0.0
o_5	0.0
o_6	0.0
o_7	0.0
o_8	0.0
o_9	0.0
p_1	1.0
p_10	0.0
p_11	0.0
p_12	0.0
p_2	1.0
p_3	0.0
p_4	0.0
p_5	0.0
p_6	0.0
p_7	0.0
p_8	0.0
p_9	0.0
phi_c1	20744.0
phi_c10	26725.0
phi_c11	38928.0
phi_c12	38928.0
phi_c2	6489.0
phi_c3	30111.0
phi_c4	15500.0
phi_c5	22203.0
phi_c6	24384.0
phi_c7	15587.0
phi_c8	15379.0
phi_c9	6489.0
phi_dN	0.0
pi_c1	29256.0
pi_c10	0.0
pi_c11	0.0
pi_c12	0.0
pi_c2	72767.0
pi_c3	200000.0
pi_c4	0.0
pi_c5	200000.0
pi_c6	200000.0
pi_c7	0.0
pi_c8	200000.0
pi_c9	0.0
pi_dN	0.0
tauD_c1	149325.0
tauD_c10	86975.0
tauD_c11	117500.0
tauD_c12	787200.0
tauD_c2	300000.0
tauD_c3	600000.0
tauD_c4	831500.0
tauD_c5	250000.0
tauD_c6	95725.0
tauD_c7	200000.0
tauD_c8	727050.0
tauD_c9	797250.0
tauD_d0	0.0
tauD_dN	1000000.0
tauS_c1	433550.0
tauS_c10	53400.0
tauS_c11	868450.0
tauS_c12	827200.0
tauS_c2	320000.0
tauS_c3	118200.0
tauS_c4	0.0
tauS_c5	486400.0
tauS_c6	61575.0
tauS_c7	831600.0
tauS_c8	150350.0
tauS_c9	0.0
tauS_d0	0.0
tauS_dN	578450.0
x_c10_c1	1.0
x_c11_c5	1.0
x_c12_dN	1.0
x_c1_c12	1.0
x_c2_c3	1.0
x_c3_c4	1.0
x_c4_dN	1.0
x_c5_c8	1.0
x_c6_c7	1.0
x_c7_c2	1.0
x_c8_c9	1.0
x_c9_dN	1.0
x_d0_c10	1.0
x_d0_c11	1.0
x_d0_c6	1.0
z_c1_dN	1.0
z_c2_c1	1.0
z_d0_c2	1.0
