
Gurobi 6.0.4 (win64) logging started 06/16/15 21:05:27

Read LP format model from file E:\Eigene Dateien\Downloads\Michi shit\VRPTWMS-master\VRPTWMS\instances\mip\fuel\N12-C_DV100-C_SV25_F5_1_No_1.lp
Reading time = 0.00 seconds
(null): 865 rows, 404 columns, 3771 nonzeros
Optimize a model with 865 rows, 404 columns and 3771 nonzeros
Model has 1872 quadratic constraints
WARNING: Only barrier available for SOCP models
Coefficient statistics:
  Matrix range    [1e+00, 1e+06]
  Objective range [2e+04, 1e+07]
  Bounds range    [1e+00, 1e+06]
  RHS range       [1e+00, 1e+06]
Presolve removed 61 rows and 34 columns
Presolve time: 0.18s
Presolved: 3993 rows, 2020 columns, 20643 nonzeros
Variable types: 1534 continuous, 486 integer (423 binary)
Optimize a model with 3993 rows, 2020 columns and 20643 nonzeros
Coefficient statistics:
  Matrix range    [1e+00, 1e+06]
  Objective range [2e+04, 1e+07]
  Bounds range    [1e+00, 1e+06]
  RHS range       [1e+00, 1e+06]

Concurrent LP optimizer: dual simplex and barrier
Showing barrier log only...

Presolve removed 337 rows and 221 columns
Presolved: 3656 rows, 1801 columns, 19128 nonzeros

Root barrier log...

Ordering time: 0.02s

Barrier performed 0 iterations in 0.23 seconds
Barrier solve interrupted - model solved by another algorithm


Solved with dual simplex
Solved in 101 iterations and 0.23 seconds
Optimal objective  1.736301007e+06

Root relaxation: objective 1.736301e+06, 101 iterations, 0.03 seconds

    Nodes    |    Current Node    |     Objective Bounds      |     Work
 Expl Unexpl |  Obj  Depth IntInf | Incumbent    BestBd   Gap | It/Node Time

     0     0 1736301.01    0   37          - 1736301.01      -     -    0s
     0     0 2036959.46    0   60          - 2036959.46      -     -    0s
     0     0 2105066.67    0   33          - 2105066.67      -     -    0s
     0     0 2111500.00    0   30          - 2111500.00      -     -    0s
     0     0 2111500.00    0   30          - 2111500.00      -     -    0s
     0     0 2111500.00    0   22          - 2111500.00      -     -    0s
     0     0 2111500.00    0   23          - 2111500.00      -     -    0s
     0     0 2111500.00    0   24          - 2111500.00      -     -    0s
     0     0 2111500.00    0   23          - 2111500.00      -     -    0s
     0     0 2111500.00    0   22          - 2111500.00      -     -    0s
     0     0 2111500.00    0   23          - 2111500.00      -     -    0s
H    0     0                    1.360915e+08 2111500.00  98.4%     -    0s
     0     0 2111500.00    0   23 1.3609e+08 2111500.00  98.4%     -    0s
H    0     0                    5.373180e+07 2111500.00  96.1%     -    0s
H    0     2                    4.377730e+07 2111500.00  95.2%     -    0s
     0     2 2111500.00    0   23 4.3777e+07 2111500.00  95.2%     -    0s
H  119    96                    3.348620e+07 2156750.00  93.6%  44.6    0s
H  421   263                    3.345760e+07 2228467.01  93.3%  32.7    1s
  1081   767 2.4364e+07   36  100 3.3458e+07 2494776.92  92.5%  32.4    5s
  1107   786 3083109.78   16  117 3.3458e+07 2638762.70  92.1%  40.0   10s
  1814   986 2.3830e+07   34   55 3.3458e+07 3451132.20  89.7%  74.9   15s
  2563  1118 2.2373e+07   24   41 3.3458e+07 6792143.17  79.7%  91.5   20s
  3553  1239     cutoff   44      3.3458e+07 9537292.87  71.5%   103   25s
  5316  2118 3.2926e+07   40   20 3.3458e+07 1.2385e+07  63.0%   103   30s
* 5547  2200              55    3.331370e+07 1.2466e+07  62.6%   102   31s
* 5550  2163              57    3.315610e+07 1.2466e+07  62.4%   102   31s
  6633  2675 3.3051e+07   49   34 3.3156e+07 1.2635e+07  61.9%   102   35s
  8198  3302 2.4023e+07   40   51 3.3156e+07 1.2884e+07  61.1%   104   41s
  9366  3675 2.3697e+07   30   51 3.3156e+07 1.3072e+07  60.6%   107   46s
 10076  3835 2.3073e+07   36   61 3.3156e+07 1.3159e+07  60.3%   110   50s
 11060  4026 infeasible   34      3.3156e+07 1.3336e+07  59.8%   114   55s
 12506  4334 2.4110e+07   45   70 3.3156e+07 1.3563e+07  59.1%   118   60s
 13534  4475 2.3745e+07   36   78 3.3156e+07 1.3962e+07  57.9%   121   65s
 14715  4723     cutoff   28      3.3156e+07 1.4542e+07  56.1%   123   70s
 15610  4959 2.4148e+07   37   56 3.3156e+07 1.4884e+07  55.1%   124   75s
 16767  5164 2.3203e+07   39   69 3.3156e+07 1.5595e+07  53.0%   126   80s
 18010  5379 2.2773e+07   41   45 3.3156e+07 1.6919e+07  49.0%   127   85s
H18507  5454                    3.307080e+07 1.7245e+07  47.9%   127   88s
 18514  5419 infeasible   45      3.3071e+07 1.7450e+07  47.2%   127   90s
 20187  5920 2.4421e+07   45   79 3.3071e+07 1.8168e+07  45.1%   126   95s
 20621  5969 infeasible   34      3.3071e+07 1.8519e+07  44.0%   126  104s
 21119  6082 2.3593e+07   27   64 3.3071e+07 1.9706e+07  40.4%   126  106s
 22717  6571 2.3311e+07   52   31 3.3071e+07 2.2227e+07  32.8%   125  111s
 24247  7239 2.2749e+07   36   15 3.3071e+07 2.2342e+07  32.4%   123  115s
 26322  8098 2.3606e+07   41   43 3.3071e+07 2.2399e+07  32.3%   120  121s
 28232  8808 2.2903e+07   35   44 3.3071e+07 2.2432e+07  32.2%   118  126s
 29432  9252 3.2606e+07   39   25 3.3071e+07 2.2450e+07  32.1%   117  130s
 31270  9923 2.2693e+07   42   23 3.3071e+07 2.2469e+07  32.1%   116  135s
 33048 10533 2.4869e+07   55   80 3.3071e+07 2.2481e+07  32.0%   115  140s
 34738 11126 infeasible   54      3.3071e+07 2.2492e+07  32.0%   114  145s
 36469 11721 2.2572e+07   33   49 3.3071e+07 2.2503e+07  32.0%   113  150s
 38229 12330     cutoff   42      3.3071e+07 2.2516e+07  31.9%   112  155s
 39961 12884 2.3464e+07   30   81 3.3071e+07 2.2529e+07  31.9%   111  160s
 41674 13520 2.3125e+07   46   97 3.3071e+07 2.2539e+07  31.8%   110  165s
 43180 13858     cutoff   47      3.3071e+07 2.2551e+07  31.8%   110  170s
*43382 13859              43    3.305480e+07 2.2552e+07  31.8%   110  170s
 44574 14254 2.3993e+07   38   45 3.3055e+07 2.2561e+07  31.7%   110  175s
 46215 14648 infeasible   52      3.3055e+07 2.2572e+07  31.7%   110  181s
 47696 15011 infeasible   48      3.3055e+07 2.2580e+07  31.7%   110  185s
 49145 15361     cutoff   65      3.3055e+07 2.2589e+07  31.7%   110  190s
 50218 15600 2.2974e+07   43   42 3.3055e+07 2.2595e+07  31.6%   110  195s
 51655 15986 infeasible   29      3.3055e+07 2.2603e+07  31.6%   110  200s
 53582 16512     cutoff   44      3.3055e+07 2.2612e+07  31.6%   110  206s
 54957 16884 2.4351e+07   54   64 3.3055e+07 2.2618e+07  31.6%   110  210s
 56363 17279 2.3506e+07   55   52 3.3055e+07 2.2624e+07  31.6%   109  215s
 58076 17728 2.3382e+07   51   73 3.3055e+07 2.2633e+07  31.5%   110  221s
 59316 18011 2.3533e+07   54   81 3.3055e+07 2.2640e+07  31.5%   110  225s
 60603 18311 3.2826e+07   35   30 3.3055e+07 2.2647e+07  31.5%   110  230s
 62283 18638     cutoff   41      3.3055e+07 2.2656e+07  31.5%   110  235s
 63524 18913     cutoff   42      3.3055e+07 2.2665e+07  31.4%   110  240s
 65225 19320 2.2729e+07   45   35 3.3055e+07 2.2674e+07  31.4%   110  245s
 66597 19656     cutoff   43      3.3055e+07 2.2680e+07  31.4%   110  250s
 67810 19939 2.2924e+07   36   46 3.3055e+07 2.2685e+07  31.4%   110  255s
 69363 20278     cutoff   27      3.3055e+07 2.2693e+07  31.3%   111  261s
 70633 20596 infeasible   47      3.3055e+07 2.2699e+07  31.3%   111  265s
 72292 21015 2.7127e+07   71   59 3.3055e+07 2.2706e+07  31.3%   111  271s
 73424 21209     cutoff   64      3.3055e+07 2.2711e+07  31.3%   111  275s
 74754 21533 infeasible   40      3.3055e+07 2.2717e+07  31.3%   111  280s
 76413 21856 infeasible   35      3.3055e+07 2.2724e+07  31.3%   111  286s
 77670 22121 2.2916e+07   29   73 3.3055e+07 2.2728e+07  31.2%   111  290s
 79239 22511     cutoff   38      3.3055e+07 2.2735e+07  31.2%   111  296s
 80361 22762 2.5543e+07   46   52 3.3055e+07 2.2738e+07  31.2%   112  300s
 81871 23068 3.2881e+07   42   17 3.3055e+07 2.2746e+07  31.2%   112  306s
 82996 23266 2.2990e+07   39   35 3.3055e+07 2.2751e+07  31.2%   112  310s
 84098 23488 2.3772e+07   61   58 3.3055e+07 2.2755e+07  31.2%   112  315s
 85037 23649 2.3448e+07   48   39 3.3055e+07 2.2758e+07  31.2%   112  320s
 86629 24006 infeasible   51      3.3055e+07 2.2764e+07  31.1%   112  326s
 87737 24201 2.3632e+07   44   78 3.3055e+07 2.2768e+07  31.1%   112  330s
 89206 24468     cutoff   39      3.3055e+07 2.2774e+07  31.1%   113  335s
 90490 24690 2.3495e+07   45   47 3.3055e+07 2.2780e+07  31.1%   113  340s
 92093 24943 2.2993e+07   58   42 3.3055e+07 2.2785e+07  31.1%   113  346s
 93236 25154 2.3380e+07   36    8 3.3055e+07 2.2789e+07  31.1%   113  350s
 94409 25423     cutoff   47      3.3055e+07 2.2793e+07  31.0%   113  355s
 95800 25658 2.3208e+07   44   31 3.3055e+07 2.2798e+07  31.0%   113  361s
 96941 25850 infeasible   52      3.3055e+07 2.2801e+07  31.0%   113  365s
 98503 26108 3.3026e+07   46   41 3.3055e+07 2.2806e+07  31.0%   114  371s
 99692 26334 infeasible   49      3.3055e+07 2.2810e+07  31.0%   114  375s
 100702 26547 2.3341e+07   41   66 3.3055e+07 2.2814e+07  31.0%   114  380s
 102179 26801 2.2979e+07   39   52 3.3055e+07 2.2820e+07  31.0%   114  385s
 103550 27031     cutoff   44      3.3055e+07 2.2824e+07  31.0%   114  391s
 104713 27194 infeasible   38      3.3055e+07 2.2828e+07  30.9%   115  395s
 106171 27374 2.3119e+07   41   35 3.3055e+07 2.2834e+07  30.9%   115  401s
 107195 27549 2.3231e+07   48   27 3.3055e+07 2.2837e+07  30.9%   115  405s
 108708 27791     cutoff   48      3.3055e+07 2.2842e+07  30.9%   115  411s
 109712 27958 3.2968e+07   42   46 3.3055e+07 2.2844e+07  30.9%   115  415s
 110872 28110     cutoff   27      3.3055e+07 2.2848e+07  30.9%   115  420s
 112412 28342 infeasible   39      3.3055e+07 2.2854e+07  30.9%   115  425s
 113563 28541     cutoff   50      3.3055e+07 2.2858e+07  30.8%   115  430s
 114516 28651 2.3445e+07   48   33 3.3055e+07 2.2861e+07  30.8%   116  435s
 116039 28883 infeasible   48      3.3055e+07 2.2866e+07  30.8%   116  441s
 117090 28993 2.3002e+07   32   52 3.3055e+07 2.2869e+07  30.8%   116  445s
 117997 29108 2.2971e+07   39   51 3.3055e+07 2.2872e+07  30.8%   116  450s
 119483 29291 infeasible   56      3.3055e+07 2.2877e+07  30.8%   116  455s
 120636 29415 2.2981e+07   55   46 3.3055e+07 2.2882e+07  30.8%   117  460s
 122069 29615 infeasible   37      3.3055e+07 2.2886e+07  30.8%   117  466s
 123174 29751 infeasible   45      3.3055e+07 2.2889e+07  30.8%   117  470s
 124420 29924 2.3063e+07   37   45 3.3055e+07 2.2893e+07  30.7%   117  475s
 125389 30066 infeasible   50      3.3055e+07 2.2896e+07  30.7%   117  480s
 126349 30253 infeasible   47      3.3055e+07 2.2898e+07  30.7%   117  485s
 127489 30324     cutoff   42      3.3055e+07 2.2902e+07  30.7%   117  490s
 129062 30495 infeasible   53      3.3055e+07 2.2907e+07  30.7%   117  496s
 130154 30613     cutoff   41      3.3055e+07 2.2910e+07  30.7%   118  500s
 131208 30701 2.3563e+07   59   84 3.3055e+07 2.2913e+07  30.7%   118  505s
 132672 30839 2.4033e+07   44   46 3.3055e+07 2.2919e+07  30.7%   118  511s
 133727 30976 3.3050e+07   48   44 3.3055e+07 2.2922e+07  30.7%   118  515s
 134844 31081 2.3470e+07   37   46 3.3055e+07 2.2925e+07  30.6%   118  520s
 136397 31304 2.3170e+07   32   35 3.3055e+07 2.2929e+07  30.6%   118  526s
 137515 31505 2.3153e+07   45   97 3.3055e+07 2.2932e+07  30.6%   119  531s
 138371 31623 2.4430e+07   64   56 3.3055e+07 2.2934e+07  30.6%   118  535s
 139440 31683 2.3032e+07   29   91 3.3055e+07 2.2937e+07  30.6%   119  540s
 140843 31747 2.4249e+07   63   47 3.3055e+07 2.2941e+07  30.6%   119  546s
 141880 31765 infeasible   56      3.3055e+07 2.2945e+07  30.6%   119  550s
 143021 31880     cutoff   43      3.3055e+07 2.2949e+07  30.6%   119  555s
 144518 32002     cutoff   46      3.3055e+07 2.2953e+07  30.6%   119  561s
 145720 32118 infeasible   48      3.3055e+07 2.2956e+07  30.6%   119  565s
 146791 32189     cutoff   45      3.3055e+07 2.2959e+07  30.5%   120  570s
 148189 32265 infeasible   41      3.3055e+07 2.2963e+07  30.5%   120  576s
 149331 32365 2.4488e+07   55   39 3.3055e+07 2.2966e+07  30.5%   120  580s
 150500 32507 infeasible   48      3.3055e+07 2.2969e+07  30.5%   120  585s
 151983 32687 infeasible   42      3.3055e+07 2.2973e+07  30.5%   120  590s
 153169 32802 infeasible   45      3.3055e+07 2.2977e+07  30.5%   120  595s
 154534 32858 infeasible   50      3.3055e+07 2.2981e+07  30.5%   120  601s
 155582 32896 2.3460e+07   39   58 3.3055e+07 2.2984e+07  30.5%   121  605s
 156651 32947 2.3135e+07   52   51 3.3055e+07 2.2987e+07  30.5%   121  610s
 157705 33025 infeasible   60      3.3055e+07 2.2990e+07  30.4%   121  615s
 159122 33024 infeasible   40      3.3055e+07 2.2995e+07  30.4%   121  620s
 160207 33060 2.4201e+07   31   66 3.3055e+07 2.2998e+07  30.4%   121  625s
 161797 33175 infeasible   57      3.3055e+07 2.3002e+07  30.4%   121  631s
 162839 33278 2.3664e+07   49   45 3.3055e+07 2.3005e+07  30.4%   121  636s
 163991 33358 2.3671e+07   61   76 3.3055e+07 2.3008e+07  30.4%   122  640s
 164942 33375     cutoff   41      3.3055e+07 2.3011e+07  30.4%   122  645s
 166587 33602 infeasible   35      3.3055e+07 2.3016e+07  30.4%   122  651s
 167111 33609 2.3453e+07   51   39 3.3055e+07 2.3017e+07  30.4%   122  655s
 168566 33686 2.3300e+07   52   31 3.3055e+07 2.3022e+07  30.4%   122  661s
 169606 33691     cutoff   37      3.3055e+07 2.3026e+07  30.3%   122  665s
 170632 33702 2.3282e+07   59   67 3.3055e+07 2.3030e+07  30.3%   122  670s
 172124 33719 infeasible   35      3.3055e+07 2.3034e+07  30.3%   122  676s
 173144 33736 infeasible   38      3.3055e+07 2.3038e+07  30.3%   123  680s
 174122 33741     cutoff   51      3.3055e+07 2.3041e+07  30.3%   123  685s
 175526 33782 infeasible   49      3.3055e+07 2.3045e+07  30.3%   123  691s
 176587 33772 2.3265e+07   48   34 3.3055e+07 2.3048e+07  30.3%   123  695s
 177646 33812     cutoff   59      3.3055e+07 2.3051e+07  30.3%   123  700s
 178646 33817     cutoff   41      3.3055e+07 2.3054e+07  30.3%   123  705s
 179429 33768     cutoff   34      3.3055e+07 2.3056e+07  30.2%   123  710s
 180905 33783 infeasible   40      3.3055e+07 2.3061e+07  30.2%   124  716s
 181925 33780 infeasible   51      3.3055e+07 2.3064e+07  30.2%   124  721s
 183071 33810 2.4220e+07   59   57 3.3055e+07 2.3067e+07  30.2%   124  725s
 184113 33870 2.3470e+07   51   32 3.3055e+07 2.3070e+07  30.2%   124  730s
 185479 33826 infeasible   37      3.3055e+07 2.3075e+07  30.2%   124  736s
 186506 33875 2.4337e+07   46   73 3.3055e+07 2.3078e+07  30.2%   124  740s
 187511 33873     cutoff   57      3.3055e+07 2.3081e+07  30.2%   124  745s
 188536 33860 2.8845e+07   48   54 3.3055e+07 2.3085e+07  30.2%   125  750s
 190044 33912     cutoff   51      3.3055e+07 2.3089e+07  30.1%   125  756s
 191208 34030 2.3415e+07   51   62 3.3055e+07 2.3092e+07  30.1%   125  760s
 192113 34021 2.5042e+07   40   73 3.3055e+07 2.3094e+07  30.1%   125  765s
 193464 34057     cutoff   43      3.3055e+07 2.3099e+07  30.1%   125  771s
 194536 34050     cutoff   50      3.3055e+07 2.3102e+07  30.1%   125  775s
 195869 33969     cutoff   47      3.3055e+07 2.3107e+07  30.1%   125  781s
 196982 33985 infeasible   47      3.3055e+07 2.3110e+07  30.1%   125  786s
 197965 34063 infeasible   53      3.3055e+07 2.3114e+07  30.1%   125  791s
 198431 34004 2.4587e+07   56   56 3.3055e+07 2.3115e+07  30.1%   125  795s
 199644 34011     cutoff   49      3.3055e+07 2.3119e+07  30.1%   126  801s
 200630 34002 infeasible   47      3.3055e+07 2.3123e+07  30.0%   126  805s
 201747 34032 2.3228e+07   52   31 3.3055e+07 2.3126e+07  30.0%   126  810s
 203181 34075     cutoff   55      3.3055e+07 2.3130e+07  30.0%   126  816s
 204270 34117 2.3423e+07   40   30 3.3055e+07 2.3134e+07  30.0%   126  821s
 205182 34149 2.3740e+07   60   70 3.3055e+07 2.3136e+07  30.0%   126  826s
 206157 34116 infeasible   49      3.3055e+07 2.3140e+07  30.0%   126  831s
 207146 34050 2.3729e+07   37   76 3.3055e+07 2.3143e+07  30.0%   126  835s
 208170 33994 2.3288e+07   57   49 3.3055e+07 2.3147e+07  30.0%   126  840s
 209607 33976 infeasible   45      3.3055e+07 2.3152e+07  30.0%   126  846s
 210595 33934     cutoff   50      3.3055e+07 2.3156e+07  29.9%   127  850s
 211645 33899     cutoff   51      3.3055e+07 2.3160e+07  29.9%   127  855s
 213115 33905     cutoff   38      3.3055e+07 2.3165e+07  29.9%   127  861s
 214057 33820 infeasible   49      3.3055e+07 2.3168e+07  29.9%   127  865s
 215510 33793 2.4437e+07   41   43 3.3055e+07 2.3174e+07  29.9%   127  871s
 216486 33805 2.3741e+07   46   35 3.3055e+07 2.3177e+07  29.9%   127  876s
 217474 33689 2.4333e+07   50   65 3.3055e+07 2.3181e+07  29.9%   127  880s
 218818 33621     cutoff   50      3.3055e+07 2.3186e+07  29.9%   127  886s
 219830 33597     cutoff   61      3.3055e+07 2.3189e+07  29.8%   127  890s
 220768 33571 2.3440e+07   52   59 3.3055e+07 2.3193e+07  29.8%   127  895s
 221753 33526 infeasible   51      3.3055e+07 2.3196e+07  29.8%   128  900s
 223116 33461     cutoff   55      3.3055e+07 2.3201e+07  29.8%   128  906s
 224202 33435 2.3698e+07   59   67 3.3055e+07 2.3205e+07  29.8%   128  910s
 225296 33397 2.3751e+07   41   79 3.3055e+07 2.3209e+07  29.8%   128  915s
 226683 33353     cutoff   38      3.3055e+07 2.3213e+07  29.8%   128  921s
 227648 33352     cutoff   50      3.3055e+07 2.3217e+07  29.8%   128  926s
 228571 33241 infeasible   29      3.3055e+07 2.3220e+07  29.8%   128  930s
 229603 33189 2.3591e+07   60   71 3.3055e+07 2.3223e+07  29.7%   128  935s
 230928 33225 infeasible   63      3.3055e+07 2.3227e+07  29.7%   128  941s
 231999 33205     cutoff   46      3.3055e+07 2.3231e+07  29.7%   128  945s
 233054 33154     cutoff   58      3.3055e+07 2.3234e+07  29.7%   128  950s
 234305 33048 infeasible   45      3.3055e+07 2.3239e+07  29.7%   128  955s
 235284 32990     cutoff   45      3.3055e+07 2.3244e+07  29.7%   129  960s
 236347 32940 2.3892e+07   43   47 3.3055e+07 2.3247e+07  29.7%   129  965s
 237378 32829 2.3595e+07   52   66 3.3055e+07 2.3251e+07  29.7%   129  970s
 238491 32812 infeasible   40      3.3055e+07 2.3255e+07  29.6%   129  975s
 239916 32785 infeasible   36      3.3055e+07 2.3260e+07  29.6%   129  981s
 240834 32708 2.3349e+07   47   61 3.3055e+07 2.3264e+07  29.6%   129  985s
 242065 32566 2.3678e+07   53   48 3.3055e+07 2.3269e+07  29.6%   129  991s
 243075 32517 infeasible   66      3.3055e+07 2.3273e+07  29.6%   129  995s
 244265 32376 2.3278e+07   25   43 3.3055e+07 2.3278e+07  29.6%   129 1001s
 245266 32324 infeasible   53      3.3055e+07 2.3281e+07  29.6%   129 1005s
 246175 32210 2.3355e+07   37   52 3.3055e+07 2.3285e+07  29.6%   129 1010s
 247392 32123     cutoff   41      3.3055e+07 2.3290e+07  29.5%   129 1015s
 248422 32094     cutoff   29      3.3055e+07 2.3294e+07  29.5%   130 1021s
 249197 31972 infeasible   49      3.3055e+07 2.3296e+07  29.5%   130 1026s
 250106 31860 infeasible   40      3.3055e+07 2.3300e+07  29.5%   130 1030s
 251440 31764 2.3318e+07   49   66 3.3055e+07 2.3305e+07  29.5%   130 1036s
 252326 31648 infeasible   52      3.3055e+07 2.3309e+07  29.5%   130 1040s
 253597 31502 infeasible   52      3.3055e+07 2.3314e+07  29.5%   130 1045s
 254784 31313 2.3324e+07   65   67 3.3055e+07 2.3319e+07  29.5%   130 1051s
 255706 31194 infeasible   58      3.3055e+07 2.3323e+07  29.4%   130 1055s
 256982 31049 2.4428e+07   56   41 3.3055e+07 2.3328e+07  29.4%   130 1061s
 257964 30956 2.3764e+07   50   53 3.3055e+07 2.3332e+07  29.4%   130 1065s
 259059 30764 2.3600e+07   49   21 3.3055e+07 2.3337e+07  29.4%   130 1071s
 259884 30590     cutoff   49      3.3055e+07 2.3341e+07  29.4%   131 1075s
 261092 30443 2.3848e+07   62   62 3.3055e+07 2.3347e+07  29.4%   131 1081s
 262092 30347 infeasible   32      3.3055e+07 2.3350e+07  29.4%   131 1085s
 263137 30235 infeasible   59      3.3055e+07 2.3355e+07  29.3%   131 1091s
 264149 30211     cutoff   46      3.3055e+07 2.3359e+07  29.3%   131 1095s
 265292 30007 infeasible   64      3.3055e+07 2.3365e+07  29.3%   131 1101s
 266129 29874 2.3587e+07   49   18 3.3055e+07 2.3369e+07  29.3%   131 1105s
 267391 29740 2.4296e+07   57   59 3.3055e+07 2.3374e+07  29.3%   131 1111s
 268342 29622 2.3528e+07   46   35 3.3055e+07 2.3379e+07  29.3%   131 1115s
 269101 29536 infeasible   56      3.3055e+07 2.3382e+07  29.3%   131 1120s
 270281 29364 infeasible   53      3.3055e+07 2.3388e+07  29.2%   131 1126s
 271183 29248 2.3576e+07   55   46 3.3055e+07 2.3393e+07  29.2%   131 1130s
 272330 29061 2.3543e+07   45   44 3.3055e+07 2.3398e+07  29.2%   132 1135s
 273508 28904 2.3864e+07   45   63 3.3055e+07 2.3403e+07  29.2%   132 1141s
 274390 28789 infeasible   33      3.3055e+07 2.3408e+07  29.2%   132 1145s
 275180 28675 infeasible   36      3.3055e+07 2.3411e+07  29.2%   132 1151s
 275993 28515 infeasible   53      3.3055e+07 2.3416e+07  29.2%   132 1156s
 276830 28370 2.3592e+07   45   67 3.3055e+07 2.3421e+07  29.1%   132 1160s
 277890 28176 2.3738e+07   40   24 3.3055e+07 2.3426e+07  29.1%   132 1165s
 278655 28005 infeasible   49      3.3055e+07 2.3431e+07  29.1%   132 1170s
 279605 27904 2.3821e+07   48   24 3.3055e+07 2.3436e+07  29.1%   132 1175s
 280537 27828 2.3695e+07   52   50 3.3055e+07 2.3440e+07  29.1%   132 1180s
 281399 27700 2.3532e+07   48   48 3.3055e+07 2.3444e+07  29.1%   132 1185s
 282197 27554 2.3567e+07   38   41 3.3055e+07 2.3448e+07  29.1%   132 1190s
 283086 27366 2.5198e+07   60   63 3.3055e+07 2.3453e+07  29.0%   132 1196s
 283780 27190 infeasible   44      3.3055e+07 2.3457e+07  29.0%   132 1200s
 284787 26961 2.3625e+07   47   69 3.3055e+07 2.3463e+07  29.0%   132 1206s
 285599 26791     cutoff   46      3.3055e+07 2.3467e+07  29.0%   133 1210s
 286479 26663 infeasible   51      3.3055e+07 2.3471e+07  29.0%   133 1215s
 287184 26485 2.3596e+07   28   60 3.3055e+07 2.3476e+07  29.0%   133 1220s
 288266 26286 infeasible   50      3.3055e+07 2.3482e+07  29.0%   133 1225s
 289059 26123 2.3511e+07   42   53 3.3055e+07 2.3487e+07  28.9%   133 1230s
 289985 26052 2.3988e+07   70   48 3.3055e+07 2.3491e+07  28.9%   133 1235s
 291098 25879     cutoff   59      3.3055e+07 2.3497e+07  28.9%   133 1241s
 291691 25799 infeasible   52      3.3055e+07 2.3500e+07  28.9%   133 1245s
 292711 25583     cutoff   41      3.3055e+07 2.3506e+07  28.9%   133 1250s
 293496 25450     cutoff   40      3.3055e+07 2.3511e+07  28.9%   133 1255s
 294170 25274 infeasible   55      3.3055e+07 2.3516e+07  28.9%   133 1260s
 294972 25194 2.3527e+07   53   44 3.3055e+07 2.3520e+07  28.8%   133 1266s
 295685 25011 infeasible   43      3.3055e+07 2.3525e+07  28.8%   133 1270s
 296635 24769 infeasible   50      3.3055e+07 2.3533e+07  28.8%   134 1276s
 297132 24677 infeasible   61      3.3055e+07 2.3536e+07  28.8%   134 1280s
 298227 24456 infeasible   47      3.3055e+07 2.3542e+07  28.8%   134 1285s
 299186 24252 infeasible   47      3.3055e+07 2.3549e+07  28.8%   134 1292s
 299929 24101     cutoff   50      3.3055e+07 2.3554e+07  28.7%   134 1296s
 300693 23950     cutoff   53      3.3055e+07 2.3558e+07  28.7%   134 1300s
 301656 23730 2.3627e+07   56   60 3.3055e+07 2.3566e+07  28.7%   134 1306s
 302648 23533 2.3911e+07   37   72 3.3055e+07 2.3572e+07  28.7%   134 1311s
 303118 23478     cutoff   55      3.3055e+07 2.3574e+07  28.7%   134 1315s
 303911 23373 infeasible   50      3.3055e+07 2.3580e+07  28.7%   134 1320s
 304799 23133 infeasible   40      3.3055e+07 2.3586e+07  28.6%   134 1325s
 305724 22879 2.3913e+07   49   67 3.3055e+07 2.3593e+07  28.6%   134 1331s
 306501 22718     cutoff   65      3.3055e+07 2.3598e+07  28.6%   134 1336s
 307288 22554 2.3824e+07   48   72 3.3055e+07 2.3603e+07  28.6%   134 1341s
 308022 22367 2.3790e+07   65   76 3.3055e+07 2.3609e+07  28.6%   135 1345s
 308825 22205 infeasible   33      3.3055e+07 2.3614e+07  28.6%   135 1351s
 309547 22081 infeasible   59      3.3055e+07 2.3618e+07  28.5%   135 1357s
 310038 21986 infeasible   56      3.3055e+07 2.3622e+07  28.5%   135 1360s
 310792 21820     cutoff   36      3.3055e+07 2.3627e+07  28.5%   135 1365s
 311773 21588 2.3636e+07   49   53 3.3055e+07 2.3636e+07  28.5%   135 1370s
 312488 21415     cutoff   53      3.3055e+07 2.3641e+07  28.5%   135 1375s
 313014 21244 infeasible   50      3.3055e+07 2.3644e+07  28.5%   135 1380s
 313975 21008 infeasible   45      3.3055e+07 2.3653e+07  28.4%   135 1386s
 314713 20860 2.3904e+07   47   71 3.3055e+07 2.3658e+07  28.4%   135 1391s
 315535 20737     cutoff   35      3.3055e+07 2.3665e+07  28.4%   135 1396s
 316109 20648 infeasible   42      3.3055e+07 2.3668e+07  28.4%   135 1400s
 317005 20375 2.3739e+07   52   49 3.3055e+07 2.3676e+07  28.4%   135 1405s
 317955 20152 3.2789e+07   43   24 3.3055e+07 2.3684e+07  28.3%   135 1411s
 318623 19977 infeasible   57      3.3055e+07 2.3690e+07  28.3%   136 1415s
 319451 19699 infeasible   47      3.3055e+07 2.3698e+07  28.3%   136 1421s
 320128 19548 infeasible   60      3.3055e+07 2.3703e+07  28.3%   136 1426s
 320686 19446 2.3862e+07   42   59 3.3055e+07 2.3708e+07  28.3%   136 1430s
 321785 19241     cutoff   54      3.3055e+07 2.3717e+07  28.3%   136 1436s
 322482 19060     cutoff   47      3.3055e+07 2.3723e+07  28.2%   136 1440s
 323403 18835 2.3833e+07   46   48 3.3055e+07 2.3732e+07  28.2%   136 1446s
 324078 18688 2.6299e+07   34   59 3.3055e+07 2.3738e+07  28.2%   136 1450s
 324820 18533 2.4406e+07   44   50 3.3055e+07 2.3745e+07  28.2%   136 1456s
 325419 18328     cutoff   58      3.3055e+07 2.3751e+07  28.1%   136 1460s
 326387 18093 infeasible   45      3.3055e+07 2.3761e+07  28.1%   136 1466s
 327127 17935 infeasible   61      3.3055e+07 2.3767e+07  28.1%   136 1471s
 327938 17790 infeasible   56      3.3055e+07 2.3775e+07  28.1%   136 1475s
 328844 17522 2.3972e+07   56   69 3.3055e+07 2.3785e+07  28.0%   136 1480s
 329740 17271 2.3984e+07   44   32 3.3055e+07 2.3795e+07  28.0%   137 1486s
 330354 17072     cutoff   50      3.3055e+07 2.3802e+07  28.0%   137 1490s
 331059 16906     cutoff   45      3.3055e+07 2.3811e+07  28.0%   137 1495s
 331953 16674 2.4301e+07   51   69 3.3055e+07 2.3821e+07  27.9%   137 1500s
 332410 16480 infeasible   37      3.3055e+07 2.3828e+07  27.9%   137 1505s
 333299 16208 2.3847e+07   45   44 3.3055e+07 2.3839e+07  27.9%   137 1511s
 334040 16057 2.3885e+07   49   66 3.3055e+07 2.3847e+07  27.9%   137 1515s
 335058 15842 infeasible   56      3.3055e+07 2.3859e+07  27.8%   137 1520s
 335995 15610 infeasible   54      3.3055e+07 2.3870e+07  27.8%   137 1526s
 336697 15423 infeasible   64      3.3055e+07 2.3878e+07  27.8%   137 1531s
 337390 15225     cutoff   46      3.3055e+07 2.3887e+07  27.7%   137 1535s
 338319 14956 infeasible   59      3.3055e+07 2.3899e+07  27.7%   137 1540s
 339230 14722 infeasible   66      3.3055e+07 2.3912e+07  27.7%   137 1545s
 340026 14439 infeasible   55      3.3055e+07 2.3924e+07  27.6%   138 1551s
 340627 14232 infeasible   56      3.3055e+07 2.3934e+07  27.6%   138 1555s
 341451 13957 infeasible   62      3.3055e+07 2.3947e+07  27.6%   138 1560s
 342115 13788     cutoff   47      3.3055e+07 2.3957e+07  27.5%   138 1565s
 343061 13546 infeasible   61      3.3055e+07 2.3970e+07  27.5%   138 1571s
 343872 13272 2.4937e+07   51   56 3.3055e+07 2.3985e+07  27.4%   138 1576s
 344471 13068 2.4008e+07   48   44 3.3055e+07 2.3996e+07  27.4%   138 1580s
 345494 12726 infeasible   49      3.3055e+07 2.4016e+07  27.3%   138 1586s
 345898 12593 infeasible   56      3.3055e+07 2.4025e+07  27.3%   138 1590s
 346783 12325     cutoff   52      3.3055e+07 2.4041e+07  27.3%   138 1595s
 347490 12035 2.4829e+07   51   67 3.3055e+07 2.4059e+07  27.2%   138 1601s
 348070 11857 2.4511e+07   44   34 3.3055e+07 2.4072e+07  27.2%   138 1605s
 349009 11516     cutoff   58      3.3055e+07 2.4098e+07  27.1%   138 1610s
 349758 11245 2.6540e+07   35   84 3.3055e+07 2.4120e+07  27.0%   138 1615s
 350545 10967 infeasible   52      3.3055e+07 2.4142e+07  27.0%   139 1620s
 351380 10690 infeasible   47      3.3055e+07 2.4164e+07  26.9%   139 1625s
 351767 10522 2.4453e+07   66   53 3.3055e+07 2.4178e+07  26.9%   139 1630s
 352490 10222     cutoff   43      3.3055e+07 2.4207e+07  26.8%   139 1635s
 353335  9974 infeasible   44      3.3055e+07 2.4237e+07  26.7%   139 1640s
 353996  9794     cutoff   47      3.3055e+07 2.4259e+07  26.6%   139 1645s
 354931  9583     cutoff   53      3.3055e+07 2.4292e+07  26.5%   139 1650s
 355624  9292 2.4334e+07   59   54 3.3055e+07 2.4326e+07  26.4%   139 1655s
 356632  9004 infeasible   49      3.3055e+07 2.4373e+07  26.3%   139 1660s
 357355  8854     cutoff   51      3.3055e+07 2.4408e+07  26.2%   139 1665s
 358239  8616     cutoff   57      3.3055e+07 2.4455e+07  26.0%   139 1670s
 359402  8315     cutoff   38      3.3055e+07 2.4521e+07  25.8%   139 1676s
 360320  8107 2.4954e+07   69   56 3.3055e+07 2.4578e+07  25.6%   139 1681s
 361007  7934 2.5359e+07   67   71 3.3055e+07 2.4630e+07  25.5%   139 1685s
 361894  7733     cutoff   65      3.3055e+07 2.4706e+07  25.3%   139 1690s
 362844  7514     cutoff   57      3.3055e+07 2.4798e+07  25.0%   139 1696s
 363772  7419     cutoff   52      3.3055e+07 2.4874e+07  24.7%   139 1700s
 364742  7201     cutoff   59      3.3055e+07 2.4967e+07  24.5%   139 1706s
 365447  7032     cutoff   42      3.3055e+07 2.5052e+07  24.2%   139 1710s
 366311  6765     cutoff   68      3.3055e+07 2.5172e+07  23.8%   139 1715s
 367205  6492 infeasible   45      3.3055e+07 2.5303e+07  23.5%   139 1720s
 368250  6159 2.5482e+07   34   51 3.3055e+07 2.5482e+07  22.9%   139 1725s
 369350  5843 2.5818e+07   57   76 3.3055e+07 2.5778e+07  22.0%   139 1730s
 370376  5502 infeasible   38      3.3055e+07 2.6118e+07  21.0%   139 1736s
 371587  5253     cutoff   51      3.3055e+07 2.6478e+07  19.9%   139 1740s
 372852  4823 infeasible   54      3.3055e+07 2.7337e+07  17.3%   139 1745s
 373745  4669 3.2890e+07   44   48 3.3055e+07 2.7922e+07  15.5%   139 1750s
 374874  4333     cutoff   40      3.3055e+07 2.9235e+07  11.6%   139 1755s
 376158  4077     cutoff   45      3.3055e+07 3.0681e+07  7.18%   139 1761s
 377250  3754 3.2921e+07   30   36 3.3055e+07 3.2000e+07  3.19%   139 1765s
 378755  3648 3.2797e+07   41   13 3.3055e+07 3.2574e+07  1.45%   139 1771s
 379718  3641 3.2695e+07   37   43 3.3055e+07 3.2634e+07  1.27%   138 1775s
 381140  3594 3.2702e+07   37   17 3.3055e+07 3.2669e+07  1.17%   138 1780s
 382892  3494     cutoff   50      3.3055e+07 3.2703e+07  1.07%   138 1786s
 383707  3420 3.2931e+07   49   34 3.3055e+07 3.2714e+07  1.03%   138 1790s
 385439  3256     cutoff   41      3.3055e+07 3.2738e+07  0.96%   138 1795s
 386998  3066 3.2780e+07   32   22 3.3055e+07 3.2756e+07  0.91%   137 1801s
 388381  2837 3.2865e+07   35   37 3.3055e+07 3.2773e+07  0.85%   137 1805s
 389655  2587     cutoff   56      3.3055e+07 3.2790e+07  0.80%   137 1810s
 391279  2171     cutoff   53      3.3055e+07 3.2814e+07  0.73%   137 1815s
 392779  1734 3.2841e+07   41   27 3.3055e+07 3.2841e+07  0.65%   137 1820s
 394448  1015     cutoff   44      3.3055e+07 3.2888e+07  0.51%   136 1825s
 395712   183     cutoff   41      3.3055e+07 3.2982e+07  0.22%   136 1830s

Cutting planes:
  Learned: 12
  Gomory: 6
  Cover: 681
  Implied bound: 707
  Clique: 14
  MIR: 127
  Flow cover: 313
  GUB cover: 25
  Zero half: 81
  Network: 2

Explored 395984 nodes (53889710 simplex iterations) in 1830.43 seconds
Thread count was 4 (of 4 available processors)

Optimal solution found (tolerance 1.00e-04)
Best objective 3.305480000000e+07, best bound 3.305480000000e+07, gap 0.0%
k_c1	1000000.0
k_c10	980000.0
k_c11	770000.0
k_c12	940000.0
k_c2	880000.0
k_c3	1000000.0
k_c4	830000.0
k_c5	980000.0
k_c6	870000.0
k_c7	960000.0
k_c8	900000.0
k_c9	720000.0
k_dN	0.0
o_1	0.0
o_10	0.0
o_11	0.0
o_12	0.0
o_2	0.0
o_3	0.0
o_4	0.0
o_5	0.0
o_6	0.0
o_7	0.0
o_8	0.0
o_9	0.0
p_1	1.0
p_10	0.0
p_11	0.0
p_12	1.0
p_2	0.0
p_3	0.0
p_4	0.0
p_5	0.0
p_6	0.0
p_7	0.0
p_8	0.0
p_9	1.0
phi_c1	39109.0
phi_c10	29269.0
phi_c11	21641.0
phi_c12	0.0
phi_c2	7566.0
phi_c3	27134.0
phi_c4	34332.0
phi_c5	11232.0
phi_c6	37008.0
phi_c7	22030.0
phi_c8	11794.0
phi_c9	0.0
phi_dN	0.0
pi_c1	110891.0
pi_c10	0.0
pi_c11	0.0
pi_c12	100000.0
pi_c2	0.0
pi_c3	0.0
pi_c4	0.0
pi_c5	0.0
pi_c6	0.0
pi_c7	0.0
pi_c8	0.0
pi_c9	50000.0
pi_dN	0.0
tauD_c1	76475.0
tauD_c10	342950.0
tauD_c11	700000.0
tauD_c12	371450.0
tauD_c2	850000.0
tauD_c3	85450.0
tauD_c4	600000.0
tauD_c5	250000.0
tauD_c6	530000.0
tauD_c7	450000.0
tauD_c8	528250.0
tauD_c9	802800.0
tauD_d0	0.0
tauD_dN	1000000.0
tauS_c1	40700.0
tauS_c10	43175.0
tauS_c11	816450.0
tauS_c12	292950.0
tauS_c2	26275.0
tauS_c3	834550.0
tauS_c4	855100.0
tauS_c5	62250.0
tauS_c6	864650.0
tauS_c7	874050.0
tauS_c8	22475.0
tauS_c9	487050.0
tauS_d0	0.0
tauS_dN	1000000.0
x_c10_c7	1.0
x_c11_c9	1.0
x_c12_c6	1.0
x_c1_c10	1.0
x_c2_dN	1.0
x_c3_c5	1.0
x_c4_c11	1.0
x_c5_c12	1.0
x_c6_c4	1.0
x_c7_c8	1.0
x_c8_c2	1.0
x_c9_dN	1.0
x_d0_c1	1.0
x_d0_c3	1.0
z_c12_c9	1.0
z_c1_c12	1.0
z_c9_dN	1.0
z_d0_c1	1.0
