
Gurobi 6.0.4 (win64) logging started 06/16/15 21:35:58

Read LP format model from file E:\Eigene Dateien\Downloads\Michi shit\VRPTWMS-master\VRPTWMS\instances\mip\fuel\N12-C_DV100-C_SV25_F5_2_No_1.lp
Reading time = 0.02 seconds
(null): 865 rows, 404 columns, 3771 nonzeros
Optimize a model with 865 rows, 404 columns and 3771 nonzeros
Model has 1872 quadratic constraints
WARNING: Only barrier available for SOCP models
Coefficient statistics:
  Matrix range    [1e+00, 1e+06]
  Objective range [3e+04, 1e+07]
  Bounds range    [1e+00, 1e+06]
  RHS range       [1e+00, 1e+06]
Presolve removed 61 rows and 41 columns
Presolve time: 0.19s
Presolved: 4096 rows, 2063 columns, 20711 nonzeros
Variable types: 1592 continuous, 471 integer (408 binary)
Found heuristic solution: objective 1.248734e+08
Optimize a model with 4096 rows, 2063 columns and 20711 nonzeros
Coefficient statistics:
  Matrix range    [1e+00, 1e+06]
  Objective range [3e+04, 1e+07]
  Bounds range    [1e+00, 1e+06]
  RHS range       [1e+00, 1e+06]

Concurrent LP optimizer: dual simplex and barrier
Showing barrier log only...

Presolve removed 282 rows and 191 columns
Presolved: 3814 rows, 1872 columns, 19376 nonzeros

Root barrier log...

Ordering time: 0.02s

Barrier performed 0 iterations in 0.23 seconds
Barrier solve interrupted - model solved by another algorithm


Solved with dual simplex
Solved in 153 iterations and 0.23 seconds
Optimal objective  1.781603981e+06

Root relaxation: objective 1.781604e+06, 153 iterations, 0.03 seconds

    Nodes    |    Current Node    |     Objective Bounds      |     Work
 Expl Unexpl |  Obj  Depth IntInf | Incumbent    BestBd   Gap | It/Node Time

     0     0 1781603.98    0   35 1.2487e+08 1781603.98  98.6%     -    0s
H    0     0                    6.337140e+07 1781603.98  97.2%     -    0s
     0     0 2181120.95    0   73 6.3371e+07 2181120.95  96.6%     -    0s
     0     0 2510163.32    0   56 6.3371e+07 2510163.32  96.0%     -    0s
     0     0 2588415.25    0   40 6.3371e+07 2588415.25  95.9%     -    0s
     0     0 2775240.33    0   67 6.3371e+07 2775240.33  95.6%     -    0s
     0     0 3136738.13    0   81 6.3371e+07 3136738.13  95.1%     -    0s
     0     0 3688551.77    0   84 6.3371e+07 3688551.77  94.2%     -    0s
     0     0 4340900.54    0   82 6.3371e+07 4340900.54  93.2%     -    0s
     0     0 4374117.65    0   84 6.3371e+07 4374117.65  93.1%     -    0s
     0     0 4374117.65    0   83 6.3371e+07 4374117.65  93.1%     -    0s
     0     0 4374117.65    0   74 6.3371e+07 4374117.65  93.1%     -    0s
     0     0 4374117.65    0   66 6.3371e+07 4374117.65  93.1%     -    0s
     0     0 4374117.65    0   77 6.3371e+07 4374117.65  93.1%     -    0s
     0     0 4374117.65    0   66 6.3371e+07 4374117.65  93.1%     -    0s
     0     0 4374117.65    0   71 6.3371e+07 4374117.65  93.1%     -    0s
     0     0 4374117.65    0   64 6.3371e+07 4374117.65  93.1%     -    0s
     0     2 4374117.65    0   61 6.3371e+07 4374117.65  93.1%     -    0s
H   81    71                    5.315170e+07 1.2030e+07  77.4%  38.6    1s
H  460   368                    5.310740e+07 1.2048e+07  77.3%  30.6    1s
*  502   347              42    4.343440e+07 1.2048e+07  72.3%  30.2    1s
H  539   365                    4.343320e+07 1.2091e+07  72.2%  30.3    1s
H  541   352                    4.330100e+07 1.2091e+07  72.1%  30.2    1s
H  578   373                    4.328910e+07 1.2091e+07  72.1%  29.8    1s
H  579   366                    4.313660e+07 1.2091e+07  72.0%  30.1    1s
H  636   398                    4.312470e+07 1.2091e+07  72.0%  29.9    1s
*  989   493              44    3.313910e+07 1.2173e+07  63.3%  28.7    1s
  2633   980 2.2349e+07   26   17 3.3139e+07 1.2366e+07  62.7%  36.7    5s
  5579  2269 3.2945e+07   30   31 3.3139e+07 1.2811e+07  61.3%  42.6   10s
  8360  3141 2.2688e+07   35   41 3.3139e+07 1.4139e+07  57.3%  45.8   15s
 12001  4326 3.2761e+07   32   23 3.3139e+07 1.5952e+07  51.9%  47.3   20s
 14547  4927     cutoff   32      3.3139e+07 1.7825e+07  46.2%  48.6   25s
 18113  5951 infeasible   47      3.3139e+07 2.2206e+07  33.0%  48.7   30s
 20973  7025 3.2518e+07   45   14 3.3139e+07 2.2371e+07  32.5%  48.1   42s
 24155  8422     cutoff   38      3.3139e+07 2.2415e+07  32.4%  46.9   45s
 28380 10188 infeasible   55      3.3139e+07 2.2460e+07  32.2%  46.1   50s
 32553 11790     cutoff   36      3.3139e+07 2.2496e+07  32.1%  45.7   55s
 36780 13333     cutoff   43      3.3139e+07 2.2525e+07  32.0%  45.8   60s
 40265 14489 3.2775e+07   34   27 3.3139e+07 2.2550e+07  32.0%  46.3   65s
 43452 15375     cutoff   40      3.3139e+07 2.2570e+07  31.9%  46.5   70s
 47080 16336 3.2558e+07   44   15 3.3139e+07 2.2593e+07  31.8%  46.9   75s
 51645 17703 3.2941e+07   33    9 3.3139e+07 2.2619e+07  31.7%  46.8   80s
 54778 18450 2.3076e+07   37   54 3.3139e+07 2.2638e+07  31.7%  47.1   85s
 58624 19389 3.2972e+07   57   34 3.3139e+07 2.2661e+07  31.6%  47.4   90s
 61321 19920 3.3088e+07   36   22 3.3139e+07 2.2675e+07  31.6%  47.8   95s
 64660 20570 2.3061e+07   42   32 3.3139e+07 2.2693e+07  31.5%  48.2  100s
 68377 21254 3.2931e+07   37   27 3.3139e+07 2.2712e+07  31.5%  48.6  105s
 71948 21905 2.4439e+07   28   45 3.3139e+07 2.2733e+07  31.4%  48.8  110s
 74888 22480     cutoff   33      3.3139e+07 2.2746e+07  31.4%  49.0  115s
 78224 23061 2.3065e+07   30   21 3.3139e+07 2.2761e+07  31.3%  49.3  120s
 82020 23799 2.2782e+07   32   37 3.3139e+07 2.2777e+07  31.3%  49.6  125s
 85541 24292 infeasible   38      3.3139e+07 2.2794e+07  31.2%  49.8  130s
 88669 24762 2.3220e+07   37   48 3.3139e+07 2.2810e+07  31.2%  50.1  135s
 91879 25202 2.3734e+07   45   58 3.3139e+07 2.2827e+07  31.1%  50.3  140s
 95323 25629     cutoff   37      3.3139e+07 2.2842e+07  31.1%  50.7  145s
 98436 25865 2.3440e+07   40   51 3.3139e+07 2.2860e+07  31.0%  50.9  150s
 101460 26181 3.2689e+07   25   20 3.3139e+07 2.2875e+07  31.0%  51.1  155s
 104832 26442 3.2898e+07   34   15 3.3139e+07 2.2891e+07  30.9%  51.4  160s
 108106 26777     cutoff   50      3.3139e+07 2.2908e+07  30.9%  51.6  165s
 110539 26824     cutoff   34      3.3139e+07 2.2920e+07  30.8%  51.9  170s
*113131 26866              46    3.311470e+07 2.2935e+07  30.7%  52.1  174s
*113138 26519              45    3.306730e+07 2.2935e+07  30.6%  52.1  174s
 113275 26530     cutoff   41      3.3067e+07 2.2937e+07  30.6%  52.1  175s
 115558 26631 2.3335e+07   40   34 3.3067e+07 2.2952e+07  30.6%  52.4  180s
 118954 26739     cutoff   36      3.3067e+07 2.2973e+07  30.5%  52.7  185s
 121802 26794 2.3397e+07   43   47 3.3067e+07 2.2992e+07  30.5%  53.0  190s
 124996 26871     cutoff   35      3.3067e+07 2.3014e+07  30.4%  53.4  195s
*127387 24382              41    3.292300e+07 2.3031e+07  30.0%  53.6  199s
 127500 24381     cutoff   31      3.2923e+07 2.3032e+07  30.0%  53.7  200s
H127501 23303                    3.288890e+07 2.3032e+07  30.0%  53.7  200s
 129792 23008     cutoff   40      3.2889e+07 2.3058e+07  29.9%  53.9  205s
 132368 22894 infeasible   42      3.2889e+07 2.3082e+07  29.8%  54.2  210s
 135041 22566 2.8494e+07   54   40 3.2889e+07 2.3110e+07  29.7%  54.6  215s
 137813 22183 2.4185e+07   45   38 3.2889e+07 2.3146e+07  29.6%  54.9  220s
 140145 21902 2.3181e+07   54   37 3.2889e+07 2.3175e+07  29.5%  55.2  225s
 142451 21472     cutoff   44      3.2889e+07 2.3208e+07  29.4%  55.4  230s
 145152 21236 3.2718e+07   54   10 3.2889e+07 2.3247e+07  29.3%  55.7  235s
 147769 20978     cutoff   54      3.2889e+07 2.3285e+07  29.2%  55.9  240s
 150663 20653 2.4065e+07   41   50 3.2889e+07 2.3331e+07  29.1%  56.2  245s
 153146 20314     cutoff   42      3.2889e+07 2.3378e+07  28.9%  56.4  250s
 155854 19862 infeasible   43      3.2889e+07 2.3438e+07  28.7%  56.7  255s
 158159 19473     cutoff   59      3.2889e+07 2.3493e+07  28.6%  56.9  260s
 160716 19184     cutoff   39      3.2889e+07 2.3553e+07  28.4%  57.1  265s
 162463 18788     cutoff   46      3.2889e+07 2.3602e+07  28.2%  57.3  270s
 164852 18327     cutoff   47      3.2889e+07 2.3678e+07  28.0%  57.4  275s
 167286 17775     cutoff   34      3.2889e+07 2.3768e+07  27.7%  57.6  280s
 170026 17024     cutoff   56      3.2889e+07 2.3906e+07  27.3%  57.8  285s
 172618 16411 3.2816e+07   31    6 3.2889e+07 2.4061e+07  26.8%  57.9  290s
 175667 15835 2.4326e+07   35   24 3.2889e+07 2.4326e+07  26.0%  57.9  295s
 179567 15584 2.4769e+07   29   21 3.2889e+07 2.4769e+07  24.7%  57.5  300s
 183715 14920 2.6300e+07   33   25 3.2889e+07 2.6300e+07  20.0%  57.1  305s
 187986 14386     cutoff   30      3.2889e+07 2.9310e+07  10.9%  56.7  310s
 192418 14062 3.2826e+07   39   14 3.2889e+07 3.1419e+07  4.47%  56.2  315s
 196713 13660     cutoff   51      3.2889e+07 3.2304e+07  1.78%  55.7  320s
 199381 13659 3.2401e+07   33   10 3.2889e+07 3.2401e+07  1.48%  55.5  325s
 204154 13457     cutoff   30      3.2889e+07 3.2483e+07  1.24%  55.2  330s
 207794 13031     cutoff   45      3.2889e+07 3.2527e+07  1.10%  54.9  335s
 212177 12468 3.2629e+07   38    9 3.2889e+07 3.2564e+07  0.99%  54.5  340s
 216518 11752     cutoff   38      3.2889e+07 3.2598e+07  0.88%  54.2  345s
 221033 10636 3.2653e+07   37    8 3.2889e+07 3.2633e+07  0.78%  53.8  350s
 225767  9179 3.2682e+07   44   18 3.2889e+07 3.2668e+07  0.67%  53.4  355s
 230902  7134     cutoff   40      3.2889e+07 3.2716e+07  0.53%  52.9  360s
 236596  4067 3.2857e+07   40   18 3.2889e+07 3.2787e+07  0.31%  52.1  365s

Cutting planes:
  Learned: 2
  Gomory: 2
  Cover: 7
  Implied bound: 73
  Clique: 12
  MIR: 19
  Flow cover: 22
  GUB cover: 14
  Zero half: 2

Explored 241877 nodes (12397526 simplex iterations) in 368.10 seconds
Thread count was 4 (of 4 available processors)

Optimal solution found (tolerance 1.00e-04)
Best objective 3.288890000000e+07, best bound 3.288580000000e+07, gap 0.0094%
k_c1	1000000.0
k_c10	180002.0
k_c11	180002.0
k_c12	870000.0
k_c2	1000000.0
k_c3	900000.0
k_c4	150001.0
k_c5	930000.0
k_c6	120001.0
k_c7	979999.0
k_c8	40000.0
k_c9	789998.0
k_dN	0.0
o_1	0.0
o_10	0.0
o_11	0.0
o_12	0.0
o_2	0.0
o_3	0.0
o_4	0.0
o_5	0.0
o_6	0.0
o_7	1.0
o_8	0.0
o_9	0.0
p_1	0.0
p_10	0.0
p_11	0.0
p_12	1.0
p_2	0.0
p_3	0.0
p_4	0.0
p_5	0.0
p_6	0.0
p_7	1.0
p_8	0.0
p_9	0.0
phi_c1	38567.0
phi_c10	34934.0
phi_c11	42173.0
phi_c12	0.0
phi_c2	33275.0
phi_c3	18839.0
phi_c4	24511.0
phi_c5	27883.0
phi_c6	10055.0
phi_c7	27883.0
phi_c8	6061.0
phi_c9	43016.0
phi_dN	0.0
pi_c1	0.0
pi_c10	0.0
pi_c11	0.0
pi_c12	149998.0
pi_c2	0.0
pi_c3	0.0
pi_c4	0.0
pi_c5	0.0
pi_c6	0.0
pi_c7	199999.0
pi_c8	0.0
pi_c9	0.0
pi_dN	0.0
tauD_c1	42725.0
tauD_c10	616300.0
tauD_c11	484000.0
tauD_c12	400000.0
tauD_c2	100000.0
tauD_c3	249600.0
tauD_c4	650000.0
tauD_c5	163600.0
tauD_c6	833051.0
tauD_c7	180674.0
tauD_c8	818475.0
tauD_c9	536100.0
tauD_d0	0.0
tauD_dN	1000000.0
tauS_c1	846349.0
tauS_c10	607974.0
tauS_c11	878274.0
tauS_c12	343899.0
tauS_c2	613574.0
tauS_c3	862925.0
tauS_c4	59250.0
tauS_c5	564549.0
tauS_c6	841524.0
tauS_c7	68700.0
tauS_c8	740924.0
tauS_c9	843975.0
tauS_d0	0.0
tauS_dN	570100.0
x_c10_c8	1.0
x_c11_c4	1.0
x_c12_c9	1.0
x_c1_c7	1.0
x_c2_c5	1.0
x_c3_c12	1.0
x_c4_c6	1.0
x_c5_c3	1.0
x_c6_dN	1.0
x_c7_c11	1.0
x_c8_dN	1.0
x_c9_c10	1.0
x_d0_c1	1.0
x_d0_c2	1.0
z_c12_dN	1.0
z_c7_c12	1.0
z_d0_c7	1.0
