
Gurobi 6.0.4 (win64) logging started 06/16/15 23:15:42

Read LP format model from file E:\Eigene Dateien\Downloads\Michi shit\VRPTWMS-master\VRPTWMS\instances\mip\fuel\N12-C_DV100-C_SV25_F5_8_No_1.lp
Reading time = 0.00 seconds
(null): 865 rows, 404 columns, 3771 nonzeros
Optimize a model with 865 rows, 404 columns and 3771 nonzeros
Model has 1872 quadratic constraints
WARNING: Only barrier available for SOCP models
Coefficient statistics:
  Matrix range    [1e+00, 1e+06]
  Objective range [5e+04, 1e+07]
  Bounds range    [1e+00, 1e+06]
  RHS range       [1e+00, 1e+06]
Presolve removed 80 rows and 49 columns
Presolve time: 0.16s
Presolved: 3709 rows, 1868 columns, 19250 nonzeros
Variable types: 1411 continuous, 457 integer (395 binary)
Optimize a model with 3709 rows, 1868 columns and 19250 nonzeros
Coefficient statistics:
  Matrix range    [1e+00, 2e+06]
  Objective range [5e+04, 1e+07]
  Bounds range    [1e+00, 1e+06]
  RHS range       [1e+00, 1e+06]

Concurrent LP optimizer: dual simplex and barrier
Showing barrier log only...

Presolve removed 300 rows and 196 columns
Presolved: 3409 rows, 1674 columns, 17858 nonzeros

Root barrier log...

Ordering time: 0.01s

Barrier performed 0 iterations in 0.21 seconds
Barrier solve interrupted - model solved by another algorithm


Solved with dual simplex
Solved in 85 iterations and 0.21 seconds
Optimal objective  1.220483826e+07

Root relaxation: objective 1.220484e+07, 85 iterations, 0.03 seconds

    Nodes    |    Current Node    |     Objective Bounds      |     Work
 Expl Unexpl |  Obj  Depth IntInf | Incumbent    BestBd   Gap | It/Node Time

     0     0 1.2205e+07    0   31          - 1.2205e+07      -     -    0s
     0     0 1.2256e+07    0   52          - 1.2256e+07      -     -    0s
     0     0 1.2285e+07    0   53          - 1.2285e+07      -     -    0s
     0     0 1.2306e+07    0   48          - 1.2306e+07      -     -    0s
     0     0 1.2306e+07    0   45          - 1.2306e+07      -     -    0s
H    0     0                    1.389931e+08 1.2306e+07  91.1%     -    0s
     0     0 1.2306e+07    0   45 1.3899e+08 1.2306e+07  91.1%     -    0s
H    0     0                    1.080300e+08 1.2306e+07  88.6%     -    0s
     0     2 1.2306e+07    0   45 1.0803e+08 1.2306e+07  88.6%     -    0s
H   49    49                    9.767520e+07 1.2327e+07  87.4%  29.8    0s
H  119    99                    6.585590e+07 1.2327e+07  81.3%  30.3    0s
H  216   184                    6.547210e+07 1.2327e+07  81.2%  36.0    0s
H  298   250                    5.485050e+07 1.2391e+07  77.4%  35.6    0s
H  429   358                    5.465420e+07 1.2391e+07  77.3%  35.3    0s
H  788   591                    5.449130e+07 1.2434e+07  77.2%  33.0    1s
*  868   616              48    4.519400e+07 1.2434e+07  72.5%  33.3    1s
H  968   652                    4.480840e+07 1.2464e+07  72.2%  32.8    1s
H 1078   695                    4.393500e+07 1.2485e+07  71.6%  31.4    3s
  1152   744 1.7324e+07   22   44 4.3935e+07 1.2553e+07  71.4%  36.0    5s
H 1957   955                    4.392200e+07 1.2723e+07  71.0%  50.0    7s
H 2022   932                    4.390430e+07 1.2723e+07  71.0%  51.7    7s
H 2443  1005                    4.383820e+07 1.2811e+07  70.8%  55.7    8s
  2598  1035 infeasible   26      4.3838e+07 1.2911e+07  70.5%  58.2   10s
  3814  1572 3.4429e+07   23   32 4.3838e+07 1.3241e+07  69.8%  66.1   15s
  5406  2232 1.3830e+07   31   76 4.3838e+07 1.3472e+07  69.3%  76.1   20s
  6938  2688     cutoff   42      4.3838e+07 1.3773e+07  68.6%  84.4   25s
  8422  2998 infeasible   27      4.3838e+07 1.4065e+07  67.9%  88.9   30s
  9759  3310     cutoff   33      4.3838e+07 1.4524e+07  66.9%  91.6   35s
 11682  4025 3.4511e+07   37   72 4.3838e+07 1.6068e+07  63.3%  91.6   40s
 13871  4689 3.7154e+07   29   42 4.3838e+07 2.0739e+07  52.7%  91.5   45s
 15678  5448 2.4660e+07   27   87 4.3838e+07 2.2576e+07  48.5%  91.7   51s
 17182  6226     cutoff   35      4.3838e+07 2.2801e+07  48.0%  89.7   55s
 19891  7681 3.7618e+07   46   36 4.3838e+07 2.2905e+07  47.8%  86.5   60s
 20524  8054 2.3620e+07   36   45 4.3838e+07 2.2909e+07  47.7%  86.1   67s
 20533  8060 3.3984e+07   37   81 4.3838e+07 2.2909e+07  47.7%  86.0   70s
 20543  8067 4.0697e+07   52   73 4.3838e+07 2.2909e+07  47.7%  86.0   75s
 20561  8086 2.2909e+07   27   35 4.3838e+07 2.2909e+07  47.7%  86.1   81s
 21177  8248 2.3795e+07   42   56 4.3838e+07 2.2909e+07  47.7%  86.1   86s
*22514  8179              42    4.369890e+07 2.2909e+07  47.6%  85.9   89s
H23465  7942                    4.365490e+07 2.2909e+07  47.5%  85.6   92s
 25848  8289 2.3339e+07   37   58 4.3655e+07 2.2909e+07  47.5%  86.1   97s
*25882  7576              47    3.396570e+07 2.2909e+07  32.6%  86.1   97s
 27105  7635 2.4273e+07   46   39 3.3966e+07 2.2909e+07  32.6%  86.4  100s
H27366  7227                    3.391620e+07 2.2909e+07  32.5%  86.7  100s
 29176  6926 2.3957e+07   43   49 3.3916e+07 2.2909e+07  32.5%  88.2  105s
*30602  6083              43    3.371270e+07 2.2909e+07  32.0%  89.6  108s
*30603  5688              43    3.365090e+07 2.2909e+07  31.9%  89.6  108s
 30991  5624 2.4280e+07   60   51 3.3651e+07 2.2909e+07  31.9%  89.8  110s
 32481  5387     cutoff   49      3.3651e+07 2.2909e+07  31.9%  89.9  116s
 33619  5354 2.6458e+07   47   51 3.3651e+07 2.2909e+07  31.9%  90.0  120s
 36116  5375 infeasible   52      3.3651e+07 2.2909e+07  31.9%  89.4  125s
H37925  5238                    3.364650e+07 2.2909e+07  31.9%  89.2  128s
 38153  5240 3.3617e+07   38   19 3.3647e+07 2.2923e+07  31.9%  89.1  130s
 41385  6177 2.3408e+07   59   50 3.3647e+07 2.3010e+07  31.6%  88.8  137s
 43304  6630 infeasible   34      3.3647e+07 2.3062e+07  31.5%  88.7  141s
 45179  7071 2.3907e+07   39   56 3.3647e+07 2.3083e+07  31.4%  88.7  145s
 47497  7398 2.3128e+07   42   40 3.3647e+07 2.3128e+07  31.3%  89.1  150s
 49765  7816 2.3249e+07   44   45 3.3647e+07 2.3165e+07  31.2%  89.4  155s
 51252  8006 2.3453e+07   38   51 3.3647e+07 2.3188e+07  31.1%  89.8  161s
 53192  8216 2.3340e+07   43   63 3.3647e+07 2.3210e+07  31.0%  90.3  165s
 55237  8422     cutoff   45      3.3647e+07 2.3234e+07  30.9%  90.7  170s
 56977  8570 2.3434e+07   45   42 3.3647e+07 2.3259e+07  30.9%  91.2  175s
 59384  8834     cutoff   46      3.3647e+07 2.3282e+07  30.8%  91.9  181s
 61104  8970 infeasible   40      3.3647e+07 2.3301e+07  30.7%  92.4  185s
H62405  8907                    3.355330e+07 2.3318e+07  30.5%  92.8  188s
 62554  8875 2.3449e+07   38   63 3.3553e+07 2.3319e+07  30.5%  92.8  190s
 63947  8792 2.4385e+07   57   78 3.3553e+07 2.3341e+07  30.4%  93.5  196s
 65538  8717 2.5454e+07   34   39 3.3553e+07 2.3364e+07  30.4%  94.3  200s
 67115  8619     cutoff   42      3.3553e+07 2.3384e+07  30.3%  94.8  205s
 69052  8352 infeasible   52      3.3553e+07 2.3412e+07  30.2%  95.6  210s
 70354  8162     cutoff   45      3.3553e+07 2.3432e+07  30.2%  96.1  215s
 71885  7909 2.3984e+07   35   42 3.3553e+07 2.3452e+07  30.1%  96.9  220s
 73450  7711 2.3482e+07   62   36 3.3553e+07 2.3482e+07  30.0%  97.7  225s
 75019  7337 infeasible   49      3.3553e+07 2.3509e+07  29.9%  98.4  230s
 76519  6973     cutoff   44      3.3553e+07 2.3541e+07  29.8%  99.2  235s
 78242  6686     cutoff   48      3.3553e+07 2.3571e+07  29.7%   100  240s
 79696  6294 infeasible   50      3.3553e+07 2.3607e+07  29.6%   101  245s
 81205  5894     cutoff   41      3.3553e+07 2.3644e+07  29.5%   101  250s
 82631  5473     cutoff   40      3.3553e+07 2.3689e+07  29.4%   102  255s
 84280  5135     cutoff   51      3.3553e+07 2.3740e+07  29.2%   103  260s
 85631  4748 infeasible   64      3.3553e+07 2.3809e+07  29.0%   103  265s
 87299  4337 infeasible   48      3.3553e+07 2.3903e+07  28.8%   104  270s
 88671  3915 infeasible   51      3.3553e+07 2.4006e+07  28.5%   105  275s
 90103  3527 infeasible   54      3.3553e+07 2.4165e+07  28.0%   105  280s
 91504  3019 infeasible   42      3.3553e+07 2.4449e+07  27.1%   106  285s
 93290  2458     cutoff   34      3.3553e+07 3.0169e+07  10.1%   106  290s
 95526  2650 3.3131e+07   45   28 3.3553e+07 3.3015e+07  1.60%   105  295s
 97474  2793 3.3219e+07   46   19 3.3553e+07 3.3119e+07  1.30%   105  300s
 99800  2696 3.3543e+07   51   23 3.3553e+07 3.3198e+07  1.06%   104  305s
 102173  2437     cutoff   42      3.3553e+07 3.3249e+07  0.91%   103  310s
 104641  1779 3.3394e+07   34   36 3.3553e+07 3.3316e+07  0.71%   103  315s
 107307   392     cutoff   54      3.3553e+07 3.3450e+07  0.31%   102  320s

Cutting planes:
  Learned: 1
  Gomory: 3
  Cover: 1
  Implied bound: 30
  Clique: 2
  MIR: 9
  Flow cover: 8
  GUB cover: 1
  Zero half: 25

Explored 107886 nodes (11028810 simplex iterations) in 320.73 seconds
Thread count was 4 (of 4 available processors)

Optimal solution found (tolerance 1.00e-04)
Best objective 3.355330000000e+07, best bound 3.355330000000e+07, gap 0.0%
k_c1	840000.0
k_c10	880000.0
k_c11	1000000.0
k_c12	809999.0
k_c2	20000.0
k_c3	819998.0
k_c4	910000.0
k_c5	950000.0
k_c6	980000.0
k_c7	879999.0
k_c8	10001.0
k_c9	919999.0
k_dN	0.0
o_1	0.0
o_10	0.0
o_11	0.0
o_12	0.0
o_2	1.0
o_3	0.0
o_4	0.0
o_5	0.0
o_6	0.0
o_7	0.0
o_8	0.0
o_9	1.0
p_1	0.0
p_10	1.0
p_11	0.0
p_12	0.0
p_2	1.0
p_3	0.0
p_4	0.0
p_5	0.0
p_6	0.0
p_7	0.0
p_8	0.0
p_9	1.0
phi_c1	38493.0
phi_c10	0.0
phi_c11	31730.0
phi_c12	23093.0
phi_c2	7346.0
phi_c3	25093.0
phi_c4	10937.0
phi_c5	27662.0
phi_c6	25100.0
phi_c7	42654.0
phi_c8	11412.0
phi_c9	8810.0
phi_dN	0.0
pi_c1	250000.0
pi_c10	208809.0
pi_c11	250000.0
pi_c12	250000.0
pi_c2	50000.0
pi_c3	250000.0
pi_c4	200000.0
pi_c5	250000.0
pi_c6	250000.0
pi_c7	200000.0
pi_c8	250000.0
pi_c9	250000.0
pi_dN	0.0
tauD_c1	600000.0
tauD_c10	416999.0
tauD_c11	68275.0
tauD_c12	746349.0
tauD_c2	665749.0
tauD_c3	450000.0
tauD_c4	275975.0
tauD_c5	163475.0
tauD_c6	100000.0
tauD_c7	324375.0
tauD_c8	800000.0
tauD_c9	180875.0
tauD_d0	0.0
tauD_dN	1000000.0
tauS_c1	889475.0
tauS_c10	291824.0
tauS_c11	851725.0
tauS_c12	836150.0
tauS_c2	569500.0
tauS_c3	796200.0
tauS_c4	331625.0
tauS_c5	836899.0
tauS_c6	331625.0
tauS_c7	331625.0
tauS_c8	879700.0
tauS_c9	180874.0
tauS_d0	0.0
tauS_dN	910000.0
x_c10_c1	1.0
x_c11_c5	1.0
x_c12_c8	1.0
x_c1_c12	1.0
x_c2_dN	1.0
x_c3_c2	1.0
x_c4_c10	1.0
x_c5_c4	1.0
x_c6_c9	1.0
x_c7_c3	1.0
x_c8_dN	1.0
x_c9_c7	1.0
x_d0_c11	1.0
x_d0_c6	1.0
z_c10_c2	1.0
z_c2_dN	1.0
z_c9_c10	1.0
z_d0_c9	1.0
