
Gurobi 6.0.4 (win64) logging started 06/16/15 22:57:13

Read LP format model from file E:\Eigene Dateien\Downloads\Michi shit\VRPTWMS-master\VRPTWMS\instances\mip\fuel\N12-C_DV100-C_SV25_F5_6_No_1.lp
Reading time = 0.02 seconds
(null): 865 rows, 404 columns, 3771 nonzeros
Optimize a model with 865 rows, 404 columns and 3771 nonzeros
Model has 1872 quadratic constraints
WARNING: Only barrier available for SOCP models
Coefficient statistics:
  Matrix range    [1e+00, 1e+06]
  Objective range [4e+04, 1e+07]
  Bounds range    [1e+00, 1e+06]
  RHS range       [1e+00, 1e+06]
Presolve removed 100 rows and 75 columns
Presolve time: 0.15s
Presolved: 3218 rows, 1595 columns, 16650 nonzeros
Variable types: 1187 continuous, 408 integer (345 binary)
Optimize a model with 3218 rows, 1595 columns and 16650 nonzeros
Coefficient statistics:
  Matrix range    [1e+00, 1e+06]
  Objective range [4e+04, 1e+07]
  Bounds range    [1e+00, 1e+06]
  RHS range       [1e+00, 1e+06]

Concurrent LP optimizer: dual simplex and barrier
Showing barrier log only...

Presolve removed 317 rows and 194 columns
Presolved: 2901 rows, 1402 columns, 15247 nonzeros

Root barrier log...

Ordering time: 0.02s

Barrier performed 0 iterations in 0.18 seconds
Barrier solve interrupted - model solved by another algorithm


Solved with dual simplex
Solved in 91 iterations and 0.18 seconds
Optimal objective  1.923032732e+07

Root relaxation: objective 1.923033e+07, 91 iterations, 0.02 seconds

    Nodes    |    Current Node    |     Objective Bounds      |     Work
 Expl Unexpl |  Obj  Depth IntInf | Incumbent    BestBd   Gap | It/Node Time

     0     0 1.9230e+07    0   29          - 1.9230e+07      -     -    0s
     0     0 3.2462e+07    0   19          - 3.2462e+07      -     -    0s
     0     0 3.2467e+07    0   12          - 3.2467e+07      -     -    0s
     0     0 3.2481e+07    0   11          - 3.2481e+07      -     -    0s
     0     0 3.2481e+07    0   28          - 3.2481e+07      -     -    0s
     0     0 3.2488e+07    0   16          - 3.2488e+07      -     -    0s
     0     0 3.2488e+07    0   21          - 3.2488e+07      -     -    0s
     0     0 3.2488e+07    0   15          - 3.2488e+07      -     -    0s
     0     0 3.2488e+07    0   15          - 3.2488e+07      -     -    0s
     0     0 3.2488e+07    0   16          - 3.2488e+07      -     -    0s
     0     0 3.2488e+07    0   17          - 3.2488e+07      -     -    0s
H    0     0                    9.477240e+07 3.2488e+07  65.7%     -    0s
     0     0 3.2488e+07    0   15 9.4772e+07 3.2488e+07  65.7%     -    0s
H    0     0                    5.309470e+07 3.2488e+07  38.8%     -    0s
     0     2 3.2488e+07    0   15 5.3095e+07 3.2488e+07  38.8%     -    0s
H  259   218                    4.430710e+07 3.2493e+07  26.7%  28.7    0s
*  447   336              25    4.361250e+07 3.2527e+07  25.4%  28.5    0s
H  453   337                    4.351250e+07 3.2527e+07  25.2%  28.3    0s
H  526   371                    4.330530e+07 3.2527e+07  24.9%  27.3    0s
H 1013   670                    4.330000e+07 3.2575e+07  24.8%  25.3    1s
  1075   714 3.2618e+07   16   59 4.3300e+07 3.2618e+07  24.7%  29.7    5s
* 1296   754              41    4.328350e+07 3.2637e+07  24.6%  36.6    6s
* 1912   776              27    4.323760e+07 3.2677e+07  24.4%  44.8    8s
  1961   781     cutoff   56      4.3238e+07 3.2685e+07  24.4%  44.9   10s
H 1982   741                    4.322220e+07 3.2685e+07  24.4%  44.9   10s
* 2447   772              56    4.302720e+07 3.2709e+07  24.0%  48.8   10s
  4576  1657 3.3139e+07   25   52 4.3027e+07 3.2811e+07  23.7%  63.5   15s
  6604  2472 infeasible   46      4.3027e+07 3.2857e+07  23.6%  69.0   20s
  8454  2986 infeasible   49      4.3027e+07 3.2900e+07  23.5%  75.4   25s
 10415  3586 3.3147e+07   40   57 4.3027e+07 3.2936e+07  23.5%  78.0   30s
 12150  3994 3.3318e+07   32   27 4.3027e+07 3.2974e+07  23.4%  81.8   35s
 13413  4210 infeasible   48      4.3027e+07 3.2997e+07  23.3%  83.9   40s
 15445  4647 infeasible   37      4.3027e+07 3.3034e+07  23.2%  86.5   45s
 16591  4805 infeasible   26      4.3027e+07 3.3048e+07  23.2%  88.0   50s
 18579  5059 3.3651e+07   34   57 4.3027e+07 3.3090e+07  23.1%  90.6   56s
 19872  5162 3.3457e+07   32   48 4.3027e+07 3.3117e+07  23.0%  92.7   60s
 20628  5298 3.3396e+07   32   15 4.3027e+07 3.3130e+07  23.0%  93.4   65s
 20651  5307 3.3130e+07   30   12 4.3027e+07 3.3130e+07  23.0%  93.4   70s
 20866  5350 3.3130e+07   37   15 4.3027e+07 3.3130e+07  23.0%  93.0   75s
 25144  6259 infeasible   48      4.3027e+07 3.3130e+07  23.0%  87.0   82s
 27447  6522 infeasible   40      4.3027e+07 3.3130e+07  23.0%  85.7   85s
 30318  6514 3.3130e+07   39   30 4.3027e+07 3.3130e+07  23.0%  85.4   92s
 32609  6575 3.3130e+07   38   52 4.3027e+07 3.3130e+07  23.0%  85.4   95s
 35250  6450 3.3700e+07   39   26 4.3027e+07 3.3130e+07  23.0%  85.6  100s
 36997  6555 3.3693e+07   45   58 4.3027e+07 3.3130e+07  23.0%  85.7  105s
 39568  7271 3.3130e+07   29   25 4.3027e+07 3.3130e+07  23.0%  86.0  111s
 40875  7605 3.3968e+07   56   50 4.3027e+07 3.3130e+07  23.0%  86.1  115s
 42802  8070 3.3130e+07   56   34 4.3027e+07 3.3130e+07  23.0%  86.5  120s
 44886  8575     cutoff   52      4.3027e+07 3.3130e+07  23.0%  86.8  125s
 46741  9058 infeasible   44      4.3027e+07 3.3130e+07  23.0%  87.1  130s
 48786  9584 infeasible   56      4.3027e+07 3.3130e+07  23.0%  87.3  135s
 50713 10155 3.4321e+07   61   34 4.3027e+07 3.3130e+07  23.0%  87.3  140s
 53201 10902 infeasible   42      4.3027e+07 3.3133e+07  23.0%  87.2  145s
 55940 11624 3.3600e+07   48   48 4.3027e+07 3.3152e+07  23.0%  87.3  151s
 58473 12140     cutoff   58      4.3027e+07 3.3176e+07  22.9%  87.6  156s
 60415 12605     cutoff   67      4.3027e+07 3.3191e+07  22.9%  87.7  160s
 62923 13139 infeasible   45      4.3027e+07 3.3213e+07  22.8%  88.0  165s
 65227 13612 infeasible   45      4.3027e+07 3.3228e+07  22.8%  88.2  170s
 67666 14016 3.3480e+07   38   40 4.3027e+07 3.3249e+07  22.7%  88.4  175s
 70705 14574 3.3379e+07   41   41 4.3027e+07 3.3272e+07  22.7%  88.6  181s
 73070 14961 3.3614e+07   44   34 4.3027e+07 3.3290e+07  22.6%  88.8  185s
 75371 15262 infeasible   66      4.3027e+07 3.3308e+07  22.6%  89.2  190s
 78169 15577 infeasible   47      4.3027e+07 3.3329e+07  22.5%  89.5  195s
 80340 15927 infeasible   50      4.3027e+07 3.3340e+07  22.5%  89.8  200s
 83096 16370 3.4283e+07   48   29 4.3027e+07 3.3361e+07  22.5%  90.1  205s
 85651 16626 3.3386e+07   52   18 4.3027e+07 3.3377e+07  22.4%  90.4  211s
 87732 16825 infeasible   46      4.3027e+07 3.3394e+07  22.4%  90.7  215s
 90070 17066 infeasible   44      4.3027e+07 3.3412e+07  22.3%  90.9  220s
 92582 17355     cutoff   54      4.3027e+07 3.3429e+07  22.3%  91.1  225s
 94953 17613 3.3463e+07   32   23 4.3027e+07 3.3445e+07  22.3%  91.4  230s
 97004 17778 3.3835e+07   50   34 4.3027e+07 3.3458e+07  22.2%  91.6  235s
 99519 18017 3.4023e+07   49   24 4.3027e+07 3.3475e+07  22.2%  91.9  240s
 101880 18233 infeasible   48      4.3027e+07 3.3489e+07  22.2%  92.2  245s
 104104 18482 3.3738e+07   46   33 4.3027e+07 3.3502e+07  22.1%  92.4  251s
 105446 18410 3.3671e+07   46   20 4.3027e+07 3.3510e+07  22.1%  92.6  255s
 107792 18579 infeasible   49      4.3027e+07 3.3524e+07  22.1%  92.9  260s
 110297 18635 3.3569e+07   47   25 4.3027e+07 3.3542e+07  22.0%  93.2  265s
 112367 18754 infeasible   40      4.3027e+07 3.3555e+07  22.0%  93.4  270s
 114453 18738 3.4353e+07   55   30 4.3027e+07 3.3569e+07  22.0%  93.6  275s
 116594 18842     cutoff   48      4.3027e+07 3.3583e+07  22.0%  93.8  280s
 118763 18940 3.5242e+07   53   58 4.3027e+07 3.3596e+07  21.9%  94.0  285s
 120879 19063 3.3675e+07   58   56 4.3027e+07 3.3607e+07  21.9%  94.1  290s
 123277 19127 infeasible   43      4.3027e+07 3.3622e+07  21.9%  94.4  295s
 125096 19140     cutoff   47      4.3027e+07 3.3633e+07  21.8%  94.6  300s
 127072 19099     cutoff   48      4.3027e+07 3.3645e+07  21.8%  94.9  305s
 129372 19042     cutoff   44      4.3027e+07 3.3660e+07  21.8%  95.2  310s
 131784 19081 3.4381e+07   51   37 4.3027e+07 3.3674e+07  21.7%  95.5  315s
 133841 19131 infeasible   54      4.3027e+07 3.3685e+07  21.7%  95.6  320s
 136159 19102 3.3964e+07   43   26 4.3027e+07 3.3699e+07  21.7%  95.9  325s
 138457 19125     cutoff   43      4.3027e+07 3.3712e+07  21.6%  96.1  330s
 140331 19191 infeasible   51      4.3027e+07 3.3724e+07  21.6%  96.2  335s
 142891 19294 infeasible   52      4.3027e+07 3.3739e+07  21.6%  96.3  340s
 144983 19197 infeasible   49      4.3027e+07 3.3753e+07  21.6%  96.6  345s
 146900 19136 infeasible   46      4.3027e+07 3.3764e+07  21.5%  96.8  350s
 148941 18961     cutoff   50      4.3027e+07 3.3778e+07  21.5%  97.0  355s
 151028 18843 3.3916e+07   48   51 4.3027e+07 3.3791e+07  21.5%  97.2  360s
 153148 18755     cutoff   64      4.3027e+07 3.3802e+07  21.4%  97.4  365s
 155482 18763 infeasible   54      4.3027e+07 3.3815e+07  21.4%  97.6  370s
 157632 18654 infeasible   42      4.3027e+07 3.3828e+07  21.4%  97.8  375s
 159715 18627 3.4058e+07   52   55 4.3027e+07 3.3840e+07  21.4%  98.0  380s
 161870 18461 3.4247e+07   62   33 4.3027e+07 3.3853e+07  21.3%  98.2  385s
 164048 18304 infeasible   48      4.3027e+07 3.3865e+07  21.3%  98.4  390s
 166129 18193     cutoff   49      4.3027e+07 3.3875e+07  21.3%  98.6  395s
 168115 18083 infeasible   42      4.3027e+07 3.3887e+07  21.2%  98.8  400s
 170472 17898 3.4160e+07   51   36 4.3027e+07 3.3900e+07  21.2%  99.1  405s
 172496 17805 3.4524e+07   50   55 4.3027e+07 3.3911e+07  21.2%  99.2  410s
 174415 17591 infeasible   47      4.3027e+07 3.3923e+07  21.2%  99.5  415s
 176478 17521 3.4120e+07   49   33 4.3027e+07 3.3935e+07  21.1%   100  420s
 178757 17411 3.4041e+07   52   29 4.3027e+07 3.3949e+07  21.1%   100  425s
 180918 17269 infeasible   42      4.3027e+07 3.3961e+07  21.1%   100  430s
 182948 17145 infeasible   55      4.3027e+07 3.3973e+07  21.0%   100  435s
 185115 16951     cutoff   50      4.3027e+07 3.3988e+07  21.0%   100  440s
 187083 16776 infeasible   58      4.3027e+07 3.4000e+07  21.0%   101  445s
 189103 16522 infeasible   47      4.3027e+07 3.4014e+07  20.9%   101  450s
 191186 16304 3.4061e+07   48   40 4.3027e+07 3.4029e+07  20.9%   101  455s
 193176 16182 3.4526e+07   61   32 4.3027e+07 3.4041e+07  20.9%   101  460s
 195287 15944 3.4120e+07   59   38 4.3027e+07 3.4057e+07  20.8%   101  465s
 197323 15694 infeasible   52      4.3027e+07 3.4072e+07  20.8%   101  470s
 198968 15476 infeasible   46      4.3027e+07 3.4083e+07  20.8%   102  475s
 200992 15228 infeasible   55      4.3027e+07 3.4101e+07  20.7%   102  480s
 202609 14995 infeasible   54      4.3027e+07 3.4113e+07  20.7%   102  485s
 204683 14760     cutoff   50      4.3027e+07 3.4128e+07  20.7%   102  490s
 206793 14490 infeasible   47      4.3027e+07 3.4143e+07  20.6%   102  495s
 208808 14230 infeasible   52      4.3027e+07 3.4157e+07  20.6%   102  500s
 210840 13922 infeasible   52      4.3027e+07 3.4173e+07  20.6%   103  505s
 212727 13598 3.4357e+07   55   45 4.3027e+07 3.4188e+07  20.5%   103  510s
 214623 13254 3.4844e+07   57   37 4.3027e+07 3.4204e+07  20.5%   103  515s
 216762 12863 infeasible   52      4.3027e+07 3.4222e+07  20.5%   103  520s
 218537 12544 3.4532e+07   58   31 4.3027e+07 3.4238e+07  20.4%   103  525s
 220401 12219 infeasible   59      4.3027e+07 3.4254e+07  20.4%   104  530s
 222272 11732 infeasible   56      4.3027e+07 3.4273e+07  20.3%   104  535s
 223914 11341 infeasible   66      4.3027e+07 3.4291e+07  20.3%   104  540s
 225870 10953 3.4314e+07   52   35 4.3027e+07 3.4312e+07  20.3%   104  545s
 227734 10519     cutoff   52      4.3027e+07 3.4333e+07  20.2%   105  550s
 229506 10054 infeasible   48      4.3027e+07 3.4353e+07  20.2%   105  555s
 230866  9824 3.4572e+07   54   52 4.3027e+07 3.4366e+07  20.1%   105  560s
 232575  9452 infeasible   58      4.3027e+07 3.4384e+07  20.1%   105  565s
 234351  8977 infeasible   59      4.3027e+07 3.4405e+07  20.0%   105  570s
 236137  8544     cutoff   53      4.3027e+07 3.4428e+07  20.0%   106  575s
 238036  8117 infeasible   59      4.3027e+07 3.4453e+07  19.9%   106  580s
 239885  7630 3.6215e+07   52   93 4.3027e+07 3.4480e+07  19.9%   106  585s
 241667  7138 infeasible   56      4.3027e+07 3.4510e+07  19.8%   106  590s
 243349  6641 infeasible   52      4.3027e+07 3.4540e+07  19.7%   106  595s
 244813  6213 infeasible   66      4.3027e+07 3.4571e+07  19.7%   107  600s
 246287  5851     cutoff   56      4.3027e+07 3.4599e+07  19.6%   107  605s
 247963  5308 infeasible   66      4.3027e+07 3.4635e+07  19.5%   107  610s
 249725  4691 3.4790e+07   49   35 4.3027e+07 3.4686e+07  19.4%   107  615s
 251625  4014 infeasible   56      4.3027e+07 3.4744e+07  19.3%   108  620s
 253320  3292     cutoff   58      4.3027e+07 3.4812e+07  19.1%   108  625s
 254749  2644     cutoff   47      4.3027e+07 3.4895e+07  18.9%   108  630s
 256122  2110 infeasible   57      4.3027e+07 3.4975e+07  18.7%   108  635s
 257715  1514     cutoff   58      4.3027e+07 3.5114e+07  18.4%   109  640s
 259161   940 infeasible   60      4.3027e+07 3.5382e+07  17.8%   109  645s
 260774   338 3.6967e+07   59   73 4.3027e+07 3.6417e+07  15.4%   109  650s

Cutting planes:
  Learned: 2
  Gomory: 7
  Cover: 4
  Implied bound: 23
  Clique: 3
  MIR: 12
  Flow cover: 25
  GUB cover: 2
  Zero half: 24

Explored 262515 nodes (28630661 simplex iterations) in 653.52 seconds
Thread count was 4 (of 4 available processors)

Optimal solution found (tolerance 1.00e-04)
Best objective 4.302720000000e+07, best bound 4.302720000000e+07, gap 0.0%
k_c1	30000.0
k_c10	1000000.0
k_c11	70000.0
k_c12	960000.0
k_c2	970000.0
k_c3	1000000.0
k_c4	920000.0
k_c5	950000.0
k_c6	1000000.0
k_c7	880000.0
k_c8	970000.0
k_c9	840000.0
k_dN	0.0
o_1	0.0
o_10	0.0
o_11	0.0
o_12	0.0
o_2	1.0
o_3	0.0
o_4	0.0
o_5	0.0
o_6	0.0
o_7	0.0
o_8	0.0
o_9	0.0
p_1	0.0
p_10	0.0
p_11	0.0
p_12	0.0
p_2	1.0
p_3	0.0
p_4	0.0
p_5	0.0
p_6	0.0
p_7	0.0
p_8	0.0
p_9	0.0
phi_c1	2990.0
phi_c10	35269.0
phi_c11	18745.0
phi_c12	32432.0
phi_c2	13727.0
phi_c3	31054.0
phi_c4	22598.0
phi_c5	29776.0
phi_c6	27522.0
phi_c7	19842.0
phi_c8	26826.0
phi_c9	9647.0
phi_dN	0.0
pi_c1	0.0
pi_c10	0.0
pi_c11	0.0
pi_c12	0.0
pi_c2	36273.0
pi_c3	0.0
pi_c4	0.0
pi_c5	0.0
pi_c6	0.0
pi_c7	0.0
pi_c8	0.0
pi_c9	202990.0
pi_dN	0.0
tauD_c1	600000.0
tauD_c10	55050.0
tauD_c11	800000.0
tauD_c12	200000.0
tauD_c2	420000.0
tauD_c3	70800.0
tauD_c4	400000.0
tauD_c5	625575.0
tauD_c6	200000.0
tauD_c7	700000.0
tauD_c8	200000.0
tauD_c9	742500.0
tauD_d0	0.0
tauD_dN	1000000.0
tauS_c1	908825.0
tauS_c10	53575.0
tauS_c11	849950.0
tauS_c12	59800.0
tauS_c2	420000.0
tauS_c3	849200.0
tauS_c4	874050.0
tauS_c5	860000.0
tauS_c6	836000.0
tauS_c7	871450.0
tauS_c8	862450.0
tauS_c9	883950.0
tauS_d0	0.0
tauS_dN	564900.0
x_c10_c12	1.0
x_c11_dN	1.0
x_c12_c1	1.0
x_c1_dN	1.0
x_c2_c5	1.0
x_c3_c8	1.0
x_c4_c7	1.0
x_c5_c11	1.0
x_c6_c2	1.0
x_c7_c9	1.0
x_c8_c4	1.0
x_c9_dN	1.0
x_d0_c10	1.0
x_d0_c3	1.0
x_d0_c6	1.0
z_c2_dN	1.0
z_d0_c2	1.0
