
Gurobi 6.0.4 (win64) logging started 06/18/15 00:18:32

Read LP format model from file E:\Eigene Dateien\Downloads\Michi shit\VRPTWMS-master\VRPTWMS\instances\mip\fuel\N14-C_DV100-C_SV25_F5_2_No_1.lp
Reading time = 0.02 seconds
(null): 1149 rows, 526 columns, 5099 nonzeros
Optimize a model with 1149 rows, 526 columns and 5099 nonzeros
Model has 2940 quadratic constraints
WARNING: Only barrier available for SOCP models
Coefficient statistics:
  Matrix range    [1e+00, 1e+06]
  Objective range [3e+04, 1e+07]
  Bounds range    [1e+00, 1e+06]
  RHS range       [1e+00, 1e+06]
Presolve removed 77 rows and 51 columns
Presolve time: 0.61s
Presolved: 6040 rows, 3034 columns, 30752 nonzeros
Variable types: 2409 continuous, 625 integer (552 binary)
Found heuristic solution: objective 1.449176e+08
Optimize a model with 6040 rows, 3034 columns and 30752 nonzeros
Coefficient statistics:
  Matrix range    [1e+00, 1e+06]
  Objective range [3e+04, 1e+07]
  Bounds range    [1e+00, 1e+06]
  RHS range       [1e+00, 1e+06]

Concurrent LP optimizer: dual simplex and barrier
Showing barrier log only...

Presolve removed 401 rows and 277 columns
Presolved: 5639 rows, 2758 columns, 29216 nonzeros

Root barrier log...

Ordering time: 0.02s

Barrier performed 0 iterations in 0.69 seconds
Barrier solve interrupted - model solved by another algorithm


Solved with dual simplex
Solved in 189 iterations and 0.69 seconds
Optimal objective  1.880629287e+06

Root relaxation: objective 1.880629e+06, 189 iterations, 0.05 seconds

    Nodes    |    Current Node    |     Objective Bounds      |     Work
 Expl Unexpl |  Obj  Depth IntInf | Incumbent    BestBd   Gap | It/Node Time

     0     0 1880629.29    0   40 1.4492e+08 1880629.29  98.7%     -    0s
H    0     0                    6.277720e+07 1880629.29  97.0%     -    0s
     0     0 2098017.19    0   68 6.2777e+07 2098017.19  96.7%     -    0s
     0     0 2210164.78    0   62 6.2777e+07 2210164.78  96.5%     -    0s
     0     0 2879077.63    0   69 6.2777e+07 2879077.63  95.4%     -    0s
     0     0 3758944.50    0   80 6.2777e+07 3758944.50  94.0%     -    0s
H    0     0                    5.271740e+07 3758944.50  92.9%     -    0s
     0     0 4714200.00    0   47 5.2717e+07 4714200.00  91.1%     -    1s
     0     0 4724724.46    0   69 5.2717e+07 4724724.46  91.0%     -    1s
     0     0 4727027.52    0   68 5.2717e+07 4727027.52  91.0%     -    1s
     0     0 4727273.53    0   62 5.2717e+07 4727273.53  91.0%     -    1s
     0     0 4727273.53    0   62 5.2717e+07 4727273.53  91.0%     -    1s
     0     0 4727273.53    0   57 5.2717e+07 4727273.53  91.0%     -    1s
     0     2 4727273.53    0   54 5.2717e+07 4727273.53  91.0%     -    1s
H  247   220                    5.269380e+07 1.1831e+07  77.5%  27.1    1s
H  482   367                    4.258280e+07 1.1839e+07  72.2%  25.9    2s
H  814   557                    4.235440e+07 1.1991e+07  71.7%  31.2    2s
H  815   569                    4.233830e+07 1.1991e+07  71.7%  31.2    2s
H  847   588                    4.227970e+07 1.1991e+07  71.6%  31.4    2s
H  870   424                    3.206130e+07 1.1991e+07  62.6%  31.3    2s
H  990   489                    3.204150e+07 1.2026e+07  62.5%  30.8    2s
  1428   700 1.2060e+07   23   45 3.2042e+07 1.2026e+07  62.5%  35.0    5s
  3873  1592 infeasible   35      3.2042e+07 1.2136e+07  62.1%  37.3   10s
  6108  2629 2.6705e+07   37   36 3.2042e+07 1.2220e+07  61.9%  39.4   15s
  8231  3465 infeasible   46      3.2042e+07 1.2289e+07  61.6%  42.1   20s
 10443  4252 1.5048e+07   47   45 3.2042e+07 1.2346e+07  61.5%  43.3   25s
 12953  5051 2.5039e+07   50   35 3.2042e+07 1.2409e+07  61.3%  45.1   30s
 14535  5471     cutoff   45      3.2042e+07 1.2445e+07  61.2%  46.3   35s
 16713  6049     cutoff   52      3.2042e+07 1.2488e+07  61.0%  47.3   40s
 19244  6729 2.2345e+07   52   26 3.2042e+07 1.2546e+07  60.8%  48.3   45s
 20932  7095 1.2643e+07   32   57 3.2042e+07 1.2593e+07  60.7%  48.9   59s
 20934  7096 2.2572e+07   36   46 3.2042e+07 1.2593e+07  60.7%  48.9   60s
 20952  7112 1.2593e+07   33   34 3.2042e+07 1.2593e+07  60.7%  47.5   65s
 21087  7185 1.4009e+07   51   58 3.2042e+07 1.2593e+07  60.7%  47.7   71s
 21837  7437 2.3204e+07   59   54 3.2042e+07 1.2593e+07  60.7%  48.5   75s
 24231  8220     cutoff   70      3.2042e+07 1.2593e+07  60.7%  49.4   81s
 25508  8490 2.3184e+07   62   67 3.2042e+07 1.2593e+07  60.7%  51.0   86s
 26853  8798 1.3719e+07   56   76 3.2042e+07 1.2593e+07  60.7%  52.6   90s
 28331  9100     cutoff   54      3.2042e+07 1.2593e+07  60.7%  54.0   96s
 29868  9353     cutoff   59      3.2042e+07 1.2593e+07  60.7%  55.5  101s
 31514  9603 2.2992e+07   65   59 3.2042e+07 1.2593e+07  60.7%  57.1  108s
 32329  9743 1.3037e+07   58   66 3.2042e+07 1.2593e+07  60.7%  57.7  111s
 33885  9963 2.2877e+07   47   56 3.2042e+07 1.2593e+07  60.7%  59.0  116s
 35397 10146 2.3129e+07   43   43 3.2042e+07 1.2593e+07  60.7%  60.1  121s
 36763 10309 1.4833e+07   59   60 3.2042e+07 1.2593e+07  60.7%  61.2  126s
 38233 10495 1.5058e+07   46   71 3.2042e+07 1.2602e+07  60.7%  61.9  131s
 39746 10775     cutoff   67      3.2042e+07 1.2635e+07  60.6%  62.4  136s
 40999 10849     cutoff   60      3.2042e+07 1.2671e+07  60.5%  63.1  140s
 42205 10925 1.7150e+07   50   54 3.2042e+07 1.2709e+07  60.3%  63.7  145s
 44059 11649 2.8061e+07   55   24 3.2042e+07 1.2768e+07  60.2%  64.6  151s
 45130 12032 2.3056e+07   66   42 3.2042e+07 1.2804e+07  60.0%  65.4  155s
 46877 12621 2.3195e+07   58   35 3.2042e+07 1.2859e+07  59.9%  66.2  161s
 47910 13019 2.3154e+07   64   40 3.2042e+07 1.2923e+07  59.7%  66.7  165s
 49534 13578     cutoff   60      3.2042e+07 1.3018e+07  59.4%  67.5  171s
 50618 13899 2.2969e+07   47   50 3.2042e+07 1.3083e+07  59.2%  68.0  175s
 52162 14413 1.5188e+07   70   61 3.2042e+07 1.3259e+07  58.6%  68.8  181s
 53217 14741 1.6788e+07   59   54 3.2042e+07 1.3379e+07  58.2%  69.2  185s
 54797 15235     cutoff   45      3.2042e+07 1.3661e+07  57.4%  69.9  191s
 56058 15688 2.3254e+07   63   33 3.2042e+07 1.3979e+07  56.4%  70.0  195s
 57641 16181     cutoff   76      3.2042e+07 1.4364e+07  55.2%  70.5  200s
 59329 16727 2.5750e+07   74   56 3.2042e+07 1.4848e+07  53.7%  70.9  206s
 60514 17060     cutoff   65      3.2042e+07 1.5224e+07  52.5%  71.1  210s
 62211 17492 infeasible   72      3.2042e+07 1.5731e+07  50.9%  71.4  215s
 64033 18080     cutoff   68      3.2042e+07 1.6257e+07  49.3%  71.6  221s
 65078 18356     cutoff   67      3.2042e+07 1.6604e+07  48.2%  71.8  225s
 66742 18778 2.2479e+07   66   42 3.2042e+07 1.7466e+07  45.5%  72.1  231s
 68510 19395     cutoff   46      3.2042e+07 1.7921e+07  44.1%  72.3  236s
 69993 19840 2.3540e+07   54   55 3.2042e+07 1.8213e+07  43.2%  72.6  241s
 70991 19984 2.3977e+07   53   72 3.2042e+07 1.8554e+07  42.1%  72.9  245s
 72571 20278 1.9714e+07   70   54 3.2042e+07 1.9714e+07  38.5%  73.1  250s
 74397 20875     cutoff   59      3.2042e+07 2.1821e+07  31.9%  73.1  256s
 76340 21722     cutoff   40      3.2042e+07 2.1821e+07  31.9%  72.9  261s
 77716 22384 2.6864e+07   72   44 3.2042e+07 2.1821e+07  31.9%  72.7  265s
 79603 23172     cutoff   68      3.2042e+07 2.1821e+07  31.9%  72.6  270s
 81446 24027     cutoff   78      3.2042e+07 2.1821e+07  31.9%  72.4  275s
 83241 24824     cutoff   80      3.2042e+07 2.1821e+07  31.9%  72.3  280s
 84933 25551 2.2847e+07   62   38 3.2042e+07 2.1821e+07  31.9%  72.3  285s
 86562 26257     cutoff   67      3.2042e+07 2.1912e+07  31.6%  72.3  290s
 87966 26647 2.8690e+07   76   58 3.2042e+07 2.1949e+07  31.5%  72.6  295s
 89713 27230 2.2842e+07   50   47 3.2042e+07 2.1988e+07  31.4%  72.8  300s
 91465 27784 2.2795e+07   57   34 3.2042e+07 2.2008e+07  31.3%  73.0  306s
 92895 28252 2.5680e+07   69   48 3.2042e+07 2.2008e+07  31.3%  73.1  311s
 94328 28712 2.7304e+07   66   65 3.2042e+07 2.2008e+07  31.3%  73.3  316s
 95811 29144     cutoff   72      3.2042e+07 2.2024e+07  31.3%  73.4  321s
 97364 29518     cutoff   72      3.2042e+07 2.2024e+07  31.3%  73.5  325s
 98925 29975 2.2873e+07   67   50 3.2042e+07 2.2044e+07  31.2%  73.6  330s
 100538 30526     cutoff   58      3.2042e+07 2.2044e+07  31.2%  73.6  335s
 102070 31066 2.2844e+07   51   45 3.2042e+07 2.2044e+07  31.2%  73.7  340s
 103994 31739     cutoff   70      3.2042e+07 2.2044e+07  31.2%  73.8  346s
 105376 32212 2.4149e+07   84   46 3.2042e+07 2.2044e+07  31.2%  73.9  351s
 106777 32648 2.3586e+07   58   92 3.2042e+07 2.2049e+07  31.2%  74.1  356s
 108011 32957     cutoff   75      3.2042e+07 2.2049e+07  31.2%  74.3  360s
 109336 33315 2.9516e+07   60   28 3.2042e+07 2.2077e+07  31.1%  74.5  365s
 111345 34097     cutoff   65      3.2042e+07 2.2140e+07  30.9%  74.2  370s
 113165 34610 2.5952e+07   59   34 3.2042e+07 2.2145e+07  30.9%  74.4  376s
 114341 34917 2.3335e+07   60   57 3.2042e+07 2.2145e+07  30.9%  74.7  380s
 115645 35274 2.5767e+07   54   44 3.2042e+07 2.2159e+07  30.8%  74.9  385s
 117713 35967 2.6265e+07   60   56 3.2042e+07 2.2200e+07  30.7%  74.6  390s
 119535 36558 2.4341e+07   53   48 3.2042e+07 2.2227e+07  30.6%  74.5  395s
 121388 37090     cutoff   65      3.2042e+07 2.2257e+07  30.5%  74.3  400s
 123110 37543 2.6692e+07   73   60 3.2042e+07 2.2277e+07  30.5%  74.3  405s
 125594 38145 2.3602e+07   62   72 3.2042e+07 2.2306e+07  30.4%  74.1  411s
 126849 38447 2.2913e+07   58   45 3.2042e+07 2.2319e+07  30.3%  74.0  415s
 129212 38943     cutoff   60      3.2042e+07 2.2342e+07  30.3%  73.9  421s
 130806 39251     cutoff   68      3.2042e+07 2.2356e+07  30.2%  73.8  426s
 132489 39602     cutoff   43      3.2042e+07 2.2368e+07  30.2%  73.8  430s
 134047 39978 2.5274e+07   72   48 3.2042e+07 2.2380e+07  30.2%  73.7  435s
 136354 40465 2.3651e+07   48   43 3.2042e+07 2.2396e+07  30.1%  73.6  441s
 138145 40818     cutoff   42      3.2042e+07 2.2408e+07  30.1%  73.5  446s
 139812 41137 2.3837e+07   64   47 3.2042e+07 2.2416e+07  30.0%  73.4  451s
 141353 41399     cutoff   65      3.2042e+07 2.2427e+07  30.0%  73.5  455s
 142948 41630 2.8023e+07   59   40 3.2042e+07 2.2436e+07  30.0%  73.4  460s
 145108 41948     cutoff   53      3.2042e+07 2.2449e+07  29.9%  73.4  466s
 146614 42173 2.4275e+07   46   53 3.2042e+07 2.2456e+07  29.9%  73.4  470s
 148182 42466     cutoff   72      3.2042e+07 2.2464e+07  29.9%  73.4  475s
 150196 42810 2.8088e+07   67   19 3.2042e+07 2.2473e+07  29.9%  73.4  481s
 151753 43027     cutoff   62      3.2042e+07 2.2479e+07  29.8%  73.4  485s
 153760 43337     cutoff   59      3.2042e+07 2.2488e+07  29.8%  73.4  491s
 155252 43570 2.4158e+07   63   65 3.2042e+07 2.2495e+07  29.8%  73.4  495s
 156690 43755 2.3856e+07   74   67 3.2042e+07 2.2501e+07  29.8%  73.4  500s
 158696 44070 2.2865e+07   60   36 3.2042e+07 2.2510e+07  29.7%  73.4  506s
 160132 44278 2.6359e+07   69   46 3.2042e+07 2.2516e+07  29.7%  73.5  510s
 161994 44560 2.3141e+07   60   42 3.2042e+07 2.2523e+07  29.7%  73.5  516s
 163472 44805 2.5610e+07   67   45 3.2042e+07 2.2529e+07  29.7%  73.5  520s
 165289 44969 2.2878e+07   51   51 3.2042e+07 2.2537e+07  29.7%  73.6  526s
 166678 45133     cutoff   50      3.2042e+07 2.2542e+07  29.6%  73.6  530s
 168442 45347     cutoff   63      3.2042e+07 2.2548e+07  29.6%  73.7  535s
 169839 45472     cutoff   72      3.2042e+07 2.2555e+07  29.6%  73.8  540s
 171296 45704 2.2886e+07   61   56 3.2042e+07 2.2560e+07  29.6%  73.8  545s
 173201 45898 2.5048e+07   53   69 3.2042e+07 2.2567e+07  29.6%  73.8  551s
 174676 46114     cutoff   45      3.2042e+07 2.2572e+07  29.6%  73.9  555s
 176510 46402 2.4010e+07   65   57 3.2042e+07 2.2578e+07  29.5%  73.9  561s
 177889 46596     cutoff   53      3.2042e+07 2.2582e+07  29.5%  73.9  565s
 179624 46800 2.4998e+07   56   68 3.2042e+07 2.2588e+07  29.5%  74.0  571s
 180921 46987 2.2627e+07   50   47 3.2042e+07 2.2592e+07  29.5%  74.1  575s
 182289 47156     cutoff   73      3.2042e+07 2.2596e+07  29.5%  74.1  580s
 184027 47331 2.2625e+07   49   38 3.2042e+07 2.2603e+07  29.5%  74.2  585s
 185459 47523     cutoff   68      3.2042e+07 2.2607e+07  29.4%  74.2  590s
 187249 47729     cutoff   61      3.2042e+07 2.2613e+07  29.4%  74.3  596s
 188543 47861 2.4409e+07   53   50 3.2042e+07 2.2617e+07  29.4%  74.4  600s
 189811 47986     cutoff   68      3.2042e+07 2.2621e+07  29.4%  74.4  605s
 191486 48147     cutoff   64      3.2042e+07 2.2626e+07  29.4%  74.5  611s
 192725 48230     cutoff   59      3.2042e+07 2.2630e+07  29.4%  74.6  615s
 194520 48382     cutoff   42      3.2042e+07 2.2635e+07  29.4%  74.6  621s
 195788 48459 2.3085e+07   74   60 3.2042e+07 2.2640e+07  29.3%  74.7  625s
 197146 48582 2.3031e+07   62   62 3.2042e+07 2.2643e+07  29.3%  74.8  630s
 198859 48729     cutoff   66      3.2042e+07 2.2649e+07  29.3%  74.8  635s
 200125 48857 2.4137e+07   62   59 3.2042e+07 2.2652e+07  29.3%  74.9  640s
 201784 48956 2.2932e+07   61   50 3.2042e+07 2.2658e+07  29.3%  75.0  646s
 202983 49035 2.2824e+07   48   34 3.2042e+07 2.2662e+07  29.3%  75.1  650s
 204661 49118     cutoff   57      3.2042e+07 2.2667e+07  29.3%  75.1  656s
 205902 49232     cutoff   53      3.2042e+07 2.2670e+07  29.2%  75.2  660s
 207634 49362     cutoff   69      3.2042e+07 2.2676e+07  29.2%  75.3  666s
 208756 49413     cutoff   52      3.2042e+07 2.2679e+07  29.2%  75.4  670s
 210051 49477 2.4662e+07   60   65 3.2042e+07 2.2684e+07  29.2%  75.4  675s
 211555 49576     cutoff   71      3.2042e+07 2.2689e+07  29.2%  75.5  680s
 212824 49708     cutoff   66      3.2042e+07 2.2693e+07  29.2%  75.6  685s
 214529 49844 2.3714e+07   54   40 3.2042e+07 2.2697e+07  29.2%  75.7  691s
 215762 49973 2.4020e+07   72   58 3.2042e+07 2.2700e+07  29.2%  75.7  695s
 217349 50050 2.4500e+07   42   55 3.2042e+07 2.2705e+07  29.1%  75.8  701s
 218565 50103 2.4098e+07   72   47 3.2042e+07 2.2709e+07  29.1%  75.9  705s
 220233 50286     cutoff   63      3.2042e+07 2.2714e+07  29.1%  75.9  711s
 221409 50316 2.4035e+07   57   60 3.2042e+07 2.2718e+07  29.1%  76.0  715s
 222635 50406 2.2823e+07   50   34 3.2042e+07 2.2721e+07  29.1%  76.1  720s
 224131 50413 2.5280e+07   55   56 3.2042e+07 2.2727e+07  29.1%  76.2  725s
 225316 50434 2.3995e+07   61   70 3.2042e+07 2.2731e+07  29.1%  76.3  730s
 226950 50517 2.2853e+07   57   36 3.2042e+07 2.2736e+07  29.0%  76.4  736s
 228117 50542     cutoff   62      3.2042e+07 2.2740e+07  29.0%  76.5  740s
 229770 50579 2.6397e+07   52   47 3.2042e+07 2.2745e+07  29.0%  76.6  746s
 230935 50608 2.2991e+07   52   38 3.2042e+07 2.2750e+07  29.0%  76.6  750s
 232095 50668     cutoff   65      3.2042e+07 2.2753e+07  29.0%  76.7  755s
 233728 50768     cutoff   62      3.2042e+07 2.2758e+07  29.0%  76.8  760s
 235289 50830 2.7893e+07   65   84 3.2042e+07 2.2764e+07  29.0%  76.9  765s
 236900 50939 2.5263e+07   62   84 3.2042e+07 2.2768e+07  28.9%  76.9  771s
 238139 50952     cutoff   82      3.2042e+07 2.2771e+07  28.9%  77.0  775s
 239616 50956 2.6452e+07   58   46 3.2042e+07 2.2776e+07  28.9%  77.1  780s
 241120 51005 2.7033e+07   67   31 3.2042e+07 2.2781e+07  28.9%  77.2  785s
 242582 51036 2.3095e+07   66   43 3.2042e+07 2.2785e+07  28.9%  77.3  791s
 243605 51039     cutoff   49      3.2042e+07 2.2788e+07  28.9%  77.4  795s
 245106 51066     cutoff   73      3.2042e+07 2.2792e+07  28.9%  77.5  800s
 246728 51166     cutoff   52      3.2042e+07 2.2796e+07  28.9%  77.6  805s
 248301 51208     cutoff   60      3.2042e+07 2.2800e+07  28.8%  77.7  811s
 249432 51226     cutoff   53      3.2042e+07 2.2803e+07  28.8%  77.8  815s
 250940 51218 2.8297e+07   51   16 3.2042e+07 2.2808e+07  28.8%  77.9  820s
 252506 51226     cutoff   69      3.2042e+07 2.2812e+07  28.8%  77.9  825s
 253944 51272 2.3168e+07   53   42 3.2042e+07 2.2816e+07  28.8%  78.0  831s
 255088 51227 infeasible   62      3.2042e+07 2.2820e+07  28.8%  78.1  835s
 256519 51193     cutoff   58      3.2042e+07 2.2825e+07  28.8%  78.2  840s
 258012 51182 2.5173e+07   59   79 3.2042e+07 2.2830e+07  28.8%  78.3  845s
 259448 51144 2.3165e+07   52   30 3.2042e+07 2.2835e+07  28.7%  78.4  850s
 260916 51101     cutoff   76      3.2042e+07 2.2839e+07  28.7%  78.5  855s
 261994 51067 2.3173e+07   40   34 3.2042e+07 2.2843e+07  28.7%  78.6  860s
 263497 51029 2.6152e+07   75   67 3.2042e+07 2.2848e+07  28.7%  78.7  865s
 264997 51079     cutoff   54      3.2042e+07 2.2853e+07  28.7%  78.8  870s
 266424 51016 2.3405e+07   61   46 3.2042e+07 2.2858e+07  28.7%  78.9  875s
 267882 50967     cutoff   69      3.2042e+07 2.2864e+07  28.6%  79.0  881s
 268994 50954     cutoff   62      3.2042e+07 2.2867e+07  28.6%  79.1  885s
 270450 50897 2.8843e+07   63   53 3.2042e+07 2.2871e+07  28.6%  79.2  890s
 271860 50865     cutoff   67      3.2042e+07 2.2876e+07  28.6%  79.3  895s
 273364 50847 2.3162e+07   52   71 3.2042e+07 2.2881e+07  28.6%  79.3  900s
 274815 50817     cutoff   55      3.2042e+07 2.2886e+07  28.6%  79.5  906s
 275970 50796 2.7868e+07   70   20 3.2042e+07 2.2889e+07  28.6%  79.5  910s
 277344 50722 2.7946e+07   65   34 3.2042e+07 2.2895e+07  28.5%  79.6  915s
 278643 50639     cutoff   74      3.2042e+07 2.2900e+07  28.5%  79.7  920s
 280104 50569     cutoff   62      3.2042e+07 2.2904e+07  28.5%  79.8  925s
 281502 50476     cutoff   69      3.2042e+07 2.2910e+07  28.5%  79.9  931s
 282545 50462 2.7962e+07   71   36 3.2042e+07 2.2913e+07  28.5%  80.0  935s
 283960 50385     cutoff   70      3.2042e+07 2.2919e+07  28.5%  80.1  940s
 285409 50340 2.3416e+07   57   57 3.2042e+07 2.2923e+07  28.5%  80.2  945s
 286791 50269 2.2951e+07   62   56 3.2042e+07 2.2928e+07  28.4%  80.3  950s
 288175 50221 2.3076e+07   52   62 3.2042e+07 2.2933e+07  28.4%  80.4  955s
 289562 50154     cutoff   48      3.2042e+07 2.2937e+07  28.4%  80.5  960s
 290968 50087     cutoff   68      3.2042e+07 2.2943e+07  28.4%  80.6  966s
 291978 50049     cutoff   67      3.2042e+07 2.2946e+07  28.4%  80.6  970s
 293358 49951 2.4914e+07   50   42 3.2042e+07 2.2951e+07  28.4%  80.7  975s
 294672 49900     cutoff   55      3.2042e+07 2.2957e+07  28.4%  80.8  980s
 296041 49830 infeasible   54      3.2042e+07 2.2962e+07  28.3%  80.9  985s
 297387 49698     cutoff   67      3.2042e+07 2.2967e+07  28.3%  81.0  990s
 298715 49580 2.5435e+07   52   63 3.2042e+07 2.2972e+07  28.3%  81.2  996s
 299741 49509     cutoff   55      3.2042e+07 2.2975e+07  28.3%  81.2 1000s
 301118 49452     cutoff   64      3.2042e+07 2.2980e+07  28.3%  81.3 1005s
 302479 49363 2.7751e+07   63   39 3.2042e+07 2.2986e+07  28.3%  81.4 1010s
 303739 49234     cutoff   63      3.2042e+07 2.2992e+07  28.2%  81.5 1015s
 305072 49143     cutoff   50      3.2042e+07 2.2998e+07  28.2%  81.6 1020s
 306395 49045 2.3076e+07   52   39 3.2042e+07 2.3004e+07  28.2%  81.7 1025s
 307641 48872     cutoff   56      3.2042e+07 2.3011e+07  28.2%  81.8 1030s
 308924 48760 2.4827e+07   61   47 3.2042e+07 2.3016e+07  28.2%  81.9 1035s
 310253 48621     cutoff   62      3.2042e+07 2.3023e+07  28.1%  82.0 1041s
 311540 48494 2.3450e+07   66   69 3.2042e+07 2.3029e+07  28.1%  82.1 1046s
 312516 48432     cutoff   63      3.2042e+07 2.3033e+07  28.1%  82.2 1050s
 313794 48340 3.2025e+07   73   24 3.2042e+07 2.3039e+07  28.1%  82.3 1055s
 315102 48256     cutoff   52      3.2042e+07 2.3044e+07  28.1%  82.4 1060s
 316461 48157     cutoff   64      3.2042e+07 2.3050e+07  28.1%  82.5 1065s
 317831 48030 2.3473e+07   66   77 3.2042e+07 2.3056e+07  28.0%  82.6 1070s
 319152 47913     cutoff   60      3.2042e+07 2.3062e+07  28.0%  82.7 1075s
 320445 47774 infeasible   56      3.2042e+07 2.3068e+07  28.0%  82.8 1080s
 321679 47621     cutoff   64      3.2042e+07 2.3074e+07  28.0%  82.9 1085s
 322947 47452 2.6535e+07   59   37 3.2042e+07 2.3082e+07  28.0%  83.0 1091s
 324194 47298 2.5633e+07   58   72 3.2042e+07 2.3089e+07  27.9%  83.1 1096s
 325137 47241 2.3929e+07   55   63 3.2042e+07 2.3093e+07  27.9%  83.1 1100s
 326364 47069 2.6076e+07   58   64 3.2042e+07 2.3100e+07  27.9%  83.2 1105s
 327671 46931     cutoff   73      3.2042e+07 2.3108e+07  27.9%  83.3 1110s
 328965 46804 2.5685e+07   62   39 3.2042e+07 2.3115e+07  27.9%  83.4 1115s
 330202 46610 2.3538e+07   67   50 3.2042e+07 2.3122e+07  27.8%  83.5 1120s
 331311 46427     cutoff   53      3.2042e+07 2.3130e+07  27.8%  83.6 1125s
 332465 46237 2.3822e+07   60   62 3.2042e+07 2.3137e+07  27.8%  83.7 1130s
 333676 46086     cutoff   58      3.2042e+07 2.3144e+07  27.8%  83.8 1135s
 334873 45918     cutoff   64      3.2042e+07 2.3152e+07  27.7%  84.0 1140s
 336053 45736 2.3162e+07   57   36 3.2042e+07 2.3161e+07  27.7%  84.1 1145s
 337467 45495     cutoff   69      3.2042e+07 2.3172e+07  27.7%  84.2 1151s
 338386 45395     cutoff   69      3.2042e+07 2.3177e+07  27.7%  84.3 1155s
 339632 45222     cutoff   74      3.2042e+07 2.3187e+07  27.6%  84.4 1160s
 340857 45073     cutoff   55      3.2042e+07 2.3195e+07  27.6%  84.5 1165s
 342034 44910     cutoff   75      3.2042e+07 2.3205e+07  27.6%  84.6 1170s
 343232 44733 2.5543e+07   81   27 3.2042e+07 2.3214e+07  27.5%  84.7 1175s
 344434 44543 2.9000e+07   73   52 3.2042e+07 2.3224e+07  27.5%  84.8 1180s
 345639 44328 2.3348e+07   61   83 3.2042e+07 2.3234e+07  27.5%  84.8 1185s
 347061 44070 2.6003e+07   50   81 3.2042e+07 2.3247e+07  27.4%  85.0 1191s
 348317 43929     cutoff   52      3.2042e+07 2.3258e+07  27.4%  85.1 1196s
 349482 43684 2.5053e+07   62   54 3.2042e+07 2.3270e+07  27.4%  85.2 1201s
 350529 43462 2.5052e+07   59   62 3.2042e+07 2.3281e+07  27.3%  85.3 1206s
 351345 43283     cutoff   53      3.2042e+07 2.3291e+07  27.3%  85.4 1210s
 352104 43098     cutoff   66      3.2042e+07 2.3302e+07  27.3%  85.4 1215s
 353246 42886     cutoff   63      3.2042e+07 2.3315e+07  27.2%  85.5 1221s
 354098 42727     cutoff   64      3.2042e+07 2.3326e+07  27.2%  85.6 1226s
 354887 42540     cutoff   60      3.2042e+07 2.3337e+07  27.2%  85.7 1230s
 356211 42244     cutoff   72      3.2042e+07 2.3357e+07  27.1%  85.8 1236s
 357317 42017     cutoff   63      3.2042e+07 2.3374e+07  27.1%  85.9 1240s
 358486 41835 2.6323e+07   39   45 3.2042e+07 2.3393e+07  27.0%  86.0 1245s
 359494 41601 2.5264e+07   64   59 3.2042e+07 2.3413e+07  26.9%  86.0 1250s
 360893 41323 2.3794e+07   62   62 3.2042e+07 2.3438e+07  26.9%  86.1 1256s
 362031 41123     cutoff   60      3.2042e+07 2.3458e+07  26.8%  86.2 1260s
 363092 40874     cutoff   45      3.2042e+07 2.3476e+07  26.7%  86.3 1265s
 364420 40567     cutoff   48      3.2042e+07 2.3505e+07  26.6%  86.4 1270s
 365455 40342     cutoff   73      3.2042e+07 2.3527e+07  26.6%  86.5 1275s
 366676 40015 2.6829e+07   62   73 3.2042e+07 2.3558e+07  26.5%  86.6 1280s
 367902 39686     cutoff   53      3.2042e+07 2.3587e+07  26.4%  86.7 1285s
 368891 39425 2.4479e+07   64   65 3.2042e+07 2.3613e+07  26.3%  86.7 1290s
 370326 39029 2.5917e+07   66   67 3.2042e+07 2.3662e+07  26.2%  86.8 1296s
 371513 38687     cutoff   63      3.2042e+07 2.3706e+07  26.0%  86.9 1300s
 372729 38364     cutoff   75      3.2042e+07 2.3752e+07  25.9%  86.9 1305s
 373871 38037     cutoff   57      3.2042e+07 2.3798e+07  25.7%  87.0 1310s
 375252 37618     cutoff   54      3.2042e+07 2.3855e+07  25.5%  87.0 1315s
 376565 37223     cutoff   48      3.2042e+07 2.3913e+07  25.4%  87.1 1320s
 377776 36907 2.4682e+07   64   63 3.2042e+07 2.3960e+07  25.2%  87.1 1325s
 379196 36509     cutoff   62      3.2042e+07 2.4020e+07  25.0%  87.1 1330s
 380464 36097 2.4076e+07   47   71 3.2042e+07 2.4076e+07  24.9%  87.1 1335s
 382061 35622 2.4253e+07   75   65 3.2042e+07 2.4150e+07  24.6%  87.1 1340s
 383527 35243     cutoff   64      3.2042e+07 2.4210e+07  24.4%  87.1 1345s
 385062 34750     cutoff   68      3.2042e+07 2.4280e+07  24.2%  87.1 1350s
 386552 34348     cutoff   64      3.2042e+07 2.4336e+07  24.0%  87.1 1355s
 388038 33956 2.4533e+07   55   45 3.2042e+07 2.4398e+07  23.9%  87.0 1360s
 389622 33488     cutoff   48      3.2042e+07 2.4462e+07  23.7%  87.0 1365s
 391053 33100     cutoff   66      3.2042e+07 2.4514e+07  23.5%  87.0 1370s
 392535 32598 2.4889e+07   60   88 3.2042e+07 2.4581e+07  23.3%  87.0 1375s
 394113 32108 2.4652e+07   68   34 3.2042e+07 2.4649e+07  23.1%  87.0 1380s
 395609 31545     cutoff   52      3.2042e+07 2.4723e+07  22.8%  87.0 1385s
 397025 31040     cutoff   64      3.2042e+07 2.4790e+07  22.6%  87.0 1390s
 398653 30447     cutoff   62      3.2042e+07 2.4860e+07  22.4%  86.9 1395s
 400199 29854 2.7193e+07   46   48 3.2042e+07 2.4937e+07  22.2%  87.0 1400s
 401609 29332     cutoff   58      3.2042e+07 2.5003e+07  22.0%  86.9 1405s
 403206 28737     cutoff   70      3.2042e+07 2.5082e+07  21.7%  86.9 1410s
 404628 28227     cutoff   78      3.2042e+07 2.5155e+07  21.5%  86.9 1415s
 406213 27625     cutoff   80      3.2042e+07 2.5241e+07  21.2%  86.9 1420s
 407727 27002     cutoff   66      3.2042e+07 2.5333e+07  20.9%  86.9 1425s
 409354 26391 2.5575e+07   54   52 3.2042e+07 2.5425e+07  20.6%  86.9 1430s
 410841 25768 2.5514e+07   69   68 3.2042e+07 2.5512e+07  20.4%  86.9 1435s
 412240 25138 2.5610e+07   80   64 3.2042e+07 2.5604e+07  20.1%  86.9 1440s
 413722 24409     cutoff   53      3.2042e+07 2.5707e+07  19.8%  86.9 1445s
 415310 23781     cutoff   63      3.2042e+07 2.5798e+07  19.5%  86.8 1450s
 416832 23148     cutoff   63      3.2042e+07 2.5887e+07  19.2%  86.8 1455s
 418453 22440     cutoff   56      3.2042e+07 2.5986e+07  18.9%  86.8 1460s
 420075 21809 2.6135e+07   60   27 3.2042e+07 2.6073e+07  18.6%  86.7 1465s
 421902 20940     cutoff   55      3.2042e+07 2.6177e+07  18.3%  86.7 1470s
 423647 20241     cutoff   61      3.2042e+07 2.6267e+07  18.0%  86.6 1475s
 425514 19437     cutoff   59      3.2042e+07 2.6361e+07  17.7%  86.5 1480s
 427350 18622     cutoff   50      3.2042e+07 2.6457e+07  17.4%  86.4 1485s
 429016 17817     cutoff   42      3.2042e+07 2.6569e+07  17.1%  86.4 1490s
 430692 17000     cutoff   65      3.2042e+07 2.6693e+07  16.7%  86.3 1495s
 432495 16004     cutoff   69      3.2042e+07 2.6869e+07  16.1%  86.3 1500s
 433919 15176     cutoff   58      3.2042e+07 2.7040e+07  15.6%  86.3 1505s
 435506 14176 2.7637e+07   69   48 3.2042e+07 2.7275e+07  14.9%  86.3 1510s
 437083 13174     cutoff   73      3.2042e+07 2.7527e+07  14.1%  86.3 1515s
 438766 12261 infeasible   69      3.2042e+07 2.7782e+07  13.3%  86.3 1520s
 441017 11280     cutoff   70      3.2042e+07 2.8024e+07  12.5%  86.1 1525s
 442963 10459     cutoff   69      3.2042e+07 2.8180e+07  12.1%  86.0 1530s
 444864  9629 2.8357e+07   59   35 3.2042e+07 2.8350e+07  11.5%  85.9 1535s
 446642  8714     cutoff   68      3.2042e+07 2.8576e+07  10.8%  85.9 1540s
 448320  7708     cutoff   57      3.2042e+07 2.8902e+07  9.80%  85.8 1545s
 449808  6534     cutoff   72      3.2042e+07 2.9460e+07  8.06%  85.9 1550s
 451212  5274     cutoff   54      3.2042e+07 3.0091e+07  6.09%  85.9 1555s
 452688  3846     cutoff   58      3.2042e+07 3.0743e+07  4.05%  86.0 1560s
 454315  2251     cutoff   65      3.2042e+07 3.1387e+07  2.04%  86.1 1565s
 456085   487     cutoff   55      3.2042e+07 3.1898e+07  0.45%  86.1 1570s

Cutting planes:
  Learned: 27
  Gomory: 8
  Cover: 7
  Implied bound: 37
  Clique: 12
  MIR: 85
  Flow cover: 24
  GUB cover: 25
  Zero half: 20

Explored 456656 nodes (39334371 simplex iterations) in 1571.42 seconds
Thread count was 4 (of 4 available processors)

Optimal solution found (tolerance 1.00e-04)
Best objective 3.204150000000e+07, best bound 3.204150000000e+07, gap 0.0%
k_c1	30000.0
k_c10	280000.0
k_c11	130000.0
k_c12	170000.0
k_c13	160000.0
k_c14	100000.0
k_c2	60000.0
k_c3	280000.0
k_c4	60000.0
k_c5	180000.0
k_c6	240000.0
k_c7	250000.0
k_c8	200000.0
k_c9	230000.0
k_dN	0.0
o_1	0.0
o_10	0.0
o_11	0.0
o_12	0.0
o_13	0.0
o_14	0.0
o_2	0.0
o_3	0.0
o_4	0.0
o_5	0.0
o_6	0.0
o_7	0.0
o_8	0.0
o_9	0.0
p_1	0.0
p_10	0.0
p_11	0.0
p_12	0.0
p_13	0.0
p_14	0.0
p_2	0.0
p_3	0.0
p_4	0.0
p_5	0.0
p_6	0.0
p_7	0.0
p_8	0.0
p_9	0.0
phi_c1	8616.0
phi_c10	30901.0
phi_c11	9580.0
phi_c12	13186.0
phi_c13	20571.0
phi_c14	16806.0
phi_c2	8082.0
phi_c3	33189.0
phi_c4	10623.0
phi_c5	21676.0
phi_c6	39109.0
phi_c7	23790.0
phi_c8	33717.0
phi_c9	27964.0
phi_dN	0.0
pi_c1	200000.0
pi_c10	200000.0
pi_c11	239109.0
pi_c12	200000.0
pi_c13	200000.0
pi_c14	200000.0
pi_c2	200000.0
pi_c3	200000.0
pi_c4	200000.0
pi_c5	200000.0
pi_c6	0.0
pi_c7	200000.0
pi_c8	200000.0
pi_c9	200000.0
pi_dN	0.0
tauD_c1	640942.0
tauD_c10	425525.0
tauD_c11	700000.0
tauD_c12	565225.0
tauD_c13	500000.0
tauD_c14	718200.0
tauD_c2	790800.0
tauD_c3	51550.0
tauD_c4	573442.0
tauD_c5	600000.0
tauD_c6	219850.0
tauD_c7	552100.0
tauD_c8	300000.0
tauD_c9	450000.0
tauD_d0	0.0
tauD_dN	1000000.0
tauS_c1	889900.0
tauS_c10	142775.0
tauS_c11	884200.0
tauS_c12	151550.0
tauS_c13	150175.0
tauS_c14	135450.0
tauS_c2	224600.0
tauS_c3	195675.0
tauS_c4	233650.0
tauS_c5	191925.0
tauS_c6	879300.0
tauS_c7	132000.0
tauS_c8	145650.0
tauS_c9	146775.0
tauS_d0	0.0
tauS_dN	1000000.0
x_c10_c7	1.0
x_c11_dN	1.0
x_c12_c11	1.0
x_c13_c4	1.0
x_c14_c2	1.0
x_c1_dN	1.0
x_c2_dN	1.0
x_c3_c9	1.0
x_c4_c1	1.0
x_c5_c14	1.0
x_c6_c8	1.0
x_c7_c5	1.0
x_c8_c13	1.0
x_c9_c12	1.0
x_d0_c10	1.0
x_d0_c3	1.0
x_d0_c6	1.0
