
Gurobi 6.0.4 (win64) logging started 06/20/15 02:33:12

Read LP format model from file E:\Eigene Dateien\Downloads\Michi shit\VRPTWMS2\instances\mip\fuel\N14-C_DV100-C_SV25_F5_9_No_1.lp
Reading time = 0.02 seconds
(null): 1149 rows, 526 columns, 5099 nonzeros
Optimize a model with 1149 rows, 526 columns and 5099 nonzeros
Model has 2940 quadratic constraints
Coefficient statistics:
  Matrix range    [1e+00, 1e+06]
  Objective range [2e+04, 1e+07]
  Bounds range    [1e+00, 1e+06]
  RHS range       [1e+00, 1e+06]
Presolve removed 120 rows and 81 columns
Presolve time: 0.49s
Presolved: 5431 rows, 2706 columns, 27649 nonzeros
Variable types: 2141 continuous, 565 integer (492 binary)

Root relaxation: objective 1.223093e+07, 340 iterations, 0.02 seconds

    Nodes    |    Current Node    |     Objective Bounds      |     Work
 Expl Unexpl |  Obj  Depth IntInf | Incumbent    BestBd   Gap | It/Node Time

     0     0 1.2231e+07    0   53          - 1.2231e+07      -     -    0s
     0     0 1.5988e+07    0   70          - 1.5988e+07      -     -    0s
     0     0 2.2963e+07    0   19          - 2.2963e+07      -     -    0s
     0     0 2.2981e+07    0   43          - 2.2981e+07      -     -    0s
     0     0 2.2990e+07    0   52          - 2.2990e+07      -     -    0s
     0     0 2.2990e+07    0   56          - 2.2990e+07      -     -    0s
     0     0 2.2990e+07    0   59          - 2.2990e+07      -     -    0s
     0     0 2.2991e+07    0   57          - 2.2991e+07      -     -    0s
H    0     0                    1.680608e+08 2.2991e+07  86.3%     -    0s
     0     0 2.2991e+07    0   57 1.6806e+08 2.2991e+07  86.3%     -    0s
H    0     0                    1.063838e+08 2.2991e+07  78.4%     -    0s
H    0     2                    7.604760e+07 2.2991e+07  69.8%     -    1s
     0     2 2.2991e+07    0   54 7.6048e+07 2.2991e+07  69.8%     -    1s
H  143   137                    5.541980e+07 2.3022e+07  58.5%  33.9    1s
H  513   390                    5.541650e+07 2.3051e+07  58.4%  38.9    1s
*  970   663              39    5.532770e+07 2.3117e+07  58.2%  39.3    2s
H 1029   701                    5.526410e+07 2.3151e+07  58.1%  38.9    2s
H 1049   701                    5.517850e+07 2.3155e+07  58.0%  38.5    2s
H 1068   674                    5.463060e+07 2.3156e+07  57.6%  38.1    3s
  1079   681 4.4115e+07   22   39 5.4631e+07 2.3269e+07  57.4%  37.8    5s
  1105   699 2.3393e+07   13   76 5.4631e+07 2.3344e+07  57.3%  42.7   10s
H 1170   710                    5.436680e+07 2.3344e+07  57.1%  45.8   11s
H 1221   701                    5.436630e+07 2.3344e+07  57.1%  46.7   12s
H 1303   692                    5.436620e+07 2.3457e+07  56.9%  49.9   12s
H 1851   806                    5.422540e+07 2.4596e+07  54.6%  54.4   13s
  2151   866 4.4472e+07   21   66 5.4225e+07 2.6076e+07  51.9%  58.3   15s
H 2165   842                    5.422330e+07 2.6076e+07  51.9%  58.8   15s
H 2471   852                    5.382360e+07 2.8415e+07  47.2%  61.4   16s
H 2498   544                    4.454610e+07 2.8415e+07  36.2%  61.9   17s
H 2622   570                    4.445210e+07 2.8798e+07  35.2%  61.9   18s
  3014   750 3.5787e+07   36   83 4.4452e+07 2.9359e+07  34.0%  66.8   20s
* 3560   879              29    4.430850e+07 3.2924e+07  25.7%  74.6   22s
* 3908  1059              34    4.422060e+07 3.2929e+07  25.5%  75.0   23s
  4620  1497 infeasible   36      4.4221e+07 3.2972e+07  25.4%  74.8   25s
H 4847  1515                    4.403200e+07 3.3014e+07  25.0%  75.2   27s
  5690  1950 3.4061e+07   32   32 4.4032e+07 3.3125e+07  24.8%  76.9   30s
  7123  2782 3.3180e+07   40   58 4.4032e+07 3.3179e+07  24.6%  78.3   35s
  8744  3613 3.3964e+07   28   56 4.4032e+07 3.3221e+07  24.6%  80.8   41s
  9954  4241 infeasible   49      4.4032e+07 3.3246e+07  24.5%  82.0   45s
*11251  4816              36    4.402600e+07 3.3267e+07  24.4%  84.0   49s
 11543  5010 3.4623e+07   39   51 4.4026e+07 3.3274e+07  24.4%  84.3   51s
H11928  5150                    4.391140e+07 3.3274e+07  24.2%  85.1   52s
 12641  5502 3.3287e+07   26   55 4.3911e+07 3.3287e+07  24.2%  85.4   55s
 13914  6094 3.4416e+07   42   41 4.3911e+07 3.3310e+07  24.1%  87.1   60s
 15558  6847 infeasible   48      4.3911e+07 3.3323e+07  24.1%  89.0   66s
 16888  7435 infeasible   42      4.3911e+07 3.3340e+07  24.1%  89.9   70s
 18132  8073     cutoff   38      4.3911e+07 3.3352e+07  24.0%  90.6   75s
 19831  8918 3.5172e+07   50   55 4.3911e+07 3.3369e+07  24.0%  90.9   81s
 20721  9408 3.4223e+07   50   57 4.3911e+07 3.3378e+07  24.0%  91.0   94s
 20725  9411 3.4156e+07   43   40 4.3911e+07 3.3378e+07  24.0%  91.0   95s
 20732  9415 3.4115e+07   48   82 4.3911e+07 3.3378e+07  24.0%  90.9  100s
 20738  9419 3.4026e+07   42  132 4.3911e+07 3.3378e+07  24.0%  90.9  105s
 20744  9423 3.3817e+07   37  140 4.3911e+07 3.3378e+07  24.0%  90.9  110s
 20750  9427 3.4421e+07   29  173 4.3911e+07 3.3378e+07  24.0%  90.9  115s
 20755  9431 3.4182e+07   33  146 4.3911e+07 3.3378e+07  24.0%  90.8  120s
 20761  9435 3.4223e+07   50  181 4.3911e+07 3.3378e+07  24.0%  90.8  125s
 20767  9441 3.3378e+07   24  120 4.3911e+07 3.3378e+07  24.0%  91.3  130s
 20776  9449 3.3378e+07   28   95 4.3911e+07 3.3378e+07  24.0%  91.3  135s
 20926  9505 4.3838e+07   45   25 4.3911e+07 3.3378e+07  24.0%  91.6  140s
 21706  9456 3.5703e+07   29   79 4.3911e+07 3.3378e+07  24.0%  92.5  145s
 23036  9250 3.3378e+07   27   61 4.3911e+07 3.3378e+07  24.0%  94.3  152s
 24311  9457 3.7056e+07   28   58 4.3911e+07 3.3378e+07  24.0%  93.8  156s
 25752  9670 3.4794e+07   64   28 4.3911e+07 3.3378e+07  24.0%  93.2  161s
 26746  9780 3.4118e+07   65   66 4.3911e+07 3.3378e+07  24.0%  93.1  165s
 28278  9982     cutoff   44      4.3911e+07 3.3378e+07  24.0%  92.6  170s
 29988 10170 3.4064e+07   46   40 4.3911e+07 3.3378e+07  24.0%  92.3  175s
*32227  9796              64    4.371810e+07 3.3378e+07  23.7%  91.8  179s
 32529  9858 3.3459e+07   44   47 4.3718e+07 3.3378e+07  23.7%  91.7  183s
 33859  9979 infeasible   67      4.3718e+07 3.3378e+07  23.7%  91.9  187s
 34658  9923 3.3423e+07   40   30 4.3718e+07 3.3378e+07  23.7%  92.2  191s
 36396 10065 3.3378e+07   40   23 4.3718e+07 3.3378e+07  23.7%  92.4  195s
 37940 10121 3.3521e+07   44   36 4.3718e+07 3.3380e+07  23.6%  92.6  201s
 40019 10297 3.4504e+07   65   49 4.3718e+07 3.3399e+07  23.6%  92.9  207s
 41044 10425 3.3628e+07   47   61 4.3718e+07 3.3411e+07  23.6%  92.9  211s
 42733 10491 infeasible   66      4.3718e+07 3.3424e+07  23.5%  93.2  217s
 44630 10581 infeasible   35      4.3718e+07 3.3441e+07  23.5%  93.4  222s
 45494 10632     cutoff   55      4.3718e+07 3.3446e+07  23.5%  93.5  225s
 47108 10754 3.5229e+07   75   43 4.3718e+07 3.3458e+07  23.5%  93.8  230s
 48678 11124 3.3733e+07   56   47 4.3718e+07 3.3466e+07  23.4%  94.2  235s
 50949 11944 3.4144e+07   62   67 4.3718e+07 3.3484e+07  23.4%  94.6  242s
 52285 12422 infeasible   40      4.3718e+07 3.3492e+07  23.4%  95.0  247s
 53717 13012 4.3656e+07   38    6 4.3718e+07 3.3500e+07  23.4%  95.2  251s
 55002 13513 3.4137e+07   39   38 4.3718e+07 3.3508e+07  23.4%  95.5  256s
 56400 14140     cutoff   48      4.3718e+07 3.3513e+07  23.3%  95.6  260s
 58406 14874 3.3852e+07   47   78 4.3718e+07 3.3523e+07  23.3%  96.0  266s
 59643 15257 3.3685e+07   48   33 4.3718e+07 3.3529e+07  23.3%  96.3  271s
 60819 15658 3.3752e+07   41   54 4.3718e+07 3.3536e+07  23.3%  96.7  275s
 62444 16240 3.3962e+07   41   52 4.3718e+07 3.3544e+07  23.3%  96.9  281s
 63652 16670 infeasible   53      4.3718e+07 3.3549e+07  23.3%  97.2  286s
 64758 16949 3.3846e+07   43   48 4.3718e+07 3.3554e+07  23.2%  97.5  291s
 65956 17289 3.6375e+07   64   77 4.3718e+07 3.3559e+07  23.2%  97.8  297s
 67195 17633 3.4177e+07   58   38 4.3718e+07 3.3567e+07  23.2%  98.0  302s
 67827 17848 infeasible   51      4.3718e+07 3.3572e+07  23.2%  98.1  305s
 68995 18157 3.3773e+07   48   27 4.3718e+07 3.3577e+07  23.2%  98.4  310s
 70107 18474 3.6941e+07   52   92 4.3718e+07 3.3582e+07  23.2%  98.6  315s
 71547 18907 3.3854e+07   48   59 4.3718e+07 3.3590e+07  23.2%  98.8  322s
 72789 19343 4.3652e+07   36   16 4.3718e+07 3.3594e+07  23.2%  98.9  327s
 73305 19501 3.9553e+07   72   79 4.3718e+07 3.3597e+07  23.2%  99.0  330s
 74282 19763 infeasible   57      4.3718e+07 3.3601e+07  23.1%  99.2  335s
 75994 20330 3.3869e+07   67   45 4.3718e+07 3.3608e+07  23.1%  99.4  342s
 77170 20688 3.3864e+07   67   65 4.3718e+07 3.3612e+07  23.1%  99.5  347s
 78245 21005 infeasible   46      4.3718e+07 3.3617e+07  23.1%   100  351s
 79013 21280 3.4066e+07   50   56 4.3718e+07 3.3619e+07  23.1%   100  356s
 80162 21642 3.4538e+07   62   64 4.3718e+07 3.3623e+07  23.1%   100  361s
 81267 21936 infeasible   49      4.3718e+07 3.3628e+07  23.1%   100  366s
 82311 22183 3.4065e+07   50   85 4.3718e+07 3.3632e+07  23.1%   100  370s
 83328 22486 3.4206e+07   50   61 4.3718e+07 3.3636e+07  23.1%   101  375s
 84375 22728 3.5975e+07   64   48 4.3718e+07 3.3640e+07  23.1%   101  380s
 85408 23054 3.4040e+07   55   67 4.3718e+07 3.3643e+07  23.0%   101  385s
 86892 23312 3.3803e+07   46   65 4.3718e+07 3.3650e+07  23.0%   101  391s
 87856 23556 3.5694e+07   77   61 4.3718e+07 3.3655e+07  23.0%   101  396s
 88836 23771     cutoff   61      4.3718e+07 3.3658e+07  23.0%   102  401s
 89869 24063 infeasible   52      4.3718e+07 3.3663e+07  23.0%   102  406s
 90932 24360     cutoff   66      4.3718e+07 3.3666e+07  23.0%   102  410s
 91918 24602 3.3974e+07   51   53 4.3718e+07 3.3670e+07  23.0%   102  415s
 93067 24909 3.4748e+07   60   79 4.3718e+07 3.3673e+07  23.0%   102  421s
 93964 25077     cutoff   69      4.3718e+07 3.3677e+07  23.0%   103  426s
 95007 25329 infeasible   45      4.3718e+07 3.3681e+07  23.0%   103  431s
 95948 25569 infeasible   47      4.3718e+07 3.3685e+07  22.9%   103  435s
 96909 25780     cutoff   56      4.3718e+07 3.3688e+07  22.9%   103  440s
 97955 26065 3.3838e+07   66   53 4.3718e+07 3.3692e+07  22.9%   103  445s
 98928 26328     cutoff   52      4.3718e+07 3.3696e+07  22.9%   103  450s
 100369 26655     cutoff   47      4.3718e+07 3.3701e+07  22.9%   104  457s
 101284 26836 3.3841e+07   43   32 4.3718e+07 3.3704e+07  22.9%   104  461s
 102212 27061 3.4665e+07   55   80 4.3718e+07 3.3707e+07  22.9%   104  466s
 103158 27257 3.4643e+07   45   71 4.3718e+07 3.3710e+07  22.9%   104  470s
 104101 27468 3.4125e+07   55   51 4.3718e+07 3.3713e+07  22.9%   104  475s
 104940 27618 3.4708e+07   75   54 4.3718e+07 3.3715e+07  22.9%   105  480s
 106375 27914     cutoff   58      4.3718e+07 3.3720e+07  22.9%   105  487s
 107227 28027 3.3940e+07   51   26 4.3718e+07 3.3724e+07  22.9%   105  491s
 108165 28231     cutoff   52      4.3718e+07 3.3727e+07  22.9%   105  496s
 109055 28440 3.3772e+07   53   45 4.3718e+07 3.3729e+07  22.8%   105  500s
 109888 28520 3.3733e+07   43   14 4.3718e+07 3.3732e+07  22.8%   105  505s
 111227 28817 3.4022e+07   44   31 4.3718e+07 3.3736e+07  22.8%   106  512s
 112185 29040 3.4137e+07   49   24 4.3718e+07 3.3739e+07  22.8%   106  516s
 113091 29259 infeasible   51      4.3718e+07 3.3742e+07  22.8%   106  521s
 113719 29311 3.4256e+07   46   26 4.3718e+07 3.3744e+07  22.8%   106  526s
 114674 29459 3.4277e+07   50   33 4.3718e+07 3.3747e+07  22.8%   106  530s
 115590 29624     cutoff   45      4.3718e+07 3.3750e+07  22.8%   106  535s
 116866 29870 infeasible   58      4.3718e+07 3.3755e+07  22.8%   107  541s
 117764 30057 3.4178e+07   55   56 4.3718e+07 3.3757e+07  22.8%   107  546s
 118574 30150 infeasible   47      4.3718e+07 3.3760e+07  22.8%   107  550s
 119505 30376 infeasible   55      4.3718e+07 3.3763e+07  22.8%   107  555s
 120925 30709 3.4118e+07   51   64 4.3718e+07 3.3767e+07  22.8%   107  562s
 121835 30850 infeasible   50      4.3718e+07 3.3770e+07  22.8%   107  566s
 122635 30959 3.3916e+07   47   43 4.3718e+07 3.3774e+07  22.7%   108  571s
 123547 31116 3.4344e+07   59   29 4.3718e+07 3.3776e+07  22.7%   108  575s
 124701 31238     cutoff   52      4.3718e+07 3.3782e+07  22.7%   108  581s
 125519 31325 3.4474e+07   68   61 4.3718e+07 3.3785e+07  22.7%   108  586s
 126421 31514 3.3899e+07   49   35 4.3718e+07 3.3787e+07  22.7%   108  590s
 127299 31672 3.4060e+07   47   59 4.3718e+07 3.3791e+07  22.7%   108  595s
 128309 31711 infeasible   54      4.3718e+07 3.3795e+07  22.7%   108  601s
 129198 31840 infeasible   66      4.3718e+07 3.3798e+07  22.7%   109  606s
 130074 31963 3.4019e+07   48   58 4.3718e+07 3.3801e+07  22.7%   109  610s
 130888 32056 3.4051e+07   56   35 4.3718e+07 3.3804e+07  22.7%   109  615s
 132142 32181 3.4599e+07   53   41 4.3718e+07 3.3808e+07  22.7%   109  621s
 132981 32301     cutoff   50      4.3718e+07 3.3811e+07  22.7%   109  625s
 133820 32457 infeasible   48      4.3718e+07 3.3813e+07  22.7%   109  630s
 135065 32614 infeasible   76      4.3718e+07 3.3818e+07  22.6%   110  637s
 135984 32800     cutoff   95      4.3718e+07 3.3821e+07  22.6%   110  641s
 136882 32972 3.3967e+07   51   89 4.3718e+07 3.3824e+07  22.6%   110  646s
 137707 33111 infeasible   57      4.3718e+07 3.3826e+07  22.6%   110  650s
 138638 33275 3.3831e+07   54   35 4.3718e+07 3.3829e+07  22.6%   110  655s
 139403 33341 infeasible   59      4.3718e+07 3.3831e+07  22.6%   110  660s
 140377 33383     cutoff   69      4.3718e+07 3.3835e+07  22.6%   110  666s
 141206 33434 infeasible   40      4.3718e+07 3.3839e+07  22.6%   110  671s
 141967 33523 infeasible   50      4.3718e+07 3.3841e+07  22.6%   111  675s
 143254 33677 3.4238e+07   63   52 4.3718e+07 3.3845e+07  22.6%   111  682s
 144049 33763 3.4544e+07   51   40 4.3718e+07 3.3848e+07  22.6%   111  686s
 144898 33909     cutoff   46      4.3718e+07 3.3851e+07  22.6%   111  691s
 145517 33942     cutoff   40      4.3718e+07 3.3853e+07  22.6%   111  695s
 146758 34124 infeasible   64      4.3718e+07 3.3856e+07  22.6%   111  702s
 147498 34158 infeasible   41      4.3718e+07 3.3859e+07  22.6%   112  706s
 148311 34256 infeasible   59      4.3718e+07 3.3862e+07  22.5%   112  711s
 149100 34311 infeasible   52      4.3718e+07 3.3865e+07  22.5%   112  715s
 150194 34404     cutoff   53      4.3718e+07 3.3869e+07  22.5%   112  721s
 151041 34469     cutoff   48      4.3718e+07 3.3871e+07  22.5%   112  726s
 151471 34463 3.4266e+07   48   50 4.3718e+07 3.3874e+07  22.5%   112  730s
 152646 34576 3.4057e+07   57   79 4.3718e+07 3.3878e+07  22.5%   113  736s
 153435 34600 infeasible   56      4.3718e+07 3.3880e+07  22.5%   113  740s
 154028 34634     cutoff   50      4.3718e+07 3.3882e+07  22.5%   113  745s
 155156 34727 infeasible   41      4.3718e+07 3.3886e+07  22.5%   113  751s
 155990 34811 3.4295e+07   50   75 4.3718e+07 3.3889e+07  22.5%   113  755s
 156684 34829 3.4222e+07   51   38 4.3718e+07 3.3892e+07  22.5%   113  760s
 157918 35046     cutoff   52      4.3718e+07 3.3895e+07  22.5%   113  766s
 158621 35085 3.4223e+07   45   53 4.3718e+07 3.3898e+07  22.5%   114  770s
 159439 35241     cutoff   63      4.3718e+07 3.3899e+07  22.5%   114  775s
 160754 35448 infeasible   58      4.3718e+07 3.3904e+07  22.4%   114  781s
 161543 35493 3.4067e+07   52   16 4.3718e+07 3.3905e+07  22.4%   114  786s
 162179 35583 3.4790e+07   56   51 4.3718e+07 3.3907e+07  22.4%   114  790s
 163409 35759 3.4351e+07   48   71 4.3718e+07 3.3912e+07  22.4%   114  797s
 164102 35829 infeasible   58      4.3718e+07 3.3913e+07  22.4%   114  801s
 164832 35843 infeasible   45      4.3718e+07 3.3917e+07  22.4%   114  805s
 165765 36008     cutoff   69      4.3718e+07 3.3918e+07  22.4%   114  810s
 166853 36031 infeasible   41      4.3718e+07 3.3922e+07  22.4%   115  816s
 167702 36165 3.4068e+07   58   86 4.3718e+07 3.3925e+07  22.4%   115  821s
 168468 36189 3.3995e+07   42   60 4.3718e+07 3.3927e+07  22.4%   115  825s
 169604 36306 3.4359e+07   43   53 4.3718e+07 3.3930e+07  22.4%   115  831s
 170337 36364 3.4505e+07   47   36 4.3718e+07 3.3932e+07  22.4%   115  835s
 170969 36425 infeasible   51      4.3718e+07 3.3934e+07  22.4%   115  840s
 172130 36506 3.4073e+07   50   42 4.3718e+07 3.3938e+07  22.4%   115  847s
 172945 36603     cutoff   69      4.3718e+07 3.3940e+07  22.4%   115  851s
 173741 36644 infeasible   60      4.3718e+07 3.3942e+07  22.4%   115  855s
 174546 36744 3.4422e+07   52   48 4.3718e+07 3.3944e+07  22.4%   116  860s
 175717 36906 3.4766e+07   64   52 4.3718e+07 3.3947e+07  22.3%   116  866s
 176480 36955 3.4611e+07   41   43 4.3718e+07 3.3950e+07  22.3%   116  870s
 177279 37019 infeasible   38      4.3718e+07 3.3952e+07  22.3%   116  875s
 178396 37128 3.4539e+07   44   60 4.3718e+07 3.3955e+07  22.3%   116  881s
 179306 37340 3.4035e+07   49   63 4.3718e+07 3.3957e+07  22.3%   116  886s
 180156 37471 infeasible   63      4.3718e+07 3.3960e+07  22.3%   116  890s
 180887 37519 3.4209e+07   68   37 4.3718e+07 3.3962e+07  22.3%   116  895s
 181986 37647 infeasible   60      4.3718e+07 3.3965e+07  22.3%   116  901s
 182745 37725 3.4233e+07   63   72 4.3718e+07 3.3967e+07  22.3%   116  906s
 183562 37838 3.6358e+07   55   65 4.3718e+07 3.3968e+07  22.3%   116  910s
 184746 37944 3.4432e+07   60   47 4.3718e+07 3.3971e+07  22.3%   117  916s
 185328 37997     cutoff   74      4.3718e+07 3.3973e+07  22.3%   117  921s
 186191 38143 infeasible   55      4.3718e+07 3.3975e+07  22.3%   117  925s
 187102 38266 3.4464e+07   51   66 4.3718e+07 3.3977e+07  22.3%   117  930s
 188309 38307 3.4029e+07   50   41 4.3718e+07 3.3981e+07  22.3%   117  937s
 189075 38378 infeasible   56      4.3718e+07 3.3983e+07  22.3%   117  941s
 189871 38475 3.4302e+07   52   59 4.3718e+07 3.3985e+07  22.3%   117  945s
 190650 38575 3.4873e+07   65   41 4.3718e+07 3.3987e+07  22.3%   117  950s
 191814 38648 3.4334e+07   50   36 4.3718e+07 3.3991e+07  22.3%   117  956s
 192631 38706 infeasible   51      4.3718e+07 3.3993e+07  22.2%   117  960s
 193627 38698     cutoff   57      4.3718e+07 3.3996e+07  22.2%   118  966s
 194333 38721     cutoff   50      4.3718e+07 3.3998e+07  22.2%   118  970s
 195147 38803 infeasible   61      4.3718e+07 3.4000e+07  22.2%   118  975s
 196259 38896 infeasible   73      4.3718e+07 3.4003e+07  22.2%   118  981s
 196663 38826 3.4579e+07   69   84 4.3718e+07 3.4004e+07  22.2%   118  985s
 197714 38851 infeasible   54      4.3718e+07 3.4007e+07  22.2%   118  991s
 198492 38874 3.4376e+07   38   71 4.3718e+07 3.4010e+07  22.2%   118  996s
 199282 38922 infeasible   73      4.3718e+07 3.4012e+07  22.2%   118 1000s
 200384 39003 infeasible   51      4.3718e+07 3.4015e+07  22.2%   118 1006s
 201131 39036 3.4696e+07   47   67 4.3718e+07 3.4017e+07  22.2%   118 1011s
 201944 39089     cutoff   42      4.3718e+07 3.4019e+07  22.2%   119 1015s
 203010 39117 3.4150e+07   52   50 4.3718e+07 3.4023e+07  22.2%   119 1021s
 203746 39178 3.4266e+07   51   52 4.3718e+07 3.4024e+07  22.2%   119 1025s
 204875 39241 infeasible   61      4.3718e+07 3.4028e+07  22.2%   119 1031s
 205612 39275 3.4547e+07   63   43 4.3718e+07 3.4030e+07  22.2%   119 1035s
 206414 39321     cutoff   53      4.3718e+07 3.4032e+07  22.2%   119 1040s
 207503 39303 3.5436e+07   69   79 4.3718e+07 3.4035e+07  22.1%   119 1046s
 208174 39298     cutoff   53      4.3718e+07 3.4037e+07  22.1%   119 1050s
 209098 39244     cutoff   50      4.3718e+07 3.4041e+07  22.1%   119 1056s
 209687 39245 3.4125e+07   51   57 4.3718e+07 3.4042e+07  22.1%   119 1061s
 210464 39279 3.4563e+07   56   57 4.3718e+07 3.4045e+07  22.1%   120 1065s
 211538 39333     cutoff   59      4.3718e+07 3.4048e+07  22.1%   120 1072s
 212264 39351 3.4905e+07   55   70 4.3718e+07 3.4050e+07  22.1%   120 1075s
 213219 39333 3.4798e+07   64   38 4.3718e+07 3.4053e+07  22.1%   120 1081s
 213976 39343 infeasible   47      4.3718e+07 3.4056e+07  22.1%   120 1085s
 214684 39390 3.4427e+07   52   65 4.3718e+07 3.4058e+07  22.1%   120 1090s
 215818 39458 3.4415e+07   58   46 4.3718e+07 3.4061e+07  22.1%   120 1096s
 216525 39495 3.4223e+07   49   26 4.3718e+07 3.4063e+07  22.1%   120 1100s
 217466 39458 infeasible   64      4.3718e+07 3.4066e+07  22.1%   120 1106s
 218250 39491 3.4216e+07   59   88 4.3718e+07 3.4068e+07  22.1%   120 1111s
 219047 39516 3.4454e+07   61   41 4.3718e+07 3.4070e+07  22.1%   121 1115s
 220076 39529 infeasible   62      4.3718e+07 3.4074e+07  22.1%   121 1121s
 220745 39534 infeasible   37      4.3718e+07 3.4076e+07  22.1%   121 1125s
 221437 39533     cutoff   54      4.3718e+07 3.4078e+07  22.1%   121 1130s
 222615 39613 infeasible   50      4.3718e+07 3.4081e+07  22.0%   121 1136s
 223250 39619     cutoff   65      4.3718e+07 3.4083e+07  22.0%   121 1141s
 224245 39658 3.4090e+07   59   56 4.3718e+07 3.4086e+07  22.0%   121 1146s
 225033 39692 infeasible   71      4.3718e+07 3.4088e+07  22.0%   121 1151s
 225679 39670     cutoff   57      4.3718e+07 3.4090e+07  22.0%   121 1155s
 226635 39712 3.4721e+07   65   72 4.3718e+07 3.4093e+07  22.0%   121 1161s
 227103 39674 3.4341e+07   47   33 4.3718e+07 3.4095e+07  22.0%   121 1165s
 228046 39658 3.4281e+07   62   53 4.3718e+07 3.4097e+07  22.0%   122 1171s
 228685 39616 3.4381e+07   54   40 4.3718e+07 3.4100e+07  22.0%   122 1175s
 229771 39676     cutoff   51      4.3718e+07 3.4103e+07  22.0%   122 1181s
 230539 39728 infeasible   46      4.3718e+07 3.4105e+07  22.0%   122 1186s
 231198 39746 4.3671e+07   60   16 4.3718e+07 3.4108e+07  22.0%   122 1190s
 232312 39782 infeasible   60      4.3718e+07 3.4111e+07  22.0%   122 1196s
 233045 39798 3.4374e+07   74   61 4.3718e+07 3.4113e+07  22.0%   122 1200s
 234045 39726 infeasible   43      4.3718e+07 3.4117e+07  22.0%   122 1206s
 234749 39706 3.7581e+07   59   73 4.3718e+07 3.4119e+07  22.0%   122 1210s
 235695 39674 infeasible   58      4.3718e+07 3.4122e+07  21.9%   122 1215s
 236408 39707     cutoff   60      4.3718e+07 3.4124e+07  21.9%   122 1220s
 237331 39645 infeasible   56      4.3718e+07 3.4128e+07  21.9%   122 1225s
 238353 39659 4.3655e+07   50   54 4.3718e+07 3.4131e+07  21.9%   123 1231s
 239029 39693 infeasible   55      4.3718e+07 3.4133e+07  21.9%   123 1235s
 239864 39590 3.4685e+07   49   47 4.3718e+07 3.4137e+07  21.9%   123 1241s
 240474 39569 3.6739e+07   47   68 4.3718e+07 3.4139e+07  21.9%   123 1245s
 241544 39617 infeasible   54      4.3718e+07 3.4142e+07  21.9%   123 1251s
 242295 39685 3.4719e+07   64   84 4.3718e+07 3.4144e+07  21.9%   123 1255s
 243403 39727 infeasible   55      4.3718e+07 3.4147e+07  21.9%   123 1261s
 243997 39683 infeasible   56      4.3718e+07 3.4149e+07  21.9%   123 1266s
 245004 39707 3.4302e+07   52   31 4.3718e+07 3.4153e+07  21.9%   123 1271s
 245677 39697     cutoff   64      4.3718e+07 3.4155e+07  21.9%   123 1275s
 246615 39666 3.4348e+07   62  100 4.3718e+07 3.4159e+07  21.9%   123 1281s
 247366 39671 3.4423e+07   49   23 4.3718e+07 3.4161e+07  21.9%   123 1286s
 248054 39654 3.4786e+07   58   58 4.3718e+07 3.4163e+07  21.9%   123 1290s
 249059 39692     cutoff   58      4.3718e+07 3.4166e+07  21.8%   124 1296s
 249712 39684 infeasible   64      4.3718e+07 3.4168e+07  21.8%   124 1300s
 250414 39687 3.4397e+07   56   39 4.3718e+07 3.4170e+07  21.8%   124 1305s
 251302 39715 3.4304e+07   64   65 4.3718e+07 3.4173e+07  21.8%   124 1310s
 251944 39677     cutoff   46      4.3718e+07 3.4175e+07  21.8%   124 1315s
 252909 39634 3.6120e+07   61   85 4.3718e+07 3.4178e+07  21.8%   124 1320s
 254071 39680 3.4546e+07   41   59 4.3718e+07 3.4181e+07  21.8%   124 1327s
 254634 39648     cutoff   53      4.3718e+07 3.4183e+07  21.8%   124 1330s
 255508 39575 3.4540e+07   53   35 4.3718e+07 3.4186e+07  21.8%   124 1336s
 256233 39604     cutoff   79      4.3718e+07 3.4189e+07  21.8%   124 1340s
 257142 39585 3.5331e+07   64   82 4.3718e+07 3.4192e+07  21.8%   124 1346s
 257834 39553 infeasible   44      4.3718e+07 3.4194e+07  21.8%   124 1350s
 258648 39480 infeasible   60      4.3718e+07 3.4197e+07  21.8%   124 1356s
 259277 39426 3.4398e+07   46   35 4.3718e+07 3.4199e+07  21.8%   125 1360s
 259964 39411 3.4436e+07   56   57 4.3718e+07 3.4201e+07  21.8%   125 1365s
 260918 39346 infeasible   52      4.3718e+07 3.4204e+07  21.8%   125 1370s
 261912 39316 infeasible   54      4.3718e+07 3.4207e+07  21.8%   125 1376s
 262459 39294 infeasible   56      4.3718e+07 3.4209e+07  21.8%   125 1380s
 263433 39242 3.4386e+07   64   38 4.3718e+07 3.4213e+07  21.7%   125 1385s
 264019 39188 3.4504e+07   49   49 4.3718e+07 3.4215e+07  21.7%   125 1390s
 265057 39253 infeasible   60      4.3718e+07 3.4218e+07  21.7%   125 1396s
 265541 39185 infeasible   66      4.3718e+07 3.4220e+07  21.7%   125 1400s
 266206 39206 infeasible   58      4.3718e+07 3.4222e+07  21.7%   125 1405s
 267073 39108 infeasible   55      4.3718e+07 3.4225e+07  21.7%   125 1410s
 268088 39085 infeasible   62      4.3718e+07 3.4228e+07  21.7%   125 1416s
 269028 39046 infeasible   52      4.3718e+07 3.4231e+07  21.7%   125 1421s
 269671 39028 3.4727e+07   59   60 4.3718e+07 3.4233e+07  21.7%   125 1425s
 270610 38993 3.4561e+07   58   47 4.3718e+07 3.4237e+07  21.7%   126 1431s
 271260 39001 infeasible   52      4.3718e+07 3.4239e+07  21.7%   126 1435s
 272290 39034 3.4396e+07   55   46 4.3718e+07 3.4242e+07  21.7%   126 1441s
 272963 39049 3.4644e+07   40   30 4.3718e+07 3.4244e+07  21.7%   126 1445s
 273965 38998 3.4341e+07   52   39 4.3718e+07 3.4247e+07  21.7%   126 1451s
 274985 39017 3.4533e+07   58   82 4.3718e+07 3.4250e+07  21.7%   126 1456s
 275520 38932 3.4647e+07   51   76 4.3718e+07 3.4252e+07  21.7%   126 1460s
 276345 38814 3.5053e+07   56   58 4.3718e+07 3.4256e+07  21.6%   126 1465s
 277296 38793 infeasible   64      4.3718e+07 3.4259e+07  21.6%   126 1470s
 278149 38684 infeasible   58      4.3718e+07 3.4262e+07  21.6%   126 1476s
 278895 38560 infeasible   44      4.3718e+07 3.4265e+07  21.6%   126 1481s
 279681 38518 infeasible   52      4.3718e+07 3.4268e+07  21.6%   126 1487s
 280355 38512     cutoff   56      4.3718e+07 3.4269e+07  21.6%   126 1491s
 281254 38474     cutoff   51      4.3718e+07 3.4272e+07  21.6%   126 1496s
 282125 38352 infeasible   56      4.3718e+07 3.4275e+07  21.6%   127 1502s
 282828 38366 3.4495e+07   63   60 4.3718e+07 3.4277e+07  21.6%   127 1505s
 283571 38320     cutoff   55      4.3718e+07 3.4280e+07  21.6%   127 1511s
 284425 38220 infeasible   48      4.3718e+07 3.4283e+07  21.6%   127 1516s
 285086 38194 infeasible   62      4.3718e+07 3.4284e+07  21.6%   127 1520s
 285906 38072 infeasible   68      4.3718e+07 3.4287e+07  21.6%   127 1525s
 286765 38039 infeasible   63      4.3718e+07 3.4291e+07  21.6%   127 1532s
 287404 37893 infeasible   47      4.3718e+07 3.4293e+07  21.6%   127 1536s
 287998 37855 3.4564e+07   61   43 4.3718e+07 3.4295e+07  21.6%   127 1540s
 288927 37827     cutoff   56      4.3718e+07 3.4298e+07  21.5%   127 1546s
 289767 37722 infeasible   71      4.3718e+07 3.4301e+07  21.5%   127 1551s
 290574 37652 3.4656e+07   54   49 4.3718e+07 3.4305e+07  21.5%   127 1556s
 291042 37551 infeasible   45      4.3718e+07 3.4306e+07  21.5%   127 1560s
 291931 37487 infeasible   64      4.3718e+07 3.4309e+07  21.5%   127 1566s
 292548 37479 3.4524e+07   48   44 4.3718e+07 3.4311e+07  21.5%   127 1570s
 293453 37403 infeasible   65      4.3718e+07 3.4315e+07  21.5%   128 1575s
 294381 37332 infeasible   63      4.3718e+07 3.4318e+07  21.5%   128 1580s
 295221 37268 3.4927e+07   50   65 4.3718e+07 3.4321e+07  21.5%   128 1586s
 295897 37223 3.4501e+07   57   53 4.3718e+07 3.4322e+07  21.5%   128 1590s
 296780 37138 3.4494e+07   58   55 4.3718e+07 3.4326e+07  21.5%   128 1595s
 297628 37058 infeasible   70      4.3718e+07 3.4329e+07  21.5%   128 1600s
 298365 36949 infeasible   52      4.3718e+07 3.4332e+07  21.5%   128 1605s
 299192 36858 infeasible   66      4.3718e+07 3.4335e+07  21.5%   128 1610s
 299990 36732 3.4486e+07   54   44 4.3718e+07 3.4337e+07  21.5%   128 1616s
 300556 36679 infeasible   50      4.3718e+07 3.4340e+07  21.5%   128 1620s
 301475 36669 3.4406e+07   51   52 4.3718e+07 3.4343e+07  21.4%   128 1626s
 302295 36590 infeasible   57      4.3718e+07 3.4346e+07  21.4%   128 1631s
 302907 36603 infeasible   75      4.3718e+07 3.4347e+07  21.4%   128 1635s
 303816 36527 infeasible   51      4.3718e+07 3.4350e+07  21.4%   128 1640s
 304416 36482 infeasible   56      4.3718e+07 3.4351e+07  21.4%   129 1645s
 305329 36429 infeasible   53      4.3718e+07 3.4355e+07  21.4%   129 1651s
 305952 36407 3.4585e+07   51   69 4.3718e+07 3.4357e+07  21.4%   129 1655s
 306731 36273 infeasible   52      4.3718e+07 3.4360e+07  21.4%   129 1660s
 307609 36233 3.4460e+07   58   71 4.3718e+07 3.4363e+07  21.4%   129 1666s
 308221 36167 3.4381e+07   53   56 4.3718e+07 3.4365e+07  21.4%   129 1670s
 308954 36115 3.4559e+07   47   67 4.3718e+07 3.4368e+07  21.4%   129 1676s
 309776 36010 infeasible   65      4.3718e+07 3.4370e+07  21.4%   129 1681s
 310598 35906 infeasible   58      4.3718e+07 3.4374e+07  21.4%   129 1686s
 311108 35841     cutoff   58      4.3718e+07 3.4376e+07  21.4%   129 1690s
 311825 35717     cutoff   62      4.3718e+07 3.4379e+07  21.4%   129 1695s
 312651 35616 infeasible   53      4.3718e+07 3.4382e+07  21.4%   129 1701s
 313278 35559     cutoff   60      4.3718e+07 3.4384e+07  21.4%   129 1705s
 314097 35424 infeasible   44      4.3718e+07 3.4387e+07  21.3%   129 1711s
 314733 35405 infeasible   48      4.3718e+07 3.4388e+07  21.3%   130 1715s
 315558 35302 3.5022e+07   51   39 4.3718e+07 3.4392e+07  21.3%   130 1720s
 316276 35198     cutoff   57      4.3718e+07 3.4395e+07  21.3%   130 1725s
 316856 35144 3.4522e+07   44   30 4.3718e+07 3.4397e+07  21.3%   130 1730s
 317719 35059 3.4574e+07   50   57 4.3718e+07 3.4400e+07  21.3%   130 1736s
 318593 35005     cutoff   63      4.3718e+07 3.4403e+07  21.3%   130 1741s
 319272 34838 3.4626e+07   60   39 4.3718e+07 3.4406e+07  21.3%   130 1745s
 320071 34715 infeasible   61      4.3718e+07 3.4409e+07  21.3%   130 1751s
 320882 34590     cutoff   61      4.3718e+07 3.4412e+07  21.3%   130 1756s
 321342 34480 infeasible   49      4.3718e+07 3.4414e+07  21.3%   130 1760s
 322178 34496 infeasible   46      4.3718e+07 3.4416e+07  21.3%   130 1766s
 322806 34443 infeasible   62      4.3718e+07 3.4419e+07  21.3%   130 1770s
 323608 34343 3.5182e+07   59   66 4.3718e+07 3.4422e+07  21.3%   130 1775s
 324438 34274     cutoff   53      4.3718e+07 3.4425e+07  21.3%   130 1782s
 325005 34198 infeasible   57      4.3718e+07 3.4427e+07  21.3%   130 1785s
 325834 34085     cutoff   62      4.3718e+07 3.4431e+07  21.2%   131 1791s
 326382 34000 infeasible   46      4.3718e+07 3.4433e+07  21.2%   131 1795s
 327366 33798 3.4700e+07   56   65 4.3718e+07 3.4437e+07  21.2%   131 1801s
 328207 33704 3.4511e+07   56   26 4.3718e+07 3.4441e+07  21.2%   131 1806s
 328839 33652 infeasible   67      4.3718e+07 3.4443e+07  21.2%   131 1810s
 329620 33521 infeasible   60      4.3718e+07 3.4446e+07  21.2%   131 1816s
 330137 33418 infeasible   63      4.3718e+07 3.4448e+07  21.2%   131 1820s
 330752 33357 infeasible   81      4.3718e+07 3.4451e+07  21.2%   131 1826s
 331399 33339 3.4544e+07   44   33 4.3718e+07 3.4453e+07  21.2%   131 1830s
 332278 33226 infeasible   70      4.3718e+07 3.4456e+07  21.2%   131 1836s
 333093 33108     cutoff   52      4.3718e+07 3.4460e+07  21.2%   131 1841s
 333697 33073 3.4794e+07   62   47 4.3718e+07 3.4461e+07  21.2%   131 1845s
 334551 33018 3.4680e+07   49   53 4.3718e+07 3.4465e+07  21.2%   131 1850s
 335345 32939 infeasible   51      4.3718e+07 3.4468e+07  21.2%   131 1855s
 336133 32828 3.4552e+07   62   49 4.3718e+07 3.4471e+07  21.2%   131 1860s
 337206 32683 infeasible   57      4.3718e+07 3.4475e+07  21.1%   132 1866s
 337973 32563 infeasible   51      4.3718e+07 3.4479e+07  21.1%   132 1871s
 338757 32442     cutoff   45      4.3718e+07 3.4482e+07  21.1%   132 1876s
 339289 32363     cutoff   55      4.3718e+07 3.4484e+07  21.1%   132 1880s
 340010 32200 infeasible   52      4.3718e+07 3.4487e+07  21.1%   132 1886s
 340610 32181     cutoff   68      4.3718e+07 3.4489e+07  21.1%   132 1890s
 341361 32031 infeasible   51      4.3718e+07 3.4492e+07  21.1%   132 1895s
 342272 32001 infeasible   70      4.3718e+07 3.4496e+07  21.1%   132 1901s
 343129 31906 infeasible   56      4.3718e+07 3.4499e+07  21.1%   132 1905s
 343880 31742 3.4920e+07   57   59 4.3718e+07 3.4503e+07  21.1%   132 1910s
 344655 31691 3.4736e+07   56   61 4.3718e+07 3.4506e+07  21.1%   132 1916s
 345170 31604 infeasible   66      4.3718e+07 3.4508e+07  21.1%   132 1920s
 345953 31489 3.4709e+07   57   53 4.3718e+07 3.4511e+07  21.1%   132 1925s
 346762 31393 infeasible   56      4.3718e+07 3.4515e+07  21.1%   132 1931s
 347352 31333 infeasible   49      4.3718e+07 3.4517e+07  21.0%   132 1935s
 348134 31194 infeasible   53      4.3718e+07 3.4520e+07  21.0%   132 1940s
 349002 31123 infeasible   70      4.3718e+07 3.4524e+07  21.0%   132 1945s
 349677 31010     cutoff   62      4.3718e+07 3.4527e+07  21.0%   133 1950s
 350469 30883     cutoff   67      4.3718e+07 3.4531e+07  21.0%   133 1955s
 351202 30729 3.4545e+07   66   45 4.3718e+07 3.4534e+07  21.0%   133 1960s
 352001 30617 infeasible   50      4.3718e+07 3.4537e+07  21.0%   133 1966s
 352516 30518 infeasible   56      4.3718e+07 3.4539e+07  21.0%   133 1970s
 353360 30428 3.5077e+07   64   74 4.3718e+07 3.4542e+07  21.0%   133 1975s
 353966 30322 infeasible   68      4.3718e+07 3.4545e+07  21.0%   133 1981s
 354521 30259 3.4667e+07   56   71 4.3718e+07 3.4547e+07  21.0%   133 1985s
 355348 30157 3.5116e+07   63   52 4.3718e+07 3.4551e+07  21.0%   133 1990s
 356254 29929 infeasible   52      4.3718e+07 3.4555e+07  21.0%   133 1995s
 356970 29778 3.4927e+07   39   59 4.3718e+07 3.4559e+07  21.0%   133 2001s
 357864 29594 infeasible   56      4.3718e+07 3.4563e+07  20.9%   133 2007s
 358387 29482     cutoff   50      4.3718e+07 3.4565e+07  20.9%   133 2011s
 358856 29433 infeasible   58      4.3718e+07 3.4567e+07  20.9%   133 2015s
 359773 29245     cutoff   52      4.3718e+07 3.4572e+07  20.9%   133 2021s
 360389 29076     cutoff   62      4.3718e+07 3.4575e+07  20.9%   133 2025s
 361215 28935 3.4933e+07   58   46 4.3718e+07 3.4579e+07  20.9%   134 2030s
 361916 28809 infeasible   59      4.3718e+07 3.4582e+07  20.9%   134 2036s
 362680 28672 3.5371e+07   61   89 4.3718e+07 3.4586e+07  20.9%   134 2040s
 363381 28503 infeasible   68      4.3718e+07 3.4590e+07  20.9%   134 2046s
 364169 28398 infeasible   65      4.3718e+07 3.4594e+07  20.9%   134 2050s
 365010 28283 3.4931e+07   69   62 4.3718e+07 3.4597e+07  20.9%   134 2056s
 365532 28179 infeasible   70      4.3718e+07 3.4600e+07  20.9%   134 2060s
 366232 28042 infeasible   49      4.3718e+07 3.4604e+07  20.8%   134 2065s
 367110 27825 3.5202e+07   56   37 4.3718e+07 3.4609e+07  20.8%   134 2070s
 367875 27713 3.5201e+07   59   40 4.3718e+07 3.4613e+07  20.8%   134 2075s
 368626 27627 3.4894e+07   48   49 4.3718e+07 3.4616e+07  20.8%   134 2081s
 369353 27477     cutoff   65      4.3718e+07 3.4620e+07  20.8%   134 2086s
 370046 27298     cutoff   64      4.3718e+07 3.4624e+07  20.8%   134 2090s
 370730 27166 3.4993e+07   60   55 4.3718e+07 3.4627e+07  20.8%   134 2095s
 371492 27010 infeasible   53      4.3718e+07 3.4631e+07  20.8%   134 2100s
 372227 26839 infeasible   54      4.3718e+07 3.4635e+07  20.8%   134 2105s
 372957 26659     cutoff   64      4.3718e+07 3.4638e+07  20.8%   134 2110s
 373881 26448 infeasible   57      4.3718e+07 3.4643e+07  20.8%   135 2116s
 374318 26368 3.5256e+07   59   68 4.3718e+07 3.4645e+07  20.8%   135 2121s
 375163 26271     cutoff   58      4.3718e+07 3.4649e+07  20.7%   135 2126s
 375657 26168 3.5361e+07   51   84 4.3718e+07 3.4652e+07  20.7%   135 2130s
 376648 25995     cutoff   69      4.3718e+07 3.4657e+07  20.7%   135 2136s
 377092 25895 infeasible   47      4.3718e+07 3.4660e+07  20.7%   135 2140s
 378089 25734     cutoff   77      4.3718e+07 3.4666e+07  20.7%   135 2145s
 378742 25590 infeasible   47      4.3718e+07 3.4669e+07  20.7%   135 2151s
 379213 25481 infeasible   66      4.3718e+07 3.4672e+07  20.7%   135 2155s
 380279 25335     cutoff   47      4.3718e+07 3.4677e+07  20.7%   135 2161s
 380773 25254 3.5081e+07   55   49 4.3718e+07 3.4680e+07  20.7%   135 2165s
 381500 25113 infeasible   59      4.3718e+07 3.4683e+07  20.7%   135 2170s
 382237 24976     cutoff   63      4.3718e+07 3.4687e+07  20.7%   135 2175s
 382887 24788 infeasible   51      4.3718e+07 3.4691e+07  20.6%   135 2180s
 383728 24582 infeasible   60      4.3718e+07 3.4696e+07  20.6%   135 2186s
 384409 24463 infeasible   56      4.3718e+07 3.4699e+07  20.6%   135 2191s
 385156 24358 3.4921e+07   59   86 4.3718e+07 3.4703e+07  20.6%   135 2196s
 385941 24260 3.4741e+07   59   52 4.3718e+07 3.4707e+07  20.6%   135 2201s
 386383 24143 3.4726e+07   85   67 4.3718e+07 3.4711e+07  20.6%   135 2205s
 387053 23980 infeasible   38      4.3718e+07 3.4714e+07  20.6%   136 2210s
 387936 23771 infeasible   61      4.3718e+07 3.4720e+07  20.6%   136 2216s
 388770 23671 infeasible   68      4.3718e+07 3.4724e+07  20.6%   136 2221s
 389371 23499     cutoff   68      4.3718e+07 3.4728e+07  20.6%   136 2226s
 390016 23321 infeasible   66      4.3718e+07 3.4732e+07  20.6%   136 2230s
 391020 23143 infeasible   60      4.3718e+07 3.4738e+07  20.5%   136 2236s
 391658 22972 infeasible   52      4.3718e+07 3.4742e+07  20.5%   136 2240s
 392408 22812 infeasible   63      4.3718e+07 3.4746e+07  20.5%   136 2246s
 393314 22746 infeasible   77      4.3718e+07 3.4750e+07  20.5%   136 2251s
 393964 22571 3.4768e+07   59   65 4.3718e+07 3.4754e+07  20.5%   136 2255s
 394853 22458 3.5177e+07   80   57 4.3718e+07 3.4760e+07  20.5%   136 2260s
 395476 22229     cutoff   54      4.3718e+07 3.4764e+07  20.5%   136 2266s
 396211 22084 3.4998e+07   67   34 4.3718e+07 3.4768e+07  20.5%   136 2270s
 396905 21918 infeasible   64      4.3718e+07 3.4773e+07  20.5%   136 2275s
 397651 21773 infeasible   67      4.3718e+07 3.4777e+07  20.5%   136 2280s
 398492 21553 infeasible   62      4.3718e+07 3.4783e+07  20.4%   136 2287s
 399181 21396 3.4954e+07   66   43 4.3718e+07 3.4788e+07  20.4%   136 2291s
 399872 21291 infeasible   60      4.3718e+07 3.4793e+07  20.4%   136 2296s
 400456 21150     cutoff   67      4.3718e+07 3.4796e+07  20.4%   136 2301s
 401104 21021 3.4978e+07   56   59 4.3718e+07 3.4800e+07  20.4%   136 2305s
 402067 20831 infeasible   62      4.3718e+07 3.4806e+07  20.4%   137 2311s
 402808 20710 infeasible   65      4.3718e+07 3.4812e+07  20.4%   137 2315s
 403479 20555 infeasible   65      4.3718e+07 3.4816e+07  20.4%   137 2320s
 404183 20398 infeasible   57      4.3718e+07 3.4821e+07  20.4%   137 2326s
 404959 20133 infeasible   67      4.3718e+07 3.4827e+07  20.3%   137 2331s
 405560 19953 3.5040e+07   63   68 4.3718e+07 3.4831e+07  20.3%   137 2335s
 406195 19755 3.4987e+07   49   34 4.3718e+07 3.4836e+07  20.3%   137 2341s
 406831 19573     cutoff   52      4.3718e+07 3.4841e+07  20.3%   137 2345s
 407485 19400 infeasible   52      4.3718e+07 3.4845e+07  20.3%   137 2350s
 408254 19140 infeasible   60      4.3718e+07 3.4852e+07  20.3%   137 2355s
 408978 18848 3.5434e+07   46   55 4.3718e+07 3.4859e+07  20.3%   137 2360s
 409660 18591 infeasible   57      4.3718e+07 3.4866e+07  20.2%   137 2366s
 410281 18426 3.5929e+07   53   49 4.3718e+07 3.4871e+07  20.2%   137 2371s
 411053 18139     cutoff   51      4.3718e+07 3.4879e+07  20.2%   137 2376s
 411765 17970 3.5761e+07   61   38 4.3718e+07 3.4884e+07  20.2%   137 2381s
 412542 17698 3.4975e+07   46   85 4.3718e+07 3.4891e+07  20.2%   137 2386s
 413242 17520 infeasible   67      4.3718e+07 3.4898e+07  20.2%   137 2391s
 413853 17347 infeasible   65      4.3718e+07 3.4903e+07  20.2%   137 2395s
 414395 17197 infeasible   58      4.3718e+07 3.4908e+07  20.2%   138 2400s
 415034 17004 3.4978e+07   57   51 4.3718e+07 3.4914e+07  20.1%   138 2405s
 415777 16751 infeasible   70      4.3718e+07 3.4922e+07  20.1%   138 2410s
 416594 16514 infeasible   61      4.3718e+07 3.4929e+07  20.1%   138 2416s
 417232 16355     cutoff   62      4.3718e+07 3.4936e+07  20.1%   138 2420s
 418065 16115     cutoff   56      4.3718e+07 3.4944e+07  20.1%   138 2426s
 418691 15926 3.5564e+07   60   60 4.3718e+07 3.4951e+07  20.1%   138 2430s
 419354 15747 infeasible   60      4.3718e+07 3.4957e+07  20.0%   138 2435s
 420419 15466     cutoff   58      4.3718e+07 3.4967e+07  20.0%   138 2441s
 421027 15269 infeasible   54      4.3718e+07 3.4972e+07  20.0%   138 2445s
 421852 14989     cutoff   68      4.3718e+07 3.4981e+07  20.0%   138 2450s
 422550 14841 infeasible   77      4.3718e+07 3.4987e+07  20.0%   138 2455s
 423327 14584     cutoff   69      4.3718e+07 3.4997e+07  19.9%   138 2461s
 423878 14360 infeasible   65      4.3718e+07 3.5003e+07  19.9%   138 2465s
 424627 14080 infeasible   70      4.3718e+07 3.5012e+07  19.9%   138 2470s
 425086 13878     cutoff   70      4.3718e+07 3.5017e+07  19.9%   138 2475s
 425705 13690 infeasible   74      4.3718e+07 3.5025e+07  19.9%   138 2480s
 426548 13445 infeasible   75      4.3718e+07 3.5033e+07  19.9%   138 2485s
 427363 13174     cutoff   68      4.3718e+07 3.5042e+07  19.8%   138 2490s
 428145 12931     cutoff   64      4.3718e+07 3.5053e+07  19.8%   139 2496s
 428767 12735 3.5435e+07   61   51 4.3718e+07 3.5059e+07  19.8%   139 2500s
 429519 12470 infeasible   52      4.3718e+07 3.5068e+07  19.8%   139 2505s
 430282 12204 infeasible   67      4.3718e+07 3.5078e+07  19.8%   139 2510s
 430959 11901 3.5259e+07   58   48 4.3718e+07 3.5087e+07  19.7%   139 2515s
 431652 11688 infeasible   75      4.3718e+07 3.5098e+07  19.7%   139 2520s
 432286 11390 3.5286e+07   70   59 4.3718e+07 3.5108e+07  19.7%   139 2525s
 432964 11112 infeasible   58      4.3718e+07 3.5121e+07  19.7%   139 2530s
 433783 10874 3.5277e+07   78   55 4.3718e+07 3.5135e+07  19.6%   139 2536s
 434357 10669 3.5232e+07   67   73 4.3718e+07 3.5143e+07  19.6%   139 2540s
 434996 10482 infeasible   67      4.3718e+07 3.5151e+07  19.6%   139 2545s
 435887 10132     cutoff   69      4.3718e+07 3.5166e+07  19.6%   139 2551s
 436336 10026 infeasible   76      4.3718e+07 3.5173e+07  19.5%   139 2555s
 437206  9802     cutoff   69      4.3718e+07 3.5187e+07  19.5%   139 2560s
 437977  9536 infeasible   86      4.3718e+07 3.5201e+07  19.5%   139 2565s
 438765  9277     cutoff   68      4.3718e+07 3.5215e+07  19.5%   139 2571s
 439385  9102     cutoff   53      4.3718e+07 3.5226e+07  19.4%   139 2575s
 440056  8826 3.5674e+07   69   54 4.3718e+07 3.5242e+07  19.4%   139 2580s
 440834  8553 infeasible   64      4.3718e+07 3.5257e+07  19.4%   140 2586s
 441394  8352     cutoff   67      4.3718e+07 3.5269e+07  19.3%   140 2590s
 441897  8147     cutoff   69      4.3718e+07 3.5280e+07  19.3%   140 2595s
 442820  7794 infeasible   68      4.3718e+07 3.5303e+07  19.2%   140 2601s
 443468  7500 infeasible   63      4.3718e+07 3.5321e+07  19.2%   140 2606s
 444052  7293 3.5809e+07   49   62 4.3718e+07 3.5335e+07  19.2%   140 2610s
 444587  7108     cutoff   83      4.3718e+07 3.5348e+07  19.1%   140 2615s
 445263  6746 infeasible   60      4.3718e+07 3.5375e+07  19.1%   140 2620s
 446102  6372 infeasible   76      4.3718e+07 3.5405e+07  19.0%   140 2626s
 446644  6150 3.5569e+07   57   61 4.3718e+07 3.5422e+07  19.0%   140 2630s
 447562  5788 infeasible   63      4.3718e+07 3.5455e+07  18.9%   140 2636s
 448273  5503 infeasible   56      4.3718e+07 3.5485e+07  18.8%   140 2640s
 448784  5273     cutoff   70      4.3718e+07 3.5506e+07  18.8%   140 2645s
 449700  4925 3.5646e+07   54   76 4.3718e+07 3.5548e+07  18.7%   140 2650s
 450383  4622 infeasible   73      4.3718e+07 3.5583e+07  18.6%   140 2655s
 451175  4335 infeasible   57      4.3718e+07 3.5619e+07  18.5%   140 2660s
 451857  4032 infeasible   69      4.3718e+07 3.5659e+07  18.4%   140 2665s
 452432  3803 3.5720e+07   56   50 4.3718e+07 3.5690e+07  18.4%   140 2670s
 453319  3407 infeasible   76      4.3718e+07 3.5758e+07  18.2%   141 2675s
 453868  3240 infeasible   65      4.3718e+07 3.5794e+07  18.1%   141 2680s
 454623  2837 infeasible   79      4.3718e+07 3.5890e+07  17.9%   141 2686s
 455197  2522 3.6007e+07   84   67 4.3718e+07 3.6007e+07  17.6%   141 2690s
 456067  2041     cutoff   73      4.3718e+07 3.6278e+07  17.0%   141 2696s
 456843  1650 3.6975e+07   84   60 4.3718e+07 3.6680e+07  16.1%   141 2700s
 457681  1171 3.8026e+07   63  104 4.3718e+07 3.7684e+07  13.8%   141 2705s
 458744   571 4.3641e+07   60   62 4.3718e+07 4.3260e+07  1.05%   141 2710s
 460307   466 4.3513e+07   56   21 4.3718e+07 4.3484e+07  0.54%   141 2715s

Cutting planes:
  Gomory: 9
  Cover: 3
  Implied bound: 69
  Clique: 10
  MIR: 42
  Flow cover: 24
  GUB cover: 3
  Zero half: 31

Explored 461507 nodes (64759986 simplex iterations) in 2718.58 seconds
Thread count was 4 (of 4 available processors)

Optimal solution found (tolerance 1.00e-04)
Best objective 4.371810000000e+07, best bound 4.371810000000e+07, gap 0.0%
k_c1	850000.0
k_c10	940000.0
k_c11	800000.0
k_c12	920000.0
k_c13	1000000.0
k_c14	900000.0
k_c2	950000.0
k_c3	890000.0
k_c4	840000.0
k_c5	940000.0
k_c6	1000000.0
k_c7	920000.0
k_c8	1000000.0
k_c9	870000.0
k_dN	0.0
o_1	1.0
o_10	0.0
o_11	0.0
o_12	0.0
o_13	0.0
o_14	0.0
o_2	0.0
o_3	0.0
o_4	0.0
o_5	0.0
o_6	0.0
o_7	0.0
o_8	0.0
o_9	0.0
p_1	1.0
p_10	0.0
p_11	0.0
p_12	0.0
p_13	0.0
p_14	0.0
p_2	1.0
p_3	0.0
p_4	1.0
p_5	0.0
p_6	0.0
p_7	0.0
p_8	0.0
p_9	0.0
phi_c1	0.0
phi_c10	31201.0
phi_c11	13179.0
phi_c12	19160.0
phi_c13	36720.0
phi_c14	10035.0
phi_c2	45317.0
phi_c3	15400.0
phi_c4	0.0
phi_c5	21736.0
phi_c6	34514.0
phi_c7	30914.0
phi_c8	48662.0
phi_c9	12992.0
phi_dN	0.0
pi_c1	100000.0
pi_c10	0.0
pi_c11	0.0
pi_c12	0.0
pi_c13	0.0
pi_c14	0.0
pi_c2	104683.0
pi_c3	0.0
pi_c4	50000.0
pi_c5	0.0
pi_c6	0.0
pi_c7	0.0
pi_c8	0.0
pi_c9	0.0
pi_dN	0.0
tauD_c1	665525.0
tauD_c10	250000.0
tauD_c11	850000.0
tauD_c12	450000.0
tauD_c13	50000.0
tauD_c14	583725.0
tauD_c2	97500.0
tauD_c3	517975.0
tauD_c4	700000.0
tauD_c5	450000.0
tauD_c6	200000.0
tauD_c7	400000.0
tauD_c8	5000.0
tauD_c9	800000.0
tauD_d0	0.0
tauD_dN	1000000.0
tauS_c1	305675.0
tauS_c10	887400.0
tauS_c11	870750.0
tauS_c12	87675.0
tauS_c13	870375.0
tauS_c14	81350.0
tauS_c2	22750.0
tauS_c3	102950.0
tauS_c4	824475.0
tauS_c5	92600.0
tauS_c6	873500.0
tauS_c7	839950.0
tauS_c8	915000.0
tauS_c9	871450.0
tauS_d0	0.0
tauS_dN	1000000.0
x_c10_c12	1.0
x_c11_dN	1.0
x_c12_c9	1.0
x_c13_c10	1.0
x_c14_c4	1.0
x_c1_c11	1.0
x_c2_c7	1.0
x_c3_c1	1.0
x_c4_dN	1.0
x_c5_c14	1.0
x_c6_c5	1.0
x_c7_c3	1.0
x_c8_c2	1.0
x_c9_dN	1.0
x_d0_c13	1.0
x_d0_c6	1.0
x_d0_c8	1.0
z_c1_c4	1.0
z_c2_c1	1.0
z_c4_dN	1.0
z_d0_c2	1.0
