
Gurobi 6.0.4 (win64) logging started 06/16/15 10:56:46

Read LP format model from file E:\Eigene Dateien\Downloads\Michi shit\VRPTWMS-master\VRPTWMS\instances\mip\fuel\N8-C_DV100-C_SV25_F5_1_No_1.lp
Reading time = 0.00 seconds
(null): 417 rows, 208 columns, 1715 nonzeros
Optimize a model with 417 rows, 208 columns and 1715 nonzeros
Model has 576 quadratic constraints
WARNING: Only barrier available for SOCP models
Coefficient statistics:
  Matrix range    [1e+00, 1e+06]
  Objective range [2e+04, 1e+07]
  Bounds range    [1e+00, 1e+06]
  RHS range       [1e+00, 1e+06]
Presolve removed 40 rows and 22 columns
Presolve time: 0.03s
Presolved: 1391 rows, 717 columns, 6704 nonzeros
Variable types: 483 continuous, 234 integer (191 binary)
Found heuristic solution: objective 8.311220e+07
Optimize a model with 1391 rows, 717 columns and 6704 nonzeros
Coefficient statistics:
  Matrix range    [1e+00, 1e+06]
  Objective range [2e+04, 1e+07]
  Bounds range    [1e+00, 1e+06]
  RHS range       [1e+00, 1e+06]

Concurrent LP optimizer: dual simplex and barrier
Showing barrier log only...

Presolve removed 127 rows and 85 columns
Presolved: 1264 rows, 633 columns, 6114 nonzeros

Root barrier log...

Ordering time: 0.02s

Barrier performed 0 iterations in 0.06 seconds
Barrier solve interrupted - model solved by another algorithm


Solved with dual simplex
Solved in 85 iterations and 0.06 seconds
Optimal objective  1.641364699e+06

Root relaxation: objective 1.641365e+06, 85 iterations, 0.02 seconds

    Nodes    |    Current Node    |     Objective Bounds      |     Work
 Expl Unexpl |  Obj  Depth IntInf | Incumbent    BestBd   Gap | It/Node Time

     0     0 1641364.70    0   34 8.3112e+07 1641364.70  98.0%     -    0s
     0     0 1.1297e+07    0   19 8.3112e+07 1.1297e+07  86.4%     -    0s
H    0     0                    5.267770e+07 1.1297e+07  78.6%     -    0s
H    0     0                    4.215750e+07 1.1297e+07  73.2%     -    0s
     0     0 1.1327e+07    0   31 4.2158e+07 1.1327e+07  73.1%     -    0s
     0     0 1.1328e+07    0   31 4.2158e+07 1.1328e+07  73.1%     -    0s
     0     0 1.1333e+07    0   14 4.2158e+07 1.1333e+07  73.1%     -    0s
     0     0 1.1333e+07    0   14 4.2158e+07 1.1333e+07  73.1%     -    0s
     0     0 1.1333e+07    0   14 4.2158e+07 1.1333e+07  73.1%     -    0s
     0     0 1.1333e+07    0   14 4.2158e+07 1.1333e+07  73.1%     -    0s
     0     0 1.1333e+07    0   14 4.2158e+07 1.1333e+07  73.1%     -    0s
H    0     0                    3.245720e+07 1.1333e+07  65.1%     -    0s
     0     2 1.1333e+07    0   14 3.2457e+07 1.1333e+07  65.1%     -    0s
H  185   132                    3.224520e+07 1.1621e+07  64.0%  19.8    0s
*  489   284              23    3.197750e+07 1.1730e+07  63.3%  20.9    0s
H  554   322                    3.194300e+07 1.1740e+07  63.2%  20.6    0s
H  619   359                    3.193240e+07 1.1810e+07  63.0%  20.4    0s
H  902   490                    3.192250e+07 1.1946e+07  62.6%  21.4    0s
H 2928  1000                    3.190660e+07 1.4816e+07  53.6%  22.2    1s
* 4395  1191              29    3.184280e+07 1.5596e+07  51.0%  25.8    3s
* 4556  1126              41    3.171590e+07 1.5596e+07  50.8%  26.3    3s
H 5024   998                    3.163330e+07 1.5596e+07  50.7%  28.8    4s
  6049   799 infeasible   23      3.1633e+07 1.5596e+07  50.7%  33.4    5s
 12989  1048 2.4733e+07   35   49 3.1633e+07 2.1992e+07  30.5%  41.4   10s

Cutting planes:
  Learned: 1
  Gomory: 1
  Cover: 2
  Implied bound: 9
  Clique: 6
  MIR: 4
  Flow cover: 2
  GUB cover: 1
  Zero half: 14

Explored 17386 nodes (784787 simplex iterations) in 13.22 seconds
Thread count was 4 (of 4 available processors)

Optimal solution found (tolerance 1.00e-04)
Best objective 3.163330000000e+07, best bound 3.163330000000e+07, gap 0.0%
k_c1	1000000.0
k_c2	970000.0
k_c3	30000.0
k_c4	1000000.0
k_c5	120000.0
k_c6	930000.0
k_c7	890000.0
k_c8	50000.0
k_dN	-0.0
o_1	-0.0
o_2	-0.0
o_3	0.0
o_4	-0.0
o_5	0.0
o_6	0.0
o_7	-0.0
o_8	-0.0
p_1	0.0
p_2	0.0
p_3	0.0
p_4	1.0
p_5	0.0
p_6	0.0
p_7	-0.0
p_8	0.0
phi_c1	46394.0
phi_c2	38614.0
phi_c3	14189.0
phi_c4	42521.0
phi_c5	43557.0
phi_c6	31135.0
phi_c7	23508.0
phi_c8	13179.0
phi_dN	-0.0
pi_c1	-0.0
pi_c2	-0.0
pi_c3	-0.0
pi_c4	7479.0
pi_c5	-0.0
pi_c6	200000.0
pi_c7	200000.0
pi_c8	-0.0
pi_dN	-0.0
tauD_c1	50000.0
tauD_c2	450000.0
tauD_c3	800000.0
tauD_c4	250000.0
tauD_c5	450000.0
tauD_c6	577950.0
tauD_c7	695175.0
tauD_c8	650000.0
tauD_d0	-0.0
tauD_dN	1000000.0
tauS_c1	906525.0
tauS_c2	854000.0
tauS_c3	44250.0
tauS_c4	331925.0
tauS_c5	899850.0
tauS_c6	87675.0
tauS_c7	417075.0
tauS_c8	870750.0
tauS_d0	-0.0
tauS_dN	439875.0
x_c1_c5	1.0
x_c2_c6	1.0
x_c3_dN	1.0
x_c4_c2	1.0
x_c5_c8	1.0
x_c6_c7	1.0
x_c7_c3	1.0
x_c8_dN	1.0
x_d0_c1	1.0
x_d0_c4	1.0
z_c4_dN	1.0
z_d0_c4	1.0
