
Gurobi 6.0.4 (win64) logging started 06/20/15 12:04:46

Read LP format model from file C:\MT\repository\VRPTWMS\instances\mip\fuel\N8-C_DV100-C_SV30_F6_3_No_1.lp
Reading time = 0.01 seconds
(null): 417 rows, 208 columns, 1715 nonzeros
Optimize a model with 417 rows, 208 columns and 1715 nonzeros
Model has 576 quadratic constraints
Coefficient statistics:
  Matrix range    [1e+00, 1e+06]
  Objective range [6e+04, 1e+07]
  Bounds range    [1e+00, 1e+06]
  RHS range       [1e+00, 1e+06]
Presolve removed 34 rows and 20 columns
Presolve time: 0.08s
Presolved: 1389 rows, 716 columns, 6780 nonzeros
Variable types: 478 continuous, 238 integer (195 binary)
Found heuristic solution: objective 8.310240e+07

Root relaxation: objective 2.451831e+06, 121 iterations, 0.00 seconds

    Nodes    |    Current Node    |     Objective Bounds      |     Work
 Expl Unexpl |  Obj  Depth IntInf | Incumbent    BestBd   Gap | It/Node Time

     0     0 2451831.41    0   32 8.3102e+07 2451831.41  97.0%     -    0s
H    0     0                    6.270450e+07 2451831.41  96.1%     -    0s
     0     0 1.1152e+07    0   11 6.2705e+07 1.1152e+07  82.2%     -    0s
H    0     0                    5.234460e+07 1.1152e+07  78.7%     -    0s
H    0     0                    4.224070e+07 1.1152e+07  73.6%     -    0s
     0     0 1.1152e+07    0   18 4.2241e+07 1.1152e+07  73.6%     -    0s
     0     0 1.1152e+07    0    9 4.2241e+07 1.1152e+07  73.6%     -    0s
     0     0 1.1162e+07    0   22 4.2241e+07 1.1162e+07  73.6%     -    0s
     0     0 1.1172e+07    0   22 4.2241e+07 1.1172e+07  73.6%     -    0s
H    0     0                    4.223080e+07 1.1172e+07  73.5%     -    0s
     0     0 1.1173e+07    0   14 4.2231e+07 1.1173e+07  73.5%     -    0s
H    0     0                    4.175490e+07 1.1173e+07  73.2%     -    0s
     0     0 1.1173e+07    0   19 4.1755e+07 1.1173e+07  73.2%     -    0s
H    0     0                    3.171430e+07 1.1173e+07  64.8%     -    0s
     0     0 1.1173e+07    0   19 3.1714e+07 1.1173e+07  64.8%     -    0s
     0     2 1.1173e+07    0   17 3.1714e+07 1.1173e+07  64.8%     -    0s
*   24    11              18    2.151750e+07 1.1245e+07  47.7%  13.5    0s
H  489   118                    2.151710e+07 1.1651e+07  45.9%  18.6    0s

Cutting planes:
  Learned: 7
  Gomory: 1
  Cover: 219
  Implied bound: 122
  Clique: 6
  MIR: 36
  GUB cover: 3
  Zero half: 3

Explored 2504 nodes (52850 simplex iterations) in 1.97 seconds
Thread count was 2 (of 4 available processors)

Optimal solution found (tolerance 1.00e-04)
Best objective 2.151710000000e+07, best bound 2.151710000000e+07, gap 0.0%
k_c1	1000000.0
k_c2	120000.0
k_c3	210000.0
k_c4	200000.0
k_c5	50000.0
k_c6	190000.0
k_c7	140000.0
k_c8	80000.0
k_dN	-0.0
o_1	0.0
o_2	0.0
o_3	0.0
o_4	0.0
o_5	-0.0
o_6	0.0
o_7	-0.0
o_8	0.0
p_1	-0.0
p_2	0.0
p_3	0.0
p_4	0.0
p_5	0.0
p_6	0.0
p_7	0.0
p_8	0.0
phi_c1	50902.0
phi_c2	12584.0
phi_c3	45078.0
phi_c4	21682.0
phi_c5	13775.0
phi_c6	40589.0
phi_c7	35491.0
phi_c8	4068.0
phi_dN	0.0
pi_c1	0.0
pi_c2	60000.0
pi_c3	0.0
pi_c4	240000.0
pi_c5	0.0
pi_c6	240000.0
pi_c7	240000.0
pi_c8	0.0
pi_dN	-0.0
tauD_c1	106000.0
tauD_c2	344000.0
tauD_c3	222508.0
tauD_c4	300000.0
tauD_c5	650000.0
tauD_c6	329283.0
tauD_c7	378333.0
tauD_c8	455825.0
tauD_d0	-0.0
tauD_dN	1000000.0
tauS_c1	871900.0
tauS_c2	874925.0
tauS_c3	757175.0
tauS_c4	673700.0
tauS_c5	756700.0
tauS_c6	743125.0
tauS_c7	760425.0
tauS_c8	904800.0
tauS_d0	-0.0
tauS_dN	1000000.0
x_c1_c4	1.0
x_c2_c8	1.0
x_c3_c6	1.0
x_c4_c2	1.0
x_c5_dN	1.0
x_c6_c7	1.0
x_c7_c5	1.0
x_c8_dN	1.0
x_d0_c1	1.0
x_d0_c3	1.0
