
Gurobi 6.0.4 (win64) logging started 06/16/15 10:58:31

Read LP format model from file E:\Eigene Dateien\Downloads\Michi shit\VRPTWMS-master\VRPTWMS\instances\mip\fuel\N8-C_DV100-C_SV25_F5_9_No_1.lp
Reading time = 0.00 seconds
(null): 417 rows, 208 columns, 1715 nonzeros
Optimize a model with 417 rows, 208 columns and 1715 nonzeros
Model has 576 quadratic constraints
WARNING: Only barrier available for SOCP models
Coefficient statistics:
  Matrix range    [1e+00, 1e+06]
  Objective range [7e+04, 1e+07]
  Bounds range    [1e+00, 1e+06]
  RHS range       [1e+00, 1e+06]
Presolve removed 39 rows and 23 columns
Presolve time: 0.04s
Presolved: 1360 rows, 699 columns, 6506 nonzeros
Variable types: 468 continuous, 231 integer (188 binary)
Optimize a model with 1360 rows, 699 columns and 6506 nonzeros
Coefficient statistics:
  Matrix range    [1e+00, 1e+06]
  Objective range [7e+04, 1e+07]
  Bounds range    [1e+00, 1e+06]
  RHS range       [1e+00, 1e+06]

Concurrent LP optimizer: dual simplex and barrier
Showing barrier log only...

Presolve removed 134 rows and 88 columns
Presolved: 1226 rows, 611 columns, 5890 nonzeros

Root barrier log...

Ordering time: 0.00s

Barrier performed 0 iterations in 0.06 seconds
Barrier solve interrupted - model solved by another algorithm


Solved with dual simplex
Solved in 90 iterations and 0.06 seconds
Optimal objective  7.672612075e+06

Root relaxation: objective 7.672612e+06, 90 iterations, 0.01 seconds

    Nodes    |    Current Node    |     Objective Bounds      |     Work
 Expl Unexpl |  Obj  Depth IntInf | Incumbent    BestBd   Gap | It/Node Time

     0     0 7672612.07    0   30          - 7672612.07      -     -    0s
     0     0 1.1873e+07    0   38          - 1.1873e+07      -     -    0s
     0     0 1.2309e+07    0   55          - 1.2309e+07      -     -    0s
     0     0 1.2506e+07    0   55          - 1.2506e+07      -     -    0s
     0     0 1.2522e+07    0   33          - 1.2522e+07      -     -    0s
     0     0 1.2593e+07    0   34          - 1.2593e+07      -     -    0s
     0     0 1.2643e+07    0   44          - 1.2643e+07      -     -    0s
H    0     0                    5.350050e+07 1.2643e+07  76.4%     -    0s
     0     0 1.2683e+07    0   54 5.3501e+07 1.2683e+07  76.3%     -    0s
     0     0 1.2683e+07    0   55 5.3501e+07 1.2683e+07  76.3%     -    0s
     0     0 1.2683e+07    0   55 5.3501e+07 1.2683e+07  76.3%     -    0s
     0     0 1.2683e+07    0   54 5.3501e+07 1.2683e+07  76.3%     -    0s
     0     0 1.2683e+07    0   54 5.3501e+07 1.2683e+07  76.3%     -    0s
     0     0 1.2683e+07    0   53 5.3501e+07 1.2683e+07  76.3%     -    0s
     0     2 1.2683e+07    0   52 5.3501e+07 1.2683e+07  76.3%     -    0s
H  124   102                    5.339600e+07 1.2829e+07  76.0%  28.0    0s
H  144   106                    5.267100e+07 1.2829e+07  75.6%  27.2    0s
*  275   171              12    4.328800e+07 1.3541e+07  68.7%  24.3    0s
*  279   169              14    4.322130e+07 1.3541e+07  68.7%  24.2    0s
*  337   193              26    4.321870e+07 1.3654e+07  68.4%  24.7    0s
H  370   218                    4.310970e+07 1.3654e+07  68.3%  25.2    0s
H  387   218                    4.280770e+07 1.3654e+07  68.1%  25.3    0s
H  597   265                    3.301990e+07 1.4688e+07  55.5%  23.2    0s
H  651   299                    3.293110e+07 1.5788e+07  52.1%  22.8    0s
H 1135   514                    3.290880e+07 1.8435e+07  44.0%  26.8    1s
H 1521   542                    3.275680e+07 2.2138e+07  32.4%  30.5    2s
* 2398   634              36    3.259730e+07 2.2231e+07  31.8%  33.3    2s
H 2420   627                    3.257180e+07 2.2231e+07  31.7%  33.3    2s
  4332  1124 2.2616e+07   37   31 3.2572e+07 2.2377e+07  31.3%  43.0    5s
  9077  1073 2.3036e+07   35   19 3.2572e+07 2.2772e+07  30.1%  54.9   10s

Cutting planes:
  Learned: 9
  Gomory: 8
  Cover: 13
  Implied bound: 226
  Clique: 9
  MIR: 51
  Flow cover: 110
  GUB cover: 9
  Zero half: 26
  Network: 1

Explored 13024 nodes (789314 simplex iterations) in 13.48 seconds
Thread count was 4 (of 4 available processors)

Optimal solution found (tolerance 1.00e-04)
Best objective 3.257180000000e+07, best bound 3.257180000000e+07, gap 0.0%
k_c1	10000.0
k_c2	30000.0
k_c3	40000.0
k_c4	949998.0
k_c5	90001.0
k_c6	1000000.0
k_c7	80002.0
k_c8	999999.0
k_dN	-0.0
o_1	-0.0
o_2	-0.0
o_3	-0.0
o_4	-0.0
o_5	-0.0
o_6	-0.0
o_7	-0.0
o_8	-0.0
p_1	-0.0
p_2	1.0
p_3	0.0
p_4	0.0
p_5	-0.0
p_6	-0.0
p_7	1.0
p_8	-0.0
phi_c1	17949.0
phi_c2	-0.0
phi_c3	29048.0
phi_c4	18505.0
phi_c5	6310.0
phi_c6	35777.0
phi_c7	-0.0
phi_c8	35777.0
phi_dN	-0.0
pi_c1	250000.0
pi_c2	250000.0
pi_c3	250000.0
pi_c4	250000.0
pi_c5	250000.0
pi_c6	250000.0
pi_c7	199999.0
pi_c8	250000.0
pi_dN	-0.0
tauD_c1	600000.0
tauD_c2	250000.0
tauD_c3	650000.0
tauD_c4	250000.0
tauD_c5	176424.0
tauD_c6	53150.0
tauD_c7	400000.0
tauD_c8	184649.0
tauD_d0	-0.0
tauD_dN	1000000.0
tauS_c1	852925.0
tauS_c2	117775.0
tauS_c3	811450.0
tauS_c4	889799.0
tauS_c5	866150.0
tauS_c6	866850.0
tauS_c7	433001.0
tauS_c8	882425.0
tauS_d0	-0.0
tauS_dN	649501.0
x_c1_dN	1.0
x_c2_c1	1.0
x_c3_dN	1.0
x_c4_c7	1.0
x_c5_c2	1.0
x_c6_c5	1.0
x_c7_c3	1.0
x_c8_c4	1.0
x_d0_c6	1.0
x_d0_c8	1.0
z_c2_c7	1.0
z_c7_dN	1.0
z_d0_c2	1.0
