
Gurobi 6.0.4 (win64) logging started 06/20/15 12:06:23

Read LP format model from file C:\MT\repository\VRPTWMS\instances\mip\fuel\N8-C_DV100-C_SV30_F6_6_No_1.lp
Reading time = 0.01 seconds
(null): 417 rows, 208 columns, 1715 nonzeros
Optimize a model with 417 rows, 208 columns and 1715 nonzeros
Model has 576 quadratic constraints
Coefficient statistics:
  Matrix range    [1e+00, 1e+06]
  Objective range [8e+04, 1e+07]
  Bounds range    [1e+00, 1e+06]
  RHS range       [1e+00, 1e+06]
Presolve removed 43 rows and 26 columns
Presolve time: 0.07s
Presolved: 1277 rows, 655 columns, 6182 nonzeros
Variable types: 428 continuous, 227 integer (184 binary)
Found heuristic solution: objective 8.341900e+07

Root relaxation: objective 7.581293e+06, 93 iterations, 0.00 seconds

    Nodes    |    Current Node    |     Objective Bounds      |     Work
 Expl Unexpl |  Obj  Depth IntInf | Incumbent    BestBd   Gap | It/Node Time

     0     0 7581292.93    0   31 8.3419e+07 7581292.93  90.9%     -    0s
H    0     0                    4.258020e+07 7581292.93  82.2%     -    0s
     0     0 1.1830e+07    0   39 4.2580e+07 1.1830e+07  72.2%     -    0s
     0     0 1.1897e+07    0   28 4.2580e+07 1.1897e+07  72.1%     -    0s
H    0     0                    4.226070e+07 1.1897e+07  71.8%     -    0s
H    0     0                    3.221460e+07 1.1897e+07  63.1%     -    0s
     0     0 1.1919e+07    0   17 3.2215e+07 1.1919e+07  63.0%     -    0s
     0     0 1.1936e+07    0   26 3.2215e+07 1.1936e+07  62.9%     -    0s
     0     0 1.1941e+07    0   29 3.2215e+07 1.1941e+07  62.9%     -    0s
H    0     0                    3.203980e+07 1.1941e+07  62.7%     -    0s
     0     0 1.1943e+07    0   27 3.2040e+07 1.1943e+07  62.7%     -    0s
     0     0 1.1943e+07    0   27 3.2040e+07 1.1943e+07  62.7%     -    0s
     0     2 1.1943e+07    0   27 3.2040e+07 1.1943e+07  62.7%     -    0s
  3249   206 2.3209e+07   29   41 3.2040e+07 2.2015e+07  31.3%  35.9    5s

Cutting planes:
  Gomory: 5
  Implied bound: 1
  Clique: 3
  MIR: 1
  Flow cover: 1
  GUB cover: 3
  Zero half: 2

Explored 5561 nodes (245753 simplex iterations) in 9.33 seconds
Thread count was 2 (of 4 available processors)

Optimal solution found (tolerance 1.00e-04)
Best objective 3.203980000000e+07, best bound 3.203980000000e+07, gap 0.0%
k_c1	50000.0
k_c2	10000.0
k_c3	120000.0
k_c4	90000.0
k_c5	50000.0
k_c6	50000.0
k_c7	100000.0
k_c8	170000.0
k_dN	-0.0
o_1	0.0
o_2	0.0
o_3	0.0
o_4	0.0
o_5	0.0
o_6	0.0
o_7	0.0
o_8	0.0
p_1	0.0
p_2	0.0
p_3	0.0
p_4	0.0
p_5	0.0
p_6	0.0
p_7	0.0
p_8	0.0
phi_c1	25957.0
phi_c2	9393.0
phi_c3	35504.0
phi_c4	29336.0
phi_c5	19462.0
phi_c6	32631.0
phi_c7	49764.0
phi_c8	45329.0
phi_dN	0.0
pi_c1	0.0
pi_c2	0.0
pi_c3	0.0
pi_c4	0.0
pi_c5	0.0
pi_c6	0.0
pi_c7	0.0
pi_c8	0.0
pi_dN	-0.0
tauD_c1	487096.0
tauD_c2	792225.0
tauD_c3	186950.0
tauD_c4	250000.0
tauD_c5	366900.0
tauD_c6	604025.0
tauD_c7	500000.0
tauD_c8	56289.0
tauD_d0	-0.0
tauD_dN	1000000.0
tauS_c1	0.0
tauS_c2	0.0
tauS_c3	23000.0
tauS_c4	0.0
tauS_c5	0.0
tauS_c6	52725.0
tauS_c7	0.0
tauS_c8	7225.0
tauS_d0	-0.0
tauS_dN	0.0
x_c1_c2	1.0
x_c2_dN	1.0
x_c3_c4	1.0
x_c4_c5	1.0
x_c5_dN	1.0
x_c6_dN	1.0
x_c7_c6	1.0
x_c8_c3	1.0
x_d0_c1	1.0
x_d0_c7	1.0
x_d0_c8	1.0
