
Gurobi 6.0.4 (win64) logging started 06/14/15 16:31:13

Read LP format model from file E:\Eigene Dateien\Downloads\Michi shit\VRPTWMS-master\VRPTWMS\instances\mip\fuel\N6-C_DV100-C_SV25_F5_8_No_1.lp
Reading time = 0.00 seconds
(null): 253 rows, 134 columns, 987 nonzeros
Optimize a model with 253 rows, 134 columns and 987 nonzeros
Model has 252 quadratic constraints
WARNING: Only barrier available for SOCP models
Coefficient statistics:
  Matrix range    [1e+00, 1e+02]
  Objective range [6e+00, 1e+03]
  Bounds range    [1e+00, 1e+02]
  RHS range       [1e+00, 1e+02]
Presolve removed 29 rows and 17 columns
Presolve time: 0.02s
Presolved: 641 rows, 338 columns, 2980 nonzeros
Variable types: 196 continuous, 142 integer (109 binary)
Found heuristic solution: objective 8460.3400000
Optimize a model with 641 rows, 338 columns and 2980 nonzeros
Coefficient statistics:
  Matrix range    [1e+00, 1e+02]
  Objective range [6e+00, 1e+03]
  Bounds range    [1e+00, 1e+02]
  RHS range       [1e+00, 1e+02]
Presolve removed 71 rows and 49 columns
Presolved: 570 rows, 292 columns, 2710 nonzeros


Root relaxation: objective 1.175209e+03, 42 iterations, 0.00 seconds

    Nodes    |    Current Node    |     Objective Bounds      |     Work
 Expl Unexpl |  Obj  Depth IntInf | Incumbent    BestBd   Gap | It/Node Time

     0     0 1175.20857    0   13 8460.34000 1175.20857  86.1%     -    0s
H    0     0                    6457.0700000 1175.20857  81.8%     -    0s
     0     0 1180.18500    0   12 6457.07000 1180.18500  81.7%     -    0s
     0     0 1185.33488    0   23 6457.07000 1185.33488  81.6%     -    0s
     0     0 1289.48610    0   27 6457.07000 1289.48610  80.0%     -    0s
     0     0 1336.19052    0   34 6457.07000 1336.19052  79.3%     -    0s
     0     0 1336.19052    0   39 6457.07000 1336.19052  79.3%     -    0s
     0     0 1336.19052    0   38 6457.07000 1336.19052  79.3%     -    0s
     0     0 1336.19052    0   35 6457.07000 1336.19052  79.3%     -    0s
     0     0 1336.19052    0   37 6457.07000 1336.19052  79.3%     -    0s
     0     0 1336.19052    0   37 6457.07000 1336.19052  79.3%     -    0s
     0     0 1336.19052    0   37 6457.07000 1336.19052  79.3%     -    0s
     0     2 1336.19052    0   37 6457.07000 1336.19052  79.3%     -    0s
H   23    15                    4389.6100000 1556.94727  64.5%  22.8    0s
H   27    15                    4380.2500000 1556.94727  64.5%  20.0    0s
H   27    15                    4370.0500000 1556.94727  64.4%  20.0    0s
*  125    91              19    4323.7200000 1560.95471  63.9%  20.9    0s
H  161    88                    3361.3600000 1560.95471  53.6%  19.9    0s
H  164    87                    3338.9600000 1560.95471  53.3%  19.8    0s
H  402   140                    3316.1900000 1844.95587  44.4%  19.8    0s
H  528   162                    3295.8200000 2231.40676  32.3%  19.7    0s

Cutting planes:
  Learned: 2
  Gomory: 3
  Cover: 87
  Implied bound: 70
  Clique: 1
  MIR: 48
  GUB cover: 2
  Zero half: 2
  Mod-K: 1

Explored 1386 nodes (25204 simplex iterations) in 0.33 seconds
Thread count was 4 (of 4 available processors)

Optimal solution found (tolerance 1.00e-04)
Best objective 3.295820000000e+03, best bound 3.295820000000e+03, gap 0.0%
k_c1	2.0000000000000284
k_c2	7.000000000000028
k_c3	4.000000000000028
k_c4	100.0
k_c5	2.0
k_c6	100.0
k_dN	-0.0
o_1	0.0
o_2	-0.0
o_3	-0.0
o_4	1.0
o_5	-0.0
o_6	0.0
p_1	0.0
p_2	1.0
p_3	0.0
p_4	1.0
p_5	0.0
p_6	-0.0
phi_c1	1.0
phi_c2	1.0
phi_c3	4.0
phi_c4	-0.0
phi_c5	2.0
phi_c6	4.0
phi_dN	-0.0
pi_c1	-0.0
pi_c2	9.00000000000001
pi_c3	-0.0
pi_c4	5.000000000000011
pi_c5	-0.0
pi_c6	-0.0
pi_dN	-0.0
tauD_c1	60.0
tauD_c2	24.0
tauD_c3	44.0
tauD_c4	22.0
tauD_c5	80.0
tauD_c6	10.0
tauD_d0	-0.0
tauD_dN	100.0
tauS_c1	85.0
tauS_c2	8.0
tauS_c3	8.0
tauS_c4	46.0
tauS_c5	-0.0
tauS_c6	86.0
tauS_d0	-0.0
tauS_dN	63.0
x_c1_dN	1.0
x_c2_c3	1.0
x_c3_c1	1.0
x_c4_c5	1.0
x_c5_dN	1.0
x_c6_c2	1.0
x_d0_c4	1.0
x_d0_c6	1.0
z_c2_c4	1.0
z_c4_dN	1.0
z_d0_c2	1.0
