
Gurobi 6.0.4 (win64) logging started 06/18/15 16:07:45

Read LP format model from file C:\MT\repository\VRPTWMS\instances\mip\freight\N6-C_DV10-C_SV50_F14_8_No_1.lp
Reading time = 0.00 seconds
(null): 217 rows, 141 columns, 849 nonzeros
Optimize a model with 217 rows, 141 columns and 849 nonzeros
Model has 294 quadratic constraints
Coefficient statistics:
  Matrix range    [1e+00, 1e+06]
  Objective range [8e+04, 1e+07]
  Bounds range    [1e+00, 1e+06]
  RHS range       [1e+00, 1e+06]
Presolve removed 35 rows and 17 columns
Presolve time: 0.02s
Presolved: 828 rows, 465 columns, 3663 nonzeros
Variable types: 305 continuous, 160 integer (120 binary)
Found heuristic solution: objective 6.310280e+07

Root relaxation: objective 1.213191e+07, 115 iterations, 0.00 seconds

    Nodes    |    Current Node    |     Objective Bounds      |     Work
 Expl Unexpl |  Obj  Depth IntInf | Incumbent    BestBd   Gap | It/Node Time

     0     0 1.2132e+07    0   35 6.3103e+07 1.2132e+07  80.8%     -    0s
H    0     0                    4.293560e+07 1.2132e+07  71.7%     -    0s
     0     0 1.2680e+07    0   39 4.2936e+07 1.2680e+07  70.5%     -    0s
H    0     0                    4.286030e+07 1.2680e+07  70.4%     -    0s
H    0     0                    3.307790e+07 1.2680e+07  61.7%     -    0s
     0     0 1.4144e+07    0   46 3.3078e+07 1.4144e+07  57.2%     -    0s
     0     0 1.5633e+07    0   39 3.3078e+07 1.5633e+07  52.7%     -    0s
H    0     0                    3.256280e+07 1.5633e+07  52.0%     -    0s
     0     0 1.5647e+07    0   42 3.2563e+07 1.5647e+07  51.9%     -    0s
     0     0 1.5648e+07    0   49 3.2563e+07 1.5648e+07  51.9%     -    0s
     0     0 1.5651e+07    0   38 3.2563e+07 1.5651e+07  51.9%     -    0s
     0     0 1.7287e+07    0   31 3.2563e+07 1.7287e+07  46.9%     -    0s
     0     0 1.7287e+07    0   33 3.2563e+07 1.7287e+07  46.9%     -    0s
     0     0 1.7287e+07    0   36 3.2563e+07 1.7287e+07  46.9%     -    0s
     0     0 1.7287e+07    0   33 3.2563e+07 1.7287e+07  46.9%     -    0s
     0     0 1.7287e+07    0   33 3.2563e+07 1.7287e+07  46.9%     -    0s
     0     0 1.7287e+07    0   33 3.2563e+07 1.7287e+07  46.9%     -    0s
H    0     0                    3.245200e+07 1.7287e+07  46.7%     -    0s
H    0     0                    3.244710e+07 1.7287e+07  46.7%     -    0s
     0     2 1.7287e+07    0   33 3.2447e+07 1.7287e+07  46.7%     -    0s
H  183    48                    3.234270e+07 2.2182e+07  31.4%  22.5    0s

Cutting planes:
  Cover: 69
  Implied bound: 98
  Clique: 26
  MIR: 34
  Flow cover: 5
  GUB cover: 5

Explored 751 nodes (19317 simplex iterations) in 0.51 seconds
Thread count was 2 (of 4 available processors)

Optimal solution found (tolerance 1.00e-04)
Best objective 3.234270000000e+07, best bound 3.234270000000e+07, gap 0.0%
k_c1	100000.0
k_c2	70000.0
k_c3	50000.0
k_c4	100000.0
k_c5	100000.0
k_c6	70000.0
k_dN	0.0
kDash_c1	80000.0
kDash_c2	0.0
kDash_c3	0.0
kDash_c4	70000.0
kDash_c5	80000.0
kDash_c6	20000.0
o_1	0.0
o_2	0.0
o_3	0.0
o_4	0.0
o_5	0.0
o_6	0.0
p_1	0.0
p_2	0.0
p_3	0.0
p_4	0.0
p_5	0.0
p_6	0.0
phi_c1	45986.0
phi_c2	83497.0
phi_c3	25903.0
phi_c4	129109.0
phi_c5	124600.0
phi_c6	84228.0
phi_d0	140000.0
phi_dN	-0.0
pi_c1	0.0
pi_c2	80000.0
pi_c3	99999.0
pi_c4	100000.0
pi_c5	0.0
pi_c6	180000.0
pi_dN	0.0
tauD_c1	400000.0
tauD_c2	797800.0
tauD_c3	753500.0
tauD_c4	650000.0
tauD_c5	57550.0
tauD_c6	793800.0
tauD_d0	-0.0
tauD_dN	1000000.0
tauS_c1	832075.0
tauS_c2	861150.0
tauS_c3	189175.0
tauS_c4	36575.0
tauS_c5	0.0
tauS_c6	852325.0
tauS_d0	-0.0
tauS_dN	1000000.0
x_c1_c3	1.0
x_c2_dN	1.0
x_c3_dN	1.0
x_c4_c2	1.0
x_c5_c6	1.0
x_c6_dN	1.0
x_d0_c1	1.0
x_d0_c4	1.0
x_d0_c5	1.0
