
Gurobi 6.0.4 (win64) logging started 06/18/15 16:07:43

Read LP format model from file C:\MT\repository\VRPTWMS\instances\mip\freight\N6-C_DV10-C_SV50_F14_6_No_1.lp
Reading time = 0.01 seconds
(null): 217 rows, 141 columns, 849 nonzeros
Optimize a model with 217 rows, 141 columns and 849 nonzeros
Model has 294 quadratic constraints
Coefficient statistics:
  Matrix range    [1e+00, 1e+06]
  Objective range [1e+05, 1e+07]
  Bounds range    [1e+00, 1e+06]
  RHS range       [1e+00, 1e+06]
Presolve removed 35 rows and 15 columns
Presolve time: 0.02s
Presolved: 846 rows, 476 columns, 3731 nonzeros
Variable types: 314 continuous, 162 integer (122 binary)
Found heuristic solution: objective 6.284400e+07

Root relaxation: objective 1.200177e+07, 107 iterations, 0.00 seconds

    Nodes    |    Current Node    |     Objective Bounds      |     Work
 Expl Unexpl |  Obj  Depth IntInf | Incumbent    BestBd   Gap | It/Node Time

     0     0 1.2002e+07    0   50 6.2844e+07 1.2002e+07  80.9%     -    0s
H    0     0                    4.256950e+07 1.2002e+07  71.8%     -    0s
     0     0 1.6866e+07    0   64 4.2570e+07 1.6866e+07  60.4%     -    0s
H    0     0                    4.238970e+07 1.6866e+07  60.2%     -    0s
     0     0 2.1722e+07    0   44 4.2390e+07 2.1722e+07  48.8%     -    0s
     0     0 2.1765e+07    0   32 4.2390e+07 2.1765e+07  48.7%     -    0s
     0     0 2.1765e+07    0   33 4.2390e+07 2.1765e+07  48.7%     -    0s
     0     0 2.1805e+07    0   29 4.2390e+07 2.1805e+07  48.6%     -    0s
     0     0 2.1806e+07    0   38 4.2390e+07 2.1806e+07  48.6%     -    0s
H    0     0                    4.238400e+07 2.1806e+07  48.6%     -    0s
     0     0 2.1806e+07    0   38 4.2384e+07 2.1806e+07  48.6%     -    0s
     0     0 2.1806e+07    0   41 4.2384e+07 2.1806e+07  48.6%     -    0s
     0     0 2.1806e+07    0   41 4.2384e+07 2.1806e+07  48.6%     -    0s
     0     2 2.1806e+07    0   41 4.2384e+07 2.1806e+07  48.6%     -    0s
*   21     7              13    3.284580e+07 2.1821e+07  33.6%  34.7    0s
H   87    49                    3.279590e+07 2.1887e+07  33.3%  32.7    0s
*  108    57              14    3.277920e+07 2.1926e+07  33.1%  36.4    0s
H  194    78                    3.271660e+07 2.1968e+07  32.9%  35.2    0s
*  241    92              10    3.258970e+07 2.2040e+07  32.4%  35.5    0s
*  313   114               7    3.245740e+07 2.2133e+07  31.8%  35.0    0s
*  723   163               8    3.242250e+07 2.2447e+07  30.8%  31.3    0s

Cutting planes:
  Gomory: 1
  Cover: 108
  Implied bound: 133
  Clique: 32
  MIR: 13
  Flow cover: 2
  GUB cover: 8

Explored 1828 nodes (52541 simplex iterations) in 1.09 seconds
Thread count was 2 (of 4 available processors)

Optimal solution found (tolerance 1.00e-04)
Best objective 3.242250000000e+07, best bound 3.242250000000e+07, gap 0.0%
k_c1	40000.00000000021
k_c2	80000.00000000017
k_c3	10000.0
k_c4	100000.0
k_c5	-0.0
k_c6	50000.0
k_dN	-0.0
kDash_c1	-0.0
kDash_c2	40000.00000000019
kDash_c3	60000.0
kDash_c4	50000.0
kDash_c5	10000.0
kDash_c6	0.0
o_1	0.0
o_2	1.1102230246251565E-16
o_3	1.0
o_4	0.0
o_5	1.0
o_6	0.0
p_1	0.0
p_2	0.0
p_3	1.0
p_4	-0.0
p_5	1.0
p_6	0.0
phi_c1	12731.00000000003
phi_c2	132888.99999999997
phi_c3	81576.0
phi_c4	128626.99999999997
phi_c5	90674.0
phi_c6	104643.0
phi_d0	140000.0
phi_dN	-0.0
pi_c1	100000.0
pi_c2	59999.99999999981
pi_c3	100000.0
pi_c4	50000.0
pi_c5	200000.0
pi_c6	100000.0
pi_dN	-0.0
tauD_c1	650000.0
tauD_c2	450000.0
tauD_c3	754000.0
tauD_c4	110375.0
tauD_c5	570000.0
tauD_c6	250000.0
tauD_d0	-0.0
tauD_dN	1000000.0
tauS_c1	872425.0
tauS_c2	893425.0
tauS_c3	683999.9999999991
tauS_c4	877500.0
tauS_c5	569999.9999999991
tauS_c6	843675.0
tauS_d0	-0.0
tauS_dN	940000.0
x_c1_dN	1.0
x_c2_c1	1.0
x_c3_dN	1.0
x_c4_c6	1.0
x_c5_c3	1.0
x_c6_c5	1.0
x_d0_c2	1.0
x_d0_c4	1.0
z_c3_dN	1.0
z_c5_c3	1.0
z_d0_c5	1.0
