
Gurobi 6.0.4 (win64) logging started 06/22/15 22:50:19

Read LP format model from file C:\MT\repository\VRPTWMS\instances\mip\fuel\N14-C_DV100-C_SV30_F6_7_No_1.lp
Reading time = 0.02 seconds
(null): 1149 rows, 526 columns, 5099 nonzeros
Optimize a model with 1149 rows, 526 columns and 5099 nonzeros
Model has 2940 quadratic constraints
Coefficient statistics:
  Matrix range    [1e+00, 1e+06]
  Objective range [2e+04, 1e+07]
  Bounds range    [1e+00, 1e+06]
  RHS range       [1e+00, 1e+06]
Presolve removed 115 rows and 84 columns
Presolve time: 0.58s
Presolved: 5041 rows, 2504 columns, 26535 nonzeros
Variable types: 1941 continuous, 563 integer (490 binary)
Found heuristic solution: objective 1.464050e+08

Root relaxation: objective 1.114612e+07, 330 iterations, 0.00 seconds

    Nodes    |    Current Node    |     Objective Bounds      |     Work
 Expl Unexpl |  Obj  Depth IntInf | Incumbent    BestBd   Gap | It/Node Time

     0     0 1.1146e+07    0   52 1.4641e+08 1.1146e+07  92.4%     -    0s
H    0     0                    8.459730e+07 1.1146e+07  86.8%     -    0s
     0     0 1.5891e+07    0   72 8.4597e+07 1.5891e+07  81.2%     -    0s
H    0     0                    6.435160e+07 1.5891e+07  75.3%     -    0s
     0     0 2.1479e+07    0   70 6.4352e+07 2.1479e+07  66.6%     -    0s
H    0     0                    6.422090e+07 2.1479e+07  66.6%     -    0s
     0     0 2.1527e+07    0   90 6.4221e+07 2.1527e+07  66.5%     -    0s
     0     0 2.2061e+07    0   61 6.4221e+07 2.2061e+07  65.6%     -    0s
     0     0 2.2140e+07    0   41 6.4221e+07 2.2140e+07  65.5%     -    0s
H    0     0                    6.412890e+07 2.2140e+07  65.5%     -    0s
     0     0 2.2156e+07    0   41 6.4129e+07 2.2156e+07  65.5%     -    0s
     0     0 2.2237e+07    0   69 6.4129e+07 2.2237e+07  65.3%     -    0s
     0     0 2.2237e+07    0   67 6.4129e+07 2.2237e+07  65.3%     -    1s
     0     0 2.2237e+07    0   68 6.4129e+07 2.2237e+07  65.3%     -    1s
     0     0 2.2237e+07    0   69 6.4129e+07 2.2237e+07  65.3%     -    1s
     0     0 2.2237e+07    0   70 6.4129e+07 2.2237e+07  65.3%     -    1s
     0     0 2.2237e+07    0   70 6.4129e+07 2.2237e+07  65.3%     -    1s
H    0     2                    5.508640e+07 2.2237e+07  59.6%     -    1s
     0     2 2.2237e+07    0   70 5.5086e+07 2.2237e+07  59.6%     -    1s
H  157   150                    5.504230e+07 2.3020e+07  58.2%  28.3    1s
H  211   189                    5.472520e+07 2.3053e+07  57.9%  27.7    1s
H  322   276                    5.466360e+07 2.3053e+07  57.8%  29.0    1s
H  487   348                    5.455130e+07 2.3082e+07  57.7%  29.7    1s
H  719   482                    5.446390e+07 2.3141e+07  57.5%  31.7    2s
H  753   501                    5.435450e+07 2.3141e+07  57.4%  32.1    2s
H  881   578                    5.411950e+07 2.3156e+07  57.2%  31.8    2s
  1042   688 3.3828e+07   19  105 5.4120e+07 2.3156e+07  57.2%  30.3    5s
  1062   701 3.3828e+07   19  107 5.4120e+07 2.3245e+07  57.0%  29.8   10s
  1082   716 2.9254e+07   11   54 5.4120e+07 2.3298e+07  57.0%  42.6   15s
H 1713   896                    4.424320e+07 2.3619e+07  46.6%  61.6   19s
  1748   929     cutoff   25      4.4243e+07 2.3619e+07  46.6%  62.2   20s
H 1754   892                    4.413610e+07 2.3619e+07  46.5%  63.2   20s
H 1755   848                    4.402420e+07 2.3619e+07  46.4%  63.2   20s
H 1790   817                    4.398440e+07 2.3727e+07  46.1%  63.6   22s
H 1798   789                    4.397430e+07 2.3727e+07  46.0%  63.6   22s
  2434  1032 3.7080e+07   34   84 4.3974e+07 2.3823e+07  45.8%  64.9   25s
  3358  1489 infeasible   43      4.3974e+07 2.3991e+07  45.4%  70.2   30s
  4321  1880     cutoff   36      4.3974e+07 2.4260e+07  44.8%  80.3   35s
  5654  2337 infeasible   38      4.3974e+07 2.5137e+07  42.8%  87.9   40s
  6973  2850 3.4128e+07   45   47 4.3974e+07 2.5972e+07  40.9%  90.6   45s
  7851  3088 infeasible   36      4.3974e+07 2.6731e+07  39.2%  93.5   50s
  9161  3409 3.3713e+07   59  132 4.3974e+07 2.7776e+07  36.8%  97.2   56s
 10433  3873 3.8681e+07   29   53 4.3974e+07 2.8926e+07  34.2%  98.1   60s
 11748  4334 3.5213e+07   42   69 4.3974e+07 2.9242e+07  33.5%   100   65s
 12886  4615 3.0755e+07   28  105 4.3974e+07 2.9800e+07  32.2%   102   70s
 14098  4962     cutoff   48      4.3974e+07 3.0415e+07  30.8%   104   75s
H14883  5209                    4.394090e+07 3.0637e+07  30.3%   105   79s
 14929  5211 3.5225e+07   54   92 4.3941e+07 3.0653e+07  30.2%   105   81s
 15710  5491 3.4361e+07   39   71 4.3941e+07 3.0857e+07  29.8%   105   85s
 16919  5675 infeasible   63      4.3941e+07 3.1719e+07  27.8%   107   90s
*18342  6161              33    4.389850e+07 3.3024e+07  24.8%   106   93s
 18495  6221 4.3236e+07   29   17 4.3898e+07 3.3046e+07  24.7%   106   95s
*20144  7000              33    4.387160e+07 3.3215e+07  24.3%   105   99s
 20216  7034 3.3612e+07   21   34 4.3872e+07 3.3218e+07  24.3%   105  101s
*20633  7139              43    4.381000e+07 3.3221e+07  24.2%   104  101s
H20660  7000                    4.365350e+07 3.3233e+07  23.9%   104  101s
 20790  7074 3.5037e+07   52   70 4.3654e+07 3.3233e+07  23.9%   104  112s
 20796  7078 3.4445e+07   42  105 4.3654e+07 3.3233e+07  23.9%   104  115s
 20802  7082 3.5042e+07   46  166 4.3654e+07 3.3233e+07  23.9%   104  120s
 20807  7085 3.4264e+07   36  198 4.3654e+07 3.3233e+07  23.9%   104  125s
 20812  7089 3.3288e+07   35  197 4.3654e+07 3.3233e+07  23.9%   104  130s
 20823  7098 3.3233e+07   26   95 4.3654e+07 3.3233e+07  23.9%   104  136s
 20894  7125     cutoff   34      4.3654e+07 3.3233e+07  23.9%   105  140s
 21505  7148 3.3487e+07   44   38 4.3654e+07 3.3233e+07  23.9%   104  147s
 22693  7246 4.3321e+07   40   14 4.3654e+07 3.3233e+07  23.9%   103  150s
 25096  7270 3.4560e+07   36   77 4.3654e+07 3.3233e+07  23.9%   102  158s
 26713  7463 3.5141e+07   32   36 4.3654e+07 3.3233e+07  23.9%   100  163s
 28460  7676     cutoff   54      4.3654e+07 3.3233e+07  23.9%  98.8  168s
 30266  7867 3.3553e+07   41   19 4.3654e+07 3.3233e+07  23.9%  97.5  172s
 31976  8025 3.3443e+07   39   39 4.3654e+07 3.3233e+07  23.9%  96.3  176s
 33396  8027 3.3333e+07   52   42 4.3654e+07 3.3233e+07  23.9%  95.7  180s
 35498  8132 3.3754e+07   47   33 4.3654e+07 3.3293e+07  23.7%  94.9  185s
 37216  8274     cutoff   59      4.3654e+07 3.3314e+07  23.7%  94.0  192s
 38534  8304     cutoff   45      4.3654e+07 3.3330e+07  23.6%  93.5  195s
 40745  8379     cutoff   66      4.3654e+07 3.3354e+07  23.6%  93.1  202s
 41727  8451 3.3403e+07   49   30 4.3654e+07 3.3365e+07  23.6%  92.8  205s
 43344  8999 3.4036e+07   50   41 4.3654e+07 3.3376e+07  23.5%  92.3  211s
 45359  9653 3.4242e+07   53   36 4.3654e+07 3.3396e+07  23.5%  92.1  216s
 47349 10330 3.4138e+07   41   36 4.3654e+07 3.3414e+07  23.5%  92.0  222s
 49277 11015 3.3998e+07   58   48 4.3654e+07 3.3425e+07  23.4%  91.6  227s
 51159 11637 infeasible   31      4.3654e+07 3.3438e+07  23.4%  91.5  231s
 52857 12218 3.4096e+07   59   47 4.3654e+07 3.3450e+07  23.4%  91.4  236s
 54580 12802 3.4309e+07   50   45 4.3654e+07 3.3461e+07  23.3%  91.3  241s
 56197 13290 infeasible   66      4.3654e+07 3.3471e+07  23.3%  91.4  246s
 57775 13800 3.3999e+07   50   28 4.3654e+07 3.3479e+07  23.3%  91.4  250s
*58832 14075              56    4.361980e+07 3.3482e+07  23.2%  91.4  252s
 59780 14404 3.4462e+07   64   61 4.3620e+07 3.3488e+07  23.2%  91.5  257s
 60995 14793 3.4506e+07   52   68 4.3620e+07 3.3495e+07  23.2%  91.5  261s
 62488 15232 infeasible   45      4.3620e+07 3.3502e+07  23.2%  91.6  265s
 64499 15811 3.3911e+07   46   27 4.3620e+07 3.3510e+07  23.2%  91.6  270s
 65989 16256 infeasible   55      4.3620e+07 3.3518e+07  23.2%  91.9  275s
 67375 16694 3.3754e+07   44   74 4.3620e+07 3.3524e+07  23.1%  92.0  280s
 69127 17124 infeasible   38      4.3620e+07 3.3532e+07  23.1%  92.2  285s
 71182 17753     cutoff   75      4.3620e+07 3.3542e+07  23.1%  92.2  291s
 72409 18064 infeasible   77      4.3620e+07 3.3548e+07  23.1%  92.5  295s
 74342 18585     cutoff   43      4.3620e+07 3.3555e+07  23.1%  92.7  300s
 76116 18978 infeasible   75      4.3620e+07 3.3564e+07  23.1%  93.0  305s
 77921 19434 3.4767e+07   50   55 4.3620e+07 3.3572e+07  23.0%  93.3  311s
 79715 19835 3.4188e+07   62   37 4.3620e+07 3.3580e+07  23.0%  93.7  316s
 81381 20192 3.3708e+07   31   51 4.3620e+07 3.3586e+07  23.0%  94.0  321s
 82597 20479 3.4900e+07   56   31 4.3620e+07 3.3592e+07  23.0%  94.1  325s
 84419 20925 infeasible   61      4.3620e+07 3.3600e+07  23.0%  94.2  330s
 86194 21376 3.4286e+07   45   30 4.3620e+07 3.3607e+07  23.0%  94.4  335s
 88030 21874 3.3792e+07   54   32 4.3620e+07 3.3615e+07  22.9%  94.5  341s
 89714 22302 3.3869e+07   78   27 4.3620e+07 3.3622e+07  22.9%  94.7  345s
 91349 22668     cutoff   56      4.3620e+07 3.3629e+07  22.9%  94.9  351s
 92986 23017 3.4272e+07   64   39 4.3620e+07 3.3636e+07  22.9%  95.1  356s
 94840 23502 infeasible   77      4.3620e+07 3.3643e+07  22.9%  95.1  360s
 96430 23875 3.4317e+07   64   42 4.3620e+07 3.3649e+07  22.9%  95.2  366s
 98174 24307     cutoff   69      4.3620e+07 3.3655e+07  22.8%  95.3  371s
 99652 24577 infeasible   55      4.3620e+07 3.3662e+07  22.8%  95.5  376s
 101317 24936 infeasible   45      4.3620e+07 3.3667e+07  22.8%  95.6  380s
 102886 25260 3.4234e+07   42   47 4.3620e+07 3.3674e+07  22.8%  95.8  385s
 104514 25643     cutoff   43      4.3620e+07 3.3679e+07  22.8%  96.0  390s
 105980 26003 3.3685e+07   61   30 4.3620e+07 3.3685e+07  22.8%  96.0  395s
 107471 26311 infeasible   64      4.3620e+07 3.3691e+07  22.8%  96.2  400s
 109562 26828     cutoff   58      4.3620e+07 3.3698e+07  22.7%  96.4  406s
 111171 27260 3.6901e+07   55   65 4.3620e+07 3.3705e+07  22.7%  96.5  411s
 112724 27587 3.4293e+07   64   50 4.3620e+07 3.3710e+07  22.7%  96.6  415s
 114116 27863     cutoff   62      4.3620e+07 3.3715e+07  22.7%  96.8  420s
 115729 28255 infeasible   48      4.3620e+07 3.3719e+07  22.7%  96.9  425s
 117790 28762 3.4539e+07   55   37 4.3620e+07 3.3726e+07  22.7%  97.0  431s
 119245 29063 3.3750e+07   38   28 4.3620e+07 3.3730e+07  22.7%  97.2  436s
 120568 29340     cutoff   47      4.3620e+07 3.3734e+07  22.7%  97.3  440s
 122106 29705 3.4722e+07   71   58 4.3620e+07 3.3740e+07  22.7%  97.4  445s
 123650 30051 3.4871e+07   69   40 4.3620e+07 3.3744e+07  22.6%  97.5  450s
 125619 30463 infeasible   48      4.3620e+07 3.3749e+07  22.6%  97.7  456s
 127159 30823 3.4037e+07   52   42 4.3620e+07 3.3754e+07  22.6%  97.8  460s
 128188 31021 3.4694e+07   49   40 4.3620e+07 3.3756e+07  22.6%  98.0  465s
 130193 31471 infeasible   39      4.3620e+07 3.3764e+07  22.6%  98.1  471s
 131683 31744 infeasible   59      4.3620e+07 3.3769e+07  22.6%  98.2  475s
 133018 32046 3.4112e+07   80   31 4.3620e+07 3.3773e+07  22.6%  98.3  480s
 134860 32362     cutoff   59      4.3620e+07 3.3778e+07  22.6%  98.5  486s
 136186 32577 3.4454e+07   64   68 4.3620e+07 3.3782e+07  22.6%  98.7  490s
 137618 32815 3.4275e+07   45   53 4.3620e+07 3.3786e+07  22.5%  98.9  495s
 139609 33217     cutoff   57      4.3620e+07 3.3793e+07  22.5%  99.0  501s
 141014 33507 3.4237e+07   43   30 4.3620e+07 3.3797e+07  22.5%  99.1  505s
 142460 33821 3.4717e+07   56   50 4.3620e+07 3.3801e+07  22.5%  99.3  510s
 143737 34062 infeasible   72      4.3620e+07 3.3804e+07  22.5%  99.4  516s
 144744 34168 infeasible   54      4.3620e+07 3.3806e+07  22.5%  99.5  521s
 146263 34495     cutoff   74      4.3620e+07 3.3810e+07  22.5%   100  525s
 147862 34912     cutoff   85      4.3620e+07 3.3814e+07  22.5%   100  530s
 149731 35240 3.4049e+07   50   30 4.3620e+07 3.3819e+07  22.5%   100  536s
 150961 35422     cutoff   55      4.3620e+07 3.3823e+07  22.5%   100  540s
 152366 35738     cutoff   50      4.3620e+07 3.3827e+07  22.4%   100  545s
 154210 35987 3.4357e+07   57   42 4.3620e+07 3.3833e+07  22.4%   100  551s
 155603 36183 infeasible   54      4.3620e+07 3.3836e+07  22.4%   100  555s
 157398 36490     cutoff   64      4.3620e+07 3.3842e+07  22.4%   100  561s
 158766 36746 infeasible   59      4.3620e+07 3.3846e+07  22.4%   100  566s
 160016 36920 infeasible   39      4.3620e+07 3.3850e+07  22.4%   101  570s
 161726 37282 3.4001e+07   40   45 4.3620e+07 3.3854e+07  22.4%   101  576s
 163147 37536 3.4255e+07   55   63 4.3620e+07 3.3857e+07  22.4%   101  580s
 164508 37806 infeasible   54      4.3620e+07 3.3861e+07  22.4%   101  585s
 166216 38097 infeasible   68      4.3620e+07 3.3866e+07  22.4%   101  590s
 167532 38285 3.4521e+07   50   52 4.3620e+07 3.3870e+07  22.4%   101  595s
 169216 38534 3.4291e+07   62   56 4.3620e+07 3.3874e+07  22.3%   101  600s
 170468 38767 3.4444e+07   64   73 4.3620e+07 3.3878e+07  22.3%   101  605s
 172167 39111 infeasible   52      4.3620e+07 3.3882e+07  22.3%   102  610s
 173576 39352 3.4586e+07   56   25 4.3620e+07 3.3886e+07  22.3%   102  615s
 175087 39574 infeasible   50      4.3620e+07 3.3890e+07  22.3%   102  620s
 176495 39820 3.3902e+07   41   55 4.3620e+07 3.3894e+07  22.3%   102  625s
 178334 40078 3.4232e+07   40   62 4.3620e+07 3.3899e+07  22.3%   102  630s
 179623 40237 3.4390e+07   63   45 4.3620e+07 3.3904e+07  22.3%   102  635s
 181348 40433 3.3911e+07   53   42 4.3620e+07 3.3909e+07  22.3%   102  641s
 182401 40640     cutoff   45      4.3620e+07 3.3911e+07  22.3%   102  645s
 183766 40851 3.4337e+07   61   54 4.3620e+07 3.3915e+07  22.2%   102  650s
 185487 41101 4.0224e+07   51   55 4.3620e+07 3.3919e+07  22.2%   102  655s
 187258 41372 3.5147e+07   58   59 4.3620e+07 3.3924e+07  22.2%   103  661s
 188439 41547 3.4087e+07   45   43 4.3620e+07 3.3928e+07  22.2%   103  665s
 190186 41882     cutoff   57      4.3620e+07 3.3931e+07  22.2%   103  671s
 191434 42052 infeasible   58      4.3620e+07 3.3935e+07  22.2%   103  675s
 193093 42195 infeasible   56      4.3620e+07 3.3940e+07  22.2%   103  680s
 194814 42381 3.4275e+07   58   31 4.3620e+07 3.3944e+07  22.2%   103  686s
 196123 42541 infeasible   31      4.3620e+07 3.3948e+07  22.2%   103  690s
 197963 42935 infeasible   36      4.3620e+07 3.3952e+07  22.2%   103  696s
 199078 43150     cutoff   77      4.3620e+07 3.3954e+07  22.2%   103  700s
 200260 43278 3.4406e+07   53   39 4.3620e+07 3.3957e+07  22.2%   103  705s
 201974 43557 3.4395e+07   57   41 4.3620e+07 3.3961e+07  22.1%   103  710s
 203621 43804 infeasible   54      4.3620e+07 3.3965e+07  22.1%   104  715s
 205162 43959     cutoff   57      4.3620e+07 3.3969e+07  22.1%   104  721s
 206381 44134 infeasible   59      4.3620e+07 3.3973e+07  22.1%   104  725s
 208179 44470 3.4344e+07   53   41 4.3620e+07 3.3976e+07  22.1%   104  730s
 209703 44655     cutoff   63      4.3620e+07 3.3981e+07  22.1%   104  736s
 210890 44791     cutoff   50      4.3620e+07 3.3984e+07  22.1%   104  740s
 212490 44932 infeasible   51      4.3620e+07 3.3988e+07  22.1%   104  746s
 213712 45103 infeasible   62      4.3620e+07 3.3991e+07  22.1%   104  750s
 215136 45243 infeasible   58      4.3620e+07 3.3995e+07  22.1%   104  755s
 216861 45486 infeasible   64      4.3620e+07 3.3999e+07  22.1%   105  761s
 218030 45672 3.4020e+07   52   42 4.3620e+07 3.4002e+07  22.0%   105  765s
 219517 45813 infeasible   38      4.3620e+07 3.4006e+07  22.0%   105  770s
 220944 45967 3.4263e+07   49   46 4.3620e+07 3.4010e+07  22.0%   105  776s
 222145 46097 infeasible   37      4.3620e+07 3.4013e+07  22.0%   105  780s
 223899 46362 3.7806e+07   52   71 4.3620e+07 3.4017e+07  22.0%   105  785s
 225100 46496 3.4760e+07   49   68 4.3620e+07 3.4020e+07  22.0%   105  790s
 226477 46599     cutoff   57      4.3620e+07 3.4024e+07  22.0%   105  795s
 228072 46747 3.4492e+07   47   53 4.3620e+07 3.4028e+07  22.0%   105  800s
 229299 46909 infeasible   66      4.3620e+07 3.4031e+07  22.0%   105  805s
 230845 46984 3.4290e+07   55   25 4.3620e+07 3.4035e+07  22.0%   106  810s
 232294 47031     cutoff   47      4.3620e+07 3.4040e+07  22.0%   106  815s
 233761 47115 3.4331e+07   49   61 4.3620e+07 3.4044e+07  22.0%   106  820s
 234958 47247 3.4425e+07   58   46 4.3620e+07 3.4047e+07  21.9%   106  825s
 236470 47425 3.4546e+07   74   71 4.3620e+07 3.4050e+07  21.9%   106  830s
 237991 47587 3.4293e+07   55   64 4.3620e+07 3.4054e+07  21.9%   106  835s
 239582 47705     cutoff   57      4.3620e+07 3.4058e+07  21.9%   106  841s
 240756 47843     cutoff   48      4.3620e+07 3.4061e+07  21.9%   106  845s
 242095 47913     cutoff   60      4.3620e+07 3.4064e+07  21.9%   106  850s
 243576 48031 infeasible   66      4.3620e+07 3.4068e+07  21.9%   106  855s
 244853 48131     cutoff   49      4.3620e+07 3.4071e+07  21.9%   106  860s
 246491 48313 infeasible   48      4.3620e+07 3.4075e+07  21.9%   107  865s
 248019 48438     cutoff   51      4.3620e+07 3.4079e+07  21.9%   107  870s
 249478 48525     cutoff   63      4.3620e+07 3.4083e+07  21.9%   107  876s
 250510 48622 3.4792e+07   52   46 4.3620e+07 3.4085e+07  21.9%   107  880s
 251903 48695     cutoff   56      4.3620e+07 3.4089e+07  21.8%   107  885s
 253411 48759     cutoff   51      4.3620e+07 3.4094e+07  21.8%   107  890s
 255141 49005 infeasible   39      4.3620e+07 3.4097e+07  21.8%   107  896s
 255987 49019 3.4715e+07   58   51 4.3620e+07 3.4099e+07  21.8%   107  900s
 257447 49129 3.4699e+07   56   41 4.3620e+07 3.4103e+07  21.8%   107  905s
 259127 49361 infeasible   52      4.3620e+07 3.4106e+07  21.8%   107  911s
 260660 49537 3.4626e+07   61   41 4.3620e+07 3.4110e+07  21.8%   107  915s
 261948 49638     cutoff   50      4.3620e+07 3.4113e+07  21.8%   108  920s
 263576 49800 infeasible   57      4.3620e+07 3.4117e+07  21.8%   108  926s
 265173 49875 3.5984e+07   60   48 4.3620e+07 3.4120e+07  21.8%   108  931s
 266214 49892 3.5113e+07   49   47 4.3620e+07 3.4124e+07  21.8%   108  935s
 267770 50077     cutoff   44      4.3620e+07 3.4128e+07  21.8%   108  940s
 269202 50240 3.5834e+07   65   65 4.3620e+07 3.4131e+07  21.8%   108  946s
 270198 50282     cutoff   52      4.3620e+07 3.4133e+07  21.7%   108  950s
 271717 50321 infeasible   58      4.3620e+07 3.4137e+07  21.7%   108  955s
 273333 50568 3.4792e+07   58   61 4.3620e+07 3.4141e+07  21.7%   108  961s
 274136 50536 infeasible   70      4.3620e+07 3.4143e+07  21.7%   108  965s
 275668 50637 3.5424e+07   77   53 4.3620e+07 3.4147e+07  21.7%   108  970s
 277106 50667     cutoff   56      4.3620e+07 3.4151e+07  21.7%   109  976s
 278139 50646     cutoff   82      4.3620e+07 3.4153e+07  21.7%   109  980s
 279560 50685     cutoff   48      4.3620e+07 3.4157e+07  21.7%   109  985s
 280943 50704 infeasible   52      4.3620e+07 3.4160e+07  21.7%   109  990s
 282350 50736 3.4540e+07   58   29 4.3620e+07 3.4163e+07  21.7%   109  996s
 283429 50793     cutoff   51      4.3620e+07 3.4167e+07  21.7%   109 1000s
 284714 50873 3.4424e+07   33   28 4.3620e+07 3.4170e+07  21.7%   109 1005s
 286155 50916 infeasible   51      4.3620e+07 3.4174e+07  21.7%   109 1011s
 287220 50954 3.4861e+07   77   40 4.3620e+07 3.4177e+07  21.6%   109 1015s
 288704 51069 3.4217e+07   46   26 4.3620e+07 3.4180e+07  21.6%   109 1020s
 290207 51157 infeasible   55      4.3620e+07 3.4184e+07  21.6%   109 1025s
 291570 51248 infeasible   62      4.3620e+07 3.4188e+07  21.6%   110 1030s
 292917 51218 infeasible   61      4.3620e+07 3.4192e+07  21.6%   110 1035s
 294275 51191 3.4222e+07   54   42 4.3620e+07 3.4196e+07  21.6%   110 1041s
 295481 51297 3.4260e+07   55   37 4.3620e+07 3.4198e+07  21.6%   110 1045s
 296563 51226     cutoff   70      4.3620e+07 3.4202e+07  21.6%   110 1050s
 297848 51256 infeasible   67      4.3620e+07 3.4206e+07  21.6%   110 1055s
 299020 51209 3.4402e+07   55   47 4.3620e+07 3.4210e+07  21.6%   110 1060s
 300502 51299 infeasible   62      4.3620e+07 3.4213e+07  21.6%   110 1066s
 301589 51348 3.4477e+07   40   46 4.3620e+07 3.4216e+07  21.6%   110 1070s
 303100 51488 infeasible   61      4.3620e+07 3.4219e+07  21.6%   110 1075s
 304360 51426 infeasible   56      4.3620e+07 3.4223e+07  21.5%   110 1080s
 305569 51431 3.4507e+07   61   46 4.3620e+07 3.4226e+07  21.5%   111 1085s
 306923 51459     cutoff   54      4.3620e+07 3.4230e+07  21.5%   111 1091s
 308040 51557 infeasible   45      4.3620e+07 3.4233e+07  21.5%   111 1095s
 309485 51494     cutoff   56      4.3620e+07 3.4237e+07  21.5%   111 1101s
 310789 51452 3.4641e+07   59   31 4.3620e+07 3.4241e+07  21.5%   111 1106s
 312012 51421 3.4820e+07   50   45 4.3620e+07 3.4244e+07  21.5%   111 1111s
 312908 51337     cutoff   45      4.3620e+07 3.4247e+07  21.5%   111 1115s
 314086 51304 infeasible   55      4.3620e+07 3.4251e+07  21.5%   111 1120s
 315324 51305 infeasible   55      4.3620e+07 3.4254e+07  21.5%   111 1125s
 316605 51266 3.4358e+07   38   16 4.3620e+07 3.4258e+07  21.5%   111 1130s
 318153 51187     cutoff   57      4.3620e+07 3.4263e+07  21.5%   111 1136s
 319081 51207 3.4410e+07   53   57 4.3620e+07 3.4265e+07  21.4%   112 1140s
 320294 51139 3.4500e+07   41   42 4.3620e+07 3.4269e+07  21.4%   112 1145s
 321628 51124 infeasible   71      4.3620e+07 3.4272e+07  21.4%   112 1150s
 322768 51039 3.4718e+07   58   55 4.3620e+07 3.4276e+07  21.4%   112 1155s
 324071 51005     cutoff   45      4.3620e+07 3.4280e+07  21.4%   112 1160s
 325404 51046     cutoff   47      4.3620e+07 3.4283e+07  21.4%   112 1165s
 326514 51019 3.5349e+07   75   88 4.3620e+07 3.4286e+07  21.4%   112 1171s
 327423 50967 infeasible   62      4.3620e+07 3.4289e+07  21.4%   112 1175s
 328763 50972 infeasible   60      4.3620e+07 3.4292e+07  21.4%   112 1180s
 330209 51068     cutoff   67      4.3620e+07 3.4296e+07  21.4%   112 1185s
 331508 51052 infeasible   69      4.3620e+07 3.4299e+07  21.4%   112 1190s
 332679 50976 3.4785e+07   51   56 4.3620e+07 3.4303e+07  21.4%   112 1195s
 333992 50965 infeasible   46      4.3620e+07 3.4307e+07  21.4%   113 1200s
 335150 50939 infeasible   48      4.3620e+07 3.4309e+07  21.3%   113 1205s
 336391 50869 3.4410e+07   38   48 4.3620e+07 3.4313e+07  21.3%   113 1210s
 337638 50789 infeasible   39      4.3620e+07 3.4317e+07  21.3%   113 1215s
 338867 50744 3.4694e+07   40   68 4.3620e+07 3.4321e+07  21.3%   113 1220s
 340249 50614     cutoff   62      4.3620e+07 3.4326e+07  21.3%   113 1225s
 341512 50579 3.9253e+07   58   32 4.3620e+07 3.4330e+07  21.3%   113 1231s
 342669 50489     cutoff   64      4.3620e+07 3.4333e+07  21.3%   113 1235s
 343314 50466 infeasible   62      4.3620e+07 3.4335e+07  21.3%   113 1240s
 344579 50431     cutoff   48      4.3620e+07 3.4339e+07  21.3%   113 1245s
 346059 50332     cutoff   86      4.3620e+07 3.4343e+07  21.3%   113 1251s
 347239 50212     cutoff   55      4.3620e+07 3.4347e+07  21.3%   114 1255s
 348443 50125     cutoff   58      4.3620e+07 3.4351e+07  21.2%   114 1260s
 349747 50098 infeasible   65      4.3620e+07 3.4355e+07  21.2%   114 1265s
 350761 49953 infeasible   51      4.3620e+07 3.4359e+07  21.2%   114 1270s
 351878 49821 3.4432e+07   70   35 4.3620e+07 3.4363e+07  21.2%   114 1275s
 353104 49819 infeasible   58      4.3620e+07 3.4367e+07  21.2%   114 1280s
 354507 49677 3.4436e+07   46   37 4.3620e+07 3.4371e+07  21.2%   114 1285s
 355654 49533     cutoff   56      4.3620e+07 3.4374e+07  21.2%   114 1290s
 357030 49402 3.4861e+07   59   30 4.3620e+07 3.4380e+07  21.2%   114 1295s
 358341 49367     cutoff   36      4.3620e+07 3.4383e+07  21.2%   114 1300s
 359196 49325 infeasible   68      4.3620e+07 3.4386e+07  21.2%   115 1305s
 360314 49312 3.5104e+07   55   41 4.3620e+07 3.4389e+07  21.2%   115 1310s
 361509 49239     cutoff   66      4.3620e+07 3.4393e+07  21.2%   115 1315s
 362546 49163 3.4884e+07   44   42 4.3620e+07 3.4396e+07  21.1%   115 1320s
 363708 49080 infeasible   53      4.3620e+07 3.4400e+07  21.1%   115 1325s
 365165 49008     cutoff   54      4.3620e+07 3.4404e+07  21.1%   115 1331s
 366199 48876     cutoff   49      4.3620e+07 3.4408e+07  21.1%   115 1335s
 367552 48710 infeasible   55      4.3620e+07 3.4413e+07  21.1%   115 1341s
 368676 48582 3.4640e+07   57   55 4.3620e+07 3.4416e+07  21.1%   115 1345s
 369532 48358 3.4781e+07   58   65 4.3620e+07 3.4420e+07  21.1%   115 1350s
 370853 48126     cutoff   55      4.3620e+07 3.4425e+07  21.1%   115 1355s
 372101 48128 3.4511e+07   42   51 4.3620e+07 3.4428e+07  21.1%   116 1361s
 372920 48058 3.4433e+07   50   42 4.3620e+07 3.4430e+07  21.1%   116 1365s
 374332 47957 infeasible   38      4.3620e+07 3.4435e+07  21.1%   116 1370s
 375596 47903     cutoff   56      4.3620e+07 3.4439e+07  21.0%   116 1375s
 376771 47841     cutoff   54      4.3620e+07 3.4443e+07  21.0%   116 1380s
 378109 47826 3.4552e+07   72   42 4.3620e+07 3.4447e+07  21.0%   116 1385s
 379185 47661     cutoff   65      4.3620e+07 3.4451e+07  21.0%   116 1390s
 380447 47446 3.4933e+07   57   41 4.3620e+07 3.4455e+07  21.0%   116 1395s
 381265 47279 infeasible   55      4.3620e+07 3.4458e+07  21.0%   116 1400s
 382582 47088 infeasible   59      4.3620e+07 3.4463e+07  21.0%   116 1405s
 383699 46948 3.9484e+07   55   47 4.3620e+07 3.4467e+07  21.0%   116 1410s
 384954 46787 3.4922e+07   56   50 4.3620e+07 3.4471e+07  21.0%   116 1415s
 386126 46519     cutoff   64      4.3620e+07 3.4476e+07  21.0%   117 1420s
 387161 46358 3.4480e+07   59   27 4.3620e+07 3.4479e+07  21.0%   117 1425s
 388388 46126 infeasible   52      4.3620e+07 3.4483e+07  20.9%   117 1430s
 389647 45924 3.5095e+07   62   52 4.3620e+07 3.4488e+07  20.9%   117 1436s
 390669 45760     cutoff   61      4.3620e+07 3.4492e+07  20.9%   117 1440s
 391754 45751 3.4505e+07   43   36 4.3620e+07 3.4495e+07  20.9%   117 1446s
 392410 45480 infeasible   50      4.3620e+07 3.4498e+07  20.9%   117 1450s
 393371 45303 infeasible   59      4.3620e+07 3.4502e+07  20.9%   117 1455s
 394608 45157 infeasible   52      4.3620e+07 3.4507e+07  20.9%   117 1461s
 395707 45064 infeasible   57      4.3620e+07 3.4511e+07  20.9%   117 1466s
 396759 44943 infeasible   54      4.3620e+07 3.4515e+07  20.9%   117 1471s
 397756 44781 3.6053e+07   79   55 4.3620e+07 3.4518e+07  20.9%   118 1475s
 398961 44606 3.4681e+07   57   57 4.3620e+07 3.4523e+07  20.9%   118 1480s
 400271 44448 infeasible   71      4.3620e+07 3.4527e+07  20.8%   118 1486s
 400946 44325     cutoff   55      4.3620e+07 3.4530e+07  20.8%   118 1490s
 402158 44098 infeasible   59      4.3620e+07 3.4535e+07  20.8%   118 1495s
 403196 43791     cutoff   63      4.3620e+07 3.4540e+07  20.8%   118 1500s
 404483 43603 3.5054e+07   52   57 4.3620e+07 3.4545e+07  20.8%   118 1505s
 405616 43341 3.5767e+07   60   36 4.3620e+07 3.4549e+07  20.8%   118 1510s
 406655 43143     cutoff   66      4.3620e+07 3.4553e+07  20.8%   118 1515s
 407873 42914     cutoff   54      4.3620e+07 3.4558e+07  20.8%   118 1520s
 408986 42842 3.6048e+07   71   82 4.3620e+07 3.4562e+07  20.8%   118 1525s
 410232 42615 3.4857e+07   66   29 4.3620e+07 3.4567e+07  20.8%   118 1530s
 411291 42386 infeasible   54      4.3620e+07 3.4572e+07  20.7%   119 1535s
 412318 42220 3.4909e+07   61   36 4.3620e+07 3.4575e+07  20.7%   119 1540s
 413524 41990 infeasible   59      4.3620e+07 3.4580e+07  20.7%   119 1545s
 414881 41807 infeasible   70      4.3620e+07 3.4585e+07  20.7%   119 1550s
 416115 41563 3.4766e+07   56   53 4.3620e+07 3.4590e+07  20.7%   119 1556s
 417088 41384 infeasible   61      4.3620e+07 3.4594e+07  20.7%   119 1560s
 418119 41284 infeasible   45      4.3620e+07 3.4597e+07  20.7%   119 1565s
 419314 41040 infeasible   56      4.3620e+07 3.4602e+07  20.7%   119 1571s
 420239 40888 3.5602e+07   64   74 4.3620e+07 3.4606e+07  20.7%   119 1575s
 421376 40598 infeasible   45      4.3620e+07 3.4611e+07  20.7%   119 1580s
 422570 40362     cutoff   53      4.3620e+07 3.4616e+07  20.6%   119 1585s
 423715 40123 3.4651e+07   57   35 4.3620e+07 3.4621e+07  20.6%   119 1591s
 424692 39989 infeasible   55      4.3620e+07 3.4625e+07  20.6%   120 1595s
 425604 39745 3.4641e+07   62   26 4.3620e+07 3.4629e+07  20.6%   120 1600s
 426717 39451 infeasible   61      4.3620e+07 3.4634e+07  20.6%   120 1605s
 427881 39191     cutoff   64      4.3620e+07 3.4639e+07  20.6%   120 1610s
 428992 38896 3.5316e+07   61   50 4.3620e+07 3.4644e+07  20.6%   120 1615s
 430222 38673     cutoff   40      4.3620e+07 3.4649e+07  20.6%   120 1620s
 431338 38423 3.5878e+07   60   92 4.3620e+07 3.4654e+07  20.6%   120 1625s
 432665 38139 infeasible   44      4.3620e+07 3.4660e+07  20.5%   120 1630s
 433769 37953 3.4923e+07   33   60 4.3620e+07 3.4666e+07  20.5%   120 1635s
 434751 37689 infeasible   64      4.3620e+07 3.4670e+07  20.5%   120 1640s
 435912 37440     cutoff   54      4.3620e+07 3.4675e+07  20.5%   120 1645s
 437109 37186 infeasible   66      4.3620e+07 3.4681e+07  20.5%   121 1650s
 438436 36867 infeasible   59      4.3620e+07 3.4687e+07  20.5%   121 1655s
 439436 36570 infeasible   66      4.3620e+07 3.4692e+07  20.5%   121 1660s
 440500 36314 3.4707e+07   53   52 4.3620e+07 3.4698e+07  20.5%   121 1665s
 441550 36043 infeasible   48      4.3620e+07 3.4703e+07  20.4%   121 1670s
 442563 35749 3.5752e+07   67   72 4.3620e+07 3.4708e+07  20.4%   121 1675s
 443632 35433 3.4825e+07   53   24 4.3620e+07 3.4713e+07  20.4%   121 1680s
 444612 35269 3.4937e+07   67   71 4.3620e+07 3.4717e+07  20.4%   121 1685s
 445595 34955 3.4838e+07   55   55 4.3620e+07 3.4723e+07  20.4%   121 1690s
 446469 34716 infeasible   70      4.3620e+07 3.4727e+07  20.4%   121 1696s
 447474 34598 infeasible   56      4.3620e+07 3.4731e+07  20.4%   121 1700s
 448609 34392 3.4741e+07   51   38 4.3620e+07 3.4737e+07  20.4%   121 1705s
 449766 34155 infeasible   60      4.3620e+07 3.4742e+07  20.4%   122 1710s
 450804 33846 infeasible   58      4.3620e+07 3.4748e+07  20.3%   122 1715s
 451850 33571 3.4775e+07   55   42 4.3620e+07 3.4753e+07  20.3%   122 1720s
 453103 33289 infeasible   62      4.3620e+07 3.4759e+07  20.3%   122 1725s
 454303 33072 infeasible   49      4.3620e+07 3.4765e+07  20.3%   122 1730s
 455276 32761 3.4778e+07   66   56 4.3620e+07 3.4771e+07  20.3%   122 1735s
 456534 32442     cutoff   53      4.3620e+07 3.4778e+07  20.3%   122 1740s
 457584 32151 infeasible   66      4.3620e+07 3.4784e+07  20.3%   122 1745s
 458891 31815 infeasible   57      4.3620e+07 3.4791e+07  20.2%   122 1750s
 459813 31510 3.4836e+07   52   32 4.3620e+07 3.4798e+07  20.2%   122 1755s
 461033 31149     cutoff   68      4.3620e+07 3.4805e+07  20.2%   122 1761s
 462047 30811 infeasible   54      4.3620e+07 3.4811e+07  20.2%   122 1765s
 463105 30521 infeasible   59      4.3620e+07 3.4818e+07  20.2%   123 1770s
 463896 30293     cutoff   60      4.3620e+07 3.4823e+07  20.2%   123 1775s
 465069 29915 infeasible   52      4.3620e+07 3.4830e+07  20.2%   123 1780s
 466145 29659 infeasible   58      4.3620e+07 3.4837e+07  20.1%   123 1785s
 467043 29452 infeasible   52      4.3620e+07 3.4842e+07  20.1%   123 1790s
 468111 29169     cutoff   68      4.3620e+07 3.4848e+07  20.1%   123 1795s
 469026 28851 infeasible   45      4.3620e+07 3.4855e+07  20.1%   123 1800s
 469972 28557     cutoff   62      4.3620e+07 3.4862e+07  20.1%   123 1805s
 470881 28265 infeasible   45      4.3620e+07 3.4867e+07  20.1%   123 1810s
 471966 27856 infeasible   49      4.3620e+07 3.4876e+07  20.0%   123 1815s
 473020 27578 infeasible   63      4.3620e+07 3.4883e+07  20.0%   123 1820s
 473994 27167 infeasible   53      4.3620e+07 3.4891e+07  20.0%   124 1825s
 474831 26839 3.9449e+07   60   50 4.3620e+07 3.4898e+07  20.0%   124 1831s
 475703 26498 3.4905e+07   38   33 4.3620e+07 3.4905e+07  20.0%   124 1835s
 476683 26078 infeasible   60      4.3620e+07 3.4913e+07  20.0%   124 1840s
 477622 25762 infeasible   69      4.3620e+07 3.4920e+07  19.9%   124 1845s
 478654 25489     cutoff   53      4.3620e+07 3.4928e+07  19.9%   124 1850s
 479794 25130 infeasible   68      4.3620e+07 3.4937e+07  19.9%   124 1855s
 480653 24771 3.5834e+07   91   52 4.3620e+07 3.4944e+07  19.9%   124 1860s
 481477 24453 infeasible   70      4.3620e+07 3.4951e+07  19.9%   124 1865s
 482526 24082     cutoff   71      4.3620e+07 3.4961e+07  19.9%   124 1870s
 483627 23685 infeasible   52      4.3620e+07 3.4971e+07  19.8%   124 1875s
 484767 23287 infeasible   59      4.3620e+07 3.4980e+07  19.8%   124 1880s
 485801 23001 infeasible   69      4.3620e+07 3.4989e+07  19.8%   125 1885s
 486836 22587 infeasible   69      4.3620e+07 3.4998e+07  19.8%   125 1890s
 487929 22216     cutoff   80      4.3620e+07 3.5008e+07  19.7%   125 1895s
 489020 21692     cutoff   66      4.3620e+07 3.5019e+07  19.7%   125 1900s
 490194 21180     cutoff   54      4.3620e+07 3.5030e+07  19.7%   125 1906s
 491215 20883     cutoff   41      4.3620e+07 3.5040e+07  19.7%   125 1910s
 492049 20538     cutoff   51      4.3620e+07 3.5048e+07  19.7%   125 1915s
 493156 20152 3.7663e+07   62   71 4.3620e+07 3.5059e+07  19.6%   125 1920s
 494089 19823 infeasible   53      4.3620e+07 3.5068e+07  19.6%   125 1925s
 495155 19413 infeasible   41      4.3620e+07 3.5079e+07  19.6%   125 1930s
 496152 19020 infeasible   62      4.3620e+07 3.5089e+07  19.6%   125 1935s
 497213 18621 infeasible   66      4.3620e+07 3.5101e+07  19.5%   126 1940s
 498214 18260 infeasible   64      4.3620e+07 3.5112e+07  19.5%   126 1946s
 499115 17913 3.7733e+07   55   47 4.3620e+07 3.5121e+07  19.5%   126 1950s
 500054 17584 infeasible   48      4.3620e+07 3.5132e+07  19.5%   126 1955s
 501131 17061 3.5563e+07   55   83 4.3620e+07 3.5148e+07  19.4%   126 1960s
 502137 16647 infeasible   56      4.3620e+07 3.5162e+07  19.4%   126 1965s
 502940 16287     cutoff   58      4.3620e+07 3.5173e+07  19.4%   126 1970s
 503977 15859 infeasible   52      4.3620e+07 3.5187e+07  19.3%   126 1975s
 504910 15468 infeasible   65      4.3620e+07 3.5199e+07  19.3%   126 1980s
 506010 14938 infeasible   67      4.3620e+07 3.5217e+07  19.3%   126 1985s
 506961 14494     cutoff   70      4.3620e+07 3.5233e+07  19.2%   126 1990s
 507954 14038     cutoff   53      4.3620e+07 3.5248e+07  19.2%   127 1995s
 509125 13539 3.5519e+07   53   67 4.3620e+07 3.5269e+07  19.1%   127 2000s
 510186 13036     cutoff   56      4.3620e+07 3.5291e+07  19.1%   127 2005s
 511230 12510 infeasible   75      4.3620e+07 3.5314e+07  19.0%   127 2010s
 512443 11931     cutoff   62      4.3620e+07 3.5342e+07  19.0%   127 2015s
 513453 11402     cutoff   67      4.3620e+07 3.5368e+07  18.9%   127 2020s
 514414 10961 infeasible   61      4.3620e+07 3.5394e+07  18.9%   127 2025s
 515422 10420     cutoff   83      4.3620e+07 3.5421e+07  18.8%   127 2030s
 516469  9891 3.5456e+07   62   59 4.3620e+07 3.5454e+07  18.7%   127 2035s
 517282  9421 3.5643e+07   58   74 4.3620e+07 3.5483e+07  18.7%   127 2040s
 518279  8887 infeasible   50      4.3620e+07 3.5521e+07  18.6%   128 2045s
 519362  8242     cutoff   59      4.3620e+07 3.5574e+07  18.4%   128 2050s
 520247  7721     cutoff   47      4.3620e+07 3.5621e+07  18.3%   128 2055s
 521119  7261     cutoff   73      4.3620e+07 3.5670e+07  18.2%   128 2060s
 522224  6632 infeasible   53      4.3620e+07 3.5744e+07  18.1%   128 2065s
 523227  6093 3.5822e+07   71   58 4.3620e+07 3.5822e+07  17.9%   128 2070s
 524373  5267     cutoff   57      4.3620e+07 3.5996e+07  17.5%   128 2075s
 525522  4543 infeasible   54      4.3620e+07 3.6266e+07  16.9%   128 2080s
 526888  3751 infeasible   54      4.3620e+07 3.6842e+07  15.5%   128 2085s
 528090  3030 3.9490e+07   61   50 4.3620e+07 3.7994e+07  12.9%   128 2090s
 529718  1905     cutoff   66      4.3620e+07 4.1898e+07  3.95%   128 2095s
 531748  1308 4.3483e+07   38   21 4.3620e+07 4.3153e+07  1.07%   128 2100s
 534227  1032 4.3348e+07   55    8 4.3620e+07 4.3338e+07  0.65%   128 2105s
 536983   149 4.3546e+07   49   17 4.3620e+07 4.3514e+07  0.24%   127 2110s

Cutting planes:
  Learned: 1
  Gomory: 2
  Cover: 3
  Implied bound: 132
  Clique: 8
  MIR: 25
  Flow cover: 25
  GUB cover: 4
  Zero half: 40

Explored 537257 nodes (68364754 simplex iterations) in 2110.42 seconds
Thread count was 2 (of 4 available processors)

Optimal solution found (tolerance 1.00e-04)
Best objective 4.361980000000e+07, best bound 4.361980000000e+07, gap 0.0%
k_c1	930000.0
k_c10	810000.0
k_c11	960000.0
k_c12	860000.0
k_c13	860000.0
k_c14	910000.0
k_c2	1000000.0
k_c3	870000.0
k_c4	930000.0
k_c5	840000.0
k_c6	930000.0
k_c7	890000.0
k_c8	1000000.0
k_c9	1000000.0
k_dN	0.0
o_1	0.0
o_10	0.0
o_11	0.0
o_12	0.0
o_13	0.0
o_14	1.0
o_2	0.0
o_3	0.0
o_4	0.0
o_5	0.0
o_6	0.0
o_7	0.0
o_8	0.0
o_9	0.0
p_1	1.0
p_10	0.0
p_11	0.0
p_12	0.0
p_13	0.0
p_14	1.0
p_2	0.0
p_3	0.0
p_4	0.0
p_5	0.0
p_6	0.0
p_7	0.0
p_8	0.0
p_9	0.0
phi_c1	17133.0
phi_c10	22271.0
phi_c11	40866.0
phi_c12	41984.0
phi_c13	16331.0
phi_c14	17133.0
phi_c2	41984.0
phi_c3	17561.0
phi_c4	38378.0
phi_c5	8276.0
phi_c6	27139.0
phi_c7	27616.0
phi_c8	39047.0
phi_c9	48493.0
phi_dN	0.0
pi_c1	42867.0
pi_c10	0.0
pi_c11	0.0
pi_c12	0.0
pi_c13	0.0
pi_c14	85734.0
pi_c2	0.0
pi_c3	0.0
pi_c4	0.0
pi_c5	0.0
pi_c6	0.0
pi_c7	0.0
pi_c8	0.0
pi_c9	0.0
pi_dN	0.0
tauD_c1	509300.0
tauD_c10	800000.0
tauD_c11	393200.0
tauD_c12	650000.0
tauD_c13	650000.0
tauD_c14	407350.0
tauD_c2	250000.0
tauD_c3	800000.0
tauD_c4	500000.0
tauD_c5	850000.0
tauD_c6	200000.0
tauD_c7	700000.0
tauD_c8	78300.0
tauD_c9	300000.0
tauD_d0	0.0
tauD_dN	1000000.0
tauS_c1	561175.0
tauS_c10	836775.0
tauS_c11	32875.0
tauS_c12	813875.0
tauS_c13	101150.0
tauS_c14	407350.0
tauS_c2	129025.0
tauS_c3	56400.0
tauS_c4	848400.0
tauS_c5	889075.0
tauS_c6	93050.0
tauS_c7	37575.0
tauS_c8	78275.0
tauS_c9	36400.0
tauS_d0	0.0
tauS_dN	684050.0
x_c10_dN	1.0
x_c11_c1	1.0
x_c12_c10	1.0
x_c13_c5	1.0
x_c14_c12	1.0
x_c1_c7	1.0
x_c2_c4	1.0
x_c3_dN	1.0
x_c4_c13	1.0
x_c5_dN	1.0
x_c6_c14	1.0
x_c7_c3	1.0
x_c8_c6	1.0
x_c9_c11	1.0
x_d0_c2	1.0
x_d0_c8	1.0
x_d0_c9	1.0
z_c14_c1	1.0
z_c1_dN	1.0
z_d0_c14	1.0
