
Gurobi 6.0.4 (win64) logging started 06/21/15 09:23:26

Read LP format model from file C:\MT\repository\VRPTWMS\instances\mip\fuel\N14-C_DV100-C_SV30_F6_3_No_1.lp
Reading time = 0.03 seconds
(null): 1149 rows, 526 columns, 5099 nonzeros
Optimize a model with 1149 rows, 526 columns and 5099 nonzeros
Model has 2940 quadratic constraints
Coefficient statistics:
  Matrix range    [1e+00, 1e+06]
  Objective range [4e+04, 1e+07]
  Bounds range    [1e+00, 1e+06]
  RHS range       [1e+00, 1e+06]
Presolve removed 71 rows and 53 columns
Presolve time: 0.53s
Presolved: 6322 rows, 3169 columns, 31572 nonzeros
Variable types: 2548 continuous, 621 integer (548 binary)
Found heuristic solution: objective 1.452874e+08

Root relaxation: objective 1.912047e+06, 154 iterations, 0.02 seconds

    Nodes    |    Current Node    |     Objective Bounds      |     Work
 Expl Unexpl |  Obj  Depth IntInf | Incumbent    BestBd   Gap | It/Node Time

     0     0 1912047.17    0   38 1.4529e+08 1912047.17  98.7%     -    0s
H    0     0                    6.333020e+07 1912047.17  97.0%     -    0s
     0     0 2248588.71    0   74 6.3330e+07 2248588.71  96.4%     -    0s
     0     0 2417200.00    0   44 6.3330e+07 2417200.00  96.2%     -    0s
     0     0 2443411.44    0   45 6.3330e+07 2443411.44  96.1%     -    0s
     0     0 2499689.34    0   63 6.3330e+07 2499689.34  96.1%     -    0s
     0     0 2512782.91    0   80 6.3330e+07 2512782.91  96.0%     -    0s
     0     0 2514751.33    0   73 6.3330e+07 2514751.33  96.0%     -    0s
     0     0 2517458.30    0   65 6.3330e+07 2517458.30  96.0%     -    0s
     0     0 2517458.30    0   67 6.3330e+07 2517458.30  96.0%     -    1s
     0     0 2517458.30    0   66 6.3330e+07 2517458.30  96.0%     -    1s
     0     2 2517458.30    0   65 6.3330e+07 2517458.30  96.0%     -    1s
H   33    31                    6.317390e+07 3113322.24  95.1%  87.0    1s
H   48    40                    5.294630e+07 3113322.24  94.1%  78.5    1s
H   68    57                    5.263730e+07 3113322.24  94.1%  67.6    1s
H   70    60                    4.263700e+07 3113322.24  92.7%  68.8    1s
H  728   482                    4.261580e+07 7808749.66  81.7%  33.9    2s
H  780   511                    4.259640e+07 8195401.48  80.8%  33.2    2s
H  973   642                    4.253280e+07 1.1979e+07  71.8%  31.0    2s
H 1042   400                    3.237360e+07 1.2011e+07  62.9%  30.5    2s
  1127   423 1.2011e+07   24   66 3.2374e+07 1.2011e+07  62.9%  32.7    6s
  3050   552 1.3633e+07   29   43 3.2374e+07 1.2585e+07  61.1%  38.6   10s
  4551   496     cutoff   27      3.2374e+07 1.3730e+07  57.6%  41.3   15s
  6328   182 infeasible   42      3.2374e+07 2.2812e+07  29.5%  42.8   20s

Cutting planes:
  Learned: 2
  Gomory: 2
  Cover: 8
  Implied bound: 2
  Clique: 2
  MIR: 11
  GUB cover: 4
  Zero half: 2

Explored 6888 nodes (298312 simplex iterations) in 20.97 seconds
Thread count was 2 (of 4 available processors)

Optimal solution found (tolerance 1.00e-04)
Best objective 3.237360000000e+07, best bound 3.237360000000e+07, gap 0.0%
k_c1	70000.0
k_c10	130000.0
k_c11	1000000.0
k_c12	1000000.0
k_c13	990000.0
k_c14	920000.0
k_c2	970000.0
k_c3	30001.0
k_c4	939999.0
k_c5	930000.0
k_c6	940000.0
k_c7	879998.0
k_c8	230000.0
k_c9	1000000.0
k_dN	-0.0
o_1	0.0
o_10	-0.0
o_11	-0.0
o_12	-0.0
o_13	0.0
o_14	-0.0
o_2	-0.0
o_3	-0.0
o_4	-0.0
o_5	-0.0
o_6	0.0
o_7	0.0
o_8	-0.0
o_9	0.0
p_1	-0.0
p_10	-0.0
p_11	-0.0
p_12	-0.0
p_13	0.0
p_14	-0.0
p_2	0.0
p_3	0.0
p_4	-0.0
p_5	-0.0
p_6	0.0
p_7	-0.0
p_8	-0.0
p_9	-0.0
phi_c1	4282.0
phi_c10	15253.0
phi_c11	48647.0
phi_c12	45777.0
phi_c13	50474.0
phi_c14	21666.0
phi_c2	41823.0
phi_c3	19960.0
phi_c4	42940.0
phi_c5	25734.0
phi_c6	34304.0
phi_c7	30925.0
phi_c8	34022.0
phi_c9	57585.0
phi_dN	0.0
pi_c1	300000.0
pi_c10	300000.0
pi_c11	300000.0
pi_c12	300000.0
pi_c13	300000.0
pi_c14	300000.0
pi_c2	300000.0
pi_c3	300000.0
pi_c4	300000.0
pi_c5	300000.0
pi_c6	300000.0
pi_c7	240000.0
pi_c8	300000.0
pi_c9	300000.0
pi_dN	-0.0
tauD_c1	600000.0
tauD_c10	555750.0
tauD_c11	44500.0
tauD_c12	200000.0
tauD_c13	156575.0
tauD_c14	394225.0
tauD_c2	100000.0
tauD_c3	332550.0
tauD_c4	300000.0
tauD_c5	339025.0
tauD_c6	247000.0
tauD_c7	450000.0
tauD_c8	250000.0
tauD_c9	50000.0
tauD_d0	-0.0
tauD_dN	1000000.0
tauS_c1	904000.0
tauS_c10	863000.0
tauS_c11	877575.0
tauS_c12	866850.0
tauS_c13	894250.0
tauS_c14	878100.0
tauS_c2	854800.0
tauS_c3	863325.0
tauS_c4	865125.0
tauS_c5	869375.0
tauS_c6	837450.0
tauS_c7	855475.0
tauS_c8	878775.0
tauS_c9	910975.0
tauS_d0	-0.0
tauS_dN	1000000.0
x_c10_dN	1.0
x_c11_c2	1.0
x_c12_c4	1.0
x_c13_c6	1.0
x_c14_c1	1.0
x_c1_dN	1.0
x_c2_c8	1.0
x_c3_dN	1.0
x_c4_c7	1.0
x_c5_c14	1.0
x_c6_c5	1.0
x_c7_c10	1.0
x_c8_c3	1.0
x_c9_c13	1.0
x_d0_c11	1.0
x_d0_c12	1.0
x_d0_c9	1.0
