
Gurobi 6.0.4 (win64) logging started 06/21/15 00:07:20

Read LP format model from file C:\MT\repository\VRPTWMS\instances\mip\fuel\N14-C_DV100-C_SV30_F6_0_No_1.lp
Reading time = 0.03 seconds
(null): 1149 rows, 526 columns, 5099 nonzeros
Optimize a model with 1149 rows, 526 columns and 5099 nonzeros
Model has 2940 quadratic constraints
Coefficient statistics:
  Matrix range    [1e+00, 1e+06]
  Objective range [4e+04, 1e+07]
  Bounds range    [1e+00, 1e+06]
  RHS range       [1e+00, 1e+06]
Presolve removed 105 rows and 72 columns
Presolve time: 0.64s
Presolved: 5332 rows, 2663 columns, 27745 nonzeros
Variable types: 2079 continuous, 584 integer (511 binary)
Found heuristic solution: objective 1.471446e+08

Root relaxation: objective 1.248584e+07, 173 iterations, 0.01 seconds

    Nodes    |    Current Node    |     Objective Bounds      |     Work
 Expl Unexpl |  Obj  Depth IntInf | Incumbent    BestBd   Gap | It/Node Time

     0     0 1.2486e+07    0   42 1.4714e+08 1.2486e+07  91.5%     -    0s
H    0     0                    8.550420e+07 1.2486e+07  85.4%     -    0s
     0     0 1.2894e+07    0   58 8.5504e+07 1.2894e+07  84.9%     -    0s
     0     0 1.3028e+07    0   48 8.5504e+07 1.3028e+07  84.8%     -    0s
     0     0 1.3108e+07    0   45 8.5504e+07 1.3108e+07  84.7%     -    0s
     0     0 1.4798e+07    0   61 8.5504e+07 1.4798e+07  82.7%     -    0s
     0     0 1.5570e+07    0   50 8.5504e+07 1.5570e+07  81.8%     -    0s
     0     0 1.5656e+07    0   60 8.5504e+07 1.5656e+07  81.7%     -    0s
     0     0 1.5841e+07    0   64 8.5504e+07 1.5841e+07  81.5%     -    0s
     0     0 1.5841e+07    0   63 8.5504e+07 1.5841e+07  81.5%     -    1s
     0     0 1.5841e+07    0   63 8.5504e+07 1.5841e+07  81.5%     -    1s
     0     0 1.5841e+07    0   58 8.5504e+07 1.5841e+07  81.5%     -    1s
H    0     2                    6.545150e+07 1.5841e+07  75.8%     -    1s
     0     2 1.5841e+07    0   56 6.5452e+07 1.5841e+07  75.8%     -    1s
H   37    39                    5.428680e+07 2.2853e+07  57.9%  36.4    1s
H  342   251                    5.426940e+07 2.2903e+07  57.8%  28.8    1s
H  559   425                    5.417140e+07 2.2903e+07  57.7%  33.0    2s
H  606   454                    5.407500e+07 2.2903e+07  57.6%  33.7    2s
H  746   546                    5.337270e+07 2.3033e+07  56.8%  33.8    2s
H  820   599                    5.335870e+07 2.3091e+07  56.7%  33.0    2s
H  907   501                    4.308920e+07 2.3091e+07  46.4%  32.5    2s
  1442   677 infeasible   32      4.3089e+07 2.3222e+07  46.1%  36.6    5s
  2880  1005 infeasible   50      4.3089e+07 2.8465e+07  33.9%  46.5   10s
  4632  1912 infeasible   43      4.3089e+07 3.3056e+07  23.3%  51.0   15s
  6109  2609 infeasible   54      4.3089e+07 3.3088e+07  23.2%  57.5   20s
  7289  3197     cutoff   40      4.3089e+07 3.3111e+07  23.2%  58.8   25s
  8787  3889 3.4052e+07   41   38 4.3089e+07 3.3125e+07  23.1%  61.1   30s
 10772  4867 infeasible   47      4.3089e+07 3.3145e+07  23.1%  62.7   36s
 12354  5530 3.3775e+07   36   11 4.3089e+07 3.3161e+07  23.0%  64.5   41s
 13585  6105 infeasible   54      4.3089e+07 3.3174e+07  23.0%  64.9   45s
 15005  6720 3.3468e+07   34   24 4.3089e+07 3.3185e+07  23.0%  65.8   50s
 17357  7777     cutoff   52      4.3089e+07 3.3206e+07  22.9%  66.8   55s
 19136  8564 3.3226e+07   39   12 4.3089e+07 3.3217e+07  22.9%  67.3   60s
 20913  9410 3.4045e+07   48   58 4.3089e+07 3.3230e+07  22.9%  67.9   72s
 20937  9427 3.3230e+07   34   57 4.3089e+07 3.3230e+07  22.9%  66.3   76s
 21039  9484 3.3230e+07   35   40 4.3089e+07 3.3230e+07  22.9%  66.3   80s
 22014  9754 3.3464e+07   54   77 4.3089e+07 3.3230e+07  22.9%  65.6   85s
 24399 10552 3.3230e+07   67   36 4.3089e+07 3.3230e+07  22.9%  64.1   90s
 27947 11730 3.4222e+07   57   44 4.3089e+07 3.3230e+07  22.9%  61.5   96s
 30365 12442 infeasible   74      4.3089e+07 3.3230e+07  22.9%  61.6  102s
 31570 12750     cutoff   53      4.3089e+07 3.3230e+07  22.9%  62.0  106s
 33832 13332 3.4157e+07   54   84 4.3089e+07 3.3230e+07  22.9%  62.6  111s
 35826 13951 3.5038e+07   65   67 4.3089e+07 3.3230e+07  22.9%  62.9  116s
 37640 14427 infeasible   67      4.3089e+07 3.3230e+07  22.9%  63.3  121s
 39395 14892 3.3451e+07   50   43 4.3089e+07 3.3230e+07  22.9%  63.5  125s
 41616 15368 3.3649e+07   60   19 4.3089e+07 3.3230e+07  22.9%  64.1  131s
 43148 15777 3.5146e+07   65   50 4.3089e+07 3.3236e+07  22.9%  64.4  136s
 44667 16146 infeasible   66      4.3089e+07 3.3242e+07  22.9%  64.6  140s
 46717 16657     cutoff   80      4.3089e+07 3.3253e+07  22.8%  65.0  145s
 48865 17151     cutoff   58      4.3089e+07 3.3266e+07  22.8%  65.4  150s
 50933 18207 3.5296e+07   56   34 4.3089e+07 3.3277e+07  22.8%  65.7  156s
 52708 19221 3.3828e+07   48   45 4.3089e+07 3.3284e+07  22.8%  66.0  161s
 54814 20493 infeasible   63      4.3089e+07 3.3292e+07  22.7%  66.0  166s
 56712 21602 3.3632e+07   52   46 4.3089e+07 3.3299e+07  22.7%  66.2  171s
 58537 22620 3.4278e+07   67   46 4.3089e+07 3.3305e+07  22.7%  66.4  175s
 60330 23641     cutoff   48      4.3089e+07 3.3312e+07  22.7%  66.6  180s
 62579 24987 3.4583e+07   72   72 4.3089e+07 3.3318e+07  22.7%  66.9  186s
 64255 25906 3.4162e+07   85   36 4.3089e+07 3.3325e+07  22.7%  67.1  190s
 66400 27022 3.4342e+07   54   38 4.3089e+07 3.3332e+07  22.6%  67.4  195s
 68224 28147     cutoff   62      4.3089e+07 3.3337e+07  22.6%  67.5  200s
 70462 29410     cutoff   75      4.3089e+07 3.3344e+07  22.6%  67.7  206s
 72026 30284 3.4819e+07   64   35 4.3089e+07 3.3350e+07  22.6%  67.9  210s
 74289 31610 infeasible   65      4.3089e+07 3.3356e+07  22.6%  68.1  216s
 75962 32537 3.5136e+07   73   39 4.3089e+07 3.3361e+07  22.6%  68.2  220s
 78125 33834 3.4497e+07   64   43 4.3089e+07 3.3367e+07  22.6%  68.3  225s
 80202 35130 3.4797e+07   65   69 4.3089e+07 3.3373e+07  22.5%  68.4  230s
 82281 36359 3.4327e+07   50   56 4.3089e+07 3.3378e+07  22.5%  68.5  236s
 83793 37217 infeasible   76      4.3089e+07 3.3383e+07  22.5%  68.7  240s
 85637 38281     cutoff   71      4.3089e+07 3.3387e+07  22.5%  68.9  245s
 87572 39371 3.4334e+07   57   32 4.3089e+07 3.3391e+07  22.5%  69.1  250s
 89502 40522     cutoff   51      4.3089e+07 3.3395e+07  22.5%  69.2  255s
 91407 41697 3.5163e+07   88   64 4.3089e+07 3.3399e+07  22.5%  69.3  260s
 93182 42659 3.6940e+07   63   66 4.3089e+07 3.3403e+07  22.5%  69.6  265s
 95187 43977 3.4554e+07   64   64 4.3089e+07 3.3407e+07  22.5%  69.6  271s
 96918 44977 3.3468e+07   61   35 4.3089e+07 3.3411e+07  22.5%  69.8  276s
 98874 46126 3.4511e+07   65   57 4.3089e+07 3.3415e+07  22.5%  69.9  281s
 100705 47284     cutoff   48      4.3089e+07 3.3419e+07  22.4%  70.0  286s
 102569 48371 infeasible   55      4.3089e+07 3.3422e+07  22.4%  70.1  290s
 104379 49416 infeasible   79      4.3089e+07 3.3425e+07  22.4%  70.3  295s
 106146 50399 infeasible   76      4.3089e+07 3.3429e+07  22.4%  70.4  301s
 108020 51451     cutoff   73      4.3089e+07 3.3433e+07  22.4%  70.5  306s
 109761 52438 3.4075e+07   59   61 4.3089e+07 3.3437e+07  22.4%  70.6  311s
 111620 53502 3.5191e+07   66   45 4.3089e+07 3.3440e+07  22.4%  70.7  316s
 113364 54530 3.3477e+07   54   47 4.3089e+07 3.3443e+07  22.4%  70.9  320s
 115167 55596 3.4282e+07   61   76 4.3089e+07 3.3447e+07  22.4%  71.0  325s
 116891 56560 3.3794e+07   63   50 4.3089e+07 3.3451e+07  22.4%  71.2  331s
 118721 57647 3.4909e+07   73   55 4.3089e+07 3.3454e+07  22.4%  71.2  335s
 120474 58532 3.3759e+07   74   27 4.3089e+07 3.3459e+07  22.4%  71.4  340s
 122275 59538 3.4421e+07   60   48 4.3089e+07 3.3461e+07  22.3%  71.5  345s
 123999 60522     cutoff   67      4.3089e+07 3.3464e+07  22.3%  71.6  350s
 125702 61470     cutoff   59      4.3089e+07 3.3467e+07  22.3%  71.7  355s
 127423 62407 infeasible   79      4.3089e+07 3.3470e+07  22.3%  71.9  360s
 129121 63306 3.5069e+07   52   61 4.3089e+07 3.3473e+07  22.3%  72.0  365s
 131164 64418 3.5913e+07   80   82 4.3089e+07 3.3477e+07  22.3%  72.2  371s
 132996 65448 3.4466e+07   62   74 4.3089e+07 3.3480e+07  22.3%  72.2  376s
 134667 66341 3.4361e+07   59   37 4.3089e+07 3.3483e+07  22.3%  72.4  381s
 136307 67197     cutoff   63      4.3089e+07 3.3486e+07  22.3%  72.5  385s
 138043 68131 3.5656e+07   67   62 4.3089e+07 3.3489e+07  22.3%  72.6  390s
 139858 69153 infeasible   76      4.3089e+07 3.3492e+07  22.3%  72.7  395s
 141550 70035 3.4916e+07   74   48 4.3089e+07 3.3495e+07  22.3%  72.8  400s
 142889 70820     cutoff   65      4.3089e+07 3.3497e+07  22.3%  72.8  405s
 144439 71611 3.4284e+07   57   44 4.3089e+07 3.3500e+07  22.3%  73.0  411s
 146106 72471     cutoff   74      4.3089e+07 3.3503e+07  22.2%  73.1  416s
 147378 73099 3.5301e+07   68   56 4.3089e+07 3.3506e+07  22.2%  73.2  420s
 149516 74281     cutoff   59      4.3089e+07 3.3509e+07  22.2%  73.3  426s
 151180 75046 3.7196e+07   53   76 4.3089e+07 3.3512e+07  22.2%  73.5  431s
 152713 75782 3.4524e+07   60   52 4.3089e+07 3.3515e+07  22.2%  73.6  435s
 154487 76699 infeasible   59      4.3089e+07 3.3518e+07  22.2%  73.7  440s
 156058 77467 3.3824e+07   58   49 4.3089e+07 3.3521e+07  22.2%  73.8  445s
 157759 78290 3.6306e+07   76   70 4.3089e+07 3.3524e+07  22.2%  74.0  450s
 159486 79147 3.5105e+07   76   64 4.3089e+07 3.3527e+07  22.2%  74.1  455s
 161104 79892 3.4501e+07   65   56 4.3089e+07 3.3530e+07  22.2%  74.2  460s
 163185 80927     cutoff   50      4.3089e+07 3.3533e+07  22.2%  74.4  466s
 164896 81822 infeasible   64      4.3089e+07 3.3535e+07  22.2%  74.4  471s
 166579 82679     cutoff   63      4.3089e+07 3.3538e+07  22.2%  74.5  475s
 167821 83346 3.4244e+07   60   16 4.3089e+07 3.3540e+07  22.2%  74.6  480s
 169380 84088 3.9691e+07   70   39 4.3089e+07 3.3542e+07  22.2%  74.7  485s
 171004 84866 3.4455e+07   64   64 4.3089e+07 3.3545e+07  22.2%  74.8  490s
 172716 85769 infeasible   68      4.3089e+07 3.3547e+07  22.1%  74.9  495s
 174744 86766     cutoff   54      4.3089e+07 3.3550e+07  22.1%  75.0  501s
 176430 87678 3.4358e+07   66   50 4.3089e+07 3.3553e+07  22.1%  75.1  505s
 177943 88469 3.3869e+07   54   39 4.3089e+07 3.3555e+07  22.1%  75.2  510s
 179799 89450     cutoff   57      4.3089e+07 3.3558e+07  22.1%  75.3  515s
 181537 90338 3.3759e+07   60   69 4.3089e+07 3.3561e+07  22.1%  75.3  520s
 183067 91093 infeasible   57      4.3089e+07 3.3563e+07  22.1%  75.4  525s
 184880 92051     cutoff   61      4.3089e+07 3.3565e+07  22.1%  75.5  530s
 186658 92904 3.4300e+07   52   48 4.3089e+07 3.3568e+07  22.1%  75.5  535s
 188540 93949 3.4452e+07   51   46 4.3089e+07 3.3570e+07  22.1%  75.5  540s
 190168 94755     cutoff   70      4.3089e+07 3.3572e+07  22.1%  75.6  545s
 191951 95632 3.3991e+07   49   61 4.3089e+07 3.3575e+07  22.1%  75.6  550s
 193696 96544 3.4398e+07   60   43 4.3089e+07 3.3577e+07  22.1%  75.7  555s
 195361 97344 infeasible   60      4.3089e+07 3.3579e+07  22.1%  75.8  560s
 197087 98304 3.5748e+07   69   74 4.3089e+07 3.3581e+07  22.1%  75.8  565s
 198674 99034 3.3944e+07   76   32 4.3089e+07 3.3583e+07  22.1%  75.9  570s
 200306 99759     cutoff   54      4.3089e+07 3.3585e+07  22.1%  76.0  575s
 201928 100598 3.3592e+07   50   36 4.3089e+07 3.3587e+07  22.1%  76.1  580s
 203822 101523     cutoff   63      4.3089e+07 3.3589e+07  22.0%  76.2  585s
 205562 102430 3.4100e+07   62   68 4.3089e+07 3.3592e+07  22.0%  76.3  590s
 207232 103244 3.4220e+07   62   48 4.3089e+07 3.3593e+07  22.0%  76.3  595s
 208951 104086 infeasible   72      4.3089e+07 3.3595e+07  22.0%  76.4  600s
 210613 104799     cutoff   61      4.3089e+07 3.3598e+07  22.0%  76.5  605s
 212211 105572 3.5184e+07   73   80 4.3089e+07 3.3600e+07  22.0%  76.5  610s
 214356 106628 3.4003e+07   51   68 4.3089e+07 3.3603e+07  22.0%  76.6  616s
 216025 107426 infeasible   79      4.3089e+07 3.3604e+07  22.0%  76.7  620s
 217620 108183 3.3960e+07   58   53 4.3089e+07 3.3606e+07  22.0%  76.7  625s
 219280 109028 infeasible   57      4.3089e+07 3.3609e+07  22.0%  76.8  630s
 221040 109954 3.4086e+07   65   48 4.3089e+07 3.3610e+07  22.0%  76.8  635s
 222696 110714 3.4321e+07   52   44 4.3089e+07 3.3612e+07  22.0%  76.9  640s
 224447 111591 3.4488e+07   66   62 4.3089e+07 3.3614e+07  22.0%  76.9  645s
 226270 112501 infeasible   69      4.3089e+07 3.3616e+07  22.0%  77.0  650s
 227892 113333 3.4568e+07   78   61 4.3089e+07 3.3618e+07  22.0%  77.1  655s
 229479 114147 3.4249e+07   68   31 4.3089e+07 3.3619e+07  22.0%  77.1  660s
 231130 114944     cutoff   59      4.3089e+07 3.3621e+07  22.0%  77.2  665s
 232677 115659 3.4120e+07   58   69 4.3089e+07 3.3623e+07  22.0%  77.3  670s
 234667 116652 infeasible   78      4.3089e+07 3.3625e+07  22.0%  77.4  675s
 236250 117398 3.4543e+07   50   43 4.3089e+07 3.3627e+07  22.0%  77.4  681s
 238009 118296 3.4872e+07   75   47 4.3089e+07 3.3629e+07  22.0%  77.5  685s
 239655 119141 3.4934e+07   71   38 4.3089e+07 3.3630e+07  22.0%  77.5  690s
 241283 119979     cutoff   77      4.3089e+07 3.3632e+07  21.9%  77.5  695s
 242933 120856     cutoff   76      4.3089e+07 3.3634e+07  21.9%  77.6  700s
 244529 121619     cutoff   62      4.3089e+07 3.3635e+07  21.9%  77.6  705s
 246160 122450 infeasible   49      4.3089e+07 3.3636e+07  21.9%  77.7  710s
 247725 123211 3.5003e+07   62   79 4.3089e+07 3.3638e+07  21.9%  77.7  715s
 249395 124012 3.4423e+07   60   46 4.3089e+07 3.3639e+07  21.9%  77.8  720s
 251087 124784 3.6413e+07   86   57 4.3089e+07 3.3641e+07  21.9%  77.8  725s
 252887 125633 3.4883e+07   64   36 4.3089e+07 3.3643e+07  21.9%  77.8  730s
 254991 126730 3.4642e+07   79   60 4.3089e+07 3.3644e+07  21.9%  77.8  735s
 255995 127169     cutoff   70      4.3089e+07 3.3645e+07  21.9%  77.9  740s
 257849 128102     cutoff   45      4.3089e+07 3.3647e+07  21.9%  78.0  746s
 259393 128846 infeasible   83      4.3089e+07 3.3648e+07  21.9%  78.0  750s
 261178 129755 infeasible   78      4.3089e+07 3.3650e+07  21.9%  78.0  755s
 262752 130487 3.5570e+07   50   45 4.3089e+07 3.3651e+07  21.9%  78.1  760s
 264340 131259 3.4494e+07   60   32 4.3089e+07 3.3652e+07  21.9%  78.2  765s
 265886 131968 3.4631e+07   74   63 4.3089e+07 3.3654e+07  21.9%  78.2  770s
 267532 132709 3.3673e+07   50   70 4.3089e+07 3.3655e+07  21.9%  78.3  775s
 269094 133449 3.3705e+07   62   37 4.3089e+07 3.3657e+07  21.9%  78.4  780s
 270715 134255 3.4435e+07   57   57 4.3089e+07 3.3658e+07  21.9%  78.4  785s
 272297 134981     cutoff   47      4.3089e+07 3.3660e+07  21.9%  78.5  790s
 274184 135858 infeasible   86      4.3089e+07 3.3662e+07  21.9%  78.5  796s
 275940 136735     cutoff   62      4.3089e+07 3.3663e+07  21.9%  78.5  800s
 277405 137476 3.4909e+07   76   77 4.3089e+07 3.3664e+07  21.9%  78.6  805s
 279171 138422 infeasible   69      4.3089e+07 3.3666e+07  21.9%  78.6  810s
 280711 139040 infeasible   69      4.3089e+07 3.3667e+07  21.9%  78.7  815s
 282401 139845     cutoff   63      4.3089e+07 3.3669e+07  21.9%  78.7  820s
 284022 140594 3.5626e+07   97   76 4.3089e+07 3.3670e+07  21.9%  78.8  825s
 285701 141408 3.4255e+07   76   27 4.3089e+07 3.3671e+07  21.9%  78.8  830s
 287217 142057 3.4566e+07   58   82 4.3089e+07 3.3673e+07  21.9%  78.9  835s
 288395 142576 3.4119e+07   61   23 4.3089e+07 3.3674e+07  21.9%  78.9  840s
 289626 143140 3.3771e+07   54   23 4.3089e+07 3.3675e+07  21.8%  78.9  845s
 291349 144009     cutoff   89      4.3089e+07 3.3676e+07  21.8%  78.9  851s
 292623 144602     cutoff   50      4.3089e+07 3.3678e+07  21.8%  78.9  856s
 293829 145124 3.4494e+07   67   57 4.3089e+07 3.3679e+07  21.8%  79.0  861s
 295068 145689 infeasible   51      4.3089e+07 3.3680e+07  21.8%  79.0  866s
 296224 146167 3.5365e+07   80   59 4.3089e+07 3.3681e+07  21.8%  79.0  871s
 297448 146735 3.4895e+07   63   46 4.3089e+07 3.3682e+07  21.8%  79.1  876s
 298689 147325 infeasible   78      4.3089e+07 3.3683e+07  21.8%  79.1  881s
 299910 147878 3.3772e+07   49   33 4.3089e+07 3.3684e+07  21.8%  79.1  885s
 301121 148379 3.3872e+07   61   33 4.3089e+07 3.3685e+07  21.8%  79.2  890s
 302409 148981 infeasible   82      4.3089e+07 3.3686e+07  21.8%  79.2  895s
 303661 149653 3.5567e+07   95   84 4.3089e+07 3.3687e+07  21.8%  79.2  900s
 304913 150278     cutoff   49      4.3089e+07 3.3688e+07  21.8%  79.2  905s
 306497 151003 3.3846e+07   58   45 4.3089e+07 3.3689e+07  21.8%  79.3  911s
 307726 151581     cutoff   61      4.3089e+07 3.3690e+07  21.8%  79.3  916s
 308927 152159 3.4698e+07   61   65 4.3089e+07 3.3691e+07  21.8%  79.3  921s
 310014 152634 3.4390e+07   74   46 4.3089e+07 3.3691e+07  21.8%  79.4  925s
 311221 153215     cutoff   67      4.3089e+07 3.3692e+07  21.8%  79.4  930s
 312434 153794 3.3871e+07   54   32 4.3089e+07 3.3693e+07  21.8%  79.4  935s
 313644 154393 3.5960e+07   47   53 4.3089e+07 3.3694e+07  21.8%  79.5  940s
 314813 154888 3.3869e+07   57   28 4.3089e+07 3.3694e+07  21.8%  79.5  945s
 316498 155701 3.4451e+07   67   57 4.3089e+07 3.3696e+07  21.8%  79.5  951s
 317730 156271 3.4370e+07   65   73 4.3089e+07 3.3697e+07  21.8%  79.5  956s
 318885 156740 3.4210e+07   70   60 4.3089e+07 3.3698e+07  21.8%  79.6  960s
 320045 157221 3.3764e+07   52   49 4.3089e+07 3.3698e+07  21.8%  79.6  965s
 321176 157669     cutoff   78      4.3089e+07 3.3699e+07  21.8%  79.7  970s
 322696 158311     cutoff   71      4.3089e+07 3.3701e+07  21.8%  79.7  976s
 323953 158887 3.3723e+07   59   52 4.3089e+07 3.3702e+07  21.8%  79.8  981s
 325204 159455 3.3943e+07   50   41 4.3089e+07 3.3703e+07  21.8%  79.8  986s
 326486 160040 3.6838e+07   89  117 4.3089e+07 3.3704e+07  21.8%  79.8  991s
 327675 160583 3.4517e+07   67   59 4.3089e+07 3.3705e+07  21.8%  79.8  996s
 328781 161033 3.5589e+07   71   66 4.3089e+07 3.3705e+07  21.8%  79.9 1001s
 329946 161640 3.4025e+07   69   45 4.3089e+07 3.3706e+07  21.8%  79.9 1005s
 331069 162131 3.8254e+07   64   65 4.3089e+07 3.3707e+07  21.8%  79.9 1010s
 332487 162785 3.4428e+07   58   65 4.3089e+07 3.3708e+07  21.8%  80.0 1015s
 333820 163377     cutoff   70      4.3089e+07 3.3709e+07  21.8%  80.0 1021s
 335112 164006 infeasible   84      4.3089e+07 3.3710e+07  21.8%  80.0 1026s
 336344 164619 3.5316e+07   97   85 4.3089e+07 3.3711e+07  21.8%  80.0 1030s
 337578 165194 3.4624e+07   60   46 4.3089e+07 3.3712e+07  21.8%  80.1 1035s
 338818 165740 3.4476e+07   59   52 4.3089e+07 3.3713e+07  21.8%  80.1 1040s
 339978 166299 3.4652e+07   53   41 4.3089e+07 3.3714e+07  21.8%  80.1 1045s
 341515 166942 3.4690e+07   68   61 4.3089e+07 3.3715e+07  21.8%  80.1 1051s
 342602 167365 infeasible   78      4.3089e+07 3.3716e+07  21.8%  80.2 1055s
 344166 168138 3.3756e+07   46   42 4.3089e+07 3.3717e+07  21.8%  80.2 1060s
 345818 168898     cutoff   60      4.3089e+07 3.3718e+07  21.7%  80.3 1065s
 347400 169582     cutoff   66      4.3089e+07 3.3719e+07  21.7%  80.3 1070s
 349050 170393     cutoff   65      4.3089e+07 3.3720e+07  21.7%  80.3 1075s
 350640 171061     cutoff   50      4.3089e+07 3.3721e+07  21.7%  80.4 1080s
 352262 171750 3.4165e+07   68   54 4.3089e+07 3.3723e+07  21.7%  80.4 1085s
 353808 172373 3.3892e+07   61   48 4.3089e+07 3.3724e+07  21.7%  80.4 1090s
 355411 173127 3.3848e+07   59   14 4.3089e+07 3.3725e+07  21.7%  80.5 1095s
 357091 173869 3.5960e+07   46   57 4.3089e+07 3.3726e+07  21.7%  80.5 1100s
 358681 174505 infeasible   55      4.3089e+07 3.3727e+07  21.7%  80.5 1105s
 360221 175223 3.4866e+07   80   61 4.3089e+07 3.3728e+07  21.7%  80.6 1110s
 361719 175961     cutoff   84      4.3089e+07 3.3729e+07  21.7%  80.6 1115s
 363781 176909 3.4977e+07   58   71 4.3089e+07 3.3731e+07  21.7%  80.7 1120s
 365314 177603 3.4381e+07   58   73 4.3089e+07 3.3732e+07  21.7%  80.7 1125s
 366874 178278     cutoff   63      4.3089e+07 3.3733e+07  21.7%  80.7 1131s
 368606 179070 3.5554e+07   75   41 4.3089e+07 3.3734e+07  21.7%  80.7 1135s
 370143 179802 3.5910e+07   57   52 4.3089e+07 3.3735e+07  21.7%  80.8 1140s
 371720 180537 3.4049e+07   61   21 4.3089e+07 3.3736e+07  21.7%  80.8 1146s
 373146 181122 3.3967e+07   63   51 4.3089e+07 3.3737e+07  21.7%  80.9 1150s
 374717 181850     cutoff   88      4.3089e+07 3.3738e+07  21.7%  80.9 1155s
 376362 182568 3.4248e+07   60   60 4.3089e+07 3.3739e+07  21.7%  81.0 1160s
 377950 183278 3.4738e+07   70   38 4.3089e+07 3.3740e+07  21.7%  81.0 1165s
 379488 183909     cutoff   68      4.3089e+07 3.3741e+07  21.7%  81.0 1170s
 380972 184533     cutoff   61      4.3089e+07 3.3742e+07  21.7%  81.1 1175s
 382537 185277 3.4504e+07   51   76 4.3089e+07 3.3743e+07  21.7%  81.1 1180s
 384060 185922     cutoff   75      4.3089e+07 3.3744e+07  21.7%  81.2 1185s
 385525 186577     cutoff   74      4.3089e+07 3.3745e+07  21.7%  81.2 1190s
 387134 187257 3.4371e+07   62   49 4.3089e+07 3.3746e+07  21.7%  81.2 1195s
 388766 187991 3.3868e+07   40   30 4.3089e+07 3.3747e+07  21.7%  81.3 1200s
 390463 188777 3.4109e+07   60   61 4.3089e+07 3.3748e+07  21.7%  81.3 1205s
 392070 189388 infeasible   95      4.3089e+07 3.3749e+07  21.7%  81.3 1210s
 394022 190246 infeasible   48      4.3089e+07 3.3751e+07  21.7%  81.4 1215s
 395596 190943     cutoff   72      4.3089e+07 3.3752e+07  21.7%  81.4 1221s
 397180 191598 3.4182e+07   68   69 4.3089e+07 3.3753e+07  21.7%  81.4 1226s
 398548 192157 3.5002e+07   52   37 4.3089e+07 3.3754e+07  21.7%  81.5 1230s
 400096 192764 3.4186e+07   69   62 4.3089e+07 3.3755e+07  21.7%  81.6 1235s
 401666 193489 3.4343e+07   77   56 4.3089e+07 3.3756e+07  21.7%  81.6 1240s
 403548 194429 3.4514e+07   57   44 4.3089e+07 3.3757e+07  21.7%  81.6 1246s
 405112 195138 3.3919e+07   51   40 4.3089e+07 3.3758e+07  21.7%  81.6 1250s
 406636 195774 3.4912e+07   59   48 4.3089e+07 3.3759e+07  21.7%  81.7 1255s
 408284 196542 infeasible   68      4.3089e+07 3.3760e+07  21.7%  81.7 1260s
 410097 197295 3.4383e+07   57   68 4.3089e+07 3.3761e+07  21.6%  81.8 1265s
 411838 198135 3.5005e+07   76   90 4.3089e+07 3.3762e+07  21.6%  81.8 1271s
 413403 198766 3.4041e+07   52   21 4.3089e+07 3.3763e+07  21.6%  81.8 1275s
 414821 199347     cutoff   67      4.3089e+07 3.3764e+07  21.6%  81.9 1280s
 416353 200032 3.3889e+07   53   41 4.3089e+07 3.3765e+07  21.6%  81.9 1285s
 418009 200792 3.4142e+07   58   42 4.3089e+07 3.3766e+07  21.6%  81.9 1290s
 419708 201522 3.5682e+07   93   95 4.3089e+07 3.3767e+07  21.6%  82.0 1295s
 421619 202314 infeasible   79      4.3089e+07 3.3769e+07  21.6%  82.0 1301s
 423178 203030 3.3972e+07   50   36 4.3089e+07 3.3769e+07  21.6%  82.0 1306s
 424694 203639 infeasible   60      4.3089e+07 3.3770e+07  21.6%  82.1 1310s
 426206 204274     cutoff   48      4.3089e+07 3.3771e+07  21.6%  82.1 1315s
 427729 204892 3.5208e+07   57   70 4.3089e+07 3.3772e+07  21.6%  82.2 1321s
 428856 205358 3.4897e+07   73   39 4.3089e+07 3.3773e+07  21.6%  82.2 1325s
 430741 206165 3.5044e+07   63   57 4.3089e+07 3.3774e+07  21.6%  82.2 1331s
 432338 206845 3.5390e+07   62   43 4.3089e+07 3.3775e+07  21.6%  82.3 1336s
 433430 207278 3.4239e+07   80   59 4.3089e+07 3.3775e+07  21.6%  82.3 1340s
 435263 208071 3.3967e+07   53   42 4.3089e+07 3.3777e+07  21.6%  82.3 1346s
 436927 208864     cutoff   54      4.3089e+07 3.3777e+07  21.6%  82.4 1351s
 438113 209368 3.4853e+07   69   35 4.3089e+07 3.3778e+07  21.6%  82.4 1355s
 439714 210087 infeasible   63      4.3089e+07 3.3779e+07  21.6%  82.4 1360s
 441297 210801     cutoff   65      4.3089e+07 3.3780e+07  21.6%  82.4 1365s
 442748 211389 infeasible   62      4.3089e+07 3.3781e+07  21.6%  82.5 1370s
 444218 211939 infeasible   73      4.3089e+07 3.3782e+07  21.6%  82.5 1375s
 445805 212724 3.4110e+07   62   36 4.3089e+07 3.3782e+07  21.6%  82.5 1380s
 447308 213410 3.4840e+07   73   69 4.3089e+07 3.3783e+07  21.6%  82.6 1385s
 448713 213895     cutoff   53      4.3089e+07 3.3784e+07  21.6%  82.6 1390s
 450222 214449     cutoff   62      4.3089e+07 3.3785e+07  21.6%  82.7 1395s
 451758 215040 infeasible   87      4.3089e+07 3.3786e+07  21.6%  82.7 1400s
 453415 215795 3.4734e+07   61   50 4.3089e+07 3.3787e+07  21.6%  82.7 1405s
 454911 216345 3.3915e+07   58   61 4.3089e+07 3.3788e+07  21.6%  82.8 1410s
 456364 216985 3.3851e+07   65   40 4.3089e+07 3.3789e+07  21.6%  82.8 1415s
 457978 217737 infeasible   77      4.3089e+07 3.3790e+07  21.6%  82.8 1420s
 459422 218307 3.4493e+07   61   58 4.3089e+07 3.3791e+07  21.6%  82.9 1425s
 460963 218907     cutoff   59      4.3089e+07 3.3792e+07  21.6%  82.9 1430s
 462422 219483     cutoff   75      4.3089e+07 3.3792e+07  21.6%  82.9 1435s
 463793 219972     cutoff   70      4.3089e+07 3.3793e+07  21.6%  83.0 1440s
 465368 220536 infeasible   49      4.3089e+07 3.3794e+07  21.6%  83.0 1445s
 466746 221099 3.3807e+07   40   37 4.3089e+07 3.3795e+07  21.6%  83.1 1451s
 468171 221670 infeasible   63      4.3089e+07 3.3796e+07  21.6%  83.1 1455s
 469380 222188     cutoff   62      4.3089e+07 3.3797e+07  21.6%  83.1 1460s
 470754 222671 3.5493e+07   66   61 4.3089e+07 3.3798e+07  21.6%  83.2 1465s
 472316 223355     cutoff   67      4.3089e+07 3.3799e+07  21.6%  83.2 1471s
 473397 223783 3.4138e+07   67   62 4.3089e+07 3.3799e+07  21.6%  83.3 1475s
 474517 224262 3.4422e+07   50   45 4.3089e+07 3.3800e+07  21.6%  83.3 1480s
 475702 224796 3.9440e+07   84   26 4.3089e+07 3.3800e+07  21.6%  83.3 1485s
 476844 225241     cutoff   87      4.3089e+07 3.3801e+07  21.6%  83.3 1490s
 477976 225727 3.4962e+07   87   78 4.3089e+07 3.3802e+07  21.6%  83.3 1495s
 479103 226232 3.3963e+07   49   23 4.3089e+07 3.3802e+07  21.6%  83.4 1500s
 480232 226698 3.4871e+07   64   36 4.3089e+07 3.3803e+07  21.6%  83.4 1505s
 481793 227357     cutoff   68      4.3089e+07 3.3804e+07  21.5%  83.4 1511s
 482921 227823 3.4136e+07   62   38 4.3089e+07 3.3804e+07  21.5%  83.4 1516s
 484033 228290     cutoff   65      4.3089e+07 3.3805e+07  21.5%  83.5 1520s
 485093 228676 3.5105e+07   70   52 4.3089e+07 3.3806e+07  21.5%  83.5 1525s
 486218 229123     cutoff   72      4.3089e+07 3.3806e+07  21.5%  83.5 1530s
 487694 229741     cutoff   57      4.3089e+07 3.3807e+07  21.5%  83.6 1536s
 488856 230237     cutoff   61      4.3089e+07 3.3808e+07  21.5%  83.6 1541s
 489979 230706 3.4259e+07   56   59 4.3089e+07 3.3808e+07  21.5%  83.6 1545s
 491104 231203 3.3857e+07   61   70 4.3089e+07 3.3809e+07  21.5%  83.6 1550s
 492222 231679 3.4170e+07   53   36 4.3089e+07 3.3810e+07  21.5%  83.6 1555s
 493337 232077 3.4055e+07   61   39 4.3089e+07 3.3810e+07  21.5%  83.7 1560s
 494793 232663 3.4262e+07   61   56 4.3089e+07 3.3811e+07  21.5%  83.7 1566s
 495914 233165 infeasible   84      4.3089e+07 3.3812e+07  21.5%  83.7 1571s
 497110 233647 infeasible   65      4.3089e+07 3.3812e+07  21.5%  83.7 1575s
 498236 234081 3.9620e+07   75   62 4.3089e+07 3.3813e+07  21.5%  83.8 1580s
 499444 234567 3.5289e+07   75   38 4.3089e+07 3.3814e+07  21.5%  83.8 1585s
 500651 235050     cutoff   66      4.3089e+07 3.3814e+07  21.5%  83.8 1590s
 501811 235471 infeasible   57      4.3089e+07 3.3815e+07  21.5%  83.8 1595s
 503009 235968     cutoff   71      4.3089e+07 3.3815e+07  21.5%  83.8 1600s
 504276 236542 infeasible   72      4.3089e+07 3.3816e+07  21.5%  83.9 1605s
 505725 237089 3.5156e+07   70   93 4.3089e+07 3.3817e+07  21.5%  83.9 1611s
 506841 237475 3.4731e+07   68   50 4.3089e+07 3.3817e+07  21.5%  83.9 1616s
 507990 237909 3.3910e+07   67   39 4.3089e+07 3.3818e+07  21.5%  84.0 1621s
 509208 238374     cutoff   73      4.3089e+07 3.3819e+07  21.5%  84.0 1625s
 510361 238842 4.1102e+07   58   70 4.3089e+07 3.3819e+07  21.5%  84.0 1630s
 511500 239326 3.5943e+07   85  112 4.3089e+07 3.3820e+07  21.5%  84.0 1635s
 512618 239741 infeasible   74      4.3089e+07 3.3821e+07  21.5%  84.0 1640s
 513743 240159     cutoff   60      4.3089e+07 3.3821e+07  21.5%  84.1 1645s
 515289 240753 3.4174e+07   61   27 4.3089e+07 3.3822e+07  21.5%  84.1 1651s
 516494 241229 infeasible   67      4.3089e+07 3.3823e+07  21.5%  84.1 1656s
 517267 241499 3.4027e+07   69   41 4.3089e+07 3.3823e+07  21.5%  84.1 1660s
 518408 241930 infeasible   68      4.3089e+07 3.3824e+07  21.5%  84.2 1665s
 519515 242331 3.4367e+07   53   33 4.3089e+07 3.3824e+07  21.5%  84.2 1670s
 520642 242703 3.4028e+07   48   37 4.3089e+07 3.3825e+07  21.5%  84.2 1675s
 521805 243139 3.4534e+07   69   68 4.3089e+07 3.3826e+07  21.5%  84.2 1680s
 522947 243581 3.3826e+07   55   39 4.3089e+07 3.3826e+07  21.5%  84.3 1685s
 524097 244028 3.4213e+07   57   44 4.3089e+07 3.3827e+07  21.5%  84.3 1691s
 525313 244472     cutoff   69      4.3089e+07 3.3827e+07  21.5%  84.3 1696s
 526428 244924 infeasible   76      4.3089e+07 3.3828e+07  21.5%  84.3 1701s
 527600 245442 3.4414e+07   64   36 4.3089e+07 3.3829e+07  21.5%  84.3 1705s
 528720 245910 3.3878e+07   59   32 4.3089e+07 3.3829e+07  21.5%  84.4 1711s
 529859 246390     cutoff   94      4.3089e+07 3.3830e+07  21.5%  84.4 1716s
 530985 246885 3.4816e+07   55   66 4.3089e+07 3.3830e+07  21.5%  84.4 1721s
 531707 247162     cutoff   50      4.3089e+07 3.3831e+07  21.5%  84.4 1725s
 532852 247608 3.4243e+07   58   46 4.3089e+07 3.3831e+07  21.5%  84.4 1730s
 533991 248129     cutoff   69      4.3089e+07 3.3832e+07  21.5%  84.5 1735s
 535087 248561     cutoff   70      4.3089e+07 3.3832e+07  21.5%  84.5 1741s
 536243 249076     cutoff   47      4.3089e+07 3.3833e+07  21.5%  84.5 1746s
 537373 249551 3.4665e+07   62   59 4.3089e+07 3.3833e+07  21.5%  84.5 1751s
 538122 249863     cutoff   58      4.3089e+07 3.3834e+07  21.5%  84.5 1755s
 539680 250560 3.4563e+07   69   36 4.3089e+07 3.3834e+07  21.5%  84.5 1761s
 540686 250893 3.4069e+07   53   42 4.3089e+07 3.3835e+07  21.5%  84.6 1765s
 542221 251523 3.4537e+07   73   72 4.3089e+07 3.3835e+07  21.5%  84.6 1770s
 543778 252083 infeasible   52      4.3089e+07 3.3836e+07  21.5%  84.6 1775s
 545271 252657     cutoff   58      4.3089e+07 3.3837e+07  21.5%  84.7 1781s
 546356 253051 3.4214e+07   61   38 4.3089e+07 3.3838e+07  21.5%  84.7 1785s
 547942 253749 infeasible   75      4.3089e+07 3.3838e+07  21.5%  84.7 1790s
 549490 254294 infeasible   52      4.3089e+07 3.3839e+07  21.5%  84.8 1795s
 550548 254709     cutoff   72      4.3089e+07 3.3840e+07  21.5%  84.8 1800s
 551678 255144 infeasible   55      4.3089e+07 3.3840e+07  21.5%  84.8 1805s
 552831 255607     cutoff   70      4.3089e+07 3.3841e+07  21.5%  84.8 1811s
 553962 256071     cutoff   89      4.3089e+07 3.3841e+07  21.5%  84.8 1816s
 555102 256551 infeasible   63      4.3089e+07 3.3842e+07  21.5%  84.9 1821s
 556335 257005 3.4652e+07   78   73 4.3089e+07 3.3842e+07  21.5%  84.9 1826s
 557341 257334 infeasible   65      4.3089e+07 3.3843e+07  21.5%  84.9 1831s
 558475 257818 infeasible   69      4.3089e+07 3.3843e+07  21.5%  84.9 1836s
 559585 258203 infeasible   83      4.3089e+07 3.3844e+07  21.5%  85.0 1841s
 560278 258433 3.4405e+07   53   52 4.3089e+07 3.3844e+07  21.5%  85.0 1845s
 561333 258746 3.4022e+07   60   38 4.3089e+07 3.3845e+07  21.5%  85.0 1850s
 562476 259151 infeasible   70      4.3089e+07 3.3845e+07  21.5%  85.0 1855s
 563688 259604     cutoff   62      4.3089e+07 3.3846e+07  21.5%  85.1 1861s
 564760 259977 3.4578e+07   54   52 4.3089e+07 3.3846e+07  21.5%  85.1 1866s
 565938 260374     cutoff   76      4.3089e+07 3.3847e+07  21.4%  85.1 1871s
 567025 260715 3.3851e+07   49   47 4.3089e+07 3.3848e+07  21.4%  85.1 1876s
 567745 260991 3.4549e+07   55   72 4.3089e+07 3.3848e+07  21.4%  85.1 1880s
 568923 261412 3.6316e+07   65   58 4.3089e+07 3.3849e+07  21.4%  85.2 1885s
 570097 261894 infeasible   45      4.3089e+07 3.3849e+07  21.4%  85.2 1890s
 571108 262237     cutoff   49      4.3089e+07 3.3850e+07  21.4%  85.2 1895s
 572250 262666 3.4179e+07   70   55 4.3089e+07 3.3851e+07  21.4%  85.2 1900s
 573453 263224     cutoff   47      4.3089e+07 3.3851e+07  21.4%  85.3 1906s
 574492 263677 3.3937e+07   51   24 4.3089e+07 3.3852e+07  21.4%  85.3 1910s
 575626 264114 3.3860e+07   59   30 4.3089e+07 3.3852e+07  21.4%  85.3 1916s
 576715 264562 3.4437e+07   71   51 4.3089e+07 3.3853e+07  21.4%  85.3 1920s
 577783 264957 infeasible   64      4.3089e+07 3.3853e+07  21.4%  85.4 1925s
 578991 265393 3.4115e+07   60   73 4.3089e+07 3.3854e+07  21.4%  85.4 1931s
 580093 265760     cutoff   64      4.3089e+07 3.3855e+07  21.4%  85.4 1936s
 581126 266088 infeasible   56      4.3089e+07 3.3855e+07  21.4%  85.4 1940s
 582148 266448 3.4283e+07   66   44 4.3089e+07 3.3855e+07  21.4%  85.5 1945s
 583173 266829 3.9716e+07   79   54 4.3089e+07 3.3856e+07  21.4%  85.5 1950s
 584170 267181 3.3961e+07   57   45 4.3089e+07 3.3856e+07  21.4%  85.5 1955s
 585298 267592 3.4559e+07   76   83 4.3089e+07 3.3857e+07  21.4%  85.5 1961s
 586403 268042 3.5416e+07   62   42 4.3089e+07 3.3857e+07  21.4%  85.6 1966s
 587541 268471 infeasible   49      4.3089e+07 3.3858e+07  21.4%  85.6 1971s
 588668 268858 infeasible   70      4.3089e+07 3.3858e+07  21.4%  85.6 1976s
 589886 269390     cutoff   80      4.3089e+07 3.3859e+07  21.4%  85.6 1981s
 590514 269579 3.4408e+07   53   57 4.3089e+07 3.3859e+07  21.4%  85.6 1985s
 591609 269982 3.4550e+07   66   60 4.3089e+07 3.3860e+07  21.4%  85.7 1990s
 592801 270426 3.4717e+07   64   39 4.3089e+07 3.3860e+07  21.4%  85.7 1995s
 593878 270832 3.4215e+07   64   22 4.3089e+07 3.3861e+07  21.4%  85.7 2000s
 595002 271247 infeasible   71      4.3089e+07 3.3861e+07  21.4%  85.7 2005s
 596173 271760 3.4305e+07   60   59 4.3089e+07 3.3862e+07  21.4%  85.8 2010s
 597462 272329 infeasible   57      4.3089e+07 3.3862e+07  21.4%  85.7 2015s
 598935 272850 3.4763e+07   53   36 4.3089e+07 3.3863e+07  21.4%  85.8 2020s
 600359 273353     cutoff   58      4.3089e+07 3.3863e+07  21.4%  85.8 2026s
 601625 273823 3.7392e+07   70   88 4.3089e+07 3.3864e+07  21.4%  85.8 2030s
 603077 274332 3.5055e+07   58   77 4.3089e+07 3.3865e+07  21.4%  85.9 2035s
 604608 274954 3.3869e+07   57   57 4.3089e+07 3.3865e+07  21.4%  85.9 2041s
 605819 275442     cutoff   60      4.3089e+07 3.3866e+07  21.4%  85.9 2045s
 607180 275854     cutoff   82      4.3089e+07 3.3867e+07  21.4%  85.9 2050s
 608631 276342 3.5837e+07   89   78 4.3089e+07 3.3867e+07  21.4%  86.0 2055s
 610095 276850 3.4698e+07   57   32 4.3089e+07 3.3868e+07  21.4%  86.0 2060s
 611609 277395 3.4686e+07   63   58 4.3089e+07 3.3869e+07  21.4%  86.0 2066s
 612790 277846 infeasible   65      4.3089e+07 3.3869e+07  21.4%  86.0 2070s
 614302 278399 infeasible   75      4.3089e+07 3.3870e+07  21.4%  86.1 2076s
 615497 278878 3.4163e+07   52   41 4.3089e+07 3.3870e+07  21.4%  86.1 2081s
 616597 279321 3.4032e+07   64   20 4.3089e+07 3.3871e+07  21.4%  86.1 2086s
 617817 279723 3.3949e+07   69   28 4.3089e+07 3.3871e+07  21.4%  86.1 2091s
 618866 280041 3.4219e+07   51   43 4.3089e+07 3.3872e+07  21.4%  86.1 2096s
 619685 280429 3.4717e+07   81   46 4.3089e+07 3.3872e+07  21.4%  86.1 2100s
 621072 280957     cutoff   62      4.3089e+07 3.3873e+07  21.4%  86.2 2106s
 622172 281299 infeasible   77      4.3089e+07 3.3873e+07  21.4%  86.2 2111s
 622914 281583     cutoff   78      4.3089e+07 3.3874e+07  21.4%  86.2 2115s
 624018 281974 3.3951e+07   51   49 4.3089e+07 3.3874e+07  21.4%  86.2 2120s
 625474 282524 infeasible   68      4.3089e+07 3.3875e+07  21.4%  86.3 2126s
 626261 282852 3.4421e+07   69   36 4.3089e+07 3.3875e+07  21.4%  86.3 2130s
 627383 283235 3.5333e+07   47   42 4.3089e+07 3.3876e+07  21.4%  86.3 2135s
 628589 283661 3.4070e+07   58   38 4.3089e+07 3.3876e+07  21.4%  86.3 2140s
 629799 284128 infeasible   59      4.3089e+07 3.3877e+07  21.4%  86.3 2145s
 630926 284443     cutoff   61      4.3089e+07 3.3877e+07  21.4%  86.3 2150s
 632064 284861 infeasible   61      4.3089e+07 3.3878e+07  21.4%  86.4 2155s
 633159 285246     cutoff   69      4.3089e+07 3.3878e+07  21.4%  86.4 2160s
 634258 285630 3.4442e+07   57   38 4.3089e+07 3.3879e+07  21.4%  86.4 2165s
 635598 286013     cutoff   57      4.3089e+07 3.3880e+07  21.4%  86.5 2171s
 636357 286327     cutoff   70      4.3089e+07 3.3880e+07  21.4%  86.5 2175s
 637742 286740 3.5466e+07   57   39 4.3089e+07 3.3880e+07  21.4%  86.5 2181s
 638879 287128 3.4067e+07   70   25 4.3089e+07 3.3881e+07  21.4%  86.6 2186s
 639860 287468 3.4525e+07   70   47 4.3089e+07 3.3881e+07  21.4%  86.6 2190s
 641240 287942     cutoff   75      4.3089e+07 3.3882e+07  21.4%  86.6 2195s
 642695 288421     cutoff   58      4.3089e+07 3.3883e+07  21.4%  86.7 2200s
 643901 288882     cutoff   80      4.3089e+07 3.3883e+07  21.4%  86.7 2205s
 645418 289369 3.4318e+07   60   53 4.3089e+07 3.3884e+07  21.4%  86.7 2210s
 646835 289877 3.4489e+07   63   52 4.3089e+07 3.3885e+07  21.4%  86.7 2216s
 647902 290268     cutoff   85      4.3089e+07 3.3885e+07  21.4%  86.8 2220s
 649012 290685 3.5258e+07   76   48 4.3089e+07 3.3886e+07  21.4%  86.8 2225s
 650429 291154 3.4616e+07   57   17 4.3089e+07 3.3886e+07  21.4%  86.8 2230s
 651673 291624 3.4694e+07   77   66 4.3089e+07 3.3887e+07  21.4%  86.8 2235s
 653082 292105     cutoff   66      4.3089e+07 3.3887e+07  21.4%  86.9 2240s
 654169 292473     cutoff   72      4.3089e+07 3.3888e+07  21.4%  86.9 2245s
 655611 292927 3.5035e+07   67   51 4.3089e+07 3.3889e+07  21.4%  86.9 2251s
 656702 293310     cutoff   58      4.3089e+07 3.3889e+07  21.4%  87.0 2255s
 658238 293873 infeasible   78      4.3089e+07 3.3890e+07  21.3%  87.0 2261s
 659360 294288     cutoff   63      4.3089e+07 3.3890e+07  21.3%  87.0 2265s
 660836 294861 3.5559e+07   74   70 4.3089e+07 3.3891e+07  21.3%  87.0 2271s
 661959 295273     cutoff   56      4.3089e+07 3.3891e+07  21.3%  87.1 2275s
 663423 295720 3.4180e+07   71   60 4.3089e+07 3.3892e+07  21.3%  87.1 2281s
 664584 296133 infeasible   77      4.3089e+07 3.3892e+07  21.3%  87.1 2285s
 666030 296693 infeasible   61      4.3089e+07 3.3893e+07  21.3%  87.2 2291s
 667099 297070 3.4865e+07   72   48 4.3089e+07 3.3893e+07  21.3%  87.2 2295s
 668626 297611 infeasible   70      4.3089e+07 3.3894e+07  21.3%  87.2 2301s
 669746 297986 3.4171e+07   61   66 4.3089e+07 3.3894e+07  21.3%  87.2 2305s
 670887 298324 3.4677e+07   62   29 4.3089e+07 3.3895e+07  21.3%  87.2 2310s
 672354 298853 infeasible   77      4.3089e+07 3.3895e+07  21.3%  87.3 2315s
 673444 299205 infeasible   55      4.3089e+07 3.3896e+07  21.3%  87.3 2320s
 674991 299728     cutoff   75      4.3089e+07 3.3897e+07  21.3%  87.3 2326s
 676142 300155 3.4899e+07   62   36 4.3089e+07 3.3897e+07  21.3%  87.3 2330s
 677589 300684     cutoff   55      4.3089e+07 3.3898e+07  21.3%  87.4 2336s
 678776 301092 3.3959e+07   59   50 4.3089e+07 3.3898e+07  21.3%  87.4 2340s
 680168 301581     cutoff   51      4.3089e+07 3.3899e+07  21.3%  87.4 2346s
 681342 302030 3.4027e+07   50   33 4.3089e+07 3.3899e+07  21.3%  87.4 2350s
 682749 302442     cutoff   64      4.3089e+07 3.3900e+07  21.3%  87.4 2356s
 683834 302815 3.4476e+07   72   79 4.3089e+07 3.3901e+07  21.3%  87.5 2360s
 685224 303285     cutoff   61      4.3089e+07 3.3901e+07  21.3%  87.5 2366s
 686413 303722 infeasible   79      4.3089e+07 3.3902e+07  21.3%  87.5 2370s
 687832 304172 3.3904e+07   59   47 4.3089e+07 3.3902e+07  21.3%  87.6 2376s
 688963 304538     cutoff   66      4.3089e+07 3.3903e+07  21.3%  87.6 2380s
 690033 304938 3.4683e+07   53   43 4.3089e+07 3.3903e+07  21.3%  87.6 2385s
 691458 305415     cutoff   84      4.3089e+07 3.3904e+07  21.3%  87.6 2390s
 692964 305959 infeasible   67      4.3089e+07 3.3905e+07  21.3%  87.7 2396s
 694036 306279 infeasible   73      4.3089e+07 3.3905e+07  21.3%  87.7 2400s
 695166 306724 3.4797e+07   63   42 4.3089e+07 3.3906e+07  21.3%  87.7 2405s
 696593 307169     cutoff   70      4.3089e+07 3.3906e+07  21.3%  87.7 2410s
 697685 307523 3.5317e+07   64   36 4.3089e+07 3.3907e+07  21.3%  87.7 2415s
 699220 308010 infeasible   68      4.3089e+07 3.3907e+07  21.3%  87.8 2420s
 700328 308385 3.4471e+07   75   53 4.3089e+07 3.3908e+07  21.3%  87.8 2425s
 701699 308868 infeasible   51      4.3089e+07 3.3908e+07  21.3%  87.8 2430s
 703229 309404 3.4704e+07   59   73 4.3089e+07 3.3909e+07  21.3%  87.8 2436s
 704295 309724 3.4519e+07   58   45 4.3089e+07 3.3909e+07  21.3%  87.9 2440s
 705786 310188 3.4483e+07   65   47 4.3089e+07 3.3910e+07  21.3%  87.9 2446s
 707017 310657     cutoff   80      4.3089e+07 3.3910e+07  21.3%  87.9 2450s
 708538 311205     cutoff   63      4.3089e+07 3.3911e+07  21.3%  87.9 2456s
 709653 311560 3.5048e+07   68   61 4.3089e+07 3.3911e+07  21.3%  88.0 2460s
 710763 311932 3.4573e+07   76   44 4.3089e+07 3.3912e+07  21.3%  88.0 2465s
 712207 312373     cutoff   66      4.3089e+07 3.3912e+07  21.3%  88.0 2470s
 713648 312801     cutoff   59      4.3089e+07 3.3913e+07  21.3%  88.1 2476s
 714717 313125     cutoff   69      4.3089e+07 3.3913e+07  21.3%  88.1 2480s
 716240 313594 3.4099e+07   64   53 4.3089e+07 3.3914e+07  21.3%  88.1 2485s
 717341 314004 3.4769e+07   97   63 4.3089e+07 3.3914e+07  21.3%  88.1 2490s
 718766 314517 3.4380e+07   58   50 4.3089e+07 3.3915e+07  21.3%  88.1 2495s
 719984 314945 3.5385e+07   76   53 4.3089e+07 3.3915e+07  21.3%  88.2 2500s
 721544 315471 3.5183e+07   79   91 4.3089e+07 3.3916e+07  21.3%  88.2 2506s
 722626 315797 infeasible   81      4.3089e+07 3.3917e+07  21.3%  88.2 2510s
 724059 316280 3.4293e+07   58   73 4.3089e+07 3.3917e+07  21.3%  88.2 2516s
 725182 316658 3.4440e+07   63   29 4.3089e+07 3.3917e+07  21.3%  88.2 2520s
 726647 317143 infeasible   74      4.3089e+07 3.3918e+07  21.3%  88.3 2525s
 728133 317684 3.4399e+07   56   77 4.3089e+07 3.3919e+07  21.3%  88.3 2531s
 729188 317985 3.4767e+07   56   30 4.3089e+07 3.3919e+07  21.3%  88.3 2535s
 730720 318594 3.4413e+07   67   74 4.3089e+07 3.3920e+07  21.3%  88.3 2541s
 731805 318933 3.4638e+07   53   49 4.3089e+07 3.3920e+07  21.3%  88.4 2545s
 733144 319284 3.4608e+07   66   62 4.3089e+07 3.3921e+07  21.3%  88.4 2550s
 734707 319913     cutoff   73      4.3089e+07 3.3921e+07  21.3%  88.4 2556s
 735749 320267 3.4036e+07   70   33 4.3089e+07 3.3922e+07  21.3%  88.4 2560s
 737249 320767     cutoff   60      4.3089e+07 3.3922e+07  21.3%  88.5 2565s
 738664 321224 3.4238e+07   58   60 4.3089e+07 3.3923e+07  21.3%  88.5 2571s
 739728 321577 3.4585e+07   70   57 4.3089e+07 3.3923e+07  21.3%  88.5 2575s
 740753 321943 infeasible   68      4.3089e+07 3.3924e+07  21.3%  88.5 2580s
 742204 322424 3.4804e+07   78   45 4.3089e+07 3.3924e+07  21.3%  88.6 2585s
 743712 323027 infeasible   49      4.3089e+07 3.3925e+07  21.3%  88.6 2591s
 744773 323357     cutoff   75      4.3089e+07 3.3925e+07  21.3%  88.6 2595s
 746189 323770 3.3959e+07   57   50 4.3089e+07 3.3925e+07  21.3%  88.6 2601s
 747275 324121     cutoff   65      4.3089e+07 3.3926e+07  21.3%  88.7 2605s
 748775 324691 infeasible   63      4.3089e+07 3.3926e+07  21.3%  88.7 2610s
 749957 325134 3.4294e+07   58   41 4.3089e+07 3.3927e+07  21.3%  88.7 2615s
 751428 325548 3.5078e+07   69  103 4.3089e+07 3.3927e+07  21.3%  88.7 2621s
 752511 325873     cutoff   69      4.3089e+07 3.3928e+07  21.3%  88.7 2625s
 753962 326329     cutoff   59      4.3089e+07 3.3928e+07  21.3%  88.8 2630s
 755111 326708 infeasible   75      4.3089e+07 3.3929e+07  21.3%  88.8 2635s
 756558 327178 3.4294e+07   59   41 4.3089e+07 3.3930e+07  21.3%  88.8 2640s
 757697 327558     cutoff   63      4.3089e+07 3.3930e+07  21.3%  88.8 2645s
 759133 328047 3.4081e+07   47   57 4.3089e+07 3.3931e+07  21.3%  88.9 2650s
 760342 328439     cutoff   57      4.3089e+07 3.3931e+07  21.3%  88.9 2655s
 761751 328934 3.4464e+07   76   61 4.3089e+07 3.3932e+07  21.3%  88.9 2660s
 763168 329347     cutoff   66      4.3089e+07 3.3932e+07  21.3%  88.9 2665s
 764499 329755     cutoff   74      4.3089e+07 3.3933e+07  21.2%  89.0 2671s
 765686 330206 3.4822e+07   80   58 4.3089e+07 3.3933e+07  21.2%  89.0 2675s
 767205 330759     cutoff   56      4.3089e+07 3.3934e+07  21.2%  89.0 2680s
 768347 331160     cutoff   58      4.3089e+07 3.3934e+07  21.2%  89.0 2685s
 769828 331636     cutoff   57      4.3089e+07 3.3935e+07  21.2%  89.0 2690s
 771332 332137 3.4409e+07   59   43 4.3089e+07 3.3935e+07  21.2%  89.1 2696s
 772465 332462 3.4512e+07   70   60 4.3089e+07 3.3936e+07  21.2%  89.1 2700s
 773970 332969 3.4204e+07   56   40 4.3089e+07 3.3936e+07  21.2%  89.1 2706s
 775010 333249     cutoff   51      4.3089e+07 3.3937e+07  21.2%  89.1 2710s
 776400 333630     cutoff   57      4.3089e+07 3.3937e+07  21.2%  89.1 2715s
 777542 333984 infeasible   86      4.3089e+07 3.3938e+07  21.2%  89.2 2720s
 778975 334366     cutoff   73      4.3089e+07 3.3938e+07  21.2%  89.2 2725s
 780397 334844 3.4842e+07   61   76 4.3089e+07 3.3939e+07  21.2%  89.2 2731s
 781558 335281 3.4706e+07   71   67 4.3089e+07 3.3939e+07  21.2%  89.2 2735s
 782991 335745 3.5057e+07   66   78 4.3089e+07 3.3940e+07  21.2%  89.3 2741s
 784105 336159 3.4770e+07   68   62 4.3089e+07 3.3940e+07  21.2%  89.3 2745s
 785549 336584     cutoff   71      4.3089e+07 3.3941e+07  21.2%  89.3 2751s
 786669 336934     cutoff   70      4.3089e+07 3.3941e+07  21.2%  89.3 2755s
 788165 337422 3.4360e+07   61   74 4.3089e+07 3.3942e+07  21.2%  89.4 2760s
 789620 337888 3.4234e+07   65   18 4.3089e+07 3.3942e+07  21.2%  89.4 2766s
 790719 338294 infeasible   70      4.3089e+07 3.3943e+07  21.2%  89.4 2770s
 791929 338760 infeasible   64      4.3089e+07 3.3943e+07  21.2%  89.4 2775s
 793390 339291 3.4066e+07   47   38 4.3089e+07 3.3943e+07  21.2%  89.4 2780s
 794808 339705     cutoff   75      4.3089e+07 3.3944e+07  21.2%  89.4 2786s
 795871 340024 infeasible   59      4.3089e+07 3.3944e+07  21.2%  89.5 2790s
 797324 340491 3.4160e+07   68   39 4.3089e+07 3.3945e+07  21.2%  89.5 2795s
 798461 340869 3.4611e+07   71   55 4.3089e+07 3.3945e+07  21.2%  89.5 2800s
 799926 341363 infeasible   76      4.3089e+07 3.3946e+07  21.2%  89.5 2805s
 800974 341694 3.4203e+07   67   60 4.3089e+07 3.3946e+07  21.2%  89.6 2810s
 802475 342233     cutoff   61      4.3089e+07 3.3947e+07  21.2%  89.6 2815s
 803496 342520 3.5081e+07   75   51 4.3089e+07 3.3947e+07  21.2%  89.6 2820s
 804855 342857 3.4450e+07   67   38 4.3089e+07 3.3948e+07  21.2%  89.6 2825s
 806284 343306 3.5362e+07   59   49 4.3089e+07 3.3948e+07  21.2%  89.7 2831s
 807339 343652 infeasible   68      4.3089e+07 3.3949e+07  21.2%  89.7 2835s
 808908 344188     cutoff   56      4.3089e+07 3.3949e+07  21.2%  89.7 2840s
 809997 344515 3.3982e+07   49   48 4.3089e+07 3.3950e+07  21.2%  89.7 2845s
 811502 345027 infeasible   65      4.3089e+07 3.3950e+07  21.2%  89.7 2850s
 812522 345333     cutoff   78      4.3089e+07 3.3951e+07  21.2%  89.8 2856s
 813619 345723 3.4055e+07   61   49 4.3089e+07 3.3951e+07  21.2%  89.8 2860s
 815090 346202 3.4228e+07   56   48 4.3089e+07 3.3952e+07  21.2%  89.8 2866s
 816188 346477     cutoff   79      4.3089e+07 3.3952e+07  21.2%  89.8 2870s
 817651 346880     cutoff   64      4.3089e+07 3.3953e+07  21.2%  89.8 2875s
 818866 347267 3.4042e+07   61   60 4.3089e+07 3.3953e+07  21.2%  89.8 2880s
 820274 347710 3.4305e+07   59   67 4.3089e+07 3.3954e+07  21.2%  89.9 2885s
 821703 348149 3.5488e+07   72   74 4.3089e+07 3.3954e+07  21.2%  89.9 2891s
 822711 348499 infeasible   88      4.3089e+07 3.3955e+07  21.2%  89.9 2895s
 823788 348824     cutoff   67      4.3089e+07 3.3955e+07  21.2%  89.9 2900s
 825204 349268     cutoff   78      4.3089e+07 3.3955e+07  21.2%  90.0 2905s
 826262 349594 3.6263e+07   54   45 4.3089e+07 3.3956e+07  21.2%  90.0 2910s
 827657 350013 infeasible   55      4.3089e+07 3.3957e+07  21.2%  90.0 2915s
 828763 350422     cutoff   62      4.3089e+07 3.3957e+07  21.2%  90.0 2920s
 830176 350836 infeasible   50      4.3089e+07 3.3958e+07  21.2%  90.1 2925s
 831513 351175     cutoff   66      4.3089e+07 3.3958e+07  21.2%  90.1 2931s
 832596 351461     cutoff   68      4.3089e+07 3.3958e+07  21.2%  90.1 2935s
 833648 351746 infeasible   65      4.3089e+07 3.3959e+07  21.2%  90.1 2940s
 835134 352242 3.4261e+07   59   75 4.3089e+07 3.3959e+07  21.2%  90.2 2945s
 836509 352677 3.4351e+07   55   64 4.3089e+07 3.3960e+07  21.2%  90.2 2951s
 837508 352992 3.4003e+07   58   51 4.3089e+07 3.3960e+07  21.2%  90.2 2955s
 839045 353556 infeasible   66      4.3089e+07 3.3961e+07  21.2%  90.2 2961s
 840223 353977 3.4519e+07   65   80 4.3089e+07 3.3961e+07  21.2%  90.2 2965s
 841307 354300 infeasible   56      4.3089e+07 3.3962e+07  21.2%  90.2 2971s
 842439 354754     cutoff   74      4.3089e+07 3.3962e+07  21.2%  90.3 2976s
 843136 354983 infeasible   67      4.3089e+07 3.3962e+07  21.2%  90.3 2980s
 844258 355369 3.5068e+07   76   90 4.3089e+07 3.3963e+07  21.2%  90.3 2985s
 845370 355694 3.4174e+07   67   41 4.3089e+07 3.3963e+07  21.2%  90.3 2991s
 846524 356099 3.4491e+07   71   57 4.3089e+07 3.3963e+07  21.2%  90.3 2996s
 847282 356346 3.4315e+07   54   23 4.3089e+07 3.3964e+07  21.2%  90.3 3000s
 848463 356755 3.4124e+07   58   47 4.3089e+07 3.3964e+07  21.2%  90.3 3005s
 849528 357180 3.4134e+07   54   78 4.3089e+07 3.3964e+07  21.2%  90.3 3011s
 850092 357364     cutoff   74      4.3089e+07 3.3965e+07  21.2%  90.3 3015s
 851115 357648 infeasible   68      4.3089e+07 3.3965e+07  21.2%  90.4 3020s
 852159 357971 3.4731e+07   84   37 4.3089e+07 3.3965e+07  21.2%  90.4 3026s
 853304 358317 3.4792e+07   58   69 4.3089e+07 3.3966e+07  21.2%  90.4 3031s
 854001 358512 3.4140e+07   51   37 4.3089e+07 3.3966e+07  21.2%  90.4 3036s
 854570 358692     cutoff   63      4.3089e+07 3.3966e+07  21.2%  90.4 3040s
 855570 359049     cutoff   74      4.3089e+07 3.3966e+07  21.2%  90.5 3045s
 856673 359387 3.5267e+07   62   55 4.3089e+07 3.3967e+07  21.2%  90.5 3050s
 857630 359666 infeasible   74      4.3089e+07 3.3967e+07  21.2%  90.5 3056s
 858756 360046 3.4212e+07   56   61 4.3089e+07 3.3967e+07  21.2%  90.5 3061s
 859524 360308 infeasible   73      4.3089e+07 3.3968e+07  21.2%  90.5 3065s
 860636 360608     cutoff   49      4.3089e+07 3.3968e+07  21.2%  90.5 3070s
 861750 360959 3.5690e+07   78   58 4.3089e+07 3.3969e+07  21.2%  90.6 3075s
 862884 361320 infeasible   76      4.3089e+07 3.3969e+07  21.2%  90.6 3081s
 863986 361652 3.4726e+07   69   49 4.3089e+07 3.3969e+07  21.2%  90.6 3086s
 864722 361906 3.5817e+07   87   82 4.3089e+07 3.3970e+07  21.2%  90.6 3090s
 865841 362275 3.4265e+07   72   38 4.3089e+07 3.3970e+07  21.2%  90.6 3095s
 866888 362528 3.4852e+07   57  100 4.3089e+07 3.3970e+07  21.2%  90.6 3100s
 867970 362817 infeasible   75      4.3089e+07 3.3971e+07  21.2%  90.7 3106s
 869083 363170 3.5027e+07   64   56 4.3089e+07 3.3971e+07  21.2%  90.7 3111s
 869779 363331 3.4077e+07   49   39 4.3089e+07 3.3971e+07  21.2%  90.7 3115s
 870942 363717 3.4507e+07   64   57 4.3089e+07 3.3972e+07  21.2%  90.7 3120s
 872005 364046 infeasible   82      4.3089e+07 3.3972e+07  21.2%  90.7 3125s
 873121 364372 3.4074e+07   52   21 4.3089e+07 3.3973e+07  21.2%  90.7 3131s
 874207 364741 infeasible   58      4.3089e+07 3.3973e+07  21.2%  90.7 3136s
 874937 364958     cutoff   66      4.3089e+07 3.3973e+07  21.2%  90.8 3140s
 875993 365277 3.5003e+07   64   51 4.3089e+07 3.3974e+07  21.2%  90.8 3145s
 877075 365583 3.4028e+07   61   38 4.3089e+07 3.3974e+07  21.2%  90.8 3150s
 878096 365771     cutoff   53      4.3089e+07 3.3975e+07  21.2%  90.8 3156s
 879207 366192 3.4495e+07   68   44 4.3089e+07 3.3975e+07  21.2%  90.8 3161s
 879924 366395     cutoff   71      4.3089e+07 3.3975e+07  21.2%  90.9 3165s
 881036 366776 3.5563e+07   69   50 4.3089e+07 3.3976e+07  21.2%  90.9 3170s
 882176 367216 3.4088e+07   60   46 4.3089e+07 3.3976e+07  21.1%  90.9 3175s
 883365 367624 3.4434e+07   65   55 4.3089e+07 3.3976e+07  21.1%  90.9 3181s
 884383 367867 3.4240e+07   69   46 4.3089e+07 3.3977e+07  21.1%  90.9 3186s
 885091 368118 3.4718e+07   63   72 4.3089e+07 3.3977e+07  21.1%  90.9 3190s
 886207 368435 3.4654e+07   55   31 4.3089e+07 3.3977e+07  21.1%  90.9 3195s
 887354 368829 3.5275e+07   72   53 4.3089e+07 3.3978e+07  21.1%  90.9 3200s
 888461 369128     cutoff   68      4.3089e+07 3.3978e+07  21.1%  91.0 3206s
 889468 369407 3.4147e+07   57   34 4.3089e+07 3.3979e+07  21.1%  91.0 3210s
 890288 369610 3.4196e+07   64   46 4.3089e+07 3.3979e+07  21.1%  91.0 3215s
 891438 370019 3.4022e+07   70   41 4.3089e+07 3.3979e+07  21.1%  91.0 3220s
 892437 370313 3.6425e+07   54   89 4.3089e+07 3.3980e+07  21.1%  91.0 3226s
 893586 370681 3.4165e+07   65   81 4.3089e+07 3.3980e+07  21.1%  91.0 3231s
 894260 370905     cutoff   80      4.3089e+07 3.3980e+07  21.1%  91.1 3235s
 895372 371306 3.4210e+07   69   42 4.3089e+07 3.3981e+07  21.1%  91.1 3240s
 896901 371718     cutoff   62      4.3089e+07 3.3981e+07  21.1%  91.1 3246s
 897914 371953 3.4130e+07   66   31 4.3089e+07 3.3981e+07  21.1%  91.1 3250s
 899080 372367 3.4929e+07   73   33 4.3089e+07 3.3982e+07  21.1%  91.1 3255s
 900447 372831 3.4056e+07   49   61 4.3089e+07 3.3982e+07  21.1%  91.2 3261s
 901555 373157     cutoff   77      4.3089e+07 3.3983e+07  21.1%  91.2 3265s
 902739 373511 3.3986e+07   50   32 4.3089e+07 3.3983e+07  21.1%  91.2 3270s
 904097 373903     cutoff   54      4.3089e+07 3.3984e+07  21.1%  91.2 3275s
 905245 374271 3.3996e+07   65   52 4.3089e+07 3.3984e+07  21.1%  91.2 3280s
 906282 374527     cutoff   64      4.3089e+07 3.3984e+07  21.1%  91.3 3285s
 907790 374996     cutoff   59      4.3089e+07 3.3985e+07  21.1%  91.3 3291s
 908905 375342     cutoff   64      4.3089e+07 3.3985e+07  21.1%  91.3 3295s
 910397 375856 3.4424e+07   59   53 4.3089e+07 3.3986e+07  21.1%  91.3 3301s
 911437 376176 3.9294e+07   66   40 4.3089e+07 3.3986e+07  21.1%  91.3 3305s
 912508 376451     cutoff   86      4.3089e+07 3.3986e+07  21.1%  91.4 3310s
 913979 376865 3.4224e+07   69   36 4.3089e+07 3.3987e+07  21.1%  91.4 3316s
 915120 377238 3.4322e+07   53   35 4.3089e+07 3.3987e+07  21.1%  91.4 3320s
 916272 377663 3.3999e+07   60   28 4.3089e+07 3.3988e+07  21.1%  91.4 3325s
 917859 378200 3.4961e+07   57   36 4.3089e+07 3.3988e+07  21.1%  91.4 3331s
 918881 378471     cutoff   72      4.3089e+07 3.3989e+07  21.1%  91.4 3335s
 920009 378883     cutoff   73      4.3089e+07 3.3989e+07  21.1%  91.4 3340s
 921476 379323 infeasible   63      4.3089e+07 3.3989e+07  21.1%  91.5 3346s
 922636 379678 infeasible   69      4.3089e+07 3.3990e+07  21.1%  91.5 3350s
 924084 380090 infeasible   75      4.3089e+07 3.3990e+07  21.1%  91.5 3356s
 925241 380493 infeasible   62      4.3089e+07 3.3991e+07  21.1%  91.5 3360s
 926399 380912     cutoff   84      4.3089e+07 3.3991e+07  21.1%  91.5 3365s
 927493 381255 infeasible   70      4.3089e+07 3.3991e+07  21.1%  91.5 3370s
 928892 381704     cutoff   76      4.3089e+07 3.3992e+07  21.1%  91.6 3375s
 929982 382022 infeasible   67      4.3089e+07 3.3992e+07  21.1%  91.6 3380s
 931378 382380     cutoff   60      4.3089e+07 3.3993e+07  21.1%  91.6 3386s
 932480 382679 3.4491e+07   73   63 4.3089e+07 3.3993e+07  21.1%  91.6 3391s
 933493 382897 3.4243e+07   43   48 4.3089e+07 3.3994e+07  21.1%  91.6 3395s
 934913 383314 infeasible   61      4.3089e+07 3.3994e+07  21.1%  91.7 3401s
 936036 383631 3.5063e+07   64   46 4.3089e+07 3.3994e+07  21.1%  91.7 3405s
 937260 384050 3.4127e+07   51   39 4.3089e+07 3.3995e+07  21.1%  91.7 3411s
 938405 384493 3.5497e+07   97   92 4.3089e+07 3.3995e+07  21.1%  91.7 3415s
 939824 384869 3.4995e+07   67   54 4.3089e+07 3.3996e+07  21.1%  91.7 3421s
 940975 385209 3.4613e+07   67   52 4.3089e+07 3.3996e+07  21.1%  91.7 3425s
 942061 385531 3.4237e+07   44   43 4.3089e+07 3.3996e+07  21.1%  91.8 3430s
 943175 385905 infeasible   59      4.3089e+07 3.3997e+07  21.1%  91.8 3435s
 944602 386340 3.3999e+07   64   32 4.3089e+07 3.3997e+07  21.1%  91.8 3440s
 945573 386574 3.4175e+07   58   64 4.3089e+07 3.3997e+07  21.1%  91.8 3445s
 946967 386947     cutoff   50      4.3089e+07 3.3998e+07  21.1%  91.9 3451s
 948002 387263 infeasible   60      4.3089e+07 3.3998e+07  21.1%  91.9 3455s
 949036 387546 3.4111e+07   57   65 4.3089e+07 3.3999e+07  21.1%  91.9 3460s
 950456 387982 3.4010e+07   57   61 4.3089e+07 3.3999e+07  21.1%  91.9 3466s
 951465 388255 infeasible   61      4.3089e+07 3.3999e+07  21.1%  91.9 3470s
 952440 388493 infeasible   54      4.3089e+07 3.4000e+07  21.1%  92.0 3475s
 954018 389047 infeasible   84      4.3089e+07 3.4000e+07  21.1%  92.0 3481s
 955115 389389 infeasible   74      4.3089e+07 3.4000e+07  21.1%  92.0 3485s
 956219 389750     cutoff   89      4.3089e+07 3.4001e+07  21.1%  92.0 3490s
 957658 390090     cutoff   57      4.3089e+07 3.4001e+07  21.1%  92.0 3496s
 958814 390440 3.4121e+07   51   39 4.3089e+07 3.4002e+07  21.1%  92.0 3501s
 959923 390733 3.4707e+07   67   40 4.3089e+07 3.4002e+07  21.1%  92.1 3506s
 960664 390961 3.4779e+07   75   39 4.3089e+07 3.4002e+07  21.1%  92.1 3510s
 961772 391334     cutoff   70      4.3089e+07 3.4003e+07  21.1%  92.1 3515s
 962839 391658 3.4438e+07   57   72 4.3089e+07 3.4003e+07  21.1%  92.1 3521s
 963623 391914     cutoff   62      4.3089e+07 3.4003e+07  21.1%  92.1 3525s
 964672 392216     cutoff   72      4.3089e+07 3.4004e+07  21.1%  92.1 3530s
 965809 392496     cutoff   59      4.3089e+07 3.4004e+07  21.1%  92.1 3536s
 966529 392693 3.4084e+07   79   48 4.3089e+07 3.4004e+07  21.1%  92.1 3540s
 967634 393038 3.4985e+07   77   64 4.3089e+07 3.4005e+07  21.1%  92.2 3546s
 968744 393375     cutoff   60      4.3089e+07 3.4005e+07  21.1%  92.2 3551s
 969507 393576 3.5017e+07   58   33 4.3089e+07 3.4005e+07  21.1%  92.2 3555s
 970503 393838     cutoff   54      4.3089e+07 3.4006e+07  21.1%  92.2 3561s
 971469 394042     cutoff   64      4.3089e+07 3.4006e+07  21.1%  92.2 3566s
 972584 394427     cutoff   92      4.3089e+07 3.4007e+07  21.1%  92.2 3571s
 973319 394639 3.5154e+07   57   40 4.3089e+07 3.4007e+07  21.1%  92.2 3575s
 974328 394879     cutoff   62      4.3089e+07 3.4007e+07  21.1%  92.3 4282s
 975077 395086 3.4053e+07   67   37 4.3089e+07 3.4007e+07  21.1%  92.3 4287s
 975827 395286 3.4129e+07   56   39 4.3089e+07 3.4008e+07  21.1%  92.3 4291s
 976524 395478 infeasible   70      4.3089e+07 3.4008e+07  21.1%  92.3 4296s
