
Gurobi 6.0.4 (win64) logging started 06/14/15 16:30:27

Read LP format model from file C:\MT\repository\VRPTWMS\instances\mip\freight\N9-C_DV10-C_SV50_F20_5_No_1.lp
Reading time = 0.01 seconds
(null): 433 rows, 261 columns, 1839 nonzeros
Optimize a model with 433 rows, 261 columns and 1839 nonzeros
Model has 900 quadratic constraints
WARNING: Only barrier available for SOCP models
Coefficient statistics:
  Matrix range    [1e+00, 1e+02]
  Objective range [4e+00, 1e+03]
  Bounds range    [1e+00, 1e+02]
  RHS range       [1e+00, 1e+02]
Presolve removed 45 rows and 16 columns
Presolve time: 0.07s
Presolved: 2443 rows, 1313 columns, 11674 nonzeros
Variable types: 987 continuous, 326 integer (268 binary)
Found heuristic solution: objective 9376.8600000
Optimize a model with 2443 rows, 1313 columns and 11674 nonzeros
Coefficient statistics:
  Matrix range    [1e+00, 1e+02]
  Objective range [4e+00, 1e+03]
  Bounds range    [1e+00, 1e+02]
  RHS range       [1e+00, 1e+02]

Concurrent LP optimizer: dual simplex and barrier
Showing barrier log only...

Presolve removed 124 rows and 60 columns
Presolved: 2319 rows, 1255 columns, 11030 nonzeros

Root barrier log...

Ordering time: 0.00s

Barrier performed 0 iterations in 0.10 seconds
Barrier solve interrupted - model solved by another algorithm


Solved with dual simplex
Solved in 146 iterations and 0.10 seconds
Optimal objective  1.344434483e+02

Root relaxation: objective 1.344434e+02, 146 iterations, 0.02 seconds

    Nodes    |    Current Node    |     Objective Bounds      |     Work
 Expl Unexpl |  Obj  Depth IntInf | Incumbent    BestBd   Gap | It/Node Time

     0     0  134.44345    0   64 9376.86000  134.44345  98.6%     -    0s
H    0     0                    7333.2400000  134.44345  98.2%     -    0s
     0     0  192.46986    0   81 7333.24000  192.46986  97.4%     -    0s
H    0     0                    7292.1900000  192.46986  97.4%     -    0s
H    0     0                    6288.3000000  192.46986  96.9%     -    0s
     0     0 1130.55700    0   28 6288.30000 1130.55700  82.0%     -    0s
H    0     0                    6263.3600000 1130.55700  81.9%     -    0s
H    0     0                    4316.9000000 1130.55700  73.8%     -    0s
     0     0 1136.74933    0   82 4316.90000 1136.74933  73.7%     -    0s
     0     0 1136.75459    0   97 4316.90000 1136.75459  73.7%     -    0s
H    0     0                    4245.0700000 1136.75459  73.2%     -    0s
     0     0 1136.76511    0   90 4245.07000 1136.76511  73.2%     -    0s
H    0     0                    4203.1600000 1136.76511  73.0%     -    0s
     0     0 1136.76511    0   87 4203.16000 1136.76511  73.0%     -    0s
     0     0 1136.76511    0   91 4203.16000 1136.76511  73.0%     -    0s
     0     0 1136.76511    0   87 4203.16000 1136.76511  73.0%     -    0s
     0     0 1136.76511    0   93 4203.16000 1136.76511  73.0%     -    0s
     0     0 1136.76511    0   93 4203.16000 1136.76511  73.0%     -    0s
     0     0 1136.76511    0   90 4203.16000 1136.76511  73.0%     -    0s
     0     2 1136.76511    0   90 4203.16000 1136.76511  73.0%     -    0s
*  699   426              24    3319.0100000 1160.55115  65.0%  45.1    1s
H  734   424                    3250.6700000 1160.55115  64.3%  45.0    2s
H  755   416                    3243.8000000 1180.17321  63.6%  43.8    4s
   760   419 3243.80000   23  123 3243.80000 1180.47050  63.6%  43.5    5s
  1441   608 1306.09793   28   95 3243.80000 1191.22500  63.3%  67.4   10s
H 2066   800                    3239.4100000 1192.53625  63.2%  70.8   13s
  2311   945 2224.63500   32   73 3239.41000 1193.93143  63.1%  70.7   15s
H 2317   946                    3236.7000000 1193.93143  63.1%  70.8   15s
H 2411   995                    3221.5300000 1194.22667  62.9%  71.1   15s
H 2841  1232                    3218.0000000 1196.01000  62.8%  72.6   19s
  2970  1300 infeasible   55      3218.00000 1196.18316  62.8%  72.6   20s
  3540  1571 1200.32000   26   94 3218.00000 1197.58407  62.8%  73.0   25s
  4408  1929 2244.94923   22   92 3218.00000 1199.83800  62.7%  75.4   30s
  5177  2291     cutoff   33      3218.00000 1201.03100  62.7%  78.0   35s
  6382  2919 2621.99894   54   40 3218.00000 1202.43374  62.6%  80.4   40s
  7259  3336 1310.36284   50   99 3218.00000 1203.53923  62.6%  81.3   45s
  7606  3411 2232.55862   40   56 3218.00000 1203.53923  62.6%  81.7   50s
  9051  3582 1248.14990   36   69 3218.00000 1231.23577  61.7%  82.0   55s
H10061  3321                    3216.8600000 1248.59212  61.2%  82.9   57s
 10531  3224 2288.79216   44   70 3216.86000 1254.63686  61.0%  84.3   60s
 11928  2879 2321.65206   46   88 3216.86000 1270.97175  60.5%  87.7   65s
 13039  2575 1320.04991   57   75 3216.86000 1289.89501  59.9%  88.9   70s
 14415  2101 2414.76823   51   80 3216.86000 1311.80154  59.2%  91.0   75s
 15549  1591 1382.08685   45   84 3216.86000 1358.00475  57.8%  92.5   81s
 16268  1231 2245.34741   42   48 3216.86000 2160.37771  32.8%  93.0   85s
H16551  1128                    3212.7000000 2163.32500  32.7%  92.8   85s
 16769  1266 2178.48000   56   90 3212.70000 2163.32500  32.7%  92.2   90s
H16784  1211                    3210.5000000 2163.32500  32.6%  92.1   95s
 16798  1220 2262.94264   56  124 3210.50000 2163.32500  32.6%  92.0  100s
 16810  1228 2249.32655   48  116 3210.50000 2163.32500  32.6%  91.9  105s
 16822  1236 2357.73436   64  121 3210.50000 2163.32500  32.6%  91.9  110s
 16835  1245 2914.24650   46  111 3210.50000 2163.32500  32.6%  91.8  115s
 16847  1253 2586.59697   41  120 3210.50000 2163.32500  32.6%  91.7  120s
 16859  1261 2268.05538   44  118 3210.50000 2163.32500  32.6%  91.7  125s
 16872  1270 2258.33048   41  111 3210.50000 2163.32500  32.6%  91.6  130s
 17048  1292     cutoff   39      3210.50000 2163.32500  32.6%  93.0  136s
 18241  1218 2163.32500   42   66 3210.50000 2163.32500  32.6%  92.2  140s
 19599   815 2650.80192   46   70 3210.50000 2163.32500  32.6%  91.7  146s
 21321   913     cutoff   58      3210.50000 2198.57468  31.5%  88.3  150s
 23130  1191 2212.87075   51   47 3210.50000 2209.97300  31.2%  86.2  155s
 24722  1319 2311.40493   63   55 3210.50000 2218.71958  30.9%  85.5  160s
 26119  1364     cutoff   67      3210.50000 2227.18700  30.6%  85.6  165s
 27102  1399 2231.61505   40   45 3210.50000 2231.61505  30.5%  85.7  170s
 28745  1436 2255.36104   60   51 3210.50000 2240.40209  30.2%  86.5  175s
 29478  1495     cutoff   63      3210.50000 2243.64280  30.1%  86.8  180s
 30759  1438 2303.28541   43   56 3210.50000 2250.36747  29.9%  87.4  185s
 32044  1359 infeasible   49      3210.50000 2257.62673  29.7%  88.4  190s
 33284  1095     cutoff   51      3210.50000 2267.44540  29.4%  89.5  195s
 34309   783 2304.99260   64   48 3210.50000 2279.29209  29.0%  90.5  200s
 36133   189 3192.91756   54   31 3210.50000 3185.55490  0.78%  89.6  205s

Cutting planes:
  Gomory: 8
  Cover: 1
  Implied bound: 22
  Clique: 7
  MIR: 19
  Flow cover: 17
  GUB cover: 5
  Zero half: 29

Explored 36681 nodes (3249411 simplex iterations) in 205.74 seconds
Thread count was 2 (of 4 available processors)

Optimal solution found (tolerance 1.00e-04)
Best objective 3.210500000000e+03, best bound 3.210500000000e+03, gap 0.0%
k_c1	6.0
k_c2	6.0
k_c3	9.0
k_c4	4.0
k_c5	3.0
k_c6	10.0
k_c7	4.0
k_c8	10.0
k_c9	10.0
k_dN	0.0
kDash_c1	4.0
kDash_c2	3.0
kDash_c3	0.0
kDash_c4	0.0
kDash_c5	0.0
kDash_c6	7.0
kDash_c7	0.0
kDash_c8	6.0
kDash_c9	8.0
o_1	0.0
o_2	0.0
o_3	0.0
o_4	0.0
o_5	0.0
o_6	0.0
o_7	0.0
o_8	0.0
o_9	0.0
p_1	0.0
p_2	0.0
p_3	0.0
p_4	1.0
p_5	0.0
p_6	0.0
p_7	1.0
p_8	0.0
p_9	0.0
phi_c1	17.0
phi_c2	3.0
phi_c3	1.0
phi_c4	15.0
phi_c5	2.0
phi_c6	14.0
phi_c7	4.0
phi_c8	18.0
phi_c9	19.0
phi_d0	20.0
phi_dN	0.0
pi_c1	50.0
pi_c2	47.0
pi_c3	41.0
pi_c4	50.0
pi_c5	47.0
pi_c6	50.0
pi_c7	40.0
pi_c8	50.0
pi_c9	50.0
pi_dN	0.0
tauD_c1	15.0
tauD_c2	60.0
tauD_c3	85.0
tauD_c4	25.0
tauD_c5	82.0
tauD_c6	52.0
tauD_c7	36.0
tauD_c8	7.0
tauD_c9	17.0
tauD_d0	0.0
tauD_dN	100.0
tauS_c1	84.0
tauS_c2	86.0
tauS_c3	88.0
tauS_c4	32.0
tauS_c5	86.0
tauS_c6	83.0
tauS_c7	47.0
tauS_c8	83.0
tauS_c9	87.0
tauS_d0	0.0
tauS_dN	83.0
x_c1_c4	1.0
x_c2_c5	1.0
x_c3_dN	1.0
x_c4_c6	1.0
x_c5_dN	1.0
x_c6_c2	1.0
x_c7_c3	1.0
x_c8_c1	1.0
x_c9_c7	1.0
x_d0_c8	1.0
x_d0_c9	1.0
z_c4_c7	1.0
z_c7_dN	1.0
z_d0_c4	1.0
