
Gurobi 6.0.4 (win64) logging started 06/14/15 16:15:09

Read LP format model from file C:\MT\repository\VRPTWMS\instances\mip\freight\N9-C_DV10-C_SV50_F20_12_No_1.lp
Reading time = 0.01 seconds
(null): 433 rows, 261 columns, 1839 nonzeros
Optimize a model with 433 rows, 261 columns and 1839 nonzeros
Model has 900 quadratic constraints
WARNING: Only barrier available for SOCP models
Coefficient statistics:
  Matrix range    [1e+00, 1e+02]
  Objective range [3e+00, 1e+03]
  Bounds range    [1e+00, 1e+02]
  RHS range       [1e+00, 1e+02]
Presolve removed 82 rows and 39 columns
Presolve time: 0.06s
Presolved: 2006 rows, 1090 columns, 9491 nonzeros
Variable types: 787 continuous, 303 integer (245 binary)
Found heuristic solution: objective 9427.3600000
Optimize a model with 2006 rows, 1090 columns and 9491 nonzeros
Coefficient statistics:
  Matrix range    [8e-01, 1e+02]
  Objective range [3e+00, 1e+03]
  Bounds range    [1e+00, 1e+02]
  RHS range       [1e+00, 1e+02]

Concurrent LP optimizer: dual simplex and barrier
Showing barrier log only...

Presolve removed 111 rows and 56 columns
Presolved: 1895 rows, 1034 columns, 8935 nonzeros

Root barrier log...

Ordering time: 0.00s

Barrier performed 0 iterations in 0.08 seconds
Barrier solve interrupted - model solved by another algorithm


Solved with dual simplex
Solved in 127 iterations and 0.08 seconds
Optimal objective  1.194703842e+03

Root relaxation: objective 1.194704e+03, 127 iterations, 0.01 seconds

    Nodes    |    Current Node    |     Objective Bounds      |     Work
 Expl Unexpl |  Obj  Depth IntInf | Incumbent    BestBd   Gap | It/Node Time

     0     0 1194.70384    0   62 9427.36000 1194.70384  87.3%     -    0s
H    0     0                    6332.8800000 1194.70384  81.1%     -    0s
     0     0 1215.56350    0   24 6332.88000 1215.56350  80.8%     -    0s
H    0     0                    5289.8900000 1215.56350  77.0%     -    0s
     0     0 1251.91337    0   89 5289.89000 1251.91337  76.3%     -    0s
     0     0 1304.69985    0   82 5289.89000 1304.69985  75.3%     -    0s
H    0     0                    4348.8400000 1304.69985  70.0%     -    0s
     0     0 1355.51958    0   78 4348.84000 1355.51958  68.8%     -    0s
     0     0 1399.66278    0   70 4348.84000 1399.66278  67.8%     -    0s
H    0     0                    4258.2900000 1399.66278  67.1%     -    0s
     0     0 1399.66278    0   73 4258.29000 1399.66278  67.1%     -    0s
     0     0 1399.66278    0   66 4258.29000 1399.66278  67.1%     -    0s
H    0     0                    3254.2600000 1399.66278  57.0%     -    0s
     0     2 1399.66278    0   62 3254.26000 1399.66278  57.0%     -    0s
*  979   318              24    3248.6600000 2232.38250  31.3%  32.4    1s
H  980   317                    3240.4500000 2232.38250  31.1%  32.3    1s
  3261   552 infeasible   24      3240.45000 2273.01080  29.9%  34.5    5s

Cutting planes:
  Learned: 2

Explored 4203 nodes (161679 simplex iterations) in 8.22 seconds
Thread count was 2 (of 4 available processors)

Optimal solution found (tolerance 1.00e-04)
Best objective 3.240450000000e+03, best bound 3.240450000000e+03, gap 0.0%
k_c1	5.0
k_c2	3.0
k_c3	10.0
k_c4	2.0
k_c5	10.0
k_c6	9.0
k_c7	5.0
k_c8	3.0
k_c9	7.0
k_dN	0.0
kDash_c1	3.0
kDash_c2	0.0
kDash_c3	5.0
kDash_c4	0.0
kDash_c5	5.0
kDash_c6	7.0
kDash_c7	0.0
kDash_c8	2.0
kDash_c9	3.0
o_1	0.0
o_2	0.0
o_3	0.0
o_4	0.0
o_5	0.0
o_6	0.0
o_7	-0.0
o_8	0.0
o_9	-0.0
p_1	-0.0
p_2	0.0
p_3	-0.0
p_4	0.0
p_5	-0.0
p_6	-0.0
p_7	-0.0
p_8	0.0
p_9	-0.0
phi_c1	16.0
phi_c2	2.0
phi_c3	18.0
phi_c4	1.0
phi_c5	17.0
phi_c6	14.0
phi_c7	17.0
phi_c8	3.0
phi_c9	13.0
phi_d0	20.0
phi_dN	-0.0
pi_c1	0.0
pi_c2	0.0
pi_c3	0.0
pi_c4	10.0
pi_c5	0.0
pi_c6	10.0
pi_c7	0.0
pi_c8	0.0
pi_c9	1.0
pi_dN	-0.0
tauD_c1	22.0
tauD_c2	79.0
tauD_c3	50.0
tauD_c4	78.0
tauD_c5	11.0
tauD_c6	60.0
tauD_c7	58.0
tauD_c8	54.0
tauD_c9	70.0
tauD_d0	-0.0
tauD_dN	100.0
tauS_c1	83.0
tauS_c2	88.0
tauS_c3	86.0
tauS_c4	89.0
tauS_c5	81.0
tauS_c6	87.0
tauS_c7	83.0
tauS_c8	89.0
tauS_c9	84.0
tauS_d0	-0.0
tauS_dN	100.0
x_c1_c8	1.0
x_c2_dN	1.0
x_c3_c7	1.0
x_c4_dN	1.0
x_c5_c1	1.0
x_c6_c9	1.0
x_c7_dN	1.0
x_c8_c4	1.0
x_c9_c2	1.0
x_d0_c3	1.0
x_d0_c5	1.0
x_d0_c6	1.0
