
Gurobi 6.0.4 (win64) logging started 06/14/15 16:15:18

Read LP format model from file C:\MT\repository\VRPTWMS\instances\mip\freight\N9-C_DV10-C_SV50_F20_13_No_1.lp
Reading time = 0.01 seconds
(null): 433 rows, 261 columns, 1839 nonzeros
Optimize a model with 433 rows, 261 columns and 1839 nonzeros
Model has 900 quadratic constraints
WARNING: Only barrier available for SOCP models
Coefficient statistics:
  Matrix range    [1e+00, 1e+02]
  Objective range [4e+00, 1e+03]
  Bounds range    [1e+00, 1e+02]
  RHS range       [1e+00, 1e+02]
Presolve removed 51 rows and 22 columns
Presolve time: 0.07s
Presolved: 2320 rows, 1247 columns, 10994 nonzeros
Variable types: 927 continuous, 320 integer (262 binary)
Found heuristic solution: objective 9463.3000000
Optimize a model with 2320 rows, 1247 columns and 10994 nonzeros
Coefficient statistics:
  Matrix range    [9e-01, 1e+02]
  Objective range [4e+00, 1e+03]
  Bounds range    [6e-01, 1e+02]
  RHS range       [1e+00, 1e+02]

Concurrent LP optimizer: dual simplex and barrier
Showing barrier log only...

Presolve removed 117 rows and 55 columns
Presolved: 2203 rows, 1195 columns, 10366 nonzeros

Root barrier log...

Ordering time: 0.00s

Barrier performed 0 iterations in 0.10 seconds
Barrier solve interrupted - model solved by another algorithm


Solved with dual simplex
Solved in 146 iterations and 0.10 seconds
Optimal objective  1.264864931e+02

Root relaxation: objective 1.264865e+02, 146 iterations, 0.02 seconds

    Nodes    |    Current Node    |     Objective Bounds      |     Work
 Expl Unexpl |  Obj  Depth IntInf | Incumbent    BestBd   Gap | It/Node Time

     0     0  126.48649    0   55 9463.30000  126.48649  98.7%     -    0s
H    0     0                    8405.0000000  126.48649  98.5%     -    0s
     0     0 1109.32805    0   44 8405.00000 1109.32805  86.8%     -    0s
     0     0 1111.77450    0   66 8405.00000 1111.77450  86.8%     -    0s
H    0     0                    6311.0200000 1111.77450  82.4%     -    0s
     0     0 1118.04495    0   71 6311.02000 1118.04495  82.3%     -    0s
H    0     0                    5316.5100000 1118.04495  79.0%     -    0s
     0     0 1118.12471    0   76 5316.51000 1118.12471  79.0%     -    0s
     0     0 1118.12471    0   57 5316.51000 1118.12471  79.0%     -    0s
     0     0 1118.12471    0   60 5316.51000 1118.12471  79.0%     -    0s
     0     0 1118.12471    0   57 5316.51000 1118.12471  79.0%     -    0s
H    0     0                    5309.3600000 1118.12471  78.9%     -    0s
     0     0 1118.12471    0   53 5309.36000 1118.12471  78.9%     -    0s
H    0     0                    5267.9700000 1118.12471  78.8%     -    0s
     0     0 1118.12471    0   66 5267.97000 1118.12471  78.8%     -    0s
     0     0 1118.12471    0   51 5267.97000 1118.12471  78.8%     -    0s
     0     2 1118.12471    0   50 5267.97000 1118.12471  78.8%     -    0s
H   27    20                    4257.9000000 1125.33265  73.6%  38.7    0s
H  408   278                    4257.6200000 1135.28111  73.3%  53.1    1s
H  469   309                    4249.7000000 1135.28111  73.3%  53.6    1s
   748   489 2128.45627   12   96 4249.70000 1154.49559  72.8%  50.0    5s
  1507   799 3378.03377   51   52 4249.70000 1169.33486  72.5%  48.4   10s
H 2580  1100                    3337.6500000 1176.71789  64.7%  54.8   13s
H 2908  1309                    3331.4400000 1180.23363  64.6%  56.1   14s
  2919  1319 3270.12500   22   56 3331.44000 1180.67763  64.6%  56.5   15s
H 3610  1675                    3317.9700000 1187.14538  64.2%  61.6   18s
  4050  1881 1250.31501   27   98 3317.97000 1192.03580  64.1%  63.9   20s
H 4448  2083                    3313.1000000 1194.27487  64.0%  65.6   21s
H 4853  2287                    3300.5300000 1195.50000  63.8%  66.2   23s
  5254  2466 2775.57310   31   80 3300.53000 1198.77733  63.7%  66.4   25s
H 6071  2803                    3293.8500000 1203.92489  63.4%  69.8   29s
  6188  2871 2251.36725   34   93 3293.85000 1205.30534  63.4%  69.6   30s
H 6383  2939                    3286.2200000 1206.25706  63.3%  69.7   31s
H 6637  2964                    3264.5100000 1207.27424  63.0%  70.4   33s
H 6835  2998                    3259.6600000 1208.62800  62.9%  70.9   34s
  6940  3035 1253.75201   29  127 3259.66000 1209.83546  62.9%  71.0   35s
H 7049  3065                    3259.3800000 1210.50386  62.9%  71.6   35s
  7349  3174 1213.49496   33   62 3259.38000 1213.49496  62.8%  72.8   40s
  8652  3422 1629.01105   37   64 3259.38000 1213.49496  62.8%  72.9   45s
 10470  3646 1356.13699   50   62 3259.38000 1213.49496  62.8%  72.9   50s
 12213  3656 2255.10585   45   52 3259.38000 1213.49496  62.8%  73.1   55s
 14094  3704 infeasible   58      3259.38000 1222.44894  62.5%  73.7   60s
 14694  3669 1240.26999   39   51 3259.38000 1225.77727  62.4%  74.5   66s
 14708  3678 2273.74533   56  114 3259.38000 1225.77727  62.4%  74.4   70s
 14724  3689 1268.32931   44  117 3259.38000 1225.77727  62.4%  74.3   75s
 14738  3698 2294.68030   52  128 3259.38000 1225.77727  62.4%  74.3   80s
 14752  3708 2282.66000   52  109 3259.38000 1225.77727  62.4%  74.2   85s
 14767  3720 1225.77727   35  109 3259.38000 1225.77727  62.4%  75.1   90s
 14905  3766 1255.15056   44   77 3259.38000 1225.77727  62.4%  75.4   95s
 16063  3927 1225.77727   50   51 3259.38000 1225.77727  62.4%  75.7  100s
 17656  3982 infeasible   59      3259.38000 1225.77727  62.4%  76.2  105s
 18963  3985     cutoff   50      3259.38000 1225.77727  62.4%  77.3  111s
 19988  3937 infeasible   54      3259.38000 1230.01263  62.3%  78.2  116s
 20481  3866     cutoff   51      3259.38000 1232.43428  62.2%  78.4  120s
 21597  3804 2317.32613   53   47 3259.38000 1237.22197  62.0%  79.0  125s
 22781  3706 1253.75175   47   74 3259.38000 1242.66834  61.9%  79.7  130s
 24210  3661     cutoff   54      3259.38000 1245.71676  61.8%  80.4  135s
 25622  3646 1253.28512   49   71 3259.38000 1251.17893  61.6%  80.9  141s
 27055  3871 infeasible   69      3259.38000 1255.60229  61.5%  81.3  146s
 28215  4068 1259.90892   58   70 3259.38000 1259.84388  61.3%  81.7  151s
 29334  4267 infeasible   60      3259.38000 1263.56581  61.2%  82.5  156s
 30378  4477 infeasible   54      3259.38000 1266.14507  61.2%  83.0  160s
 31378  4689 1282.98455   61   88 3259.38000 1268.49396  61.1%  83.4  165s
 32785  4939 1331.70602   54   69 3259.38000 1272.07780  61.0%  83.9  171s
 33875  5120     cutoff   47      3259.38000 1274.81000  60.9%  84.2  175s
 35268  5320 infeasible   72      3259.38000 1278.18277  60.8%  84.7  180s
 36916  5526 1546.38676   57   81 3259.38000 1282.01444  60.7%  85.4  185s
 38208  5628 infeasible   61      3259.38000 1285.72128  60.6%  85.8  190s
 39761  5775 2460.08053   56   97 3259.38000 1290.29431  60.4%  86.2  195s
 41193  5833 infeasible   48      3259.38000 1294.84709  60.3%  86.6  200s
 42340  5893 2328.07565   56   47 3259.38000 1299.15167  60.1%  87.0  205s
 43778  5955     cutoff   63      3259.38000 1304.76313  60.0%  87.3  210s
 45147  5998 2312.16430   53   73 3259.38000 1310.74477  59.8%  87.8  215s
 46609  6143 infeasible   58      3259.38000 1315.66133  59.6%  88.1  220s
 47954  6164     cutoff   52      3259.38000 1319.93189  59.5%  88.4  225s
 49229  6215 1647.62972   57  108 3259.38000 1325.02727  59.3%  88.8  230s
 50465  6223 1596.36502   67   65 3259.38000 1329.40027  59.2%  89.2  235s
 51652  6191 infeasible   59      3259.38000 1334.09942  59.1%  89.6  240s
 52812  6193 2878.08915   50   52 3259.38000 1338.78545  58.9%  90.1  245s
 54196  6123 1672.20237   50  109 3259.38000 1344.52575  58.7%  90.3  250s
 55329  6090 2567.70378   66   93 3259.38000 1348.30419  58.6%  90.7  255s
 56555  5986 1611.94906   65  113 3259.38000 1354.77241  58.4%  91.1  260s
 57480  5857     cutoff   65      3259.38000 1360.10901  58.3%  91.4  265s
 58723  5722 2485.66660   71   75 3259.38000 1366.16411  58.1%  91.7  270s
 59907  5577 2657.05311   65   73 3259.38000 1374.36457  57.8%  91.9  275s
 60946  5489     cutoff   76      3259.38000 1380.68208  57.6%  92.2  280s
 62231  5302 1922.47195   56   69 3259.38000 1393.13029  57.3%  92.4  285s
 63385  5130     cutoff   60      3259.38000 1406.81366  56.8%  92.6  290s
 64573  4937 1641.38355   53   62 3259.38000 1434.50182  56.0%  92.8  295s
 66074  4855 2313.98609   50   53 3259.38000 1491.23742  54.2%  93.0  300s
 67570  4823 1616.10152   57   84 3259.38000 1612.79827  50.5%  93.0  305s
 68867  4823     cutoff   60      3259.38000 1706.80444  47.6%  93.0  310s
 70507  4730     cutoff   65      3259.38000 1989.94240  38.9%  92.8  315s
 72025  4895     cutoff   64      3259.38000 2173.06141  33.3%  92.6  320s
 73582  5164 infeasible   56      3259.38000 2173.72105  33.3%  92.5  325s
 75286  5388 2240.95885   57   28 3259.38000 2189.65700  32.8%  92.4  330s
 77566  6141     cutoff   60      3259.38000 2207.85038  32.3%  91.5  335s
 79608  6647 infeasible   60      3259.38000 2213.78096  32.1%  91.0  340s
 81125  6957 3259.12093   55   42 3259.38000 2219.79460  31.9%  90.6  345s
 83462  7450 2303.16561   65   51 3259.38000 2225.10649  31.7%  90.0  350s
 85135  7694     cutoff   53      3259.38000 2228.62718  31.6%  89.7  355s
 86629  7831 2286.75175   56   71 3259.38000 2232.51688  31.5%  89.5  360s
 88076  7945 2257.34590   58   56 3259.38000 2235.92408  31.4%  89.4  365s
 89614  7983 2297.51595   53   35 3259.38000 2239.74532  31.3%  89.2  370s
 91285  8014     cutoff   71      3259.38000 2242.96961  31.2%  89.1  375s
 92892  8166     cutoff   62      3259.38000 2246.09385  31.1%  89.0  380s
 94558  8234     cutoff   62      3259.38000 2249.14836  31.0%  88.9  385s
 96089  8285     cutoff   66      3259.38000 2252.12500  30.9%  88.8  390s
 97802  8212 2299.51958   72   51 3259.38000 2255.85560  30.8%  88.9  395s
 99278  8157 2283.31550   57   64 3259.38000 2258.83896  30.7%  89.0  400s
 100673  8085 infeasible   43      3259.38000 2261.67521  30.6%  89.1  405s
 101999  7938     cutoff   56      3259.38000 2264.48462  30.5%  89.2  410s
 103308  7907     cutoff   64      3259.38000 2266.74768  30.5%  89.2  415s
 104740  7829     cutoff   50      3259.38000 2269.20762  30.4%  89.3  420s
 106022  7768 2291.21514   65   44 3259.38000 2271.26642  30.3%  89.3  425s
 107650  7620 2941.48053   58   51 3259.38000 2274.03117  30.2%  89.4  430s
 108930  7456 infeasible   62      3259.38000 2276.22625  30.2%  89.6  435s
 110369  7263 2339.90701   60   58 3259.38000 2278.49806  30.1%  89.8  440s
 111643  7112     cutoff   56      3259.38000 2280.35361  30.0%  89.9  445s
 112960  6959 infeasible   74      3259.38000 2282.70818  30.0%  90.0  450s
 114264  6705 infeasible   53      3259.38000 2285.02637  29.9%  90.2  455s
 115655  6443 infeasible   59      3259.38000 2287.69192  29.8%  90.4  460s
 117106  6121 2310.73227   62   51 3259.38000 2291.03289  29.7%  90.5  465s
 118432  5906 infeasible   54      3259.38000 2293.69388  29.6%  90.6  470s
 119561  5625     cutoff   69      3259.38000 2296.44790  29.5%  90.8  475s
 120934  5299 infeasible   61      3259.38000 2299.93437  29.4%  90.9  480s
 122097  4977 2632.89911   53   46 3259.38000 2303.57334  29.3%  91.1  485s
 123265  4671     cutoff   53      3259.38000 2307.35466  29.2%  91.2  490s
 124459  4360 infeasible   50      3259.38000 2311.73894  29.1%  91.3  495s
 125590  3988 2397.51439   51   46 3259.38000 2317.48628  28.9%  91.5  500s
 126731  3497     cutoff   69      3259.38000 2324.99000  28.7%  91.5  505s
 128052  2946     cutoff   64      3259.38000 2335.90454  28.3%  91.6  510s
 129248  2479     cutoff   69      3259.38000 2349.27665  27.9%  91.6  515s
 130484  1975     cutoff   67      3259.38000 2369.95051  27.3%  91.6  520s
 132483  1052 3247.10919   66   36 3259.38000 2610.67492  19.9%  91.2  525s
 134742   567 3222.69750   63   26 3259.38000 3217.16479  1.30%  90.6  530s

Cutting planes:
  Gomory: 5
  Implied bound: 22
  Clique: 4
  MIR: 24
  Flow cover: 43
  Zero half: 34

Explored 136797 nodes (12356005 simplex iterations) in 534.62 seconds
Thread count was 2 (of 4 available processors)

Optimal solution found (tolerance 1.00e-04)
Best objective 3.259380000000e+03, best bound 3.259380000000e+03, gap 0.0%
k_c1	6.0
k_c2	10.0
k_c3	4.0
k_c4	10.0
k_c5	10.0
k_c6	6.0
k_c7	4.0
k_c8	10.0
k_c9	7.0
k_dN	0.0
kDash_c1	4.0
kDash_c2	5.0
kDash_c3	0.0
kDash_c4	6.0
kDash_c5	6.0
kDash_c6	1.0
kDash_c7	3.0
kDash_c8	7.0
kDash_c9	4.0
o_1	0.0
o_2	0.0
o_3	0.0
o_4	0.0
o_5	0.0
o_6	0.0
o_7	1.0
o_8	0.0
o_9	0.0
p_1	0.0
p_2	1.0
p_3	0.0
p_4	0.0
p_5	0.0
p_6	1.0
p_7	1.0
p_8	0.0
p_9	0.0
phi_c1	6.0
phi_c2	18.0
phi_c3	2.0
phi_c4	9.0
phi_c5	7.0
phi_c6	8.0
phi_c7	1.0
phi_c8	3.0
phi_c9	2.0
phi_d0	20.0
phi_dN	0.0
pi_c1	6.0
pi_c2	20.0
pi_c3	10.0
pi_c4	16.0
pi_c5	4.0
pi_c6	15.0
pi_c7	6.0
pi_c8	3.0
pi_c9	6.0
pi_dN	0.0
tauD_c1	64.0
tauD_c2	6.0
tauD_c3	85.0
tauD_c4	25.0
tauD_c5	53.0
tauD_c6	31.0
tauD_c7	57.0
tauD_c8	6.0
tauD_c9	45.0
tauD_d0	0.0
tauD_dN	100.0
tauS_c1	82.0
tauS_c2	9.0
tauS_c3	26.0
tauS_c4	12.0
tauS_c5	83.0
tauS_c6	23.0
tauS_c7	53.0
tauS_c8	86.0
tauS_c9	27.0
tauS_d0	0.0
tauS_dN	94.0
x_c1_c3	1.0
x_c2_c4	1.0
x_c3_dN	1.0
x_c4_c6	1.0
x_c5_c1	1.0
x_c6_c5	1.0
x_c7_dN	1.0
x_c8_c9	1.0
x_c9_c7	1.0
x_d0_c2	1.0
x_d0_c8	1.0
z_c2_c6	1.0
z_c6_c7	1.0
z_c7_dN	1.0
z_d0_c2	1.0
