
Gurobi 6.0.4 (win64) logging started 06/14/15 16:55:21

Read LP format model from file C:\MT\repository\VRPTWMS\instances\mip\freight\N9-C_DV10-C_SV50_F20_8_No_1.lp
Reading time = 0.01 seconds
(null): 433 rows, 261 columns, 1839 nonzeros
Optimize a model with 433 rows, 261 columns and 1839 nonzeros
Model has 900 quadratic constraints
WARNING: Only barrier available for SOCP models
Coefficient statistics:
  Matrix range    [1e+00, 1e+02]
  Objective range [2e+00, 1e+03]
  Bounds range    [1e+00, 1e+02]
  RHS range       [1e+00, 1e+02]
Presolve removed 74 rows and 28 columns
Presolve time: 0.06s
Presolved: 2178 rows, 1183 columns, 10293 nonzeros
Variable types: 869 continuous, 314 integer (256 binary)
Found heuristic solution: objective 9289.6400000
Optimize a model with 2178 rows, 1183 columns and 10293 nonzeros
Coefficient statistics:
  Matrix range    [6e-01, 1e+02]
  Objective range [2e+00, 1e+03]
  Bounds range    [1e+00, 1e+02]
  RHS range       [1e+00, 1e+02]

Concurrent LP optimizer: dual simplex and barrier
Showing barrier log only...

Presolve removed 117 rows and 58 columns
Presolved: 2061 rows, 1125 columns, 9685 nonzeros

Root barrier log...

Ordering time: 0.01s

Barrier performed 0 iterations in 0.09 seconds
Barrier solve interrupted - model solved by another algorithm


Solved with dual simplex
Solved in 145 iterations and 0.09 seconds
Optimal objective  6.860619222e+02

Root relaxation: objective 6.860619e+02, 145 iterations, 0.03 seconds

    Nodes    |    Current Node    |     Objective Bounds      |     Work
 Expl Unexpl |  Obj  Depth IntInf | Incumbent    BestBd   Gap | It/Node Time

     0     0  686.06192    0   54 9289.64000  686.06192  92.6%     -    0s
H    0     0                    6239.1900000  686.06192  89.0%     -    0s
     0     0 1138.76250    0   46 6239.19000 1138.76250  81.7%     -    0s
     0     0 1140.42334    0   57 6239.19000 1140.42334  81.7%     -    0s
H    0     0                    6212.9100000 1140.42334  81.6%     -    0s
     0     0 1143.72887    0   78 6212.91000 1143.72887  81.6%     -    0s
     0     0 1144.05282    0   88 6212.91000 1144.05282  81.6%     -    0s
H    0     0                    5229.9900000 1144.05282  78.1%     -    0s
     0     0 1144.38682    0  103 5229.99000 1144.38682  78.1%     -    0s
     0     0 1144.60133    0   63 5229.99000 1144.60133  78.1%     -    0s
H    0     0                    5226.5100000 1144.60133  78.1%     -    0s
     0     0 1144.60133    0   67 5226.51000 1144.60133  78.1%     -    0s
     0     0 1144.60133    0   66 5226.51000 1144.60133  78.1%     -    0s
H    0     0                    5199.2100000 1144.60133  78.0%     -    0s
     0     2 1144.60133    0   66 5199.21000 1144.60133  78.0%     -    0s
H  220   171                    4199.1000000 1145.71510  72.7%  52.8    0s
   760   498 3242.19133   14  157 4199.10000 1159.45172  72.4%  52.8    5s
  1252   682 1195.76705   24  127 4199.10000 1173.38776  72.1%  77.7   10s
* 1839   801              54    4197.9300000 1181.32765  71.9%  77.4   13s
  2102   863 2192.09477   28   72 4197.93000 1185.41143  71.8%  78.7   15s
  3072  1343 3231.08379   47   62 4197.93000 1193.56000  71.6%  76.6   20s
  4521  2049     cutoff   46      4197.93000 1211.91000  71.1%  78.3   25s
  5847  2582 2697.39301   36  139 4197.93000 1347.15778  67.9%  80.8   30s
  7377  3251 2318.63158   36   86 4197.93000 1441.69169  65.7%  80.8   35s
H 7379  3089                    4193.8800000 1441.69169  65.6%  80.7   35s
  7671  3219 1441.69169   43   73 4193.88000 1441.69169  65.6%  82.0   40s
  9461  3459 2200.75467   40   58 4193.88000 1441.69169  65.6%  79.3   45s
 11444  3641 infeasible   46      4193.88000 1441.69169  65.6%  78.1   50s
 13220  3626 2237.57064   42   82 4193.88000 1441.69169  65.6%  78.0   55s
 14828  3558 2187.95760   32   66 4193.88000 1441.69169  65.6%  77.9   62s
 14839  3565 3217.44797   38  106 4193.88000 1441.69169  65.6%  77.9   65s
 14857  3577 2237.11655   54  135 4193.88000 1441.69169  65.6%  77.8   70s
 14874  3589 2870.38133   60  141 4193.88000 1441.69169  65.6%  77.7   75s
 14890  3599 2246.23250   45  150 4193.88000 1441.69169  65.6%  77.6   80s
 14906  3610 3253.92789   57  151 4193.88000 1441.69169  65.6%  77.5   85s
 14922  3621 2405.15946   41  148 4193.88000 1441.69169  65.6%  77.4   90s
 14943  3639 1441.69169   41   62 4193.88000 1441.69169  65.6%  75.8   95s
 15992  4010 3869.09605   64   17 4193.88000 1683.08410  59.9%  74.9  100s
 18691  4909 3199.00800   50   16 4193.88000 2179.36788  48.0%  71.7  105s
 20999  5594 2631.29854   56   75 4193.88000 2182.60858  48.0%  69.5  110s
 24174  6385 2248.39952   62   78 4193.88000 2194.83100  47.7%  67.7  116s
 26966  7431     cutoff   85      4193.88000 2200.65148  47.5%  65.9  120s
H27165  5640                    3252.9800000 2200.65148  32.3%  65.8  120s
*28883  6004              60    3247.7800000 2204.33409  32.1%  65.0  123s
H29089  5475                    3236.0600000 2204.33409  31.9%  65.1  124s
 29467  5581 2208.88009   49   35 3236.06000 2206.09743  31.8%  65.1  125s
 31338  5900 2241.29054   53   47 3236.06000 2210.62311  31.7%  65.5  130s
H33226  6089                    3234.8400000 2214.77015  31.5%  66.0  134s
 33424  6099 3229.12571   59   22 3234.84000 2214.85706  31.5%  66.0  135s
 35250  6302     cutoff   59      3234.84000 2218.24463  31.4%  66.8  140s
 37058  6376     cutoff   47      3234.84000 2221.49362  31.3%  67.5  145s
 38548  6420     cutoff   53      3234.84000 2223.75859  31.3%  68.1  150s
 39989  6468 infeasible   56      3234.84000 2225.92986  31.2%  68.8  155s
 41227  6371     cutoff   62      3234.84000 2228.36285  31.1%  69.6  160s
H41615  6281                    3234.5600000 2229.43967  31.1%  70.0  162s
 42292  6186     cutoff   53      3234.56000 2231.03360  31.0%  70.4  165s
 43450  5997 2250.43763   54   40 3234.56000 2234.17686  30.9%  71.1  170s
 44893  5751 infeasible   59      3234.56000 2237.93901  30.8%  72.2  175s
 46412  5401 infeasible   58      3234.56000 2243.49605  30.6%  73.1  180s
 47722  4969     cutoff   57      3234.56000 2250.04343  30.4%  74.1  185s
 48967  4526 infeasible   64      3234.56000 2258.75502  30.2%  74.8  190s
 50531  4112 2297.71765   61   40 3234.56000 2292.67710  29.1%  75.1  195s
 52795  4080 2428.45335   55   65 3234.56000 2410.86933  25.5%  74.4  200s
 54242  3582     cutoff   65      3234.56000 2808.42455  13.2%  74.1  205s
 56751  3831 3211.16978   51   38 3234.56000 3169.39300  2.01%  73.1  210s
 59254  4350 3186.36243   59   39 3234.56000 3178.91434  1.72%  72.4  215s
 61661  4820     cutoff   58      3234.56000 3182.94240  1.60%  71.7  220s
 64309  5179 3202.12950   50   20 3234.56000 3186.69800  1.48%  70.9  225s
 67015  5416 infeasible   50      3234.56000 3189.36750  1.40%  70.3  230s
 69277  5463 3191.79000   53   17 3234.56000 3191.79000  1.32%  69.9  235s
 71866  5633 3194.81113   54   37 3234.56000 3194.27365  1.25%  69.4  240s
 74403  5633 infeasible   43      3234.56000 3196.49565  1.18%  68.8  245s
 76831  5609 infeasible   56      3234.56000 3198.43000  1.12%  68.5  250s
 79373  5519 infeasible   58      3234.56000 3200.32000  1.06%  68.2  255s
 81691  5325 3219.81159   55   37 3234.56000 3202.14667  1.00%  67.9  260s
 84287  5076 infeasible   52      3234.56000 3204.28840  0.94%  67.6  265s
 86788  4766     cutoff   63      3234.56000 3206.35765  0.87%  67.3  270s
 88942  4414 3216.88603   48   34 3234.56000 3208.18165  0.82%  67.0  275s
 91283  4070     cutoff   55      3234.56000 3210.10477  0.76%  66.6  280s
 93367  3628 infeasible   63      3234.56000 3212.15887  0.69%  66.4  285s
 95690  3159     cutoff   61      3234.56000 3214.30200  0.63%  66.1  290s
 97923  2533     cutoff   59      3234.56000 3216.91619  0.55%  65.9  295s
 100524  1532     cutoff   60      3234.56000 3220.96857  0.42%  65.5  300s

Cutting planes:
  Learned: 1
  Gomory: 3
  Cover: 1
  Implied bound: 47
  Clique: 4
  MIR: 27
  Flow cover: 29
  GUB cover: 3
  Zero half: 39

Explored 103021 nodes (6701222 simplex iterations) in 302.86 seconds
Thread count was 2 (of 4 available processors)

Optimal solution found (tolerance 1.00e-04)
Best objective 3.234560000000e+03, best bound 3.234440000000e+03, gap 0.0037%
k_c1	4.0
k_c2	8.0
k_c3	4.0
k_c4	10.0
k_c5	10.0
k_c6	5.0
k_c7	10.0
k_c8	10.0
k_c9	7.0
k_dN	0.0
kDash_c1	7.0
kDash_c2	1.0
kDash_c3	0.0
kDash_c4	5.0
kDash_c5	8.0
kDash_c6	0.0
kDash_c7	7.0
kDash_c8	4.0
kDash_c9	4.0
o_1	1.0
o_2	0.0
o_3	0.0
o_4	0.0
o_5	0.0
o_6	0.0
o_7	0.0
o_8	0.0
o_9	0.0
p_1	1.0
p_2	1.0
p_3	0.0
p_4	1.0
p_5	0.0
p_6	0.0
p_7	0.0
p_8	0.0
p_9	0.0
phi_c1	3.0
phi_c2	3.0
phi_c3	1.0
phi_c4	18.0
phi_c5	5.0
phi_c6	1.0
phi_c7	19.0
phi_c8	2.0
phi_c9	17.0
phi_d0	20.0
phi_dN	0.0
pi_c1	35.0
pi_c2	29.0
pi_c3	36.0
pi_c4	40.0
pi_c5	33.0
pi_c6	40.0
pi_c7	40.0
pi_c8	30.0
pi_c9	33.0
pi_dN	0.0
tauD_c1	37.0
tauD_c2	45.0
tauD_c3	75.0
tauD_c4	6.0
tauD_c5	34.0
tauD_c6	60.0
tauD_c7	7.0
tauD_c8	65.0
tauD_c9	25.0
tauD_d0	0.0
tauD_dN	100.0
tauS_c1	31.0
tauS_c2	48.0
tauS_c3	0.0
tauS_c4	20.0
tauS_c5	14.0
tauS_c6	31.0
tauS_c7	22.0
tauS_c8	86.0
tauS_c9	89.0
tauS_d0	0.0
tauS_dN	66.0
x_c1_c6	1.0
x_c2_c8	1.0
x_c3_dN	1.0
x_c4_c5	1.0
x_c5_c2	1.0
x_c6_dN	1.0
x_c7_c9	1.0
x_c8_c3	1.0
x_c9_c1	1.0
x_d0_c4	1.0
x_d0_c7	1.0
z_c1_c2	1.0
z_c2_dN	1.0
z_c4_c1	1.0
z_d0_c4	1.0
