
Gurobi 6.0.4 (win64) logging started 06/14/15 17:00:24

Read LP format model from file C:\MT\repository\VRPTWMS\instances\mip\freight\N9-C_DV10-C_SV50_F20_9_No_1.lp
Reading time = 0.01 seconds
(null): 433 rows, 261 columns, 1839 nonzeros
Optimize a model with 433 rows, 261 columns and 1839 nonzeros
Model has 900 quadratic constraints
WARNING: Only barrier available for SOCP models
Coefficient statistics:
  Matrix range    [1e+00, 1e+02]
  Objective range [5e+00, 1e+03]
  Bounds range    [1e+00, 1e+02]
  RHS range       [1e+00, 1e+02]
Presolve removed 67 rows and 31 columns
Presolve time: 0.06s
Presolved: 2265 rows, 1220 columns, 10493 nonzeros
Variable types: 909 continuous, 311 integer (253 binary)
Found heuristic solution: objective 9398.6000000
Optimize a model with 2265 rows, 1220 columns and 10493 nonzeros
Coefficient statistics:
  Matrix range    [1e+00, 1e+02]
  Objective range [5e+00, 1e+03]
  Bounds range    [1e+00, 1e+02]
  RHS range       [1e+00, 1e+02]

Concurrent LP optimizer: dual simplex and barrier
Showing barrier log only...

Presolve removed 132 rows and 65 columns
Presolved: 2133 rows, 1156 columns, 9859 nonzeros

Root barrier log...

Ordering time: 0.02s

Barrier performed 0 iterations in 0.10 seconds
Barrier solve interrupted - model solved by another algorithm


Solved with dual simplex
Solved in 185 iterations and 0.10 seconds
Optimal objective  6.005110753e+02

Root relaxation: objective 6.005111e+02, 185 iterations, 0.03 seconds

    Nodes    |    Current Node    |     Objective Bounds      |     Work
 Expl Unexpl |  Obj  Depth IntInf | Incumbent    BestBd   Gap | It/Node Time

     0     0  600.51108    0   81 9398.60000  600.51108  93.6%     -    0s
H    0     0                    6336.9600000  600.51108  90.5%     -    0s
     0     0 1180.07125    0   78 6336.96000 1180.07125  81.4%     -    0s
H    0     0                    6321.6000000 1180.07125  81.3%     -    0s
H    0     0                    5295.3000000 1180.07125  77.7%     -    0s
     0     0 1194.74862    0   84 5295.30000 1194.74862  77.4%     -    0s
     0     0 1203.63875    0   61 5295.30000 1203.63875  77.3%     -    0s
H    0     0                    5293.5300000 1203.63875  77.3%     -    0s
     0     0 1203.73696    0   57 5293.53000 1203.73696  77.3%     -    0s
     0     0 1203.73696    0   60 5293.53000 1203.73696  77.3%     -    0s
     0     0 1203.73696    0   58 5293.53000 1203.73696  77.3%     -    0s
     0     0 1203.73696    0   59 5293.53000 1203.73696  77.3%     -    0s
     0     0 1203.73696    0   66 5293.53000 1203.73696  77.3%     -    0s
     0     0 1203.73696    0   64 5293.53000 1203.73696  77.3%     -    0s
     0     0 1203.73696    0  100 5293.53000 1203.73696  77.3%     -    0s
     0     0 1203.73696    0  124 5293.53000 1203.73696  77.3%     -    0s
     0     0 1205.33417    0  108 5293.53000 1205.33417  77.2%     -    0s
     0     0 1206.04297    0   74 5293.53000 1206.04297  77.2%     -    0s
H    0     0                    5284.9000000 1206.04297  77.2%     -    0s
     0     0 1206.04297    0   75 5284.90000 1206.04297  77.2%     -    0s
     0     0 1206.04297    0   71 5284.90000 1206.04297  77.2%     -    0s
     0     0 1206.04297    0   71 5284.90000 1206.04297  77.2%     -    0s
     0     0 1206.04297    0   72 5284.90000 1206.04297  77.2%     -    0s
     0     0 1206.04297    0   72 5284.90000 1206.04297  77.2%     -    0s
     0     2 1206.04297    0   72 5284.90000 1206.04297  77.2%     -    0s
H  251   190                    4333.4500000 2177.94286  49.7%  50.9    1s
*  556   370              39    4327.3100000 2202.74952  49.1%  50.9    2s
*  645   422              31    4322.2500000 2208.92038  48.9%  50.3    2s
H  661   436                    4319.8300000 2208.92038  48.9%  49.9    2s
H  993   576                    4295.6300000 2242.73739  47.8%  56.7    4s
H 1103   558                    4294.4300000 2246.22000  47.7%  57.1    4s
* 1133   550              35    4274.3900000 2246.22000  47.4%  57.1    4s
H 1143   525                    4265.1100000 2246.22000  47.3%  56.8    4s
  1230   539 2305.08276   30   46 4265.11000 2247.97911  47.3%  57.7    5s
  2727   989 2342.29381   44   23 4265.11000 2256.32393  47.1%  60.1   10s
* 3378  1263              43    3372.2400000 2259.19844  33.0%  59.9   12s
H 3663  1307                    3325.6700000 2260.96047  32.0%  60.9   14s
H 3860  1348                    3324.2600000 2263.26075  31.9%  61.1   14s
* 3871  1341              39    3322.8100000 2263.26075  31.9%  61.2   14s
  3932  1361 2618.19974   29   71 3322.81000 2263.69000  31.9%  61.3   15s
H 4268  1403                    3304.5900000 2265.50934  31.4%  62.1   16s
  5422  1811 2298.41759   23   83 3304.59000 2270.07700  31.3%  62.5   20s
  6872  2242     cutoff   31      3304.59000 2273.50759  31.2%  64.6   25s
  8312  2544     cutoff   28      3304.59000 2278.01340  31.1%  65.6   30s
H 8469  2487                    3288.5800000 2278.35603  30.7%  65.7   30s
* 8746  2475              29    3277.1400000 2279.36992  30.4%  66.0   31s
  9573  2535 infeasible   26      3277.14000 2282.97225  30.3%  68.5   35s
 10690  2571     cutoff   36      3277.14000 2286.29450  30.2%  70.6   40s
H11841  2567                    3274.2300000 2290.11800  30.1%  72.6   44s
 11878  2554     cutoff   23      3274.23000 2290.11800  30.1%  72.6   45s
 13258  2500 2319.05670   28   51 3274.23000 2294.60151  29.9%  75.2   50s
 14472  2352 2391.05230   33   67 3274.23000 2299.90929  29.8%  77.1   55s
 15937  2189 2424.96932   25   76 3274.23000 2305.53383  29.6%  78.6   60s
 17155  2021 2338.72241   38   64 3274.23000 2310.60657  29.4%  80.0   65s
 18384  1776 2346.39866   30   45 3274.23000 2317.27189  29.2%  81.6   70s
 19639  1430     cutoff   36      3274.23000 2328.34195  28.9%  83.0   75s
 20779   970 2496.68193   40   74 3274.23000 2344.01012  28.4%  84.1   80s
 22066   537     cutoff   29      3274.23000 2376.11662  27.4%  84.9   85s

Cutting planes:
  Learned: 3
  Gomory: 24
  Cover: 19
  Implied bound: 449
  Clique: 14
  MIR: 47
  Flow cover: 76
  GUB cover: 8
  Zero half: 17

Explored 23006 nodes (1926962 simplex iterations) in 87.23 seconds
Thread count was 2 (of 4 available processors)

Optimal solution found (tolerance 1.00e-04)
Best objective 3.274230000000e+03, best bound 3.274230000000e+03, gap 0.0%
k_c1	3.0
k_c2	5.0
k_c3	10.0
k_c4	0.0
k_c5	10.0
k_c6	10.0
k_c7	5.999999999999999
k_c8	9.0
k_c9	6.000000000000018
k_dN	-0.0
kDash_c1	-0.0
kDash_c2	-0.0
kDash_c3	6.0
kDash_c4	2.0
kDash_c5	9.0
kDash_c6	6.0
kDash_c7	2.999999999999999
kDash_c8	5.0
kDash_c9	-0.0
o_1	-0.0
o_2	-0.0
o_3	0.0
o_4	1.0
o_5	-0.0
o_6	0.0
o_7	0.0
o_8	-0.0
o_9	-0.0
p_1	1.0
p_2	0.0
p_3	0.0
p_4	1.0
p_5	0.0
p_6	0.0
p_7	0.0
p_8	-0.0
p_9	0.0
phi_c1	15.999999999999961
phi_c2	3.0
phi_c3	18.0
phi_c4	2.0
phi_c5	7.000000000000107
phi_c6	18.0
phi_c7	16.999999999999932
phi_c8	6.000000000000043
phi_c9	2.0000000000000004
phi_d0	20.0
phi_dN	-0.0
pi_c1	20.0
pi_c2	10.0
pi_c3	4.0
pi_c4	10.0
pi_c5	15.0
pi_c6	4.0
pi_c7	7.000000000000001
pi_c8	15.0
pi_c9	10.0
pi_dN	-0.0
tauD_c1	19.999999999999964
tauD_c2	65.0
tauD_c3	25.0
tauD_c4	80.0
tauD_c5	37.999999999999936
tauD_c6	5.0
tauD_c7	10.0
tauD_c8	45.999999999999936
tauD_c9	60.0
tauD_d0	-0.0
tauD_dN	100.0
tauS_c1	2.000000000000028
tauS_c2	84.0
tauS_c3	84.00000000000003
tauS_c4	41.0
tauS_c5	4.0
tauS_c6	4.0
tauS_c7	3.0
tauS_c8	85.0
tauS_c9	85.0
tauS_d0	-0.0
tauS_dN	95.0
x_c1_c5	0.9999999999999982
x_c2_c4	1.0
x_c3_c9	0.9999999999999982
x_c4_dN	1.0
x_c5_c8	1.0
x_c6_c7	1.0
x_c7_c1	0.9999999999999984
x_c8_c2	1.0
x_c9_dN	1.0
x_d0_c3	1.0
x_d0_c6	1.0
z_c1_c4	1.0
z_c4_dN	1.0
z_d0_c1	1.0
