
Gurobi 6.0.4 (win64) logging started 06/14/15 16:34:40

Read LP format model from file C:\MT\repository\VRPTWMS\instances\mip\freight\N9-C_DV10-C_SV50_F20_7_No_1.lp
Reading time = 0.01 seconds
(null): 433 rows, 261 columns, 1839 nonzeros
Optimize a model with 433 rows, 261 columns and 1839 nonzeros
Model has 900 quadratic constraints
WARNING: Only barrier available for SOCP models
Coefficient statistics:
  Matrix range    [1e+00, 1e+02]
  Objective range [6e+00, 1e+03]
  Bounds range    [1e+00, 1e+02]
  RHS range       [1e+00, 1e+02]
Presolve removed 54 rows and 20 columns
Presolve time: 0.06s
Presolved: 2388 rows, 1286 columns, 11282 nonzeros
Variable types: 964 continuous, 322 integer (264 binary)
Found heuristic solution: objective 9305.6600000
Optimize a model with 2388 rows, 1286 columns and 11282 nonzeros
Coefficient statistics:
  Matrix range    [1e+00, 1e+02]
  Objective range [6e+00, 1e+03]
  Bounds range    [7e-01, 1e+02]
  RHS range       [1e+00, 1e+02]

Concurrent LP optimizer: dual simplex and barrier
Showing barrier log only...

Presolve removed 125 rows and 61 columns
Presolved: 2263 rows, 1226 columns, 10664 nonzeros

Root barrier log...

Ordering time: 0.00s

Barrier performed 0 iterations in 0.09 seconds
Barrier solve interrupted - model solved by another algorithm


Solved with dual simplex
Solved in 209 iterations and 0.09 seconds
Optimal objective  1.530567736e+02

Root relaxation: objective 1.530568e+02, 209 iterations, 0.02 seconds

    Nodes    |    Current Node    |     Objective Bounds      |     Work
 Expl Unexpl |  Obj  Depth IntInf | Incumbent    BestBd   Gap | It/Node Time

     0     0  153.05677    0   68 9305.66000  153.05677  98.4%     -    0s
H    0     0                    8287.9700000  153.05677  98.2%     -    0s
     0     0  199.32295    0   82 8287.97000  199.32295  97.6%     -    0s
H    0     0                    7274.7500000  199.32295  97.3%     -    0s
     0     0  516.32119    0   75 7274.75000  516.32119  92.9%     -    0s
H    0     0                    7258.7800000  516.32119  92.9%     -    0s
     0     0  519.95701    0   82 7258.78000  519.95701  92.8%     -    0s
H    0     0                    6268.6600000  519.95701  91.7%     -    0s
     0     0  520.38555    0   95 6268.66000  520.38555  91.7%     -    0s
H    0     0                    6247.3000000  520.38555  91.7%     -    0s
     0     0  520.38555    0   79 6247.30000  520.38555  91.7%     -    0s
H    0     0                    5309.2100000  520.38555  90.2%     -    0s
     0     0  520.38555    0   77 5309.21000  520.38555  90.2%     -    0s
H    0     0                    5244.9000000  520.38555  90.1%     -    0s
     0     0  520.38555    0   83 5244.90000  520.38555  90.1%     -    0s
H    0     0                    5229.7700000  520.38555  90.0%     -    0s
     0     0  520.38555    0   82 5229.77000  520.38555  90.0%     -    0s
     0     0  520.38555    0   90 5229.77000  520.38555  90.0%     -    0s
     0     0  520.38555    0   90 5229.77000  520.38555  90.0%     -    0s
H    0     0                    5223.1700000  520.38555  90.0%     -    0s
     0     2  520.38555    0   86 5223.17000  520.38555  90.0%     -    0s
H  218   199                    4387.9200000 1171.36909  73.3%  29.9    0s
H  281   247                    4372.9200000 1174.96733  73.1%  34.7    0s
H  404   322                    4341.5100000 1177.17680  72.9%  39.5    1s
H  609   442                    4242.9500000 1177.17680  72.3%  41.9    1s
H  680   485                    4239.8700000 1184.26000  72.1%  43.9    1s
H  875   556                    4224.1300000 1193.77870  71.7%  54.0    3s
  1111   685 1224.84871   46  134 4224.13000 1195.06616  71.7%  61.0    5s
H 1378   725                    4222.7200000 1198.85348  71.6%  62.9    5s
  2662  1271 3241.38608   41   42 4222.72000 1207.53662  71.4%  67.0   10s
* 2861  1259              48    3247.4000000 1208.20404  62.8%  65.9   10s
H 2960  1295                    3246.6600000 1208.94200  62.8%  65.6   11s
H 3144  1375                    3242.4200000 1209.69973  62.7%  66.0   12s
H 3170  1384                    3241.0000000 1209.97078  62.7%  66.1   12s
H 3310  1442                    3229.9400000 1210.13300  62.5%  65.9   13s
H 3427  1486                    3224.3100000 1210.26217  62.5%  65.8   14s
H 3442  1498                    3224.0000000 1210.26217  62.5%  65.8   14s
  3634  1578     cutoff   36      3224.00000 1211.32686  62.4%  67.0   15s
  4784  2107 1220.89235   34   77 3224.00000 1214.91682  62.3%  71.7   20s
  5893  2556 2241.51297   37   54 3224.00000 1217.17592  62.2%  75.0   25s
H 6995  3026                    3211.6500000 1220.75148  62.0%  76.2   29s
  7044  3039 2254.45396   43   59 3211.65000 1220.86302  62.0%  76.4   30s
  7325  3171 2301.33225   43   85 3211.65000 1221.51608  62.0%  76.7   35s
  7860  3346     cutoff   36      3211.65000 1221.51608  62.0%  77.2   40s
  9541  3523 2311.73182   44   31 3211.65000 1221.51608  62.0%  75.5   45s
 11310  3665     cutoff   46      3211.65000 1225.50808  61.8%  74.1   50s
 13126  3801 infeasible   59      3211.65000 1229.09520  61.7%  73.6   55s
 14440  3948 infeasible   46      3211.65000 1230.60958  61.7%  73.0   60s
 14703  3992 2304.43195   49   72 3211.65000 1231.08074  61.7%  73.1   65s
 14718  4002 1262.22181   32   75 3211.65000 1231.08074  61.7%  73.0   70s
 14733  4012 1266.20459   50  114 3211.65000 1231.08074  61.7%  73.0   75s
 14746  4021 1247.08809   42   71 3211.65000 1231.08074  61.7%  72.9   80s
 14759  4030 2272.30279   42  111 3211.65000 1231.08074  61.7%  72.8   85s
 14773  4039 1266.20459   50  117 3211.65000 1231.08074  61.7%  72.8   90s
 14786  4048 1247.08809   42  115 3211.65000 1231.08074  61.7%  72.7   95s
 14800  4057 1233.09173   39  119 3211.65000 1231.08074  61.7%  72.6  100s
 15007  4120 2227.17721   55   41 3211.65000 1231.08074  61.7%  73.8  105s
 16468  4245 2295.91000   52   22 3211.65000 1231.08074  61.7%  73.6  110s
 17872  4363 infeasible   53      3211.65000 1231.08074  61.7%  73.5  115s
 19992  4474 1239.98634   41   45 3211.65000 1231.08074  61.7%  73.2  121s
 21522  4498 1232.14565   47   73 3211.65000 1231.08074  61.7%  73.4  126s
 23142  4514 1309.63379   51   68 3211.65000 1232.11139  61.6%  73.7  131s
 24787  4505 2332.04399   47   70 3211.65000 1233.67080  61.6%  74.3  136s
 25784  4518 2393.96497   59   67 3211.65000 1234.78086  61.6%  74.6  140s
 27222  4578 2263.74767   51   25 3211.65000 1236.50660  61.5%  74.9  145s
 28467  4945 2726.49993   53   78 3211.65000 1237.58091  61.5%  75.3  150s
 29776  5370 2311.47811   58   54 3211.65000 1238.92111  61.4%  75.4  155s
 31310  5792 1244.09273   48   65 3211.65000 1240.79023  61.4%  75.9  161s
 32498  6102     cutoff   59      3211.65000 1241.83928  61.3%  76.1  165s
 33603  6399 2250.66325   52   55 3211.65000 1242.95215  61.3%  76.3  170s
 34989  6759 1254.01748   49   64 3211.65000 1244.17694  61.3%  76.5  175s
 36377  7181 1245.56879   48   58 3211.65000 1245.56879  61.2%  76.9  181s
 37336  7490     cutoff   53      3211.65000 1246.54988  61.2%  77.0  185s
 38769  7865 2803.89000   67   36 3211.65000 1247.90931  61.1%  77.0  190s
 39771  8164 1467.34843   54   99 3211.65000 1248.75357  61.1%  77.3  195s
 40960  8432 1422.49112   53  101 3211.65000 1249.93338  61.1%  77.6  200s
 42042  8653 2285.24313   48   65 3211.65000 1251.14859  61.0%  77.8  205s
 43103  8879 2407.66759   60   61 3211.65000 1252.22600  61.0%  78.1  210s
 44348  9166 1272.53964   55   71 3211.65000 1253.39873  61.0%  78.3  215s
 45477  9416 infeasible   58      3211.65000 1254.39139  60.9%  78.5  220s
 46745  9751     cutoff   53      3211.65000 1255.34652  60.9%  78.8  226s
 47944 10090 1267.85270   53   69 3211.65000 1256.20145  60.9%  78.9  230s
 49054 10307 2283.29332   62   50 3211.65000 1257.43735  60.8%  79.1  235s
 50498 10644 2332.20850   60   55 3211.65000 1258.43740  60.8%  79.3  240s
 51594 10901 infeasible   53      3211.65000 1259.26615  60.8%  79.4  245s
 52819 11101     cutoff   55      3211.65000 1260.26766  60.8%  79.8  250s
 53952 11349     cutoff   53      3211.65000 1261.30210  60.7%  80.0  255s
 55248 11637 2309.28845   59   37 3211.65000 1262.11130  60.7%  80.2  260s
 56438 11861 2307.82412   48   87 3211.65000 1263.06500  60.7%  80.6  265s
 57708 12113     cutoff   63      3211.65000 1264.02089  60.6%  80.7  270s
 59056 12343 1400.88294   62   93 3211.65000 1264.93841  60.6%  80.9  275s
 60383 12589 1288.69405   53   76 3211.65000 1265.97371  60.6%  81.0  280s
 61564 12789     cutoff   58      3211.65000 1267.00166  60.5%  81.2  285s
 62811 13034 2283.94318   66   62 3211.65000 1268.08703  60.5%  81.4  290s
 64033 13207 infeasible   65      3211.65000 1269.09326  60.5%  81.6  295s
 65201 13381 infeasible   56      3211.65000 1270.21642  60.4%  81.7  300s
 66431 13565     cutoff   55      3211.65000 1271.35250  60.4%  82.0  305s
 67612 13732 infeasible   66      3211.65000 1272.40047  60.4%  82.1  310s
 68806 13891     cutoff   65      3211.65000 1273.56275  60.3%  82.2  315s
 70329 14127     cutoff   53      3211.65000 1274.98147  60.3%  82.3  321s
 71573 14249 1463.17411   49   69 3211.65000 1276.08986  60.3%  82.4  325s
 72747 14409     cutoff   62      3211.65000 1277.11921  60.2%  82.6  330s
 73906 14581 2625.05945   69   67 3211.65000 1277.98318  60.2%  82.6  335s
 75096 14716 1430.58460   53   93 3211.65000 1278.98888  60.2%  82.7  340s
 76475 14848 1307.51959   55   69 3211.65000 1280.33530  60.1%  83.0  345s
 77476 14961 infeasible   64      3211.65000 1281.24979  60.1%  83.1  350s
 78676 15102 1601.81138   57  106 3211.65000 1282.49607  60.1%  83.2  355s
 80021 15209 1533.87030   54   97 3211.65000 1283.93301  60.0%  83.3  360s
 81257 15316 infeasible   58      3211.65000 1285.01375  60.0%  83.5  365s
 82315 15408 1349.01317   61   88 3211.65000 1285.82174  60.0%  83.6  370s
 83704 15563     cutoff   55      3211.65000 1286.81751  59.9%  83.8  375s
 84876 15705 1313.83063   58   72 3211.65000 1287.76183  59.9%  83.8  380s
 85972 15865 2437.77471   66   76 3211.65000 1288.77638  59.9%  83.9  385s
 87173 16028 1397.79811   53   99 3211.65000 1290.06490  59.8%  84.0  390s
 88519 16091 infeasible   56      3211.65000 1291.58406  59.8%  84.1  395s
 89643 16187 2308.90463   55   51 3211.65000 1292.57377  59.8%  84.1  400s
 90876 16238 2274.08485   60   63 3211.65000 1293.79568  59.7%  84.3  405s
 92293 16386 infeasible   54      3211.65000 1295.06198  59.7%  84.4  410s
 93427 16441 1676.56236   51   83 3211.65000 1296.18984  59.6%  84.5  415s
 94529 16485 1343.84075   58   83 3211.65000 1297.40806  59.6%  84.5  420s
 95731 16533 2401.91046   59   79 3211.65000 1298.89448  59.6%  84.6  425s
 97044 16599 1360.08010   58   90 3211.65000 1300.29289  59.5%  84.6  430s
 98368 16605 2315.46636   55   24 3211.65000 1301.90184  59.5%  84.7  435s
 99447 16651 infeasible   57      3211.65000 1303.29082  59.4%  84.8  440s
 100820 16634 1314.94180   58   64 3211.65000 1304.95676  59.4%  84.9  445s
 102312 16648 1445.31059   61  106 3211.65000 1306.77827  59.3%  84.9  450s
 103746 16650     cutoff   49      3211.65000 1308.74312  59.3%  85.0  455s
 105230 16699     cutoff   59      3211.65000 1310.58286  59.2%  85.1  460s
 106646 16714 2415.06152   57   56 3211.65000 1312.74215  59.1%  85.1  465s
 107951 16705 2663.96580   59   76 3211.65000 1314.57616  59.1%  85.2  470s
 109394 16676 1486.58019   62  105 3211.65000 1316.73232  59.0%  85.3  475s
 110778 16643 2372.53453   52  113 3211.65000 1318.96163  58.9%  85.4  480s
 112245 16567 1609.62689   56   83 3211.65000 1321.72011  58.8%  85.6  485s
 113622 16505 1546.33328   64   74 3211.65000 1324.20659  58.8%  85.7  490s
 114974 16428     cutoff   58      3211.65000 1327.20539  58.7%  85.8  495s
 116575 16365 2417.76990   53   69 3211.65000 1330.63532  58.6%  85.8  500s
 117953 16317 infeasible   56      3211.65000 1333.88118  58.5%  85.9  505s
 119218 16265 1643.98337   58   75 3211.65000 1336.84054  58.4%  86.0  510s
 120498 16148     cutoff   57      3211.65000 1340.62755  58.3%  86.1  515s
 122024 16051     cutoff   57      3211.65000 1345.39814  58.1%  86.2  520s
 123414 16009 1457.50768   53   79 3211.65000 1350.45751  58.0%  86.2  525s
 124855 15983 infeasible   64      3211.65000 1355.71721  57.8%  86.2  530s
 126357 15913 2374.29846   59   81 3211.65000 1362.85318  57.6%  86.3  535s
 127952 15812 2344.28002   51   51 3211.65000 1371.67540  57.3%  86.4  540s
 129365 15731 2277.62676   51   76 3211.65000 1378.74364  57.1%  86.4  545s
 130980 15675 infeasible   66      3211.65000 1387.91363  56.8%  86.4  550s
 132436 15738     cutoff   59      3211.65000 1395.98268  56.5%  86.4  555s
 133912 15725 2276.94732   55   58 3211.65000 1405.62616  56.2%  86.4  560s
 135675 15746 infeasible   65      3211.65000 1416.16804  55.9%  86.4  565s
 137183 15700 1460.98814   60   64 3211.65000 1429.02074  55.5%  86.4  570s
 138745 15779 1871.95122   54   66 3211.65000 1438.41684  55.2%  86.4  575s
 140220 15829 infeasible   54      3211.65000 1448.59084  54.9%  86.4  580s
 141808 15930     cutoff   58      3211.65000 1458.41584  54.6%  86.4  585s
 142886 16014 2527.24121   63   65 3211.65000 1464.48123  54.4%  86.4  590s
 144369 16014 1668.35163   60   77 3211.65000 1476.11599  54.0%  86.4  595s
 145896 16073 2271.48668   67   50 3211.65000 1487.58872  53.7%  86.4  600s
 147493 16158     cutoff   80      3211.65000 1496.78587  53.4%  86.3  605s
 149225 16179     cutoff   61      3211.65000 1509.63382  53.0%  86.3  610s
 150830 16247 2316.22840   55   35 3211.65000 1520.04712  52.7%  86.3  615s
 152597 16235     cutoff   62      3211.65000 1535.26592  52.2%  86.2  620s
 154063 16198 1573.21560   64   72 3211.65000 1548.16621  51.8%  86.2  625s
 155894 16241 infeasible   69      3211.65000 1563.45083  51.3%  86.1  630s
 157425 16147 2672.79554   68   67 3211.65000 1580.01728  50.8%  86.1  635s
 159064 16111 2280.79911   53   58 3211.65000 1598.09616  50.2%  86.0  640s
 160684 16192 1652.76370   58   90 3211.65000 1612.68388  49.8%  85.9  645s
 162481 16228 2312.19915   54   66 3211.65000 1629.74313  49.3%  85.8  650s
 164123 16302 1826.51192   58   55 3211.65000 1644.55872  48.8%  85.7  655s
 166028 16398 2250.40806   58   70 3211.65000 1659.74491  48.3%  85.6  660s
 167614 16403 2347.39042   61   50 3211.65000 1671.92431  47.9%  85.5  665s
 169241 16342     cutoff   70      3211.65000 1685.45907  47.5%  85.5  670s
 171108 16295 2299.93570   53   68 3211.65000 1700.73257  47.0%  85.4  675s
 172702 16241 2299.32515   52   37 3211.65000 1713.61547  46.6%  85.3  680s
 174301 16074 2324.07226   63   52 3211.65000 1728.94959  46.2%  85.3  685s
 175800 15971 2388.98033   53   53 3211.65000 1742.55247  45.7%  85.3  690s
 177615 15818     cutoff   55      3211.65000 1760.99110  45.2%  85.2  695s
 179182 15676 2306.20517   56   88 3211.65000 1778.75263  44.6%  85.2  700s
 180822 15450     cutoff   64      3211.65000 1802.65910  43.9%  85.1  705s
 182629 15189     cutoff   66      3211.65000 1832.61126  42.9%  85.0  710s
 184384 15013 1890.97106   61   75 3211.65000 1862.52856  42.0%  84.9  715s
 186066 14813     cutoff   59      3211.65000 1892.24408  41.1%  84.8  720s
 187715 14622     cutoff   76      3211.65000 1923.97135  40.1%  84.8  725s
 189445 14366     cutoff   71      3211.65000 1963.96133  38.8%  84.6  730s
 191103 14102 2281.04893   58   58 3211.65000 2008.63240  37.5%  84.6  735s
 192670 13858 2323.88583   61   73 3211.65000 2065.03227  35.7%  84.6  740s
 194344 13710 2307.11345   57   38 3211.65000 2138.29383  33.4%  84.5  745s
 195909 13878 2667.39419   53   67 3211.65000 2162.39375  32.7%  84.5  750s
 197504 14065     cutoff   65      3211.65000 2162.39375  32.7%  84.6  755s
 198982 14134 2287.61279   63   54 3211.65000 2164.90937  32.6%  84.6  760s
 200642 14231     cutoff   62      3211.65000 2190.69775  31.8%  84.6  765s
 202591 14312 2307.03316   66   48 3211.65000 2200.13763  31.5%  84.5  770s
 204123 14213     cutoff   64      3211.65000 2202.07324  31.4%  84.5  775s
 205624 14188 2236.27360   47   59 3211.65000 2204.33083  31.4%  84.4  780s
 207717 14364 2252.68596   63   52 3211.65000 2209.24991  31.2%  84.3  785s
 209579 14600     cutoff   53      3211.65000 2213.55233  31.1%  84.2  790s
 211237 14796 infeasible   75      3211.65000 2216.34399  31.0%  84.1  795s
 212932 14947 infeasible   56      3211.65000 2218.97485  30.9%  84.1  800s
 214617 15143 2739.85225   61   65 3211.65000 2221.04287  30.8%  84.0  805s
 216410 15259     cutoff   52      3211.65000 2223.07149  30.8%  84.0  810s
 217970 15426 infeasible   61      3211.65000 2224.84967  30.7%  84.0  815s
 219672 15461 2237.10267   54   52 3211.65000 2225.16886  30.7%  84.0  820s
 221547 15632 2280.36816   61   60 3211.65000 2227.37245  30.6%  84.0  825s
 223031 15763 2228.67750   55   37 3211.65000 2228.67750  30.6%  84.0  830s
 224689 15872 2240.01892   56   54 3211.65000 2230.24529  30.6%  84.0  835s
 226258 15925 infeasible   52      3211.65000 2231.78579  30.5%  84.1  840s
 227764 16126 infeasible   53      3211.65000 2232.88131  30.5%  84.1  845s
 229395 16220     cutoff   61      3211.65000 2233.98951  30.4%  84.2  850s
 230784 16337 infeasible   69      3211.65000 2234.91658  30.4%  84.2  855s
 232006 16404 infeasible   58      3211.65000 2235.78981  30.4%  84.3  860s
 233741 16551 2263.33682   66   54 3211.65000 2236.79964  30.4%  84.3  865s
 235223 16627 2237.82429   49   57 3211.65000 2237.78277  30.3%  84.3  870s
 236882 16781 infeasible   55      3211.65000 2238.91500  30.3%  84.3  875s
 238228 16908 2261.35679   56   80 3211.65000 2239.74890  30.3%  84.4  880s
 239777 16972     cutoff   65      3211.65000 2240.63482  30.2%  84.4  885s
 241370 17050     cutoff   65      3211.65000 2241.63604  30.2%  84.5  890s
 242686 17051 infeasible   66      3211.65000 2242.46087  30.2%  84.5  895s
 244127 17059 2317.14277   61   76 3211.65000 2243.47607  30.1%  84.6  900s
 245667 17076 2244.79595   56   49 3211.65000 2244.24310  30.1%  84.7  905s
 246913 17123 2251.03018   52   66 3211.65000 2245.02690  30.1%  84.8  910s
 248366 17135 infeasible   50      3211.65000 2245.92200  30.1%  84.8  915s
 249721 17134 2257.57416   61   44 3211.65000 2246.72814  30.0%  84.9  920s
 251172 17111 infeasible   46      3211.65000 2247.50393  30.0%  84.9  925s
 252702 17178 infeasible   60      3211.65000 2248.17933  30.0%  85.0  930s
 254222 17125 infeasible   52      3211.65000 2249.03088  30.0%  85.1  935s
 255638 17111 2278.40081   71   41 3211.65000 2249.74813  30.0%  85.1  940s
 256870 17089 infeasible   54      3211.65000 2250.40806  29.9%  85.2  945s
 258310 17099 2284.63239   55   61 3211.65000 2251.16455  29.9%  85.3  950s
 259648 17048 infeasible   63      3211.65000 2251.93812  29.9%  85.4  955s
 260932 16964 infeasible   54      3211.65000 2252.63000  29.9%  85.5  960s
 262100 16901     cutoff   61      3211.65000 2253.25049  29.8%  85.5  965s
 263263 16853 infeasible   62      3211.65000 2253.89683  29.8%  85.6  970s
 264705 16864 infeasible   65      3211.65000 2254.71540  29.8%  85.7  975s
 266249 16860 2278.21578   64   64 3211.65000 2255.48124  29.8%  85.7  980s
 267630 16743 infeasible   48      3211.65000 2256.31123  29.7%  85.8  985s
 269091 16679 2306.96033   60   48 3211.65000 2257.11000  29.7%  85.9  990s
 270272 16558 infeasible   50      3211.65000 2257.86084  29.7%  86.0  995s
 271705 16441     cutoff   63      3211.65000 2258.60671  29.7%  86.1 1000s
 273070 16343 infeasible   47      3211.65000 2259.43372  29.6%  86.1 1005s
 274518 16262     cutoff   57      3211.65000 2260.29848  29.6%  86.2 1010s
 275795 16185 infeasible   48      3211.65000 2261.10975  29.6%  86.3 1015s
 277068 16016 2294.50500   61   27 3211.65000 2261.97950  29.6%  86.4 1020s
 278482 15864 infeasible   63      3211.65000 2262.93622  29.5%  86.5 1025s
 279761 15787 infeasible   76      3211.65000 2263.72607  29.5%  86.5 1030s
 281048 15642 infeasible   54      3211.65000 2264.57952  29.5%  86.6 1035s
 282279 15567 infeasible   55      3211.65000 2265.26158  29.5%  86.7 1040s
 283452 15402 2506.02247   55   68 3211.65000 2266.00431  29.4%  86.8 1045s
 284923 15287 2314.35320   58   79 3211.65000 2266.96706  29.4%  86.9 1050s
 286215 15151 infeasible   54      3211.65000 2267.81962  29.4%  86.9 1055s
 287408 14956 2268.83510   62   60 3211.65000 2268.78863  29.4%  87.0 1060s
 288657 14781 infeasible   51      3211.65000 2269.81200  29.3%  87.1 1065s
 290053 14563 infeasible   56      3211.65000 2270.88581  29.3%  87.2 1070s
 291437 14343     cutoff   46      3211.65000 2271.92121  29.3%  87.2 1075s
 292758 14086 infeasible   53      3211.65000 2273.06663  29.2%  87.3 1080s
 293959 13868 infeasible   69      3211.65000 2274.08663  29.2%  87.4 1085s
 294956 13688 infeasible   56      3211.65000 2274.81715  29.2%  87.5 1090s
 296274 13415 2285.64518   54   58 3211.65000 2276.07109  29.1%  87.6 1095s
 297505 13193 infeasible   48      3211.65000 2277.17926  29.1%  87.7 1100s
 298552 12946 2281.08587   51   49 3211.65000 2278.13648  29.1%  87.8 1105s
 299819 12732 infeasible   54      3211.65000 2279.29096  29.0%  87.8 1110s
 301105 12479     cutoff   56      3211.65000 2280.45984  29.0%  87.9 1115s
 302323 12239     cutoff   53      3211.65000 2281.78716  29.0%  88.0 1120s
 303552 11951 infeasible   66      3211.65000 2283.00018  28.9%  88.1 1125s
 304838 11684 infeasible   54      3211.65000 2284.38508  28.9%  88.2 1130s
 305990 11408 2297.28754   61   44 3211.65000 2285.47031  28.8%  88.2 1135s
 307233 11095 infeasible   56      3211.65000 2286.79991  28.8%  88.3 1140s
 308542 10777 infeasible   55      3211.65000 2288.38063  28.7%  88.4 1145s
 309832 10432 infeasible   72      3211.65000 2289.99013  28.7%  88.5 1150s
 311101 10162 2291.66525   68   34 3211.65000 2291.44750  28.7%  88.5 1155s
 312343  9805 2441.06544   54   77 3211.65000 2293.06373  28.6%  88.6 1160s
 313484  9416 infeasible   64      3211.65000 2294.82299  28.5%  88.7 1165s
 314808  8948 2298.74828   61   55 3211.65000 2296.90888  28.5%  88.8 1170s
 316017  8555 2654.30697   52   46 3211.65000 2298.87940  28.4%  88.9 1175s
 317166  8190 2308.84183   63   62 3211.65000 2300.94887  28.4%  89.0 1180s
 318434  7772 2339.36921   70   58 3211.65000 2303.47313  28.3%  89.1 1185s
 319682  7258 2332.94178   61   55 3211.65000 2306.79454  28.2%  89.1 1190s
 320957  6787 infeasible   70      3211.65000 2310.28918  28.1%  89.2 1195s
 322303  6266 infeasible   66      3211.65000 2314.52555  27.9%  89.2 1200s
 323690  5670 2329.25601   54   75 3211.65000 2320.41027  27.8%  89.2 1205s
 325082  5181 infeasible   56      3211.65000 2327.65527  27.5%  89.2 1210s
 326567  4651 infeasible   59      3211.65000 2338.08049  27.2%  89.2 1215s
 328204  4134     cutoff   68      3211.65000 2353.25558  26.7%  89.1 1220s
 329850  3485 infeasible   72      3211.65000 2380.19412  25.9%  89.0 1225s
 331657  2868     cutoff   55      3211.65000 2419.05663  24.7%  88.9 1230s
 333979  1991 infeasible   56      3211.65000 2521.04471  21.5%  88.6 1235s
 336526   723     cutoff   58      3211.65000 2762.68149  14.0%  88.3 1240s

Cutting planes:
  Gomory: 1
  Cover: 4
  Implied bound: 32
  Clique: 3
  MIR: 26
  Flow cover: 26
  GUB cover: 5
  Zero half: 27

Explored 337530 nodes (29731793 simplex iterations) in 1241.31 seconds
Thread count was 2 (of 4 available processors)

Optimal solution found (tolerance 1.00e-04)
Best objective 3.211650000000e+03, best bound 3.211650000000e+03, gap 0.0%
k_c1	3.0
k_c2	1.0
k_c3	5.0
k_c4	8.0
k_c5	6.0
k_c6	10.0
k_c7	10.0
k_c8	10.0
k_c9	10.0
k_dN	0.0
kDash_c1	0.0
kDash_c2	4.0
kDash_c3	1.0
kDash_c4	4.0
kDash_c5	5.0
kDash_c6	8.0
kDash_c7	6.0
kDash_c8	5.0
kDash_c9	3.0
o_1	0.0
o_2	1.0
o_3	0.0
o_4	0.0
o_5	0.0
o_6	0.0
o_7	0.0
o_8	0.0
o_9	0.0
p_1	0.0
p_2	1.0
p_3	0.0
p_4	1.0
p_5	0.0
p_6	0.0
p_7	0.0
p_8	1.0
p_9	0.0
phi_c1	2.0
phi_c2	1.0
phi_c3	2.0
phi_c4	5.0
phi_c5	4.0
phi_c6	7.0
phi_c7	6.0
phi_c8	8.0
phi_c9	4.0
phi_d0	20.0
phi_dN	0.0
pi_c1	40.0
pi_c2	39.0
pi_c3	40.0
pi_c4	45.0
pi_c5	40.0
pi_c6	40.0
pi_c7	41.0
pi_c8	50.0
pi_c9	40.0
pi_dN	0.0
tauD_c1	85.0
tauD_c2	62.0
tauD_c3	40.0
tauD_c4	40.0
tauD_c5	22.0
tauD_c6	27.0
tauD_c7	7.0
tauD_c8	12.0
tauD_c9	65.0
tauD_d0	0.0
tauD_dN	100.0
tauS_c1	87.0
tauS_c2	61.0
tauS_c3	87.0
tauS_c4	27.0
tauS_c5	24.0
tauS_c6	86.0
tauS_c7	88.0
tauS_c8	4.0
tauS_c9	24.0
tauS_d0	0.0
tauS_dN	87.0
x_c1_dN	1.0
x_c2_dN	1.0
x_c3_c2	1.0
x_c4_c9	1.0
x_c5_c3	1.0
x_c6_c4	1.0
x_c7_c5	1.0
x_c8_c6	1.0
x_c9_c1	1.0
x_d0_c7	1.0
x_d0_c8	1.0
z_c2_dN	1.0
z_c4_c2	1.0
z_c8_c4	1.0
z_d0_c8	1.0
