
Gurobi 6.0.4 (win64) logging started 06/14/15 16:10:18

Read LP format model from file C:\MT\repository\VRPTWMS\instances\mip\freight\N9-C_DV10-C_SV50_F20_11_No_1.lp
Reading time = 0.01 seconds
(null): 433 rows, 261 columns, 1839 nonzeros
Optimize a model with 433 rows, 261 columns and 1839 nonzeros
Model has 900 quadratic constraints
WARNING: Only barrier available for SOCP models
Coefficient statistics:
  Matrix range    [1e+00, 1e+02]
  Objective range [6e+00, 1e+03]
  Bounds range    [1e+00, 1e+02]
  RHS range       [1e+00, 1e+02]
Presolve removed 64 rows and 24 columns
Presolve time: 0.07s
Presolved: 2264 rows, 1225 columns, 10733 nonzeros
Variable types: 907 continuous, 318 integer (260 binary)
Found heuristic solution: objective 9409.5600000
Optimize a model with 2264 rows, 1225 columns and 10733 nonzeros
Coefficient statistics:
  Matrix range    [1e+00, 1e+02]
  Objective range [6e+00, 1e+03]
  Bounds range    [1e+00, 1e+02]
  RHS range       [1e+00, 1e+02]

Concurrent LP optimizer: dual simplex and barrier
Showing barrier log only...

Presolve removed 115 rows and 56 columns
Presolved: 2149 rows, 1169 columns, 10101 nonzeros

Root barrier log...

Ordering time: 0.02s

Barrier performed 0 iterations in 0.10 seconds
Barrier solve interrupted - model solved by another algorithm


Solved with dual simplex
Solved in 194 iterations and 0.10 seconds
Optimal objective  2.209689856e+02

Root relaxation: objective 2.209690e+02, 194 iterations, 0.03 seconds

    Nodes    |    Current Node    |     Objective Bounds      |     Work
 Expl Unexpl |  Obj  Depth IntInf | Incumbent    BestBd   Gap | It/Node Time

     0     0  220.96899    0   68 9409.56000  220.96899  97.7%     -    0s
H    0     0                    7392.6600000  220.96899  97.0%     -    0s
     0     0  482.64229    0   76 7392.66000  482.64229  93.5%     -    0s
H    0     0                    6372.5600000  482.64229  92.4%     -    0s
H    0     0                    5358.0400000  482.64229  91.0%     -    0s
     0     0 1110.17356    0   77 5358.04000 1110.17356  79.3%     -    0s
     0     0 1117.07268    0   63 5358.04000 1117.07268  79.2%     -    0s
H    0     0                    5306.8400000 1117.07268  79.0%     -    0s
     0     0 1118.86958    0   69 5306.84000 1118.86958  78.9%     -    0s
     0     0 1120.85988    0   65 5306.84000 1120.85988  78.9%     -    0s
     0     0 1120.85988    0   66 5306.84000 1120.85988  78.9%     -    0s
H    0     0                    5301.5200000 1120.85988  78.9%     -    0s
     0     0 1120.85988    0   76 5301.52000 1120.85988  78.9%     -    0s
     0     0 1120.85988    0   75 5301.52000 1120.85988  78.9%     -    0s
     0     0 1120.85988    0   76 5301.52000 1120.85988  78.9%     -    0s
     0     0 1120.85988    0   76 5301.52000 1120.85988  78.9%     -    0s
H    0     0                    4299.1400000 1120.85988  73.9%     -    0s
     0     2 1120.85988    0   76 4299.14000 1120.85988  73.9%     -    0s
*  101    68              39    4282.6200000 1125.81248  73.7%  41.0    0s
H  155    90                    3268.3600000 1125.81248  65.6%  37.7    0s
H  580   278                    3251.8600000 1153.70893  64.5%  39.0    1s
   761   391 1230.69843   14  119 3251.86000 1230.69843  62.2%  45.3    5s
  2026   735 1533.05254   30   96 3251.86000 1278.92994  60.7%  59.3   10s
  3405  1339 2477.68897   47   78 3251.86000 1558.07666  52.1%  64.2   15s
  4684  1820     cutoff   34      3251.86000 1729.57800  46.8%  69.0   20s
  6133  2298     cutoff   41      3251.86000 1768.68786  45.6%  70.5   25s
  7277  2559 2271.51124   25   73 3251.86000 1953.57000  39.9%  73.2   30s
* 7442  2584              36    3247.6800000 1961.44000  39.6%  73.5   30s
  8748  3061 2227.69766   35   71 3247.68000 2215.29424  31.8%  73.6   35s
 10094  3501 infeasible   28      3247.68000 2220.46256  31.6%  74.5   40s
*11007  3769              39    3244.7900000 2222.82992  31.5%  75.5   43s
 11632  4024 2263.89298   36   57 3244.79000 2224.51917  31.4%  75.3   45s
 13160  4470 2351.93000   44   22 3244.79000 2228.29138  31.3%  76.6   50s
 14661  4900 2284.76169   29   76 3244.79000 2230.93226  31.2%  77.6   59s
 14667  4904 2329.92615   31   51 3244.79000 2230.93226  31.2%  77.5   60s
 14684  4915 2297.90972   28   62 3244.79000 2230.93226  31.2%  77.4   65s
 14700  4926 2239.99948   30  106 3244.79000 2230.93226  31.2%  77.4   70s
 14714  4935 2260.67000   33  121 3244.79000 2230.93226  31.2%  77.3   75s
 14730  4946 2285.70539   35  121 3244.79000 2230.93226  31.2%  77.2   80s
 14746  4957 2235.51688   41  130 3244.79000 2230.93226  31.2%  77.1   85s
 14761  4967 2284.76169   29  121 3244.79000 2230.93226  31.2%  77.0   90s
 14902  5006 2230.93226   39   79 3244.79000 2230.93226  31.2%  78.3   95s
 16481  4950 2260.50159   41   50 3244.79000 2230.93226  31.2%  78.0  101s
 17863  4809 infeasible   51      3244.79000 2230.93226  31.2%  77.6  105s
 19817  4586 2230.93226   51   49 3244.79000 2230.93226  31.2%  76.8  110s
 21449  4062 2230.93226   58   89 3244.79000 2230.93226  31.2%  76.6  115s
 22944  3769 2230.93226   43   34 3244.79000 2230.93226  31.2%  76.0  120s
 24553  3667     cutoff   65      3244.79000 2230.93226  31.2%  74.9  125s
 26987  3385 2230.97118   50   30 3244.79000 2230.93226  31.2%  73.8  131s
 28610  3182 2673.59886   53   49 3244.79000 2235.25842  31.1%  73.6  135s
 30408  3107 2246.37483   43   29 3244.79000 2240.77266  30.9%  73.6  140s
 32320  3338 2245.69600   52   14 3244.79000 2245.69600  30.8%  73.6  145s
 34017  3608 2277.69000   46   18 3244.79000 2250.53160  30.6%  73.6  150s
 35849  3873 2287.19050   40   39 3244.79000 2254.16103  30.5%  73.8  155s
 37359  4103 2295.19612   37   37 3244.79000 2257.07500  30.4%  73.8  160s
 38932  4226 2325.91318   48   17 3244.79000 2260.21250  30.3%  74.3  165s
 40556  4390 2302.31700   61   28 3244.79000 2263.21600  30.3%  74.5  170s
 42096  4510 2288.92359   60   28 3244.79000 2266.25000  30.2%  74.7  175s
 43613  4545     cutoff   49      3244.79000 2269.21949  30.1%  75.0  180s
 45238  4590     cutoff   47      3244.79000 2272.61688  30.0%  75.4  185s
 46825  4559 2313.73807   59   45 3244.79000 2276.22197  29.8%  75.7  190s
 48383  4557 2669.70203   58   41 3244.79000 2279.63415  29.7%  76.0  195s
 49930  4557 infeasible   49      3244.79000 2283.09143  29.6%  76.2  200s
 51439  4494 2343.00059   53   66 3244.79000 2286.49662  29.5%  76.6  205s
 53122  4440     cutoff   54      3244.79000 2290.28075  29.4%  77.0  210s
 54485  4364     cutoff   48      3244.79000 2293.02667  29.3%  77.3  215s
 55973  4318 2317.21223   41   45 3244.79000 2295.76018  29.2%  77.7  220s
 57515  4186 infeasible   56      3244.79000 2298.51420  29.2%  78.1  225s
 58516  4182 2301.31304   44   30 3244.79000 2300.40136  29.1%  78.4  230s
 60084  3995 infeasible   49      3244.79000 2303.81893  29.0%  78.8  235s
 61509  3872 2307.32130   46   51 3244.79000 2307.04972  28.9%  79.1  240s
 62886  3689     cutoff   48      3244.79000 2310.31554  28.8%  79.5  245s
 64311  3435 infeasible   58      3244.79000 2315.25967  28.6%  79.9  250s
 65513  3131 infeasible   53      3244.79000 2319.93267  28.5%  80.3  255s
 66973  2691     cutoff   61      3244.79000 2326.33146  28.3%  80.7  260s
 68141  2364     cutoff   53      3244.79000 2332.28742  28.1%  81.0  265s
 69633  1908     cutoff   46      3244.79000 2341.95051  27.8%  81.4  270s
 71136  1303 2379.83596   54   49 3244.79000 2363.97864  27.1%  81.7  275s
 72576   938 infeasible   67      3244.79000 2393.94583  26.2%  81.7  280s
 74066   587     cutoff   62      3244.79000 2473.94667  23.8%  81.7  285s
 75601   277 infeasible   49      3244.79000 2709.32878  16.5%  81.5  290s

Cutting planes:
  Gomory: 2
  Cover: 1
  Implied bound: 35
  Clique: 5
  MIR: 20
  Flow cover: 17
  GUB cover: 3
  Zero half: 33

Explored 76348 nodes (6195305 simplex iterations) in 291.55 seconds
Thread count was 2 (of 4 available processors)

Optimal solution found (tolerance 1.00e-04)
Best objective 3.244790000000e+03, best bound 3.244790000000e+03, gap 0.0%
k_c1	10.0
k_c2	7.0
k_c3	4.0
k_c4	5.0
k_c5	8.0
k_c6	10.0
k_c7	10.0
k_c8	4.0
k_c9	1.0
k_dN	0.0
kDash_c1	5.0
kDash_c2	4.0
kDash_c3	0.0
kDash_c4	1.0
kDash_c5	4.0
kDash_c6	8.0
kDash_c7	7.0
kDash_c8	0.0
kDash_c9	0.0
o_1	0.0
o_2	0.0
o_3	0.0
o_4	0.0
o_5	0.0
o_6	0.0
o_7	0.0
o_8	0.0
o_9	0.0
p_1	0.0
p_2	0.0
p_3	0.0
p_4	0.0
p_5	0.0
p_6	0.0
p_7	0.0
p_8	0.0
p_9	0.0
phi_c1	18.0
phi_c2	16.0
phi_c3	2.0
phi_c4	17.0
phi_c5	3.0
phi_c6	19.0
phi_c7	17.0
phi_c8	1.0
phi_c9	2.0
phi_d0	20.0
phi_dN	0.0
pi_c1	0.0
pi_c2	0.0
pi_c3	0.0
pi_c4	0.0
pi_c5	0.0
pi_c6	0.0
pi_c7	0.0
pi_c8	0.0
pi_c9	0.0
pi_dN	0.0
tauD_c1	5.0
tauD_c2	35.0
tauD_c3	60.0
tauD_c4	25.0
tauD_c5	79.0
tauD_c6	40.0
tauD_c7	25.0
tauD_c8	92.0
tauD_c9	65.0
tauD_d0	0.0
tauD_dN	100.0
tauS_c1	87.0
tauS_c2	83.0
tauS_c3	84.0
tauS_c4	85.0
tauS_c5	84.0
tauS_c6	8.0
tauS_c7	84.0
tauS_c8	89.0
tauS_c9	87.0
tauS_d0	0.0
tauS_dN	100.0
x_c1_c4	1.0
x_c2_c3	1.0
x_c3_dN	1.0
x_c4_c9	1.0
x_c5_c8	1.0
x_c6_c5	1.0
x_c7_c2	1.0
x_c8_dN	1.0
x_c9_dN	1.0
x_d0_c1	1.0
x_d0_c6	1.0
x_d0_c7	1.0
