
Gurobi 6.0.4 (win64) logging started 06/14/15 16:24:50

Read LP format model from file C:\MT\repository\VRPTWMS\instances\mip\freight\N9-C_DV10-C_SV50_F20_2_No_1.lp
Reading time = 0.01 seconds
(null): 433 rows, 261 columns, 1839 nonzeros
Optimize a model with 433 rows, 261 columns and 1839 nonzeros
Model has 900 quadratic constraints
WARNING: Only barrier available for SOCP models
Coefficient statistics:
  Matrix range    [1e+00, 1e+02]
  Objective range [2e+00, 1e+03]
  Bounds range    [1e+00, 1e+02]
  RHS range       [1e+00, 1e+02]
Presolve removed 51 rows and 19 columns
Presolve time: 0.07s
Presolved: 2405 rows, 1294 columns, 11377 nonzeros
Variable types: 971 continuous, 323 integer (265 binary)
Found heuristic solution: objective 9415.7400000
Optimize a model with 2405 rows, 1294 columns and 11377 nonzeros
Coefficient statistics:
  Matrix range    [6e-01, 1e+02]
  Objective range [2e+00, 1e+03]
  Bounds range    [1e+00, 1e+02]
  RHS range       [1e+00, 1e+02]

Concurrent LP optimizer: dual simplex and barrier
Showing barrier log only...

Presolve removed 106 rows and 52 columns
Presolved: 2299 rows, 1244 columns, 10841 nonzeros

Root barrier log...

Ordering time: 0.01s

Barrier performed 0 iterations in 0.10 seconds
Barrier solve interrupted - model solved by another algorithm


Solved with dual simplex
Solved in 182 iterations and 0.11 seconds
Optimal objective  1.722803260e+02

Root relaxation: objective 1.722803e+02, 182 iterations, 0.03 seconds

    Nodes    |    Current Node    |     Objective Bounds      |     Work
 Expl Unexpl |  Obj  Depth IntInf | Incumbent    BestBd   Gap | It/Node Time

     0     0  172.28033    0   64 9415.74000  172.28033  98.2%     -    0s
H    0     0                    7383.5300000  172.28033  97.7%     -    0s
     0     0 1164.23782    0   69 7383.53000 1164.23782  84.2%     -    0s
H    0     0                    6355.4700000 1164.23782  81.7%     -    0s
     0     0 1173.81265    0   63 6355.47000 1173.81265  81.5%     -    0s
     0     0 1175.38448    0   64 6355.47000 1175.38448  81.5%     -    0s
H    0     0                    5314.9500000 1175.38448  77.9%     -    0s
     0     0 1175.82641    0   67 5314.95000 1175.82641  77.9%     -    0s
     0     0 1175.85333    0   35 5314.95000 1175.85333  77.9%     -    0s
     0     0 1175.85333    0   41 5314.95000 1175.85333  77.9%     -    0s
     0     0 1175.85333    0   41 5314.95000 1175.85333  77.9%     -    0s
     0     0 1175.85333    0   38 5314.95000 1175.85333  77.9%     -    0s
     0     0 1175.85333    0   39 5314.95000 1175.85333  77.9%     -    0s
     0     0 1175.85333    0   38 5314.95000 1175.85333  77.9%     -    0s
     0     0 1175.85333    0   36 5314.95000 1175.85333  77.9%     -    0s
     0     0 1175.85333    0   34 5314.95000 1175.85333  77.9%     -    0s
H    0     0                    5299.1200000 1175.85333  77.8%     -    0s
     0     2 1175.85333    0   34 5299.12000 1175.85333  77.8%     -    0s
*   46    41              25    4296.4400000 1180.62333  72.5%  36.2    0s
H  145   103                    4289.6900000 1191.29003  72.2%  45.2    0s
H  750   517                    4262.3700000 2204.68211  48.3%  41.5    3s
   765   529 2356.42306   16   34 4262.37000 2207.07881  48.2%  47.5    5s
H  999   605                    3364.5000000 2215.40113  34.2%  57.7    8s
H 1006   565                    3322.5800000 2215.40113  33.3%  57.6    8s
H 1220   575                    3299.0100000 2217.37158  32.8%  56.8    8s
H 1276   554                    3286.2000000 2220.81432  32.4%  56.4    8s
H 1427   555                    3275.6000000 2221.15030  32.2%  56.5    9s
  1689   576 2250.78882   48   54 3275.60000 2225.70000  32.1%  58.2   10s
  2857  1036 2299.08572   46   83 3275.60000 2235.18043  31.8%  60.9   15s
* 3267  1197              48    3265.2800000 2236.29125  31.5%  61.8   16s
  4146  1464     cutoff   47      3265.28000 2240.26333  31.4%  64.2   20s
H 4294  1518                    3259.0700000 2240.69329  31.2%  64.5   20s
H 4422  1558                    3257.2200000 2240.96000  31.2%  64.7   21s
  5345  1757 2266.93779   42   54 3257.22000 2244.05048  31.1%  68.1   25s
  6476  2006 2267.67558   49   60 3257.22000 2248.49867  31.0%  71.6   30s
  7681  2244 infeasible   40      3257.22000 2252.42174  30.8%  74.1   35s
  8730  2387 infeasible   48      3257.22000 2255.75147  30.7%  76.2   40s
  9883  2553 infeasible   43      3257.22000 2259.14333  30.6%  78.2   45s
 10932  2692 2296.63325   38   69 3257.22000 2261.62771  30.6%  79.6   50s
 11996  2777 infeasible   56      3257.22000 2264.75000  30.5%  81.7   55s
 13329  2822 2286.39020   51   69 3257.22000 2268.66000  30.3%  84.1   60s
 14577  2970 2273.63333   47   34 3257.22000 2271.97998  30.2%  85.2   68s
 14586  2976 2278.44979   42   85 3257.22000 2271.97998  30.2%  85.1   70s
 14602  2987 2277.53691   40  150 3257.22000 2271.97998  30.2%  85.0   75s
 14617  2997 2273.63333   47  141 3257.22000 2271.97998  30.2%  84.9   80s
 14632  3007 2306.78090   63  159 3257.22000 2271.97998  30.2%  84.8   85s
 14647  3017 2283.00046   47  129 3257.22000 2271.97998  30.2%  84.7   90s
 14663  3027 2285.62900   50  143 3257.22000 2271.97998  30.2%  84.7   95s
 14678  3037 2273.94692   43  149 3257.22000 2271.97998  30.2%  84.6  100s
 14910  3076 infeasible   51      3257.22000 2271.97998  30.2%  85.5  105s
 15923  3036 2271.97998   51   41 3257.22000 2271.97998  30.2%  85.7  111s
 16799  2979 2293.50622   56   58 3257.22000 2271.97998  30.2%  86.3  115s
 18074  2783 2286.85667   53   48 3257.22000 2271.97998  30.2%  87.0  121s
 18983  2590 2281.47655   54   56 3257.22000 2271.97998  30.2%  88.2  125s
 19794  2392 2298.26606   48   61 3257.22000 2271.97998  30.2%  89.3  131s
 20516  2165 2295.93377   52   58 3257.22000 2271.97998  30.2%  90.6  136s
 21203  1940 2281.35244   58   58 3257.22000 2275.20667  30.1%  91.8  141s
 21828  1694 2314.39918   54   91 3257.22000 2279.87738  30.0%  93.0  145s
 22513  1459 2305.06815   48   64 3257.22000 2284.96731  29.8%  94.2  150s
 23333  1091 infeasible   59      3257.22000 2294.21963  29.6%  95.2  155s
 23968   858     cutoff   47      3257.22000 2301.66358  29.3%  96.4  160s
 24690   719 2312.91400   58   88 3257.22000 2311.40426  29.0%  97.7  165s
 25510   584     cutoff   47      3257.22000 2327.02895  28.6%  98.5  170s
 26148   378 2348.81771   51   99 3257.22000 2347.86590  27.9%   100  175s
 27013    45     cutoff   55      3257.22000 2509.61419  23.0%   101  180s

Cutting planes:
  Gomory: 9
  Cover: 246
  Implied bound: 439
  Clique: 13
  MIR: 164
  Flow cover: 302
  GUB cover: 4
  Zero half: 84
  Mod-K: 2

Explored 27305 nodes (2745981 simplex iterations) in 181.17 seconds
Thread count was 2 (of 4 available processors)

Optimal solution found (tolerance 1.00e-04)
Best objective 3.257220000000e+03, best bound 3.257220000000e+03, gap 0.0%
k_c1	6.0
k_c2	4.0
k_c3	6.0
k_c4	8.0
k_c5	6.0
k_c6	2.0
k_c7	10.0
k_c8	10.0
k_c9	10.0
k_dN	-0.0
kDash_c1	0.0
kDash_c2	1.0
kDash_c3	2.0
kDash_c4	-0.0
kDash_c5	4.0
kDash_c6	6.0
kDash_c7	6.0
kDash_c8	8.0
kDash_c9	6.0
o_1	-0.0
o_2	0.0
o_3	0.0
o_4	0.0
o_5	0.0
o_6	1.0
o_7	0.0
o_8	-0.0
o_9	0.0
p_1	0.0
p_2	0.0
p_3	0.0
p_4	1.0
p_5	0.0
p_6	1.0
p_7	0.0
p_8	-0.0
p_9	0.0
phi_c1	3.0
phi_c2	13.0
phi_c3	7.0
phi_c4	17.0
phi_c5	14.0
phi_c6	5.0
phi_c7	18.0
phi_c8	19.0
phi_c9	16.0
phi_d0	20.0
phi_dN	-0.0
pi_c1	8.0
pi_c2	12.0
pi_c3	10.0
pi_c4	18.0
pi_c5	4.0
pi_c6	8.0
pi_c7	2.0
pi_c8	2.0
pi_c9	16.0
pi_dN	-0.0
tauD_c1	85.0
tauD_c2	90.0
tauD_c3	50.0
tauD_c4	24.0
tauD_c5	51.0
tauD_c6	62.0
tauD_c7	25.0
tauD_c8	10.0
tauD_c9	40.0
tauD_d0	-0.0
tauD_dN	100.0
tauS_c1	84.0
tauS_c2	12.0
tauS_c3	81.0
tauS_c4	10.0
tauS_c5	83.0
tauS_c6	42.0
tauS_c7	86.0
tauS_c8	77.0
tauS_c9	85.0
tauS_d0	-0.0
tauS_dN	74.0
x_c1_dN	1.0
x_c2_dN	1.0
x_c3_c6	1.0
x_c4_c9	1.0
x_c5_c2	1.0
x_c6_c1	1.0
x_c7_c3	1.0
x_c8_c4	1.0
x_c9_c5	1.0
x_d0_c7	1.0
x_d0_c8	1.0
z_c4_c6	1.0
z_c6_dN	1.0
z_d0_c4	1.0
