
Gurobi 6.0.4 (win64) logging started 06/12/15 17:20:16

Read LP format model from file E:\Eigene Dateien\Downloads\Michi shit\VRPTWMS-master\VRPTWMS\instances\mip\fuel\N8-C_DV100-C_SV25_F5_12_No_1.lp
Reading time = 0.00 seconds
(null): 417 rows, 208 columns, 1715 nonzeros
Optimize a model with 417 rows, 208 columns and 1715 nonzeros
Model has 576 quadratic constraints
WARNING: Only barrier available for SOCP models
Coefficient statistics:
  Matrix range    [1e+00, 1e+02]
  Objective range [7e+00, 1e+03]
  Bounds range    [1e+00, 1e+02]
  RHS range       [1e+00, 1e+02]
Presolve removed 29 rows and 10 columns
Presolve time: 0.03s
Presolved: 1527 rows, 797 columns, 7502 nonzeros
Variable types: 540 continuous, 257 integer (214 binary)
Found heuristic solution: objective 8287.5000000
Optimize a model with 1527 rows, 797 columns and 7502 nonzeros
Coefficient statistics:
  Matrix range    [1e+00, 1e+02]
  Objective range [7e+00, 1e+03]
  Bounds range    [1e+00, 1e+02]
  RHS range       [1e+00, 1e+02]

Concurrent LP optimizer: dual simplex and barrier
Showing barrier log only...

Presolve removed 143 rows and 100 columns
Presolved: 1384 rows, 697 columns, 6884 nonzeros

Root barrier log...

Ordering time: 0.02s

Barrier performed 0 iterations in 0.06 seconds
Barrier solve interrupted - model solved by another algorithm


Solved with dual simplex
Solved in 67 iterations and 0.06 seconds
Optimal objective  1.007960302e+02

Root relaxation: objective 1.007960e+02, 67 iterations, 0.02 seconds

    Nodes    |    Current Node    |     Objective Bounds      |     Work
 Expl Unexpl |  Obj  Depth IntInf | Incumbent    BestBd   Gap | It/Node Time

     0     0  100.79603    0   25 8287.50000  100.79603  98.8%     -    0s
H    0     0                    7270.2400000  100.79603  98.6%     -    0s
     0     0  116.14586    0   36 7270.24000  116.14586  98.4%     -    0s
     0     0  121.22203    0   33 7270.24000  121.22203  98.3%     -    0s
H    0     0                    6254.5700000  121.22203  98.1%     -    0s
     0     0  122.02500    0   21 6254.57000  122.02500  98.0%     -    0s
     0     0  122.02500    0   22 6254.57000  122.02500  98.0%     -    0s
     0     0  122.02500    0   20 6254.57000  122.02500  98.0%     -    0s
     0     0  122.02500    0   20 6254.57000  122.02500  98.0%     -    0s
     0     0  122.02500    0   20 6254.57000  122.02500  98.0%     -    0s
H    0     0                    5238.9200000  122.02500  97.7%     -    0s
     0     2  122.02500    0   20 5238.92000  122.02500  97.7%     -    0s
H  187   158                    4286.3700000  128.35058  97.0%  22.6    0s
H  211   153                    3278.5100000  128.35058  96.1%  22.3    0s
*  678   464              31    3261.9400000  150.44974  95.4%  22.9    0s
H 1181   742                    3258.6700000  170.71087  94.8%  25.7    0s
H 1209   703                    3258.3400000  170.71087  94.8%  26.1    0s
H 1210   672                    3248.7500000  170.71087  94.7%  26.1    0s
H 1256   672                    3243.6800000  170.71087  94.7%  26.3    1s
H 2869  1122                    3239.7300000 1152.51441  64.4%  28.0    2s
H 3147  1260                    3224.1000000 1153.81770  64.2%  28.0    2s
H 3618  1533                    3219.6200000 1155.78157  64.1%  27.2    2s
H 5748  2721                    3211.2800000 1163.65851  63.8%  27.4    3s
  8468  4199 2217.61910   30   23 3211.28000 1170.76896  63.5%  27.7    5s
* 8748  4260              41    3207.1800000 1170.76896  63.5%  28.4    5s
 15628  6791     cutoff   36      3207.18000 1187.03000  63.0%  35.5   10s
 20847  8139 1209.84474   41   20 3207.18000 1199.45168  62.6%  40.2   15s
 24694  8640 2271.90048   44   38 3207.18000 1199.45168  62.6%  41.2   20s
 32648  9209     cutoff   58      3207.18000 1199.45168  62.6%  41.5   25s
H37365  8888                    3207.0300000 1199.45168  62.6%  42.7   30s
 41595  8683 1278.84768   50   66 3207.03000 1206.56958  62.4%  43.8   35s
 47155  8996 2270.05529   49   50 3207.03000 1220.05595  62.0%  45.2   40s
 53450 10296 2281.51738   48   53 3207.03000 1231.84227  61.6%  46.6   45s
 58716 11045 1281.86368   40   68 3207.03000 1239.61725  61.3%  47.5   50s
 65023 11959     cutoff   47      3207.03000 1247.98405  61.1%  48.6   55s
 71628 12757 2261.56422   46   23 3207.03000 1256.10852  60.8%  49.5   60s
 77807 13287 1376.73628   41   78 3207.03000 1264.07672  60.6%  50.4   65s
 84207 13584 1279.41984   48   58 3207.03000 1273.11579  60.3%  51.2   70s
 90266 13773 1304.89366   43   44 3207.03000 1281.06979  60.1%  51.7   75s
 95808 13764 infeasible   43      3207.03000 1289.80769  59.8%  52.4   80s
 100598 13556 infeasible   43      3207.03000 1297.87853  59.5%  52.9   85s
 105936 13318 infeasible   51      3207.03000 1309.66090  59.2%  53.4   90s
 110977 12994     cutoff   51      3207.03000 1325.25005  58.7%  53.9   95s
 115911 12654 infeasible   48      3207.03000 1351.28559  57.9%  54.2  100s
 122096 12622 1712.92000   37   18 3207.03000 1425.93722  55.5%  54.3  105s
 129005 12641 1550.28249   33   45 3207.03000 1550.28249  51.7%  54.3  110s
 135611 12296 1806.01154   46   59 3207.03000 1804.78062  43.7%  54.2  115s
 142611 12877 2318.01389   46   59 3207.03000 2138.31944  33.3%  53.8  120s
H150457 14466                    3206.8400000 2165.96072  32.5%  53.3  124s
 150542 14450     cutoff   51      3206.84000 2166.18012  32.5%  53.3  125s
*158721 16623              41    3202.6400000 2179.35623  32.0%  52.7  129s
H158786 16586                    3202.4900000 2179.39825  31.9%  52.7  129s
 159989 16782 2210.65215   49   32 3202.49000 2180.96643  31.9%  52.7  130s
 168304 18183 2234.87705   39   33 3202.49000 2189.18100  31.6%  52.4  135s
 175919 18708 2196.55553   50   35 3202.49000 2194.91640  31.5%  52.4  140s
 182638 19114 2267.53541   42   30 3202.49000 2199.48953  31.3%  52.5  145s
 189500 19273 2207.29646   52   19 3202.49000 2204.42500  31.2%  52.6  150s
 195726 19314 2224.29091   40   17 3202.49000 2208.41030  31.0%  52.8  155s
 201811 19270 2228.15916   26   35 3202.49000 2212.52600  30.9%  52.9  160s
 208451 19349 2277.86675   45   18 3202.49000 2216.81801  30.8%  53.1  165s
 214766 19079 2403.67012   49   54 3202.49000 2221.28870  30.6%  53.3  170s
 220964 18622 infeasible   50      3202.49000 2225.80515  30.5%  53.6  175s
 227008 18040 infeasible   41      3202.49000 2230.44787  30.4%  53.8  180s
 232366 17360 2265.13762   48   57 3202.49000 2234.68646  30.2%  54.0  185s
 238423 16421 infeasible   38      3202.49000 2239.78665  30.1%  54.3  190s
 244244 15485 2264.37616   41   36 3202.49000 2244.72006  29.9%  54.5  195s
 249830 14385 2297.69780   45   29 3202.49000 2249.67675  29.8%  54.7  200s
 255343 12936 infeasible   60      3202.49000 2255.24276  29.6%  55.0  205s
 260523 11695 2260.53951   50   29 3202.49000 2260.33753  29.4%  55.1  210s
 266333 10034 infeasible   45      3202.49000 2266.90618  29.2%  55.4  215s
 272286  8056 2276.78805   51   42 3202.49000 2275.39465  28.9%  55.6  220s
 278117  5911     cutoff   54      3202.49000 2286.14000  28.6%  55.8  225s
 283533  3605 infeasible   40      3202.49000 2303.27842  28.1%  56.0  230s
 290145    48     cutoff   57      3202.49000 3174.91366  0.86%  55.7  235s

Cutting planes:
  Learned: 21
  Gomory: 11
  Cover: 5
  Implied bound: 28
  Clique: 8
  MIR: 27
  Flow cover: 13
  GUB cover: 7
  Zero half: 10

Explored 290342 nodes (16175189 simplex iterations) in 235.05 seconds
Thread count was 4 (of 4 available processors)

Optimal solution found (tolerance 1.00e-04)
Best objective 3.202490000000e+03, best bound 3.202490000000e+03, gap 0.0%
k_c1	97.0
k_c2	9.0
k_c3	9.0
k_c4	100.0
k_c5	16.0
k_c6	5.0
k_c7	100.0
k_c8	14.0
k_dN	0.0
o_1	0.0
o_2	1.0
o_3	0.0
o_4	0.0
o_5	0.0
o_6	0.0
o_7	0.0
o_8	0.0
p_1	1.0
p_2	1.0
p_3	0.0
p_4	0.0
p_5	0.0
p_6	0.0
p_7	0.0
p_8	0.0
phi_c1	0.0
phi_c2	0.0
phi_c3	1.0
phi_c4	4.0
phi_c5	3.0
phi_c6	3.0
phi_c7	3.0
phi_c8	2.0
phi_dN	0.0
pi_c1	10.0
pi_c2	5.0
pi_c3	0.0
pi_c4	0.0
pi_c5	0.0
pi_c6	0.0
pi_c7	0.0
pi_c8	0.0
pi_dN	0.0
tauD_c1	16.0
tauD_c2	58.0
tauD_c3	30.0
tauD_c4	3.0
tauD_c5	35.0
tauD_c6	80.0
tauD_c7	4.0
tauD_c8	45.0
tauD_d0	0.0
tauD_dN	100.0
tauS_c1	4.0
tauS_c2	31.0
tauS_c3	88.0
tauS_c4	4.0
tauS_c5	4.0
tauS_c6	5.0
tauS_c7	87.0
tauS_c8	6.0
tauS_d0	0.0
tauS_dN	75.0
x_c1_c5	1.0
x_c2_c6	1.0
x_c3_dN	1.0
x_c4_c3	1.0
x_c5_c8	1.0
x_c6_dN	1.0
x_c7_c1	1.0
x_c8_c2	1.0
x_d0_c4	1.0
x_d0_c7	1.0
z_c1_c2	1.0
z_c2_dN	1.0
z_d0_c1	1.0
