
Gurobi 6.0.4 (win64) logging started 06/12/15 17:24:18

Read LP format model from file E:\Eigene Dateien\Downloads\Michi shit\VRPTWMS-master\VRPTWMS\instances\mip\fuel\N8-C_DV100-C_SV25_F5_14_No_1.lp
Reading time = 0.00 seconds
(null): 417 rows, 208 columns, 1715 nonzeros
Optimize a model with 417 rows, 208 columns and 1715 nonzeros
Model has 576 quadratic constraints
WARNING: Only barrier available for SOCP models
Coefficient statistics:
  Matrix range    [1e+00, 1e+02]
  Objective range [7e+00, 1e+03]
  Bounds range    [1e+00, 1e+02]
  RHS range       [1e+00, 1e+02]
Presolve removed 40 rows and 20 columns
Presolve time: 0.03s
Presolved: 1360 rows, 704 columns, 6655 nonzeros
Variable types: 467 continuous, 237 integer (194 binary)
Found heuristic solution: objective 9440.8800000
Optimize a model with 1360 rows, 704 columns and 6655 nonzeros
Coefficient statistics:
  Matrix range    [1e+00, 2e+03]
  Objective range [7e+00, 1e+03]
  Bounds range    [1e+00, 1e+02]
  RHS range       [1e+00, 2e+03]

Concurrent LP optimizer: dual simplex and barrier
Showing barrier log only...

Presolve removed 155 rows and 100 columns
Presolved: 1205 rows, 606 columns, 6008 nonzeros

Root barrier log...

Ordering time: 0.02s

Barrier performed 0 iterations in 0.05 seconds
Barrier solve interrupted - model solved by another algorithm


Solved with dual simplex
Solved in 104 iterations and 0.05 seconds
Optimal objective  5.159145499e+02

Root relaxation: objective 5.159145e+02, 104 iterations, 0.02 seconds

    Nodes    |    Current Node    |     Objective Bounds      |     Work
 Expl Unexpl |  Obj  Depth IntInf | Incumbent    BestBd   Gap | It/Node Time

     0     0  515.91455    0   36 9440.88000  515.91455  94.5%     -    0s
H    0     0                    8399.2900000  515.91455  93.9%     -    0s
     0     0 1207.46741    0   23 8399.29000 1207.46741  85.6%     -    0s
H    0     0                    4414.8200000 1207.46741  72.6%     -    0s
     0     0 1239.93886    0   43 4414.82000 1239.93886  71.9%     -    0s
     0     0 1253.53500    0   37 4414.82000 1253.53500  71.6%     -    0s
     0     0 1260.28333    0   34 4414.82000 1260.28333  71.5%     -    0s
     0     0 1260.94750    0   33 4414.82000 1260.94750  71.4%     -    0s
     0     0 1262.67500    0   34 4414.82000 1262.67500  71.4%     -    0s
     0     0 1264.98889    0   43 4414.82000 1264.98889  71.3%     -    0s
     0     0 1264.98889    0   45 4414.82000 1264.98889  71.3%     -    0s
     0     0 1264.98889    0   45 4414.82000 1264.98889  71.3%     -    0s
     0     0 1264.98889    0   44 4414.82000 1264.98889  71.3%     -    0s
     0     0 1264.98889    0   43 4414.82000 1264.98889  71.3%     -    0s
     0     0 1264.98889    0   42 4414.82000 1264.98889  71.3%     -    0s
     0     0 1264.98889    0   42 4414.82000 1264.98889  71.3%     -    0s
     0     2 1264.98889    0   41 4414.82000 1264.98889  71.3%     -    0s
H  134    88                    4409.3300000 1298.39573  70.6%  36.1    0s
H  246   144                    4385.0300000 1298.39573  70.4%  33.5    0s
H  272   159                    4338.8500000 1298.39573  70.1%  32.9    0s
H  294   144                    3316.2800000 1298.39573  60.8%  32.9    0s
H 1668   517                    3302.4000000 1846.49292  44.1%  29.8    0s
H 2919   666                    3293.4000000 2212.06931  32.8%  29.1    1s
H 5973   703                    3287.6100000 2229.94847  32.2%  35.6    4s
H 7012   868                    3287.3800000 2243.52187  31.8%  36.5    4s
  7476   929 infeasible   27      3287.38000 2246.96821  31.6%  37.2    5s
H 7807   941                    3278.7800000 2249.39779  31.4%  37.4    5s

Cutting planes:
  Gomory: 4
  Cover: 8
  Implied bound: 11
  Clique: 7
  MIR: 7
  Flow cover: 7
  GUB cover: 7
  Zero half: 2

Explored 12528 nodes (523449 simplex iterations) in 8.03 seconds
Thread count was 4 (of 4 available processors)

Optimal solution found (tolerance 1.00e-04)
Best objective 3.278780000000e+03, best bound 3.278780000000e+03, gap 0.0%
k_c1	91.0
k_c2	84.0
k_c3	95.0
k_c4	84.0
k_c5	93.0
k_c6	100.0
k_c7	100.0
k_c8	88.0
k_dN	-0.0
o_1	-0.0
o_2	0.0
o_3	-0.0
o_4	-0.0
o_5	-0.0
o_6	-0.0
o_7	-0.0
o_8	-0.0
p_1	0.0
p_2	0.0
p_3	1.0
p_4	0.0
p_5	1.0
p_6	0.0
p_7	-0.0
p_8	0.0
phi_c1	4.0
phi_c2	2.0
phi_c3	-0.0
phi_c4	3.0
phi_c5	-0.0
phi_c6	3.0
phi_c7	2.0
phi_c8	4.0
phi_dN	-0.0
pi_c1	-0.0
pi_c2	-0.0
pi_c3	5.000000000000011
pi_c4	-0.0
pi_c5	22.0
pi_c6	-0.0
pi_c7	-0.0
pi_c8	-0.0
pi_dN	-0.0
tauD_c1	65.0
tauD_c2	85.0
tauD_c3	20.0
tauD_c4	80.0
tauD_c5	30.0
tauD_c6	10.0
tauD_c7	7.999999999999996
tauD_c8	70.99999999999994
tauD_d0	-0.0
tauD_dN	100.0
tauS_c1	7.0
tauS_c2	86.0
tauS_c3	48.0
tauS_c4	6.0
tauS_c5	5.0
tauS_c6	85.0
tauS_c7	84.0
tauS_c8	86.0
tauS_d0	-0.0
tauS_dN	66.0
x_c1_c4	1.0
x_c2_dN	1.0
x_c3_c1	1.0
x_c4_dN	1.0
x_c5_c8	1.0
x_c6_c5	1.0
x_c7_c3	1.0
x_c8_c2	1.0
x_d0_c6	1.0
x_d0_c7	1.0
z_c3_dN	1.0
z_c5_c3	1.0
z_d0_c5	1.0
