
Gurobi 6.0.4 (win64) logging started 06/18/15 20:05:09

Read LP format model from file E:\Eigene Dateien\Downloads\Michi shit\VRPTWMS2\instances\mip\fuel\N8-C_DV100-C_SV25_F5_1_No_1.lp
Reading time = 0.01 seconds
(null): 417 rows, 208 columns, 1715 nonzeros
Optimize a model with 417 rows, 208 columns and 1715 nonzeros
Model has 576 quadratic constraints
Coefficient statistics:
  Matrix range    [1e+00, 1e+06]
  Objective range [2e+04, 1e+07]
  Bounds range    [1e+00, 1e+06]
  RHS range       [1e+00, 1e+06]
Presolve removed 40 rows and 22 columns
Presolve time: 0.03s
Presolved: 1391 rows, 717 columns, 6704 nonzeros
Variable types: 483 continuous, 234 integer (191 binary)
Found heuristic solution: objective 8.311220e+07

Root relaxation: objective 1.641365e+06, 116 iterations, 0.00 seconds

    Nodes    |    Current Node    |     Objective Bounds      |     Work
 Expl Unexpl |  Obj  Depth IntInf | Incumbent    BestBd   Gap | It/Node Time

     0     0 1641364.70    0   34 8.3112e+07 1641364.70  98.0%     -    0s
H    0     0                    5.249040e+07 1641364.70  96.9%     -    0s
     0     0 1.1297e+07    0   18 5.2490e+07 1.1297e+07  78.5%     -    0s
H    0     0                    3.234160e+07 1.1297e+07  65.1%     -    0s
     0     0 1.1325e+07    0   32 3.2342e+07 1.1325e+07  65.0%     -    0s
     0     0 1.1329e+07    0   39 3.2342e+07 1.1329e+07  65.0%     -    0s
     0     0 1.1330e+07    0   21 3.2342e+07 1.1330e+07  65.0%     -    0s
H    0     0                    3.227520e+07 1.1330e+07  64.9%     -    0s
     0     0 1.1332e+07    0   13 3.2275e+07 1.1332e+07  64.9%     -    0s
H    0     0                    3.213120e+07 1.1332e+07  64.7%     -    0s
     0     0 1.1332e+07    0   20 3.2131e+07 1.1332e+07  64.7%     -    0s
     0     0 1.1332e+07    0   22 3.2131e+07 1.1332e+07  64.7%     -    0s
     0     0 1.1332e+07    0   20 3.2131e+07 1.1332e+07  64.7%     -    0s
     0     2 1.1332e+07    0   20 3.2131e+07 1.1332e+07  64.7%     -    0s
H  187   141                    3.191920e+07 1.1482e+07  64.0%  18.9    0s
H  844   397                    3.190860e+07 1.1904e+07  62.7%  22.0    0s
H 1589   661                    3.186960e+07 1.2177e+07  61.8%  24.2    1s
  2128   837 1.2416e+07   17   33 3.1870e+07 1.2416e+07  61.0%  26.0    5s
H 3534   998                    3.183390e+07 1.2416e+07  61.0%  37.8    8s
  4793  1114 2.5462e+07   39   24 3.1834e+07 1.2416e+07  61.0%  42.3   10s
  8326  1644 2.2435e+07   40   23 3.1834e+07 1.3363e+07  58.0%  50.9   15s
 10783  1748 1.5902e+07   36   66 3.1834e+07 1.4242e+07  55.3%  53.3   20s
 14701  1606     cutoff   36      3.1834e+07 1.6089e+07  49.5%  57.0   25s
H16398  1539                    3.163330e+07 1.7540e+07  44.6%  58.3   27s
 18031  1338 2.4125e+07   37   75 3.1633e+07 2.0665e+07  34.7%  58.9   30s
 23292   981 2.2704e+07   28   29 3.1633e+07 2.2260e+07  29.6%  59.8   35s

Cutting planes:
  Learned: 1
  Gomory: 2
  Cover: 1
  Implied bound: 9
  Clique: 4
  MIR: 4
  Flow cover: 10
  Zero half: 18
  Network: 1

Explored 25784 nodes (1571314 simplex iterations) in 37.61 seconds
Thread count was 4 (of 4 available processors)

Optimal solution found (tolerance 1.00e-04)
Best objective 3.163330000000e+07, best bound 3.163330000000e+07, gap 0.0%
k_c1	1000000.0
k_c2	970000.0
k_c3	220001.0
k_c4	1000000.0
k_c5	960000.0
k_c6	930000.0
k_c7	890000.0
k_c8	310001.0
k_dN	-0.0
o_1	0.0
o_2	0.0
o_3	0.0
o_4	-0.0
o_5	0.0
o_6	-0.0
o_7	-0.0
o_8	-0.0
p_1	0.0
p_2	0.0
p_3	0.0
p_4	1.0
p_5	0.0
p_6	-0.0
p_7	0.0
p_8	0.0
phi_c1	46394.0
phi_c2	39811.0
phi_c3	14189.0
phi_c4	42521.0
phi_c5	43557.0
phi_c6	31135.0
phi_c7	23508.0
phi_c8	13179.0
phi_dN	-0.0
pi_c1	-0.0
pi_c2	-0.0
pi_c3	-0.0
pi_c4	7479.0
pi_c5	-0.0
pi_c6	-0.0
pi_c7	-0.0
pi_c8	-0.0
pi_dN	-0.0
tauD_c1	200000.0
tauD_c2	450000.0
tauD_c3	761275.0
tauD_c4	100000.0
tauD_c5	450000.0
tauD_c6	577950.0
tauD_c7	656450.0
tauD_c8	650000.0
tauD_d0	-0.0
tauD_dN	1000000.0
tauS_c1	0.0
tauS_c2	0.0
tauS_c3	0.0
tauS_c4	27950.0
tauS_c5	0.0
tauS_c6	0.0
tauS_c7	0.0
tauS_c8	800.0
tauS_d0	-0.0
tauS_dN	257950.0
x_c1_c5	1.0
x_c2_c6	1.0
x_c3_dN	1.0
x_c4_c2	1.0
x_c5_c8	1.0
x_c6_c7	1.0
x_c7_c3	1.0
x_c8_dN	1.0
x_d0_c1	1.0
x_d0_c4	1.0
z_c4_dN	1.0
z_d0_c4	1.0
