
Gurobi 6.0.4 (win64) logging started 06/18/15 20:06:43

Read LP format model from file E:\Eigene Dateien\Downloads\Michi shit\VRPTWMS2\instances\mip\fuel\N8-C_DV100-C_SV25_F5_9_No_1.lp
Reading time = 0.00 seconds
(null): 417 rows, 208 columns, 1715 nonzeros
Optimize a model with 417 rows, 208 columns and 1715 nonzeros
Model has 576 quadratic constraints
Coefficient statistics:
  Matrix range    [1e+00, 1e+06]
  Objective range [7e+04, 1e+07]
  Bounds range    [1e+00, 1e+06]
  RHS range       [1e+00, 1e+06]
Presolve removed 39 rows and 23 columns
Presolve time: 0.03s
Presolved: 1360 rows, 699 columns, 6506 nonzeros
Variable types: 468 continuous, 231 integer (188 binary)

Root relaxation: objective 7.672612e+06, 148 iterations, 0.00 seconds

    Nodes    |    Current Node    |     Objective Bounds      |     Work
 Expl Unexpl |  Obj  Depth IntInf | Incumbent    BestBd   Gap | It/Node Time

     0     0 7672612.07    0   30          - 7672612.07      -     -    0s
     0     0 1.1872e+07    0   36          - 1.1872e+07      -     -    0s
     0     0 1.2309e+07    0   55          - 1.2309e+07      -     -    0s
     0     0 1.2505e+07    0   56          - 1.2505e+07      -     -    0s
     0     0 1.2520e+07    0   44          - 1.2520e+07      -     -    0s
     0     0 1.2531e+07    0   28          - 1.2531e+07      -     -    0s
H    0     0                    5.350090e+07 1.2531e+07  76.6%     -    0s
H    0     0                    4.327420e+07 1.2531e+07  71.0%     -    0s
     0     0 1.2531e+07    0   28 4.3274e+07 1.2531e+07  71.0%     -    0s
     0     0 1.2531e+07    0   28 4.3274e+07 1.2531e+07  71.0%     -    0s
     0     0 1.2531e+07    0   28 4.3274e+07 1.2531e+07  71.0%     -    0s
     0     0 1.2531e+07    0   28 4.3274e+07 1.2531e+07  71.0%     -    0s
     0     2 1.2531e+07    0   28 4.3274e+07 1.2531e+07  71.0%     -    0s
*   75    58              17    4.326250e+07 1.2652e+07  70.8%  23.8    0s
H  125    87                    4.324290e+07 1.2665e+07  70.7%  22.4    0s
H  299   181                    4.324250e+07 1.2665e+07  70.7%  21.5    0s
H  571   365                    4.304960e+07 1.4272e+07  66.8%  23.6    0s
H  571   365                    4.293570e+07 1.4272e+07  66.8%  23.6    0s
*  579   365              23    4.264260e+07 1.4272e+07  66.5%  23.4    0s
H  585   314                    3.314830e+07 1.4272e+07  56.9%  23.3    0s
H  970   509                    3.293110e+07 1.7496e+07  46.9%  22.6    0s
* 1042   548              21    3.289420e+07 1.7504e+07  46.8%  22.2    0s
* 2089   532              27    3.277580e+07 2.2083e+07  32.6%  31.3    1s
H 2201   512                    3.266470e+07 2.2083e+07  32.4%  31.2    1s
* 2781   601              24    3.259730e+07 2.2206e+07  31.9%  31.2    2s
* 5258  1236              24    3.257180e+07 2.2374e+07  31.3%  32.9    3s
  8571  1526 2.3143e+07   28   30 3.2572e+07 2.2608e+07  30.6%  35.9    5s

Cutting planes:
  Gomory: 5
  Cover: 5
  Implied bound: 19
  Clique: 6
  MIR: 8
  Flow cover: 8
  GUB cover: 2
  Zero half: 6
  Network: 1

Explored 15872 nodes (629086 simplex iterations) in 8.95 seconds
Thread count was 4 (of 4 available processors)

Optimal solution found (tolerance 1.00e-04)
Best objective 3.257180000000e+07, best bound 3.257180000000e+07, gap 0.0%
k_c1	930000.0
k_c2	950000.0
k_c3	900000.0
k_c4	950000.0
k_c5	960000.0
k_c6	1000000.0
k_c7	940000.0
k_c8	1000000.0
k_dN	-0.0
o_1	0.0
o_2	-0.0
o_3	-0.0
o_4	-0.0
o_5	-0.0
o_6	-0.0
o_7	-0.0
o_8	-0.0
p_1	0.0
p_2	1.0
p_3	0.0
p_4	0.0
p_5	0.0
p_6	0.0
p_7	1.0
p_8	-0.0
phi_c1	35777.0
phi_c2	24645.0
phi_c3	29048.0
phi_c4	30485.0
phi_c5	30954.0
phi_c6	35777.0
phi_c7	11980.0
phi_c8	39945.0
phi_dN	-0.0
pi_c1	-0.0
pi_c2	63375.0
pi_c3	-0.0
pi_c4	-0.0
pi_c5	-0.0
pi_c6	-0.0
pi_c7	38020.0
pi_c8	-0.0
pi_dN	-0.0
tauD_c1	600000.0
tauD_c2	250000.0
tauD_c3	650000.0
tauD_c4	250000.0
tauD_c5	176425.0
tauD_c6	53150.0
tauD_c7	400000.0
tauD_c8	184650.0
tauD_d0	-0.0
tauD_dN	1000000.0
tauS_c1	852924.9999999999
tauS_c2	30925.0
tauS_c3	811450.0
tauS_c4	889800.0
tauS_c5	866150.0
tauS_c6	46474.99999999988
tauS_c7	530950.0
tauS_c8	882424.9999999999
tauS_d0	-0.0
tauS_dN	680450.0
x_c1_dN	1.0
x_c2_c1	1.0
x_c3_dN	1.0
x_c4_c7	1.0
x_c5_c2	1.0
x_c6_c5	1.0
x_c7_c3	1.0
x_c8_c4	1.0
x_d0_c6	1.0
x_d0_c8	1.0
z_c2_c7	1.0
z_c7_dN	1.0
z_d0_c2	1.0
