
Gurobi 6.0.4 (win64) logging started 06/12/15 21:13:33

Read LP format model from file E:\Eigene Dateien\Downloads\Michi shit\VRPTWMS-master\VRPTWMS\instances\mip\fuel\N12-C_DV100-C_SV25_F5_4_No_1.lp
Reading time = 0.01 seconds
(null): 865 rows, 404 columns, 3771 nonzeros
Optimize a model with 865 rows, 404 columns and 3771 nonzeros
Model has 1872 quadratic constraints
WARNING: Only barrier available for SOCP models
Coefficient statistics:
  Matrix range    [1e+00, 1e+02]
  Objective range [1e+00, 1e+03]
  Bounds range    [1e+00, 1e+02]
  RHS range       [1e+00, 1e+02]
Presolve removed 64 rows and 32 columns
Presolve time: 0.15s
Presolved: 4034 rows, 2047 columns, 20721 nonzeros
Variable types: 1558 continuous, 489 integer (426 binary)
Optimize a model with 4034 rows, 2047 columns and 20721 nonzeros
Coefficient statistics:
  Matrix range    [4e-01, 1e+02]
  Objective range [1e+00, 1e+03]
  Bounds range    [1e+00, 1e+02]
  RHS range       [1e+00, 1e+02]

Concurrent LP optimizer: dual simplex and barrier
Showing barrier log only...

Presolve removed 344 rows and 226 columns
Presolved: 3690 rows, 1822 columns, 19176 nonzeros

Root barrier log...

Ordering time: 0.02s

Barrier performed 0 iterations in 0.21 seconds
Barrier solve interrupted - model solved by another algorithm


Solved with dual simplex
Solved in 171 iterations and 0.21 seconds
Optimal objective  1.813675917e+02

Root relaxation: objective 1.813676e+02, 171 iterations, 0.04 seconds

    Nodes    |    Current Node    |     Objective Bounds      |     Work
 Expl Unexpl |  Obj  Depth IntInf | Incumbent    BestBd   Gap | It/Node Time

     0     0  181.36759    0   39          -  181.36759      -     -    0s
     0     0  201.43349    0   59          -  201.43349      -     -    0s
     0     0  204.93830    0   52          -  204.93830      -     -    0s
     0     0  206.31400    0   53          -  206.31400      -     -    0s
     0     0  206.89086    0   62          -  206.89086      -     -    0s
     0     0  207.00086    0   63          -  207.00086      -     -    0s
     0     0  207.00086    0   62          -  207.00086      -     -    0s
H    0     0                    13612.570000  207.00086  98.5%     -    0s
     0     0  207.00086    0   62 13612.5700  207.00086  98.5%     -    0s
H    0     0                    8537.8300000  207.00086  97.6%     -    0s
     0     2  207.00086    0   46 8537.83000  207.00086  97.6%     -    0s
H   37    35                    8521.3600000  431.98086  94.9%  38.9    0s
H  113   100                    7482.1800000  812.82528  89.1%  31.8    0s
H  226   180                    7461.0400000  812.82528  89.1%  30.0    0s
H  242   191                    6448.1900000  812.82528  87.4%  29.8    0s
H  283   214                    6445.6000000  812.82528  87.4%  29.7    0s
H  305   227                    5444.4500000  812.82528  85.1%  29.0    0s
H  540   405                    5439.3300000  868.93559  84.0%  29.0    1s
H  545   405                    5438.7200000  868.93559  84.0%  28.8    1s
H  592   433                    5430.4800000  868.93559  84.0%  29.5    1s
H  626   435                    4416.6800000 1172.07536  73.5%  30.5    1s
H  853   596                    4394.1500000 1173.10000  73.3%  29.2    1s
H 1028   664                    4382.7800000 1178.69617  73.1%  29.0    1s
H 1067   651                    4355.2400000 1178.69617  72.9%  30.1    2s
H 1898   978                    4349.3100000 1178.69617  72.9%  36.6    4s
H 1955   947                    4330.8800000 1178.69617  72.8%  36.7    4s
H 2247   996                    4330.8400000 1178.90136  72.8%  39.6    4s
H 2284   977                    4318.7000000 1178.96035  72.7%  40.0    4s
  2334   990 1459.53417   27   39 4318.70000 1179.33000  72.7%  40.1    5s
H 2455  1007                    4315.3500000 1179.33000  72.7%  42.0    5s
H 2668  1100                    4310.7800000 1180.26271  72.6%  43.3    5s
  4374  2216 3268.82766   41   22 4310.78000 1188.82041  72.4%  46.5   10s
  6954  3775 3294.82974   39   20 4310.78000 1196.82628  72.2%  49.6   15s
  9746  5369 3297.92888   56   19 4310.78000 1202.02853  72.1%  48.6   20s
 12459  6909 infeasible   85      4310.78000 1206.03896  72.0%  47.9   25s
 14387  7983 2295.27583   43   23 4310.78000 1208.98067  72.0%  49.8   30s
H15450  8559                    4308.3000000 1209.81380  71.9%  51.0   33s
 16209  8972 1259.70839   32   43 4308.30000 1211.04639  71.9%  51.3   35s
 18070  9936 3376.15823   59   40 4308.30000 1212.99005  71.8%  53.0   40s
 20354 11162 infeasible   50      4308.30000 1214.90996  71.8%  54.0   45s
 21164 11571 3346.06319   49   62 4308.30000 1215.73268  71.8%  54.4   51s
 21185 11596 1215.73268   34   47 4308.30000 1215.73268  71.8%  54.4   55s
H21574 11164                    4304.3100000 1215.73268  71.8%  54.3   58s
 22078 11322 infeasible   57      4304.31000 1215.73268  71.8%  54.6   61s
 24424 11988 infeasible   67      4304.31000 1215.73268  71.8%  55.6   66s
 26246 12464     cutoff   56      4304.31000 1215.73268  71.8%  56.2   70s
 28013 12843 3288.22701   54   22 4304.31000 1215.73268  71.8%  57.4   75s
 30911 13590 infeasible   56      4304.31000 1215.73268  71.8%  58.9   81s
 33184 14172 2413.94600   63   49 4304.31000 1215.73268  71.8%  59.5   87s
 36735 15312 3365.31670   68   48 4304.31000 1215.73268  71.8%  57.5   93s
 37499 15435 3253.48411   49   16 4304.31000 1215.99949  71.7%  58.0   96s
 38804 15655 1422.92749   51   30 4304.31000 1217.35957  71.7%  58.7  100s
 40740 16060 1271.60240   52   57 4304.31000 1219.30000  71.7%  59.2  106s
 42091 16304 2459.26163   74   82 4304.31000 1220.65878  71.6%  59.6  111s
 43108 16515 2306.85830   72   61 4304.31000 1221.58994  71.6%  60.1  115s
 44873 16748 2239.73375   48   39 4304.31000 1223.21907  71.6%  61.1  120s
H45210 16265                    4296.0700000 1223.39634  71.5%  61.2  120s
 46702 16498 3252.10619   66   29 4296.07000 1225.56209  71.5%  61.6  125s
 48333 16834 3270.08740   48   27 4296.07000 1226.37995  71.5%  62.1  131s
 50331 17196 2417.83728   66   42 4296.07000 1228.59536  71.4%  62.5  136s
H51560 17148                    4295.9200000 1229.37710  71.4%  62.8  139s
H51628 17189                    4293.6800000 1229.53164  71.4%  62.8  139s
 51675 17209 2274.22927   47   26 4293.68000 1229.64000  71.4%  62.8  140s
 53478 18126 1780.71596   48   45 4293.68000 1231.53681  71.3%  63.4  145s
 55326 19071 3259.65768   62   25 4293.68000 1233.18404  71.3%  63.9  150s
H57358 20073                    4293.3300000 1234.65703  71.2%  64.7  154s
 57624 20183 infeasible   78      4293.33000 1234.90033  71.2%  64.8  156s
 58917 20808 2356.59569   57   69 4293.33000 1235.61204  71.2%  65.2  160s
 60542 21641 infeasible   49      4293.33000 1237.05981  71.2%  65.7  166s
 61690 22139 3405.72875   67   61 4293.33000 1237.99791  71.2%  66.1  170s
 63209 22901 3595.31792   62   75 4293.33000 1239.63998  71.1%  66.6  175s
 65438 24031 2345.02749   71   77 4293.33000 1242.53632  71.1%  67.1  180s
 67317 24983 2289.09738   56   43 4293.33000 1244.38730  71.0%  67.5  185s
 68708 25620 infeasible   52      4293.33000 1246.04525  71.0%  68.0  190s
H68759 25641                    4291.5000000 1246.04525  71.0%  68.1  190s
 70275 26408 infeasible   74      4291.50000 1247.61130  70.9%  68.4  195s
 72404 27469 infeasible   58      4291.50000 1249.78586  70.9%  68.8  200s
H73958 28182                    4288.6100000 1251.49521  70.8%  69.3  203s
 74380 28391 1278.23108   57   70 4288.61000 1251.83659  70.8%  69.3  205s
 76305 29221 3320.91478   55   62 4288.61000 1253.63226  70.8%  69.9  210s
 77872 30002 1290.52863   60   85 4288.61000 1255.47857  70.7%  70.1  216s
 79714 30782 infeasible   77      4288.61000 1257.91000  70.7%  70.5  220s
 81640 31639 2301.93733   57   63 4288.61000 1260.04821  70.6%  70.9  225s
 82978 32256 3359.73706   70   46 4288.61000 1260.77435  70.6%  71.3  230s
 84910 33103 1660.14724   53   57 4288.61000 1263.25690  70.5%  71.6  235s
 86342 33668 infeasible   70      4288.61000 1264.14229  70.5%  72.0  240s
 88189 34462 1311.09313   54   55 4288.61000 1266.45512  70.5%  72.4  245s
 89727 35085 infeasible   94      4288.61000 1268.33099  70.4%  72.7  250s
 91718 35978 2391.11553   84   65 4288.61000 1270.63693  70.4%  73.1  255s
H92318 34249                    3369.2500000 1271.29033  62.3%  73.2  256s
 93320 34677 1541.59875   51   99 3369.25000 1272.21086  62.2%  73.3  260s
H94233 34016                    3352.7100000 1272.98393  62.0%  73.5  262s
 94981 34290     cutoff   74      3352.71000 1273.93286  62.0%  73.6  265s
H95076 33226                    3338.2900000 1273.98617  61.8%  73.6  265s
 96523 33652     cutoff   64      3338.29000 1275.50071  61.8%  73.8  270s
 97996 34092 infeasible   64      3338.29000 1277.59718  61.7%  74.1  276s
 99139 34361 2325.50487   60   76 3338.29000 1278.84551  61.7%  74.3  280s
 100493 34757 2370.73712   55   67 3338.29000 1280.40785  61.6%  74.5  285s
 102595 35274     cutoff   67      3338.29000 1283.24607  61.6%  74.8  290s
 103909 35584     cutoff   83      3338.29000 1284.89386  61.5%  75.1  295s
 105417 35895 2628.47655   74   69 3338.29000 1287.39020  61.4%  75.4  300s
 106612 36166 2307.25892   64   58 3338.29000 1288.61953  61.4%  75.6  305s
 108526 36589     cutoff   76      3338.29000 1290.81890  61.3%  76.0  311s
 109328 36761 infeasible   55      3338.29000 1291.45878  61.3%  76.1  315s
 111244 37066     cutoff   61      3338.29000 1293.80326  61.2%  76.5  320s
 113143 37373 infeasible   62      3338.29000 1295.85633  61.2%  76.8  325s
 114710 37644     cutoff   67      3338.29000 1297.88066  61.1%  77.1  330s
 116531 37921     cutoff   63      3338.29000 1299.90283  61.1%  77.4  335s
 118407 38220 2340.91979   60   49 3338.29000 1302.14772  61.0%  77.8  340s
 120262 38553 infeasible   69      3338.29000 1304.30408  60.9%  78.1  345s
 122122 38789 1400.96011   53   80 3338.29000 1306.67919  60.9%  78.4  350s
 123727 38985 1389.40548   65  115 3338.29000 1308.83415  60.8%  78.7  355s
 125476 39180 1368.88774   61   77 3338.29000 1311.48393  60.7%  79.1  360s
 127201 39311     cutoff   67      3338.29000 1313.93948  60.6%  79.4  365s
 128936 39456 3319.99360   63   44 3338.29000 1316.86680  60.6%  79.8  370s
 130520 39500     cutoff   76      3338.29000 1319.58024  60.5%  80.2  375s
 132226 39562 infeasible   62      3338.29000 1322.44744  60.4%  80.5  380s
 133943 39702     cutoff   66      3338.29000 1324.85963  60.3%  80.8  385s
 135313 39781 2418.61439   66   93 3338.29000 1327.13958  60.2%  81.1  390s
 136731 39829 infeasible   55      3338.29000 1329.37940  60.2%  81.3  395s
 138367 39812 2818.24034   70   57 3338.29000 1332.34147  60.1%  81.6  400s
 140019 39811 2375.70985   78   84 3338.29000 1335.62392  60.0%  81.9  405s
 141655 39736 2335.11202   58   46 3338.29000 1339.39443  59.9%  82.3  410s
 143228 39683     cutoff   63      3338.29000 1342.84761  59.8%  82.6  415s
 144571 39669 infeasible   72      3338.29000 1346.78851  59.7%  82.8  421s
 145509 39628 2490.07768   59   49 3338.29000 1349.28279  59.6%  83.0  425s
 146777 39576     cutoff   59      3338.29000 1352.72619  59.5%  83.3  430s
 148180 39603 1825.97050   64   90 3338.29000 1356.43211  59.4%  83.4  435s
 149809 39565 2688.38851   76   97 3338.29000 1362.88912  59.2%  83.7  440s
 151515 39576 infeasible   72      3338.29000 1369.26140  59.0%  84.0  445s
 153408 39668 2408.91554   68   96 3338.29000 1377.46385  58.7%  84.1  450s
 155170 39677 2413.38432   71   81 3338.29000 1389.42642  58.4%  84.4  455s
 156819 39851 2505.17240   66   73 3338.29000 1400.09931  58.1%  84.4  460s
 158629 40029 2473.95179   67   55 3338.29000 1416.29647  57.6%  84.5  465s
 160687 40417 3275.86372   50   52 3338.29000 1438.63169  56.9%  84.5  470s
 162752 40695 2308.54557   54   45 3338.29000 1461.24529  56.2%  84.4  475s
 164857 41036     cutoff   72      3338.29000 1492.72486  55.3%  84.4  480s
 166865 41354 infeasible   52      3338.29000 1513.33105  54.7%  84.3  485s
 169096 41745 3314.43996   60   43 3338.29000 1550.08041  53.6%  84.2  490s
 171361 42127 3320.01225   51   41 3338.29000 1578.59901  52.7%  84.1  495s
 173405 42233 infeasible   72      3338.29000 1626.44226  51.3%  84.0  500s
 175918 42412 infeasible   48      3338.29000 1708.42542  48.8%  84.0  506s
 178274 42684 2427.86947   83   97 3338.29000 1746.95676  47.7%  83.7  511s
 180417 42963 infeasible   73      3338.29000 1837.77864  44.9%  83.7  516s
 182461 43207 2694.36518   54   66 3338.29000 2007.76947  39.9%  83.6  520s
 185352 44371 2227.67485   51   25 3338.29000 2181.33000  34.7%  83.2  526s
H187752 40902                    3305.7100000 2181.33000  34.0%  83.0  529s
 187930 40958     cutoff   63      3305.71000 2181.33000  34.0%  83.0  531s
*188910 41125              83    3305.2500000 2181.33000  34.0%  82.9  532s
 189697 41278 2297.10711   66   51 3305.25000 2185.31764  33.9%  82.9  535s
 192906 42018     cutoff   68      3305.25000 2192.67667  33.7%  82.5  540s
 195168 42402 2515.55294   70   66 3305.25000 2194.13000  33.6%  82.4  545s
 197684 43014     cutoff   69      3305.25000 2198.54333  33.5%  82.1  550s
 200526 43766 2711.55843   71   52 3305.25000 2201.82000  33.4%  81.7  556s
 202964 44446 2325.89283   70   50 3305.25000 2207.59333  33.2%  81.4  560s
 205619 45231 3286.30557   41   26 3305.25000 2212.24495  33.1%  81.1  565s
 208705 46320     cutoff   52      3305.25000 2215.51367  33.0%  80.7  570s
 211147 47096 infeasible   71      3305.25000 2217.40258  32.9%  80.3  575s
 213541 47751 2354.89314   73   32 3305.25000 2219.44778  32.9%  80.1  580s
 216598 48592 2243.56745   36   33 3305.25000 2221.20962  32.8%  79.7  585s
 219512 49410     cutoff   71      3305.25000 2222.64078  32.8%  79.3  590s
 221717 50067 3301.35000   59   37 3305.25000 2224.16477  32.7%  79.1  595s
 224687 50798 3283.20476   51   28 3305.25000 2225.56125  32.7%  78.7  600s
 227459 51548 3274.02281   72   29 3305.25000 2226.88274  32.6%  78.5  606s
 229529 52097     cutoff   46      3305.25000 2227.73062  32.6%  78.3  610s
 231749 52726 3283.53132   61   37 3305.25000 2228.51447  32.6%  78.0  615s
 234453 53434 3288.81161   57   15 3305.25000 2229.47223  32.5%  77.7  620s
 236995 53955 infeasible   62      3305.25000 2230.48939  32.5%  77.6  626s
 239822 54565     cutoff   49      3305.25000 2231.59218  32.5%  77.3  631s
 241938 55057     cutoff   57      3305.25000 2232.24918  32.5%  77.1  636s
 243923 55472 2409.41400   55   39 3305.25000 2232.95192  32.4%  76.9  640s
 246633 56036 infeasible   53      3305.25000 2233.80000  32.4%  76.7  645s
 249340 56581 3279.72069   51   25 3305.25000 2234.65714  32.4%  76.4  650s
 252118 57068 3292.14039   53   31 3305.25000 2235.62102  32.4%  76.2  655s
 254705 57587 3286.67886   55   57 3305.25000 2236.37103  32.3%  76.0  660s
 257374 58130     cutoff   59      3305.25000 2237.06352  32.3%  75.8  665s
 260658 58663 3262.48036   49   35 3305.25000 2238.00000  32.3%  75.5  670s
 263184 59125 3290.98464   50   50 3305.25000 2238.58766  32.3%  75.4  675s
 265690 59550 3286.79526   57   20 3305.25000 2239.39377  32.2%  75.2  680s
 268701 60056     cutoff   55      3305.25000 2240.27299  32.2%  75.0  685s
 271213 60534 3283.76466   53   19 3305.25000 2241.04493  32.2%  74.8  690s
 273689 60973     cutoff   61      3305.25000 2241.70712  32.2%  74.7  695s
 276763 61492     cutoff   56      3305.25000 2242.56192  32.2%  74.4  700s
 279236 61880 2538.55029   67   40 3305.25000 2243.25939  32.1%  74.3  705s
 282292 62308 infeasible   73      3305.25000 2244.19790  32.1%  74.1  710s
 284199 62685 2264.60353   52   50 3305.25000 2244.70124  32.1%  74.0  715s
 286204 63007 2317.66876   68   76 3305.25000 2245.13397  32.1%  73.8  720s
 288688 63433 3292.26213   60   28 3305.25000 2245.70150  32.1%  73.7  725s
 291393 63856 2363.09722   58   38 3305.25000 2246.32265  32.0%  73.5  730s
 293842 64158 2306.72527   72   69 3305.25000 2247.07586  32.0%  73.4  735s
 296817 64652 3295.55201   47   37 3305.25000 2247.76498  32.0%  73.3  740s
 299017 64869 2265.47630   46   31 3305.25000 2248.37257  32.0%  73.2  745s
 301919 65237     cutoff   54      3305.25000 2249.02156  32.0%  73.0  750s
 304199 65510 2311.94056   76   61 3305.25000 2249.80006  31.9%  72.9  755s
 306648 65777 infeasible   75      3305.25000 2250.34500  31.9%  72.8  760s
 309609 66152 3294.52817   60   32 3305.25000 2251.15841  31.9%  72.6  765s
 312348 66534     cutoff   55      3305.25000 2251.79785  31.9%  72.6  770s
 314679 66863     cutoff   63      3305.25000 2252.34772  31.9%  72.4  775s
 317562 67222 2254.78000   72   45 3305.25000 2253.03480  31.8%  72.3  780s
 320561 67661 2271.74247   55   50 3305.25000 2253.71381  31.8%  72.2  785s
 322770 67894 3278.32153   60   28 3305.25000 2254.15700  31.8%  72.1  790s
 325471 68185 3266.67685   45   38 3305.25000 2254.73334  31.8%  72.0  795s
 327757 68429     cutoff   57      3305.25000 2255.26693  31.8%  71.9  800s
 329982 68714 infeasible   69      3305.25000 2255.72705  31.8%  71.8  806s
 332219 69021 3277.71015   68   37 3305.25000 2256.21046  31.7%  71.7  810s
 334399 69189     cutoff   51      3305.25000 2256.74450  31.7%  71.7  815s
 336480 69421 2274.00736   42   53 3305.25000 2257.25831  31.7%  71.6  820s
 339129 69670     cutoff   80      3305.25000 2257.92270  31.7%  71.5  825s
 341739 69867 2311.14051   58   52 3305.25000 2258.55923  31.7%  71.5  830s
 344511 70107 infeasible   53      3305.25000 2259.16381  31.6%  71.4  835s
 346813 70367 infeasible   67      3305.25000 2259.63464  31.6%  71.3  840s
 348984 70526 2320.70334   62   73 3305.25000 2260.22169  31.6%  71.2  845s
 351590 70730 2511.07638   57   52 3305.25000 2260.76287  31.6%  71.1  850s
 353769 70918 3270.31142   71   28 3305.25000 2261.22913  31.6%  71.1  855s
 356377 71167     cutoff   51      3305.25000 2261.84878  31.6%  71.0  861s
 358360 71321 2316.33498   57   40 3305.25000 2262.19913  31.6%  71.0  865s
 360375 71431 2394.21546   53   39 3305.25000 2262.73427  31.5%  70.9  870s
 363459 71715     cutoff   78      3305.25000 2263.43736  31.5%  70.9  875s
 365957 71772 infeasible   64      3305.25000 2264.04407  31.5%  70.8  880s
 368511 71923 2306.12482   52   87 3305.25000 2264.70140  31.5%  70.8  885s
 370881 72039 2286.38484   73   58 3305.25000 2265.31294  31.5%  70.8  890s
 373290 72182 2312.23584   62   57 3305.25000 2265.88857  31.4%  70.7  895s
 375748 72301 2296.48411   48   37 3305.25000 2266.43180  31.4%  70.7  900s
 378126 72357 3298.30263   54   28 3305.25000 2266.96992  31.4%  70.7  905s
 380611 72496 3287.72679   65   25 3305.25000 2267.52000  31.4%  70.6  910s
 383405 72622 2530.13292   60   58 3305.25000 2268.21876  31.4%  70.6  915s
 385731 72637 2327.80687   65   81 3305.25000 2268.76982  31.4%  70.6  920s
 387779 72742     cutoff   66      3305.25000 2269.21405  31.3%  70.6  925s
 390080 72799     cutoff   54      3305.25000 2269.74000  31.3%  70.5  930s
 392972 72857     cutoff   62      3305.25000 2270.46515  31.3%  70.5  935s
 395394 72973 infeasible   73      3305.25000 2271.03737  31.3%  70.5  940s
 397732 73003     cutoff   70      3305.25000 2271.63110  31.3%  70.4  945s
 399962 73030     cutoff   75      3305.25000 2272.23796  31.3%  70.4  950s
 402765 73105 2295.39787   50   47 3305.25000 2272.93769  31.2%  70.4  955s
 404909 73118 infeasible   74      3305.25000 2273.50543  31.2%  70.4  960s
 407094 73171 2274.45911   69   66 3305.25000 2274.04401  31.2%  70.4  965s
 409339 73205 infeasible   62      3305.25000 2274.63308  31.2%  70.4  970s
 411999 73202 3282.98572   51   32 3305.25000 2275.31264  31.2%  70.4  975s
 414306 73231 2333.76807   83   57 3305.25000 2275.89243  31.1%  70.4  980s
 416958 73193 infeasible   55      3305.25000 2276.54070  31.1%  70.4  985s
 419475 73151 infeasible   56      3305.25000 2277.16899  31.1%  70.4  990s
 421621 73176 2370.65604   48   69 3305.25000 2277.74503  31.1%  70.4  995s
 424087 73037     cutoff   57      3305.25000 2278.46082  31.1%  70.4 1000s
 426172 72914 2279.86585   62   38 3305.25000 2278.96515  31.1%  70.4 1005s
 428681 72823 2401.40258   58   66 3305.25000 2279.67183  31.0%  70.5 1010s
 431042 72704     cutoff   66      3305.25000 2280.29787  31.0%  70.5 1015s
 433536 72626 3303.86060   63   35 3305.25000 2281.01373  31.0%  70.5 1020s
 435524 72581 2300.05741   55   42 3305.25000 2281.48829  31.0%  70.5 1025s
 437882 72421 infeasible   48      3305.25000 2282.13236  31.0%  70.6 1030s
 440210 72348 2282.90474   55   37 3305.25000 2282.83430  30.9%  70.6 1035s
 442539 72261 3299.73385   40   29 3305.25000 2283.38628  30.9%  70.6 1040s
 444805 72079 2410.41230   70   54 3305.25000 2283.97625  30.9%  70.7 1045s
 447081 71891     cutoff   51      3305.25000 2284.62238  30.9%  70.7 1050s
 448923 71743 infeasible   47      3305.25000 2285.12578  30.9%  70.7 1055s
 451224 71643 2381.25354   51   72 3305.25000 2285.80396  30.8%  70.7 1060s
 453481 71470 2371.62977   73   61 3305.25000 2286.42728  30.8%  70.8 1065s
 455718 71284     cutoff   79      3305.25000 2287.07299  30.8%  70.8 1070s
 458278 71101 infeasible   54      3305.25000 2287.78832  30.8%  70.8 1075s
 460638 70877 2300.34343   54   55 3305.25000 2288.51145  30.8%  70.9 1080s
 463156 70682 3303.79476   51   26 3305.25000 2289.18256  30.7%  70.9 1085s
 465225 70449 3298.51665   67   62 3305.25000 2289.82325  30.7%  71.0 1090s
 467583 70253 2300.83489   79   57 3305.25000 2290.59311  30.7%  71.0 1095s
 469366 70162 2422.64275   67   77 3305.25000 2291.08047  30.7%  71.0 1100s
 471850 69916     cutoff   74      3305.25000 2291.80523  30.7%  71.1 1105s
 474068 69599     cutoff   56      3305.25000 2292.55460  30.6%  71.1 1110s
 476194 69240     cutoff   70      3305.25000 2293.25033  30.6%  71.2 1115s
 477706 69002 infeasible   62      3305.25000 2293.72573  30.6%  71.2 1120s
 480230 68602 2308.79146   52   41 3305.25000 2294.57072  30.6%  71.3 1125s
 482394 68221     cutoff   60      3305.25000 2295.35928  30.6%  71.4 1130s
 484915 67822 2450.73076   71   60 3305.25000 2296.18810  30.5%  71.4 1135s
 487214 67381 2590.35895   62   75 3305.25000 2297.04735  30.5%  71.5 1140s
 489358 67047 3264.55287   46   15 3305.25000 2297.81516  30.5%  71.6 1145s
 491631 66599 infeasible   68      3305.25000 2298.60413  30.5%  71.7 1150s
 493976 66159     cutoff   77      3305.25000 2299.46446  30.4%  71.7 1155s
 496195 65693 2331.31889   77   65 3305.25000 2300.28567  30.4%  71.8 1160s
 498463 65193     cutoff   65      3305.25000 2301.13443  30.4%  71.9 1165s
 499978 64741 2369.71982   58   68 3305.25000 2301.81411  30.4%  71.9 1170s
 502088 64196 2334.92508   61   51 3305.25000 2302.69693  30.3%  72.0 1175s
 504427 63601 2328.15854   71   47 3305.25000 2303.70605  30.3%  72.1 1180s
 506544 63086     cutoff   57      3305.25000 2304.64196  30.3%  72.1 1185s
 508988 62482     cutoff   58      3305.25000 2305.70312  30.2%  72.2 1190s
 511209 61990 2470.84830   63   52 3305.25000 2306.62089  30.2%  72.2 1195s
 513421 61351     cutoff   49      3305.25000 2307.65897  30.2%  72.3 1200s
 515823 60645 2416.16814   66   46 3305.25000 2308.81997  30.1%  72.3 1205s
 518156 59932 2428.34954   72   76 3305.25000 2310.05519  30.1%  72.4 1210s
 520122 59428 2445.34923   70   48 3305.25000 2310.99531  30.1%  72.5 1216s
 522081 58867 2324.75713   56   64 3305.25000 2311.95621  30.1%  72.5 1220s
 524291 58267     cutoff   56      3305.25000 2313.13977  30.0%  72.6 1225s
 526365 57673 infeasible   78      3305.25000 2314.28606  30.0%  72.7 1230s
 528558 57045     cutoff   41      3305.25000 2315.47778  29.9%  72.7 1235s
 530740 56427 2489.82831   62   75 3305.25000 2316.74462  29.9%  72.8 1240s
 533040 55734 infeasible   58      3305.25000 2318.16012  29.9%  72.8 1245s
 534904 55228 2331.51701   53   58 3305.25000 2319.45427  29.8%  72.9 1250s
 536488 54688     cutoff   72      3305.25000 2320.51658  29.8%  73.0 1255s
 538475 54020     cutoff   64      3305.25000 2321.83387  29.8%  73.0 1260s
 540819 53330     cutoff   52      3305.25000 2323.43038  29.7%  73.1 1265s
 542784 52719 2455.54633   73   84 3305.25000 2324.99435  29.7%  73.1 1270s
 545113 51911     cutoff   61      3305.25000 2326.87697  29.6%  73.2 1275s
 547018 51268 2341.59452   74   58 3305.25000 2328.48646  29.6%  73.3 1280s
 549214 50589     cutoff   68      3305.25000 2330.43039  29.5%  73.3 1285s
 551269 49847 2660.19099   76   76 3305.25000 2332.52658  29.4%  73.4 1290s
 553277 49081 2384.90289   66   70 3305.25000 2334.79307  29.4%  73.5 1295s
 555131 48428     cutoff   48      3305.25000 2336.95968  29.3%  73.6 1300s
 557386 47746     cutoff   68      3305.25000 2339.46703  29.2%  73.6 1305s
 559536 47070     cutoff   63      3305.25000 2342.25403  29.1%  73.7 1310s
 561061 46543 infeasible   51      3305.25000 2344.48566  29.1%  73.7 1315s
 563037 46054     cutoff   66      3305.25000 2347.53347  29.0%  73.7 1320s
 565185 45463     cutoff   64      3305.25000 2350.85233  28.9%  73.8 1325s
 567732 44859     cutoff   63      3305.25000 2354.91122  28.8%  73.8 1330s
 570016 44281     cutoff   65      3305.25000 2359.25798  28.6%  73.8 1335s
 572530 43710     cutoff   50      3305.25000 2364.55644  28.5%  73.8 1340s
 574606 43087 3276.81310   52   18 3305.25000 2369.98439  28.3%  73.8 1345s
 577168 42516 infeasible   73      3305.25000 2377.27906  28.1%  73.8 1350s
 579974 41987 2386.92520   57   63 3305.25000 2386.57625  27.8%  73.7 1355s
 581932 41524 2395.60971   63   43 3305.25000 2395.60971  27.5%  73.7 1360s
 584398 41087 3245.72808   47   24 3305.25000 2409.85080  27.1%  73.7 1365s
 587459 40660 2429.42215   45   35 3305.25000 2429.42215  26.5%  73.6 1370s
 590294 40576 2444.88073   55   33 3305.25000 2444.88073  26.0%  73.4 1375s
 593250 40402 3265.38414   66   19 3305.25000 2466.46136  25.4%  73.3 1380s
 595709 40213 3275.64219   62   29 3305.25000 2492.62190  24.6%  73.2 1385s
 598707 39813 3292.21820   74   47 3305.25000 2538.98349  23.2%  73.0 1390s
 601651 39424     cutoff   86      3305.25000 2603.52625  21.2%  72.9 1395s
 604923 38987 2776.17428   49   21 3305.25000 2714.84626  17.9%  72.7 1400s
 608230 38804     cutoff   43      3305.25000 2824.91694  14.5%  72.6 1405s
 611032 38680 3257.34433   56   21 3305.25000 2954.04524  10.6%  72.5 1410s
 614662 38987     cutoff   62      3305.25000 3045.86764  7.85%  72.3 1415s
 618296 39297 3286.93740   65   18 3305.25000 3116.04564  5.72%  72.1 1420s
 621551 39599 infeasible   68      3305.25000 3155.40578  4.53%  72.0 1425s
 624746 39939 3292.77695   60   16 3305.25000 3184.85059  3.64%  71.8 1430s
 627792 40439 3277.13376   62   20 3305.25000 3198.76701  3.22%  71.7 1435s
 631252 40970     cutoff   46      3305.25000 3213.89605  2.76%  71.5 1440s
 634040 41426     cutoff   47      3305.25000 3223.06756  2.49%  71.4 1445s
 637887 42195 infeasible   55      3305.25000 3229.57687  2.29%  71.3 1450s
 641087 42783 infeasible   56      3305.25000 3232.32710  2.21%  71.2 1455s
 642951 43147     cutoff   63      3305.25000 3233.97536  2.16%  71.1 1460s
 645968 43672     cutoff   54      3305.25000 3236.13815  2.09%  71.1 1465s
 648989 44257 3244.42175   59   15 3305.25000 3237.67236  2.04%  71.0 1470s
 651976 44756 infeasible   50      3305.25000 3239.04524  2.00%  70.9 1475s
 655162 45312     cutoff   64      3305.25000 3240.34969  1.96%  70.8 1480s
 658717 45910 3264.30178   50   26 3305.25000 3241.60667  1.93%  70.7 1485s
 660381 46102 3271.70312   64   16 3305.25000 3242.14162  1.91%  70.7 1490s
 663484 46620 infeasible   64      3305.25000 3243.02580  1.88%  70.6 1495s
 666572 47117     cutoff   62      3305.25000 3243.76846  1.86%  70.6 1500s
 669599 47654     cutoff   62      3305.25000 3244.39981  1.84%  70.5 1505s
 672624 48054 infeasible   76      3305.25000 3245.05488  1.82%  70.4 1511s
 674526 48191 infeasible   67      3305.25000 3245.53360  1.81%  70.4 1515s
 677515 48636 3263.25761   61   20 3305.25000 3246.08544  1.79%  70.3 1520s
 681143 49109     cutoff   52      3305.25000 3246.75360  1.77%  70.2 1525s
 684271 49456     cutoff   50      3305.25000 3247.27491  1.75%  70.1 1530s
 688056 50008 infeasible   69      3305.25000 3247.89027  1.74%  70.0 1535s
 691136 50341 infeasible   59      3305.25000 3248.40368  1.72%  69.9 1540s
 694195 50738 infeasible   66      3305.25000 3248.86198  1.71%  69.8 1545s
 697728 51230 3265.79591   64   19 3305.25000 3249.36969  1.69%  69.8 1550s
 700593 51519 3266.75240   57   40 3305.25000 3249.77481  1.68%  69.7 1555s
 703557 51855     cutoff   69      3305.25000 3250.18703  1.67%  69.6 1560s
 706677 52203 3262.29006   66   23 3305.25000 3250.63043  1.65%  69.5 1565s
 710267 52564     cutoff   54      3305.25000 3251.09166  1.64%  69.5 1570s
 713224 52798 3283.98754   72   52 3305.25000 3251.45135  1.63%  69.4 1575s
 716791 53140     cutoff   62      3305.25000 3251.89615  1.61%  69.3 1580s
 719562 53309 3256.34797   68   33 3305.25000 3252.27368  1.60%  69.2 1585s
 722026 53588     cutoff   73      3305.25000 3252.53588  1.59%  69.2 1590s
 724412 53862     cutoff   60      3305.25000 3252.78289  1.59%  69.1 1595s
 727943 54275 infeasible   63      3305.25000 3253.18000  1.58%  69.0 1600s
 730404 54399 3267.65968   57   27 3305.25000 3253.47289  1.57%  68.9 1606s
 732758 54629     cutoff   77      3305.25000 3253.74899  1.56%  68.9 1610s
 736449 55035     cutoff   54      3305.25000 3254.07693  1.55%  68.8 1615s
 739946 55325     cutoff   59      3305.25000 3254.40627  1.54%  68.7 1620s
 742791 55530 infeasible   74      3305.25000 3254.67580  1.53%  68.6 1625s
 745514 55758 3277.42163   53   24 3305.25000 3254.95920  1.52%  68.6 1630s
 747676 55909     cutoff   50      3305.25000 3255.19808  1.51%  68.5 1635s
 750813 56130 3256.45540   52   25 3305.25000 3255.51154  1.50%  68.4 1640s
 754304 56426 3268.94973   61   20 3305.25000 3255.82231  1.50%  68.3 1645s
 757547 56542 infeasible   68      3305.25000 3256.15972  1.49%  68.3 1650s
 760877 56755 3257.45382   57   21 3305.25000 3256.50496  1.47%  68.2 1655s
 763438 56961     cutoff   47      3305.25000 3256.76594  1.47%  68.1 1660s
 765555 56988 3279.15356   58   46 3305.25000 3256.95924  1.46%  68.1 1665s
 767795 57120     cutoff   68      3305.25000 3257.18600  1.45%  68.0 1670s
 770587 57310 3293.23582   68   28 3305.25000 3257.46076  1.45%  68.0 1675s
 773975 57457     cutoff   67      3305.25000 3257.76083  1.44%  67.9 1680s
 775884 57541     cutoff   51      3305.25000 3257.94443  1.43%  67.8 1685s
 779338 57778     cutoff   61      3305.25000 3258.23920  1.42%  67.8 1690s
 782948 57923 3278.80484   70   32 3305.25000 3258.54796  1.41%  67.7 1695s
 785960 57941 3266.75343   73   26 3305.25000 3258.83652  1.40%  67.6 1700s
 788517 57962     cutoff   57      3305.25000 3259.08001  1.40%  67.6 1705s
 791539 58035     cutoff   65      3305.25000 3259.37741  1.39%  67.5 1710s
 794738 58164 3271.38949   59   48 3305.25000 3259.62399  1.38%  67.4 1715s
 796485 58219 3281.82388   62   22 3305.25000 3259.77580  1.38%  67.4 1720s
 799636 58218 3264.51448   63   22 3305.25000 3260.03429  1.37%  67.3 1725s
 803245 58275 3303.62478   65   31 3305.25000 3260.34455  1.36%  67.2 1730s
 806452 58341 3260.58963   52   32 3305.25000 3260.58963  1.35%  67.1 1735s
 809117 58364 infeasible   57      3305.25000 3260.80634  1.34%  67.1 1740s
 812447 58483 3261.05526   48   28 3305.25000 3261.05526  1.34%  67.0 1745s
 815408 58461 3272.08501   49   20 3305.25000 3261.31118  1.33%  66.9 1750s
 817958 58518 3264.66279   64   25 3305.25000 3261.52315  1.32%  66.9 1755s
 820527 58592     cutoff   67      3305.25000 3261.68990  1.32%  66.8 1760s
 822928 58543 3261.87207   63   27 3305.25000 3261.87207  1.31%  66.8 1765s
 825965 58624 3304.63133   68   31 3305.25000 3262.10574  1.31%  66.7 1770s
 828515 58752     cutoff   59      3305.25000 3262.25238  1.30%  66.6 1775s
 831718 58921 infeasible   54      3305.25000 3262.48234  1.29%  66.5 1780s
 835064 59026     cutoff   80      3305.25000 3262.69970  1.29%  66.5 1785s
 838096 59058 3266.82772   61   19 3305.25000 3262.91221  1.28%  66.4 1790s
 841468 59080 infeasible   64      3305.25000 3263.17013  1.27%  66.3 1795s
 844061 59121     cutoff   54      3305.25000 3263.34968  1.27%  66.2 1800s
 847606 59137 3277.68007   60   42 3305.25000 3263.59906  1.26%  66.2 1805s
 849709 59138     cutoff   74      3305.25000 3263.75608  1.26%  66.1 1810s
 852623 59073 3263.93764   63   18 3305.25000 3263.93764  1.25%  66.0 1815s
 855825 59018 3279.32623   60   20 3305.25000 3264.18011  1.24%  66.0 1820s
 859153 59000 3264.41399   62   16 3305.25000 3264.41399  1.24%  65.9 1825s
 862158 58963 3273.24413   62   47 3305.25000 3264.60509  1.23%  65.8 1830s
 865106 58958 3289.81358   60   42 3305.25000 3264.79992  1.22%  65.8 1835s
 868439 58860 3265.48033   48   24 3305.25000 3265.03408  1.22%  65.7 1840s
 871308 58835 infeasible   59      3305.25000 3265.22795  1.21%  65.6 1845s
 874633 58749 3274.35753   62   34 3305.25000 3265.44765  1.20%  65.6 1850s
 877761 58703 3289.52866   63   29 3305.25000 3265.67173  1.20%  65.5 1855s
 879858 58606 3275.59007   60   26 3305.25000 3265.83803  1.19%  65.5 1860s
 882374 58508 3265.99660   62   21 3305.25000 3265.99660  1.19%  65.4 1865s
 885561 58370 3266.91245   48   21 3305.25000 3266.25006  1.18%  65.3 1870s
 888506 58290 3272.34879   50   23 3305.25000 3266.43881  1.17%  65.3 1875s
 891771 58240 3268.02817   56   21 3305.25000 3266.65505  1.17%  65.2 1880s
 894738 58074     cutoff   66      3305.25000 3266.86518  1.16%  65.1 1885s
 896928 58011 infeasible   48      3305.25000 3267.00768  1.16%  65.1 1890s
 899495 57798     cutoff   61      3305.25000 3267.18925  1.15%  65.0 1895s
 903105 57588 3267.43134   60   19 3305.25000 3267.43134  1.14%  65.0 1900s
 906203 57449     cutoff   68      3305.25000 3267.64364  1.14%  64.9 1905s
 909657 57224 3281.18383   64   22 3305.25000 3267.87788  1.13%  64.8 1910s
 912235 57061 3276.43171   61   38 3305.25000 3268.03907  1.13%  64.8 1915s
 915121 56852     cutoff   62      3305.25000 3268.23475  1.12%  64.7 1920s
 918387 56603 3280.85379   51   22 3305.25000 3268.45887  1.11%  64.6 1925s
 920906 56437 3269.19940   61   23 3305.25000 3268.61381  1.11%  64.6 1930s
 923819 56232 3276.90763   50   27 3305.25000 3268.80201  1.10%  64.5 1935s
 926932 55968     cutoff   57      3305.25000 3269.01589  1.10%  64.5 1940s
 930049 55685     cutoff   60      3305.25000 3269.23958  1.09%  64.4 1945s
 932897 55466 3270.28440   52   28 3305.25000 3269.40568  1.08%  64.4 1950s
 935744 55093     cutoff   72      3305.25000 3269.63866  1.08%  64.3 1955s
 939152 54760 3289.57530   81   19 3305.25000 3269.88196  1.07%  64.2 1960s
 941527 54519 3295.14325   57   36 3305.25000 3270.02521  1.07%  64.2 1965s
 944714 54244 3274.51387   55   26 3305.25000 3270.23815  1.06%  64.1 1970s
 947926 53812     cutoff   66      3305.25000 3270.47008  1.05%  64.1 1975s
 951149 53385 3273.83883   51   25 3305.25000 3270.72091  1.04%  64.0 1980s
 954442 53002     cutoff   66      3305.25000 3270.97069  1.04%  63.9 1985s
 957447 52628     cutoff   61      3305.25000 3271.17507  1.03%  63.9 1990s
 960534 52177     cutoff   61      3305.25000 3271.42070  1.02%  63.8 1995s
 963569 51779 3284.46571   71   17 3305.25000 3271.66486  1.02%  63.8 2000s
 966819 51400 3271.88714   57   22 3305.25000 3271.88714  1.01%  63.7 2005s
 970291 50923 3283.84154   57   31 3305.25000 3272.16235  1.00%  63.6 2010s
 973257 50485 3292.78388   58   35 3305.25000 3272.38032  0.99%  63.6 2015s
 976645 50073 3282.99252   64   37 3305.25000 3272.61786  0.99%  63.5 2020s
 979981 49490 3294.55455   58   33 3305.25000 3272.89004  0.98%  63.5 2025s
 983397 48976 3297.93928   46   42 3305.25000 3273.14609  0.97%  63.4 2030s
 986926 48497 3296.38002   57   49 3305.25000 3273.41963  0.96%  63.3 2035s
 989827 48008 infeasible   68      3305.25000 3273.64000  0.96%  63.3 2040s
 993652 47462     cutoff   67      3305.25000 3273.91163  0.95%  63.2 2045s
 996959 46918     cutoff   71      3305.25000 3274.16697  0.94%  63.1 2050s
 999820 46307     cutoff   59      3305.25000 3274.41190  0.93%  63.1 2055s
 1003581 45592 3298.13836   62   40 3305.25000 3274.71774  0.92%  63.0 2060s
 1006720 45035 3289.48764   57   16 3305.25000 3274.96967  0.92%  62.9 2065s
 1010108 44505 3275.20353   70   34 3305.25000 3275.20353  0.91%  62.9 2070s
 1013809 43812     cutoff   52      3305.25000 3275.52002  0.90%  62.8 2075s
 1016566 43243 3276.60681   50   16 3305.25000 3275.76532  0.89%  62.8 2080s
 1019838 42503     cutoff   65      3305.25000 3276.05725  0.88%  62.7 2085s
 1023270 41728 3284.59246   60   20 3305.25000 3276.36016  0.87%  62.6 2090s
 1026602 40936 3282.72876   50   27 3305.25000 3276.64586  0.87%  62.6 2095s
 1029366 40335 3286.20419   75   14 3305.25000 3276.86947  0.86%  62.5 2100s
 1033203 39437 3299.21559   67   31 3305.25000 3277.22809  0.85%  62.5 2105s
 1036653 38550     cutoff   62      3305.25000 3277.53795  0.84%  62.4 2110s
 1040394 37612     cutoff   77      3305.25000 3277.89812  0.83%  62.3 2115s
 1044012 36658 3284.64968   75   31 3305.25000 3278.25939  0.82%  62.2 2120s
 1047429 35666     cutoff   79      3305.25000 3278.61245  0.81%  62.2 2125s
 1050885 34704 3279.94319   54   35 3305.25000 3278.95236  0.80%  62.1 2130s
 1054744 33681     cutoff   76      3305.25000 3279.32540  0.78%  62.0 2135s
 1058217 32676 3294.18708   60   43 3305.25000 3279.67763  0.77%  62.0 2140s
 1061700 31537     cutoff   62      3305.25000 3280.05825  0.76%  61.9 2145s
 1065148 30559 3284.05142   74   31 3305.25000 3280.40597  0.75%  61.8 2150s
 1068865 29379     cutoff   71      3305.25000 3280.82122  0.74%  61.8 2155s
 1072560 28133 3281.28290   61   25 3305.25000 3281.28290  0.73%  61.7 2160s
 1075916 26932 3288.92828   54   29 3305.25000 3281.71887  0.71%  61.6 2165s
 1079653 25545 3289.16136   64   49 3305.25000 3282.22077  0.70%  61.6 2170s
 1083363 24158 infeasible   54      3305.25000 3282.73444  0.68%  61.5 2175s
 1086731 22738 infeasible   74      3305.25000 3283.23679  0.67%  61.4 2180s
 1090579 21161     cutoff   66      3305.25000 3283.84000  0.65%  61.4 2185s
 1094406 19489 3295.38385   64   18 3305.25000 3284.50490  0.63%  61.3 2190s
 1098227 17692     cutoff   77      3305.25000 3285.29686  0.60%  61.2 2195s
 1102509 15557     cutoff   56      3305.25000 3286.29138  0.57%  61.1 2200s
 1106551 13329     cutoff   63      3305.25000 3287.46093  0.54%  61.0 2205s
 1110894 10853     cutoff   48      3305.25000 3288.97223  0.49%  60.9 2210s
 1115255  8006 3292.68950   70   39 3305.25000 3291.30062  0.42%  60.8 2215s
 1121398  3221     cutoff   54      3305.25000 3297.90640  0.22%  60.6 2220s

Cutting planes:
  Learned: 42
  Gomory: 17
  Cover: 5
  Implied bound: 11
  Clique: 4
  MIR: 42
  Flow cover: 13
  GUB cover: 4
  Zero half: 10

Explored 1125027 nodes (67991306 simplex iterations) in 2221.78 seconds
Thread count was 4 (of 4 available processors)

Optimal solution found (tolerance 1.00e-04)
Best objective 3.305250000000e+03, best bound 3.304930000000e+03, gap 0.0097%
k_c1	99.0
k_c10	97.0
k_c11	90.0
k_c12	3.0
k_c2	14.0
k_c3	3.0
k_c4	94.0
k_c5	100.0
k_c6	100.0
k_c7	6.0
k_c8	94.0
k_c9	91.0
k_dN	0.0
o_1	0.0
o_10	0.0
o_11	0.0
o_12	0.0
o_2	0.0
o_3	0.0
o_4	0.0
o_5	0.0
o_6	0.0
o_7	0.0
o_8	0.0
o_9	0.0
p_1	0.0
p_10	0.0
p_11	0.0
p_12	1.0
p_2	0.0
p_3	0.0
p_4	1.0
p_5	0.0
p_6	0.0
p_7	0.0
p_8	0.0
p_9	1.0
phi_c1	3.0
phi_c10	1.0
phi_c11	3.0
phi_c12	0.0
phi_c2	3.0
phi_c3	2.0
phi_c4	0.0
phi_c5	4.0
phi_c6	4.0
phi_c7	1.0
phi_c8	2.0
phi_c9	0.0
phi_dN	0.0
pi_c1	0.0
pi_c10	0.0
pi_c11	0.0
pi_c12	5.0
pi_c2	0.0
pi_c3	0.0
pi_c4	10.0
pi_c5	0.0
pi_c6	0.0
pi_c7	0.0
pi_c8	0.0
pi_c9	15.0
pi_dN	0.0
tauD_c1	25.0
tauD_c10	37.0
tauD_c11	79.0
tauD_c12	80.0
tauD_c2	61.0
tauD_c3	87.0
tauD_c4	50.0
tauD_c5	10.0
tauD_c6	25.0
tauD_c7	72.0
tauD_c8	34.0
tauD_c9	45.0
tauD_d0	0.0
tauD_dN	100.0
tauS_c1	9.0
tauS_c10	6.0
tauS_c11	4.0
tauS_c12	78.0
tauS_c2	5.0
tauS_c3	85.0
tauS_c4	64.0
tauS_c5	6.0
tauS_c6	5.0
tauS_c7	9.0
tauS_c8	3.0
tauS_c9	47.0
tauS_d0	0.0
tauS_dN	96.0
x_c10_c4	1.0
x_c11_c3	1.0
x_c12_dN	1.0
x_c1_c10	1.0
x_c2_c7	1.0
x_c3_dN	1.0
x_c4_c11	1.0
x_c5_c1	1.0
x_c6_c8	1.0
x_c7_c12	1.0
x_c8_c9	1.0
x_c9_c2	1.0
x_d0_c5	1.0
x_d0_c6	1.0
z_c12_dN	1.0
z_c4_c12	1.0
z_c9_c4	1.0
z_d0_c9	1.0
