
Gurobi 6.0.4 (win64) logging started 06/12/15 18:41:20

Read LP format model from file E:\Eigene Dateien\Downloads\Michi shit\VRPTWMS-master\VRPTWMS\instances\mip\fuel\N12-C_DV100-C_SV25_F5_10_No_1.lp
Reading time = 0.02 seconds
(null): 865 rows, 404 columns, 3771 nonzeros
Optimize a model with 865 rows, 404 columns and 3771 nonzeros
Model has 1872 quadratic constraints
WARNING: Only barrier available for SOCP models
Coefficient statistics:
  Matrix range    [1e+00, 1e+02]
  Objective range [5e+00, 1e+03]
  Bounds range    [1e+00, 1e+02]
  RHS range       [1e+00, 1e+02]
Presolve removed 103 rows and 69 columns
Presolve time: 0.09s
Presolved: 3221 rows, 1606 columns, 16826 nonzeros
Variable types: 1188 continuous, 418 integer (356 binary)
Optimize a model with 3221 rows, 1606 columns and 16826 nonzeros
Coefficient statistics:
  Matrix range    [1e+00, 1e+02]
  Objective range [5e+00, 1e+03]
  Bounds range    [1e+00, 1e+02]
  RHS range       [4e-01, 1e+02]

Concurrent LP optimizer: dual simplex and barrier
Showing barrier log only...

Presolve removed 301 rows and 183 columns
Presolved: 2920 rows, 1425 columns, 15490 nonzeros

Root barrier log...

Ordering time: 0.00s

Barrier performed 0 iterations in 0.13 seconds
Barrier solve interrupted - model solved by another algorithm


Solved with dual simplex
Solved in 106 iterations and 0.13 seconds
Optimal objective  1.751305196e+03

Root relaxation: objective 1.751305e+03, 106 iterations, 0.02 seconds

    Nodes    |    Current Node    |     Objective Bounds      |     Work
 Expl Unexpl |  Obj  Depth IntInf | Incumbent    BestBd   Gap | It/Node Time

     0     0 1751.30520    0   32          - 1751.30520      -     -    0s
     0     0 2218.75635    0   32          - 2218.75635      -     -    0s
     0     0 2233.56026    0   46          - 2233.56026      -     -    0s
     0     0 2240.32108    0   48          - 2240.32108      -     -    0s
     0     0 2240.59444    0   45          - 2240.59444      -     -    0s
     0     0 2240.59444    0   46          - 2240.59444      -     -    0s
     0     0 2240.59444    0   44          - 2240.59444      -     -    0s
H    0     0                    13706.010000 2240.59444  83.7%     -    0s
     0     0 2240.59444    0   42 13706.0100 2240.59444  83.7%     -    0s
H    0     0                    11641.330000 2240.59444  80.8%     -    0s
     0     2 2240.59444    0   42 11641.3300 2240.59444  80.8%     -    0s
H   49    49                    10635.100000 2251.31600  78.8%  20.4    0s
H  176   158                    9578.0700000 2251.31600  76.5%  29.6    0s
H  465   317                    9571.4600000 2274.90350  76.2%  28.4    0s
H  472   318                    7510.1800000 2274.90350  69.7%  28.4    0s
H  499   318                    7458.1900000 2274.90350  69.5%  27.3    0s
H  512   325                    6443.9500000 2274.90350  64.7%  27.3    0s
  1060   682 2361.91547   16  120 6443.95000 2285.29306  64.5%  28.8    5s
  1087   700 2898.45606    9  111 6443.95000 2291.98229  64.4%  28.1   10s
H 1235   750                    6416.0000000 2296.40054  64.2%  46.7   14s
  1277   768 2580.52644   35   76 6416.00000 2296.40054  64.2%  48.8   15s
H 1331   745                    5430.0700000 2296.40054  57.7%  49.9   15s
H 1833   856                    5403.8900000 2303.97239  57.4%  53.1   17s
  2936  1209 2405.73207   28   94 5403.89000 2318.85500  57.1%  58.5   20s
H 2993  1248                    5390.2500000 2318.85500  57.0%  58.5   20s
H 3084  1316                    5385.2400000 2319.80392  56.9%  58.6   20s
H 3112  1337                    5376.8000000 2319.80392  56.9%  58.4   20s
  5317  2635 2541.63345   23  113 5376.80000 2342.28179  56.4%  63.3   25s
  7983  4228 3961.60690   30   63 5376.80000 2369.72132  55.9%  65.2   30s
H 9280  4956                    5356.4400000 2389.55872  55.4%  66.3   34s
  9496  5045 3459.57766   27  127 5356.44000 2398.68354  55.2%  66.7   35s
 12086  6178 infeasible   43      5356.44000 2461.54270  54.0%  69.4   40s
 14539  7313 3420.84116   29   85 5356.44000 2543.14738  52.5%  71.5   45s
 17444  8628 3826.75951   61   76 5356.44000 2633.06039  50.8%  71.9   50s
 20409 10069 4580.52308   58   60 5356.44000 2698.41747  49.6%  71.5   55s
 20861 10312 3353.17830   35   42 5356.44000 2702.35753  49.5%  71.6   61s
 20872 10319 2790.34024   37  125 5356.44000 2702.35753  49.5%  71.6   65s
 20884 10327 3180.39248   33  130 5356.44000 2702.35753  49.5%  71.6   70s
 20895 10335 2959.94380   29  141 5356.44000 2702.35753  49.5%  71.5   75s
 20906 10342 3431.77296   27  154 5356.44000 2702.35753  49.5%  71.5   80s
 20916 10349 3392.48175   22  154 5356.44000 2702.35753  49.5%  71.4   85s
 20926 10355 3431.77296   27  148 5356.44000 2702.35753  49.5%  71.4   90s
 20936 10362 3392.48175   22  189 5356.44000 2702.35753  49.5%  71.4   95s
 20946 10369 3431.77296   27  187 5356.44000 2702.35753  49.5%  71.3  100s
 20957 10376 3435.15111   29  182 5356.44000 2702.35753  49.5%  71.3  105s
 20969 10386 2702.35753   27   98 5356.44000 2702.35753  49.5%  72.6  110s
 21435 10522 4394.69158   57   26 5356.44000 2702.35753  49.5%  72.4  116s
H22646 10302                    5351.5300000 2702.35753  49.5%  71.9  119s
 24136 10654     cutoff   64      5351.53000 2702.35753  49.5%  71.1  121s
H24564 10258                    5341.4300000 2702.35753  49.4%  71.0  121s
 27230 10814 infeasible   43      5341.43000 2702.35753  49.4%  69.5  126s
 31095 11561 3291.31938   42   59 5341.43000 3291.31938  38.4%  68.0  131s
 34975 12027 3381.92465   58   62 5341.43000 3302.01756  38.2%  67.1  136s
H37849 11074                    4442.8500000 3310.22796  25.5%  66.4  138s
 38419 11223 3320.96522   45   48 4442.85000 3313.02787  25.4%  66.2  140s
H39059 10735                    4430.1200000 3313.16963  25.2%  66.0  140s
H42145 10471                    4427.1200000 3318.85898  25.0%  65.4  143s
 42529 10487 3405.59671   60   64 4427.12000 3319.12718  25.0%  65.2  145s
H44333 10005                    4412.2500000 3321.04046  24.7%  64.9  147s
H46818 10270                    4386.6000000 3325.52739  24.2%  64.7  151s
 49986 10966 infeasible   59      4386.60000 3330.77711  24.1%  64.6  155s
 53666 11840     cutoff   47      4386.60000 3335.11122  24.0%  64.5  160s
*55859 12094              47    4379.9500000 3337.60063  23.8%  64.5  162s
 57618 12409 3354.46975   48   87 4379.95000 3340.25790  23.7%  64.7  166s
 61048 13021 4340.64840   51   56 4379.95000 3344.27096  23.6%  64.9  170s
 64505 13662 3481.04221   52   63 4379.95000 3347.62251  23.6%  65.0  175s
H65489 13703                    4377.6800000 3348.43962  23.5%  65.1  176s
 67725 13971 3380.77208   46   44 4377.68000 3350.82225  23.5%  65.4  180s
 70690 14293 3400.20163   49   46 4377.68000 3353.41323  23.4%  65.7  185s
 74031 14699 3677.29097   70   49 4377.68000 3356.28662  23.3%  65.8  190s
 77084 14877     cutoff   43      4377.68000 3359.28986  23.3%  66.0  195s
 80446 14983 3430.93875   64   46 4377.68000 3362.54133  23.2%  66.5  200s
 83276 15037 3420.77596   48   43 4377.68000 3365.22895  23.1%  66.8  205s
 86628 14945     cutoff   57      4377.68000 3368.52466  23.1%  67.2  210s
*87188 14872              41    4374.2100000 3368.86528  23.0%  67.3  211s
 89122 14718     cutoff   56      4374.21000 3371.12623  22.9%  67.6  215s
 91636 14554 3603.62222   42   55 4374.21000 3373.99264  22.9%  68.0  220s
 94595 14280 3392.96728   63   51 4374.21000 3377.50203  22.8%  68.3  225s
 97101 14084     cutoff   38      4374.21000 3380.91058  22.7%  68.7  230s
 99545 13678     cutoff   58      4374.21000 3384.22344  22.6%  69.0  235s
 102538 13265 3427.83574   57   53 4374.21000 3388.25344  22.5%  69.3  240s
 105321 12638 3406.61809   40   70 4374.21000 3392.40199  22.4%  69.8  245s
 108189 11999 3426.27977   44   62 4374.21000 3397.21196  22.3%  70.3  250s
 111119 11409     cutoff   48      4374.21000 3402.44057  22.2%  70.7  255s
 113241 10967     cutoff   58      4374.21000 3406.65005  22.1%  70.9  260s
 115878 10188 3710.27625   61   71 4374.21000 3413.01861  22.0%  71.3  265s
 118466  9433 infeasible   81      4374.21000 3420.46464  21.8%  71.6  270s
 120615  8681     cutoff   57      4374.21000 3427.52982  21.6%  71.9  275s
 122864  7760 3484.65519   45   46 4374.21000 3436.98419  21.4%  72.3  280s
 125304  6781     cutoff   48      4374.21000 3450.43385  21.1%  72.6  285s
 127849  5803 3473.90644   68   51 4374.21000 3469.17204  20.7%  72.9  290s
 130560  4691 3528.59470   57   62 4374.21000 3505.57155  19.9%  73.1  295s
 133560  3507     cutoff   55      4374.21000 3670.33699  16.1%  72.8  300s
 137841  3283 4328.90300   44   35 4374.21000 4291.27882  1.90%  71.8  305s
 140966  3502 4319.10884   40   20 4374.21000 4310.29816  1.46%  71.3  310s
 144455  3226 4332.55477   48   47 4374.21000 4323.03660  1.17%  70.7  315s
 148244  2517 4336.30840   44   53 4374.21000 4336.24171  0.87%  69.9  320s

Cutting planes:
  Learned: 1
  Gomory: 5
  Implied bound: 109
  Clique: 5
  MIR: 15
  Flow cover: 20
  GUB cover: 6
  Zero half: 44

Explored 152920 nodes (10520917 simplex iterations) in 324.84 seconds
Thread count was 4 (of 4 available processors)

Optimal solution found (tolerance 1.00e-04)
Best objective 4.374210000000e+03, best bound 4.374210000000e+03, gap 0.0%
k_c1	100.0
k_c10	100.0
k_c11	96.0
k_c12	96.0
k_c2	99.0
k_c3	4.0
k_c4	100.0
k_c5	93.0
k_c6	8.0
k_c7	7.0
k_c8	2.0
k_c9	4.0
k_dN	0.0
o_1	0.0
o_10	1.0
o_11	0.0
o_12	0.0
o_2	0.0
o_3	0.0
o_4	0.0
o_5	0.0
o_6	0.0
o_7	1.0
o_8	0.0
o_9	0.0
p_1	0.0
p_10	1.0
p_11	0.0
p_12	0.0
p_2	0.0
p_3	0.0
p_4	0.0
p_5	0.0
p_6	1.0
p_7	1.0
p_8	1.0
p_9	0.0
phi_c1	3.0
phi_c10	3.0
phi_c11	2.0
phi_c12	2.0
phi_c2	3.0
phi_c3	1.0
phi_c4	3.0
phi_c5	1.0
phi_c6	0.0
phi_c7	0.0
phi_c8	0.0
phi_c9	3.0
phi_dN	0.0
pi_c1	0.0
pi_c10	17.0
pi_c11	0.0
pi_c12	0.0
pi_c2	0.0
pi_c3	0.0
pi_c4	0.0
pi_c5	0.0
pi_c6	5.0
pi_c7	15.0
pi_c8	10.0
pi_c9	0.0
pi_dN	0.0
tauD_c1	10.0
tauD_c10	22.0
tauD_c11	30.0
tauD_c12	25.0
tauD_c2	50.0
tauD_c3	53.0
tauD_c4	10.0
tauD_c5	65.0
tauD_c6	74.0
tauD_c7	42.0
tauD_c8	65.0
tauD_c9	65.0
tauD_d0	0.0
tauD_dN	100.0
tauS_c1	85.0
tauS_c10	5.0
tauS_c11	84.0
tauS_c12	85.0
tauS_c2	86.0
tauS_c3	7.0
tauS_c4	85.0
tauS_c5	90.0
tauS_c6	90.0
tauS_c7	38.0
tauS_c8	56.0
tauS_c9	84.0
tauS_d0	0.0
tauS_dN	100.0
x_c10_c2	1.0
x_c11_c3	1.0
x_c12_c7	1.0
x_c1_c11	1.0
x_c2_c5	1.0
x_c3_c8	1.0
x_c4_c12	1.0
x_c5_c6	1.0
x_c6_dN	1.0
x_c7_c9	1.0
x_c8_dN	1.0
x_c9_dN	1.0
x_d0_c1	1.0
x_d0_c10	1.0
x_d0_c4	1.0
z_c10_c7	1.0
z_c6_dN	1.0
z_c7_c8	1.0
z_c8_c6	1.0
z_d0_c10	1.0
