
Gurobi 6.0.4 (win64) logging started 06/12/15 20:56:38

Read LP format model from file E:\Eigene Dateien\Downloads\Michi shit\VRPTWMS-master\VRPTWMS\instances\mip\fuel\N12-C_DV100-C_SV25_F5_3_No_1.lp
Reading time = 0.01 seconds
(null): 865 rows, 404 columns, 3771 nonzeros
Optimize a model with 865 rows, 404 columns and 3771 nonzeros
Model has 1872 quadratic constraints
WARNING: Only barrier available for SOCP models
Coefficient statistics:
  Matrix range    [1e+00, 1e+02]
  Objective range [4e+00, 1e+03]
  Bounds range    [1e+00, 1e+02]
  RHS range       [1e+00, 1e+02]
Presolve removed 67 rows and 56 columns
Presolve time: 0.14s
Presolved: 3545 rows, 1767 columns, 18449 nonzeros
Variable types: 1324 continuous, 443 integer (380 binary)
Found heuristic solution: objective 14813.720000
Optimize a model with 3545 rows, 1767 columns and 18449 nonzeros
Coefficient statistics:
  Matrix range    [9e-01, 1e+02]
  Objective range [4e+00, 1e+03]
  Bounds range    [7e-01, 1e+02]
  RHS range       [1e+00, 1e+02]

Concurrent LP optimizer: dual simplex and barrier
Showing barrier log only...

Presolve removed 290 rows and 187 columns
Presolved: 3255 rows, 1582 columns, 17093 nonzeros

Root barrier log...

Ordering time: 0.02s

Barrier performed 0 iterations in 0.19 seconds
Barrier solve interrupted - model solved by another algorithm


Solved with dual simplex
Solved in 189 iterations and 0.19 seconds
Optimal objective  6.284203884e+02

Root relaxation: objective 6.284204e+02, 189 iterations, 0.04 seconds

    Nodes    |    Current Node    |     Objective Bounds      |     Work
 Expl Unexpl |  Obj  Depth IntInf | Incumbent    BestBd   Gap | It/Node Time

     0     0  628.42039    0   48 14813.7200  628.42039  95.8%     -    0s
H    0     0                    12765.720000  628.42039  95.1%     -    0s
     0     0 2213.50711    0   47 12765.7200 2213.50711  82.7%     -    0s
     0     0 2243.34276    0   53 12765.7200 2243.34276  82.4%     -    0s
     0     0 2255.22500    0   28 12765.7200 2255.22500  82.3%     -    0s
     0     0 2256.92324    0   51 12765.7200 2256.92324  82.3%     -    0s
     0     0 2261.00667    0   45 12765.7200 2261.00667  82.3%     -    0s
H    0     0                    11735.740000 2261.00667  80.7%     -    0s
     0     0 2262.82333    0   44 11735.7400 2262.82333  80.7%     -    0s
     0     0 2278.96179    0   73 11735.7400 2278.96179  80.6%     -    0s
     0     0 2284.07543    0   72 11735.7400 2284.07543  80.5%     -    0s
     0     0 2285.42667    0   74 11735.7400 2285.42667  80.5%     -    0s
     0     0 2285.42667    0   67 11735.7400 2285.42667  80.5%     -    0s
     0     0 2285.42667    0   53 11735.7400 2285.42667  80.5%     -    0s
     0     0 2285.42667    0   62 11735.7400 2285.42667  80.5%     -    0s
     0     0 2285.42667    0   61 11735.7400 2285.42667  80.5%     -    0s
     0     0 2285.42667    0   62 11735.7400 2285.42667  80.5%     -    0s
     0     0 2285.42667    0   61 11735.7400 2285.42667  80.5%     -    0s
     0     2 2285.42667    0   61 11735.7400 2285.42667  80.5%     -    0s
H   37    35                    10690.080000 2337.32727  78.1%  22.5    0s
H  127    98                    9640.1400000 3259.98000  66.2%  23.9    0s
H  222   159                    9633.7900000 3261.53000  66.1%  28.5    1s
*  478   313              42    8685.0500000 3264.46000  62.4%  31.4    1s
H  662   473                    8630.6100000 3268.07000  62.1%  33.5    1s
H  727   482                    7546.0700000 3268.37625  56.7%  33.3    1s
H  770   504                    7543.1000000 3268.37625  56.7%  33.3    1s
H  797   524                    7540.8100000 3268.37625  56.7%  32.9    1s
H  860   565                    7535.7400000 3268.37625  56.6%  32.2    1s
H 1056   677                    6629.9000000 3268.50375  50.7%  31.2    2s
H 1060   645                    6612.3800000 3273.78667  50.5%  31.1    2s
H 1062   614                    6587.7800000 3277.81110  50.2%  31.0    3s
H 1065   585                    6544.9700000 3285.75953  49.8%  30.9    3s
  1086   602 3299.36667   19   42 6544.97000 3297.22812  49.6%  33.9    5s
H 1598   770                    6528.5900000 3299.62592  49.5%  48.0    6s
H 1826   785                    6527.2200000 3301.95500  49.4%  49.2    7s
H 1860   757                    6500.6800000 3301.95500  49.2%  49.4    7s
H 2159   845                    6496.0400000 3313.65175  49.0%  50.3    7s
H 2217   808                    6436.7800000 3314.51175  48.5%  51.2    8s
H 2227   786                    6421.8800000 3314.51175  48.4%  51.4    8s
H 2342   812                    6420.7600000 3314.51175  48.4%  52.6    8s
  2448   873 4401.24793   30   69 6420.76000 3317.09769  48.3%  53.4   10s
H 2456   873                    6420.4100000 3317.09769  48.3%  53.3   10s
  3821  1710 5470.25663   33   41 6420.41000 3327.99667  48.2%  60.6   15s
  5912  3031 3430.29730   36   52 6420.41000 3339.39500  48.0%  64.0   20s
  8138  4407 3363.87500   24   36 6420.41000 3345.81000  47.9%  64.2   25s
  9968  5505 infeasible   32      6420.41000 3351.99505  47.8%  64.5   30s
 11862  6440 3369.59341   29   81 6420.41000 3358.80736  47.7%  66.5   35s
 13362  7250 4403.61745   29   64 6420.41000 3362.63937  47.6%  67.8   40s
 14819  7975 3430.41892   30   45 6420.41000 3366.07175  47.6%  69.1   45s
 16047  8461 3509.83515   25   72 6420.41000 3369.08333  47.5%  70.6   50s
 17973  9314 5055.70540   36   53 6420.41000 3372.78072  47.5%  71.9   55s
 19851 10123 4547.08811   55   92 6420.41000 3375.72182  47.4%  73.4   60s
 20684 10540 3399.52427   38   61 6420.41000 3376.94514  47.4%  73.4   68s
 20691 10545 3451.69664   39   68 6420.41000 3376.94514  47.4%  73.3   70s
 20703 10553 4387.49199   31   84 6420.41000 3376.94514  47.4%  73.3   75s
 20715 10561 4419.94714   35   88 6420.41000 3376.94514  47.4%  73.2   80s
 20728 10571 3376.94514   29   77 6420.41000 3376.94514  47.4%  73.5   85s
 20977 10680 5549.92995   55   54 6420.41000 3376.94514  47.4%  73.8   90s
 22378 11030 infeasible   55      6420.41000 3376.94514  47.4%  74.7   95s
 24314 11463 5478.13980   60   67 6420.41000 3376.94514  47.4%  75.6  100s
 26319 11886 3515.35778   59   66 6420.41000 3376.94514  47.4%  76.6  105s
H27098 11335                    5526.2300000 3376.94514  38.9%  77.1  108s
 27798 11566 3376.94514   40   41 5526.23000 3376.94514  38.9%  77.3  111s
H27979 11014                    5505.5100000 3376.94514  38.7%  77.3  111s
H28117 10450                    5494.0600000 3376.94514  38.5%  77.4  111s
H28449 10080                    5492.0800000 3376.94514  38.5%  77.5  114s
H29083  9773                    5484.3500000 3376.94514  38.4%  77.5  114s
 29616  9831 3403.30474   48   63 5484.35000 3376.94514  38.4%  77.7  118s
H29949  9466                    5479.4100000 3376.94514  38.4%  78.0  118s
 30235  9483 infeasible   51      5479.41000 3376.94514  38.4%  78.2  121s
 31987  9628 4536.38325   77   75 5479.41000 3376.94514  38.4%  79.1  127s
 33123  9732 3458.30948   53   66 5479.41000 3376.94514  38.4%  79.3  130s
H34539  9485                    5473.5700000 3376.94514  38.3%  80.0  133s
 34987  9549     cutoff   51      5473.57000 3376.94514  38.3%  80.1  136s
 36525  9707 4586.20586   54   96 5473.57000 3376.94514  38.3%  80.9  141s
 37676  9782 5472.63637   59   52 5473.57000 3377.48910  38.3%  81.2  146s
 39508  9869 5409.48063   80   56 5473.57000 3381.85324  38.2%  81.7  151s
H40338  9498                    5464.8900000 3383.48998  38.1%  82.0  153s
 41078  9509 4566.29664   52   99 5464.89000 3385.08969  38.1%  82.3  155s
 43425 10111 4502.87116   49   85 5464.89000 3388.70338  38.0%  82.8  162s
H43557  9969                    5443.0400000 3388.70338  37.7%  82.9  162s
 44526 10219 4411.77080   62   42 5443.04000 3390.33243  37.7%  83.1  166s
 46034 10676     cutoff   52      5443.04000 3392.90481  37.7%  83.5  170s
H46227 10666                    5432.7100000 3392.95584  37.5%  83.5  170s
 47781 11125 3554.69297   61  103 5432.71000 3395.11985  37.5%  83.8  176s
 49160 11552     cutoff   52      5432.71000 3398.21189  37.4%  84.1  180s
 50861 11950 4441.54163   51  108 5432.71000 3401.04742  37.4%  84.8  186s
 51919 12211 4446.19335   55   77 5432.71000 3402.75955  37.4%  85.0  190s
 53604 12606 4659.27705   67   87 5432.71000 3405.45143  37.3%  85.5  195s
 55295 13084 4494.14778   67   77 5432.71000 3408.00962  37.3%  85.9  202s
 56110 13170 infeasible   60      5432.71000 3409.18574  37.2%  86.2  205s
*56344 13165              46    5430.1700000 3409.28870  37.2%  86.3  205s
 57898 13533     cutoff   51      5430.17000 3411.68193  37.2%  86.6  210s
 59634 13837     cutoff   69      5430.17000 3413.73057  37.1%  87.1  215s
 61438 14216 4445.55954   51   70 5430.17000 3416.07057  37.1%  87.3  220s
 63221 14493 3463.98870   49   93 5430.17000 3418.56744  37.0%  87.6  225s
 64811 14688     cutoff   51      5430.17000 3420.72143  37.0%  88.1  230s
 66408 14866     cutoff   42      5430.17000 3423.01048  37.0%  88.4  235s
 68076 15125 3733.91435   48   86 5430.17000 3425.09630  36.9%  88.7  240s
 70232 15464     cutoff   53      5430.17000 3428.11320  36.9%  89.0  246s
 71792 15730 3526.86535   51   92 5430.17000 3429.69672  36.8%  89.4  251s
 73451 15968 4458.04865   57   88 5430.17000 3431.65328  36.8%  89.6  255s
 75017 16211 3708.51425   53   69 5430.17000 3433.53624  36.8%  89.9  260s
 77040 16482     cutoff   51      5430.17000 3435.52821  36.7%  90.3  266s
 78552 16692 infeasible   60      5430.17000 3437.48343  36.7%  90.6  270s
 80019 16904 infeasible   57      5430.17000 3438.60813  36.7%  90.8  275s
 81999 17256 4685.66704   45   80 5430.17000 3440.69440  36.6%  91.1  281s
 83542 17410 infeasible   72      5430.17000 3442.45373  36.6%  91.3  285s
 85047 17567 infeasible   52      5430.17000 3444.36000  36.6%  91.5  290s
 87000 17802     cutoff   66      5430.17000 3446.69504  36.5%  91.7  295s
 88464 17923 4562.07298   59   46 5430.17000 3448.39009  36.5%  91.9  300s
 90457 18133 3459.89979   53   33 5430.17000 3450.34380  36.5%  92.2  306s
 91921 18274 3505.05275   61   52 5430.17000 3451.90000  36.4%  92.4  310s
 93868 18476 4474.13167   58   71 5430.17000 3453.87979  36.4%  92.6  316s
 95341 18576 infeasible   54      5430.17000 3455.48382  36.4%  92.6  320s
 97251 18660 4567.77703   72   35 5430.17000 3457.62190  36.3%  92.9  326s
H97731 18688                    5428.2700000 3458.05258  36.3%  93.0  328s
 98612 18710     cutoff   67      5428.27000 3459.05662  36.3%  93.1  331s
 99717 18843 infeasible   54      5428.27000 3460.19417  36.3%  93.3  336s
 101131 18923 3476.53742   47   57 5428.27000 3461.85363  36.2%  93.4  340s
 102941 19020 infeasible   54      5428.27000 3463.89872  36.2%  93.6  345s
 104773 19121 4163.48928   68   63 5428.27000 3466.13911  36.1%  93.9  351s
 105721 19198 3538.37372   63   52 5428.27000 3467.32971  36.1%  93.9  355s
 107389 19257     cutoff   50      5428.27000 3469.23087  36.1%  94.0  360s
 108788 19282 infeasible   61      5428.27000 3470.99739  36.1%  94.1  365s
 110597 19311 4448.23429   53   46 5428.27000 3473.00968  36.0%  94.3  371s
 111811 19349 4525.88966   71   50 5428.27000 3474.41240  36.0%  94.4  376s
 112876 19259 3506.63637   57   72 5428.27000 3475.78184  36.0%  94.5  380s
 114637 19264 infeasible   64      5428.27000 3478.28739  35.9%  94.6  385s
 115922 19275 3887.30170   75   69 5428.27000 3480.07500  35.9%  94.7  390s
 117726 19265 3490.38571   53  122 5428.27000 3482.96622  35.8%  94.8  395s
 119414 19224 infeasible   57      5428.27000 3485.84908  35.8%  94.9  400s
 120754 19233     cutoff   53      5428.27000 3487.43329  35.8%  95.0  406s
 121965 19204 4412.69663   60   44 5428.27000 3489.56000  35.7%  95.1  411s
 122776 19198 infeasible   67      5428.27000 3490.53523  35.7%  95.1  415s
 123975 19169 3534.27322   52   95 5428.27000 3492.49886  35.7%  95.2  420s
 124910 19169 3604.94066   73  117 5428.27000 3493.82446  35.6%  95.3  426s
 126262 19129 4590.91917   65   59 5428.27000 3495.89929  35.6%  95.5  430s
 127986 19063 3955.08177   46   92 5428.27000 3498.37508  35.6%  95.6  436s
 129262 19071 3757.93660   63   79 5428.27000 3500.30641  35.5%  95.7  441s
 130550 19021 4553.39154   65   77 5428.27000 3502.14925  35.5%  95.8  446s
 131804 18896     cutoff   66      5428.27000 3504.25572  35.4%  95.9  451s
 132969 18820     cutoff   52      5428.27000 3506.87381  35.4%  96.0  457s
 133992 18754 3520.37868   56   62 5428.27000 3509.09126  35.4%  96.1  461s
 135521 18639 infeasible   67      5428.27000 3512.35292  35.3%  96.2  466s
 136766 18542 3807.45969   69  103 5428.27000 3514.73360  35.3%  96.3  470s
 137702 18472 3802.15554   56   79 5428.27000 3516.29913  35.2%  96.4  475s
 139349 18353     cutoff   71      5428.27000 3520.37867  35.1%  96.5  481s
 140446 18240     cutoff   51      5428.27000 3522.88267  35.1%  96.6  485s
 142126 18079 5412.60780   48   81 5428.27000 3526.69112  35.0%  96.7  490s
 143287 17964     cutoff   60      5428.27000 3530.33302  35.0%  96.8  496s
 144434 17847 3893.90491   62  108 5428.27000 3534.25396  34.9%  96.9  500s
 145990 17639 infeasible   61      5428.27000 3538.63856  34.8%  97.0  505s
 147109 17497 3960.24450   66  103 5428.27000 3542.74934  34.7%  97.1  510s
 148189 17379     cutoff   67      5428.27000 3547.53785  34.6%  97.1  515s
 149977 17101 4707.85705   66   69 5428.27000 3556.17818  34.5%  97.2  521s
 151208 16965 4510.44893   68   81 5428.27000 3561.84390  34.4%  97.3  525s
 152715 16786     cutoff   75      5428.27000 3570.82605  34.2%  97.5  530s
 153854 16651 4186.68981   66  109 5428.27000 3579.70426  34.1%  97.5  535s
 154974 16506     cutoff   61      5428.27000 3589.52617  33.9%  97.6  540s
 156592 16360     cutoff   67      5428.27000 3605.91964  33.6%  97.6  546s
 157842 16238 infeasible   57      5428.27000 3620.07743  33.3%  97.7  550s
 159437 16023 infeasible   56      5428.27000 3640.77883  32.9%  97.8  556s
 160572 15872 infeasible   63      5428.27000 3659.11840  32.6%  97.8  560s
 162082 15647 3743.16758   35   90 5428.27000 3687.31532  32.1%  97.9  565s
 163618 15432 infeasible   53      5428.27000 3721.78961  31.4%  98.0  570s
 165078 15225     cutoff   64      5428.27000 3767.64500  30.6%  98.0  575s
 165923 15098 infeasible   60      5428.27000 3792.06001  30.1%  98.0  580s
 167294 14845 4502.86260   64  101 5428.27000 3861.99311  28.9%  98.1  585s
 168897 14692 4447.13472   51   40 5428.27000 3928.33643  27.6%  98.1  590s
 170431 14474     cutoff   53      5428.27000 4013.96717  26.1%  98.1  595s
 171909 14257 4477.68750   49   32 5428.27000 4125.61866  24.0%  98.2  600s
 173365 14060 infeasible   58      5428.27000 4261.50592  21.5%  98.2  605s
 175307 14002     cutoff   54      5428.27000 4287.82156  21.0%  98.1  610s
 176955 13901 4461.86531   59   47 5428.27000 4287.82156  21.0%  98.2  615s
 178698 13896 infeasible   53      5428.27000 4294.40642  20.9%  98.2  621s
 179812 13849 5410.76832   65   44 5428.27000 4294.40642  20.9%  98.2  625s
 181367 13776 4455.65739   60   67 5428.27000 4296.35747  20.9%  98.3  630s
 183234 13902 4358.27820   35   74 5428.27000 4307.17180  20.7%  98.4  636s
 184689 14066 4425.29096   59   74 5428.27000 4322.13237  20.4%  98.4  641s
 185981 14465 4517.51820   59  115 5428.27000 4331.23559  20.2%  98.2  645s
 188210 14832 infeasible   70      5428.27000 4338.59500  20.1%  98.2  651s
 189958 15293 infeasible   52      5428.27000 4348.14309  19.9%  98.1  655s
 192198 15816 4508.80037   46  116 5428.27000 4356.56854  19.7%  98.0  661s
 193849 16139 5416.63714   46   44 5428.27000 4360.38823  19.7%  97.9  665s
 196136 16523 infeasible   47      5428.27000 4366.33031  19.6%  97.8  671s
 197924 16956 4384.25401   53   48 5428.27000 4370.59143  19.5%  97.7  675s
 200210 17313 4421.20240   54   60 5428.27000 4374.71575  19.4%  97.6  681s
 201863 17514 infeasible   63      5428.27000 4378.00519  19.3%  97.5  685s
 204156 17786 4609.75619   59   59 5428.27000 4381.66473  19.3%  97.5  690s
 205809 17969 4408.14348   44   78 5428.27000 4383.82595  19.2%  97.4  695s
 207429 18124 4434.24060   43   31 5428.27000 4385.93664  19.2%  97.4  700s
 209661 18398 4474.25385   54   69 5428.27000 4389.20320  19.1%  97.3  706s
 210637 18497 infeasible   66      5428.27000 4390.21759  19.1%  97.3  710s
 212773 18652 4456.92260   48   68 5428.27000 4392.98558  19.1%  97.2  715s
 214316 18736 4412.61333   53   31 5428.27000 4395.01709  19.0%  97.1  720s
 215821 18828     cutoff   40      5428.27000 4396.75755  19.0%  97.1  725s
 217717 18895     cutoff   71      5428.27000 4398.40631  19.0%  97.1  730s
 219093 18905 4407.53052   47   64 5428.27000 4400.18252  18.9%  97.1  735s
 221033 18910     cutoff   55      5428.27000 4402.17033  18.9%  97.1  740s
 222839 18917 4436.07861   63   64 5428.27000 4403.85214  18.9%  97.1  745s
 224530 18877 4415.71040   45   32 5428.27000 4405.79278  18.8%  97.1  751s
 225847 18810 4448.94363   62   54 5428.27000 4407.27533  18.8%  97.1  755s
 227556 18739 infeasible   40      5428.27000 4409.10292  18.8%  97.1  760s
 229580 18664     cutoff   58      5428.27000 4411.33760  18.7%  97.1  766s
 231192 18554 infeasible   50      5428.27000 4412.85274  18.7%  97.1  770s
 232898 18466 infeasible   47      5428.27000 4414.46851  18.7%  97.1  775s
 234553 18252 infeasible   61      5428.27000 4416.42535  18.6%  97.1  780s
 236064 18156     cutoff   53      5428.27000 4418.12944  18.6%  97.2  785s
 237455 18015 4510.72976   38   63 5428.27000 4419.54995  18.6%  97.2  790s
 239253 17835     cutoff   52      5428.27000 4421.61909  18.5%  97.2  795s
 240955 17617 4458.74483   52   65 5428.27000 4423.49251  18.5%  97.3  800s
 242306 17447 infeasible   48      5428.27000 4424.97037  18.5%  97.3  805s
 244033 17250     cutoff   62      5428.27000 4426.87298  18.4%  97.4  810s
 245609 16997 4438.39402   69   74 5428.27000 4428.65354  18.4%  97.4  815s
 247225 16724 infeasible   60      5428.27000 4430.33831  18.4%  97.4  820s
 248815 16479 infeasible   48      5428.27000 4432.12686  18.4%  97.5  825s
 250699 16077 infeasible   73      5428.27000 4434.74221  18.3%  97.5  830s
 252163 15806 4581.84775   59   58 5428.27000 4436.68597  18.3%  97.6  835s
 253806 15462 infeasible   43      5428.27000 4438.75866  18.2%  97.6  840s
 255420 15122 infeasible   56      5428.27000 4440.90701  18.2%  97.7  845s
 257080 14675 infeasible   52      5428.27000 4443.43604  18.1%  97.7  850s
 258346 14380     cutoff   51      5428.27000 4445.28733  18.1%  97.8  855s
 259685 14098 infeasible   59      5428.27000 4447.02596  18.1%  97.8  860s
 261400 13664 4711.64875   58   60 5428.27000 4449.51348  18.0%  97.8  865s
 262925 13277 4452.72373   47   29 5428.27000 4451.82480  18.0%  97.9  870s
 264210 12859 4493.91592   58   75 5428.27000 4454.02996  17.9%  97.9  875s
 266016 12365 infeasible   58      5428.27000 4457.17248  17.9%  98.0  880s
 267576 11903 infeasible   58      5428.27000 4460.13883  17.8%  98.1  885s
 268988 11499 4463.41500   81   43 5428.27000 4462.71815  17.8%  98.1  890s
 270219 11168     cutoff   59      5428.27000 4465.05714  17.7%  98.1  895s
 271299 10909 infeasible   59      5428.27000 4467.27118  17.7%  98.2  900s
 272576 10617 infeasible   59      5428.27000 4469.88309  17.7%  98.2  905s
 274034 10226     cutoff   74      5428.27000 4473.06688  17.6%  98.2  910s
 275373  9937     cutoff   70      5428.27000 4475.85320  17.5%  98.2  915s
 277001  9596 infeasible   64      5428.27000 4479.06425  17.5%  98.2  920s
 278595  9251 infeasible   54      5428.27000 4482.58460  17.4%  98.2  925s
 280077  8881     cutoff   67      5428.27000 4485.74787  17.4%  98.3  930s
 281680  8546     cutoff   58      5428.27000 4489.43000  17.3%  98.3  935s
 283086  8289 4986.46265   71   76 5428.27000 4492.28848  17.2%  98.3  940s
 284785  7966 4496.18668   49   44 5428.27000 4495.83420  17.2%  98.3  945s
 286231  7585 infeasible   61      5428.27000 4499.79502  17.1%  98.3  950s
 287749  7213 4507.20543   61   66 5428.27000 4503.79374  17.0%  98.3  955s
 289383  6745     cutoff   70      5428.27000 4508.52191  16.9%  98.3  960s
 290748  6332     cutoff   84      5428.27000 4512.86913  16.9%  98.3  965s
 292241  5971 infeasible   63      5428.27000 4517.62544  16.8%  98.3  970s
 293272  5798 4546.11269   71   61 5428.27000 4520.83900  16.7%  98.3  975s
 294571  5277 4533.60000   74   62 5428.27000 4526.66602  16.6%  98.3  980s
 296172  4795 4539.64662   65   65 5428.27000 4535.19351  16.5%  98.4  985s
 297791  4230     cutoff   55      5428.27000 4546.14778  16.3%  98.3  990s
 299408  3665     cutoff   68      5428.27000 4559.54000  16.0%  98.3  995s
 301082  2975 4851.53704   69   94 5428.27000 4586.59265  15.5%  98.3 1000s
 303105  1943     cutoff   54      5428.27000 4718.03531  13.1%  98.1 1005s
 305616   885 5401.05463   38   25 5428.27000 5373.25957  1.01%  97.6 1010s
 308016   113 infeasible   50      5428.27000 5417.49952  0.20%  97.3 1015s

Cutting planes:
  Learned: 11
  Gomory: 33
  Cover: 651
  Implied bound: 543
  Clique: 14
  MIR: 192
  Flow cover: 179
  GUB cover: 17
  Zero half: 105
  Mod-K: 1
  Network: 1

Explored 308263 nodes (29960028 simplex iterations) in 1015.15 seconds
Thread count was 4 (of 4 available processors)

Optimal solution found (tolerance 1.00e-04)
Best objective 5.428270000000e+03, best bound 5.428270000000e+03, gap 0.0%
k_c1	3.0
k_c10	11.0
k_c11	34.0
k_c12	32.0
k_c2	7.0
k_c3	46.0
k_c4	42.0
k_c5	3.0
k_c6	6.0
k_c7	23.0
k_c8	51.0
k_c9	15.0
k_dN	0.0
o_1	0.0
o_10	0.0
o_11	0.0
o_12	0.0
o_2	0.0
o_3	0.0
o_4	1.0
o_5	0.0
o_6	0.0
o_7	0.0
o_8	0.0
o_9	1.0
p_1	0.0
p_10	0.0
p_11	1.0
p_12	0.0
p_2	0.0
p_3	0.0
p_4	1.0
p_5	1.0
p_6	0.0
p_7	0.0
p_8	0.0
p_9	1.0
phi_c1	2.0
phi_c10	3.0
phi_c11	0.0
phi_c12	3.0
phi_c2	2.0
phi_c3	2.0
phi_c4	0.0
phi_c5	1.0
phi_c6	3.0
phi_c7	3.0
phi_c8	3.0
phi_c9	0.0
phi_dN	0.0
pi_c1	20.0
pi_c10	20.0
pi_c11	15.0
pi_c12	10.0
pi_c2	20.0
pi_c3	20.0
pi_c4	20.0
pi_c5	4.0
pi_c6	20.0
pi_c7	20.0
pi_c8	20.0
pi_c9	9.0
pi_dN	0.0
tauD_c1	74.0
tauD_c10	83.0
tauD_c11	32.0
tauD_c12	50.0
tauD_c2	77.0
tauD_c3	25.0
tauD_c4	22.0
tauD_c5	80.0
tauD_c6	65.0
tauD_c7	45.0
tauD_c8	64.0
tauD_c9	63.0
tauD_d0	0.0
tauD_dN	100.0
tauS_c1	22.0
tauS_c10	18.0
tauS_c11	36.0
tauS_c12	8.0
tauS_c2	12.0
tauS_c3	83.0
tauS_c4	12.0
tauS_c5	80.0
tauS_c6	68.0
tauS_c7	59.0
tauS_c8	60.0
tauS_c9	54.0
tauS_d0	0.0
tauS_dN	100.0
x_c10_dN	1.0
x_c11_c12	1.0
x_c12_c1	1.0
x_c1_dN	1.0
x_c2_dN	1.0
x_c3_c11	1.0
x_c4_c6	1.0
x_c5_dN	1.0
x_c6_c5	1.0
x_c7_c9	1.0
x_c8_c2	1.0
x_c9_c10	1.0
x_d0_c3	1.0
x_d0_c4	1.0
x_d0_c7	1.0
x_d0_c8	1.0
z_c11_c9	1.0
z_c4_c11	1.0
z_c5_dN	1.0
z_c9_c5	1.0
z_d0_c4	1.0
