
Gurobi 6.0.4 (win64) logging started 06/12/15 19:26:52

Read LP format model from file E:\Eigene Dateien\Downloads\Michi shit\VRPTWMS-master\VRPTWMS\instances\mip\fuel\N12-C_DV100-C_SV25_F5_14_No_1.lp
Reading time = 0.02 seconds
(null): 865 rows, 404 columns, 3771 nonzeros
Optimize a model with 865 rows, 404 columns and 3771 nonzeros
Model has 1872 quadratic constraints
WARNING: Only barrier available for SOCP models
Coefficient statistics:
  Matrix range    [1e+00, 1e+02]
  Objective range [1e+00, 1e+03]
  Bounds range    [1e+00, 1e+02]
  RHS range       [1e+00, 1e+02]
Presolve removed 74 rows and 42 columns
Presolve time: 0.13s
Presolved: 3806 rows, 1923 columns, 19594 nonzeros
Variable types: 1454 continuous, 469 integer (406 binary)
Found heuristic solution: objective 12442.320000
Optimize a model with 3806 rows, 1923 columns and 19594 nonzeros
Coefficient statistics:
  Matrix range    [3e-01, 1e+02]
  Objective range [1e+00, 1e+03]
  Bounds range    [1e+00, 1e+02]
  RHS range       [1e+00, 1e+02]

Concurrent LP optimizer: dual simplex and barrier
Showing barrier log only...

Presolve removed 341 rows and 219 columns
Presolved: 3465 rows, 1706 columns, 18057 nonzeros

Root barrier log...

Ordering time: 0.02s

Barrier performed 0 iterations in 0.17 seconds
Barrier solve interrupted - model solved by another algorithm


Solved with dual simplex
Solved in 119 iterations and 0.17 seconds
Optimal objective  1.675359015e+02

Root relaxation: objective 1.675359e+02, 119 iterations, 0.03 seconds

    Nodes    |    Current Node    |     Objective Bounds      |     Work
 Expl Unexpl |  Obj  Depth IntInf | Incumbent    BestBd   Gap | It/Node Time

     0     0  167.53590    0   44 12442.3200  167.53590  98.7%     -    0s
H    0     0                    6290.1900000  167.53590  97.3%     -    0s
     0     0  197.98627    0   70 6290.19000  197.98627  96.9%     -    0s
     0     0  223.92653    0   51 6290.19000  223.92653  96.4%     -    0s
     0     0  225.72473    0   53 6290.19000  225.72473  96.4%     -    0s
     0     0  228.82110    0   46 6290.19000  228.82110  96.4%     -    0s
     0     0  231.01998    0   62 6290.19000  231.01998  96.3%     -    0s
     0     0  234.17143    0   59 6290.19000  234.17143  96.3%     -    0s
     0     0  234.17143    0   62 6290.19000  234.17143  96.3%     -    0s
     0     0  234.17143    0   58 6290.19000  234.17143  96.3%     -    0s
     0     0  234.17143    0   57 6290.19000  234.17143  96.3%     -    0s
     0     0  234.17143    0   50 6290.19000  234.17143  96.3%     -    0s
     0     0  234.17143    0   57 6290.19000  234.17143  96.3%     -    0s
     0     0  234.17143    0   60 6290.19000  234.17143  96.3%     -    0s
     0     0  234.17143    0   60 6290.19000  234.17143  96.3%     -    0s
     0     2  234.17143    0   60 6290.19000  234.17143  96.3%     -    0s
H  259   206                    6285.4300000  738.72784  88.2%  45.6    1s
H  283   205                    5416.4200000  738.72784  86.4%  44.0    1s
H  908   612                    5339.5800000 1102.36133  79.4%  43.5    1s
H 1321   824                    5296.6300000 1175.97050  77.8%  49.9    3s
H 1466   839                    5286.6500000 1175.97050  77.8%  50.6    4s
H 1679   855                    5268.7000000 1191.14971  77.4%  51.7    4s
  2020   953 2245.77386   29   47 5268.70000 1196.93372  77.3%  51.7    5s
H 3056  1232                    4258.4600000 1206.36671  71.7%  47.4    7s
  4481  2099 infeasible   40      4258.46000 1221.28738  71.3%  53.0   10s
H 4653  2154                    4256.0500000 1221.28738  71.3%  53.2   10s
  7854  4052 2240.00203   27   47 4256.05000 1241.72110  70.8%  56.1   15s
 10095  5231 1307.54213   37   43 4256.05000 1256.12007  70.5%  60.4   20s
 12061  6190 2630.99914   30   56 4256.05000 1265.83612  70.3%  63.5   25s
 14622  7310 3042.53446   51   30 4256.05000 1284.75055  69.8%  67.4   30s
 17234  8445 2532.21175   44   57 4256.05000 1299.42679  69.5%  70.2   35s
 19036  9046     cutoff   38      4256.05000 1328.21943  68.8%  72.4   40s
 20643  9624 2340.15540   59   60 4256.05000 1361.33288  68.0%  73.5   51s
 20662  9637 2301.70058   35  120 4256.05000 1361.33288  68.0%  73.4   55s
 20776  9694 2238.75682   46   32 4256.05000 1361.33288  68.0%  73.7   60s
 22475 10161 1361.33288   55   65 4256.05000 1361.33288  68.0%  73.8   65s
 25547 10734 2251.06667   39   46 4256.05000 1361.33288  68.0%  75.1   72s
 27692 11101 3438.11620   69   37 4256.05000 1361.33288  68.0%  75.9   76s
 30123 11395 2337.40521   67   39 4256.05000 1361.33288  68.0%  76.7   81s
 32212 11546 infeasible   49      4256.05000 1361.33288  68.0%  78.4   86s
H32961 11080                    4255.7200000 1361.33288  68.0%  78.9   88s
 33273 11028 1860.01520   52   52 4255.72000 1361.33288  68.0%  79.1   91s
 35094 11030 3492.35186   61   52 4255.72000 1361.33288  68.0%  80.0   95s
 37539 10975 2281.55518   52   49 4255.72000 1393.26591  67.3%  81.2  101s
 39917 11092 infeasible   49      4255.72000 1496.88179  64.8%  82.0  106s
 41705 11134 3355.96533   64   35 4255.72000 1540.87051  63.8%  82.6  110s
 44100 11146 infeasible   69      4255.72000 1668.22475  60.8%  83.3  115s
 47233 11204 3189.33373   49   18 4255.72000 1880.85253  55.8%  84.0  121s
 49766 11991 infeasible   54      4255.72000 2099.21586  50.7%  84.1  126s
 52641 13462 infeasible   43      4255.72000 2167.47482  49.1%  83.6  131s
 55730 15065 2208.19478   66   44 4255.72000 2189.65935  48.5%  82.8  135s
 58676 16514 infeasible   66      4255.72000 2195.79417  48.4%  82.1  140s
 62137 18249 3333.90008   43   30 4255.72000 2199.29570  48.3%  81.4  146s
 64824 19484 2460.92796   55   62 4255.72000 2202.71119  48.2%  81.1  150s
 67820 20783 2296.96628   53   53 4255.72000 2205.12000  48.2%  80.8  156s
 70971 22224     cutoff   75      4255.72000 2207.79697  48.1%  80.4  161s
 73408 23335 3364.78197   62   35 4255.72000 2209.22779  48.1%  80.0  165s
 77083 25236 3322.45440   67   40 4255.72000 2210.94793  48.0%  79.0  170s
 81484 27592 infeasible   69      4255.72000 2212.66531  48.0%  77.6  175s
 83862 28576     cutoff   46      4255.72000 2213.75603  48.0%  77.7  180s
 88174 30872 2341.63389   61   54 4255.72000 2215.15531  47.9%  76.8  185s
 91627 32497 2253.43412   52   51 4255.72000 2216.14004  47.9%  75.9  190s
 93930 33400 2475.80157   69   48 4255.72000 2216.88596  47.9%  76.0  195s
 96890 34561 3344.80355   62   42 4255.72000 2217.85600  47.9%  76.1  200s
 100992 36488 2246.44937   47   56 4255.72000 2218.99171  47.9%  75.4  205s
 103728 37612 infeasible   54      4255.72000 2219.77222  47.8%  75.6  210s
 107196 39237 infeasible   66      4255.72000 2220.65077  47.8%  74.9  215s
 110408 40472 2240.84027   52   60 4255.72000 2221.51045  47.8%  75.2  220s
 113058 41551 2339.91290   51   37 4255.72000 2222.09044  47.8%  75.3  225s
 116359 43168 infeasible   55      4255.72000 2222.71021  47.8%  74.7  231s
 119486 44742 infeasible   84      4255.72000 2223.25284  47.8%  74.2  235s
 121010 45294 3294.96424   60   44 4255.72000 2223.66208  47.7%  74.4  240s
 123380 46151 2291.43180   64   72 4255.72000 2224.14347  47.7%  74.6  245s
 126263 47102 3270.88971   48   48 4255.72000 2224.80010  47.7%  75.0  250s
 128647 48030 3288.34766   63   46 4255.72000 2225.22034  47.7%  75.2  256s
 130533 48724 3260.32512   52   46 4255.72000 2225.60116  47.7%  75.3  261s
 133305 50047 2360.60426   68   61 4255.72000 2225.97969  47.7%  75.1  265s
 136079 51037     cutoff   70      4255.72000 2226.52078  47.7%  75.3  271s
 138269 51905 2290.01107   61   59 4255.72000 2227.00710  47.7%  75.5  275s
 140427 52649 3288.60930   82   45 4255.72000 2227.32987  47.7%  75.7  280s
 143226 53596 2287.98803   46   46 4255.72000 2227.94248  47.6%  76.0  285s
H144717 50740                    3331.6500000 2228.06833  33.1%  75.7  286s
 145850 51319 2311.93833   67   59 3331.65000 2228.33384  33.1%  75.6  290s
 147696 51853 3248.85673   53   48 3331.65000 2228.83022  33.1%  75.7  295s
 150447 52710     cutoff   51      3331.65000 2229.34635  33.1%  75.8  300s
 153248 53575 2268.88645   50   52 3331.65000 2229.99516  33.1%  76.0  305s
 155631 54227 2279.45249   57   49 3331.65000 2230.52609  33.1%  76.1  310s
 158479 55021 infeasible   56      3331.65000 2231.10267  33.0%  76.2  315s
 161214 55788 2405.54304   61   45 3331.65000 2231.70299  33.0%  76.3  320s
 163935 56514     cutoff   45      3331.65000 2232.27029  33.0%  76.4  325s
 166596 57299 2461.19567   67   51 3331.65000 2232.89377  33.0%  76.6  330s
 169287 58036 infeasible   61      3331.65000 2233.35911  33.0%  76.7  335s
 172064 58791     cutoff   74      3331.65000 2233.96766  32.9%  76.8  340s
 174776 59489 2308.20891   46   62 3331.65000 2234.54200  32.9%  76.9  345s
 177440 60163 3278.25549   71   46 3331.65000 2234.95950  32.9%  77.0  350s
 179809 60740 infeasible   60      3331.65000 2235.52276  32.9%  77.1  355s
 182316 61273 3276.62369   59   44 3331.65000 2236.05587  32.9%  77.3  360s
 185345 62002     cutoff   72      3331.65000 2236.67513  32.9%  77.4  365s
 187434 62470 infeasible   53      3331.65000 2237.03324  32.9%  77.5  370s
 190100 63078 infeasible   50      3331.65000 2237.60063  32.8%  77.6  375s
 192546 63674 2266.75699   45   62 3331.65000 2238.03354  32.8%  77.7  380s
 195206 64257 3288.58969   55   39 3331.65000 2238.59038  32.8%  77.8  385s
 197014 64740     cutoff   49      3331.65000 2238.91541  32.8%  77.9  390s
 200079 65501 infeasible   53      3331.65000 2239.53604  32.8%  78.0  395s
 202751 66099 2253.32168   60   68 3331.65000 2240.00823  32.8%  78.1  400s
 205313 66682 3312.52646   57   26 3331.65000 2240.44111  32.8%  78.2  405s
 207881 67275 2317.54036   76   71 3331.65000 2240.89655  32.7%  78.3  410s
 210488 67919 3323.70222   62   35 3331.65000 2241.31633  32.7%  78.4  415s
 213098 68598 2257.46406   41   52 3331.65000 2241.74635  32.7%  78.5  420s
 215633 69201 2349.26808   58   43 3331.65000 2242.15399  32.7%  78.6  425s
 218293 69873     cutoff   61      3331.65000 2242.57280  32.7%  78.7  430s
 219922 70259     cutoff   66      3331.65000 2242.83440  32.7%  78.7  435s
 222140 70744 2760.27407   72   52 3331.65000 2243.15225  32.7%  78.8  441s
 223909 71154 3299.79375   41   31 3331.65000 2243.39213  32.7%  78.9  445s
 226823 71720 2303.93912   73   33 3331.65000 2243.86650  32.6%  79.0  450s
 229042 72161 2299.00383   56   49 3331.65000 2244.22522  32.6%  79.0  455s
 231557 72607 infeasible   44      3331.65000 2244.60480  32.6%  79.1  460s
 234059 73129 3278.99843   59   36 3331.65000 2245.00318  32.6%  79.2  465s
 236977 73802 2282.29883   53   56 3331.65000 2245.38478  32.6%  79.3  470s
 239434 74237     cutoff   52      3331.65000 2245.74221  32.6%  79.4  475s
 242047 74779 3310.02018   44   29 3331.65000 2246.10610  32.6%  79.5  480s
 244599 75378     cutoff   48      3331.65000 2246.49680  32.6%  79.5  485s
 246903 75807 2266.00260   57   39 3331.65000 2246.79373  32.6%  79.6  490s
 249530 76445 3302.71053   47   18 3331.65000 2247.08468  32.6%  79.6  495s
 252055 76987 infeasible   44      3331.65000 2247.46375  32.5%  79.7  500s
 254595 77557 infeasible   58      3331.65000 2247.78104  32.5%  79.8  505s
 257545 78104 infeasible   50      3331.65000 2248.25988  32.5%  79.9  510s
 259973 78550 2264.04485   45   47 3331.65000 2248.57602  32.5%  80.0  515s
 262545 78948 infeasible   52      3331.65000 2249.00704  32.5%  80.0  520s
 264936 79442 2317.68404   51   70 3331.65000 2249.33340  32.5%  80.1  525s
 267454 80044 infeasible   57      3331.65000 2249.67824  32.5%  80.1  530s
 269640 80409     cutoff   51      3331.65000 2249.97072  32.5%  80.2  535s
 272276 80931 2352.54615   82   64 3331.65000 2250.35692  32.5%  80.2  540s
 274807 81351 infeasible   73      3331.65000 2250.68682  32.4%  80.3  545s
 277761 81838 3258.27229   58   28 3331.65000 2251.09726  32.4%  80.4  550s
 280265 82259 3315.14627   54   37 3331.65000 2251.43510  32.4%  80.4  555s
 282802 82689 2426.70412   64   72 3331.65000 2251.81528  32.4%  80.5  560s
 284663 83053 3275.27477   39   19 3331.65000 2252.05748  32.4%  80.5  565s
 287214 83426 3327.00765   70   43 3331.65000 2252.42652  32.4%  80.6  570s
 290136 83948     cutoff   64      3331.65000 2252.79098  32.4%  80.7  575s
 292733 84483 2278.10478   68   50 3331.65000 2253.10687  32.4%  80.7  580s
 295280 85145 2355.62515   65   75 3331.65000 2253.37104  32.4%  80.7  585s
 297932 85597 2339.57469   68   47 3331.65000 2253.69185  32.4%  80.8  590s
 300449 86076 infeasible   60      3331.65000 2254.01261  32.3%  80.8  595s
 302944 86538 infeasible   63      3331.65000 2254.30288  32.3%  80.8  600s
 305223 86956     cutoff   57      3331.65000 2254.58200  32.3%  81.0  605s
 307136 87333     cutoff   50      3331.65000 2254.81778  32.3%  81.0  610s
 310048 87856 2354.41887   74   44 3331.65000 2255.13469  32.3%  81.1  615s
 311694 88164 infeasible   73      3331.65000 2255.34089  32.3%  81.1  620s
 314032 88564     cutoff   60      3331.65000 2255.63136  32.3%  81.2  625s
 316791 89069 2336.03292   55   74 3331.65000 2255.97085  32.3%  81.3  630s
 319158 89462 3281.62776   48   25 3331.65000 2256.26045  32.3%  81.4  635s
 322009 89997     cutoff   56      3331.65000 2256.62574  32.3%  81.4  640s
 324509 90471 2488.96022   59   51 3331.65000 2256.91627  32.3%  81.4  645s
 327025 90875 3255.15220   49   47 3331.65000 2257.22519  32.2%  81.5  650s
 329392 91220 infeasible   66      3331.65000 2257.54537  32.2%  81.5  655s
 331805 91562 2386.23430   61   65 3331.65000 2257.85270  32.2%  81.6  660s
 334025 91819     cutoff   59      3331.65000 2258.16303  32.2%  81.7  665s
 336765 92251 infeasible   52      3331.65000 2258.54195  32.2%  81.8  671s
 338516 92441 3263.71698   38   44 3331.65000 2258.75536  32.2%  81.8  675s
 340932 92831     cutoff   41      3331.65000 2259.07623  32.2%  81.9  680s
 343272 93152 2269.74740   48   50 3331.65000 2259.36108  32.2%  81.9  685s
 346126 93641 3293.62327   58   25 3331.65000 2259.72480  32.2%  82.0  690s
 348567 94039 infeasible   58      3331.65000 2260.04180  32.2%  82.0  695s
 350470 94303 2313.16465   52   39 3331.65000 2260.25274  32.2%  82.0  700s
 353224 94668 infeasible   79      3331.65000 2260.57770  32.1%  82.1  705s
 355607 94936 infeasible   81      3331.65000 2260.96432  32.1%  82.2  710s
 357888 95198 2339.18049   54   64 3331.65000 2261.23301  32.1%  82.2  715s
 360467 95610     cutoff   57      3331.65000 2261.49391  32.1%  82.2  720s
 362577 95924 2305.29833   61   62 3331.65000 2261.71553  32.1%  82.3  725s
 364633 96240 3266.29353   57   34 3331.65000 2261.98691  32.1%  82.3  730s
 367371 96674 2567.74168   59   61 3331.65000 2262.30621  32.1%  82.3  735s
 369833 97085 infeasible   57      3331.65000 2262.57842  32.1%  82.4  740s
 371794 97390 2345.56933   69   66 3331.65000 2262.81219  32.1%  82.4  745s
 374251 97766 3289.86533   51   46 3331.65000 2263.08164  32.1%  82.4  750s
 376742 98235 2296.51177   67   46 3331.65000 2263.31460  32.1%  82.4  755s
 379156 98586 3296.19570   55   37 3331.65000 2263.63495  32.1%  82.5  760s
 381533 98857 2371.77093   64   62 3331.65000 2263.93264  32.0%  82.5  765s
 383924 99166     cutoff   80      3331.65000 2264.21045  32.0%  82.6  770s
 386227 99530     cutoff   60      3331.65000 2264.46638  32.0%  82.6  775s
 388668 99872 infeasible   48      3331.65000 2264.74667  32.0%  82.6  780s
 390262 100091 2815.81048   69   89 3331.65000 2264.92916  32.0%  82.7  785s
 393101 100494 2316.27443   58   62 3331.65000 2265.27138  32.0%  82.7  790s
 394885 100768     cutoff   61      3331.65000 2265.44488  32.0%  82.7  795s
 397685 101064 2351.04920   75   62 3331.65000 2265.72542  32.0%  82.8  800s
 399986 101272 infeasible   61      3331.65000 2266.02755  32.0%  82.9  805s
 402562 101655 2285.47979   65   32 3331.65000 2266.29738  32.0%  82.9  810s
 405481 101916     cutoff   58      3331.65000 2266.65903  32.0%  82.9  815s
 407973 102287 2341.48206   64   76 3331.65000 2266.91320  32.0%  82.9  820s
 410343 102506     cutoff   71      3331.65000 2267.18042  32.0%  83.0  825s
 412610 102747 2293.27914   65   41 3331.65000 2267.41786  31.9%  83.0  830s
 414932 103118 2290.29066   67   65 3331.65000 2267.64889  31.9%  83.0  835s
 417276 103297     cutoff   68      3331.65000 2267.93807  31.9%  83.1  840s
 419733 103572 infeasible   78      3331.65000 2268.22400  31.9%  83.1  845s
 422081 103798     cutoff   59      3331.65000 2268.47659  31.9%  83.1  850s
 424894 104103 infeasible   61      3331.65000 2268.80331  31.9%  83.2  855s
 426542 104232     cutoff   56      3331.65000 2268.96929  31.9%  83.2  860s
 428955 104562 2438.51041   54   73 3331.65000 2269.23733  31.9%  83.2  865s
 431746 104856     cutoff   60      3331.65000 2269.52900  31.9%  83.3  870s
 434207 105124 2284.81827   69   44 3331.65000 2269.76959  31.9%  83.3  875s
 437062 105424 2443.80359   44   70 3331.65000 2270.10000  31.9%  83.3  880s
 439764 105724     cutoff   68      3331.65000 2270.39067  31.9%  83.4  885s
 442063 105917 3312.57943   69   45 3331.65000 2270.65040  31.8%  83.4  890s
 444837 106187 2315.94729   71   52 3331.65000 2270.94348  31.8%  83.5  895s
 447276 106465 2361.97888   65   65 3331.65000 2271.22564  31.8%  83.5  900s
 449620 106642     cutoff   67      3331.65000 2271.49789  31.8%  83.5  905s
 452370 106927 infeasible   54      3331.65000 2271.80372  31.8%  83.6  910s
 454035 107162 2273.20829   51   55 3331.65000 2272.00311  31.8%  83.6  915s
 456356 107377 infeasible   64      3331.65000 2272.26158  31.8%  83.6  920s
 459129 107638 2336.37438   63   78 3331.65000 2272.52643  31.8%  83.6  925s
 461778 107822 2298.15920   77   63 3331.65000 2272.82186  31.8%  83.7  930s
 464102 108111     cutoff   52      3331.65000 2273.09538  31.8%  83.7  935s
 466947 108417 2275.79782   45   48 3331.65000 2273.40335  31.8%  83.7  940s
 469339 108643 2367.28107   66   57 3331.65000 2273.66826  31.8%  83.8  945s
 472100 108909 2321.21720   59   66 3331.65000 2273.92789  31.7%  83.8  950s
 474377 109099     cutoff   50      3331.65000 2274.19009  31.7%  83.8  955s
 477211 109369     cutoff   73      3331.65000 2274.47888  31.7%  83.9  960s
 479459 109540 3288.96871   59   32 3331.65000 2274.74772  31.7%  83.9  965s
 481514 109797 infeasible   52      3331.65000 2274.94316  31.7%  83.9  970s
 483888 110088     cutoff   76      3331.65000 2275.19610  31.7%  83.9  975s
 486541 110342 2324.89103   64   61 3331.65000 2275.43351  31.7%  84.0  980s
 489229 110565     cutoff   76      3331.65000 2275.72808  31.7%  84.0  985s
 490860 110606     cutoff   53      3331.65000 2275.91141  31.7%  84.1  990s
 493541 110872 3297.15077   48   38 3331.65000 2276.19011  31.7%  84.1  995s
 496226 111029 2449.19418   42   75 3331.65000 2276.48188  31.7%  84.1 1000s
 498520 111152 infeasible   58      3331.65000 2276.73990  31.7%  84.2 1005s
 500847 111383     cutoff   58      3331.65000 2276.96044  31.7%  84.2 1010s
 503592 111611     cutoff   58      3331.65000 2277.25616  31.6%  84.2 1015s
 505663 111812 infeasible   65      3331.65000 2277.46885  31.6%  84.3 1020s
 508001 111969     cutoff   61      3331.65000 2277.73700  31.6%  84.3 1025s
 510315 112200 3282.30787   52   39 3331.65000 2277.97578  31.6%  84.3 1030s
 512357 112262     cutoff   51      3331.65000 2278.19186  31.6%  84.4 1035s
 515000 112482     cutoff   49      3331.65000 2278.50377  31.6%  84.4 1040s
 517412 112711 2314.66091   54   52 3331.65000 2278.72553  31.6%  84.4 1045s
 520037 112883     cutoff   59      3331.65000 2279.01427  31.6%  84.5 1050s
 522284 112974 infeasible   59      3331.65000 2279.26221  31.6%  84.5 1055s
 524494 113076     cutoff   53      3331.65000 2279.50647  31.6%  84.6 1060s
 527229 113240     cutoff   57      3331.65000 2279.80498  31.6%  84.6 1065s
 528887 113356 2285.17108   49   75 3331.65000 2279.98952  31.6%  84.6 1070s
 531633 113457 2553.89154   58   64 3331.65000 2280.25459  31.6%  84.6 1075s
 533659 113597     cutoff   49      3331.65000 2280.49623  31.6%  84.7 1080s
 535877 113734 3290.98776   44   27 3331.65000 2280.74145  31.5%  84.7 1085s
 538622 113833 2309.83561   53   34 3331.65000 2281.04168  31.5%  84.7 1090s
 540870 113875 3282.41394   57   51 3331.65000 2281.28673  31.5%  84.8 1095s
 543354 113887     cutoff   57      3331.65000 2281.55953  31.5%  84.8 1100s
 545579 113994 2479.70476   62   75 3331.65000 2281.78323  31.5%  84.9 1105s
 547786 114159 infeasible   54      3331.65000 2281.98502  31.5%  84.9 1110s
 550358 114267 infeasible   58      3331.65000 2282.28981  31.5%  84.9 1115s
 552664 114338 2602.21546   56   68 3331.65000 2282.54386  31.5%  85.0 1120s
 554669 114369 3317.90210   67   26 3331.65000 2282.74569  31.5%  85.0 1125s
 557327 114501 infeasible   63      3331.65000 2283.00924  31.5%  85.0 1130s
 559582 114586 3318.41218   48   66 3331.65000 2283.26452  31.5%  85.1 1135s
 562233 114677 2409.52545   63   40 3331.65000 2283.57069  31.5%  85.1 1140s
 564496 114769 2336.65623   67   62 3331.65000 2283.79726  31.5%  85.1 1145s
 567243 114893     cutoff   47      3331.65000 2284.10265  31.4%  85.2 1150s
 569618 114982 2395.08728   69   61 3331.65000 2284.34340  31.4%  85.2 1155s
 572142 115078     cutoff   70      3331.65000 2284.57698  31.4%  85.2 1160s
 574402 115170 2373.74719   56   49 3331.65000 2284.79923  31.4%  85.3 1165s
 576703 115212     cutoff   69      3331.65000 2285.04554  31.4%  85.3 1170s
 578732 115176 2322.07085   68   49 3331.65000 2285.26026  31.4%  85.3 1175s
 581044 115158 infeasible   74      3331.65000 2285.53818  31.4%  85.3 1180s
 583641 115083     cutoff   58      3331.65000 2285.84093  31.4%  85.4 1185s
 586386 115144 2359.46214   70   77 3331.65000 2286.13663  31.4%  85.4 1190s
 588734 115203 infeasible   59      3331.65000 2286.37453  31.4%  85.4 1195s
 591447 115264 3282.25447   57   25 3331.65000 2286.69110  31.4%  85.5 1201s
 593432 115291     cutoff   65      3331.65000 2286.89749  31.4%  85.5 1205s
 595706 115388 3279.16792   61   33 3331.65000 2287.11804  31.4%  85.5 1210s
 598340 115355 2411.22131   59   60 3331.65000 2287.38730  31.3%  85.6 1215s
 600174 115350 2308.64711   67   52 3331.65000 2287.59068  31.3%  85.6 1220s
 602452 115350 3300.98814   61   45 3331.65000 2287.85414  31.3%  85.6 1225s
 604652 115418 3268.94593   51   23 3331.65000 2288.06739  31.3%  85.7 1230s
 606782 115505     cutoff   67      3331.65000 2288.27964  31.3%  85.7 1235s
 608337 115532 2326.42588   41   51 3331.65000 2288.45241  31.3%  85.7 1240s
 610453 115610 infeasible   59      3331.65000 2288.69454  31.3%  85.7 1245s
 612618 115676     cutoff   60      3331.65000 2288.93835  31.3%  85.8 1250s
 615216 115631     cutoff   79      3331.65000 2289.19865  31.3%  85.8 1255s
 617437 115607 2334.40902   67   84 3331.65000 2289.41141  31.3%  85.8 1260s
 619634 115606 infeasible   71      3331.65000 2289.65145  31.3%  85.9 1265s
 621681 115626 3312.34982   71   29 3331.65000 2289.85536  31.3%  85.9 1270s
 624264 115533 2332.21548   54   42 3331.65000 2290.15040  31.3%  85.9 1275s
 626434 115488 infeasible   67      3331.65000 2290.40208  31.3%  86.0 1280s
 629118 115478 infeasible   44      3331.65000 2290.68310  31.2%  86.0 1285s
 631623 115419 2328.61836   80   68 3331.65000 2290.97037  31.2%  86.0 1290s
 633899 115338 2598.81103   46   66 3331.65000 2291.22854  31.2%  86.1 1295s
 636290 115276 infeasible   50      3331.65000 2291.48976  31.2%  86.1 1300s
 638794 115235 2317.70644   71   76 3331.65000 2291.81234  31.2%  86.1 1305s
 641168 115230 2326.90465   75   51 3331.65000 2292.12352  31.2%  86.2 1310s
 643034 115166 2592.98330   53   80 3331.65000 2292.31534  31.2%  86.2 1315s
 645615 115008     cutoff   71      3331.65000 2292.63516  31.2%  86.2 1320s
 648235 114914 2310.06076   62   45 3331.65000 2292.92707  31.2%  86.3 1325s
 650526 114835 2308.35830   78   59 3331.65000 2293.22165  31.2%  86.3 1330s
 652843 114818     cutoff   58      3331.65000 2293.46089  31.2%  86.3 1335s
 655432 114850 3313.51836   50   36 3331.65000 2293.71124  31.2%  86.3 1340s
 657699 114841 2328.10339   60   42 3331.65000 2294.00209  31.1%  86.4 1345s
 660144 114724     cutoff   72      3331.65000 2294.28193  31.1%  86.4 1350s
 662298 114675 infeasible   51      3331.65000 2294.53713  31.1%  86.4 1355s
 664740 114539     cutoff   61      3331.65000 2294.80899  31.1%  86.5 1360s
 667312 114441     cutoff   71      3331.65000 2295.10384  31.1%  86.5 1366s
 668798 114302     cutoff   64      3331.65000 2295.29727  31.1%  86.5 1370s
 671059 114236 infeasible   63      3331.65000 2295.54053  31.1%  86.5 1375s
 673535 114132 3300.37370   57   51 3331.65000 2295.83064  31.1%  86.6 1380s
 676200 113999 infeasible   64      3331.65000 2296.10758  31.1%  86.6 1385s
 678348 113858 3328.56400   57   40 3331.65000 2296.37673  31.1%  86.6 1390s
 680962 113747 2308.70943   61   46 3331.65000 2296.65854  31.1%  86.7 1395s
 682935 113643 2343.96872   65   44 3331.65000 2296.87923  31.1%  86.7 1400s
 685505 113523 2319.48201   55   51 3331.65000 2297.18138  31.0%  86.7 1405s
 688130 113415 2300.36565   66   65 3331.65000 2297.49457  31.0%  86.8 1410s
 690288 113302 3328.53563   68   22 3331.65000 2297.77883  31.0%  86.8 1415s
 692608 113188 3295.45705   59   42 3331.65000 2298.05822  31.0%  86.8 1420s
 695062 113060     cutoff   79      3331.65000 2298.34885  31.0%  86.9 1425s
 697547 112927     cutoff   77      3331.65000 2298.64073  31.0%  86.9 1430s
 699796 112881     cutoff   62      3331.65000 2298.91019  31.0%  86.9 1435s
 701756 112765 2715.09457   55   63 3331.65000 2299.15637  31.0%  86.9 1440s
 704233 112582     cutoff   69      3331.65000 2299.47925  31.0%  87.0 1445s
 706415 112418 3307.52353   76   42 3331.65000 2299.78740  31.0%  87.0 1450s
 708931 112268     cutoff   52      3331.65000 2300.09539  31.0%  87.0 1455s
 711458 112205 infeasible   66      3331.65000 2300.36004  31.0%  87.0 1460s
 713962 111979 2321.27248   56   66 3331.65000 2300.69428  30.9%  87.1 1465s
 716195 111828 2378.46908   65   65 3331.65000 2300.98856  30.9%  87.1 1470s
 718574 111682     cutoff   63      3331.65000 2301.30071  30.9%  87.1 1475s
 721062 111565 2314.53817   89   66 3331.65000 2301.59881  30.9%  87.2 1481s
 722926 111339 infeasible   62      3331.65000 2301.85337  30.9%  87.2 1485s
 725456 111125 2438.85979   58   57 3331.65000 2302.19695  30.9%  87.2 1490s
 727956 110874 2363.27947   76   60 3331.65000 2302.56209  30.9%  87.3 1495s
 730305 110653 infeasible   51      3331.65000 2302.90218  30.9%  87.3 1500s
 732376 110468     cutoff   62      3331.65000 2303.18746  30.9%  87.3 1505s
 734249 110329 2323.71647   56   50 3331.65000 2303.44148  30.9%  87.4 1510s
 736656 110105 2341.44575   60   73 3331.65000 2303.75258  30.9%  87.4 1515s
 739111 109848     cutoff   82      3331.65000 2304.09351  30.8%  87.4 1520s
 741507 109607 2347.39424   75   68 3331.65000 2304.42131  30.8%  87.5 1525s
 743909 109378     cutoff   64      3331.65000 2304.81259  30.8%  87.5 1530s
 746180 109132     cutoff   63      3331.65000 2305.12517  30.8%  87.5 1535s
 748608 108863 2521.90008   70   59 3331.65000 2305.47952  30.8%  87.6 1540s
 751012 108586     cutoff   73      3331.65000 2305.84909  30.8%  87.6 1545s
 752894 108347 2511.77181   50   51 3331.65000 2306.13153  30.8%  87.6 1550s
 755382 108115 2348.84667   56   41 3331.65000 2306.47956  30.8%  87.6 1555s
 757921 107954     cutoff   69      3331.65000 2306.80582  30.8%  87.7 1560s
 760320 107678 2365.12987   68   49 3331.65000 2307.14606  30.8%  87.7 1565s
 762830 107486     cutoff   68      3331.65000 2307.50355  30.7%  87.7 1570s
 764727 107233 3313.42552   62   15 3331.65000 2307.80025  30.7%  87.7 1575s
 766511 107048 3328.49939   49   37 3331.65000 2308.07935  30.7%  87.8 1580s
 769013 106762     cutoff   76      3331.65000 2308.45983  30.7%  87.8 1585s
 771031 106416 3319.79240   45   15 3331.65000 2308.79280  30.7%  87.8 1590s
 773275 106058     cutoff   77      3331.65000 2309.19350  30.7%  87.9 1595s
 775635 105757     cutoff   53      3331.65000 2309.57016  30.7%  87.9 1600s
 777992 105452 2329.03939   61   48 3331.65000 2309.90771  30.7%  87.9 1605s
 780041 105201 infeasible   49      3331.65000 2310.24071  30.7%  88.0 1610s
 782440 104914 infeasible   53      3331.65000 2310.58926  30.6%  88.0 1615s
 784944 104708     cutoff   55      3331.65000 2310.93763  30.6%  88.0 1620s
 786976 104528 2340.84666   72   66 3331.65000 2311.21173  30.6%  88.0 1625s
 788953 104178 infeasible   65      3331.65000 2311.51865  30.6%  88.0 1630s
 791252 103867     cutoff   69      3331.65000 2311.90428  30.6%  88.1 1635s
 793766 103418 infeasible   66      3331.65000 2312.35136  30.6%  88.1 1640s
 796155 103140     cutoff   66      3331.65000 2312.75433  30.6%  88.1 1645s
 798389 102832 infeasible   67      3331.65000 2313.14383  30.6%  88.2 1650s
 800974 102410 2384.06432   65   61 3331.65000 2313.59769  30.6%  88.2 1655s
 803165 102109 3320.52598   57   29 3331.65000 2313.96786  30.5%  88.3 1660s
 805070 101884     cutoff   64      3331.65000 2314.27816  30.5%  88.3 1665s
 807418 101652 infeasible   61      3331.65000 2314.61343  30.5%  88.3 1670s
 808966 101309 infeasible   76      3331.65000 2314.91309  30.5%  88.3 1675s
 811207 100972     cutoff   72      3331.65000 2315.29006  30.5%  88.4 1680s
 813535 100655 2345.46455   52   59 3331.65000 2315.72709  30.5%  88.4 1685s
 815787 100274 2525.25766   49   60 3331.65000 2316.13765  30.5%  88.4 1690s
 818285 99864     cutoff   66      3331.65000 2316.59962  30.5%  88.5 1695s
 820427 99467 infeasible   50      3331.65000 2317.02903  30.5%  88.5 1700s
 822627 99098 2329.11432   61   63 3331.65000 2317.46088  30.4%  88.5 1705s
 824771 98743 infeasible   53      3331.65000 2317.91002  30.4%  88.5 1710s
 827001 98494 2736.93663   50   65 3331.65000 2318.31596  30.4%  88.6 1715s
 828780 98241 2324.85841   81   82 3331.65000 2318.69989  30.4%  88.6 1720s
 830610 97821 2368.20739   80   71 3331.65000 2319.07817  30.4%  88.6 1725s
 833203 97361 3311.33665   64   64 3331.65000 2319.63046  30.4%  88.7 1730s
 835186 96922     cutoff   67      3331.65000 2320.09610  30.4%  88.7 1735s
 837625 96448     cutoff   92      3331.65000 2320.60549  30.3%  88.7 1740s
 839739 96033 2685.19168   57   62 3331.65000 2321.08245  30.3%  88.8 1745s
 842014 95522     cutoff   55      3331.65000 2321.64954  30.3%  88.8 1750s
 844057 95078 infeasible   57      3331.65000 2322.10695  30.3%  88.8 1755s
 846140 94683     cutoff   65      3331.65000 2322.57303  30.3%  88.9 1760s
 848444 94195     cutoff   78      3331.65000 2323.12019  30.3%  88.9 1765s
 850397 93739     cutoff   73      3331.65000 2323.62535  30.3%  88.9 1770s
 852733 93252 2561.22587   62   52 3331.65000 2324.16143  30.2%  89.0 1775s
 854653 92815     cutoff   69      3331.65000 2324.65187  30.2%  89.0 1780s
 856570 92379 infeasible   46      3331.65000 2325.11787  30.2%  89.0 1785s
 858583 91921 2331.93781   64   52 3331.65000 2325.60827  30.2%  89.1 1790s
 860452 91512     cutoff   63      3331.65000 2326.10064  30.2%  89.1 1795s
 862549 91018 2566.11736   68   77 3331.65000 2326.69241  30.2%  89.1 1800s
 864703 90501 3287.55132   62   54 3331.65000 2327.28247  30.1%  89.2 1805s
 866601 90015     cutoff   59      3331.65000 2327.78504  30.1%  89.2 1810s
 868357 89581     cutoff   79      3331.65000 2328.27358  30.1%  89.2 1815s
 870521 89083 3313.23545   87   43 3331.65000 2328.88304  30.1%  89.3 1820s
 872729 88569     cutoff   74      3331.65000 2329.55265  30.1%  89.3 1825s
 874142 88223 2404.66058   78   59 3331.65000 2330.00022  30.1%  89.3 1830s
 876376 87675     cutoff   70      3331.65000 2330.61868  30.0%  89.4 1835s
 878224 87233 2491.53377   66   85 3331.65000 2331.24793  30.0%  89.4 1840s
 880236 86700     cutoff   52      3331.65000 2332.00681  30.0%  89.4 1845s
 882427 86071 3305.34384   56   30 3331.65000 2332.88392  30.0%  89.5 1850s
 884288 85474 3306.52077   57   28 3331.65000 2333.67397  30.0%  89.5 1855s
 886200 84901     cutoff   61      3331.65000 2334.46842  29.9%  89.5 1860s
 887907 84521     cutoff   67      3331.65000 2335.22183  29.9%  89.6 1865s
 889459 84049     cutoff   67      3331.65000 2335.81527  29.9%  89.6 1870s
 891421 83491 2336.71590   61   39 3331.65000 2336.71590  29.9%  89.6 1875s
 893431 82864     cutoff   76      3331.65000 2337.77095  29.8%  89.6 1880s
 895510 82217 2338.94159   68   55 3331.65000 2338.83030  29.8%  89.7 1885s
 897468 81657 2378.93779   87   64 3331.65000 2339.80842  29.8%  89.7 1890s
 899559 81004     cutoff   70      3331.65000 2340.96413  29.7%  89.7 1895s
 901676 80390     cutoff   78      3331.65000 2342.15924  29.7%  89.8 1900s
 903624 79812     cutoff   69      3331.65000 2343.24969  29.7%  89.8 1905s
 905373 79353 2346.19044   70   48 3331.65000 2344.16862  29.6%  89.8 1910s
 907243 78762     cutoff   69      3331.65000 2345.34383  29.6%  89.8 1915s
 908888 78259 2381.21578   58   84 3331.65000 2346.51852  29.6%  89.8 1920s
 910643 77773     cutoff   75      3331.65000 2347.66123  29.5%  89.9 1925s
 912294 77294     cutoff   47      3331.65000 2348.93327  29.5%  89.9 1930s
 914344 76766 2452.33947   66   82 3331.65000 2350.57126  29.4%  89.9 1935s
 916252 76310     cutoff   56      3331.65000 2352.26503  29.4%  89.9 1941s
 917573 75865     cutoff   70      3331.65000 2353.43830  29.4%  89.9 1945s
 919567 75214 2459.01505   54   55 3331.65000 2355.69890  29.3%  90.0 1950s
 921553 74698 2361.87765   57   57 3331.65000 2357.85886  29.2%  90.0 1955s
 923870 74082     cutoff   74      3331.65000 2360.44051  29.2%  90.0 1960s
 925801 73521     cutoff   80      3331.65000 2363.22708  29.1%  90.0 1965s
 927815 73008     cutoff   68      3331.65000 2366.23264  29.0%  90.0 1970s
 930065 72452 2376.94030   69   48 3331.65000 2370.19870  28.9%  90.0 1975s
 932219 71952 2429.66297   57   58 3331.65000 2374.19403  28.7%  90.0 1980s
 934210 71596 2383.85929   48   56 3331.65000 2378.21581  28.6%  90.0 1985s
 936433 71127     cutoff   60      3331.65000 2383.47581  28.5%  90.0 1990s
 938550 70748 3242.36867   43   15 3331.65000 2388.96985  28.3%  90.0 1995s
 940368 70464     cutoff   64      3331.65000 2394.35483  28.1%  90.0 2000s
 942759 70150 3235.97442   49   25 3331.65000 2401.48447  27.9%  90.0 2005s
 944520 69944 2407.02256   58   55 3331.65000 2407.02256  27.8%  90.0 2010s
 946967 69856     cutoff   73      3331.65000 2415.05783  27.5%  90.0 2015s
 948546 69715     cutoff   86      3331.65000 2421.12413  27.3%  90.0 2020s
 950696 69453 2435.65887   51   64 3331.65000 2430.58260  27.0%  90.0 2025s
 953100 69270 infeasible   57      3331.65000 2440.70395  26.7%  89.9 2030s
 955165 69042 3231.23463   48   26 3331.65000 2451.06022  26.4%  89.9 2035s
 957468 68886 2458.01422   51   39 3331.65000 2458.01422  26.2%  89.9 2040s
 960091 68587 2474.33821   61   70 3331.65000 2474.33821  25.7%  89.9 2045s
 962433 68348 3295.22397   68   56 3331.65000 2487.48434  25.3%  89.9 2050s
 964778 68158 3239.56282   56   42 3331.65000 2500.90983  24.9%  89.9 2055s
 967130 67937 2528.98009   43   24 3331.65000 2515.44983  24.5%  89.8 2060s
 969690 67894 2529.09269   52   28 3331.65000 2529.09269  24.1%  89.8 2065s
 972030 67686 2793.16706   68   71 3331.65000 2544.23163  23.6%  89.8 2070s
 974249 67440 3260.96274   64   44 3331.65000 2560.47262  23.1%  89.8 2075s
 976886 67343     cutoff   76      3331.65000 2580.92069  22.5%  89.8 2080s
 979480 67089 3304.47375   55   25 3331.65000 2604.07273  21.8%  89.7 2085s
 982084 66765 infeasible   54      3331.65000 2629.71067  21.1%  89.7 2090s
 984700 66356 2650.27946   59   38 3331.65000 2650.27946  20.5%  89.7 2095s
 986491 66132 2724.95013   44   27 3331.65000 2691.38462  19.2%  89.6 2100s
 988835 66022 2715.10493   47   37 3331.65000 2715.10493  18.5%  89.6 2105s
 991391 65611 3305.63852   60   52 3331.65000 2754.46505  17.3%  89.6 2110s
 993855 65510 2779.74977   49   18 3331.65000 2779.64823  16.6%  89.6 2115s
 996273 65410 3229.08117   49   38 3331.65000 2805.76021  15.8%  89.5 2120s
 998974 65250 3315.26044   46   65 3331.65000 2835.43644  14.9%  89.5 2125s
 1001007 64981 3327.98561   78   42 3331.65000 2869.11404  13.9%  89.5 2130s
 1003271 64714     cutoff   74      3331.65000 2910.45701  12.6%  89.5 2135s
 1005742 64467 3255.90700   66   21 3331.65000 2949.58769  11.5%  89.5 2140s
 1008024 64278 3296.04855   61   54 3331.65000 2984.37134  10.4%  89.4 2145s
 1010517 64010 3264.09401   77   61 3331.65000 3020.25394  9.35%  89.4 2150s
 1013089 63891 infeasible   79      3331.65000 3049.25291  8.48%  89.4 2155s
 1015937 63937 3224.60679   69   33 3331.65000 3072.09525  7.79%  89.3 2161s
 1018083 63899 3242.36099   66   39 3331.65000 3091.51556  7.21%  89.3 2165s
 1021120 64060 infeasible   63      3331.65000 3111.08165  6.62%  89.3 2170s
 1023139 64049 3306.07777   50   23 3331.65000 3125.25001  6.20%  89.3 2175s
 1026086 64157 3257.59981   58   53 3331.65000 3144.08983  5.63%  89.3 2180s
 1028594 64209 3298.55619   57   47 3331.65000 3156.95329  5.24%  89.3 2185s
 1031165 64313 3257.31794   62   25 3331.65000 3168.74635  4.89%  89.2 2190s
 1033761 64442 3326.61231   52   28 3331.65000 3179.12716  4.58%  89.2 2195s
 1035768 64522     cutoff   60      3331.65000 3186.10594  4.37%  89.2 2200s
 1038211 64697 3267.13163   50   33 3331.65000 3192.64389  4.17%  89.2 2205s
 1041022 65017 3221.90649   50   44 3331.65000 3199.07753  3.98%  89.1 2210s
 1044419 65395 3266.17286   51   33 3331.65000 3204.13003  3.83%  89.1 2215s
 1047124 65732 infeasible   62      3331.65000 3207.35948  3.73%  89.1 2220s
 1049708 65929 3254.19189   56   56 3331.65000 3210.08987  3.65%  89.1 2225s
 1051478 65995 infeasible   61      3331.65000 3212.14978  3.59%  89.1 2230s
 1054169 66297 infeasible   61      3331.65000 3213.73110  3.54%  89.1 2235s
 1056212 66478 3253.16270   54   31 3331.65000 3215.49580  3.49%  89.1 2240s
 1058777 66704 infeasible   64      3331.65000 3217.16813  3.44%  89.1 2245s
 1061244 66818 infeasible   66      3331.65000 3218.71027  3.39%  89.1 2250s
 1063595 66845 3287.45597   51   37 3331.65000 3220.43616  3.34%  89.1 2255s
 1065671 67003     cutoff   59      3331.65000 3221.60842  3.30%  89.1 2260s
 1067774 67217 3232.26943   61   37 3331.65000 3222.68338  3.27%  89.1 2265s
 1070543 67317 3225.11685   44   25 3331.65000 3224.21173  3.22%  89.2 2270s
 1072649 67447     cutoff   66      3331.65000 3225.17000  3.20%  89.2 2275s
 1075364 67523 3252.09056   56   25 3331.65000 3226.57126  3.15%  89.2 2280s
 1077761 67419 3238.50548   49   12 3331.65000 3227.74417  3.12%  89.2 2285s
 1080579 67539 infeasible   49      3331.65000 3228.98092  3.08%  89.2 2290s
 1083244 67574 3230.44871   54   28 3331.65000 3230.14467  3.05%  89.2 2295s
 1085076 67697 infeasible   62      3331.65000 3230.81569  3.03%  89.2 2300s
 1087749 67685 3264.53495   52   44 3331.65000 3231.73124  3.00%  89.2 2305s
 1089995 67740     cutoff   54      3331.65000 3232.46455  2.98%  89.3 2310s
 1092246 67844 3237.52086   54   37 3331.65000 3233.15919  2.96%  89.3 2315s
 1094441 67917 3320.28087   62   51 3331.65000 3233.84685  2.94%  89.3 2320s
 1096662 67982 3249.26500   49   30 3331.65000 3234.50057  2.92%  89.3 2325s
 1099032 68077 3241.74657   46   41 3331.65000 3235.28544  2.89%  89.3 2330s
 1101481 68087 3249.30773   44   20 3331.65000 3236.06250  2.87%  89.3 2335s
 1102958 68115 3236.53589   56   26 3331.65000 3236.53589  2.85%  89.3 2340s
 1105249 68211 3285.28041   59   36 3331.65000 3237.22171  2.83%  89.3 2345s
 1107824 68219 infeasible   57      3331.65000 3237.86603  2.81%  89.3 2350s
 1109519 68242 infeasible   58      3331.65000 3238.39724  2.80%  89.3 2355s
 1112144 68255 infeasible   72      3331.65000 3239.07782  2.78%  89.3 2360s
 1114476 68370 3274.44417   51   56 3331.65000 3239.60879  2.76%  89.3 2365s
 1116523 68368 3291.99745   70   46 3331.65000 3240.20102  2.74%  89.3 2370s
 1118369 68276 infeasible   58      3331.65000 3240.70749  2.73%  89.3 2375s
 1120947 68350 3253.73809   64   20 3331.65000 3241.32745  2.71%  89.3 2381s
 1122363 68288 infeasible   62      3331.65000 3241.72647  2.70%  89.3 2385s
 1124441 68258 infeasible   51      3331.65000 3242.20031  2.68%  89.3 2390s
 1126679 68333 3283.55304   59   44 3331.65000 3242.67794  2.67%  89.3 2395s
 1128814 68277     cutoff   60      3331.65000 3243.15897  2.66%  89.3 2400s
 1130747 68212 3254.40568   54   44 3331.65000 3243.66441  2.64%  89.3 2405s
 1133127 68132 3245.23578   65   49 3331.65000 3244.18936  2.63%  89.4 2410s
 1135527 68151 3304.34209   53   41 3331.65000 3244.76955  2.61%  89.4 2415s
 1137490 68109 3245.71137   58   29 3331.65000 3245.20710  2.59%  89.4 2420s
 1139200 68004 infeasible   62      3331.65000 3245.65433  2.58%  89.4 2425s
 1141273 67972     cutoff   67      3331.65000 3246.09818  2.57%  89.4 2430s
 1143253 67957 infeasible   56      3331.65000 3246.53250  2.55%  89.4 2435s
 1144836 67937 infeasible   69      3331.65000 3246.88165  2.54%  89.4 2440s
 1146807 67905 infeasible   59      3331.65000 3247.30289  2.53%  89.4 2445s
 1148741 67845 3266.36421   61   62 3331.65000 3247.77182  2.52%  89.4 2450s
 1150592 67688 3253.98309   47   33 3331.65000 3248.18000  2.51%  89.4 2455s
 1153263 67479 infeasible   61      3331.65000 3248.75189  2.49%  89.5 2460s
 1155428 67319     cutoff   76      3331.65000 3249.23066  2.47%  89.5 2465s
 1157809 67287 3262.14707   46   49 3331.65000 3249.68445  2.46%  89.5 2470s
 1159978 67154 3326.30146   52   47 3331.65000 3250.10789  2.45%  89.5 2475s
 1161810 67084 infeasible   49      3331.65000 3250.47000  2.44%  89.5 2480s
 1163980 66971 3254.98924   62   36 3331.65000 3250.92162  2.42%  89.5 2485s
 1166464 66786 infeasible   65      3331.65000 3251.45907  2.41%  89.5 2490s
 1167953 66758 3251.68646   64   45 3331.65000 3251.68646  2.40%  89.5 2495s
 1170111 66577 infeasible   61      3331.65000 3252.13507  2.39%  89.6 2500s
 1171713 66533 infeasible   64      3331.65000 3252.45070  2.38%  89.6 2505s
 1173905 66419 3255.57761   57   16 3331.65000 3252.89254  2.36%  89.6 2510s
 1176231 66390 3282.59941   50   24 3331.65000 3253.28668  2.35%  89.6 2515s
 1178472 66275     cutoff   52      3331.65000 3253.70306  2.34%  89.6 2520s
 1180817 66060 3280.16719   54   32 3331.65000 3254.16212  2.33%  89.6 2525s
 1182719 65831     cutoff   55      3331.65000 3254.58891  2.31%  89.6 2530s
 1184976 65789 3294.20194   56   53 3331.65000 3255.00401  2.30%  89.6 2536s
 1186345 65576     cutoff   59      3331.65000 3255.26639  2.29%  89.6 2540s
 1188655 65386 3257.31516   54   31 3331.65000 3255.72586  2.28%  89.6 2545s
 1190744 65238 infeasible   59      3331.65000 3256.09776  2.27%  89.6 2550s
 1192817 65068     cutoff   56      3331.65000 3256.48327  2.26%  89.6 2555s
 1194988 64933 3276.34348   54   24 3331.65000 3256.85796  2.24%  89.6 2560s
 1197654 64668 3276.01964   52   39 3331.65000 3257.34232  2.23%  89.6 2565s
 1200134 64463 infeasible   72      3331.65000 3257.76915  2.22%  89.6 2570s
 1202329 64176 3260.71978   67   38 3331.65000 3258.19453  2.20%  89.6 2575s
 1204567 63932 3275.50673   58   35 3331.65000 3258.61266  2.19%  89.7 2580s
 1207126 63656 3261.42247   60   30 3331.65000 3259.11515  2.18%  89.7 2585s
 1209517 63498 infeasible   53      3331.65000 3259.53574  2.16%  89.7 2590s
 1211639 63311 3272.53520   53   16 3331.65000 3259.89221  2.15%  89.7 2595s
 1213841 63012 3281.22050   60   41 3331.65000 3260.30321  2.14%  89.7 2600s
 1216105 62767 3303.03906   51   60 3331.65000 3260.71797  2.13%  89.7 2605s
 1218481 62529     cutoff   54      3331.65000 3261.09823  2.12%  89.7 2610s
 1220680 62375 3268.51314   57   40 3331.65000 3261.47268  2.11%  89.7 2615s
 1222668 62163     cutoff   65      3331.65000 3261.82328  2.10%  89.7 2620s
 1224665 61880 infeasible   60      3331.65000 3262.18878  2.08%  89.7 2625s
 1227068 61504     cutoff   66      3331.65000 3262.63025  2.07%  89.7 2630s
 1229244 61235 infeasible   60      3331.65000 3263.01552  2.06%  89.7 2635s
 1231408 60962 infeasible   57      3331.65000 3263.41989  2.05%  89.7 2640s
 1233717 60708     cutoff   56      3331.65000 3263.81835  2.04%  89.7 2645s
 1235127 60589 infeasible   57      3331.65000 3264.03525  2.03%  89.7 2650s
 1237422 60292 infeasible   51      3331.65000 3264.44219  2.02%  89.7 2655s
 1239727 60034 3302.25847   55   43 3331.65000 3264.83100  2.01%  89.7 2660s
 1242038 59731 infeasible   58      3331.65000 3265.25453  1.99%  89.7 2665s
 1244115 59320 infeasible   65      3331.65000 3265.63460  1.98%  89.7 2670s
 1246386 59036     cutoff   51      3331.65000 3266.03900  1.97%  89.7 2675s
 1248530 58713     cutoff   67      3331.65000 3266.41109  1.96%  89.7 2680s
 1250607 58379 3274.41349   54   33 3331.65000 3266.77237  1.95%  89.7 2685s
 1252627 58057     cutoff   64      3331.65000 3267.14897  1.94%  89.7 2690s
 1254851 57644 3267.96953   62   27 3331.65000 3267.56819  1.92%  89.7 2695s
 1256979 57327     cutoff   51      3331.65000 3267.93666  1.91%  89.7 2700s
 1259500 56969 3303.22116   53   33 3331.65000 3268.34047  1.90%  89.7 2705s
 1261559 56652 3268.76637   59   29 3331.65000 3268.71598  1.89%  89.7 2710s
 1263977 56267 3298.04891   62   45 3331.65000 3269.12070  1.88%  89.7 2715s
 1266000 55928 infeasible   52      3331.65000 3269.46020  1.87%  89.7 2720s
 1267991 55592     cutoff   68      3331.65000 3269.82725  1.86%  89.7 2725s
 1270167 55288 infeasible   53      3331.65000 3270.17554  1.85%  89.7 2730s
 1271524 55084     cutoff   47      3331.65000 3270.36309  1.84%  89.7 2735s
 1273806 54640 infeasible   55      3331.65000 3270.74916  1.83%  89.7 2740s
 1276259 54310 3280.33393   51   28 3331.65000 3271.14803  1.82%  89.7 2745s
 1278344 54024 infeasible   51      3331.65000 3271.49072  1.81%  89.7 2750s
 1280516 53596     cutoff   49      3331.65000 3271.89584  1.79%  89.7 2755s
 1282842 53203     cutoff   53      3331.65000 3272.27299  1.78%  89.7 2760s
 1285045 52790 infeasible   57      3331.65000 3272.66742  1.77%  89.7 2765s
 1287025 52304 3283.79921   65   65 3331.65000 3273.07426  1.76%  89.7 2770s
 1288856 51898 infeasible   38      3331.65000 3273.41603  1.75%  89.7 2775s
 1291069 51455 infeasible   67      3331.65000 3273.80137  1.74%  89.7 2780s
 1293330 50926     cutoff   64      3331.65000 3274.24825  1.72%  89.7 2785s
 1295508 50621 infeasible   64      3331.65000 3274.58841  1.71%  89.7 2790s
 1297365 50223 3283.37526   55   22 3331.65000 3274.91505  1.70%  89.7 2795s
 1299409 49928     cutoff   54      3331.65000 3275.25277  1.69%  89.7 2801s
 1300714 49534 infeasible   70      3331.65000 3275.50710  1.69%  89.7 2805s
 1303249 48917 3277.57496   68   17 3331.65000 3275.96292  1.67%  89.7 2810s
 1305539 48376 3278.77782   55   40 3331.65000 3276.38688  1.66%  89.7 2815s
 1308025 47911     cutoff   58      3331.65000 3276.81523  1.65%  89.7 2820s
 1310654 47314 3277.65357   49   24 3331.65000 3277.29734  1.63%  89.7 2825s
 1313264 46688 3288.10790   57   30 3331.65000 3277.77468  1.62%  89.7 2830s
 1315640 46188 3283.85281   61   46 3331.65000 3278.21270  1.60%  89.7 2835s
 1318244 45564 infeasible   75      3331.65000 3278.72000  1.59%  89.7 2840s
 1320936 44856 infeasible   53      3331.65000 3279.22368  1.57%  89.7 2845s
 1323513 44282 infeasible   54      3331.65000 3279.69063  1.56%  89.7 2851s
 1325297 43760 infeasible   52      3331.65000 3280.06040  1.55%  89.7 2855s
 1328083 43119 infeasible   56      3331.65000 3280.57916  1.53%  89.6 2860s
 1330752 42440 infeasible   61      3331.65000 3281.09915  1.52%  89.6 2865s
 1333355 41849 3314.02594   70   56 3331.65000 3281.55806  1.50%  89.6 2870s
 1336015 41160 3329.90008   59   32 3331.65000 3282.06258  1.49%  89.6 2875s
 1338629 40447 3303.03995   54   32 3331.65000 3282.59464  1.47%  89.6 2880s
 1341009 39791 3286.56107   71   31 3331.65000 3283.02780  1.46%  89.6 2885s
 1343812 38984     cutoff   60      3331.65000 3283.62053  1.44%  89.5 2890s
 1346322 38259 3328.97710   76   53 3331.65000 3284.13974  1.43%  89.5 2895s
 1349112 37334 infeasible   52      3331.65000 3284.73786  1.41%  89.5 2900s
 1351369 36687 infeasible   57      3331.65000 3285.18030  1.39%  89.5 2905s
 1353359 36047 3299.45455   58   21 3331.65000 3285.64364  1.38%  89.5 2910s
 1356062 35258 infeasible   51      3331.65000 3286.18000  1.36%  89.5 2915s
 1358974 34285 3296.85405   57   32 3331.65000 3286.85270  1.34%  89.5 2920s
 1361646 33352     cutoff   64      3331.65000 3287.51680  1.32%  89.4 2925s
 1364501 32331     cutoff   56      3331.65000 3288.18203  1.30%  89.4 2930s
 1367423 31322 infeasible   61      3331.65000 3288.88090  1.28%  89.4 2935s
 1370324 30322     cutoff   55      3331.65000 3289.58512  1.26%  89.4 2940s
 1373024 29376 infeasible   66      3331.65000 3290.19811  1.24%  89.3 2945s
 1375569 28399     cutoff   52      3331.65000 3290.81727  1.23%  89.3 2950s
 1378263 27418     cutoff   78      3331.65000 3291.50108  1.21%  89.3 2955s
 1380950 26377 infeasible   64      3331.65000 3292.19119  1.18%  89.3 2960s
 1383680 25316 3296.27414   58   38 3331.65000 3292.87495  1.16%  89.3 2965s
 1386656 24064 infeasible   52      3331.65000 3293.71070  1.14%  89.2 2970s
 1389391 22926     cutoff   58      3331.65000 3294.50737  1.11%  89.2 2975s
 1392053 21759 3295.34829   57   46 3331.65000 3295.34829  1.09%  89.2 2980s
 1394489 20702 infeasible   66      3331.65000 3296.09126  1.07%  89.1 2985s
 1397495 19415     cutoff   57      3331.65000 3297.12517  1.04%  89.1 2990s
 1400577 18006 infeasible   59      3331.65000 3298.16069  1.01%  89.1 2995s
 1403719 16512     cutoff   51      3331.65000 3299.38288  0.97%  89.0 3000s
 1406641 15071 3316.87368   63   35 3331.65000 3300.52466  0.93%  89.0 3005s
 1409813 13455     cutoff   54      3331.65000 3301.93722  0.89%  88.9 3010s
 1413033 11660     cutoff   54      3331.65000 3303.62563  0.84%  88.9 3015s
 1416474  9596 infeasible   60      3331.65000 3305.89561  0.77%  88.8 3020s
 1419073  7908 infeasible   67      3331.65000 3308.26358  0.70%  88.8 3025s
 1423066  4999     cutoff   59      3331.65000 3313.56776  0.54%  88.6 3030s

Cutting planes:
  Gomory: 8
  Cover: 4
  Implied bound: 32
  Clique: 9
  MIR: 11
  Flow cover: 11
  GUB cover: 6
  Zero half: 20

Explored 1428592 nodes (126285495 simplex iterations) in 3034.05 seconds
Thread count was 4 (of 4 available processors)

Optimal solution found (tolerance 1.00e-04)
Best objective 3.331650000000e+03, best bound 3.331330000000e+03, gap 0.0096%
k_c1	100.0
k_c10	100.0
k_c11	93.0
k_c12	5.0
k_c2	93.0
k_c3	89.0
k_c4	10.0
k_c5	96.0
k_c6	7.0
k_c7	27.0
k_c8	3.0
k_c9	96.0
k_dN	0.0
o_1	0.0
o_10	0.0
o_11	0.0
o_12	0.0
o_2	1.0
o_3	1.0
o_4	0.0
o_5	0.0
o_6	0.0
o_7	0.0
o_8	0.0
o_9	0.0
p_1	0.0
p_10	0.0
p_11	0.0
p_12	0.0
p_2	1.0
p_3	1.0
p_4	0.0
p_5	0.0
p_6	0.0
p_7	0.0
p_8	1.0
p_9	0.0
phi_c1	4.0
phi_c10	3.0
phi_c11	1.0
phi_c12	2.0
phi_c2	0.0
phi_c3	0.0
phi_c4	3.0
phi_c5	2.0
phi_c6	3.0
phi_c7	4.0
phi_c8	0.0
phi_c9	2.0
phi_dN	0.0
pi_c1	25.0
pi_c10	25.0
pi_c11	25.0
pi_c12	25.0
pi_c2	20.0
pi_c3	25.0
pi_c4	25.0
pi_c5	25.0
pi_c6	25.0
pi_c7	25.0
pi_c8	5.0
pi_c9	25.0
pi_dN	0.0
tauD_c1	33.0
tauD_c10	13.0
tauD_c11	34.0
tauD_c12	85.0
tauD_c2	63.0
tauD_c3	40.0
tauD_c4	80.0
tauD_c5	23.0
tauD_c6	66.0
tauD_c7	57.0
tauD_c8	81.0
tauD_c9	50.0
tauD_d0	0.0
tauD_dN	100.0
tauS_c1	90.0
tauS_c10	85.0
tauS_c11	86.0
tauS_c12	6.0
tauS_c2	56.0
tauS_c3	40.0
tauS_c4	87.0
tauS_c5	87.0
tauS_c6	89.0
tauS_c7	86.0
tauS_c8	76.0
tauS_c9	11.0
tauS_d0	0.0
tauS_dN	100.0
x_c10_c5	1.0
x_c11_c3	1.0
x_c12_dN	1.0
x_c1_c9	1.0
x_c2_c4	1.0
x_c3_c7	1.0
x_c4_c12	1.0
x_c5_c11	1.0
x_c6_c8	1.0
x_c7_c6	1.0
x_c8_dN	1.0
x_c9_c2	1.0
x_d0_c1	1.0
x_d0_c10	1.0
z_c2_c8	1.0
z_c3_c2	1.0
z_c8_dN	1.0
z_d0_c3	1.0
