
Gurobi 6.0.4 (win64) logging started 06/12/15 18:29:51

Read LP format model from file E:\Eigene Dateien\Downloads\Michi shit\VRPTWMS-master\VRPTWMS\instances\mip\fuel\N12-C_DV100-C_SV25_F5_0_No_1.lp
Reading time = 0.01 seconds
(null): 865 rows, 404 columns, 3771 nonzeros
Optimize a model with 865 rows, 404 columns and 3771 nonzeros
Model has 1872 quadratic constraints
WARNING: Only barrier available for SOCP models
Coefficient statistics:
  Matrix range    [1e+00, 1e+02]
  Objective range [3e+00, 1e+03]
  Bounds range    [1e+00, 1e+02]
  RHS range       [1e+00, 1e+02]
Presolve removed 103 rows and 66 columns
Presolve time: 0.09s
Presolved: 3276 rows, 1638 columns, 16876 nonzeros
Variable types: 1214 continuous, 424 integer (361 binary)
Optimize a model with 3276 rows, 1638 columns and 16876 nonzeros
Coefficient statistics:
  Matrix range    [8e-01, 1e+02]
  Objective range [3e+00, 1e+03]
  Bounds range    [8e-01, 1e+02]
  RHS range       [1e+00, 1e+02]

Concurrent LP optimizer: dual simplex and barrier
Showing barrier log only...

Presolve removed 336 rows and 208 columns
Presolved: 2940 rows, 1430 columns, 15415 nonzeros

Root barrier log...

Ordering time: 0.00s

Barrier performed 0 iterations in 0.12 seconds
Barrier solve interrupted - model solved by another algorithm


Solved with dual simplex
Solved in 101 iterations and 0.14 seconds
Optimal objective  1.613223199e+03

Root relaxation: objective 1.613223e+03, 101 iterations, 0.03 seconds

    Nodes    |    Current Node    |     Objective Bounds      |     Work
 Expl Unexpl |  Obj  Depth IntInf | Incumbent    BestBd   Gap | It/Node Time

     0     0 1613.22320    0   34          - 1613.22320      -     -    0s
     0     0 2190.77000    0   46          - 2190.77000      -     -    0s
     0     0 2201.83500    0   42          - 2201.83500      -     -    0s
     0     0 2201.83500    0   45          - 2201.83500      -     -    0s
     0     0 2201.83500    0   35          - 2201.83500      -     -    0s
     0     0 2201.83500    0   40          - 2201.83500      -     -    0s
     0     0 2201.83500    0   38          - 2201.83500      -     -    0s
     0     0 2201.83500    0   37          - 2201.83500      -     -    0s
     0     0 2201.83500    0   43          - 2201.83500      -     -    0s
     0     0 2201.83500    0   42          - 2201.83500      -     -    0s
     0     0 2201.83500    0   38          - 2201.83500      -     -    0s
     0     0 2201.83500    0   36          - 2201.83500      -     -    0s
H    0     0                    13584.760000 2201.83500  83.8%     -    0s
     0     0 2201.83500    0   35 13584.7600 2201.83500  83.8%     -    0s
H    0     0                    8445.8600000 2201.83500  73.9%     -    0s
H    0     2                    8437.9000000 2201.83500  73.9%     -    0s
     0     2 2201.83500    0   35 8437.90000 2201.83500  73.9%     -    0s
H   61    60                    6355.8100000 2206.93266  65.3%  21.5    0s
H  910   660                    6350.9300000 2208.31057  65.2%  26.1    1s
H 1046   691                    4321.9700000 2211.21807  48.8%  25.3    2s
  1534   901 infeasible   54      4321.97000 2211.21807  48.8%  36.8    5s
H 2336  1075                    3292.0500000 2212.44883  32.8%  40.3    6s
  3122  1327 2482.63114   54   65 3292.05000 2218.16228  32.6%  43.9   10s
  8161  4228 2320.79696   31   49 3292.05000 2229.03534  32.3%  46.8   15s
 11959  5676 2415.64135   42   62 3292.05000 2234.57416  32.1%  54.8   20s
 14937  6752     cutoff   57      3292.05000 2239.12826  32.0%  58.0   25s
H15382  6874                    3285.4000000 2239.57621  31.8%  58.2   26s
 16721  7296 2286.94550   28   59 3285.40000 2241.23826  31.8%  59.8   30s
 20424  8440 infeasible   40      3285.40000 2245.16634  31.7%  62.8   35s
 20834  8584 2329.95389   60   69 3285.40000 2245.70309  31.6%  63.1   40s
 20850  8595 3272.87283   32   81 3285.40000 2245.70309  31.6%  63.0   45s
 20865  8605 2275.25966   31   90 3285.40000 2245.70309  31.6%  63.0   50s
 20880  8615 2578.00491   61   90 3285.40000 2245.70309  31.6%  63.0   55s
 20895  8625 2276.86049   30   87 3285.40000 2245.70309  31.6%  62.9   60s
 20908  8633 2299.25039   47   88 3285.40000 2245.70309  31.6%  62.9   65s
 20922  8643 2272.93031   30   90 3285.40000 2245.70309  31.6%  62.8   70s
 20942  8660 2245.70309   33   59 3285.40000 2245.70309  31.6%  63.3   75s
 21563  8711 3264.36042   41   44 3285.40000 2245.70309  31.6%  63.6   80s
 25011  8576 2517.06033   34   46 3285.40000 2259.39951  31.2%  65.0   86s
 26946  8248 2323.16799   62   67 3285.40000 2272.87297  30.8%  66.6   90s
 29525  7518 3088.65527   46   92 3285.40000 2282.90225  30.5%  69.1   95s
 32013  6606 infeasible   40      3285.40000 2296.35585  30.1%  71.7  100s
 34222  5645 infeasible   50      3285.40000 2312.65552  29.6%  73.9  105s
 36588  4330 infeasible   54      3285.40000 2348.97819  28.5%  76.3  110s

Cutting planes:
  Gomory: 10
  Cover: 1
  Implied bound: 24
  Clique: 3
  MIR: 12
  Flow cover: 14
  GUB cover: 2
  Zero half: 36

Explored 39594 nodes (3016997 simplex iterations) in 114.63 seconds
Thread count was 4 (of 4 available processors)

Optimal solution found (tolerance 1.00e-04)
Best objective 3.285400000000e+03, best bound 3.285400000000e+03, gap 0.0%
k_c1	13.0
k_c10	16.0
k_c11	22.0
k_c12	100.0
k_c2	11.0
k_c3	8.0
k_c4	26.0
k_c5	12.0
k_c6	3.0
k_c7	95.0
k_c8	6.0
k_c9	100.0
k_dN	0.0
o_1	0.0
o_10	0.0
o_11	1.0
o_12	0.0
o_2	0.0
o_3	0.0
o_4	0.0
o_5	0.0
o_6	0.0
o_7	0.0
o_8	0.0
o_9	0.0
p_1	1.0
p_10	0.0
p_11	1.0
p_12	0.0
p_2	0.0
p_3	0.0
p_4	0.0
p_5	0.0
p_6	0.0
p_7	0.0
p_8	0.0
p_9	0.0
phi_c1	0.0
phi_c10	3.0
phi_c11	0.0
phi_c12	4.0
phi_c2	2.0
phi_c3	3.0
phi_c4	1.0
phi_c5	4.0
phi_c6	2.0
phi_c7	2.0
phi_c8	1.0
phi_c9	3.0
phi_dN	0.0
pi_c1	5.0
pi_c10	25.0
pi_c11	25.0
pi_c12	20.0
pi_c2	22.0
pi_c3	22.0
pi_c4	22.0
pi_c5	22.0
pi_c6	22.0
pi_c7	22.0
pi_c8	23.0
pi_c9	22.0
pi_dN	0.0
tauD_c1	37.0
tauD_c10	62.0
tauD_c11	25.0
tauD_c12	15.0
tauD_c2	77.0
tauD_c3	65.0
tauD_c4	19.0
tauD_c5	55.0
tauD_c6	85.0
tauD_c7	27.0
tauD_c8	85.0
tauD_c9	10.0
tauD_d0	0.0
tauD_dN	100.0
tauS_c1	40.0
tauS_c10	86.0
tauS_c11	25.0
tauS_c12	46.0
tauS_c2	85.0
tauS_c3	80.0
tauS_c4	82.0
tauS_c5	83.0
tauS_c6	82.0
tauS_c7	86.0
tauS_c8	87.0
tauS_c9	85.0
tauS_d0	0.0
tauS_dN	59.0
x_c10_c2	1.0
x_c11_c10	1.0
x_c12_c7	1.0
x_c1_c5	1.0
x_c2_c8	1.0
x_c3_c6	1.0
x_c4_c11	1.0
x_c5_c3	1.0
x_c6_dN	1.0
x_c7_c1	1.0
x_c8_dN	1.0
x_c9_c4	1.0
x_d0_c12	1.0
x_d0_c9	1.0
z_c11_c1	1.0
z_c1_dN	1.0
z_d0_c11	1.0
