
Gurobi 6.0.4 (win64) logging started 06/12/15 20:17:26

Read LP format model from file E:\Eigene Dateien\Downloads\Michi shit\VRPTWMS-master\VRPTWMS\instances\mip\fuel\N12-C_DV100-C_SV25_F5_2_No_1.lp
Reading time = 0.02 seconds
(null): 865 rows, 404 columns, 3771 nonzeros
Optimize a model with 865 rows, 404 columns and 3771 nonzeros
Model has 1872 quadratic constraints
WARNING: Only barrier available for SOCP models
Coefficient statistics:
  Matrix range    [1e+00, 1e+02]
  Objective range [1e+00, 1e+03]
  Bounds range    [1e+00, 1e+02]
  RHS range       [1e+00, 1e+02]
Presolve removed 80 rows and 42 columns
Presolve time: 0.12s
Presolved: 3866 rows, 1956 columns, 19783 nonzeros
Variable types: 1487 continuous, 469 integer (406 binary)
Found heuristic solution: objective 12442.280000
Optimize a model with 3866 rows, 1956 columns and 19783 nonzeros
Coefficient statistics:
  Matrix range    [3e-01, 1e+02]
  Objective range [1e+00, 1e+03]
  Bounds range    [1e+00, 1e+02]
  RHS range       [1e+00, 1e+02]

Concurrent LP optimizer: dual simplex and barrier
Showing barrier log only...

Presolve removed 347 rows and 225 columns
Presolved: 3519 rows, 1732 columns, 18369 nonzeros

Root barrier log...

Ordering time: 0.02s

Barrier performed 0 iterations in 0.17 seconds
Barrier solve interrupted - model solved by another algorithm


Solved with dual simplex
Solved in 127 iterations and 0.17 seconds
Optimal objective  1.721428072e+02

Root relaxation: objective 1.721428e+02, 127 iterations, 0.03 seconds

    Nodes    |    Current Node    |     Objective Bounds      |     Work
 Expl Unexpl |  Obj  Depth IntInf | Incumbent    BestBd   Gap | It/Node Time

     0     0  172.14281    0   41 12442.2800  172.14281  98.6%     -    0s
H    0     0                    8340.9300000  172.14281  97.9%     -    0s
     0     0  196.18813    0   69 8340.93000  196.18813  97.6%     -    0s
H    0     0                    7324.0500000  196.18813  97.3%     -    0s
     0     0  278.17628    0   66 7324.05000  278.17628  96.2%     -    0s
     0     0  489.11881    0   66 7324.05000  489.11881  93.3%     -    0s
     0     0  543.95973    0   73 7324.05000  543.95973  92.6%     -    0s
     0     0  557.08200    0   74 7324.05000  557.08200  92.4%     -    0s
H    0     0                    4341.5100000  557.08200  87.2%     -    0s
     0     0  562.98880    0   86 4341.51000  562.98880  87.0%     -    0s
     0     0  562.98880    0   87 4341.51000  562.98880  87.0%     -    0s
     0     0  562.98880    0   78 4341.51000  562.98880  87.0%     -    0s
     0     0  562.98880    0   81 4341.51000  562.98880  87.0%     -    0s
     0     0  562.98880    0   78 4341.51000  562.98880  87.0%     -    0s
     0     0  562.98880    0   74 4341.51000  562.98880  87.0%     -    0s
     0     0  562.98880    0   69 4341.51000  562.98880  87.0%     -    0s
     0     0  562.98880    0   78 4341.51000  562.98880  87.0%     -    0s
     0     0  562.98880    0   78 4341.51000  562.98880  87.0%     -    0s
     0     2  562.98880    0   78 4341.51000  562.98880  87.0%     -    0s
H 1025   663                    4308.0200000 1208.35600  72.0%  28.0    1s
H 1066   663                    4305.2600000 1957.09094  54.5%  29.8    3s
  1936  1023 3229.49239   30   27 4305.26000 2155.96902  49.9%  38.0    5s
H 2314   987                    3301.8300000 2155.96902  34.7%  39.6    5s
H 2477   945                    3291.9900000 2173.32589  34.0%  40.2    5s
H 2569   938                    3291.0300000 2175.48013  33.9%  39.9    6s
H 2619   880                    3259.8500000 2175.48013  33.3%  39.7    6s
  5303  2699 2270.15189   40   63 3259.85000 2183.66433  33.0%  38.3   10s
H 5463  2742                    3253.6100000 2183.91856  32.9%  38.1   10s
H 7765  4202                    3252.8200000 2188.01301  32.7%  39.7   13s
H 8680  4595                    3243.5500000 2188.84340  32.5%  40.4   14s
  8691  4739 2229.77554   26   55 3243.55000 2189.04374  32.5%  40.4   15s
 12289  6808 2287.63750   49   34 3243.55000 2193.15944  32.4%  42.6   20s
 16750  9568 2222.76212   36   35 3243.55000 2195.85762  32.3%  41.1   25s
H19573 11134                    3242.7900000 2197.37861  32.2%  42.1   28s
 20471 11554 2218.56511   27   27 3242.79000 2198.12632  32.2%  42.6   30s
 20798 11731 2411.92395   59   78 3242.79000 2198.34360  32.2%  42.8   37s
 20808 11738 2264.45314   34   46 3242.79000 2198.34360  32.2%  42.8   40s
 20867 11782 2198.34360   36   22 3242.79000 2198.34360  32.2%  42.9   45s
H21352 11275                    3234.6900000 2198.34360  32.0%  43.2   47s
 22948 11777 2206.40706   45   58 3234.69000 2198.34360  32.0%  43.9   50s
 26343 12582 3216.78336   86   22 3234.69000 2198.42000  32.0%  45.5   55s
 30434 13594 infeasible   59      3234.69000 2201.42722  31.9%  45.2   60s
 33698 14071 2729.31247   44   63 3234.69000 2204.08730  31.9%  47.2   66s
 35154 14333 infeasible   38      3234.69000 2205.42294  31.8%  47.8   70s
 37051 14645     cutoff   52      3234.69000 2206.15791  31.8%  49.0   76s
 38341 14787 infeasible   49      3234.69000 2207.00617  31.8%  50.1   80s
 40915 15122 2251.01921   50   76 3234.69000 2208.33978  31.7%  51.2   85s
 42441 15397     cutoff   76      3234.69000 2208.88044  31.7%  51.7   90s
 45527 15793 2221.29582   47   44 3234.69000 2210.18176  31.7%  52.9   95s
 47959 16017     cutoff   56      3234.69000 2211.27522  31.6%  53.8  101s
 50065 16080 2250.90009   42   60 3234.69000 2212.29832  31.6%  54.7  105s
 52047 16242 2230.16084   38   30 3234.69000 2212.95142  31.6%  55.4  110s
 54267 16438     cutoff   57      3234.69000 2213.73468  31.6%  55.9  115s
 57145 17670 infeasible   50      3234.69000 2214.67779  31.5%  56.7  120s
 58796 18305 2279.64341   46   46 3234.69000 2215.36336  31.5%  57.4  125s
 61380 19364 2294.57460   63   42 3234.69000 2216.21160  31.5%  58.3  131s
 63268 20098 infeasible   62      3234.69000 2216.65812  31.5%  58.9  135s
 64837 20673 2480.50465   42   57 3234.69000 2217.13930  31.5%  59.4  140s
 67536 21725 2261.00073   68   34 3234.69000 2217.85847  31.4%  60.0  145s
 69373 22348 2263.08108   49   55 3234.69000 2218.34723  31.4%  60.7  150s
 71110 22907 2262.65967   43   73 3234.69000 2218.79251  31.4%  61.2  155s
 73530 23763 infeasible   49      3234.69000 2219.42496  31.4%  61.8  160s
 75043 24328 infeasible   76      3234.69000 2219.77462  31.4%  62.3  165s
 77287 25093 2234.43054   45   21 3234.69000 2220.33013  31.4%  62.8  170s
 78848 25567 2280.25747   61   53 3234.69000 2220.57048  31.4%  63.3  175s
 81307 26532 infeasible   50      3234.69000 2221.18483  31.3%  63.8  180s
 83201 27212     cutoff   55      3234.69000 2221.56356  31.3%  64.1  186s
 84361 27571 infeasible   56      3234.69000 2221.79110  31.3%  64.3  190s
 86520 28168 2231.22371   44   55 3234.69000 2222.33179  31.3%  64.9  195s
 88091 28671 2243.10311   58   44 3234.69000 2222.67718  31.3%  65.3  200s
 89880 29258 2832.08508   65  113 3234.69000 2222.97757  31.3%  65.7  205s
 92014 29991 2282.67029   55   63 3234.69000 2223.40714  31.3%  66.1  211s
 93329 30283 infeasible   48      3234.69000 2223.67084  31.3%  66.5  215s
 95579 30902 infeasible   75      3234.69000 2224.14169  31.2%  67.0  220s
 97055 31269     cutoff   51      3234.69000 2224.37925  31.2%  67.4  225s
 99233 31733 2263.67176   44   41 3234.69000 2224.84408  31.2%  67.9  230s
 101330 32271 2408.96002   51   52 3234.69000 2225.26293  31.2%  68.3  235s
 103388 32860     cutoff   59      3234.69000 2225.69935  31.2%  68.7  240s
 105176 33235 2250.41493   39   64 3234.69000 2226.03545  31.2%  69.2  245s
 106702 33671 2274.34411   50   66 3234.69000 2226.28794  31.2%  69.5  250s
 108654 34249     cutoff   65      3234.69000 2226.63145  31.2%  69.9  255s
 110503 34793     cutoff   54      3234.69000 2226.96880  31.2%  70.2  260s
 112493 35219     cutoff   50      3234.69000 2227.36514  31.1%  70.5  265s
 113939 35535 infeasible   50      3234.69000 2227.63163  31.1%  70.9  270s
 115195 35798 2365.08731   51   76 3234.69000 2227.83212  31.1%  71.2  275s
 117437 36375 2310.15496   55   52 3234.69000 2228.21756  31.1%  71.5  280s
 119588 36932 2287.85031   48   40 3234.69000 2228.55421  31.1%  71.9  285s
 121894 37632 2318.55704   52   39 3234.69000 2228.94566  31.1%  72.1  290s
 124048 38107 infeasible   57      3234.69000 2229.38296  31.1%  72.5  295s
 126121 38609     cutoff   63      3234.69000 2229.68932  31.1%  72.9  300s
 128403 39251 2241.81222   48   66 3234.69000 2230.10780  31.1%  73.1  305s
 130559 39782 infeasible   50      3234.69000 2230.44784  31.0%  73.5  310s
 132561 40201 infeasible   37      3234.69000 2230.78343  31.0%  73.9  315s
 134984 40739 2299.05014   43   34 3234.69000 2231.28109  31.0%  74.3  320s
 137107 41212     cutoff   46      3234.69000 2231.62735  31.0%  74.6  325s
 139239 41667     cutoff   61      3234.69000 2231.94413  31.0%  74.8  330s
 141225 42133 2282.01159   53   91 3234.69000 2232.25133  31.0%  75.1  335s
 143281 42587 infeasible   53      3234.69000 2232.60361  31.0%  75.4  340s
 145795 43194 2262.87491   55   54 3234.69000 2233.01969  31.0%  75.7  345s
 147516 43571 infeasible   52      3234.69000 2233.27657  31.0%  75.9  350s
 149966 44073 infeasible   54      3234.69000 2233.65750  30.9%  76.2  355s
 151931 44537     cutoff   48      3234.69000 2233.93667  30.9%  76.4  360s
 153913 44989 2253.95541   45   38 3234.69000 2234.23870  30.9%  76.7  365s
 156320 45447 2251.50574   58   79 3234.69000 2234.65178  30.9%  77.0  370s
 157895 45808 2262.98766   64   38 3234.69000 2234.87875  30.9%  77.2  375s
 159511 46138 2251.97567   70   54 3234.69000 2235.10056  30.9%  77.5  380s
 161595 46692 infeasible   42      3234.69000 2235.34491  30.9%  77.7  385s
 163497 47137 infeasible   60      3234.69000 2235.57522  30.9%  77.9  390s
 165115 47472 2235.98717   63   44 3234.69000 2235.81582  30.9%  78.1  395s
 167141 47926 2257.20956   48   56 3234.69000 2236.07939  30.9%  78.3  400s
 169016 48326 infeasible   66      3234.69000 2236.36295  30.9%  78.5  405s
 171003 48645 infeasible   69      3234.69000 2236.64401  30.9%  78.7  410s
 173022 49108 infeasible   53      3234.69000 2236.89062  30.8%  78.9  415s
 175138 49513 2278.54343   38   85 3234.69000 2237.20503  30.8%  79.1  420s
 177197 49919 2296.05863   49   55 3234.69000 2237.47967  30.8%  79.3  425s
 179511 50329 infeasible   52      3234.69000 2237.80818  30.8%  79.5  430s
 181384 50642 2246.34566   46   28 3234.69000 2238.08000  30.8%  79.8  435s
 183348 50991 2270.10822   62   57 3234.69000 2238.42237  30.8%  80.0  440s
 185286 51382     cutoff   59      3234.69000 2238.73742  30.8%  80.2  446s
 186402 51540 infeasible   47      3234.69000 2238.87540  30.8%  80.3  450s
 188230 51853     cutoff   51      3234.69000 2239.16407  30.8%  80.5  455s
 190179 52206 infeasible   49      3234.69000 2239.43018  30.8%  80.7  461s
 191747 52589     cutoff   53      3234.69000 2239.64906  30.8%  80.8  466s
 193306 52859 infeasible   44      3234.69000 2239.86708  30.8%  81.0  470s
 194849 53032 2297.00418   44   83 3234.69000 2240.09962  30.7%  81.1  475s
 196350 53278 infeasible   57      3234.69000 2240.31459  30.7%  81.3  480s
 198284 53565 infeasible   69      3234.69000 2240.57073  30.7%  81.5  486s
 199893 53840 2240.96456   50   49 3234.69000 2240.82917  30.7%  81.6  490s
 201468 53973     cutoff   48      3234.69000 2241.09575  30.7%  81.7  495s
 203438 54315 infeasible   42      3234.69000 2241.35139  30.7%  81.9  500s
 205009 54574 infeasible   58      3234.69000 2241.63068  30.7%  82.0  505s
 206595 54898 2263.66464   44   62 3234.69000 2241.85174  30.7%  82.1  510s
 208173 55159     cutoff   63      3234.69000 2242.07144  30.7%  82.3  515s
 209503 55317 2271.46987   46   44 3234.69000 2242.25891  30.7%  82.4  520s
 211470 55663     cutoff   64      3234.69000 2242.53297  30.7%  82.5  525s
 213115 55867 2300.98617   46   77 3234.69000 2242.74950  30.7%  82.7  530s
 214992 56116 2256.01696   58   40 3234.69000 2243.04245  30.7%  82.9  535s
 216803 56519 infeasible   71      3234.69000 2243.23504  30.7%  83.0  540s
 218831 56879 2245.45525   51   69 3234.69000 2243.49820  30.6%  83.1  545s
 220636 57092     cutoff   72      3234.69000 2243.74695  30.6%  83.3  550s
 221960 57238 2338.53470   50   73 3234.69000 2243.91662  30.6%  83.4  555s
 223903 57516 infeasible   66      3234.69000 2244.23914  30.6%  83.6  560s
 224778 57609 infeasible   63      3234.69000 2244.35335  30.6%  83.7  565s
 226566 57799 2825.69704   56   61 3234.69000 2244.65000  30.6%  83.8  570s
 228369 57961 2282.29048   56   53 3234.69000 2244.90266  30.6%  84.0  575s
 229843 58168 2330.02631   61   86 3234.69000 2245.08519  30.6%  84.1  580s
 231608 58409 infeasible   57      3234.69000 2245.31894  30.6%  84.3  586s
 232628 58515 2571.34283   41   43 3234.69000 2245.46975  30.6%  84.4  591s
 233842 58648 2250.93775   50   64 3234.69000 2245.65644  30.6%  84.5  595s
 235311 58847 2266.05327   39   50 3234.69000 2245.86141  30.6%  84.6  600s
 237304 59096     cutoff   58      3234.69000 2246.12749  30.6%  84.7  605s
 238753 59252 2256.60806   61   51 3234.69000 2246.32902  30.6%  84.9  610s
 240619 59472 infeasible   52      3234.69000 2246.62634  30.5%  85.0  615s
 242567 59808 infeasible   64      3234.69000 2246.92089  30.5%  85.1  621s
 243855 59944 2280.67256   49   74 3234.69000 2247.08020  30.5%  85.2  625s
 245914 60210 2275.75905   44   73 3234.69000 2247.33342  30.5%  85.3  630s
 247452 60380     cutoff   68      3234.69000 2247.55864  30.5%  85.4  635s
 249321 60609 infeasible   60      3234.69000 2247.80056  30.5%  85.6  640s
 250552 60730 2323.99948   48   81 3234.69000 2247.97263  30.5%  85.6  645s
 252591 61111 2257.38355   47   70 3234.69000 2248.24165  30.5%  85.7  650s
 254420 61320 infeasible   52      3234.69000 2248.48534  30.5%  85.9  655s
 256335 61540 2284.69924   56   69 3234.69000 2248.74812  30.5%  86.0  661s
 257567 61657     cutoff   67      3234.69000 2248.92496  30.5%  86.1  665s
 259529 61870     cutoff   42      3234.69000 2249.21298  30.5%  86.2  670s
 261102 62096     cutoff   71      3234.69000 2249.40523  30.5%  86.3  675s
 262894 62301 infeasible   50      3234.69000 2249.63646  30.5%  86.4  680s
 264725 62538     cutoff   42      3234.69000 2249.87258  30.4%  86.5  685s
 266135 62667 infeasible   45      3234.69000 2250.10659  30.4%  86.6  690s
 268052 62886 2275.18211   51   87 3234.69000 2250.38127  30.4%  86.7  695s
 269404 63010 infeasible   61      3234.69000 2250.57174  30.4%  86.7  700s
 270659 63142 infeasible   59      3234.69000 2250.73281  30.4%  86.8  705s
 272532 63337 2260.11670   53   71 3234.69000 2251.04245  30.4%  86.9  710s
 274362 63511 2320.52131   45   59 3234.69000 2251.29035  30.4%  87.0  715s
 276318 63761 infeasible   68      3234.69000 2251.54913  30.4%  87.2  720s
 278195 63980 2566.78696   78  109 3234.69000 2251.86361  30.4%  87.3  726s
 279667 64117 2259.13023   45   45 3234.69000 2252.06323  30.4%  87.4  730s
 280939 64277 2256.40159   41   51 3234.69000 2252.23443  30.4%  87.4  735s
 282946 64539 infeasible   59      3234.69000 2252.48914  30.4%  87.5  740s
 284903 64770 2288.54739   59   43 3234.69000 2252.74677  30.4%  87.6  745s
 286189 64919 2290.46736   60   66 3234.69000 2252.87536  30.4%  87.7  750s
 287994 65026 infeasible   55      3234.69000 2253.14612  30.3%  87.8  755s
 289657 65172 2299.15494   52   58 3234.69000 2253.39009  30.3%  87.9  760s
 291240 65291 infeasible   57      3234.69000 2253.61996  30.3%  88.0  765s
 292891 65389 2295.69826   60   69 3234.69000 2253.88704  30.3%  88.1  770s
 294253 65512 infeasible   68      3234.69000 2254.08256  30.3%  88.2  775s
 295774 65527 infeasible   75      3234.69000 2254.30612  30.3%  88.3  780s
 297571 65652 infeasible   43      3234.69000 2254.59292  30.3%  88.4  785s
 298942 65717 infeasible   55      3234.69000 2254.82360  30.3%  88.5  790s
 300203 65784     cutoff   57      3234.69000 2255.01483  30.3%  88.6  795s
 302082 65995 2278.94864   53   82 3234.69000 2255.29988  30.3%  88.7  800s
 303669 66114 infeasible   57      3234.69000 2255.49356  30.3%  88.8  805s
 304957 66237 2289.36731   58   47 3234.69000 2255.66348  30.3%  88.8  810s
 306745 66388 infeasible   59      3234.69000 2255.94561  30.3%  88.9  815s
 308657 66510 2403.42726   61  107 3234.69000 2256.19497  30.3%  89.0  820s
 310487 66645 infeasible   63      3234.69000 2256.43610  30.2%  89.1  825s
 312165 66752 infeasible   43      3234.69000 2256.64483  30.2%  89.3  830s
 313746 66741 infeasible   53      3234.69000 2256.90191  30.2%  89.4  835s
 315537 66834 infeasible   61      3234.69000 2257.17688  30.2%  89.5  840s
 317302 66915     cutoff   46      3234.69000 2257.42233  30.2%  89.6  845s
 318710 67026 infeasible   48      3234.69000 2257.63790  30.2%  89.6  850s
 320493 67151     cutoff   48      3234.69000 2257.91625  30.2%  89.7  855s
 322387 67426 2271.62505   48   58 3234.69000 2258.16275  30.2%  89.7  860s
 324161 67654 infeasible   50      3234.69000 2258.38025  30.2%  89.8  865s
 325589 67745     cutoff   72      3234.69000 2258.54299  30.2%  89.9  870s
 326606 67863     cutoff   50      3234.69000 2258.67537  30.2%  89.9  875s
 328403 67989 2275.82831   55   47 3234.69000 2258.89074  30.2%  90.0  880s
 330153 68040 infeasible   54      3234.69000 2259.17753  30.2%  90.1  885s
 331521 68148 2259.71584   47   71 3234.69000 2259.35129  30.2%  90.1  890s
 333256 68166 2275.37766   42   48 3234.69000 2259.64006  30.1%  90.2  895s
 334867 68283 2328.13567   55   59 3234.69000 2259.86918  30.1%  90.2  901s
 336284 68298 infeasible   43      3234.69000 2260.12494  30.1%  90.3  905s
 338177 68436 2327.50172   81   64 3234.69000 2260.40028  30.1%  90.4  910s
 339726 68495 2279.52460   56   79 3234.69000 2260.62011  30.1%  90.5  915s
 341337 68563 infeasible   61      3234.69000 2260.90854  30.1%  90.5  920s
 343072 68603 infeasible   61      3234.69000 2261.13863  30.1%  90.6  925s
 344391 68700 2266.89126   45   82 3234.69000 2261.30593  30.1%  90.7  930s
 346238 68812 2289.80267   40   48 3234.69000 2261.57073  30.1%  90.7  936s
 347363 68951 infeasible   68      3234.69000 2261.71992  30.1%  90.8  940s
 349052 69058 infeasible   69      3234.69000 2261.93926  30.1%  90.9  945s
 350658 69039 infeasible   57      3234.69000 2262.20037  30.1%  90.9  950s
 352692 69063     cutoff   61      3234.69000 2262.51577  30.1%  91.0  955s
 353882 69144 infeasible   52      3234.69000 2262.67330  30.0%  91.1  960s
 356025 69236 infeasible   50      3234.69000 2262.95371  30.0%  91.2  965s
 357767 69240     cutoff   58      3234.69000 2263.21078  30.0%  91.3  970s
 359411 69282 infeasible   76      3234.69000 2263.42873  30.0%  91.4  975s
 360984 69262     cutoff   50      3234.69000 2263.67406  30.0%  91.5  980s
 362802 69243 2271.26209   57   42 3234.69000 2263.93712  30.0%  91.5  985s
 363969 69321 2330.65186   61   86 3234.69000 2264.07048  30.0%  91.6  990s
 365705 69413 2301.66344   46   82 3234.69000 2264.31726  30.0%  91.6  995s
 367767 69438 infeasible   55      3234.69000 2264.61582  30.0%  91.7 1000s
 369002 69427 2265.05127   53   50 3234.69000 2264.78892  30.0%  91.8 1005s
 370458 69522 2633.24302   56   63 3234.69000 2264.99382  30.0%  91.8 1010s
 371674 69470 infeasible   53      3234.69000 2265.18476  30.0%  91.9 1015s
 373072 69485     cutoff   56      3234.69000 2265.39316  30.0%  91.9 1020s
 374656 69510 2350.92547   85   59 3234.69000 2265.61464  30.0%  92.0 1025s
 375868 69520 infeasible   45      3234.69000 2265.81925  30.0%  92.1 1030s
 377430 69612 infeasible   51      3234.69000 2265.99447  29.9%  92.1 1035s
 379078 69582 2306.59825   56   98 3234.69000 2266.25191  29.9%  92.2 1040s
 380820 69595 2779.38591   69   56 3234.69000 2266.53002  29.9%  92.3 1045s
 382148 69599 infeasible   57      3234.69000 2266.71813  29.9%  92.3 1050s
 383402 69581 infeasible   50      3234.69000 2266.89599  29.9%  92.4 1055s
 384722 69652     cutoff   67      3234.69000 2267.07175  29.9%  92.5 1060s
 386117 69693 infeasible   51      3234.69000 2267.27267  29.9%  92.5 1065s
 387381 69670     cutoff   57      3234.69000 2267.43111  29.9%  92.6 1070s
 389452 69700 infeasible   48      3234.69000 2267.72312  29.9%  92.6 1075s
 390999 69669 infeasible   63      3234.69000 2267.98444  29.9%  92.7 1080s
 392689 69687 infeasible   63      3234.69000 2268.19757  29.9%  92.8 1085s
 394096 69667 infeasible   47      3234.69000 2268.39025  29.9%  92.8 1090s
 395821 69660 infeasible   58      3234.69000 2268.65882  29.9%  92.9 1095s
 396860 69593 2315.09632   55   63 3234.69000 2268.82016  29.9%  93.0 1100s
 397981 69589     cutoff   47      3234.69000 2268.97437  29.9%  93.0 1105s
 399549 69483 2406.38627   60  125 3234.69000 2269.22648  29.8%  93.0 1110s
 401314 69387     cutoff   63      3234.69000 2269.54686  29.8%  93.1 1115s
 402911 69324     cutoff   66      3234.69000 2269.78815  29.8%  93.2 1120s
 403993 69311 2314.38224   49   65 3234.69000 2269.96433  29.8%  93.3 1125s
 406073 69307 2370.56504   49   83 3234.69000 2270.23735  29.8%  93.4 1130s
 407626 69231     cutoff   54      3234.69000 2270.49972  29.8%  93.4 1135s
 409104 69241     cutoff   56      3234.69000 2270.70121  29.8%  93.5 1140s
 410370 69171 2275.56390   45   63 3234.69000 2270.88412  29.8%  93.6 1145s
 411787 69118 infeasible   57      3234.69000 2271.11091  29.8%  93.6 1150s
 413571 69160 infeasible   48      3234.69000 2271.34876  29.8%  93.7 1155s
 415432 69109 infeasible   56      3234.69000 2271.66765  29.8%  93.8 1160s
 416653 69009 infeasible   44      3234.69000 2271.85517  29.8%  93.8 1165s
 418003 68917 infeasible   54      3234.69000 2272.08979  29.8%  93.9 1170s
 419520 68802 2297.81068   57   52 3234.69000 2272.35096  29.8%  94.0 1175s
 420859 68759 2312.43649   75   60 3234.69000 2272.56014  29.7%  94.0 1180s
 422098 68693 infeasible   53      3234.69000 2272.76886  29.7%  94.1 1185s
 423094 68713     cutoff   57      3234.69000 2272.92015  29.7%  94.1 1190s
 424214 68612 2281.50872   51   69 3234.69000 2273.08594  29.7%  94.2 1195s
 425523 68628 infeasible   62      3234.69000 2273.25391  29.7%  94.2 1200s
 426822 68599 infeasible   69      3234.69000 2273.44863  29.7%  94.3 1205s
 428413 68526 2325.17652   83  110 3234.69000 2273.67191  29.7%  94.3 1210s
 429204 68522     cutoff   42      3234.69000 2273.79060  29.7%  94.4 1215s
 430729 68449 infeasible   58      3234.69000 2274.05000  29.7%  94.4 1220s
 432235 68339 infeasible   45      3234.69000 2274.29724  29.7%  94.5 1225s
 433917 68293 infeasible   54      3234.69000 2274.52335  29.7%  94.5 1230s
 435356 68124 infeasible   54      3234.69000 2274.75730  29.7%  94.6 1235s
 436675 68091     cutoff   63      3234.69000 2274.98726  29.7%  94.7 1240s
 438128 67994     cutoff   45      3234.69000 2275.21681  29.7%  94.7 1246s
 439381 67939 infeasible   65      3234.69000 2275.40803  29.7%  94.8 1250s
 440920 67890     cutoff   40      3234.69000 2275.64409  29.6%  94.9 1256s
 441993 67770     cutoff   72      3234.69000 2275.79971  29.6%  94.9 1260s
 443442 67675     cutoff   56      3234.69000 2276.03774  29.6%  95.0 1265s
 444420 67615 2279.43839   51   46 3234.69000 2276.20262  29.6%  95.0 1270s
 445972 67523     cutoff   69      3234.69000 2276.43624  29.6%  95.1 1275s
 447387 67402     cutoff   54      3234.69000 2276.65814  29.6%  95.2 1280s
 448672 67321     cutoff   51      3234.69000 2276.85337  29.6%  95.2 1285s
 450067 67159     cutoff   51      3234.69000 2277.08919  29.6%  95.3 1290s
 451491 67071 infeasible   48      3234.69000 2277.30639  29.6%  95.4 1296s
 452656 66973 infeasible   62      3234.69000 2277.50036  29.6%  95.4 1300s
 454083 66795     cutoff   56      3234.69000 2277.73816  29.6%  95.5 1305s
 455080 66778 2306.87740   67   75 3234.69000 2277.85739  29.6%  95.5 1310s
 456619 66672 infeasible   55      3234.69000 2278.11401  29.6%  95.6 1315s
 457875 66635 2288.20853   43   72 3234.69000 2278.30375  29.6%  95.7 1320s
 459622 66676 2320.82320   64  104 3234.69000 2278.50755  29.6%  95.7 1326s
 460822 66589 2278.72607   61   41 3234.69000 2278.69014  29.6%  95.8 1330s
 462283 66437 infeasible   60      3234.69000 2278.91870  29.5%  95.8 1335s
 463544 66299 2785.19660   71   49 3234.69000 2279.15567  29.5%  95.9 1340s
 465023 66227     cutoff   64      3234.69000 2279.37637  29.5%  96.0 1345s
 466061 66078 infeasible   55      3234.69000 2279.57739  29.5%  96.0 1350s
 467343 65892 infeasible   58      3234.69000 2279.77022  29.5%  96.1 1356s
 468588 65832 2391.23896   65   75 3234.69000 2279.96607  29.5%  96.1 1360s
 470000 65720     cutoff   64      3234.69000 2280.16982  29.5%  96.2 1365s
 471046 65650 infeasible   61      3234.69000 2280.38690  29.5%  96.2 1370s
 472644 65576 2768.91438   49   97 3234.69000 2280.61666  29.5%  96.3 1375s
 473720 65509 infeasible   58      3234.69000 2280.80405  29.5%  96.3 1380s
 475229 65372 2311.35814   51   92 3234.69000 2281.02087  29.5%  96.4 1385s
 476767 65294     cutoff   54      3234.69000 2281.28143  29.5%  96.4 1390s
 478204 65098 infeasible   67      3234.69000 2281.55245  29.5%  96.5 1395s
 479611 64963 infeasible   58      3234.69000 2281.78583  29.5%  96.5 1400s
 481171 64894 2444.24406   55   71 3234.69000 2282.01856  29.5%  96.6 1405s
 482547 64746 2319.39591   50   75 3234.69000 2282.26498  29.4%  96.6 1410s
 483989 64594 infeasible   62      3234.69000 2282.50190  29.4%  96.7 1415s
 485438 64445 2323.42062   67   77 3234.69000 2282.72970  29.4%  96.8 1420s
 486703 64354     cutoff   53      3234.69000 2282.91209  29.4%  96.8 1425s
 488263 64099     cutoff   66      3234.69000 2283.22022  29.4%  96.9 1430s
 489594 63958     cutoff   70      3234.69000 2283.46055  29.4%  96.9 1435s
 490983 63815 infeasible   74      3234.69000 2283.69256  29.4%  97.0 1440s
 492487 63582 2438.07373   62   85 3234.69000 2284.00181  29.4%  97.0 1445s
 494053 63348 infeasible   68      3234.69000 2284.27789  29.4%  97.1 1450s
 495251 63250 infeasible   55      3234.69000 2284.47355  29.4%  97.2 1455s
 496592 63133 2355.47491   51   91 3234.69000 2284.72565  29.4%  97.2 1460s
 498129 63031 2310.44585   50   58 3234.69000 2284.97705  29.4%  97.2 1465s
 499637 62766 infeasible   63      3234.69000 2285.27400  29.4%  97.3 1470s
 501090 62633     cutoff   56      3234.69000 2285.51945  29.3%  97.4 1475s
 502424 62439 infeasible   64      3234.69000 2285.74990  29.3%  97.4 1480s
 503684 62199     cutoff   55      3234.69000 2286.00366  29.3%  97.5 1485s
 505095 62067 2296.51625   42   95 3234.69000 2286.26750  29.3%  97.5 1490s
 506318 61840 2301.39484   69   88 3234.69000 2286.48000  29.3%  97.6 1495s
 507779 61717 infeasible   45      3234.69000 2286.72585  29.3%  97.6 1500s
 509196 61562 2459.03714   59  100 3234.69000 2286.97590  29.3%  97.7 1505s
 510600 61346 2293.42786   64   40 3234.69000 2287.21767  29.3%  97.7 1510s
 512007 61190 2304.27195   68   62 3234.69000 2287.45522  29.3%  97.8 1515s
 513480 60998 2462.48633   55   97 3234.69000 2287.68905  29.3%  97.8 1520s
 514852 60813     cutoff   59      3234.69000 2287.94573  29.3%  97.9 1525s
 516472 60582     cutoff   48      3234.69000 2288.24141  29.3%  97.9 1530s
 517843 60519 2323.51091   61   99 3234.69000 2288.43695  29.3%  98.0 1535s
 519310 60244     cutoff   60      3234.69000 2288.72342  29.2%  98.0 1540s
 520543 59985 infeasible   63      3234.69000 2289.00757  29.2%  98.1 1545s
 521811 59740 infeasible   39      3234.69000 2289.25498  29.2%  98.2 1550s
 523239 59570 infeasible   63      3234.69000 2289.51669  29.2%  98.2 1555s
 524586 59401     cutoff   48      3234.69000 2289.75592  29.2%  98.3 1560s
 526224 59193 infeasible   58      3234.69000 2290.09065  29.2%  98.3 1565s
 527554 58957 2299.28494   53   57 3234.69000 2290.37718  29.2%  98.4 1570s
 528991 58821 infeasible   62      3234.69000 2290.62935  29.2%  98.4 1575s
 530401 58631 2334.42179   58   77 3234.69000 2290.89846  29.2%  98.5 1580s
 531733 58430     cutoff   64      3234.69000 2291.15528  29.2%  98.5 1585s
 533298 58176 infeasible   61      3234.69000 2291.45032  29.2%  98.6 1590s
 534633 57932 2495.97900   71   63 3234.69000 2291.69860  29.2%  98.6 1595s
 536020 57754 2297.10895   61  105 3234.69000 2291.93292  29.1%  98.7 1600s
 537456 57458     cutoff   71      3234.69000 2292.24136  29.1%  98.7 1605s
 538843 57250 infeasible   55      3234.69000 2292.48267  29.1%  98.8 1610s
 540353 56936 infeasible   70      3234.69000 2292.76376  29.1%  98.8 1615s
 541554 56682 2305.52648   62   20 3234.69000 2293.00051  29.1%  98.9 1620s
 543087 56424 2305.88348   76   72 3234.69000 2293.31957  29.1%  98.9 1625s
 544431 56208 2330.41235   58   96 3234.69000 2293.60212  29.1%  99.0 1630s
 545684 55989 2361.38085   54   71 3234.69000 2293.85541  29.1%  99.1 1635s
 547080 55817 infeasible   59      3234.69000 2294.10482  29.1%  99.1 1640s
 548663 55544     cutoff   60      3234.69000 2294.40392  29.1%  99.2 1645s
 549958 55342     cutoff   60      3234.69000 2294.65656  29.1%  99.2 1650s
 551209 55081 2349.00308   55   72 3234.69000 2294.91322  29.1%  99.2 1655s
 552527 54890 2318.65755   58   53 3234.69000 2295.19182  29.0%  99.3 1660s
 554062 54608 2327.48893   68   58 3234.69000 2295.53394  29.0%  99.3 1665s
 555666 54350 infeasible   56      3234.69000 2295.82661  29.0%  99.4 1670s
 557083 54151 2298.61228   49   56 3234.69000 2296.09260  29.0%  99.4 1675s
 558409 53932 2298.95410   61   35 3234.69000 2296.35680  29.0%  99.5 1680s
 559779 53696 infeasible   52      3234.69000 2296.61182  29.0%   100 1685s
 561335 53422 infeasible   54      3234.69000 2296.93500  29.0%   100 1690s
 562820 53156     cutoff   66      3234.69000 2297.28339  29.0%   100 1695s
 564308 53100     cutoff   68      3234.69000 2297.55249  29.0%   100 1700s
 565461 52869 infeasible   59      3234.69000 2297.75725  29.0%   100 1705s
 566866 52579 infeasible   60      3234.69000 2298.05979  29.0%   100 1710s
 568156 52371     cutoff   59      3234.69000 2298.32876  28.9%   100 1715s
 569389 52116     cutoff   59      3234.69000 2298.58787  28.9%   100 1720s
 570868 51835     cutoff   65      3234.69000 2298.94550  28.9%   100 1725s
 572095 51566 infeasible   70      3234.69000 2299.23806  28.9%   100 1730s
 573037 51417 infeasible   46      3234.69000 2299.42992  28.9%   100 1735s
 574478 51264 infeasible   57      3234.69000 2299.70697  28.9%   100 1740s
 575954 50975 infeasible   61      3234.69000 2300.04428  28.9%   100 1745s
 577287 50785     cutoff   58      3234.69000 2300.32601  28.9%   100 1750s
 578562 50545     cutoff   63      3234.69000 2300.61757  28.9%   100 1755s
 580033 50228     cutoff   64      3234.69000 2301.00635  28.9%   100 1760s
 581485 49919     cutoff   48      3234.69000 2301.33744  28.9%   100 1765s
 582787 49680 infeasible   56      3234.69000 2301.60523  28.8%   100 1770s
 584352 49398 infeasible   50      3234.69000 2301.94656  28.8%   100 1775s
 585504 49134 infeasible   61      3234.69000 2302.24921  28.8%   100 1780s
 586735 48850 2369.58195   65  105 3234.69000 2302.53125  28.8%   100 1785s
 588122 48495 2327.52775   54   65 3234.69000 2302.89242  28.8%   100 1790s
 589598 48229 infeasible   53      3234.69000 2303.26031  28.8%   101 1795s
 590843 47943 infeasible   49      3234.69000 2303.55276  28.8%   101 1800s
 592308 47617     cutoff   61      3234.69000 2303.89133  28.8%   101 1805s
 593689 47290 infeasible   59      3234.69000 2304.26400  28.8%   101 1810s
 595196 46992 infeasible   57      3234.69000 2304.61270  28.8%   101 1815s
 596540 46687     cutoff   46      3234.69000 2304.96359  28.7%   101 1820s
 597923 46353     cutoff   51      3234.69000 2305.32928  28.7%   101 1825s
 599039 46042 2305.63741   52   57 3234.69000 2305.63741  28.7%   101 1830s
 600494 45723 2306.17617   59   70 3234.69000 2305.99803  28.7%   101 1835s
 601895 45478 2781.80024   51   76 3234.69000 2306.29602  28.7%   101 1840s
 603293 45141 2309.42666   57   56 3234.69000 2306.65258  28.7%   101 1845s
 604535 44895     cutoff   41      3234.69000 2306.97173  28.7%   101 1850s
 605893 44539 infeasible   49      3234.69000 2307.39277  28.7%   101 1855s
 607349 44204 infeasible   64      3234.69000 2307.78880  28.7%   101 1860s
 608818 43877 infeasible   66      3234.69000 2308.18533  28.6%   101 1865s
 610087 43657 infeasible   63      3234.69000 2308.50553  28.6%   101 1870s
 611597 43334 infeasible   50      3234.69000 2308.91882  28.6%   101 1875s
 612964 42996     cutoff   60      3234.69000 2309.33206  28.6%   101 1880s
 614223 42683 infeasible   53      3234.69000 2309.67767  28.6%   101 1885s
 615632 42340     cutoff   65      3234.69000 2310.06230  28.6%   101 1890s
 616973 41968 infeasible   56      3234.69000 2310.46680  28.6%   101 1895s
 618418 41677 2434.87283   70  111 3234.69000 2310.86611  28.6%   101 1900s
 619745 41456 infeasible   70      3234.69000 2311.22892  28.5%   101 1905s
 620958 41211     cutoff   47      3234.69000 2311.55877  28.5%   101 1910s
 622480 40881 infeasible   50      3234.69000 2311.94349  28.5%   102 1915s
 623648 40623 infeasible   55      3234.69000 2312.31239  28.5%   102 1920s
 625182 40387 2326.77314   61   40 3234.69000 2312.71426  28.5%   102 1925s
 626411 40139     cutoff   51      3234.69000 2313.05784  28.5%   102 1930s
 627761 39784 2327.57578   59   55 3234.69000 2313.50980  28.5%   102 1935s
 629035 39383 infeasible   56      3234.69000 2313.91785  28.5%   102 1940s
 630464 39082     cutoff   63      3234.69000 2314.34570  28.5%   102 1945s
 631866 38751 2345.75257   75  104 3234.69000 2314.81673  28.4%   102 1950s
 632808 38523     cutoff   52      3234.69000 2315.10345  28.4%   102 1955s
 634276 38217     cutoff   67      3234.69000 2315.53354  28.4%   102 1960s
 635604 37846 infeasible   65      3234.69000 2315.96705  28.4%   102 1965s
 636993 37493 2324.49177   75   71 3234.69000 2316.39231  28.4%   102 1970s
 638378 37144 2325.25715   73   52 3234.69000 2316.82800  28.4%   102 1975s
 639578 36880 2319.96524   75   73 3234.69000 2317.20178  28.4%   102 1980s
 640923 36536     cutoff   60      3234.69000 2317.59542  28.4%   102 1985s
 642405 36120 2396.13224   60   61 3234.69000 2318.14210  28.3%   102 1990s
 643838 35666 2318.67944   56   66 3234.69000 2318.67944  28.3%   102 1995s
 645120 35277     cutoff   52      3234.69000 2319.15209  28.3%   102 2000s
 646611 34868 2334.14903   60   90 3234.69000 2319.71755  28.3%   102 2005s
 647934 34491 2510.90953   66  109 3234.69000 2320.19866  28.3%   102 2010s
 649341 34024 2339.95173   69   84 3234.69000 2320.70432  28.3%   102 2015s
 650546 33621 infeasible   72      3234.69000 2321.17708  28.2%   102 2020s
 651911 33148     cutoff   56      3234.69000 2321.72231  28.2%   102 2025s
 653218 32747 infeasible   57      3234.69000 2322.19530  28.2%   103 2030s
 654413 32339 2329.15670   62   77 3234.69000 2322.72055  28.2%   103 2035s
 655695 31958     cutoff   68      3234.69000 2323.22468  28.2%   103 2040s
 657089 31477 2422.25310   74  125 3234.69000 2323.82800  28.2%   103 2045s
 658426 30981 infeasible   70      3234.69000 2324.44623  28.1%   103 2050s
 659709 30613     cutoff   66      3234.69000 2324.93577  28.1%   103 2055s
 660951 30219 infeasible   51      3234.69000 2325.46928  28.1%   103 2060s
 662211 29825 2326.17442   44   65 3234.69000 2326.02532  28.1%   103 2065s
 663514 29471     cutoff   74      3234.69000 2326.55653  28.1%   103 2070s
 664809 29094 infeasible   67      3234.69000 2327.12584  28.1%   103 2075s
 666027 28707     cutoff   62      3234.69000 2327.62591  28.0%   103 2080s
 667370 28357 2685.06751   58   58 3234.69000 2328.24602  28.0%   103 2085s
 668306 28060 infeasible   62      3234.69000 2328.66830  28.0%   103 2090s
 669529 27708 2329.55992   75   66 3234.69000 2329.25075  28.0%   103 2095s
 670855 27333 infeasible   65      3234.69000 2329.82819  28.0%   103 2100s
 672253 26861 2335.79190   68   53 3234.69000 2330.54704  28.0%   103 2105s
 673549 26494     cutoff   60      3234.69000 2331.09104  27.9%   103 2110s
 674828 26112 infeasible   60      3234.69000 2331.75047  27.9%   103 2115s
 676314 25641 2654.76176   52   68 3234.69000 2332.53630  27.9%   103 2120s
 677475 25229     cutoff   48      3234.69000 2333.20611  27.9%   103 2125s
 678658 24808 infeasible   56      3234.69000 2333.88167  27.8%   103 2130s
 680024 24362 infeasible   71      3234.69000 2334.70353  27.8%   103 2135s
 681437 23912     cutoff   53      3234.69000 2335.42341  27.8%   103 2140s
 682593 23502 2345.74235   81   97 3234.69000 2336.13233  27.8%   103 2145s
 683572 23157 infeasible   53      3234.69000 2336.73286  27.8%   104 2150s
 684636 22712 2433.12347   59   70 3234.69000 2337.40304  27.7%   104 2156s
 685729 22413     cutoff   61      3234.69000 2338.07779  27.7%   104 2160s
 686577 22142 infeasible   66      3234.69000 2338.57825  27.7%   104 2165s
 687915 21681 infeasible   67      3234.69000 2339.52118  27.7%   104 2170s
 689208 21185 infeasible   49      3234.69000 2340.47861  27.6%   104 2175s
 690334 20757 2348.93179   57   99 3234.69000 2341.31166  27.6%   104 2180s
 691762 20181 infeasible   68      3234.69000 2342.52701  27.6%   104 2185s
 693011 19690     cutoff   49      3234.69000 2343.56048  27.5%   104 2190s
 694153 19266 infeasible   57      3234.69000 2344.51640  27.5%   104 2195s
 695385 18847 infeasible   64      3234.69000 2345.50591  27.5%   104 2200s
 696622 18444 2483.95243   52  124 3234.69000 2346.54261  27.5%   104 2205s
 697870 17946 infeasible   65      3234.69000 2347.76927  27.4%   104 2210s
 698852 17604 2354.27260   63   84 3234.69000 2348.71039  27.4%   104 2215s
 700109 17084 2380.98680   59   86 3234.69000 2350.14568  27.3%   104 2220s
 701179 16633     cutoff   50      3234.69000 2351.37313  27.3%   104 2225s
 702468 16117 2373.35288   57   99 3234.69000 2352.86601  27.3%   104 2230s
 703745 15614     cutoff   51      3234.69000 2354.37352  27.2%   104 2235s
 704972 15094 infeasible   66      3234.69000 2355.97664  27.2%   104 2240s
 706100 14553 infeasible   69      3234.69000 2357.65523  27.1%   104 2245s
 707263 14019 2412.88608   66  119 3234.69000 2359.40178  27.1%   104 2250s
 708464 13482 infeasible   73      3234.69000 2361.36430  27.0%   104 2255s
 709755 12869     cutoff   63      3234.69000 2363.67649  26.9%   104 2260s
 710929 12325 infeasible   74      3234.69000 2366.01973  26.9%   104 2265s
 712111 11790     cutoff   62      3234.69000 2368.41073  26.8%   104 2270s
 713281 11156     cutoff   68      3234.69000 2371.47339  26.7%   104 2275s
 714478 10509     cutoff   57      3234.69000 2374.69132  26.6%   105 2280s
 715639  9877 infeasible   62      3234.69000 2378.75962  26.5%   105 2285s
 716825  9244 infeasible   57      3234.69000 2383.33505  26.3%   105 2290s
 718066  8514 2400.70612   56   70 3234.69000 2389.45593  26.1%   105 2295s
 719546  7712 2413.27979   66   56 3234.69000 2399.14752  25.8%   105 2300s
 721097  6841 infeasible   71      3234.69000 2413.01911  25.4%   105 2305s
 722616  5948 infeasible   66      3234.69000 2434.31896  24.7%   105 2310s
 724402  4891     cutoff   61      3234.69000 2485.23654  23.2%   104 2315s
 726283  3836     cutoff   63      3234.69000 2604.23832  19.5%   104 2320s
 728647  2956     cutoff   45      3234.69000 2820.19575  12.8%   104 2325s
H729564  2382                    3233.9800000 3047.61505  5.76%   104 2326s
 731453  1754 3207.51728   39   71 3233.98000 3194.43591  1.22%   104 2331s
 734163  2150 3206.60498   55   25 3233.98000 3206.54289  0.85%   104 2335s
 737157  2250 3214.76073   42   13 3233.98000 3212.01387  0.68%   103 2340s
 740332  2049 3221.56500   45   31 3233.98000 3216.02553  0.56%   103 2345s
 743797  1152 infeasible   53      3233.98000 3221.33300  0.39%   103 2350s

Cutting planes:
  Learned: 16
  Gomory: 15
  Cover: 9
  Implied bound: 1161
  Clique: 17
  MIR: 103
  Flow cover: 124
  GUB cover: 17
  Zero half: 49
  Mod-K: 2

Explored 745727 nodes (76439320 simplex iterations) in 2352.19 seconds
Thread count was 4 (of 4 available processors)

Optimal solution found (tolerance 1.00e-04)
Best objective 3.233980000000e+03, best bound 3.233700000000e+03, gap 0.0087%
k_c1	100.0
k_c10	9.0
k_c11	8.0
k_c12	19.0
k_c2	91.0
k_c3	100.0
k_c4	24.0
k_c5	5.0
k_c6	4.0
k_c7	15.0
k_c8	98.0
k_c9	15.0
k_dN	0.0
o_1	0.0
o_10	0.0
o_11	0.0
o_12	0.0
o_2	0.0
o_3	0.0
o_4	0.0
o_5	0.0
o_6	0.0
o_7	1.0
o_8	0.0
o_9	0.0
p_1	0.0
p_10	1.0
p_11	0.0
p_12	0.0
p_2	0.0
p_3	0.0
p_4	1.0
p_5	0.0
p_6	0.0
p_7	1.0
p_8	0.0
p_9	0.0
phi_c1	3.0
phi_c10	1.0
phi_c11	3.0
phi_c12	3.0
phi_c2	1.0
phi_c3	4.0
phi_c4	0.0
phi_c5	2.0
phi_c6	1.0
phi_c7	0.0
phi_c8	1.0
phi_c9	2.0
phi_dN	0.0
pi_c1	0.0
pi_c10	4.0
pi_c11	0.0
pi_c12	21.0
pi_c2	0.0
pi_c3	0.0
pi_c4	9.0
pi_c5	0.0
pi_c6	0.0
pi_c7	21.0
pi_c8	0.0
pi_c9	0.0
pi_dN	0.0
tauD_c1	8.0
tauD_c10	60.0
tauD_c11	70.0
tauD_c12	45.0
tauD_c2	15.0
tauD_c3	5.0
tauD_c4	30.0
tauD_c5	74.0
tauD_c6	80.0
tauD_c7	22.0
tauD_c8	18.0
tauD_c9	51.0
tauD_d0	0.0
tauD_dN	100.0
tauS_c1	83.0
tauS_c10	47.0
tauS_c11	0.0
tauS_c12	84.0
tauS_c2	88.0
tauS_c3	0.0
tauS_c4	34.0
tauS_c5	81.0
tauS_c6	0.0
tauS_c7	4.0
tauS_c8	85.0
tauS_c9	83.0
tauS_d0	0.0
tauS_dN	77.0
x_c10_c5	1.0
x_c11_c6	1.0
x_c12_c9	1.0
x_c1_c8	1.0
x_c2_c7	1.0
x_c3_c2	1.0
x_c4_c12	1.0
x_c5_dN	1.0
x_c6_dN	1.0
x_c7_c11	1.0
x_c8_c4	1.0
x_c9_c10	1.0
x_d0_c1	1.0
x_d0_c3	1.0
z_c10_dN	1.0
z_c4_c10	1.0
z_c7_c4	1.0
z_d0_c7	1.0
