
Gurobi 6.0.4 (win64) logging started 06/12/15 18:46:45

Read LP format model from file E:\Eigene Dateien\Downloads\Michi shit\VRPTWMS-master\VRPTWMS\instances\mip\fuel\N12-C_DV100-C_SV25_F5_11_No_1.lp
Reading time = 0.02 seconds
(null): 865 rows, 404 columns, 3771 nonzeros
Optimize a model with 865 rows, 404 columns and 3771 nonzeros
Model has 1872 quadratic constraints
WARNING: Only barrier available for SOCP models
Coefficient statistics:
  Matrix range    [1e+00, 1e+02]
  Objective range [6e+00, 1e+03]
  Bounds range    [1e+00, 1e+02]
  RHS range       [1e+00, 1e+02]
Presolve removed 88 rows and 61 columns
Presolve time: 0.11s
Presolved: 3409 rows, 1704 columns, 17588 nonzeros
Variable types: 1271 continuous, 433 integer (370 binary)
Found heuristic solution: objective 14639.720000
Optimize a model with 3409 rows, 1704 columns and 17588 nonzeros
Coefficient statistics:
  Matrix range    [1e+00, 1e+02]
  Objective range [6e+00, 1e+03]
  Bounds range    [1e+00, 1e+02]
  RHS range       [1e+00, 1e+02]

Concurrent LP optimizer: dual simplex and barrier
Showing barrier log only...

Presolve removed 298 rows and 191 columns
Presolved: 3111 rows, 1514 columns, 16263 nonzeros

Root barrier log...

Ordering time: 0.02s

Barrier performed 0 iterations in 0.14 seconds
Barrier solve interrupted - model solved by another algorithm


Solved with dual simplex
Solved in 135 iterations and 0.14 seconds
Optimal objective  1.142824946e+03

Root relaxation: objective 1.142825e+03, 135 iterations, 0.03 seconds

    Nodes    |    Current Node    |     Objective Bounds      |     Work
 Expl Unexpl |  Obj  Depth IntInf | Incumbent    BestBd   Gap | It/Node Time

     0     0 1142.82495    0   43 14639.7200 1142.82495  92.2%     -    0s
     0     0 1524.45569    0   52 14639.7200 1524.45569  89.6%     -    0s
H    0     0                    11589.610000 1524.45569  86.8%     -    0s
H    0     0                    10561.260000 1524.45569  85.6%     -    0s
     0     0 1774.19186    0   52 10561.2600 1774.19186  83.2%     -    0s
H    0     0                    9529.1700000 1774.19186  81.4%     -    0s
     0     0 2112.15607    0   77 9529.17000 2112.15607  77.8%     -    0s
H    0     0                    8505.3200000 2112.15607  75.2%     -    0s
     0     0 2120.28945    0   78 8505.32000 2120.28945  75.1%     -    0s
     0     0 2124.28929    0   68 8505.32000 2124.28929  75.0%     -    0s
H    0     0                    6522.5900000 2124.28929  67.4%     -    0s
     0     0 2130.07975    0   84 6522.59000 2130.07975  67.3%     -    0s
     0     0 2130.07975    0   85 6522.59000 2130.07975  67.3%     -    0s
     0     0 2133.06740    0   68 6522.59000 2133.06740  67.3%     -    0s
     0     0 2133.06740    0   88 6522.59000 2133.06740  67.3%     -    0s
     0     0 2133.06740    0   74 6522.59000 2133.06740  67.3%     -    0s
     0     0 2133.06740    0   80 6522.59000 2133.06740  67.3%     -    0s
     0     0 2133.06740    0   71 6522.59000 2133.06740  67.3%     -    0s
     0     2 2133.06740    0   67 6522.59000 2133.06740  67.3%     -    0s
H  110   109                    6504.8400000 2233.08675  65.7%  30.7    0s
H  311   261                    6504.5700000 2238.36195  65.6%  39.1    0s
H  592   424                    5397.8200000 2238.36195  58.5%  36.6    1s
H  775   516                    5385.6200000 2238.36195  58.4%  36.7    1s
H  797   461                    4398.8300000 2238.36195  49.1%  36.7    1s
  1118   675 2262.01633   14   91 4398.83000 2256.75855  48.7%  34.6    5s
H 2287  1105                    4396.7900000 2268.36923  48.4%  50.8    9s
  2375  1159 3331.92248   52   59 4396.79000 2268.36923  48.4%  51.4   10s
H 2487  1160                    4396.1500000 2270.13656  48.4%  51.0   10s
H 2687  1193                    4389.7800000 2271.15910  48.3%  51.6   11s
H 2710  1169                    4373.6300000 2271.15910  48.1%  51.6   11s
  3550  1679 3393.28136   52   82 4373.63000 2278.65186  47.9%  55.7   15s
  6691  3313     cutoff   52      4373.63000 2296.09704  47.5%  59.2   20s
  8486  4086 2492.87464   31  108 4373.63000 2305.27097  47.3%  62.9   25s
H 9766  4612                    4367.6800000 2309.47650  47.1%  64.1   27s
 11125  5271 3403.87158   51   30 4367.68000 2314.87126  47.0%  65.7   30s
 12635  5907     cutoff   46      4367.68000 2319.90215  46.9%  67.6   35s
 14739  6698 2553.77237   25   81 4367.68000 2326.70352  46.7%  70.0   40s
 16947  7357 2360.81136   31   72 4367.68000 2339.38500  46.4%  73.0   45s
 18668  7930 infeasible   38      4367.68000 2347.20274  46.3%  74.2   50s
 20623  8507 2809.58250   36   71 4367.68000 2360.07739  46.0%  75.7   58s
 20629  8511 2469.68111   29   97 4367.68000 2360.07739  46.0%  75.7   60s
 20643  8520 2809.58250   36   97 4367.68000 2360.07739  46.0%  75.6   65s
 20656  8529 2566.95223   34  114 4367.68000 2360.07739  46.0%  75.6   70s
 20668  8537 3364.90875   40  113 4367.68000 2360.07739  46.0%  75.5   75s
 20799  8588 2360.07739   33   51 4367.68000 2360.07739  46.0%  76.0   81s
 23073  9058 infeasible   54      4367.68000 2360.07739  46.0%  75.8   86s
H24130  8642                    4367.6000000 2360.07739  46.0%  76.4   88s
 25046  8627 3374.38006   58   46 4367.60000 2360.07739  46.0%  77.1   90s
 27174  8581     cutoff   66      4367.60000 2360.07739  46.0%  78.7   95s
H27972  8113                    4365.1200000 2360.07739  45.9%  79.3   95s
 28906  8046     cutoff   51      4365.12000 2360.07739  45.9%  79.7  100s
H29136  7607                    4361.7300000 2360.07739  45.9%  80.0  100s
H29799  7097                    4360.6800000 2360.07739  45.9%  80.9  102s
 31432  6773     cutoff   44      4360.68000 2381.02803  45.4%  83.3  106s
H32214  6231                    4356.4600000 2390.34465  45.1%  84.0  108s
 32639  6055 3441.01752   54   61 4356.46000 2395.82234  45.0%  84.4  110s
 35114  5324 2603.48045   55  107 4356.46000 2432.68035  44.2%  86.9  116s
 36702  4725 3477.39675   82   58 4356.46000 2487.68434  42.9%  88.1  120s
 39161  4093 4343.62138   46   26 4356.46000 2776.46724  36.3%  88.7  125s
H41121  4273                    4354.4000000 3258.49120  25.2%  88.0  126s
 42554  4962 3268.36992   35   22 4354.40000 3265.78889  25.0%  87.3  130s
H45651  6476                    4352.5500000 3271.16293  24.8%  85.2  132s
H45661  6449                    4348.5700000 3271.16293  24.8%  85.1  132s
 47617  7627 infeasible   44      4348.57000 3273.94247  24.7%  84.1  136s
 51633  9344 3344.45427   42   34 4348.57000 3285.83731  24.4%  82.6  141s
 55317 11063 infeasible   49      4348.57000 3290.01492  24.3%  81.3  145s
 59489 12670 3897.20758   55   36 4348.57000 3294.81835  24.2%  80.4  151s
H59713 12702                    4342.1500000 3294.88861  24.1%  80.4  151s
H61351 13126                    4337.9300000 3296.19742  24.0%  79.9  154s
 61909 13338 3578.42656   45   48 4337.93000 3297.27154  24.0%  79.9  155s
 65014 14330 infeasible   71      4337.93000 3300.23003  23.9%  79.6  160s
 68439 15325 3389.25343   49   61 4337.93000 3302.92365  23.9%  79.3  165s
 72095 16212     cutoff   58      4337.93000 3305.99354  23.8%  79.5  170s
 75488 16945 3318.95359   53   26 4337.93000 3308.09636  23.7%  79.7  175s
 78936 17694 3393.55166   63   62 4337.93000 3310.20409  23.7%  79.7  180s
 81959 18174 3410.85099   51   66 4337.93000 3312.23337  23.6%  79.9  185s
 84920 18633 infeasible   59      4337.93000 3314.06665  23.6%  80.1  190s
 88340 19197 3335.37471   54   45 4337.93000 3316.03311  23.6%  80.5  195s
 91306 19675 4327.98061   38   36 4337.93000 3317.72267  23.5%  80.7  200s
 94534 20137     cutoff   55      4337.93000 3319.67837  23.5%  80.9  205s
 96892 20304 3405.19693   52   57 4337.93000 3320.91070  23.4%  81.1  210s
 100023 20645 3383.10852   65   69 4337.93000 3322.65071  23.4%  81.3  215s
 102762 20748 3344.81166   68   41 4337.93000 3324.39592  23.4%  81.6  220s
 105738 20728     cutoff   49      4337.93000 3326.19539  23.3%  82.1  225s
 108647 20804 3347.93855   56   43 4337.93000 3327.85461  23.3%  82.4  230s
 111152 20763 3358.64393   67   35 4337.93000 3329.28076  23.3%  82.8  235s
 113889 20748 3474.60433   55   56 4337.93000 3330.93777  23.2%  83.1  240s
 116212 20775     cutoff   43      4337.93000 3332.28146  23.2%  83.4  245s
 119014 20564 infeasible   46      4337.93000 3334.07534  23.1%  83.7  250s
 121513 20403 3437.20122   46   64 4337.93000 3335.59035  23.1%  84.1  255s
 124142 20304     cutoff   56      4337.93000 3337.03333  23.1%  84.3  260s
 125751 20255 infeasible   45      4337.93000 3338.07449  23.0%  84.6  266s
 127391 20006 3351.57491   49   63 4337.93000 3339.17797  23.0%  84.9  270s
 129706 19815 3535.30022   38   72 4337.93000 3340.71764  23.0%  85.2  275s
 132205 19512     cutoff   63      4337.93000 3342.62081  22.9%  85.6  280s
 134924 19183     cutoff   51      4337.93000 3344.75208  22.9%  85.9  285s
 137010 18904     cutoff   63      4337.93000 3346.36768  22.9%  86.2  290s
 139252 18535     cutoff   57      4337.93000 3348.11660  22.8%  86.6  295s
 141485 18162 3357.81261   42   58 4337.93000 3350.02036  22.8%  86.8  300s
 143522 17709     cutoff   55      4337.93000 3351.68498  22.7%  87.2  305s
 145485 17272     cutoff   54      4337.93000 3353.37304  22.7%  87.4  310s
 147758 16803     cutoff   63      4337.93000 3355.47076  22.6%  87.8  315s
 149360 16348     cutoff   62      4337.93000 3357.04489  22.6%  88.1  320s
 151571 15883     cutoff   36      4337.93000 3359.19772  22.6%  88.3  325s
 153726 15329 3370.14391   75   54 4337.93000 3361.43392  22.5%  88.6  330s
 156235 14668 infeasible   50      4337.93000 3364.18792  22.4%  88.9  335s
 158242 14147 3454.18186   48   66 4337.93000 3366.33773  22.4%  89.2  340s
 160461 13605     cutoff   76      4337.93000 3368.59846  22.3%  89.4  345s
 162957 13011 infeasible   77      4337.93000 3371.57889  22.3%  89.7  350s
 165243 12284 3579.85120   51   71 4337.93000 3374.77327  22.2%  90.0  355s
 167537 11609 infeasible   65      4337.93000 3377.92232  22.1%  90.3  360s
 169676 11035     cutoff   61      4337.93000 3381.04022  22.1%  90.6  365s
 171593 10242     cutoff   68      4337.93000 3384.38964  22.0%  91.0  370s
 173812  9509     cutoff   56      4337.93000 3388.11953  21.9%  91.2  375s
 176038  8767 3419.46295   53   64 4337.93000 3392.22214  21.8%  91.5  380s
 178411  7730     cutoff   73      4337.93000 3397.86294  21.7%  91.8  385s
 180876  6839     cutoff   51      4337.93000 3403.90455  21.5%  92.0  390s
 182981  5975 infeasible   52      4337.93000 3410.08459  21.4%  92.3  395s
 185117  5021     cutoff   72      4337.93000 3419.67446  21.2%  92.5  400s
 187425  3997 infeasible   61      4337.93000 3432.72375  20.9%  92.7  405s
 189729  3080     cutoff   53      4337.93000 3451.87423  20.4%  92.9  410s
 192894  1375 4307.16494   60   25 4337.93000 3910.15802  9.86%  92.7  415s
H194282   968                    4335.4100000 4296.06963  0.91%  92.3  416s

Cutting planes:
  Learned: 2
  Gomory: 12
  Cover: 1
  Implied bound: 31
  Clique: 4
  MIR: 8
  Flow cover: 23
  GUB cover: 2
  Zero half: 34

Explored 196908 nodes (17992403 simplex iterations) in 419.87 seconds
Thread count was 4 (of 4 available processors)

Optimal solution found (tolerance 1.00e-04)
Best objective 4.335410000000e+03, best bound 4.335410000000e+03, gap 0.0%
k_c1	98.0
k_c10	100.0
k_c11	5.0
k_c12	100.0
k_c2	94.0
k_c3	9.0
k_c4	96.0
k_c5	97.0
k_c6	4.0
k_c7	98.0
k_c8	100.0
k_c9	90.0
k_dN	0.0
o_1	0.0
o_10	0.0
o_11	0.0
o_12	0.0
o_2	1.0
o_3	0.0
o_4	1.0
o_5	0.0
o_6	0.0
o_7	0.0
o_8	0.0
o_9	0.0
p_1	0.0
p_10	0.0
p_11	0.0
p_12	0.0
p_2	1.0
p_3	0.0
p_4	1.0
p_5	0.0
p_6	0.0
p_7	0.0
p_8	0.0
p_9	0.0
phi_c1	2.0
phi_c10	4.0
phi_c11	1.0
phi_c12	2.0
phi_c2	0.0
phi_c3	3.0
phi_c4	0.0
phi_c5	1.0
phi_c6	2.0
phi_c7	2.0
phi_c8	3.0
phi_c9	2.0
phi_dN	0.0
pi_c1	0.0
pi_c10	0.0
pi_c11	0.0
pi_c12	0.0
pi_c2	10.0
pi_c3	0.0
pi_c4	5.0
pi_c5	0.0
pi_c6	0.0
pi_c7	0.0
pi_c8	0.0
pi_c9	0.0
pi_dN	0.0
tauD_c1	20.0
tauD_c10	6.0
tauD_c11	86.0
tauD_c12	45.0
tauD_c2	37.0
tauD_c3	73.0
tauD_c4	57.0
tauD_c5	40.0
tauD_c6	80.0
tauD_c7	30.0
tauD_c8	18.0
tauD_c9	77.0
tauD_d0	0.0
tauD_dN	100.0
tauS_c1	83.0
tauS_c10	89.0
tauS_c11	89.0
tauS_c12	83.0
tauS_c2	10.0
tauS_c3	86.0
tauS_c4	56.0
tauS_c5	88.0
tauS_c6	87.0
tauS_c7	86.0
tauS_c8	87.0
tauS_c9	86.0
tauS_d0	0.0
tauS_dN	71.0
x_c10_c1	1.0
x_c11_dN	1.0
x_c12_c4	1.0
x_c1_c2	1.0
x_c2_c3	1.0
x_c3_c6	1.0
x_c4_c9	1.0
x_c5_dN	1.0
x_c6_dN	1.0
x_c7_c5	1.0
x_c8_c7	1.0
x_c9_c11	1.0
x_d0_c10	1.0
x_d0_c12	1.0
x_d0_c8	1.0
z_c2_c4	1.0
z_c4_dN	1.0
z_d0_c2	1.0
