
Gurobi 6.0.4 (win64) logging started 06/12/15 18:36:46

Read LP format model from file E:\Eigene Dateien\Downloads\Michi shit\VRPTWMS-master\VRPTWMS\instances\mip\fuel\N12-C_DV100-C_SV25_F5_1_No_1.lp
Reading time = 0.02 seconds
(null): 865 rows, 404 columns, 3771 nonzeros
Optimize a model with 865 rows, 404 columns and 3771 nonzeros
Model has 1872 quadratic constraints
WARNING: Only barrier available for SOCP models
Coefficient statistics:
  Matrix range    [1e+00, 1e+02]
  Objective range [2e+00, 1e+03]
  Bounds range    [1e+00, 1e+02]
  RHS range       [1e+00, 1e+02]
Presolve removed 77 rows and 50 columns
Presolve time: 0.10s
Presolved: 3849 rows, 1934 columns, 19327 nonzeros
Variable types: 1481 continuous, 453 integer (390 binary)
Found heuristic solution: objective 13637.590000
Optimize a model with 3849 rows, 1934 columns and 19327 nonzeros
Coefficient statistics:
  Matrix range    [6e-01, 1e+02]
  Objective range [2e+00, 1e+03]
  Bounds range    [1e+00, 1e+02]
  RHS range       [1e+00, 1e+02]

Concurrent LP optimizer: dual simplex and barrier
Showing barrier log only...

Presolve removed 327 rows and 209 columns
Presolved: 3522 rows, 1727 columns, 17929 nonzeros

Root barrier log...

Ordering time: 0.02s

Barrier performed 0 iterations in 0.15 seconds
Barrier solve interrupted - model solved by another algorithm


Solved with dual simplex
Solved in 204 iterations and 0.15 seconds
Optimal objective  5.037472855e+02

Root relaxation: objective 5.037473e+02, 204 iterations, 0.03 seconds

    Nodes    |    Current Node    |     Objective Bounds      |     Work
 Expl Unexpl |  Obj  Depth IntInf | Incumbent    BestBd   Gap | It/Node Time

     0     0  503.74729    0   53 13637.5900  503.74729  96.3%     -    0s
H    0     0                    10570.510000  503.74729  95.2%     -    0s
     0     0 1347.70246    0   70 10570.5100 1347.70246  87.3%     -    0s
     0     0 1465.83040    0   66 10570.5100 1465.83040  86.1%     -    0s
     0     0 1627.91442    0   72 10570.5100 1627.91442  84.6%     -    0s
     0     0 1760.16888    0   71 10570.5100 1760.16888  83.3%     -    0s
     0     0 1766.67612    0   62 10570.5100 1766.67612  83.3%     -    0s
     0     0 1770.39772    0   65 10570.5100 1770.39772  83.3%     -    0s
     0     0 1770.91929    0   70 10570.5100 1770.91929  83.2%     -    0s
     0     0 1771.44708    0   68 10570.5100 1771.44708  83.2%     -    0s
     0     0 1771.44708    0   65 10570.5100 1771.44708  83.2%     -    0s
     0     0 1771.44708    0   69 10570.5100 1771.44708  83.2%     -    0s
     0     0 1771.44708    0   67 10570.5100 1771.44708  83.2%     -    0s
     0     0 1771.44708    0   68 10570.5100 1771.44708  83.2%     -    0s
     0     0 1771.44708    0   61 10570.5100 1771.44708  83.2%     -    0s
     0     0 1771.44708    0   45 10570.5100 1771.44708  83.2%     -    0s
     0     0 1929.99226    0   47 10570.5100 1929.99226  81.7%     -    0s
     0     0 2233.31595    0   47 10570.5100 2233.31595  78.9%     -    0s
H    0     0                    4367.6600000 2233.31595  48.9%     -    0s
     0     0 2240.76000    0   38 4367.66000 2240.76000  48.7%     -    0s
     0     0 2243.02500    0   43 4367.66000 2243.02500  48.6%     -    0s
     0     0 2243.24333    0   52 4367.66000 2243.24333  48.6%     -    0s
H    0     0                    4341.9800000 2243.24333  48.3%     -    0s
     0     0 2243.26071    0   53 4341.98000 2243.26071  48.3%     -    0s
     0     0 2243.34767    0   51 4341.98000 2243.34767  48.3%     -    1s
     0     0 2243.34767    0   54 4341.98000 2243.34767  48.3%     -    1s
     0     0 2243.34767    0   53 4341.98000 2243.34767  48.3%     -    1s
     0     0 2243.34767    0   51 4341.98000 2243.34767  48.3%     -    1s
     0     0 2243.34767    0   51 4341.98000 2243.34767  48.3%     -    1s
     0     0 2243.34767    0   48 4341.98000 2243.34767  48.3%     -    1s
     0     2 2243.34767    0   48 4341.98000 2243.34767  48.3%     -    1s
H  360   261                    4300.6100000 2251.69947  47.6%  33.2    1s
H 1026   675                    4299.9800000 2266.25347  47.3%  34.3    2s
  1062   699 3443.10147   43   82 4299.98000 2266.25347  47.3%  33.2    5s
H 1537   887                    4299.0100000 2267.54000  47.3%  49.5    9s
  1617   916 infeasible   47      4299.01000 2270.42000  47.2%  50.8   11s
  3257  1406 3378.14631   28   65 4299.01000 2285.21776  46.8%  62.2   15s
  5359  2707 2617.47024   35   96 4299.01000 2293.37289  46.7%  67.2   20s
  7642  4027 2745.68128   34   63 4299.01000 2299.92804  46.5%  71.5   25s
  9053  4715 2332.18232   39   99 4299.01000 2302.38058  46.4%  74.7   30s
H 9054  4191                    3400.3400000 2302.38058  32.3%  74.7   30s
 11362  5180 2361.79968   33   64 3400.34000 2307.03210  32.2%  75.7   35s
H12658  5214                    3359.8800000 2309.13341  31.3%  76.9   39s
 12821  5265 2373.76118   31   74 3359.88000 2309.17821  31.3%  77.0   40s
 15049  6108 2345.86943   31   64 3359.88000 2314.22360  31.1%  78.2   45s
 17328  6965 2389.39312   45   60 3359.88000 2318.64974  31.0%  78.2   50s
 19733  7717 infeasible   50      3359.88000 2322.86356  30.9%  79.8   55s
 20921  8112 2363.17867   36   61 3359.88000 2324.80887  30.8%  80.3   62s
 20934  8121 2339.97065   48   99 3359.88000 2324.80887  30.8%  80.3   65s
 20959  8134 2324.80887   33   65 3359.88000 2324.80887  30.8%  80.3   70s
 21851  8232 2562.92835   42   69 3359.88000 2324.80887  30.8%  80.0   75s
 24623  8529 infeasible   48      3359.88000 2324.80887  30.8%  79.0   82s
 26563  8541 3352.42947   47   64 3359.88000 2324.80887  30.8%  79.3   86s
 28604  8509 3332.71814   44   54 3359.88000 2324.80887  30.8%  79.3   91s
 30832  8371 2383.17662   34   95 3359.88000 2324.80887  30.8%  79.3   96s
 32650  8215 2394.20643   45   84 3359.88000 2325.13208  30.8%  79.6  101s
 33955  8040 2359.50631   45   90 3359.88000 2329.15890  30.7%  79.7  106s
 35455  7887     cutoff   58      3359.88000 2332.34170  30.6%  80.2  110s
 37808  7598 infeasible   47      3359.88000 2338.40492  30.4%  81.1  116s
 39130  7309 3047.21740   43   81 3359.88000 2341.56736  30.3%  81.4  120s
 41140  6909 2407.77633   52   83 3359.88000 2345.63897  30.2%  81.9  125s
 42835  6636 2787.58280   56   48 3359.88000 2348.42384  30.1%  82.5  131s
 43545  6442     cutoff   52      3359.88000 2350.03732  30.1%  82.6  135s
 45811  6010 2528.80232   47  118 3359.88000 2354.67806  29.9%  83.1  141s
 46604  6077 3342.67439   56   25 3359.88000 2356.11897  29.9%  83.3  145s
 48133  6113 2380.35331   54   82 3359.88000 2359.47974  29.8%  84.1  150s
 50101  6219 2365.65764   49   88 3359.88000 2363.65589  29.7%  84.7  156s
 51659  6276 infeasible   43      3359.88000 2366.30442  29.6%  85.0  160s
 53255  6206     cutoff   42      3359.88000 2370.56076  29.4%  85.9  166s
 54859  6108 3308.92495   66   36 3359.88000 2374.43454  29.3%  86.5  171s
 56081  6055     cutoff   61      3359.88000 2377.26954  29.2%  87.0  175s
 57764  5912 2511.11702   46   93 3359.88000 2382.64541  29.1%  87.8  180s
 59134  5768 infeasible   50      3359.88000 2386.66973  29.0%  88.3  185s
 60364  5584 infeasible   46      3359.88000 2390.66509  28.8%  88.9  190s
 61996  5451     cutoff   44      3359.88000 2395.85859  28.7%  89.4  195s
 63298  5301 2438.96949   52   81 3359.88000 2400.06667  28.6%  90.0  200s
 64776  5071 infeasible   61      3359.88000 2406.35359  28.4%  90.7  205s
 66162  4833 2573.86499   56  133 3359.88000 2412.73346  28.2%  91.4  210s
 67640  4454 infeasible   52      3359.88000 2421.75379  27.9%  92.1  215s
 69148  4073 2448.63763   40   68 3359.88000 2433.06682  27.6%  92.6  220s
 70634  3715     cutoff   63      3359.88000 2448.60128  27.1%  93.1  225s
 72311  3154 2491.55289   48  119 3359.88000 2489.46392  25.9%  93.5  230s
 73969  2733 2598.12185   50   91 3359.88000 2572.49950  23.4%  93.3  235s
 76371  2292 2802.44000   50   37 3359.88000 2802.44000  16.6%  92.6  240s
 78423  2205 3293.20583   46   30 3359.88000 3236.89163  3.66%  91.7  245s
 80892  2182     cutoff   45      3359.88000 3282.46634  2.30%  90.6  250s
 83854  2457 3300.66286   60   58 3359.88000 3298.30105  1.83%  89.3  255s
 86396  2491 3323.21751   64   63 3359.88000 3306.17286  1.60%  88.3  260s
 88749  2106     cutoff   47      3359.88000 3315.02295  1.34%  87.4  265s
 91609  1353 infeasible   60      3359.88000 3324.85000  1.04%  86.3  270s

Cutting planes:
  Learned: 17
  Gomory: 15
  Cover: 569
  Implied bound: 807
  Clique: 15
  MIR: 111
  Flow cover: 142
  GUB cover: 22
  Zero half: 90
  Mod-K: 1
  Network: 1

Explored 94438 nodes (8034451 simplex iterations) in 274.14 seconds
Thread count was 4 (of 4 available processors)

Optimal solution found (tolerance 1.00e-04)
Best objective 3.359880000000e+03, best bound 3.359880000000e+03, gap 0.0%
k_c1	100.0
k_c10	85.0
k_c11	5.0
k_c12	93.0
k_c2	19.0
k_c3	86.0
k_c4	97.0
k_c5	10.0
k_c6	80.0
k_c7	4.0
k_c8	97.0
k_c9	100.0
k_dN	0.0
o_1	0.0
o_10	0.0
o_11	0.0
o_12	1.0
o_2	0.0
o_3	0.0
o_4	0.0
o_5	0.0
o_6	0.0
o_7	0.0
o_8	0.0
o_9	0.0
p_1	0.0
p_10	1.0
p_11	0.0
p_12	1.0
p_2	1.0
p_3	0.0
p_4	0.0
p_5	0.0
p_6	0.0
p_7	0.0
p_8	0.0
p_9	0.0
phi_c1	3.0
phi_c10	1.0
phi_c11	2.0
phi_c12	0.0
phi_c2	0.0
phi_c3	3.0
phi_c4	1.0
phi_c5	4.0
phi_c6	1.0
phi_c7	2.0
phi_c8	3.0
phi_c9	4.0
phi_dN	0.0
pi_c1	25.0
pi_c10	5.0
pi_c11	25.0
pi_c12	25.0
pi_c2	20.0
pi_c3	25.0
pi_c4	25.0
pi_c5	25.0
pi_c6	25.0
pi_c7	25.0
pi_c8	25.0
pi_c9	20.0
pi_dN	0.0
tauD_c1	7.0
tauD_c10	54.0
tauD_c11	85.0
tauD_c12	23.0
tauD_c2	35.0
tauD_c3	43.0
tauD_c4	17.0
tauD_c5	72.0
tauD_c6	28.0
tauD_c7	65.0
tauD_c8	15.0
tauD_c9	5.0
tauD_d0	0.0
tauD_dN	100.0
tauS_c1	85.0
tauS_c10	56.0
tauS_c11	84.0
tauS_c12	23.0
tauS_c2	40.0
tauS_c3	84.0
tauS_c4	84.0
tauS_c5	85.0
tauS_c6	88.0
tauS_c7	86.0
tauS_c8	86.0
tauS_c9	89.0
tauS_d0	0.0
tauS_dN	71.0
x_c10_c5	1.0
x_c11_dN	1.0
x_c12_c3	1.0
x_c1_c4	1.0
x_c2_c7	1.0
x_c3_c10	1.0
x_c4_c12	1.0
x_c5_c11	1.0
x_c6_c2	1.0
x_c7_dN	1.0
x_c8_c6	1.0
x_c9_c8	1.0
x_d0_c1	1.0
x_d0_c9	1.0
z_c10_dN	1.0
z_c12_c2	1.0
z_c2_c10	1.0
z_d0_c12	1.0
