
Gurobi 6.0.4 (win64) logging started 06/20/15 12:21:19

Read LP format model from file C:\MT\repository\VRPTWMS\instances\mip\fuel\N10-C_DV100-C_SV30_F6_11_No_1.lp
Reading time = 0.02 seconds
(null): 621 rows, 298 columns, 2643 nonzeros
Optimize a model with 621 rows, 298 columns and 2643 nonzeros
Model has 1100 quadratic constraints
Coefficient statistics:
  Matrix range    [1e+00, 1e+06]
  Objective range [6e+04, 1e+07]
  Bounds range    [1e+00, 1e+06]
  RHS range       [1e+00, 1e+06]
Presolve removed 54 rows and 31 columns
Presolve time: 0.13s
Presolved: 2372 rows, 1207 columns, 12100 nonzeros
Variable types: 865 continuous, 342 integer (289 binary)
Found heuristic solution: objective 1.058436e+08

Root relaxation: objective 2.368597e+06, 165 iterations, 0.01 seconds

    Nodes    |    Current Node    |     Objective Bounds      |     Work
 Expl Unexpl |  Obj  Depth IntInf | Incumbent    BestBd   Gap | It/Node Time

     0     0 2368596.71    0   34 1.0584e+08 2368596.71  97.8%     -    0s
H    0     0                    9.551060e+07 2368596.71  97.5%     -    0s
     0     0 1.2021e+07    0   41 9.5511e+07 1.2021e+07  87.4%     -    0s
H    0     0                    8.500170e+07 1.2021e+07  85.9%     -    0s
     0     0 1.2119e+07    0   49 8.5002e+07 1.2119e+07  85.7%     -    0s
H    0     0                    8.484160e+07 1.2119e+07  85.7%     -    0s
H    0     0                    7.443890e+07 1.2119e+07  83.7%     -    0s
     0     0 1.2135e+07    0   40 7.4439e+07 1.2135e+07  83.7%     -    0s
H    0     0                    6.423900e+07 1.2135e+07  81.1%     -    0s
     0     0 1.2137e+07    0   33 6.4239e+07 1.2137e+07  81.1%     -    0s
     0     0 1.2137e+07    0   47 6.4239e+07 1.2137e+07  81.1%     -    0s
     0     0 1.2138e+07    0   27 6.4239e+07 1.2138e+07  81.1%     -    0s
H    0     0                    5.488510e+07 1.2138e+07  77.9%     -    0s
     0     0 1.2138e+07    0   28 5.4885e+07 1.2138e+07  77.9%     -    0s
     0     0 1.2138e+07    0   30 5.4885e+07 1.2138e+07  77.9%     -    0s
     0     0 1.2138e+07    0   29 5.4885e+07 1.2138e+07  77.9%     -    0s
     0     0 1.2138e+07    0   33 5.4885e+07 1.2138e+07  77.9%     -    0s
     0     0 1.2138e+07    0   33 5.4885e+07 1.2138e+07  77.9%     -    0s
     0     2 1.2138e+07    0   33 5.4885e+07 1.2138e+07  77.9%     -    0s
*   87    64              28    5.478220e+07 1.2168e+07  77.8%  26.9    0s
H  102    61                    4.463650e+07 1.2190e+07  72.7%  25.1    0s
H  162   108                    4.459670e+07 1.2210e+07  72.6%  25.7    0s
H  263   177                    4.437390e+07 1.2253e+07  72.4%  25.6    1s
H  401   289                    4.421320e+07 1.2253e+07  72.3%  28.6    1s
*  422   311              48    4.411860e+07 1.2253e+07  72.2%  29.2    1s
*  511   323              21    4.375210e+07 1.2294e+07  71.9%  29.7    1s
H  539   333                    4.365260e+07 1.2294e+07  71.8%  29.2    1s
H  550   305                    3.426020e+07 1.2316e+07  64.1%  28.9    1s
*  590   311              22    3.394560e+07 1.2320e+07  63.7%  28.4    1s
H  603   307                    3.378290e+07 1.2320e+07  63.5%  28.4    1s
   753   409 2.2698e+07   13   65 3.3783e+07 1.2364e+07  63.4%  27.3    5s
  1356   683 2.2881e+07   35   49 3.3783e+07 1.2436e+07  63.2%  48.4   10s
H 1529   680                    3.363330e+07 1.2467e+07  62.9%  50.5   10s
H 1562   677                    3.345210e+07 1.2481e+07  62.7%  51.3   11s
H 1665   689                    3.345000e+07 1.2493e+07  62.7%  52.4   12s
  1871   775 infeasible   41      3.3450e+07 1.2522e+07  62.6%  52.9   15s
H 1924   776                    3.341550e+07 1.2528e+07  62.5%  52.9   15s
* 2500  1053              48    3.294810e+07 1.2619e+07  61.7%  57.8   18s
  2782  1166 infeasible   36      3.2948e+07 1.2665e+07  61.6%  60.9   20s
  3718  1430     cutoff   35      3.2948e+07 1.2857e+07  61.0%  71.2   25s
  4438  1556     cutoff   52      3.2948e+07 1.3017e+07  60.5%  78.0   30s
  5149  1662 1.8443e+07   32   45 3.2948e+07 1.3240e+07  59.8%  82.3   35s
  6064  1742 2.5753e+07   37   84 3.2948e+07 1.3754e+07  58.3%  85.5   40s
  6900  1882 1.9736e+07   31   97 3.2948e+07 1.4478e+07  56.1%  87.8   45s
  7629  1913 2.3600e+07   25   33 3.2948e+07 1.5227e+07  53.8%  89.8   50s
  8329  1925 2.8913e+07   36   85 3.2948e+07 1.6388e+07  50.3%  92.5   55s
  9201  1930     cutoff   26      3.2948e+07 1.8354e+07  44.3%  93.8   60s
  9930  2002 infeasible   37      3.2948e+07 2.2262e+07  32.4%  94.3   65s
 10767  2199 infeasible   26      3.2948e+07 2.2387e+07  32.1%  93.9   70s
 11886  2506 2.2609e+07   28   48 3.2948e+07 2.2548e+07  31.6%  92.9   76s
 12618  2688 2.2636e+07   27   30 3.2948e+07 2.2600e+07  31.4%  92.9   80s
 13686  2976 infeasible   33      3.2948e+07 2.2651e+07  31.3%  92.5   85s
 14684  3166 3.2893e+07   41   26 3.2948e+07 2.2682e+07  31.2%  92.7   96s
 15230  3269 2.3169e+07   25   32 3.2948e+07 2.2698e+07  31.1%  92.6  100s
 16181  3421 2.3228e+07   30   36 3.2948e+07 2.2725e+07  31.0%  93.0  105s
 17085  3547 2.3177e+07   39   39 3.2948e+07 2.2747e+07  31.0%  93.6  110s
 17944  3648 infeasible   31      3.2948e+07 2.2769e+07  30.9%  94.1  115s
 18934  3706 infeasible   33      3.2948e+07 2.2793e+07  30.8%  95.0  121s
 19806  3797 infeasible   24      3.2948e+07 2.2813e+07  30.8%  95.3  125s
 20618  3817 infeasible   28      3.2948e+07 2.2833e+07  30.7%  95.8  130s
 21432  3874     cutoff   35      3.2948e+07 2.2854e+07  30.6%  96.4  135s
 22416  3962 infeasible   34      3.2948e+07 2.2871e+07  30.6%  96.9  141s
 23239  4010 2.3317e+07   30   15 3.2948e+07 2.2889e+07  30.5%  97.3  145s
 24013  4047 2.3159e+07   39   78 3.2948e+07 2.2903e+07  30.5%  97.6  150s
 25011  4083 infeasible   37      3.2948e+07 2.2923e+07  30.4%  98.2  155s
 25887  4134 2.2992e+07   25   34 3.2948e+07 2.2940e+07  30.4%  98.3  160s
 26630  4111 2.3285e+07   42   49 3.2948e+07 2.2958e+07  30.3%  98.7  165s
 27573  4097     cutoff   29      3.2948e+07 2.2976e+07  30.3%  99.3  170s
 28342  4069 infeasible   27      3.2948e+07 2.2994e+07  30.2%   100  175s
 29313  4077 2.3597e+07   33   74 3.2948e+07 2.3012e+07  30.2%   100  181s
 30119  4068     cutoff   45      3.2948e+07 2.3031e+07  30.1%   100  185s
 31119  4045 infeasible   29      3.2948e+07 2.3051e+07  30.0%   100  190s
 32089  4006 2.3092e+07   31   38 3.2948e+07 2.3076e+07  30.0%   100  195s
 33001  3987 2.3185e+07   33   37 3.2948e+07 2.3094e+07  29.9%   101  200s
 33942  3944 2.3250e+07   22   37 3.2948e+07 2.3115e+07  29.8%   101  205s
 34866  3820 infeasible   34      3.2948e+07 2.3140e+07  29.8%   101  210s
 35785  3704 infeasible   30      3.2948e+07 2.3166e+07  29.7%   101  215s
 36508  3599 2.3260e+07   34   23 3.2948e+07 2.3190e+07  29.6%   101  220s
 37441  3472 infeasible   28      3.2948e+07 2.3214e+07  29.5%   101  225s
 38297  3343 2.4905e+07   33   41 3.2948e+07 2.3238e+07  29.5%   101  230s
 39110  3174 infeasible   32      3.2948e+07 2.3265e+07  29.4%   102  235s
 39922  3055 infeasible   33      3.2948e+07 2.3290e+07  29.3%   102  241s
 40452  2892 2.4267e+07   34   51 3.2948e+07 2.3310e+07  29.3%   102  245s
 41399  2645     cutoff   30      3.2948e+07 2.3346e+07  29.1%   102  250s
 42011  2514 infeasible   31      3.2948e+07 2.3372e+07  29.1%   102  255s
 42869  2299 infeasible   28      3.2948e+07 2.3410e+07  28.9%   102  260s
 43680  2066 infeasible   33      3.2948e+07 2.3448e+07  28.8%   102  265s
 44325  1856 2.3760e+07   29   39 3.2948e+07 2.3490e+07  28.7%   102  270s
 44871  1651 infeasible   30      3.2948e+07 2.3530e+07  28.6%   103  275s
 45626  1382 infeasible   38      3.2948e+07 2.3603e+07  28.4%   103  280s
 46598   987     cutoff   34      3.2948e+07 2.3726e+07  28.0%   103  285s
 47482   583     cutoff   47      3.2948e+07 2.3938e+07  27.3%   103  290s
 48385    99     cutoff   57      3.2948e+07 2.6620e+07  19.2%   103  295s

Cutting planes:
  Learned: 8
  Gomory: 5
  Cover: 391
  Implied bound: 380
  Clique: 18
  MIR: 109
  Flow cover: 157
  GUB cover: 16
  Zero half: 88

Explored 48603 nodes (5006557 simplex iterations) in 295.59 seconds
Thread count was 2 (of 4 available processors)

Optimal solution found (tolerance 1.00e-04)
Best objective 3.294810000000e+07, best bound 3.294810000000e+07, gap 0.0%
k_c1	1000000.0
k_c10	80000.0
k_c2	50000.0
k_c3	890000.0
k_c4	120000.0
k_c5	790000.0
k_c6	950000.0
k_c7	970000.0
k_c8	850000.0
k_c9	1000000.0
k_dN	0.0
o_1	0.0
o_10	0.0
o_2	0.0
o_3	0.0
o_4	0.0
o_5	0.0
o_6	0.0
o_7	0.0
o_8	0.0
o_9	0.0
p_1	0.0
p_10	0.0
p_2	1.0
p_3	0.0
p_4	0.0
p_5	0.0
p_6	0.0
p_7	0.0
p_8	1.0
p_9	0.0
phi_c1	38425.0
phi_c10	11855.0
phi_c2	0.0
phi_c3	24550.0
phi_c4	16538.0
phi_c5	24980.0
phi_c6	35127.0
phi_c7	26972.0
phi_c8	13177.0
phi_c9	40840.0
phi_dN	0.0
pi_c1	0.0
pi_c10	0.0
pi_c2	60000.0
pi_c3	0.0
pi_c4	0.0
pi_c5	0.0
pi_c6	0.0
pi_c7	0.0
pi_c8	106823.0
pi_c9	0.0
pi_dN	0.0
tauD_c1	80625.0
tauD_c10	715700.0
tauD_c2	850000.0
tauD_c3	339525.0
tauD_c4	650000.0
tauD_c5	794700.0
tauD_c6	250000.0
tauD_c7	193425.0
tauD_c8	442025.0
tauD_c9	71600.0
tauD_d0	0.0
tauD_dN	1000000.0
tauS_c1	839375.0
tauS_c10	842450.0
tauS_c2	732175.0
tauS_c3	30800.0
tauS_c4	825900.0
tauS_c5	66075.0
tauS_c6	842350.0
tauS_c7	22325.0
tauS_c8	19050.0
tauS_c9	848400.0
tauS_d0	0.0
tauS_dN	1000000.0
x_c10_c2	1.0
x_c1_c7	1.0
x_c2_dN	1.0
x_c3_c8	1.0
x_c4_c10	1.0
x_c5_dN	1.0
x_c6_c3	1.0
x_c7_c4	1.0
x_c8_c5	1.0
x_c9_c6	1.0
x_d0_c1	1.0
x_d0_c9	1.0
z_c2_dN	1.0
z_c8_c2	1.0
z_d0_c8	1.0
