
Gurobi 6.0.4 (win64) logging started 06/20/15 12:43:47

Read LP format model from file C:\MT\repository\VRPTWMS\instances\mip\fuel\N10-C_DV100-C_SV30_F6_8_No_1.lp
Reading time = 0.01 seconds
(null): 621 rows, 298 columns, 2643 nonzeros
Optimize a model with 621 rows, 298 columns and 2643 nonzeros
Model has 1100 quadratic constraints
Coefficient statistics:
  Matrix range    [1e+00, 1e+06]
  Objective range [4e+04, 1e+07]
  Bounds range    [1e+00, 1e+06]
  RHS range       [1e+00, 1e+06]
Presolve removed 63 rows and 42 columns
Presolve time: 0.11s
Presolved: 2187 rows, 1103 columns, 11077 nonzeros
Variable types: 782 continuous, 321 integer (268 binary)
Found heuristic solution: objective 1.040328e+08

Root relaxation: objective 1.593899e+07, 106 iterations, 0.00 seconds

    Nodes    |    Current Node    |     Objective Bounds      |     Work
 Expl Unexpl |  Obj  Depth IntInf | Incumbent    BestBd   Gap | It/Node Time

     0     0 1.5939e+07    0   29 1.0403e+08 1.5939e+07  84.7%     -    0s
H    0     0                    6.297150e+07 1.5939e+07  74.7%     -    0s
     0     0 1.7236e+07    0   26 6.2972e+07 1.7236e+07  72.6%     -    0s
     0     0 1.8946e+07    0   28 6.2972e+07 1.8946e+07  69.9%     -    0s
H    0     0                    5.275870e+07 1.8946e+07  64.1%     -    0s
     0     0 2.2175e+07    0   38 5.2759e+07 2.2175e+07  58.0%     -    0s
     0     0 2.2175e+07    0   42 5.2759e+07 2.2175e+07  58.0%     -    0s
     0     0 2.2175e+07    0   39 5.2759e+07 2.2175e+07  58.0%     -    0s
     0     0 2.2175e+07    0   39 5.2759e+07 2.2175e+07  58.0%     -    0s
     0     0 2.2175e+07    0   39 5.2759e+07 2.2175e+07  58.0%     -    0s
     0     0 2.2175e+07    0   39 5.2759e+07 2.2175e+07  58.0%     -    0s
     0     0 2.2175e+07    0   39 5.2759e+07 2.2175e+07  58.0%     -    0s
     0     2 2.2175e+07    0   39 5.2759e+07 2.2175e+07  58.0%     -    0s
H   36    30                    4.260400e+07 2.2179e+07  47.9%  18.2    0s
*  264   159              25    3.348280e+07 2.2230e+07  33.6%  21.0    0s
*  287   166              26    3.340240e+07 2.2236e+07  33.4%  20.5    0s
H  773   409                    3.227460e+07 2.2355e+07  30.7%  18.7    3s
   787   418 2.3096e+07   19   85 3.2275e+07 2.2371e+07  30.7%  18.3    5s
  1971   469 infeasible   24      3.2275e+07 2.2632e+07  29.9%  45.5   10s
  3252   614 2.5755e+07   34   36 3.2275e+07 2.2904e+07  29.0%  51.9   15s
  4998   589 2.3791e+07   31   24 3.2275e+07 2.3214e+07  28.1%  57.8   20s
  6049   427     cutoff   39      3.2275e+07 2.3464e+07  27.3%  61.2   25s
  7080   147 2.4308e+07   25   85 3.2275e+07 2.3963e+07  25.8%  63.4   30s

Cutting planes:
  Learned: 15
  Gomory: 6
  Cover: 231
  Implied bound: 244
  Clique: 6
  MIR: 48
  Flow cover: 106
  GUB cover: 5
  Zero half: 79
  Network: 1

Explored 7457 nodes (472846 simplex iterations) in 30.90 seconds
Thread count was 2 (of 4 available processors)

Optimal solution found (tolerance 1.00e-04)
Best objective 3.227460000000e+07, best bound 3.227460000000e+07, gap 0.0%
k_c1	50000.0
k_c10	140000.0
k_c2	20000.0
k_c3	30000.0
k_c4	80000.0
k_c5	110000.0
k_c6	120000.0
k_c7	190000.0
k_c8	120000.0
k_c9	80000.0
k_dN	-0.0
o_1	0.0
o_10	0.0
o_2	0.0
o_3	0.0
o_4	0.0
o_5	0.0
o_6	0.0
o_7	0.0
o_8	0.0
o_9	0.0
p_1	0.0
p_10	0.0
p_2	0.0
p_3	0.0
p_4	0.0
p_5	0.0
p_6	0.0
p_7	0.0
p_8	0.0
p_9	0.0
phi_c1	25442.0
phi_c10	57244.0
phi_c2	19133.0
phi_c3	23408.0
phi_c4	18563.0
phi_c5	40680.0
phi_c6	37522.0
phi_c7	42574.0
phi_c8	39818.0
phi_c9	32834.0
phi_dN	-0.0
pi_c1	240000.0
pi_c10	0.0
pi_c2	60000.0
pi_c3	0.0
pi_c4	240000.0
pi_c5	120000.0
pi_c6	240000.0
pi_c7	240000.0
pi_c8	0.0
pi_c9	0.0
pi_dN	-0.0
tauD_c1	367625.0
tauD_c10	250000.0
tauD_c2	800000.0
tauD_c3	669250.0
tauD_c4	600000.0
tauD_c5	361900.0
tauD_c6	84000.0
tauD_c7	15200.0
tauD_c8	55500.0
tauD_c9	250000.0
tauD_d0	-0.0
tauD_dN	1000000.0
tauS_c1	707824.0
tauS_c10	4525.0
tauS_c2	0.0
tauS_c3	130874.0
tauS_c4	354950.0
tauS_c5	15525.0
tauS_c6	329975.0
tauS_c7	0.0
tauS_c8	-0.0
tauS_c9	0.0
tauS_d0	-0.0
tauS_dN	1000000.0
x_c10_c5	1.0
x_c1_c2	1.0
x_c2_dN	1.0
x_c3_dN	1.0
x_c4_dN	1.0
x_c5_c4	1.0
x_c6_c3	1.0
x_c7_c8	1.0
x_c8_c9	1.0
x_c9_c1	1.0
x_d0_c10	1.0
x_d0_c6	1.0
x_d0_c7	1.0
