
Gurobi 6.0.4 (win64) logging started 06/20/15 12:29:36

Read LP format model from file C:\MT\repository\VRPTWMS\instances\mip\fuel\N10-C_DV100-C_SV30_F6_3_No_1.lp
Reading time = 0.01 seconds
(null): 621 rows, 298 columns, 2643 nonzeros
Optimize a model with 621 rows, 298 columns and 2643 nonzeros
Model has 1100 quadratic constraints
Coefficient statistics:
  Matrix range    [1e+00, 1e+06]
  Objective range [2e+04, 1e+07]
  Bounds range    [1e+00, 1e+06]
  RHS range       [1e+00, 1e+06]
Presolve removed 52 rows and 28 columns
Presolve time: 0.15s
Presolved: 2553 rows, 1301 columns, 12697 nonzeros
Variable types: 953 continuous, 348 integer (295 binary)
Found heuristic solution: objective 1.036416e+08

Root relaxation: objective 2.120428e+06, 181 iterations, 0.01 seconds

    Nodes    |    Current Node    |     Objective Bounds      |     Work
 Expl Unexpl |  Obj  Depth IntInf | Incumbent    BestBd   Gap | It/Node Time

     0     0 2120428.34    0   29 1.0364e+08 2120428.34  98.0%     -    0s
     0     0 1.1610e+07    0   30 1.0364e+08 1.1610e+07  88.8%     -    0s
H    0     0                    3.201580e+07 1.1610e+07  63.7%     -    0s
     0     0 1.1616e+07    0   40 3.2016e+07 1.1616e+07  63.7%     -    0s
     0     0 1.1648e+07    0   34 3.2016e+07 1.1648e+07  63.6%     -    0s
     0     0 1.1648e+07    0   34 3.2016e+07 1.1648e+07  63.6%     -    0s
     0     0 1.1648e+07    0   25 3.2016e+07 1.1648e+07  63.6%     -    0s
     0     0 1.1648e+07    0   25 3.2016e+07 1.1648e+07  63.6%     -    0s
     0     0 1.1648e+07    0   28 3.2016e+07 1.1648e+07  63.6%     -    0s
     0     0 1.1648e+07    0   25 3.2016e+07 1.1648e+07  63.6%     -    0s
     0     0 1.1648e+07    0   25 3.2016e+07 1.1648e+07  63.6%     -    0s
     0     0 1.1648e+07    0   25 3.2016e+07 1.1648e+07  63.6%     -    0s
H    0     2                    3.186570e+07 1.1648e+07  63.4%     -    0s
     0     2 1.1648e+07    0   25 3.1866e+07 1.1648e+07  63.4%     -    0s
H  722   407                    3.184110e+07 1.2174e+07  61.8%  24.8    1s
   858   469 1.2486e+07   31   57 3.1841e+07 1.2174e+07  61.8%  31.0    5s
H 1907   628                    3.178300e+07 1.2362e+07  61.1%  41.8    8s
  2203   731     cutoff   34      3.1783e+07 1.2433e+07  60.9%  44.4   10s
  3551  1198 2.3312e+07   47   29 3.1783e+07 1.2554e+07  60.5%  52.3   15s
  4817  1625 infeasible   35      3.1783e+07 1.2612e+07  60.3%  55.6   20s
  6265  2087 infeasible   52      3.1783e+07 1.2658e+07  60.2%  58.3   25s
  7569  2312 infeasible   32      3.1783e+07 1.2711e+07  60.0%  61.0   30s
  8858  2574 2.4143e+07   59   78 3.1783e+07 1.2752e+07  59.9%  63.2   35s
 10259  2851 infeasible   40      3.1783e+07 1.2808e+07  59.7%  64.4   40s
 11569  3132 infeasible   53      3.1783e+07 1.2849e+07  59.6%  65.3   45s
 12760  3287 2.2272e+07   32   19 3.1783e+07 1.2892e+07  59.4%  66.0   50s
 13977  3533 infeasible   48      3.1783e+07 1.2933e+07  59.3%  66.3   55s
 14584  3683 1.3677e+07   54   25 3.1783e+07 1.2948e+07  59.3%  66.5   61s
 14606  3703 1.2948e+07   33   38 3.1783e+07 1.2948e+07  59.3%  66.5   66s
 15554  3807 2.2580e+07   38   18 3.1783e+07 1.2948e+07  59.3%  66.0   70s
 17207  3668 1.3551e+07   47   54 3.1783e+07 1.2948e+07  59.3%  65.5   75s
 19101  3143 1.3520e+07   46   68 3.1783e+07 1.3488e+07  57.6%  65.5   80s
 20663  2611 1.4370e+07   51   76 3.1783e+07 1.4113e+07  55.6%  65.6   85s
 22340  2216 1.7128e+07   44   44 3.1783e+07 1.7128e+07  46.1%  65.0   90s
 24565  2090     cutoff   43      3.1783e+07 2.1883e+07  31.1%  64.2   96s
 26320  2221 2.3034e+07   52   28 3.1783e+07 2.1924e+07  31.0%  63.7  101s
 27451  2465 2.2235e+07   46   19 3.1783e+07 2.1950e+07  30.9%  63.6  106s
 28868  2783 2.2446e+07   61   11 3.1783e+07 2.1977e+07  30.9%  63.5  110s
 30960  3356 2.4240e+07   54   50 3.1783e+07 2.2007e+07  30.8%  63.4  116s
 33000  3851 infeasible   59      3.1783e+07 2.2029e+07  30.7%  63.3  120s
 34786  4204 2.3434e+07   55   34 3.1783e+07 2.2059e+07  30.6%  63.3  125s
 36465  4613 infeasible   40      3.1783e+07 2.2076e+07  30.5%  63.1  130s
 38520  4995 2.2342e+07   51   14 3.1783e+07 2.2101e+07  30.5%  63.2  135s
 40510  5358 2.2461e+07   51   29 3.1783e+07 2.2123e+07  30.4%  63.3  140s
 42494  5812 infeasible   45      3.1783e+07 2.2145e+07  30.3%  63.4  145s
 44342  6155 2.2627e+07   52   29 3.1783e+07 2.2160e+07  30.3%  63.4  150s
 46444  6565 2.2304e+07   49   18 3.1783e+07 2.2180e+07  30.2%  63.5  155s
 48089  6850 2.3014e+07   44   19 3.1783e+07 2.2193e+07  30.2%  63.6  160s
 49950  7206 2.2680e+07   62    7 3.1783e+07 2.2209e+07  30.1%  63.6  165s
 51947  7602 infeasible   52      3.1783e+07 2.2224e+07  30.1%  63.6  170s
 53722  7886 2.2727e+07   40   27 3.1783e+07 2.2239e+07  30.0%  63.7  175s
 55672  8265 2.2519e+07   57   15 3.1783e+07 2.2255e+07  30.0%  63.8  180s
 57469  8554 2.2283e+07   51   20 3.1783e+07 2.2269e+07  29.9%  63.9  185s
 59133  8780 2.2735e+07   47   32 3.1783e+07 2.2282e+07  29.9%  64.1  190s
 61077  9054 2.2717e+07   39   11 3.1783e+07 2.2297e+07  29.8%  64.2  195s
 62929  9289 2.8177e+07   50   31 3.1783e+07 2.2313e+07  29.8%  64.3  200s
 64695  9468 2.2354e+07   49   12 3.1783e+07 2.2328e+07  29.7%  64.5  205s
 66367  9700 infeasible   54      3.1783e+07 2.2339e+07  29.7%  64.6  210s
 68210  9922 2.2507e+07   41   46 3.1783e+07 2.2353e+07  29.7%  64.7  215s
 69959 10081 2.2484e+07   55   21 3.1783e+07 2.2366e+07  29.6%  64.9  220s
 71437 10194     cutoff   59      3.1783e+07 2.2377e+07  29.6%  65.1  225s
 73209 10404 2.3223e+07   45   35 3.1783e+07 2.2387e+07  29.6%  65.2  230s
 75249 10610 2.2571e+07   57    7 3.1783e+07 2.2401e+07  29.5%  65.3  235s
 76683 10740 2.2742e+07   61   53 3.1783e+07 2.2410e+07  29.5%  65.5  240s
 78406 10753 infeasible   52      3.1783e+07 2.2424e+07  29.4%  65.6  245s
 80231 10853 infeasible   43      3.1783e+07 2.2438e+07  29.4%  65.8  250s
 81989 11040 infeasible   53      3.1783e+07 2.2447e+07  29.4%  65.8  255s
 84004 11126 infeasible   57      3.1783e+07 2.2462e+07  29.3%  66.0  260s
 85583 11174 infeasible   53      3.1783e+07 2.2471e+07  29.3%  66.1  265s
 86987 11193 infeasible   56      3.1783e+07 2.2481e+07  29.3%  66.3  270s
 88525 11247 infeasible   67      3.1783e+07 2.2491e+07  29.2%  66.4  275s
 90013 11210 infeasible   51      3.1783e+07 2.2502e+07  29.2%  66.5  280s
 91696 11204 2.2681e+07   45   44 3.1783e+07 2.2514e+07  29.2%  66.7  285s
 93350 11269 2.2525e+07   59    8 3.1783e+07 2.2525e+07  29.1%  66.8  290s
 95176 11268 infeasible   46      3.1783e+07 2.2536e+07  29.1%  66.9  295s
 96616 11221 2.2564e+07   53   42 3.1783e+07 2.2547e+07  29.1%  67.0  300s
 98288 11239 infeasible   53      3.1783e+07 2.2559e+07  29.0%  67.2  305s
 100065 11256 2.3055e+07   45   29 3.1783e+07 2.2572e+07  29.0%  67.3  310s
 101499 11247 infeasible   51      3.1783e+07 2.2584e+07  28.9%  67.4  315s
 103105 11221     cutoff   72      3.1783e+07 2.2597e+07  28.9%  67.5  320s
 104775 11158 infeasible   64      3.1783e+07 2.2610e+07  28.9%  67.7  325s
 106329 11060 2.2767e+07   46   35 3.1783e+07 2.2623e+07  28.8%  67.8  330s
 108017 10975 2.2852e+07   44    8 3.1783e+07 2.2638e+07  28.8%  67.9  335s
 109690 10886 infeasible   50      3.1783e+07 2.2652e+07  28.7%  68.0  340s
 111325 10806 2.5831e+07   41   33 3.1783e+07 2.2666e+07  28.7%  68.1  345s
 112934 10730     cutoff   48      3.1783e+07 2.2680e+07  28.6%  68.2  350s
 114463 10626 infeasible   70      3.1783e+07 2.2693e+07  28.6%  68.3  355s
 115764 10501 infeasible   55      3.1783e+07 2.2706e+07  28.6%  68.4  360s
 117208 10428 2.2918e+07   52   14 3.1783e+07 2.2720e+07  28.5%  68.5  365s
 118649 10240     cutoff   59      3.1783e+07 2.2734e+07  28.5%  68.6  370s
 120229 10096 infeasible   55      3.1783e+07 2.2748e+07  28.4%  68.8  375s
 121751  9835     cutoff   49      3.1783e+07 2.2765e+07  28.4%  68.9  380s
 123101  9662 infeasible   57      3.1783e+07 2.2779e+07  28.3%  69.1  385s
 124544  9434     cutoff   66      3.1783e+07 2.2793e+07  28.3%  69.2  390s
 126181  9164 infeasible   69      3.1783e+07 2.2810e+07  28.2%  69.3  395s
 127514  8935 infeasible   48      3.1783e+07 2.2824e+07  28.2%  69.4  400s
 128839  8755 infeasible   48      3.1783e+07 2.2838e+07  28.1%  69.5  405s
 130403  8458 2.3186e+07   45   30 3.1783e+07 2.2855e+07  28.1%  69.6  410s
 131923  8231     cutoff   55      3.1783e+07 2.2873e+07  28.0%  69.7  415s
 133416  7895     cutoff   51      3.1783e+07 2.2891e+07  28.0%  69.9  420s
 135024  7607 infeasible   54      3.1783e+07 2.2912e+07  27.9%  70.0  425s
 136505  7377 2.3031e+07   64   43 3.1783e+07 2.2931e+07  27.9%  70.1  430s
 137773  7086 2.2961e+07   53   24 3.1783e+07 2.2948e+07  27.8%  70.2  435s
 139331  6687 2.3372e+07   58   24 3.1783e+07 2.2973e+07  27.7%  70.3  440s
 140865  6392     cutoff   71      3.1783e+07 2.2997e+07  27.6%  70.4  445s
 142259  6112 2.3080e+07   60   31 3.1783e+07 2.3019e+07  27.6%  70.5  450s
 143826  5738 infeasible   49      3.1783e+07 2.3046e+07  27.5%  70.6  455s
 145229  5360 infeasible   67      3.1783e+07 2.3073e+07  27.4%  70.7  460s
 146483  5020 2.3178e+07   56   34 3.1783e+07 2.3101e+07  27.3%  70.8  465s
 148206  4590 infeasible   45      3.1783e+07 2.3139e+07  27.2%  70.9  470s
 149493  4211     cutoff   59      3.1783e+07 2.3171e+07  27.1%  71.0  475s
 151025  3731 infeasible   53      3.1783e+07 2.3212e+07  27.0%  71.1  480s
 152106  3343 2.3359e+07   57   37 3.1783e+07 2.3250e+07  26.8%  71.2  485s
 153749  2889 infeasible   65      3.1783e+07 2.3305e+07  26.7%  71.3  490s
 155240  2408 infeasible   56      3.1783e+07 2.3375e+07  26.5%  71.3  495s
 156659  1908 infeasible   58      3.1783e+07 2.3450e+07  26.2%  71.4  500s
 158259  1378 infeasible   45      3.1783e+07 2.3549e+07  25.9%  71.5  505s
 159788   723     cutoff   48      3.1783e+07 2.3759e+07  25.2%  71.5  510s

Cutting planes:
  Learned: 1
  Gomory: 8
  Cover: 1
  Implied bound: 15
  Clique: 3
  MIR: 8
  Flow cover: 10
  GUB cover: 2
  Zero half: 12

Explored 160914 nodes (11497587 simplex iterations) in 513.65 seconds
Thread count was 2 (of 4 available processors)

Optimal solution found (tolerance 1.00e-04)
Best objective 3.178300000000e+07, best bound 3.178300000000e+07, gap 0.0%
k_c1	10000.0
k_c10	40000.0
k_c2	930000.0
k_c3	130000.0
k_c4	50000.0
k_c5	50000.0
k_c6	521348.0
k_c7	20000.0
k_c8	461348.0
k_c9	80000.0
k_dN	0.0
o_1	0.0
o_10	0.0
o_2	0.0
o_3	0.0
o_4	0.0
o_5	0.0
o_6	0.0
o_7	0.0
o_8	0.0
o_9	0.0
p_1	0.0
p_10	0.0
p_2	0.0
p_3	0.0
p_4	0.0
p_5	0.0
p_6	0.0
p_7	0.0
p_8	0.0
p_9	0.0
phi_c1	9647.0
phi_c10	7627.0
phi_c2	48145.0
phi_c3	36923.0
phi_c4	23435.0
phi_c5	10985.0
phi_c6	39491.0
phi_c7	7239.0
phi_c8	38153.0
phi_c9	20198.0
phi_dN	0.0
pi_c1	0.0
pi_c10	0.0
pi_c2	240000.0
pi_c3	0.0
pi_c4	240000.0
pi_c5	0.0
pi_c6	0.0
pi_c7	0.0
pi_c8	0.0
pi_c9	0.0
pi_dN	0.0
tauD_c1	650000.0
tauD_c10	699821.0
tauD_c2	127050.0
tauD_c3	157500.0
tauD_c4	531648.0
tauD_c5	502750.0
tauD_c6	311648.0
tauD_c7	672173.0
tauD_c8	396648.0
tauD_c9	250000.0
tauD_d0	0.0
tauD_dN	1000000.0
tauS_c1	0.0
tauS_c10	0.0
tauS_c2	220950.0
tauS_c3	0.0
tauS_c4	136400.0
tauS_c5	0.0
tauS_c6	0.0
tauS_c7	0.0
tauS_c8	0.0
tauS_c9	0.0
tauS_d0	0.0
tauS_dN	0.0
x_c10_dN	1.0
x_c1_dN	1.0
x_c2_c6	1.0
x_c3_c9	1.0
x_c4_c7	1.0
x_c5_c1	1.0
x_c6_c8	1.0
x_c7_dN	1.0
x_c8_c4	1.0
x_c9_c10	1.0
x_d0_c2	1.0
x_d0_c3	1.0
x_d0_c5	1.0
