
Gurobi 6.0.4 (win64) logging started 06/20/15 12:38:15

Read LP format model from file C:\MT\repository\VRPTWMS\instances\mip\fuel\N10-C_DV100-C_SV30_F6_5_No_1.lp
Reading time = 0.02 seconds
(null): 621 rows, 298 columns, 2643 nonzeros
Optimize a model with 621 rows, 298 columns and 2643 nonzeros
Model has 1100 quadratic constraints
Coefficient statistics:
  Matrix range    [1e+00, 1e+06]
  Objective range [4e+04, 1e+07]
  Bounds range    [1e+00, 1e+06]
  RHS range       [1e+00, 1e+06]
Presolve removed 58 rows and 32 columns
Presolve time: 0.48s
Presolved: 2394 rows, 1218 columns, 11930 nonzeros
Variable types: 879 continuous, 339 integer (286 binary)
Found heuristic solution: objective 1.038936e+08

Root relaxation: objective 4.315624e+06, 208 iterations, 0.01 seconds

    Nodes    |    Current Node    |     Objective Bounds      |     Work
 Expl Unexpl |  Obj  Depth IntInf | Incumbent    BestBd   Gap | It/Node Time

     0     0 4315624.43    0   52 1.0389e+08 4315624.43  95.8%     -    0s
H    0     0                    8.352930e+07 4315624.43  94.8%     -    0s
     0     0 1.1691e+07    0   29 8.3529e+07 1.1691e+07  86.0%     -    0s
H    0     0                    6.333880e+07 1.1691e+07  81.5%     -    0s
H    0     0                    4.268690e+07 1.1691e+07  72.6%     -    0s
     0     0 1.1808e+07    0   38 4.2687e+07 1.1808e+07  72.3%     -    0s
     0     0 1.1891e+07    0   25 4.2687e+07 1.1891e+07  72.1%     -    0s
     0     0 1.1891e+07    0   22 4.2687e+07 1.1891e+07  72.1%     -    0s
     0     0 1.1891e+07    0   21 4.2687e+07 1.1891e+07  72.1%     -    0s
     0     0 1.1891e+07    0   21 4.2687e+07 1.1891e+07  72.1%     -    0s
H    0     2                    4.228980e+07 1.1891e+07  71.9%     -    0s
     0     2 1.1891e+07    0   21 4.2290e+07 1.1891e+07  71.9%     -    0s
H   31    26                    4.220340e+07 1.2111e+07  71.3%  31.3    0s
H   99    59                    3.258090e+07 1.2135e+07  62.8%  27.9    0s
H   99    59                    3.217420e+07 1.2135e+07  62.3%  27.9    0s
H  380   226                    3.197230e+07 1.2599e+07  60.6%  23.8    1s
   969   491 2.2263e+07   17   19 3.1972e+07 1.4580e+07  54.4%  32.4    5s
H 1164   473                    3.195410e+07 1.4580e+07  54.4%  39.6    5s
  2238   491 infeasible   29      3.1954e+07 1.4810e+07  53.7%  53.1   10s
  3543   703     cutoff   38      3.1954e+07 1.7251e+07  46.0%  58.8   15s
  4942   792 infeasible   41      3.1954e+07 1.8651e+07  41.6%  62.6   20s
  6148   928 infeasible   29      3.1954e+07 2.1933e+07  31.4%  65.5   25s
  7522  1370 infeasible   18      3.1954e+07 2.2050e+07  31.0%  66.1   30s
  9082  1828 2.2536e+07   29   38 3.1954e+07 2.2160e+07  30.7%  67.1   35s
 10765  2174 2.2607e+07   37   41 3.1954e+07 2.2213e+07  30.5%  68.3   40s
 12390  2435 2.2268e+07   28   12 3.1954e+07 2.2265e+07  30.3%  70.0   45s
 13922  2693 infeasible   32      3.1954e+07 2.2305e+07  30.2%  71.3   50s
 14670  2785 2.2676e+07   25   18 3.1954e+07 2.2323e+07  30.1%  71.7   57s
 15765  2939 2.2550e+07   38   25 3.1954e+07 2.2346e+07  30.1%  72.5   60s
 17380  3144 2.2467e+07   34   24 3.1954e+07 2.2384e+07  29.9%  73.9   65s
 18986  3318 infeasible   37      3.1954e+07 2.2415e+07  29.9%  75.4   70s
 20426  3333 infeasible   37      3.1954e+07 2.2449e+07  29.7%  77.1   75s
 21897  3423 infeasible   31      3.1954e+07 2.2480e+07  29.7%  78.4   80s
 23272  3548 2.2649e+07   32   34 3.1954e+07 2.2506e+07  29.6%  79.1   85s
 24647  3689 infeasible   29      3.1954e+07 2.2536e+07  29.5%  79.8   90s
 26237  3772     cutoff   31      3.1954e+07 2.2571e+07  29.4%  80.3   95s
 27828  3879 2.3250e+07   33   32 3.1954e+07 2.2601e+07  29.3%  80.9  100s
 29128  3922 2.3037e+07   28   25 3.1954e+07 2.2629e+07  29.2%  81.3  105s
 30557  3912     cutoff   34      3.1954e+07 2.2658e+07  29.1%  82.0  110s
 31964  3953 infeasible   28      3.1954e+07 2.2688e+07  29.0%  82.4  115s
 33456  3874 2.3631e+07   42   25 3.1954e+07 2.2721e+07  28.9%  83.0  120s
 34586  3748 infeasible   21      3.1954e+07 2.2755e+07  28.8%  83.5  125s
 35893  3541 2.2887e+07   29   41 3.1954e+07 2.2794e+07  28.7%  84.2  130s
 37286  3409 2.3088e+07   30   59 3.1954e+07 2.2830e+07  28.6%  84.7  135s
 38706  3202 infeasible   25      3.1954e+07 2.2870e+07  28.4%  85.2  140s
 40011  3012 2.2919e+07   34   54 3.1954e+07 2.2913e+07  28.3%  85.6  145s
 41357  2770 infeasible   28      3.1954e+07 2.2954e+07  28.2%  86.1  150s
 42471  2585 2.3115e+07   34   52 3.1954e+07 2.2993e+07  28.0%  86.4  155s
 43713  2323     cutoff   43      3.1954e+07 2.3043e+07  27.9%  86.9  160s
 45058  1976 infeasible   29      3.1954e+07 2.3103e+07  27.7%  87.3  165s
 46292  1639 infeasible   37      3.1954e+07 2.3182e+07  27.5%  87.8  170s
 47559  1335 infeasible   34      3.1954e+07 2.3264e+07  27.2%  88.1  175s
 48747   864 2.3635e+07   38   16 3.1954e+07 2.3376e+07  26.8%  88.7  180s
 50038   291     cutoff   28      3.1954e+07 2.3665e+07  25.9%  89.2  185s

Cutting planes:
  Gomory: 6
  Cover: 9
  Implied bound: 48
  Clique: 11
  MIR: 35
  Flow cover: 87
  GUB cover: 10
  Zero half: 20

Explored 50757 nodes (4543674 simplex iterations) in 187.85 seconds
Thread count was 2 (of 4 available processors)

Optimal solution found (tolerance 1.00e-04)
Best objective 3.195410000000e+07, best bound 3.195410000000e+07, gap 0.0%
k_c1	940000.0
k_c10	809999.0
k_c2	920000.0
k_c3	1000000.0
k_c4	1000000.0
k_c5	959999.0
k_c6	1000000.0
k_c7	60000.0
k_c8	880000.0
k_c9	939999.0
k_dN	0.0
o_1	0.0
o_10	0.0
o_2	0.0
o_3	0.0
o_4	0.0
o_5	0.0
o_6	0.0
o_7	0.0
o_8	0.0
o_9	0.0
p_1	0.0
p_10	0.0
p_2	0.0
p_3	0.0
p_4	0.0
p_5	0.0
p_6	0.0
p_7	0.0
p_8	0.0
p_9	0.0
phi_c1	41061.0
phi_c10	30564.0
phi_c2	38578.0
phi_c3	50259.0
phi_c4	39221.0
phi_c5	29641.0
phi_c6	54608.0
phi_c7	12116.0
phi_c8	38646.0
phi_c9	19519.0
phi_dN	0.0
pi_c1	239999.0
pi_c10	239999.0
pi_c2	0.0
pi_c3	0.0
pi_c4	239999.0
pi_c5	0.0
pi_c6	239999.0
pi_c7	0.0
pi_c8	0.0
pi_c9	0.0
pi_dN	0.0
tauD_c1	400000.0
tauD_c10	800000.0
tauD_c2	793800.0
tauD_c3	650000.0
tauD_c4	200000.0
tauD_c5	447050.0
tauD_c6	200000.0
tauD_c7	904725.0
tauD_c8	559800.0
tauD_c9	567825.0
tauD_d0	0.0
tauD_dN	1000000.0
tauS_c1	868700.0
tauS_c10	890000.0
tauS_c2	861850.0
tauS_c3	883600.0
tauS_c4	842350.0
tauS_c5	843850.0
tauS_c6	899850.0
tauS_c7	874725.0
tauS_c8	869375.0
tauS_c9	879000.0
tauS_d0	0.0
tauS_dN	1000000.0
x_c10_dN	1.0
x_c1_c8	1.0
x_c2_c7	1.0
x_c3_c2	1.0
x_c4_c5	1.0
x_c5_c9	1.0
x_c6_c1	1.0
x_c7_dN	1.0
x_c8_c10	1.0
x_c9_dN	1.0
x_d0_c3	1.0
x_d0_c4	1.0
x_d0_c6	1.0
