
Gurobi 6.0.4 (win64) logging started 06/16/15 20:46:58

Read LP format model from file E:\Eigene Dateien\Downloads\Michi shit\VRPTWMS-master\VRPTWMS\instances\mip\fuel\N10-C_DV100-C_SV25_F5_6_No_1.lp
Reading time = 0.02 seconds
(null): 621 rows, 298 columns, 2643 nonzeros
Optimize a model with 621 rows, 298 columns and 2643 nonzeros
Model has 1100 quadratic constraints
WARNING: Only barrier available for SOCP models
Coefficient statistics:
  Matrix range    [1e+00, 1e+06]
  Objective range [2e+04, 1e+07]
  Bounds range    [1e+00, 1e+06]
  RHS range       [1e+00, 1e+06]
Presolve removed 51 rows and 29 columns
Presolve time: 0.09s
Presolved: 2368 rows, 1206 columns, 11968 nonzeros
Variable types: 861 continuous, 345 integer (292 binary)
Optimize a model with 2368 rows, 1206 columns and 11968 nonzeros
Coefficient statistics:
  Matrix range    [1e+00, 1e+06]
  Objective range [2e+04, 1e+07]
  Bounds range    [1e+00, 1e+06]
  RHS range       [1e+00, 1e+06]

Concurrent LP optimizer: dual simplex and barrier
Showing barrier log only...

Presolve removed 202 rows and 136 columns
Presolved: 2166 rows, 1070 columns, 11024 nonzeros

Root barrier log...

Ordering time: 0.00s

Barrier performed 0 iterations in 0.11 seconds
Barrier solve interrupted - model solved by another algorithm


Solved with dual simplex
Solved in 153 iterations and 0.11 seconds
Optimal objective  1.807230626e+06

Root relaxation: objective 1.807231e+06, 153 iterations, 0.00 seconds

    Nodes    |    Current Node    |     Objective Bounds      |     Work
 Expl Unexpl |  Obj  Depth IntInf | Incumbent    BestBd   Gap | It/Node Time

     0     0 1807230.63    0   36          - 1807230.63      -     -    0s
     0     0 3468577.24    0   63          - 3468577.24      -     -    0s
     0     0 4603200.67    0   58          - 4603200.67      -     -    0s
     0     0 5661340.98    0   60          - 5661340.98      -     -    0s
     0     0 5739798.13    0   46          - 5739798.13      -     -    0s
     0     0 5740398.19    0   41          - 5740398.19      -     -    0s
     0     0 5746283.33    0   39          - 5746283.33      -     -    0s
H    0     0                    1.156695e+08 5746283.33  95.0%     -    0s
     0     0 5746283.33    0   34 1.1567e+08 5746283.33  95.0%     -    0s
H    0     0                    8.509190e+07 5746283.33  93.2%     -    0s
     0     2 5746283.33    0   34 8.5092e+07 5746283.33  93.2%     -    0s
H  108    98                    8.456570e+07 9014676.42  89.3%  19.0    0s
H  125   115                    7.473810e+07 9014676.42  87.9%  20.2    0s
H  171   156                    7.421190e+07 9014676.42  87.9%  19.5    0s
*  183   167              39    5.398640e+07 9014676.42  83.3%  19.4    0s
H  199   169                    5.366400e+07 9014676.42  83.2%  18.9    0s
H  329   234                    4.390700e+07 9129416.67  79.2%  23.8    0s
*  484   322              48    4.388770e+07 1.2079e+07  72.5%  24.2    0s
H  518   337                    4.341300e+07 1.2079e+07  72.2%  25.2    0s
H  519   292                    3.346710e+07 1.2079e+07  63.9%  25.3    0s
*  686   360              28    3.332360e+07 1.2148e+07  63.5%  24.9    0s
*  687   340              28    3.301080e+07 1.2148e+07  63.2%  24.8    0s
H 1261   566                    3.292670e+07 1.2306e+07  62.6%  37.0    2s
H 2033   681                    3.288470e+07 1.2575e+07  61.8%  51.7    3s
  2416   737 infeasible   32      3.2885e+07 1.2616e+07  61.6%  53.5    5s
* 4486  1348              46    3.284290e+07 1.4144e+07  56.9%  65.5    9s
  4770  1435     cutoff   37      3.2843e+07 1.4455e+07  56.0%  66.2   10s
H 6368  1811                    3.280870e+07 1.5292e+07  53.4%  70.8   13s
  7303  1864 infeasible   27      3.2809e+07 1.5844e+07  51.7%  73.5   15s
* 8998  2308              49    3.279930e+07 1.7634e+07  46.2%  74.8   17s
 10374  2553     cutoff   38      3.2799e+07 1.8004e+07  45.1%  75.6   20s
 13637  3392     cutoff   41      3.2799e+07 2.2119e+07  32.6%  75.0   25s
*16383  4298              42    3.278170e+07 2.2257e+07  32.1%  73.8   28s
 17098  4516 2.2293e+07   42   32 3.2782e+07 2.2276e+07  32.0%  73.5   30s
*17448  4601              46    3.275340e+07 2.2278e+07  32.0%  73.6   30s
 20716  5453     cutoff   51      3.2753e+07 2.2343e+07  31.8%  73.5   38s
 22242  5870 3.2702e+07   40   16 3.2753e+07 2.2366e+07  31.7%  73.5   40s
*23909  6172              48    3.272200e+07 2.2388e+07  31.6%  73.9   42s
H24219  6276                    3.271130e+07 2.2393e+07  31.5%  73.9   43s
 25239  6387 2.2882e+07   39   30 3.2711e+07 2.2411e+07  31.5%  74.3   45s
 28635  6810     cutoff   37      3.2711e+07 2.2463e+07  31.3%  75.7   50s
 32015  7426 2.3906e+07   36   81 3.2711e+07 2.2501e+07  31.2%  76.6   55s
 35309  7937 2.2769e+07   33   44 3.2711e+07 2.2536e+07  31.1%  77.4   60s
 37240  8220 infeasible   35      3.2711e+07 2.2552e+07  31.1%  77.9   65s
 40457  8833 infeasible   33      3.2711e+07 2.2579e+07  31.0%  78.7   70s
 43752  9364 infeasible   36      3.2711e+07 2.2602e+07  30.9%  79.3   75s
 46574  9791 infeasible   37      3.2711e+07 2.2622e+07  30.8%  79.7   80s
 49734 10257 2.2963e+07   56   16 3.2711e+07 2.2644e+07  30.8%  80.2   85s
 52611 10555 2.3165e+07   41   68 3.2711e+07 2.2664e+07  30.7%  81.0   90s
 55586 11013     cutoff   43      3.2711e+07 2.2681e+07  30.7%  81.4   95s
 58429 11190     cutoff   42      3.2711e+07 2.2704e+07  30.6%  82.1  100s
 60944 11494 2.2905e+07   49   32 3.2711e+07 2.2719e+07  30.5%  82.5  105s
 63708 11747     cutoff   33      3.2711e+07 2.2737e+07  30.5%  83.0  110s
 66192 11859 infeasible   31      3.2711e+07 2.2754e+07  30.4%  83.6  115s
 69008 11990 infeasible   42      3.2711e+07 2.2773e+07  30.4%  84.1  120s
 71981 12185     cutoff   33      3.2711e+07 2.2792e+07  30.3%  84.6  125s
 74277 12183     cutoff   39      3.2711e+07 2.2810e+07  30.3%  85.2  130s
 77047 12267 infeasible   32      3.2711e+07 2.2828e+07  30.2%  85.6  135s
 79210 12172 infeasible   40      3.2711e+07 2.2843e+07  30.2%  86.2  140s
 81742 11965 infeasible   38      3.2711e+07 2.2860e+07  30.1%  86.9  145s
 84437 11821 infeasible   42      3.2711e+07 2.2878e+07  30.1%  87.5  150s
 86992 11716 2.3285e+07   41   50 3.2711e+07 2.2897e+07  30.0%  88.0  155s
 89540 11589     cutoff   46      3.2711e+07 2.2915e+07  29.9%  88.4  160s
 91812 11433 2.2946e+07   46   59 3.2711e+07 2.2932e+07  29.9%  88.9  165s
 94021 11156     cutoff   44      3.2711e+07 2.2951e+07  29.8%  89.5  170s
 96438 10903 2.3099e+07   42   57 3.2711e+07 2.2973e+07  29.8%  89.9  175s
 98263 10613 2.3794e+07   53   39 3.2711e+07 2.2992e+07  29.7%  90.4  180s
 100376 10307     cutoff   38      3.2711e+07 2.3013e+07  29.6%  90.9  185s
 102440  9889     cutoff   39      3.2711e+07 2.3037e+07  29.6%  91.5  190s
 104663  9551 2.3859e+07   45   55 3.2711e+07 2.3061e+07  29.5%  92.0  195s
 106820  9121     cutoff   40      3.2711e+07 2.3090e+07  29.4%  92.6  200s
 108710  8668 infeasible   32      3.2711e+07 2.3115e+07  29.3%  93.1  205s
 110745  8317     cutoff   49      3.2711e+07 2.3140e+07  29.3%  93.5  210s
 112479  7853 2.3212e+07   53   42 3.2711e+07 2.3169e+07  29.2%  94.0  215s
 114348  7196 2.3327e+07   43   36 3.2711e+07 2.3208e+07  29.1%  94.6  220s
 116133  6578     cutoff   44      3.2711e+07 2.3246e+07  28.9%  95.1  225s
 118255  5839 2.3398e+07   48   59 3.2711e+07 2.3303e+07  28.8%  95.6  230s
 120046  5251 infeasible   46      3.2711e+07 2.3359e+07  28.6%  96.1  235s
 121616  4629 infeasible   39      3.2711e+07 2.3426e+07  28.4%  96.5  240s
 123762  3793 2.5124e+07   42   48 3.2711e+07 2.3544e+07  28.0%  97.0  245s
 125606  3020 infeasible   41      3.2711e+07 2.3717e+07  27.5%  97.4  250s
 127317  2400 2.4075e+07   34   82 3.2711e+07 2.3950e+07  26.8%  97.7  255s
 129698  1466     cutoff   50      3.2711e+07 2.4732e+07  24.4%  98.1  260s
 132381   366 3.2551e+07   32   37 3.2711e+07 3.1917e+07  2.43%  98.1  265s

Cutting planes:
  Learned: 18
  Gomory: 7
  Cover: 18
  Implied bound: 584
  Clique: 19
  MIR: 42
  Flow cover: 133
  GUB cover: 25
  Zero half: 27

Explored 133615 nodes (13055330 simplex iterations) in 266.37 seconds
Thread count was 4 (of 4 available processors)

Optimal solution found (tolerance 1.00e-04)
Best objective 3.271130000000e+07, best bound 3.271130000000e+07, gap 0.0%
k_c1	50000.0
k_c10	230000.0
k_c2	50000.0
k_c3	70001.0
k_c4	120000.0
k_c5	960000.0
k_c6	60000.0
k_c7	1000000.0
k_c8	949998.0
k_c9	130001.0
k_dN	0.0
o_1	0.0
o_10	1.0
o_2	0.0
o_3	0.0
o_4	0.0
o_5	0.0
o_6	1.0
o_7	0.0
o_8	0.0
o_9	0.0
p_1	0.0
p_10	1.0
p_2	0.0
p_3	0.0
p_4	0.0
p_5	0.0
p_6	1.0
p_7	0.0
p_8	0.0
p_9	0.0
phi_c1	32605.0
phi_c10	19621.0
phi_c2	12140.0
phi_c3	31589.0
phi_c4	4489.0
phi_c5	28383.0
phi_c6	0.0
phi_c7	48501.0
phi_c8	10800.0
phi_c9	37938.0
phi_dN	0.0
pi_c1	247928.0
pi_c10	250000.0
pi_c2	247928.0
pi_c3	200000.0
pi_c4	247928.0
pi_c5	247927.0
pi_c6	50001.0
pi_c7	250000.0
pi_c8	250000.0
pi_c9	199999.0
pi_dN	0.0
tauD_c1	850000.0
tauD_c10	231273.0
tauD_c2	800000.0
tauD_c3	677325.0
tauD_c4	503575.0
tauD_c5	252024.0
tauD_c6	550350.0
tauD_c7	94824.0
tauD_c8	400000.0
tauD_c9	573600.0
tauD_d0	0.0
tauD_dN	1000000.0
tauS_c1	794525.0
tauS_c10	398525.0
tauS_c2	879700.0
tauS_c3	160125.0
tauS_c4	736825.0
tauS_c5	842499.0
tauS_c6	522175.0
tauS_c7	827724.0
tauS_c8	829399.0
tauS_c9	198525.0
tauS_d0	0.0
tauS_dN	710400.0
x_c10_c9	1.0
x_c1_dN	1.0
x_c2_dN	1.0
x_c3_c2	1.0
x_c4_c6	1.0
x_c5_c8	1.0
x_c6_c1	1.0
x_c7_c5	1.0
x_c8_c4	1.0
x_c9_c3	1.0
x_d0_c10	1.0
x_d0_c7	1.0
z_c10_c6	1.0
z_c6_dN	1.0
z_d0_c10	1.0
