
Gurobi 6.0.4 (win64) logging started 06/12/15 17:52:20

Read LP format model from file E:\Eigene Dateien\Downloads\Michi shit\VRPTWMS-master\VRPTWMS\instances\mip\fuel\N10-C_DV100-C_SV25_F5_13_No_1.lp
Reading time = 0.02 seconds
(null): 621 rows, 298 columns, 2643 nonzeros
Optimize a model with 621 rows, 298 columns and 2643 nonzeros
Model has 1100 quadratic constraints
WARNING: Only barrier available for SOCP models
Coefficient statistics:
  Matrix range    [1e+00, 1e+02]
  Objective range [3e+00, 1e+03]
  Bounds range    [1e+00, 1e+02]
  RHS range       [1e+00, 1e+02]
Presolve removed 49 rows and 25 columns
Presolve time: 0.06s
Presolved: 2530 rows, 1292 columns, 12648 nonzeros
Variable types: 939 continuous, 353 integer (300 binary)
Found heuristic solution: objective 11470.520000
Optimize a model with 2530 rows, 1292 columns and 12648 nonzeros
Coefficient statistics:
  Matrix range    [8e-01, 1e+02]
  Objective range [3e+00, 1e+03]
  Bounds range    [1e+00, 1e+02]
  RHS range       [1e+00, 1e+02]

Concurrent LP optimizer: dual simplex and barrier
Showing barrier log only...

Presolve removed 243 rows and 158 columns
Presolved: 2287 rows, 1137 columns, 11630 nonzeros

Root barrier log...

Ordering time: 0.00s

Barrier performed 0 iterations in 0.09 seconds
Barrier solve interrupted - model solved by another algorithm


Solved with dual simplex
Solved in 87 iterations and 0.09 seconds
Optimal objective  1.564141427e+02

Root relaxation: objective 1.564141e+02, 87 iterations, 0.02 seconds

    Nodes    |    Current Node    |     Objective Bounds      |     Work
 Expl Unexpl |  Obj  Depth IntInf | Incumbent    BestBd   Gap | It/Node Time

     0     0  156.41414    0   29 11470.5200  156.41414  98.6%     -    0s
H    0     0                    9384.6200000  156.41414  98.3%     -    0s
     0     0  173.28771    0   50 9384.62000  173.28771  98.2%     -    0s
H    0     0                    8380.2600000  173.28771  97.9%     -    0s
     0     0  176.82128    0   50 8380.26000  176.82128  97.9%     -    0s
H    0     0                    7330.8000000  176.82128  97.6%     -    0s
     0     0  183.53586    0   52 7330.80000  183.53586  97.5%     -    0s
     0     0  362.88872    0   75 7330.80000  362.88872  95.0%     -    0s
     0     0  433.85250    0   52 7330.80000  433.85250  94.1%     -    0s
H    0     0                    5436.4400000  433.85250  92.0%     -    0s
     0     0  435.69500    0   62 5436.44000  435.69500  92.0%     -    0s
     0     0  435.69500    0   61 5436.44000  435.69500  92.0%     -    0s
     0     0  435.69500    0   61 5436.44000  435.69500  92.0%     -    0s
     0     0  435.69500    0   54 5436.44000  435.69500  92.0%     -    0s
     0     0  435.69500    0   52 5436.44000  435.69500  92.0%     -    0s
     0     0  435.69500    0   57 5436.44000  435.69500  92.0%     -    0s
     0     0  435.69500    0   55 5436.44000  435.69500  92.0%     -    0s
     0     0  435.69500    0   50 5436.44000  435.69500  92.0%     -    0s
     0     0  435.69500    0   56 5436.44000  435.69500  92.0%     -    0s
     0     0  435.69500    0   55 5436.44000  435.69500  92.0%     -    0s
     0     2  435.69500    0   51 5436.44000  435.69500  92.0%     -    0s
H  392   249                    3279.0300000 1176.51000  64.1%  28.8    0s
H  848   545                    3271.0100000 1190.24643  63.6%  32.1    1s
H 1281   727                    3251.6700000 1197.17686  63.2%  32.7    2s
  4831  2146 2236.03995   38   40 3251.67000 2187.78857  32.7%  35.0    5s
 10750  5221 2242.82735   30   31 3251.67000 2193.51772  32.5%  35.7   10s
 16066  7476     cutoff   39      3251.67000 2197.28332  32.4%  37.9   15s
 21196  9702 2246.10389   29   55 3251.67000 2199.86455  32.3%  38.7   23s
 21212  9715 2199.86455   30  101 3251.67000 2199.86455  32.3%  38.8   25s
 24773 10463 2201.03235   43   33 3251.67000 2199.86455  32.3%  39.5   30s
H25158  9923                    3246.1500000 2199.86455  32.2%  39.7   30s
 31130 10779     cutoff   66      3246.15000 2199.86455  32.2%  39.7   35s
 36870 11375 3207.84104   58   36 3246.15000 2204.65006  32.1%  40.2   40s
 39148 11455 2291.96399   55   55 3246.15000 2206.87044  32.0%  41.0   45s
 43242 11444     cutoff   54      3246.15000 2209.86175  31.9%  43.0   50s
 47576 11246 2334.07985   49   40 3246.15000 2213.09667  31.8%  44.7   55s
 52206 12202 3234.82201   42   39 3246.15000 2215.54221  31.7%  46.2   60s
 56626 13552     cutoff   53      3246.15000 2217.75915  31.7%  47.3   65s
 61350 14758     cutoff   49      3246.15000 2220.54428  31.6%  48.1   70s
 66138 16103 2278.31328   52   36 3246.15000 2222.58242  31.5%  49.0   75s
 70552 17286 2262.75029   50   44 3246.15000 2224.53800  31.5%  49.9   80s
 74838 18359 infeasible   40      3246.15000 2226.61740  31.4%  50.7   85s
 78989 19276 infeasible   59      3246.15000 2228.55761  31.3%  51.4   90s
 83185 20154     cutoff   55      3246.15000 2230.31816  31.3%  52.1   95s
 87697 21082 infeasible   56      3246.15000 2232.18468  31.2%  52.9  100s
 91547 21726     cutoff   50      3246.15000 2233.51928  31.2%  53.5  105s
 95540 22421 2311.69640   50   59 3246.15000 2235.11001  31.1%  54.3  110s
 99684 23066 2266.25629   46   56 3246.15000 2236.57332  31.1%  54.8  115s
 103961 23612 2262.94282   63   76 3246.15000 2238.12383  31.1%  55.4  120s
 107935 24072 2261.75573   48   43 3246.15000 2239.70464  31.0%  56.0  125s
 111168 24398     cutoff   52      3246.15000 2240.88532  31.0%  56.6  130s
 115395 24889 infeasible   73      3246.15000 2242.43655  30.9%  57.3  135s
 118844 25265 2366.33925   67   79 3246.15000 2243.66508  30.9%  57.8  140s
 121945 25482 2289.62362   61   41 3246.15000 2244.73413  30.8%  58.3  145s
 125746 25802 2290.30440   57   69 3246.15000 2245.99906  30.8%  58.9  150s
 129715 25991     cutoff   47      3246.15000 2247.35819  30.8%  59.4  155s
 132701 26094     cutoff   46      3246.15000 2248.33952  30.7%  60.0  160s
 136356 26237 2284.88860   59   42 3246.15000 2249.61211  30.7%  60.5  165s
 140056 26407     cutoff   59      3246.15000 2250.71352  30.7%  61.0  170s
 142596 26423 infeasible   49      3246.15000 2251.47831  30.6%  61.4  175s
 145897 26423     cutoff   58      3246.15000 2252.58895  30.6%  62.0  180s
 149470 26380 2256.33832   56   58 3246.15000 2253.84988  30.6%  62.5  185s
 153109 26344     cutoff   38      3246.15000 2255.09000  30.5%  63.0  190s
 156192 26364 2272.39027   63   55 3246.15000 2256.00954  30.5%  63.4  195s
 159733 26449 infeasible   53      3246.15000 2257.08455  30.5%  63.8  200s
 163043 26406 infeasible   53      3246.15000 2258.16809  30.4%  64.2  205s
 166468 26358 2305.27515   58   61 3246.15000 2259.33402  30.4%  64.7  210s
 169981 26244 infeasible   62      3246.15000 2260.45667  30.4%  65.1  215s
 173293 26128 infeasible   55      3246.15000 2261.58643  30.3%  65.5  220s
 176329 25879 infeasible   51      3246.15000 2262.68290  30.3%  65.9  225s
 179647 25698 2310.74868   50   58 3246.15000 2263.79500  30.3%  66.3  230s
 182741 25588 2312.07202   64   37 3246.15000 2264.85126  30.2%  66.6  235s
 185671 25418     cutoff   53      3246.15000 2265.77667  30.2%  67.0  240s
 188926 25272 infeasible   69      3246.15000 2266.88186  30.2%  67.3  245s
 192330 24904 2311.30744   59   52 3246.15000 2268.25197  30.1%  67.7  250s
 194810 24589     cutoff   46      3246.15000 2269.28511  30.1%  68.1  255s
 197872 24309     cutoff   45      3246.15000 2270.58037  30.1%  68.4  260s
 201163 23927 2312.23297   46   49 3246.15000 2271.82621  30.0%  68.9  265s
 203607 23689 2347.67914   47   85 3246.15000 2272.78595  30.0%  69.1  270s
 206893 23338     cutoff   50      3246.15000 2274.08476  29.9%  69.5  275s
 209614 22908 2479.79524   61   73 3246.15000 2275.34990  29.9%  69.8  280s
 212581 22519 infeasible   54      3246.15000 2276.58951  29.9%  70.1  285s
 215570 22128     cutoff   73      3246.15000 2277.99323  29.8%  70.4  290s
 218565 21710 2292.62733   53   57 3246.15000 2279.34247  29.8%  70.7  295s
 221563 21240 infeasible   53      3246.15000 2280.75780  29.7%  71.0  300s
 224376 20905 infeasible   46      3246.15000 2281.98464  29.7%  71.4  305s
 227074 20450 2359.12428   65  123 3246.15000 2283.24890  29.7%  71.7  310s
 229387 20008 2318.44642   56  120 3246.15000 2284.60779  29.6%  72.0  315s
 232231 19430 infeasible   54      3246.15000 2286.14711  29.6%  72.3  320s
 235275 18802 2335.31312   55   61 3246.15000 2287.93525  29.5%  72.6  325s
 237982 18150     cutoff   63      3246.15000 2289.50136  29.5%  72.9  330s
 240750 17599 2315.63321   62   81 3246.15000 2291.15029  29.4%  73.2  335s
 243519 16827 infeasible   61      3246.15000 2293.12519  29.4%  73.5  340s
 246340 16263 infeasible   50      3246.15000 2294.90446  29.3%  73.8  345s
 248939 15571 infeasible   54      3246.15000 2296.68371  29.2%  74.0  350s
 251324 14835     cutoff   55      3246.15000 2298.63939  29.2%  74.3  355s
 253447 14174     cutoff   50      3246.15000 2300.60883  29.1%  74.5  360s
 256087 13400 2309.46692   53  111 3246.15000 2302.74888  29.1%  74.8  365s
 258147 12791 2309.11212   60   46 3246.15000 2304.67935  29.0%  75.0  370s
 260738 11894 infeasible   56      3246.15000 2307.48905  28.9%  75.3  375s
 262748 11092 infeasible   49      3246.15000 2309.96964  28.8%  75.5  380s
 265416 10076     cutoff   58      3246.15000 2313.43967  28.7%  75.8  385s
 268060  8946     cutoff   47      3246.15000 2317.82780  28.6%  76.1  390s
 270742  7825 infeasible   57      3246.15000 2323.18649  28.4%  76.3  395s
 273567  6522 2331.78647   41   86 3246.15000 2330.66290  28.2%  76.5  400s
 275837  5551     cutoff   64      3246.15000 2338.07300  28.0%  76.7  405s
 278486  4204 2353.50679   59   62 3246.15000 2352.47076  27.5%  76.9  410s
 281968  2353 2447.99173   61   28 3246.15000 2447.99173  24.6%  76.9  415s
 287747  1126     cutoff   51      3246.15000 3213.62674  1.00%  76.0  420s

Cutting planes:
  Learned: 22
  Gomory: 35
  Cover: 15
  Implied bound: 116
  Clique: 13
  MIR: 125
  Flow cover: 134
  GUB cover: 13
  Zero half: 30

Explored 290493 nodes (21942937 simplex iterations) in 422.65 seconds
Thread count was 4 (of 4 available processors)

Optimal solution found (tolerance 1.00e-04)
Best objective 3.246150000000e+03, best bound 3.246150000000e+03, gap 0.0%
k_c1	100.0
k_c10	95.0
k_c2	100.0
k_c3	9.0
k_c4	3.0
k_c5	3.0
k_c6	15.0
k_c7	10.0
k_c8	6.0
k_c9	6.0
k_dN	0.0
o_1	0.0
o_10	0.0
o_2	0.0
o_3	0.0
o_4	1.0
o_5	0.0
o_6	0.0
o_7	0.0
o_8	0.0
o_9	0.0
p_1	0.0
p_10	0.0
p_2	0.0
p_3	1.0
p_4	1.0
p_5	0.0
p_6	0.0
p_7	0.0
p_8	0.0
p_9	1.0
phi_c1	3.0
phi_c10	3.0
phi_c2	4.0
phi_c3	2.0
phi_c4	1.0
phi_c5	2.0
phi_c6	2.0
phi_c7	1.0
phi_c8	3.0
phi_c9	0.0
phi_dN	0.0
pi_c1	0.0
pi_c10	0.0
pi_c2	0.0
pi_c3	12.0
pi_c4	9.0
pi_c5	0.0
pi_c6	0.0
pi_c7	0.0
pi_c8	0.0
pi_c9	5.0
pi_dN	0.0
tauD_c1	23.0
tauD_c10	11.0
tauD_c2	4.0
tauD_c3	22.0
tauD_c4	57.0
tauD_c5	87.0
tauD_c6	30.0
tauD_c7	37.0
tauD_c8	45.0
tauD_c9	65.0
tauD_d0	0.0
tauD_dN	100.0
tauS_c1	85.0
tauS_c10	89.0
tauS_c2	6.0
tauS_c3	6.0
tauS_c4	40.0
tauS_c5	5.0
tauS_c6	85.0
tauS_c7	10.0
tauS_c8	11.0
tauS_c9	66.0
tauS_d0	0.0
tauS_dN	85.0
x_c10_c3	1.0
x_c1_c6	1.0
x_c2_c10	1.0
x_c3_c8	1.0
x_c4_dN	1.0
x_c5_dN	1.0
x_c6_c7	1.0
x_c7_c9	1.0
x_c8_c4	1.0
x_c9_c5	1.0
x_d0_c1	1.0
x_d0_c2	1.0
z_c3_c4	1.0
z_c4_c9	1.0
z_c9_dN	1.0
z_d0_c3	1.0
