
Gurobi 6.0.4 (win64) logging started 06/13/15 06:07:35

Warning: unknown variable 'kDash_dN' in bounds section
Read LP format model from file C:\MT\repository\VRPTWMS\instances\mip\freight\N10-C_DV10-C_SV50_F22_3_No_1.lp
Reading time = 0.02 seconds
(null): 521 rows, 310 columns, 2253 nonzeros
Optimize a model with 521 rows, 310 columns and 2253 nonzeros
Model has 1210 quadratic constraints
WARNING: Only barrier available for SOCP models
Coefficient statistics:
  Matrix range    [1e+00, 1e+02]
  Objective range [4e+00, 1e+03]
  Bounds range    [1e+00, 1e+02]
  RHS range       [1e+00, 1e+02]
Presolve removed 69 rows and 34 columns
Presolve time: 0.12s
Presolved: 2858 rows, 1529 columns, 13749 nonzeros
Variable types: 1153 continuous, 376 integer (312 binary)
Found heuristic solution: objective 10444.780000
Optimize a model with 2858 rows, 1529 columns and 13749 nonzeros
Coefficient statistics:
  Matrix range    [9e-01, 1e+02]
  Objective range [4e+00, 1e+03]
  Bounds range    [2e-01, 1e+02]
  RHS range       [1e+00, 1e+02]

Concurrent LP optimizer: dual simplex and barrier
Showing barrier log only...

Presolve removed 118 rows and 57 columns
Presolved: 2740 rows, 1472 columns, 13051 nonzeros

Root barrier log...

Ordering time: 0.00s

Barrier performed 0 iterations in 0.14 seconds
Barrier solve interrupted - model solved by another algorithm


Solved with dual simplex
Solved in 211 iterations and 0.14 seconds
Optimal objective  5.965312029e+02

Root relaxation: objective 5.965312e+02, 211 iterations, 0.03 seconds

    Nodes    |    Current Node    |     Objective Bounds      |     Work
 Expl Unexpl |  Obj  Depth IntInf | Incumbent    BestBd   Gap | It/Node Time

     0     0  596.53120    0   66 10444.7800  596.53120  94.3%     -    0s
H    0     0                    8392.4500000  596.53120  92.9%     -    0s
     0     0 1152.50892    0   72 8392.45000 1152.50892  86.3%     -    0s
     0     0 1174.92511    0   65 8392.45000 1174.92511  86.0%     -    0s
H    0     0                    8341.1700000 1174.92511  85.9%     -    0s
     0     0 1178.50203    0   97 8341.17000 1178.50203  85.9%     -    0s
H    0     0                    7362.4500000 1178.50203  84.0%     -    0s
     0     0 1178.93038    0   95 7362.45000 1178.93038  84.0%     -    0s
H    0     0                    6357.3500000 1178.93038  81.5%     -    0s
     0     0 1179.20071    0   69 6357.35000 1179.20071  81.5%     -    0s
     0     0 1179.20071    0   75 6357.35000 1179.20071  81.5%     -    0s
     0     0 1179.20071    0   75 6357.35000 1179.20071  81.5%     -    0s
H    0     0                    6302.4800000 1179.20071  81.3%     -    0s
H    0     0                    5297.3800000 1179.20071  77.7%     -    0s
     0     0 1179.20071    0   77 5297.38000 1179.20071  77.7%     -    0s
     0     0 1179.20071    0   77 5297.38000 1179.20071  77.7%     -    0s
H    0     0                    5265.5500000 1179.20071  77.6%     -    0s
     0     2 1179.20071    0   72 5265.55000 1179.20071  77.6%     -    0s
H   58    56                    5261.8700000 1188.90000  77.4%   130    0s
   746   512 3371.29747   14  156 5261.87000 1221.55124  76.8%  78.0    5s
H  756   492                    5261.2900000 1248.21545  76.3%  77.0    6s
H  756   467                    4256.1900000 1248.21545  70.7%  77.0    6s
   783   486 3345.23852   43   99 4256.19000 1511.16312  64.5%  95.9   10s
   819   510 4256.19000   38  132 4256.19000 1561.36833  63.3%  91.7   15s
  1580   637 3325.32763   37   32 4256.19000 2214.18764  48.0%   102   20s
  2372   707 3257.38919   43   31 4256.19000 2237.59536  47.4%   105   25s
  3263   921 2843.81996   39   71 4256.19000 2259.15764  46.9%   107   30s
H 3956  1136                    4255.5600000 2266.94951  46.7%   105   34s
  4076  1175     cutoff   38      4255.56000 2268.25212  46.7%   105   35s
  5240  1468 3331.60349   42   62 4255.56000 2280.77853  46.4%   106   40s
  6125  1634     cutoff   57      4255.56000 2293.17000  46.1%   107   45s
  7020  1846 2553.48366   45   84 4255.56000 2301.48763  45.9%   107   50s
  7901  1960 infeasible   40      4255.56000 2307.88500  45.8%   108   55s
  8986  2087     cutoff   50      4255.56000 2318.61613  45.5%   108   60s
  9850  2116 2520.94393   40  118 4255.56000 2331.69301  45.2%   109   65s
 10810  2175 3376.22916   51   54 4255.56000 2343.31444  44.9%   110   70s
 11955  2177 3421.10583   43   73 4255.56000 2363.29616  44.5%   109   75s
 12918  2213 3445.76812   51   49 4255.56000 2397.00365  43.7%   109   80s
 13995  2317 infeasible   43      4255.56000 2461.72572  42.2%   110   85s
 14755  2481 3261.94286   43   77 4255.56000 2495.41650  41.4%   110   93s
 14761  2485 3265.02923   47   89 4255.56000 2495.41650  41.4%   110   95s
 14774  2494 3252.25144   38  155 4255.56000 2495.41650  41.4%   110  100s
 14788  2503 3218.36789   41  146 4255.56000 2495.41650  41.4%   110  105s
 14801  2512 3265.02923   47  165 4255.56000 2495.41650  41.4%   109  110s
 14814  2520 3252.25144   38  102 4255.56000 2495.41650  41.4%   109  115s
 14827  2529 3138.41156   32  150 4255.56000 2495.41650  41.4%   109  120s
 14841  2538 3265.02923   47  153 4255.56000 2495.41650  41.4%   109  125s
 14854  2547 3252.25144   38  153 4255.56000 2495.41650  41.4%   109  130s
 14918  2571 2495.41650   46   82 4255.56000 2495.41650  41.4%   111  136s
 15605  2707 2495.41650   49   87 4255.56000 2495.41650  41.4%   110  141s
 16576  2850 3298.56270   52   42 4255.56000 2495.41650  41.4%   109  145s
H17067  2766                    4254.4300000 2495.41650  41.3%   108  147s
 17804  2754 3371.14108   66   47 4254.43000 2495.41650  41.3%   108  151s
 18946  2732 3307.00029   59   47 4254.43000 2495.41650  41.3%   107  155s
 20591  2698 3386.26422   78   55 4254.43000 2495.41650  41.3%   106  161s
 21646  2680 2495.41650   67   71 4254.43000 2495.41650  41.3%   105  166s
 22671  2782 2495.41650   64   84 4254.43000 2495.41650  41.3%   105  170s
 24334  3149 2495.41650   63   82 4254.43000 2495.41650  41.3%   104  176s
 25448  3381 3361.50167   57   52 4254.43000 2495.41650  41.3%   104  180s
 26962  3668 2706.69095   73  103 4254.43000 2495.41650  41.3%   103  186s
 28395  3882 2495.41650   73   67 4254.43000 2495.41650  41.3%   103  191s
 29709  4052 infeasible   76      4254.43000 2495.41650  41.3%   103  195s
 30905  4177 3572.36302   68   59 4254.43000 2495.41650  41.3%   103  201s
 32204  4196 2498.19888   76   95 4254.43000 2495.41650  41.3%   103  206s
 33373  4216 2495.41650   66   98 4254.43000 2495.41650  41.3%   103  210s
 34516  4207 3556.72752   74   75 4254.43000 2495.41650  41.3%   103  215s
 35815  4270 2495.41650   64  108 4254.43000 2495.41650  41.3%   103  221s
 36650  4237 3458.90894   71   92 4254.43000 2495.41650  41.3%   103  225s
 37924  4223     cutoff   70      4254.43000 2495.41650  41.3%   104  230s
 38884  4132     cutoff   72      4254.43000 2495.41650  41.3%   104  236s
 39934  4106 3464.18033   53   58 4254.43000 2495.41650  41.3%   104  240s
 41297  4164 3401.82795   66   65 4254.43000 2495.41650  41.3%   104  246s
 42395  4185 3390.12204   63   51 4254.43000 2524.49953  40.7%   104  250s
 43584  4118 2636.22003   66   97 4254.43000 2570.78586  39.6%   104  255s
 44713  4068     cutoff   73      4254.43000 2655.23891  37.6%   104  260s
 46094  4091 3335.32400   50   34 4254.43000 2781.87258  34.6%   103  265s
 47340  4172 3638.71818   75   87 4254.43000 3000.19681  29.5%   103  270s
 48999  4700 3304.21700   56   43 4254.43000 3195.37375  24.9%   102  276s
 50830  5533 3332.90645   74   62 4254.43000 3222.26400  24.3%   100  280s
 52359  6139 3237.87233   56   64 4254.43000 3228.24441  24.1%   100  285s
 54336  6979 3267.25000   49   44 4254.43000 3233.24193  24.0%  98.5  290s
 55905  7406 infeasible   74      4254.43000 3236.75564  23.9%  98.0  295s
 57713  7947 3273.58432   64   36 4254.43000 3239.40972  23.9%  97.3  301s
 59107  8440 3324.33029   68   67 4254.43000 3241.00768  23.8%  96.7  305s
 60814  9020 3253.00514   70   54 4254.43000 3243.01137  23.8%  96.0  310s
 62990  9774 3340.63240   72   45 4254.43000 3245.04547  23.7%  95.0  316s
 64590 10278 3262.21436   60   56 4254.43000 3246.80068  23.7%  94.5  320s
 66373 10760 3311.24375   67   44 4254.43000 3248.30344  23.6%  94.1  325s
 67895 11199 infeasible   64      4254.43000 3249.49147  23.6%  93.6  330s
 69505 11617 3362.35305   69   80 4254.43000 3250.65759  23.6%  93.4  335s
 71288 12089 3348.84460   63   38 4254.43000 3251.67478  23.6%  92.9  340s
 72827 12532 3279.33443   59   46 4254.43000 3252.66927  23.5%  92.6  345s
 74657 12906 3284.82873   60   53 4254.43000 3253.78726  23.5%  92.4  350s
 76085 13174     cutoff   57      4254.43000 3254.70326  23.5%  92.3  355s
 77571 13446 infeasible   61      4254.43000 3255.57477  23.5%  92.3  360s
 79105 13766 3268.23818   57   77 4254.43000 3256.33088  23.5%  92.1  365s
 80779 14018 3282.85009   58   78 4254.43000 3257.27275  23.4%  92.1  370s
 82170 14145 infeasible   62      4254.43000 3258.33342  23.4%  92.2  375s
 83740 14333     cutoff   52      4254.43000 3259.20864  23.4%  92.1  380s
 84986 14506 3304.78455   68   79 4254.43000 3259.87925  23.4%  92.1  385s
 86280 14664 infeasible   81      4254.43000 3260.44701  23.4%  92.2  390s
 87807 14895 3261.92836   63   60 4254.43000 3261.27683  23.3%  92.1  395s
 89174 15100 infeasible   56      4254.43000 3261.98273  23.3%  92.1  400s
 90672 15309     cutoff   56      4254.43000 3262.83346  23.3%  92.1  405s
 92145 15485     cutoff   55      4254.43000 3263.68858  23.3%  92.0  410s
 93602 15587 3563.05286   56   44 4254.43000 3264.69780  23.3%  92.1  415s
 94770 15733 3265.54722   64   35 4254.43000 3265.38678  23.2%  92.1  420s
 96521 15930     cutoff   74      4254.43000 3266.35386  23.2%  92.0  425s
 97636 16117     cutoff   56      4254.43000 3266.90780  23.2%  92.0  430s
 99186 16289     cutoff   60      4254.43000 3267.68530  23.2%  92.0  435s
 100571 16480 3270.08231   58   44 4254.43000 3268.40120  23.2%  92.0  440s
 102067 16580 3282.69649   64   77 4254.43000 3269.18700  23.2%  92.1  445s
 103541 16632 infeasible   74      4254.43000 3270.04027  23.1%  92.1  450s
 104667 16744 3286.94994   64   44 4254.43000 3270.58517  23.1%  92.2  455s
 106131 16806 infeasible   63      4254.43000 3271.36693  23.1%  92.2  460s
 107395 16895 3306.95102   59   22 4254.43000 3272.02949  23.1%  92.3  465s
 108800 17071 3272.81182   66   56 4254.43000 3272.67500  23.1%  92.2  470s
 110299 17202 3274.11778   60   22 4254.43000 3273.41400  23.1%  92.3  475s
 111621 17276     cutoff   73      4254.43000 3274.09412  23.0%  92.3  480s
 112771 17347     cutoff   62      4254.43000 3274.76007  23.0%  92.4  485s
 114129 17493 3275.64375   66   55 4254.43000 3275.40456  23.0%  92.4  490s
 115582 17595 infeasible   58      4254.43000 3276.13863  23.0%  92.5  495s
 116879 17685 infeasible   67      4254.43000 3276.74789  23.0%  92.5  500s
 117928 17686     cutoff   53      4254.43000 3277.32750  23.0%  92.6  505s
 119481 17718 infeasible   60      4254.43000 3278.07857  22.9%  92.7  510s
 120721 17765 infeasible   57      4254.43000 3278.69000  22.9%  92.8  515s
 122077 17805     cutoff   63      4254.43000 3279.39661  22.9%  92.9  520s
 123207 17817 3317.19311   64   78 4254.43000 3279.97263  22.9%  92.9  525s
 124418 17793 3315.32243   67   48 4254.43000 3280.63643  22.9%  93.1  530s
 125550 17814 infeasible   75      4254.43000 3281.25719  22.9%  93.1  535s
 126834 17889     cutoff   78      4254.43000 3281.96000  22.9%  93.2  540s
 128083 17921     cutoff   71      4254.43000 3282.57133  22.8%  93.3  545s
 129484 17927 infeasible   77      4254.43000 3283.24644  22.8%  93.4  550s
 130714 17847 infeasible   77      4254.43000 3283.93440  22.8%  93.5  555s
 132010 17889 3285.15134   69   72 4254.43000 3284.50681  22.8%  93.6  560s
 133222 17928     cutoff   66      4254.43000 3285.10314  22.8%  93.6  565s
 134231 17897 infeasible   63      4254.43000 3285.58067  22.8%  93.7  570s
 135621 17811 infeasible   62      4254.43000 3286.42304  22.8%  93.8  575s
 136980 17773 3296.14000   74   21 4254.43000 3287.06600  22.7%  93.9  580s
 138007 17671 infeasible   64      4254.43000 3287.68369  22.7%  94.0  585s
 139173 17641     cutoff   56      4254.43000 3288.36335  22.7%  94.1  590s
 140173 17606     cutoff   64      4254.43000 3288.95724  22.7%  94.2  595s
 141414 17440 infeasible   68      4254.43000 3289.75610  22.7%  94.4  600s
 142622 17302 infeasible   73      4254.43000 3290.54000  22.7%  94.5  605s
 143781 17173 infeasible   73      4254.43000 3291.18017  22.6%  94.6  610s
 145109 17081 3296.54153   78   34 4254.43000 3291.87350  22.6%  94.7  615s
 146506 17022     cutoff   77      4254.43000 3292.61269  22.6%  94.8  620s
 147635 16988 3302.32739   71   51 4254.43000 3293.24180  22.6%  94.9  625s
 149003 16949 infeasible   64      4254.43000 3294.06438  22.6%  95.0  630s
 150189 16885 3302.96433   76   39 4254.43000 3294.69420  22.6%  95.0  635s
 151432 16805 infeasible   69      4254.43000 3295.35741  22.5%  95.2  640s
 152616 16778 infeasible   62      4254.43000 3296.03279  22.5%  95.3  645s
 153768 16708 infeasible   70      4254.43000 3296.74708  22.5%  95.4  650s
 155204 16550 3309.13127   71   93 4254.43000 3297.64000  22.5%  95.5  655s
 156283 16506 3307.18173   67   59 4254.43000 3298.16000  22.5%  95.5  660s
 157532 16385     cutoff   66      4254.43000 3299.00268  22.5%  95.6  665s
 159021 16337 3443.48091   78   66 4254.43000 3299.77658  22.4%  95.7  670s
 159910 16251 infeasible   77      4254.43000 3300.31557  22.4%  95.8  675s
 161212 16129 3317.59950   69   57 4254.43000 3301.08786  22.4%  95.9  680s
 162504 16039 infeasible   53      4254.43000 3301.84172  22.4%  96.0  685s
 163787 15845     cutoff   68      4254.43000 3302.68201  22.4%  96.1  690s
 164987 15803 infeasible   82      4254.43000 3303.39405  22.4%  96.2  695s
 166378 15703 3306.83984   59   46 4254.43000 3304.33922  22.3%  96.3  700s
 167403 15584 infeasible   57      4254.43000 3304.86000  22.3%  96.4  705s
 168457 15526 infeasible   81      4254.43000 3305.52024  22.3%  96.5  710s
 169477 15433     cutoff   71      4254.43000 3306.24385  22.3%  96.6  715s
 170847 15299 infeasible   61      4254.43000 3307.21900  22.3%  96.7  720s
 172032 15141     cutoff   65      4254.43000 3308.03990  22.2%  96.9  725s
 173177 15176     cutoff   81      4254.43000 3308.59457  22.2%  97.0  730s
 174302 15143 infeasible   58      4254.43000 3309.19456  22.2%  97.0  735s
 175536 15086 infeasible   88      4254.43000 3309.98667  22.2%  97.1  740s
 176637 14941 infeasible   90      4254.43000 3310.81528  22.2%  97.2  745s
 177759 14758 infeasible   80      4254.43000 3311.53000  22.2%  97.3  750s
 178806 14557 infeasible   70      4254.43000 3312.35371  22.1%  97.5  755s
 180033 14329 3323.92930   78   43 4254.43000 3313.25065  22.1%  97.6  760s
 181104 14207 infeasible   65      4254.43000 3314.02226  22.1%  97.7  765s
 182327 13951 infeasible   63      4254.43000 3314.96290  22.1%  97.8  770s
 183373 13725     cutoff   59      4254.43000 3315.81000  22.1%  98.0  775s
 184590 13496 infeasible   73      4254.43000 3316.76306  22.0%  98.1  780s
 185838 13316 infeasible   61      4254.43000 3317.76500  22.0%  98.2  785s
 186913 13172     cutoff   83      4254.43000 3318.65760  22.0%  98.3  790s
 188067 12932 3337.50447   65   68 4254.43000 3319.68083  22.0%  98.4  795s
 189258 12611 infeasible   69      4254.43000 3320.74006  21.9%  98.6  800s
 190520 12386 infeasible   67      4254.43000 3321.83154  21.9%  98.7  805s
 191557 12197 infeasible   65      4254.43000 3322.84215  21.9%  98.8  810s
 192774 12003 3327.82088   75   29 4254.43000 3323.95954  21.9%  98.9  815s
 194007 11781     cutoff   60      4254.43000 3325.09072  21.8%  99.0  820s
 195275 11570 infeasible   67      4254.43000 3326.20381  21.8%  99.1  825s
 196344 11318     cutoff   68      4254.43000 3327.35566  21.8%  99.2  830s
 197456 11054 3342.80516   64   53 4254.43000 3328.54187  21.8%  99.3  835s
 198740 10728 infeasible   73      4254.43000 3330.05500  21.7%  99.4  840s
 199755 10467 infeasible   71      4254.43000 3331.21392  21.7%  99.5  845s
 200985 10134     cutoff   72      4254.43000 3332.78792  21.7%   100  850s
 202185  9829     cutoff   66      4254.43000 3334.10111  21.6%   100  855s
 203372  9555 infeasible   70      4254.43000 3335.64945  21.6%   100  860s
 204525  9252 3341.01910   77   64 4254.43000 3337.17097  21.6%   100  865s
 205728  9037     cutoff   65      4254.43000 3338.61241  21.5%   100  870s
 206727  8733 3347.84312   70   53 4254.43000 3340.16379  21.5%   100  875s
 207922  8493     cutoff   62      4254.43000 3341.57647  21.5%   100  880s
 209173  8247 infeasible   66      4254.43000 3343.21715  21.4%   100  885s
 210355  7978     cutoff   69      4254.43000 3344.92937  21.4%   100  890s
 211517  7696 infeasible   69      4254.43000 3346.74257  21.3%   100  895s
 212694  7391 infeasible   69      4254.43000 3348.50842  21.3%   100  900s
 213802  7075 infeasible   58      4254.43000 3350.52459  21.2%   100  905s
 215034  6708 infeasible   64      4254.43000 3352.82947  21.2%   101  910s
 216295  6347 infeasible   67      4254.43000 3355.36732  21.1%   101  915s
 217521  5990 infeasible   80      4254.43000 3357.64602  21.1%   101  920s
 218737  5577 3379.92488   65   82 4254.43000 3360.43719  21.0%   101  925s
 219966  5123 infeasible   79      4254.43000 3363.69459  20.9%   101  930s
 220965  4796 3385.43612   68   36 4254.43000 3366.32228  20.9%   101  935s
 222017  4429     cutoff   81      4254.43000 3369.22637  20.8%   101  940s
 223143  4013 infeasible   65      4254.43000 3373.07647  20.7%   101  945s
 224296  3490     cutoff   66      4254.43000 3378.20319  20.6%   101  950s
 225472  3028 infeasible   76      4254.43000 3383.90000  20.5%   101  955s
 226558  2496 infeasible   73      4254.43000 3390.38414  20.3%   101  960s
 227842  1792 infeasible   72      4254.43000 3403.88578  20.0%   101  965s
 229099  1118     cutoff   77      4254.43000 3426.77600  19.5%   101  970s
 230669   388     cutoff   65      4254.43000 3540.79333  16.8%   101  975s

Cutting planes:
  Gomory: 1
  Cover: 3
  Implied bound: 68
  Clique: 3
  MIR: 45
  Flow cover: 27
  GUB cover: 2
  Zero half: 56

Explored 231470 nodes (23406064 simplex iterations) in 976.23 seconds
Thread count was 2 (of 4 available processors)

Optimal solution found (tolerance 1.00e-04)
Best objective 4.254430000000e+03, best bound 4.254430000000e+03, gap 0.0%
k_c1	7.0
k_c10	3.0
k_c2	10.0
k_c3	10.0
k_c4	10.0
k_c5	5.0
k_c6	6.0
k_c7	7.0
k_c8	10.0
k_c9	2.0
k_dN	0.0
kDash_c1	2.0
kDash_c10	0.0
kDash_c2	7.0
kDash_c3	7.0
kDash_c4	5.0
kDash_c5	3.0
kDash_c6	0.0
kDash_c7	6.0
kDash_c8	0.0
kDash_c9	0.0
kDash_dN	0.0
o_1	0.0
o_10	0.0
o_2	0.0
o_3	0.0
o_4	0.0
o_5	0.0
o_6	0.0
o_7	0.0
o_8	0.0
o_9	0.0
p_1	0.0
p_10	0.0
p_2	0.0
p_3	0.0
p_4	0.0
p_5	0.0
p_6	0.0
p_7	0.0
p_8	0.0
p_9	0.0
phi_c1	3.0
phi_c10	1.0
phi_c2	20.0
phi_c3	5.0
phi_c4	3.0
phi_c5	2.0
phi_c6	5.0
phi_c7	6.0
phi_c8	2.0
phi_c9	2.0
phi_d0	22.0
phi_dN	0.0
pi_c1	0.0
pi_c10	2.0
pi_c2	0.0
pi_c3	2.0
pi_c4	0.0
pi_c5	0.0
pi_c6	0.0
pi_c7	0.0
pi_c8	0.0
pi_c9	0.0
pi_dN	0.0
tauD_c1	34.0
tauD_c10	60.0
tauD_c2	10.0
tauD_c3	19.0
tauD_c4	30.0
tauD_c5	42.0
tauD_c6	57.0
tauD_c7	46.0
tauD_c8	45.0
tauD_c9	45.0
tauD_d0	0.0
tauD_dN	100.0
tauS_c1	0.0
tauS_c10	72.0
tauS_c2	0.0
tauS_c3	32.0
tauS_c4	0.0
tauS_c5	0.0
tauS_c6	0.0
tauS_c7	0.0
tauS_c8	0.0
tauS_c9	0.0
tauS_d0	0.0
tauS_dN	0.0
x_c10_dN	1.0
x_c1_c9	1.0
x_c2_c7	1.0
x_c3_c1	1.0
x_c4_c5	1.0
x_c5_c10	1.0
x_c6_dN	1.0
x_c7_c6	1.0
x_c8_dN	1.0
x_c9_dN	1.0
x_d0_c2	1.0
x_d0_c3	1.0
x_d0_c4	1.0
x_d0_c8	1.0
