
Gurobi 6.0.4 (win64) logging started 06/16/15 21:33:21

Read LP format model from file C:\MT\repository\VRPTWMS\instances\mip\freight\N10-C_DV10-C_SV50_F22_8_No_1.lp
Reading time = 0.01 seconds
(null): 521 rows, 309 columns, 2253 nonzeros
Optimize a model with 521 rows, 309 columns and 2253 nonzeros
Model has 1210 quadratic constraints
Coefficient statistics:
  Matrix range    [1e+00, 1e+06]
  Objective range [4e+04, 1e+07]
  Bounds range    [1e+00, 1e+06]
  RHS range       [1e+00, 1e+06]
Presolve removed 95 rows and 35 columns
Presolve time: 0.10s
Presolved: 2854 rows, 1537 columns, 13523 nonzeros
Variable types: 1163 continuous, 374 integer (310 binary)
Found heuristic solution: objective 1.041376e+08

Root relaxation: objective 4.973709e+06, 259 iterations, 0.01 seconds

    Nodes    |    Current Node    |     Objective Bounds      |     Work
 Expl Unexpl |  Obj  Depth IntInf | Incumbent    BestBd   Gap | It/Node Time

     0     0 4973708.70    0   65 1.0414e+08 4973708.70  95.2%     -    0s
H    0     0                    4.290660e+07 4973708.70  88.4%     -    0s
     0     0 7015353.50    0   75 4.2907e+07 7015353.50  83.6%     -    0s
     0     0 1.1726e+07    0   40 4.2907e+07 1.1726e+07  72.7%     -    0s
     0     0 1.1737e+07    0   24 4.2907e+07 1.1737e+07  72.6%     -    0s
H    0     0                    4.251240e+07 1.1737e+07  72.4%     -    0s
     0     0 1.1760e+07    0   49 4.2512e+07 1.1760e+07  72.3%     -    0s
     0     0 1.1773e+07    0   30 4.2512e+07 1.1773e+07  72.3%     -    0s
     0     0 1.1777e+07    0   33 4.2512e+07 1.1777e+07  72.3%     -    0s
     0     0 1.1777e+07    0   33 4.2512e+07 1.1777e+07  72.3%     -    0s
     0     2 1.1777e+07    0   33 4.2512e+07 1.1777e+07  72.3%     -    0s
   771   498 2.1866e+07   17   14 4.2512e+07 1.1997e+07  71.8%   7.7    5s
H  849   513                    3.352770e+07 1.1997e+07  64.2%  15.8    5s
*  939   502              35    3.284710e+07 1.2021e+07  63.4%  23.1    5s
H  958   478                    3.278560e+07 1.2023e+07  63.3%  24.1    6s
H 1051   490                    3.267850e+07 1.2163e+07  62.8%  27.0    6s
  1935   579     cutoff   24      3.2679e+07 1.5313e+07  53.1%  60.6   10s
H 2096   610                    3.242970e+07 1.7757e+07  45.2%  64.6   11s
H 2244   676                    3.232470e+07 2.1868e+07  32.3%  65.7   11s
  3186  1159 infeasible   29      3.2325e+07 2.1994e+07  32.0%  63.2   15s
  3945  1474 2.2611e+07   31   86 3.2325e+07 2.2049e+07  31.8%  65.9   20s
  4798  1724 2.2313e+07   28   81 3.2325e+07 2.2084e+07  31.7%  71.5   25s
  5984  2029 2.2233e+07   34   13 3.2325e+07 2.2117e+07  31.6%  75.6   30s
  7263  2321     cutoff   27      3.2325e+07 2.2154e+07  31.5%  79.9   35s
  8360  2556 infeasible   33      3.2325e+07 2.2181e+07  31.4%  83.8   40s
  9498  2828     cutoff   38      3.2325e+07 2.2201e+07  31.3%  85.9   45s
 10697  3014 2.2631e+07   32   47 3.2325e+07 2.2225e+07  31.2%  90.0   50s
 12010  3200 2.3980e+07   41   49 3.2325e+07 2.2249e+07  31.2%  91.7   55s
 13248  3302 infeasible   34      3.2325e+07 2.2270e+07  31.1%  93.9   60s
 14653  3464 infeasible   24      3.2325e+07 2.2292e+07  31.0%  96.3   71s
 15293  3543 3.2310e+07   36   48 3.2325e+07 2.2303e+07  31.0%  97.0   75s
 16117  3633     cutoff   23      3.2325e+07 2.2316e+07  31.0%  99.0   80s
 17080  3733 infeasible   42      3.2325e+07 2.2329e+07  30.9%   102   85s
 18056  3781 2.3245e+07   42   38 3.2325e+07 2.2349e+07  30.9%   104   90s
 19017  3857 infeasible   32      3.2325e+07 2.2365e+07  30.8%   106   95s
 19958  3933 infeasible   37      3.2325e+07 2.2380e+07  30.8%   108  100s
 20943  4015 2.2629e+07   28   36 3.2325e+07 2.2395e+07  30.7%   109  105s
 21926  4063 infeasible   30      3.2325e+07 2.2409e+07  30.7%   111  110s
 22890  4121 2.2460e+07   26   55 3.2325e+07 2.2423e+07  30.6%   113  115s
 23824  4122 infeasible   26      3.2325e+07 2.2438e+07  30.6%   114  120s
 24744  4179     cutoff   41      3.2325e+07 2.2451e+07  30.5%   116  125s
 25758  4221 infeasible   34      3.2325e+07 2.2464e+07  30.5%   117  130s
 26606  4251 2.3578e+07   26   59 3.2325e+07 2.2476e+07  30.5%   118  135s
 27501  4249 2.2761e+07   31   52 3.2325e+07 2.2491e+07  30.4%   120  140s
 28407  4262 infeasible   21      3.2325e+07 2.2506e+07  30.4%   121  145s
 29191  4262 2.4950e+07   27   62 3.2325e+07 2.2517e+07  30.3%   122  150s
 29971  4231 2.2811e+07   30   14 3.2325e+07 2.2531e+07  30.3%   123  155s
 30787  4195     cutoff   31      3.2325e+07 2.2546e+07  30.3%   125  160s
 31632  4213 infeasible   30      3.2325e+07 2.2558e+07  30.2%   125  165s
 32640  4221     cutoff   29      3.2325e+07 2.2574e+07  30.2%   126  170s
 33478  4163 infeasible   20      3.2325e+07 2.2588e+07  30.1%   127  175s
 34238  4135 2.3164e+07   22   80 3.2325e+07 2.2601e+07  30.1%   128  180s
 35218  4133 infeasible   29      3.2325e+07 2.2615e+07  30.0%   129  185s
 35978  4070 2.2679e+07   25   68 3.2325e+07 2.2627e+07  30.0%   130  190s
 36774  4036 2.2991e+07   24   78 3.2325e+07 2.2639e+07  30.0%   130  195s
 37561  3970 infeasible   26      3.2325e+07 2.2652e+07  29.9%   131  200s
 38378  3913 infeasible   31      3.2325e+07 2.2665e+07  29.9%   132  205s
 39105  3815 infeasible   42      3.2325e+07 2.2679e+07  29.8%   133  210s
 39996  3729 2.2969e+07   35   74 3.2325e+07 2.2697e+07  29.8%   134  215s
 40920  3633 2.2717e+07   26   29 3.2325e+07 2.2713e+07  29.7%   134  220s
 41704  3566     cutoff   30      3.2325e+07 2.2729e+07  29.7%   135  225s
 42413  3482 2.3294e+07   29   41 3.2325e+07 2.2743e+07  29.6%   135  230s
 43150  3386     cutoff   30      3.2325e+07 2.2759e+07  29.6%   136  235s
 43928  3303 2.2964e+07   33   76 3.2325e+07 2.2776e+07  29.5%   137  240s
 44683  3189 infeasible   36      3.2325e+07 2.2792e+07  29.5%   137  245s
 45431  3120     cutoff   32      3.2325e+07 2.2808e+07  29.4%   138  250s
*45566  3093              31    3.232250e+07 2.2811e+07  29.4%   138  251s
 46147  2998 infeasible   31      3.2323e+07 2.2825e+07  29.4%   138  255s
H46450  2965                    3.227410e+07 2.2837e+07  29.2%   138  258s
 46643  2909 infeasible   33      3.2274e+07 2.2840e+07  29.2%   138  260s
 47276  2794 infeasible   21      3.2274e+07 2.2859e+07  29.2%   139  265s
 47789  2678 infeasible   33      3.2274e+07 2.2875e+07  29.1%   139  270s
 48322  2547 2.3150e+07   27   57 3.2274e+07 2.2895e+07  29.1%   140  275s
 48946  2512 infeasible   35      3.2274e+07 2.2911e+07  29.0%   140  280s
 49746  2400 2.3362e+07   30   38 3.2274e+07 2.2939e+07  28.9%   141  285s
 50390  2267     cutoff   39      3.2274e+07 2.2962e+07  28.9%   141  290s
 51081  2092 infeasible   28      3.2274e+07 2.2993e+07  28.8%   142  295s
 51720  1916 infeasible   29      3.2274e+07 2.3025e+07  28.7%   142  300s
 52382  1720 infeasible   24      3.2274e+07 2.3064e+07  28.5%   143  305s
 53061  1519 2.3166e+07   34   58 3.2274e+07 2.3107e+07  28.4%   144  310s
 53682  1310 2.3174e+07   45   57 3.2274e+07 2.3152e+07  28.3%   144  315s
 54294  1092 infeasible   31      3.2274e+07 2.3203e+07  28.1%   145  320s
 55017   843     cutoff   30      3.2274e+07 2.3280e+07  27.9%   145  325s
 55582   622 2.3449e+07   29   18 3.2274e+07 2.3361e+07  27.6%   146  330s
 56339   336 infeasible   32      3.2274e+07 2.3563e+07  27.0%   146  335s

Cutting planes:
  Gomory: 12
  Cover: 13
  Implied bound: 88
  Clique: 12
  MIR: 126
  Flow cover: 169
  GUB cover: 16
  Zero half: 19

Explored 57014 nodes (8352428 simplex iterations) in 338.35 seconds
Thread count was 2 (of 4 available processors)

Optimal solution found (tolerance 1.00e-04)
Best objective 3.227410000000e+07, best bound 3.227410000000e+07, gap 0.0%
k_c1	70000.0
k_c10	40000.0
k_c2	100000.0
k_c3	20000.0
k_c4	40000.0
k_c5	100000.0
k_c6	30000.0
k_c7	80000.0
k_c8	10000.0
k_c9	100000.0
k_dN	0.0
kDash_c1	40000.0
kDash_c10	0.0
kDash_c2	40000.0
kDash_c3	10000.0
kDash_c4	20000.0
kDash_c5	80000.0
kDash_c6	0.0
kDash_c7	50000.0
kDash_c8	70000.0
kDash_c9	60000.0
o_1	0.0
o_10	0.0
o_2	0.0
o_3	0.0
o_4	0.0
o_5	0.0
o_6	0.0
o_7	0.0
o_8	1.0
o_9	0.0
p_1	1.0
p_10	0.0
p_2	0.0
p_3	0.0
p_4	0.0
p_5	0.0
p_6	0.0
p_7	0.0
p_8	1.0
p_9	0.0
phi_c1	42950.0
phi_c10	14223.0
phi_c2	204968.0
phi_c3	72392.0
phi_c4	194077.0
phi_c5	33631.0
phi_c6	5981.0
phi_c7	22499.0
phi_c8	52048.0
phi_c9	149648.0
phi_d0	220000.0
phi_dN	0.0
pi_c1	60000.0
pi_c10	50000.0
pi_c2	30000.0
pi_c3	40000.0
pi_c4	30000.0
pi_c5	30000.0
pi_c6	50000.0
pi_c7	0.0
pi_c8	150000.0
pi_c9	30000.0
pi_dN	0.0
tauD_c1	555175.0
tauD_c10	832525.0
tauD_c2	100000.0
tauD_c3	250000.0
tauD_c4	180700.0
tauD_c5	700000.0
tauD_c6	650000.0
tauD_c7	761600.0
tauD_c8	411175.0
tauD_c9	50000.0
tauD_d0	0.0
tauD_dN	1000000.0
tauS_c1	525175.0
tauS_c10	866850.0
tauS_c2	128876.0
tauS_c3	151926.0
tauS_c4	101225.0
tauS_c5	20075.0
tauS_c6	26850.0
tauS_c7	0.0
tauS_c8	107550.0
tauS_c9	22575.0
tauS_d0	0.0
tauS_dN	710175.0
x_c10_dN	1.0
x_c1_c5	1.0
x_c2_c4	1.0
x_c3_c8	1.0
x_c4_c3	1.0
x_c5_c7	1.0
x_c6_dN	1.0
x_c7_c10	1.0
x_c8_c1	1.0
x_c9_c6	1.0
x_d0_c2	1.0
x_d0_c9	1.0
z_c1_dN	1.0
z_c8_c1	1.0
z_d0_c8	1.0
