
Gurobi 6.0.4 (win64) logging started 06/13/15 01:21:31

Warning: unknown variable 'kDash_dN' in bounds section
Read LP format model from file C:\MT\repository\VRPTWMS\instances\mip\freight\N10-C_DV10-C_SV50_F22_10_No_1.lp
Reading time = 0.02 seconds
(null): 521 rows, 310 columns, 2253 nonzeros
Optimize a model with 521 rows, 310 columns and 2253 nonzeros
Model has 1210 quadratic constraints
WARNING: Only barrier available for SOCP models
Coefficient statistics:
  Matrix range    [1e+00, 1e+02]
  Objective range [4e+00, 1e+03]
  Bounds range    [1e+00, 1e+02]
  RHS range       [1e+00, 1e+02]
Presolve removed 77 rows and 35 columns
Presolve time: 0.08s
Presolved: 2846 rows, 1526 columns, 13648 nonzeros
Variable types: 1151 continuous, 375 integer (311 binary)
Found heuristic solution: objective 10315.540000
Optimize a model with 2846 rows, 1526 columns and 13648 nonzeros
Coefficient statistics:
  Matrix range    [9e-01, 1e+02]
  Objective range [4e+00, 1e+03]
  Bounds range    [1e+00, 1e+02]
  RHS range       [1e+00, 1e+02]

Concurrent LP optimizer: dual simplex and barrier
Showing barrier log only...

Presolve removed 123 rows and 60 columns
Presolved: 2723 rows, 1467 columns, 13004 nonzeros

Root barrier log...

Ordering time: 0.02s

Barrier performed 0 iterations in 0.12 seconds
Barrier solve interrupted - model solved by another algorithm


Solved with dual simplex
Solved in 299 iterations and 0.14 seconds
Optimal objective  3.996420574e+02

Root relaxation: objective 3.996421e+02, 299 iterations, 0.05 seconds

    Nodes    |    Current Node    |     Objective Bounds      |     Work
 Expl Unexpl |  Obj  Depth IntInf | Incumbent    BestBd   Gap | It/Node Time

     0     0  399.64206    0   78 10315.5400  399.64206  96.1%     -    0s
H    0     0                    7291.4700000  399.64206  94.5%     -    0s
     0     0 1170.59962    0   76 7291.47000 1170.59962  83.9%     -    0s
H    0     0                    6287.5400000 1170.59962  81.4%     -    0s
     0     0 1191.09608    0   60 6287.54000 1191.09608  81.1%     -    0s
H    0     0                    5245.1800000 1191.09608  77.3%     -    0s
     0     0 1192.97418    0   55 5245.18000 1192.97418  77.3%     -    0s
     0     0 1193.02949    0   60 5245.18000 1193.02949  77.3%     -    0s
H    0     0                    4232.7700000 1193.02949  71.8%     -    0s
     0     0 1193.02949    0   50 4232.77000 1193.02949  71.8%     -    0s
     0     0 1193.02949    0   49 4232.77000 1193.02949  71.8%     -    0s
     0     0 1193.02949    0   56 4232.77000 1193.02949  71.8%     -    0s
     0     0 1193.14857    0   64 4232.77000 1193.14857  71.8%     -    0s
     0     0 1193.52793    0   71 4232.77000 1193.52793  71.8%     -    0s
     0     0 1193.52793    0   71 4232.77000 1193.52793  71.8%     -    0s
     0     2 1193.52793    0   67 4232.77000 1193.52793  71.8%     -    0s
H  334   229                    4222.1400000 1227.88889  70.9%  44.4    1s
H  700   422                    4217.9800000 1242.49471  70.5%  49.4    1s
   762   453 1577.60778    6   54 4217.98000 1259.85167  70.1%  47.4    5s
*  971   513              37    3330.5800000 1276.75823  61.7%  66.4    8s
H 1162   536                    3305.6200000 1282.18538  61.2%  65.9    8s
  1402   587 2213.92004   21   65 3305.62000 1287.73051  61.0%  67.5   10s
H 1684   573                    3269.6100000 1302.01650  60.2%  69.1   11s
H 1797   570                    3269.0000000 1306.58867  60.0%  69.6   11s
H 1893   506                    3224.3800000 1307.20868  59.5%  70.5   12s
  2250   654 infeasible   23      3224.38000 1317.21445  59.1%  78.0   15s
  3194   935 infeasible   21      3224.38000 1593.78957  50.6%  87.0   20s
  4327  1234 2192.49935   19   71 3224.38000 2007.89833  37.7%  90.7   25s
  5324  1558 2333.01847   38   43 3224.38000 2185.74222  32.2%  91.0   30s
H 6031  1810                    3223.2400000 2196.59130  31.9%  88.5   32s
H 6348  1850                    3217.7100000 2197.32330  31.7%  87.5   33s
  6713  1971     cutoff   38      3217.71000 2200.09056  31.6%  87.7   35s
  7754  2171     cutoff   30      3217.71000 2207.50981  31.4%  88.7   40s
  8979  2422     cutoff   39      3217.71000 2211.80833  31.3%  88.8   45s
  9996  2624 2387.92815   26   60 3217.71000 2214.68700  31.2%  89.1   50s
 10984  2774 infeasible   26      3217.71000 2216.80477  31.1%  90.2   55s
 12107  2907 infeasible   26      3217.71000 2219.34074  31.0%  92.7   60s
 13108  3011     cutoff   24      3217.71000 2221.52747  31.0%  94.4   65s
 14127  3107 infeasible   31      3217.71000 2223.35649  30.9%  95.4   70s
 14465  3128 2225.42218   33   71 3217.71000 2224.29770  30.9%  96.1   78s
 14473  3133 3211.95416   24   88 3217.71000 2224.29770  30.9%  96.1   80s
 14488  3143 2261.07741   41  117 3217.71000 2224.29770  30.9%  96.0   85s
 14500  3151 2257.65480   42   85 3217.71000 2224.29770  30.9%  95.9   90s
 14514  3161 2229.57999   22  111 3217.71000 2224.29770  30.9%  95.8   95s
 14528  3170 2261.07741   41  122 3217.71000 2224.29770  30.9%  95.7  100s
 14739  3199 2224.29770   32   29 3217.71000 2224.29770  30.9%  96.2  105s
 16721  3138 2224.29770   36   51 3217.71000 2224.29770  30.9%  92.7  111s
 18150  2929     cutoff   40      3217.71000 2224.29770  30.9%  91.6  115s
 19544  2676 2227.08968   45   42 3217.71000 2224.29770  30.9%  91.2  121s
H19822  2490                    3216.1300000 2224.29770  30.8%  91.1  121s
 20852  2316 infeasible   41      3216.13000 2224.29770  30.8%  90.6  126s
 21966  2112 infeasible   34      3216.13000 2224.29770  30.8%  90.7  130s
 23387  1809 2244.29291   30   41 3216.13000 2227.49946  30.7%  91.5  135s
 24544  1857 2235.44325   47   19 3216.13000 2231.24438  30.6%  91.9  140s
 25781  1928 2254.78679   37   61 3216.13000 2235.17400  30.5%  92.5  146s
 26793  2005 infeasible   39      3216.13000 2237.29645  30.4%  92.9  150s
 27871  2028 infeasible   36      3216.13000 2240.09836  30.3%  93.6  155s
 29282  2088 infeasible   38      3216.13000 2243.27567  30.2%  94.1  160s
 30537  2079     cutoff   36      3216.13000 2246.94059  30.1%  94.7  165s
 31537  2064 2252.65324   38   44 3216.13000 2250.58034  30.0%  95.3  170s
 32734  2077 infeasible   48      3216.13000 2253.73104  29.9%  95.8  175s
 33900  2003 2266.97800   47   30 3216.13000 2257.32839  29.8%  96.7  180s
 35018  1959 2273.43895   43   47 3216.13000 2260.60376  29.7%  97.3  185s
 36200  1843 infeasible   49      3216.13000 2264.54182  29.6%  97.8  190s
 37408  1677 2280.43300   38   17 3216.13000 2269.92505  29.4%  98.4  195s
 38498  1512 2279.70657   48   35 3216.13000 2275.73397  29.2%  98.8  200s
 39628  1257 infeasible   45      3216.13000 2282.18171  29.0%  99.4  205s
 40768  1053 infeasible   37      3216.13000 2290.09067  28.8%   100  210s
 41982   651 2315.39397   38   62 3216.13000 2303.96253  28.4%   100  215s
 43094   234 infeasible   47      3216.13000 2335.32922  27.4%   101  220s

Cutting planes:
  Gomory: 2
  Cover: 1
  Implied bound: 49
  Clique: 12
  MIR: 28
  Flow cover: 26
  GUB cover: 5
  Zero half: 31
  Mod-K: 1

Explored 43988 nodes (4391573 simplex iterations) in 222.15 seconds
Thread count was 2 (of 4 available processors)

Optimal solution found (tolerance 1.00e-04)
Best objective 3.216130000000e+03, best bound 3.216130000000e+03, gap 0.0%
k_c1	10.0
k_c10	6.0
k_c2	10.0
k_c3	5.0
k_c4	2.0
k_c5	5.0
k_c6	10.0
k_c7	0.0
k_c8	2.0
k_c9	5.0
k_dN	0.0
kDash_c1	5.0
kDash_c10	0.0
kDash_c2	6.0
kDash_c3	0.0
kDash_c4	0.0
kDash_c5	2.0
kDash_c6	6.0
kDash_c7	6.0
kDash_c8	0.0
kDash_c9	2.0
kDash_dN	0.0
o_1	0.0
o_10	0.0
o_2	0.0
o_3	0.0
o_4	0.0
o_5	0.0
o_6	0.0
o_7	1.0
o_8	0.0
o_9	0.0
p_1	0.0
p_10	1.0
p_2	0.0
p_3	0.0
p_4	0.0
p_5	0.0
p_6	0.0
p_7	1.0
p_8	0.0
p_9	0.0
phi_c1	6.0
phi_c10	17.0
phi_c2	21.0
phi_c3	3.0
phi_c4	7.0
phi_c5	2.0
phi_c6	20.0
phi_c7	5.0
phi_c8	1.0
phi_c9	12.0
phi_d0	22.0
phi_dN	0.0
pi_c1	20.0
pi_c10	20.0
pi_c2	15.0
pi_c3	17.0
pi_c4	20.0
pi_c5	20.0
pi_c6	20.0
pi_c7	10.0
pi_c8	20.0
pi_c9	20.0
pi_dN	0.0
tauD_c1	49.0
tauD_c10	25.0
tauD_c2	10.0
tauD_c3	82.0
tauD_c4	40.0
tauD_c5	58.0
tauD_c6	7.0
tauD_c7	57.0
tauD_c8	70.0
tauD_c9	30.0
tauD_d0	0.0
tauD_dN	100.0
tauS_c1	10.0
tauS_c10	19.0
tauS_c2	89.0
tauS_c3	14.0
tauS_c4	9.0
tauS_c5	11.0
tauS_c6	11.0
tauS_c7	49.0
tauS_c8	72.0
tauS_c9	8.0
tauS_d0	0.0
tauS_dN	67.0
x_c10_c1	1.0
x_c1_c5	1.0
x_c2_c10	1.0
x_c3_dN	1.0
x_c4_c7	1.0
x_c5_c8	1.0
x_c6_c9	1.0
x_c7_c3	1.0
x_c8_dN	1.0
x_c9_c4	1.0
x_d0_c2	1.0
x_d0_c6	1.0
z_c10_c7	1.0
z_c7_dN	1.0
z_d0_c10	1.0
