
Gurobi 6.0.4 (win64) logging started 06/13/15 01:07:33

Warning: unknown variable 'kDash_dN' in bounds section
Read LP format model from file C:\MT\repository\VRPTWMS\instances\mip\freight\N10-C_DV10-C_SV50_F22_1_No_1.lp
Reading time = 0.02 seconds
(null): 521 rows, 310 columns, 2253 nonzeros
Optimize a model with 521 rows, 310 columns and 2253 nonzeros
Model has 1210 quadratic constraints
WARNING: Only barrier available for SOCP models
Coefficient statistics:
  Matrix range    [1e+00, 1e+02]
  Objective range [1e+00, 1e+03]
  Bounds range    [1e+00, 1e+02]
  RHS range       [1e+00, 1e+02]
Presolve removed 100 rows and 47 columns
Presolve time: 0.09s
Presolved: 2729 rows, 1467 columns, 12912 nonzeros
Variable types: 1104 continuous, 363 integer (300 binary)
Found heuristic solution: objective 10435.000000
Optimize a model with 2729 rows, 1467 columns and 12912 nonzeros
Coefficient statistics:
  Matrix range    [3e-01, 3e+02]
  Objective range [1e+00, 1e+03]
  Bounds range    [1e+00, 1e+02]
  RHS range       [1e+00, 2e+02]

Concurrent LP optimizer: dual simplex and barrier
Showing barrier log only...

Presolve removed 123 rows and 60 columns
Presolved: 2606 rows, 1408 columns, 12234 nonzeros

Root barrier log...

Ordering time: 0.02s

Barrier performed 0 iterations in 0.14 seconds
Barrier solve interrupted - model solved by another algorithm


Solved with dual simplex
Solved in 247 iterations and 0.14 seconds
Optimal objective  1.255206491e+03

Root relaxation: objective 1.255206e+03, 247 iterations, 0.03 seconds

    Nodes    |    Current Node    |     Objective Bounds      |     Work
 Expl Unexpl |  Obj  Depth IntInf | Incumbent    BestBd   Gap | It/Node Time

     0     0 1255.20649    0   77 10435.0000 1255.20649  88.0%     -    0s
H    0     0                    7388.6900000 1255.20649  83.0%     -    0s
     0     0 2187.85454    0   76 7388.69000 2187.85454  70.4%     -    0s
H    0     0                    7355.3400000 2187.85454  70.3%     -    0s
     0     0 2192.86889    0   35 7355.34000 2192.86889  70.2%     -    0s
     0     0 2192.86889    0   45 7355.34000 2192.86889  70.2%     -    0s
H    0     0                    7353.7600000 2192.86889  70.2%     -    0s
     0     0 2192.86889    0   28 7353.76000 2192.86889  70.2%     -    0s
H    0     0                    6364.6700000 2192.86889  65.5%     -    0s
     0     0 2192.86889    0   38 6364.67000 2192.86889  65.5%     -    0s
     0     0 2192.86889    0   33 6364.67000 2192.86889  65.5%     -    0s
H    0     0                    6310.4100000 2192.86889  65.2%     -    0s
     0     0 2192.86889    0   39 6310.41000 2192.86889  65.2%     -    0s
     0     0 2192.86889    0   39 6310.41000 2192.86889  65.2%     -    0s
H    0     0                    5268.8100000 2192.86889  58.4%     -    0s
     0     2 2192.86889    0   39 5268.81000 2192.86889  58.4%     -    0s
H  141    99                    4333.2200000 2204.22902  49.1%  63.9    0s
H  320   187                    4332.0100000 2208.64695  49.0%  65.0    1s
*  404   220              27    4315.6700000 2216.71171  48.6%  60.8    1s
H  463   268                    4313.4100000 2217.00931  48.6%  57.4    1s
   753   441 2262.32864   20  189 4313.41000 2255.23745  47.7%  53.4    5s
H 1306   623                    4312.9300000 2261.10609  47.6%  50.5    9s
H 1398   612                    4299.5800000 2262.73286  47.4%  54.1    9s
  1559   656 2543.70642   51  128 4299.58000 2264.47500  47.3%  55.4   10s
H 1755   689                    4298.6600000 2267.73768  47.2%  58.5   10s
H 2629  1158                    4297.8200000 2274.51794  47.1%  66.0   14s
  2748  1234 2347.77535   28   91 4297.82000 2274.65627  47.1%  66.7   15s
  3515  1643 3391.36715   40  119 4297.82000 2278.68572  47.0%  78.5   20s
H 3595  1676                    4291.5500000 2278.88672  46.9%  78.7   20s
H 3818  1816                    4289.8400000 2280.18802  46.8%  80.0   21s
H 3889  1832                    4274.6000000 2280.60695  46.6%  81.4   22s
  4181  1938 infeasible   31      4274.60000 2283.99655  46.6%  84.4   25s
  5060  2324 3508.95916   28   97 4274.60000 2288.31500  46.5%  88.2   30s
  5639  2527 infeasible   39      4274.60000 2290.45502  46.4%  91.5   35s
  6585  2866 2335.96454   33   64 4274.60000 2295.54178  46.3%  94.6   40s
  7225  3057 2806.51252   30  101 4274.60000 2297.33085  46.3%  96.3   45s
  8086  3264 2297.33085   41   74 4274.60000 2297.33085  46.3%  94.9   50s
  9789  3469 infeasible   51      4274.60000 2297.33085  46.3%  90.0   55s
 11570  3597 2297.33085   36   52 4274.60000 2297.33085  46.3%  87.3   60s
 13552  3759 2554.60665   48   60 4274.60000 2297.33085  46.3%  84.8   65s
 14676  3763 3292.76975   45   39 4274.60000 2298.15086  46.2%  84.3   72s
 14688  3771 2352.96820   44   98 4274.60000 2298.15086  46.2%  84.2   75s
 14809  3819 2298.15086   54   59 4274.60000 2298.15086  46.2%  84.7   80s
 16127  4061 2331.26053   55   82 4274.60000 2298.15086  46.2%  83.4   86s
 17636  4238 infeasible   83      4274.60000 2298.15086  46.2%  82.2   90s
 18979  4308 3349.21456   71   33 4274.60000 2298.15086  46.2%  81.8   95s
 20866  4344     cutoff   63      4274.60000 2300.68926  46.2%  81.7  101s
 22446  4314 3337.23782   63   24 4274.60000 2304.94200  46.1%  81.4  106s
 24063  4209 infeasible   62      4274.60000 2308.50316  46.0%  81.2  111s
 25191  4106 2362.45314   73   48 4274.60000 2311.08716  45.9%  81.3  115s
 26721  4271 3376.30234   59   60 4274.60000 2313.65216  45.9%  81.5  120s
 28454  4854 infeasible   67      4274.60000 2316.87615  45.8%  81.9  125s
 29643  5203     cutoff   65      4274.60000 2318.85695  45.8%  82.1  131s
 30791  5520 3334.27364   69   64 4274.60000 2320.56775  45.7%  82.2  135s
 31841  5864 2357.88952   58   58 4274.60000 2322.01974  45.7%  82.4  140s
 33207  6250 3306.02245   56   47 4274.60000 2323.53352  45.6%  82.4  145s
 34155  6415 infeasible   62      4274.60000 2324.80644  45.6%  82.8  150s
 35525  6738 2451.31659   58   84 4274.60000 2326.07709  45.6%  82.9  155s
 36930  7158 3341.46248   64   54 4274.60000 2327.20364  45.6%  83.0  160s
 38121  7423 3507.03896   59   80 4274.60000 2328.49805  45.5%  83.2  166s
 39097  7636     cutoff   69      4274.60000 2329.43778  45.5%  83.3  170s
 40219  7843 infeasible   67      4274.60000 2330.65827  45.5%  83.5  176s
 41049  8022     cutoff   74      4274.60000 2331.33227  45.5%  83.7  180s
 42140  8260 3317.20587   77   36 4274.60000 2332.42012  45.4%  84.0  185s
 43270  8476     cutoff   61      4274.60000 2333.36729  45.4%  84.2  190s
 44334  8700 3357.15578   71   37 4274.60000 2334.56952  45.4%  84.5  195s
 45505  8948 infeasible   60      4274.60000 2335.70051  45.4%  84.7  200s
 46962  9209 infeasible   61      4274.60000 2337.39015  45.3%  84.8  206s
 48016  9440 3557.82360   76   71 4274.60000 2338.64141  45.3%  84.9  211s
 49141  9659 infeasible   60      4274.60000 2339.67521  45.3%  85.1  216s
 50150  9781 infeasible   75      4274.60000 2340.85110  45.2%  85.2  221s
 51155  9986 2380.00782   68   71 4274.60000 2341.88263  45.2%  85.2  225s
 52190 10210     cutoff   54      4274.60000 2342.82077  45.2%  85.4  230s
 53181 10400 2427.32881   63   87 4274.60000 2343.83567  45.2%  85.5  235s
 54182 10570 3878.25247   71   53 4274.60000 2344.98554  45.1%  85.6  240s
 55165 10755 2428.75560   69   87 4274.60000 2345.96796  45.1%  85.7  245s
 56515 10930     cutoff   76      4274.60000 2347.27453  45.1%  85.9  250s
 57486 11112     cutoff   78      4274.60000 2348.21732  45.1%  86.0  255s
 58671 11243 3703.79104   82   71 4274.60000 2349.24812  45.0%  86.1  261s
 59701 11359 2353.90059   58   55 4274.60000 2350.41230  45.0%  86.2  265s
 60889 11542 infeasible   71      4274.60000 2351.60510  45.0%  86.3  270s
 61899 11775 2786.94969   73   65 4274.60000 2352.51334  45.0%  86.4  275s
 63155 11939 infeasible   65      4274.60000 2354.06561  44.9%  86.4  280s
 64353 12167 2634.62037   59   94 4274.60000 2355.12569  44.9%  86.6  285s
 65603 12319 infeasible   58      4274.60000 2356.61050  44.9%  86.6  290s
 66805 12588 3354.08539   60   68 4274.60000 2357.44977  44.8%  86.7  295s
 67698 12699 infeasible   62      4274.60000 2358.42640  44.8%  86.9  300s
 68950 12896 infeasible   68      4274.60000 2359.47544  44.8%  86.9  305s
 69964 13043 3409.21050   65   48 4274.60000 2360.35586  44.8%  87.2  310s
 70840 13122 2704.99655   75  117 4274.60000 2361.44945  44.8%  87.4  315s
 72443 13305 3912.40532   91   74 4274.60000 2362.83206  44.7%  87.4  320s
 73673 13462 2390.29895   62   78 4274.60000 2364.06700  44.7%  87.6  325s
 75339 13662 infeasible   63      4274.60000 2365.60350  44.7%  87.7  330s
 76923 13877     cutoff   70      4274.60000 2367.07867  44.6%  87.9  335s
 78405 14052 3378.59400   65   46 4274.60000 2368.63253  44.6%  88.1  340s
 80003 14256 2864.69715   61   95 4274.60000 2370.10045  44.6%  88.2  345s
 81336 14441 2389.93600   71   56 4274.60000 2371.08317  44.5%  88.3  350s
 82861 14567 2523.81600   61   95 4274.60000 2372.49274  44.5%  88.4  355s
 84216 14676     cutoff   69      4274.60000 2373.74617  44.5%  88.7  360s
 85747 14792     cutoff   83      4274.60000 2375.41553  44.4%  88.9  365s
 87202 14959 infeasible   70      4274.60000 2376.81616  44.4%  89.0  370s
 88544 14997 3395.89217   59   89 4274.60000 2378.33144  44.4%  89.1  375s
 89980 15179 2381.26326   56   67 4274.60000 2379.74865  44.3%  89.3  380s
 91402 15313 2388.28144   65   66 4274.60000 2381.31468  44.3%  89.5  385s
 92888 15426 infeasible   72      4274.60000 2382.83227  44.3%  89.6  390s
 94319 15537     cutoff   69      4274.60000 2384.33766  44.2%  89.7  395s
 95726 15655     cutoff   71      4274.60000 2386.04594  44.2%  89.9  400s
 97077 15738 2702.79743   57   96 4274.60000 2387.45114  44.1%  90.1  405s
 98508 15816 2581.75136   70   83 4274.60000 2388.99367  44.1%  90.2  410s
 99923 15941     cutoff   61      4274.60000 2390.70178  44.1%  90.4  415s
 101285 16013 3357.79603   53   46 4274.60000 2392.51647  44.0%  90.5  420s
 102646 16088 3526.24379   70   76 4274.60000 2393.95104  44.0%  90.7  425s
 103905 16186 infeasible   79      4274.60000 2395.27747  44.0%  90.7  430s
 105233 16210 3377.09145   66   63 4274.60000 2396.80316  43.9%  90.9  435s
 106570 16278 infeasible   61      4274.60000 2398.27590  43.9%  91.0  440s
 108201 16380     cutoff   68      4274.60000 2400.27425  43.8%  91.2  445s
 109623 16396     cutoff   84      4274.60000 2401.93518  43.8%  91.2  450s
 110923 16412     cutoff   91      4274.60000 2403.91094  43.8%  91.4  455s
 112507 16415 3428.52514   64   54 4274.60000 2406.36769  43.7%  91.5  460s
 113802 16419 infeasible   73      4274.60000 2408.63933  43.7%  91.7  465s
 115354 16450 3535.24503   72   69 4274.60000 2411.05446  43.6%  91.8  470s
 116699 16480 2786.98930   62   59 4274.60000 2413.30867  43.5%  91.9  475s
 118078 16539 infeasible   71      4274.60000 2415.21013  43.5%  92.0  480s
 119580 16538 3495.75320   73   36 4274.60000 2417.45712  43.4%  92.2  485s
 120963 16576 infeasible   69      4274.60000 2419.55517  43.4%  92.2  490s
 122475 16541 infeasible   77      4274.60000 2421.95451  43.3%  92.4  495s
 123753 16499 infeasible   65      4274.60000 2424.40071  43.3%  92.5  500s
 125255 16488 infeasible   75      4274.60000 2427.52665  43.2%  92.6  505s
 126689 16464     cutoff   66      4274.60000 2430.64347  43.1%  92.7  510s
 128023 16443 infeasible   78      4274.60000 2433.18320  43.1%  92.8  515s
 129301 16405 infeasible   78      4274.60000 2436.11626  43.0%  92.9  520s
 130622 16293 infeasible   72      4274.60000 2439.75150  42.9%  93.0  525s
 131869 16232     cutoff   78      4274.60000 2442.65760  42.9%  93.1  530s
 132964 16167 infeasible   61      4274.60000 2445.69525  42.8%  93.2  535s
 134158 16089 2738.86658   64   58 4274.60000 2449.51234  42.7%  93.3  540s
 135357 16043     cutoff   75      4274.60000 2453.27900  42.6%  93.4  545s
 136722 15912     cutoff   65      4274.60000 2457.49231  42.5%  93.5  550s
 137877 15793 3550.15778   79   65 4274.60000 2461.75672  42.4%  93.6  555s
 139225 15656 3539.43176   70   53 4274.60000 2467.18805  42.3%  93.7  560s
 140406 15562 2857.60368   81   99 4274.60000 2472.25363  42.2%  93.7  565s
 141834 15460 infeasible   66      4274.60000 2478.33475  42.0%  93.8  570s
 143176 15306 infeasible   70      4274.60000 2484.80662  41.9%  93.9  575s
 144441 15111     cutoff   81      4274.60000 2492.70355  41.7%  94.0  580s
 145683 14940 2583.00500   67   50 4274.60000 2501.66369  41.5%  94.0  585s
 147156 14751     cutoff   76      4274.60000 2512.72918  41.2%  94.1  590s
 148362 14572 3377.53554   76   46 4274.60000 2524.63364  40.9%  94.1  595s
 149587 14392 infeasible   63      4274.60000 2537.14496  40.6%  94.2  600s
 150842 14186 3622.02935   80   81 4274.60000 2552.33894  40.3%  94.2  605s
 152198 13934     cutoff   74      4274.60000 2571.68305  39.8%  94.3  610s
 153538 13710 2783.41145   59   94 4274.60000 2593.91106  39.3%  94.4  615s
 155030 13412 3401.92587   65   64 4274.60000 2623.76178  38.6%  94.4  620s
 156417 13243 infeasible   71      4274.60000 2651.42266  38.0%  94.4  625s
 158058 12952 2770.05725   74   73 4274.60000 2687.27796  37.1%  94.3  630s
 159319 12726 2738.64193   78   73 4274.60000 2724.93359  36.3%  94.3  635s
 160682 12472 3811.50934   61   65 4274.60000 2767.98076  35.2%  94.3  640s
 162107 12211     cutoff   74      4274.60000 2813.86745  34.2%  94.2  645s
 163595 11947 3361.01626   65   87 4274.60000 2862.04390  33.0%  94.2  650s
 165096 11593 3466.03684   63   82 4274.60000 2928.34493  31.5%  94.2  655s
 166623 11263     cutoff   64      4274.60000 3015.30121  29.5%  94.1  660s
 168105 10927 3358.59773   71   41 4274.60000 3124.46512  26.9%  94.0  665s
 169655 10692 3256.64931   73   40 4274.60000 3244.54061  24.1%  93.9  670s
 171225 10485 infeasible   73      4274.60000 3246.67364  24.0%  93.9  675s
 172801 10206 3379.87314   81   68 4274.60000 3251.13745  23.9%  93.9  680s
 174398  9894 3377.40202   67   67 4274.60000 3254.81364  23.9%  93.8  685s
 175868  9914     cutoff   71      4274.60000 3263.10364  23.7%  93.6  690s
 177323  9738 3442.60457   76   76 4274.60000 3264.03750  23.6%  93.7  695s
 178968  9599 3472.51556   70   78 4274.60000 3272.38500  23.4%  93.5  700s
 180382  9358 3337.69286   68   32 4274.60000 3274.86742  23.4%  93.5  705s
 181829  9330 3380.14795   71   76 4274.60000 3279.98126  23.3%  93.5  710s
 183682  9359 3517.03362   73   46 4274.60000 3282.69500  23.2%  93.4  715s
 185521  9228 3294.86400   70   29 4274.60000 3294.86400  22.9%  93.2  720s
 187253  9130 3314.92326   57   47 4274.60000 3304.56000  22.7%  93.1  725s
 188837  8948     cutoff   57      4274.60000 3313.89000  22.5%  93.0  730s
 190517  8729 3327.55500   66   20 4274.60000 3323.77852  22.2%  92.9  735s
 192059  8635 3330.68400   56   28 4274.60000 3329.82935  22.1%  92.8  740s
 193553  8484 3363.25751   70   76 4274.60000 3335.96470  22.0%  92.7  745s
 195084  8311 infeasible   66      4274.60000 3341.41369  21.8%  92.6  750s
 196674  8060     cutoff   75      4274.60000 3347.36175  21.7%  92.5  755s
 198485  7763 infeasible   81      4274.60000 3354.08027  21.5%  92.4  760s
 200068  7539 3371.98629   62   50 4274.60000 3359.05667  21.4%  92.3  765s
 201782  7360 3379.87474   66   58 4274.60000 3364.03183  21.3%  92.1  770s
 203367  7128     cutoff   70      4274.60000 3368.22285  21.2%  92.0  775s
 205139  6818 3375.75850   55   31 4274.60000 3373.73906  21.1%  91.8  780s
 206657  6565 3407.75660   53   26 4274.60000 3378.53654  21.0%  91.7  785s
 208434  6273 3384.78984   67   63 4274.60000 3384.31945  20.8%  91.5  790s
 210061  5990     cutoff   73      4274.60000 3389.61761  20.7%  91.4  795s
 211814  5559 3409.33458   69   53 4274.60000 3396.14066  20.6%  91.3  800s
 213364  5141 infeasible   76      4274.60000 3402.66527  20.4%  91.2  805s
 215135  4731     cutoff   61      4274.60000 3409.97154  20.2%  91.0  810s
 216587  4330     cutoff   93      4274.60000 3417.07269  20.1%  90.9  815s
 218486  3750     cutoff   65      4274.60000 3429.02934  19.8%  90.8  820s
 220338  3063 infeasible   72      4274.60000 3446.93613  19.4%  90.6  825s
 222198  2313     cutoff   85      4274.60000 3474.22273  18.7%  90.4  830s
 224399  1316     cutoff   73      4274.60000 3562.99764  16.6%  90.0  835s

Cutting planes:
  Gomory: 5
  Implied bound: 50
  Clique: 6
  MIR: 11
  Flow cover: 24
  GUB cover: 3
  Zero half: 26

Explored 226288 nodes (20303657 simplex iterations) in 837.73 seconds
Thread count was 2 (of 4 available processors)

Optimal solution found (tolerance 1.00e-04)
Best objective 4.274600000000e+03, best bound 4.274600000000e+03, gap 0.0%
k_c1	7.0
k_c10	5.0
k_c2	10.0
k_c3	10.0
k_c4	6.0
k_c5	10.0
k_c6	0.0
k_c7	10.0
k_c8	3.0
k_c9	6.0
k_dN	0.0
kDash_c1	2.0
kDash_c10	1.0
kDash_c2	6.0
kDash_c3	5.0
kDash_c4	1.0
kDash_c5	7.0
kDash_c6	6.0
kDash_c7	4.0
kDash_c8	0.0
kDash_c9	4.0
kDash_dN	0.0
o_1	0.0
o_10	0.0
o_2	0.0
o_3	0.0
o_4	0.0
o_5	0.0
o_6	1.0
o_7	0.0
o_8	0.0
o_9	0.0
p_1	1.0
p_10	0.0
p_2	0.0
p_3	0.0
p_4	0.0
p_5	0.0
p_6	1.0
p_7	0.0
p_8	0.0
p_9	0.0
phi_c1	6.0
phi_c10	18.0
phi_c2	4.0
phi_c3	19.0
phi_c4	1.0
phi_c5	21.0
phi_c6	2.0
phi_c7	20.0
phi_c8	19.0
phi_c9	3.0
phi_d0	22.0
phi_dN	0.0
pi_c1	21.0
pi_c10	22.0
pi_c2	20.0
pi_c3	8.0
pi_c4	20.0
pi_c5	8.0
pi_c6	12.0
pi_c7	22.0
pi_c8	22.0
pi_c9	22.0
pi_dN	0.0
tauD_c1	36.0
tauD_c10	84.0
tauD_c2	60.0
tauD_c3	45.0
tauD_c4	85.0
tauD_c5	18.0
tauD_c6	32.0
tauD_c7	10.0
tauD_c8	26.0
tauD_c9	78.0
tauD_d0	0.0
tauD_dN	100.0
tauS_c1	36.0
tauS_c10	83.0
tauS_c2	86.0
tauS_c3	14.0
tauS_c4	87.0
tauS_c5	10.0
tauS_c6	60.0
tauS_c7	55.0
tauS_c8	15.0
tauS_c9	16.0
tauS_d0	0.0
tauS_dN	72.0
x_c10_dN	1.0
x_c1_c2	1.0
x_c2_c9	1.0
x_c3_c10	1.0
x_c4_dN	1.0
x_c5_c1	1.0
x_c6_c4	1.0
x_c7_c8	1.0
x_c8_c6	1.0
x_c9_dN	1.0
x_d0_c3	1.0
x_d0_c5	1.0
x_d0_c7	1.0
z_c1_c6	1.0
z_c6_dN	1.0
z_d0_c1	1.0
