
Gurobi 6.0.4 (win64) logging started 06/13/15 05:53:44

Warning: unknown variable 'kDash_dN' in bounds section
Read LP format model from file C:\MT\repository\VRPTWMS\instances\mip\freight\N10-C_DV10-C_SV50_F22_14_No_1.lp
Reading time = 0.02 seconds
(null): 521 rows, 310 columns, 2253 nonzeros
Optimize a model with 521 rows, 310 columns and 2253 nonzeros
Model has 1210 quadratic constraints
WARNING: Only barrier available for SOCP models
Coefficient statistics:
  Matrix range    [1e+00, 1e+02]
  Objective range [1e+00, 1e+03]
  Bounds range    [1e+00, 1e+02]
  RHS range       [1e+00, 1e+02]
Presolve removed 68 rows and 33 columns
Presolve time: 0.11s
Presolved: 2893 rows, 1547 columns, 13843 nonzeros
Variable types: 1170 continuous, 377 integer (313 binary)
Found heuristic solution: objective 10455.100000
Optimize a model with 2893 rows, 1547 columns and 13843 nonzeros
Coefficient statistics:
  Matrix range    [4e-01, 1e+02]
  Objective range [1e+00, 1e+03]
  Bounds range    [1e+00, 1e+02]
  RHS range       [1e+00, 1e+02]

Concurrent LP optimizer: dual simplex and barrier
Showing barrier log only...

Presolve removed 135 rows and 64 columns
Presolved: 2758 rows, 1486 columns, 13093 nonzeros

Root barrier log...

Ordering time: 0.00s

Barrier performed 0 iterations in 0.14 seconds
Barrier solve interrupted - model solved by another algorithm


Solved with dual simplex
Solved in 214 iterations and 0.14 seconds
Optimal objective  2.072301779e+02

Root relaxation: objective 2.072302e+02, 214 iterations, 0.02 seconds

    Nodes    |    Current Node    |     Objective Bounds      |     Work
 Expl Unexpl |  Obj  Depth IntInf | Incumbent    BestBd   Gap | It/Node Time

     0     0  207.23018    0   82 10455.1000  207.23018  98.0%     -    0s
H    0     0                    9453.6900000  207.23018  97.8%     -    0s
     0     0  281.03290    0  130 9453.69000  281.03290  97.0%     -    0s
H    0     0                    7427.5200000  281.03290  96.2%     -    0s
     0     0  502.95512    0  126 7427.52000  502.95512  93.2%     -    0s
H    0     0                    7419.0400000  502.95512  93.2%     -    0s
     0     0  633.38059    0  108 7419.04000  633.38059  91.5%     -    0s
     0     0  667.15160    0  167 7419.04000  667.15160  91.0%     -    0s
     0     0  675.83461    0  146 7419.04000  675.83461  90.9%     -    0s
     0     0  678.03653    0  165 7419.04000  678.03653  90.9%     -    0s
     0     0  683.44136    0  199 7419.04000  683.44136  90.8%     -    0s
     0     0  683.44136    0  203 7419.04000  683.44136  90.8%     -    0s
H    0     0                    7382.1200000  683.44136  90.7%     -    0s
     0     0  683.44136    0  155 7382.12000  683.44136  90.7%     -    0s
     0     0  683.44136    0  166 7382.12000  683.44136  90.7%     -    0s
     0     0  683.44136    0  166 7382.12000  683.44136  90.7%     -    0s
     0     2  683.44136    0  166 7382.12000  683.44136  90.7%     -    0s
H   56    49                    6364.3100000  684.06155  89.3%  96.7    1s
*  469   297              44    5380.7900000  700.52056  87.0%  58.5    2s
H  481   304                    5335.7500000  700.52056  86.9%  57.1    2s
   750   371 4497.52471   33  174 5335.75000  991.50387  81.4%  48.9    5s
   783   395 2125.32133   18  112 5335.75000 1279.27767  76.0%  73.4   10s
   818   418 1289.27658    5  140 5335.75000 1289.27658  75.8%  70.3   15s
  1150   527 1808.12982   42   94 5335.75000 1315.98004  75.3%   107   20s
  1806   728 4488.43323   51   60 5335.75000 1342.72980  74.8%   111   25s
  2373   914 3461.76703   41  106 5335.75000 1374.00595  74.2%   112   30s
  3144  1296 3405.95352   53  103 5335.75000 1484.38056  72.2%   111   35s
  4149  1755 4371.13600   51    9 5335.75000 1568.53492  70.6%   111   40s
  5143  2162 2347.68077   42   96 5335.75000 1665.02000  68.8%   113   45s
  5909  2487 2523.29421   40   93 5335.75000 1716.37248  67.8%   112   50s
  6736  2823     cutoff   46      5335.75000 1828.25004  65.7%   112   55s
  7634  3150 2861.57628   39   53 5335.75000 1911.89852  64.2%   113   60s
  8536  3487 3126.72826   49   81 5335.75000 2018.00235  62.2%   112   65s
  9434  3697 4665.39371   39   56 5335.75000 2256.80672  57.7%   114   71s
 10172  4003 infeasible   54      5335.75000 2286.81765  57.1%   113   75s
 11539  4644 infeasible   65      5335.75000 2305.91214  56.8%   111   80s
H12078  3803                    4329.4900000 2312.63884  46.6%   110   82s
 12584  3940 3352.33103   42   90 4329.49000 2318.84926  46.4%   110   85s
H12858  3867                    4299.1300000 2321.28200  46.0%   111   86s
 13368  3939 3989.97939   42  127 4299.13000 2329.19506  45.8%   112   90s
 14285  4028 2545.10594   42  102 4299.13000 2339.91759  45.6%   113   95s
 14621  4061 3397.14993   52  166 4299.13000 2344.07166  45.5%   114  102s
 14630  4067 3316.77121   53  103 4299.13000 2344.07166  45.5%   114  105s
 14643  4076 3365.62827   46  111 4299.13000 2344.07166  45.5%   114  110s
 14655  4084 3357.41185   56  155 4299.13000 2344.07166  45.5%   114  115s
 14668  4092 3492.36538   68  141 4299.13000 2344.07166  45.5%   113  120s
 14682  4102 2392.95909   41  157 4299.13000 2344.07166  45.5%   113  125s
 14695  4110 3357.41185   56  151 4299.13000 2344.07166  45.5%   113  130s
 14707  4118 3337.31911   40  138 4299.13000 2344.07166  45.5%   113  135s
 14720  4127 3473.98584   61  156 4299.13000 2344.07166  45.5%   113  140s
 14792  4155 3373.38422   61   60 4299.13000 2344.07166  45.5%   113  146s
 15522  4361 3365.87630   62   32 4299.13000 2350.95171  45.3%   111  150s
 17170  4923 3315.39393   50  100 4299.13000 3283.51486  23.6%   106  156s
 18543  5261 3316.88011   53   62 4299.13000 3286.44216  23.6%   103  160s
 20472  5582     cutoff   59      4299.13000 3298.54370  23.3%   100  167s
 21945  5758 3303.28874   63   51 4299.13000 3303.28874  23.2%  98.0  171s
 23343  5892 3330.20000   58   38 4299.13000 3305.94929  23.1%  96.4  176s
 24749  6101 3309.56445   50   41 4299.13000 3307.96429  23.1%  95.0  181s
 25847  6150 3374.15407   60   54 4299.13000 3309.75500  23.0%  94.1  185s
 27496  6350 3314.59033   52   34 4299.13000 3312.14406  23.0%  92.9  191s
 28603  6840 3520.89564   77   66 4299.13000 3313.67018  22.9%  92.1  195s
 30140  7394 3374.53008   71   86 4299.13000 3315.59526  22.9%  91.1  200s
 31589  7911 3430.24724   79   82 4299.13000 3317.56776  22.8%  90.5  206s
 33048  8441 3412.26428   62  102 4299.13000 3318.77409  22.8%  89.7  211s
 34527  9160     cutoff   57      4299.13000 3319.79263  22.8%  88.8  216s
 35660  9564 3534.25468   63   57 4299.13000 3320.76706  22.8%  88.5  220s
 36838  9983 3519.21896   63   95 4299.13000 3321.72200  22.7%  88.1  225s
 38092 10492 3405.35623   73   74 4299.13000 3322.55583  22.7%  87.6  230s
 39762 11171     cutoff   80      4299.13000 3323.70800  22.7%  86.9  235s
 40845 11530 3369.81077   61   83 4299.13000 3324.62449  22.7%  86.6  240s
 42285 12022     cutoff   58      4299.13000 3325.41000  22.6%  86.1  245s
 43812 12589     cutoff   86      4299.13000 3326.92474  22.6%  85.5  251s
 44822 12948 3423.27353   63   95 4299.13000 3327.74961  22.6%  85.3  255s
 46202 13302 3396.82384   75   75 4299.13000 3329.04816  22.6%  84.9  260s
 47596 13769     cutoff   55      4299.13000 3330.04034  22.5%  84.6  266s
 48702 14127     cutoff   79      4299.13000 3330.89166  22.5%  84.3  270s
 50047 14558 3336.46771   59   25 4299.13000 3331.82401  22.5%  84.0  275s
 51045 14854     cutoff   60      4299.13000 3332.48913  22.5%  83.7  280s
 52386 15280     cutoff   65      4299.13000 3333.22287  22.5%  83.4  285s
 53715 15648     cutoff   79      4299.13000 3334.19274  22.4%  83.2  290s
 55000 16077 3379.63000   71   23 4299.13000 3334.95734  22.4%  82.9  295s
 56208 16484 3513.54844   64  102 4299.13000 3335.55975  22.4%  82.8  300s
 57724 16931     cutoff   63      4299.13000 3336.36863  22.4%  82.6  305s
 58943 17258 3345.75599   55  101 4299.13000 3336.98373  22.4%  82.4  310s
 60164 17576 3369.87069   64   72 4299.13000 3337.59778  22.4%  82.2  315s
 61243 17948 3439.71816   77   71 4299.13000 3338.09888  22.4%  82.2  320s
 62682 18399 3373.29677   66   41 4299.13000 3338.79176  22.3%  82.1  325s
 63867 18747 3339.44768   66   56 4299.13000 3339.27000  22.3%  81.9  330s
 65083 19099 3373.79875   63   77 4299.13000 3339.86049  22.3%  81.7  335s
 66594 19501     cutoff   60      4299.13000 3340.51349  22.3%  81.5  340s
 67829 19913 3791.38270   81   53 4299.13000 3341.05133  22.3%  81.3  345s
 69302 20268     cutoff   70      4299.13000 3341.76015  22.3%  81.1  350s
 70490 20640 3377.28818   82   80 4299.13000 3342.31658  22.3%  80.9  355s
 71620 21006 3585.54874   65   89 4299.13000 3342.71344  22.2%  80.8  360s
 72954 21342 3887.91471   72   57 4299.13000 3343.25094  22.2%  80.7  365s
 74379 21739 3456.82012   82   77 4299.13000 3343.87000  22.2%  80.5  370s
 75542 22064     cutoff   89      4299.13000 3344.40194  22.2%  80.4  375s
H76626 22380                    4298.4400000 3344.90210  22.2%  80.3  378s
 76837 22366 3508.44696   57  104 4298.44000 3345.05267  22.2%  80.3  380s
 77619 22195 3382.15486   64   29 4298.44000 3346.15626  22.2%  80.7  385s
 78207 22040     cutoff   79      4298.44000 3346.97406  22.1%  80.9  390s
 79040 21909 3397.23875   56   67 4298.44000 3347.83677  22.1%  81.3  395s
 79947 21706 3355.05443   64   87 4298.44000 3349.00170  22.1%  81.6  400s
 80912 21514 3351.10388   56   64 4298.44000 3350.15066  22.1%  81.9  405s
 81710 21340 3580.37298   73   62 4298.44000 3351.00790  22.0%  82.1  410s
 82477 21172     cutoff   54      4298.44000 3351.97667  22.0%  82.4  415s
 83065 20985 3367.78124   67  109 4298.44000 3352.68059  22.0%  82.5  420s
 83780 20786 3385.24791   53   82 4298.44000 3353.38034  22.0%  82.8  425s
 84499 20579 3582.38539   66   69 4298.44000 3354.10228  22.0%  82.9  430s
 85217 20379 infeasible   72      4298.44000 3354.90664  22.0%  83.2  435s
 85900 20156 3442.71075   88   60 4298.44000 3355.70363  21.9%  83.4  440s
 86527 19997     cutoff   69      4298.44000 3356.35685  21.9%  83.5  445s
 87095 19802 3382.93397   77   50 4298.44000 3357.00884  21.9%  83.7  450s
 87898 19639     cutoff   71      4298.44000 3357.93112  21.9%  83.9  455s
 88585 19418 3386.88499   64  101 4298.44000 3358.81187  21.9%  84.1  461s
 89095 19268 3390.13044   67   88 4298.44000 3359.47874  21.8%  84.2  466s
 89572 19067 3396.55441   78   43 4298.44000 3360.13456  21.8%  84.3  470s
 90412 18753     cutoff   80      4298.44000 3361.23871  21.8%  84.6  475s
 91291 18451 3482.79349   73  102 4298.44000 3362.33336  21.8%  84.8  480s
 92148 18125 3426.15424   62   70 4298.44000 3363.39748  21.8%  85.1  485s
 93010 17822 3379.47192   71   57 4298.44000 3364.49128  21.7%  85.4  490s
 93941 17519 3398.44714   75   68 4298.44000 3365.67913  21.7%  85.6  495s
 94823 17219 3514.54749   78   78 4298.44000 3366.66000  21.7%  85.9  500s
 95597 17028 infeasible   80      4298.44000 3367.45227  21.7%  86.1  505s
 96568 16754 3421.72788   75   89 4298.44000 3368.41181  21.6%  86.3  510s
 97382 16505 infeasible   72      4298.44000 3369.28000  21.6%  86.5  515s
 98147 16245 3395.11045   74   87 4298.44000 3370.29000  21.6%  86.7  520s
 99138 15905 3384.94401   74   94 4298.44000 3371.47968  21.6%  86.9  525s
 99998 15601 infeasible   79      4298.44000 3372.59684  21.5%  87.1  530s
 100808 15344 3373.80398   69   81 4298.44000 3373.53631  21.5%  87.3  535s
 101798 15001 3406.76752   61   60 4298.44000 3374.83832  21.5%  87.5  540s
 102610 14758     cutoff   78      4298.44000 3375.89000  21.5%  87.6  545s
 103605 14358 3402.03236   65   70 4298.44000 3377.32299  21.4%  87.8  550s
 104400 14043     cutoff   66      4298.44000 3378.50166  21.4%  88.0  555s
 105320 13724 3400.81383   74   70 4298.44000 3379.89804  21.4%  88.1  560s
 106222 13369     cutoff   81      4298.44000 3381.40059  21.3%  88.3  565s
 107043 13127 3421.44384   67   81 4298.44000 3382.58467  21.3%  88.4  570s
 107985 12788 3558.51426   82   80 4298.44000 3383.91854  21.3%  88.6  575s
 108923 12448 3433.79405   86   83 4298.44000 3385.45505  21.2%  88.7  580s
 109792 12136     cutoff   73      4298.44000 3386.83991  21.2%  88.8  585s
 110688 11852     cutoff   76      4298.44000 3388.14000  21.2%  89.0  590s
 111679 11517     cutoff   71      4298.44000 3389.76642  21.1%  89.1  595s
 112549 11221     cutoff   67      4298.44000 3391.38166  21.1%  89.2  600s
 113379 10922     cutoff   71      4298.44000 3392.87186  21.1%  89.4  605s
 114154 10659     cutoff   75      4298.44000 3394.38601  21.0%  89.5  610s
 115109 10246 3521.42154   66  106 4298.44000 3396.33393  21.0%  89.7  615s
 115982  9946 infeasible   84      4298.44000 3397.86208  21.0%  89.8  620s
 116902  9660     cutoff   78      4298.44000 3399.63911  20.9%  90.0  625s
 117780  9377 infeasible   83      4298.44000 3401.46664  20.9%  90.0  630s
 118605  9153 3664.45081   77  116 4298.44000 3403.11255  20.8%  90.2  635s
 119435  8835 3895.79172   68  100 4298.44000 3405.49378  20.8%  90.3  640s
 120374  8516 infeasible   65      4298.44000 3407.71000  20.7%  90.4  645s
 121268  8187 3440.85917   77   61 4298.44000 3410.41062  20.7%  90.5  650s
 122229  7794 3521.10736   83   61 4298.44000 3413.37969  20.6%  90.5  655s
 123113  7452     cutoff   78      4298.44000 3416.30801  20.5%  90.6  660s
 124042  7048 3506.81006   73   65 4298.44000 3419.78232  20.4%  90.7  665s
 125084  6598 3435.92088   88   71 4298.44000 3424.22528  20.3%  90.7  670s
 125975  6234 infeasible   94      4298.44000 3428.92904  20.2%  90.7  675s
 126953  5827     cutoff   80      4298.44000 3434.47543  20.1%  90.7  680s
 127859  5414 infeasible   75      4298.44000 3441.72738  19.9%  90.7  685s
 128908  4915     cutoff   82      4298.44000 3453.58670  19.7%  90.7  690s
 129958  4466     cutoff   72      4298.44000 3470.31769  19.3%  90.6  695s
 131116  3952 3537.86376   65  102 4298.44000 3510.45464  18.3%  90.5  701s
 131908  3536     cutoff   63      4298.44000 3551.83688  17.4%  90.3  705s
 133281  2744 4132.87203   76   59 4298.44000 3657.83806  14.9%  89.9  710s
 135314  1148     cutoff   67      4298.44000 3990.51589  7.16%  89.0  715s

Cutting planes:
  Gomory: 14
  Cover: 252
  Implied bound: 370
  Clique: 8
  MIR: 231
  Flow cover: 462
  GUB cover: 9
  Zero half: 135
  Mod-K: 2

Explored 136620 nodes (12108548 simplex iterations) in 717.34 seconds
Thread count was 2 (of 4 available processors)

Optimal solution found (tolerance 1.00e-04)
Best objective 4.298440000000e+03, best bound 4.298440000000e+03, gap 0.0%
k_c1	3.0
k_c10	5.0
k_c2	6.0
k_c3	5.0
k_c4	7.0
k_c5	9.0
k_c6	10.0
k_c7	10.0
k_c8	10.0
k_c9	10.0
k_dN	0.0
kDash_c1	0.0
kDash_c10	2.0
kDash_c2	5.0
kDash_c3	0.0
kDash_c4	0.0
kDash_c5	7.0
kDash_c6	6.0
kDash_c7	9.0
kDash_c8	3.0
kDash_c9	5.0
kDash_dN	0.0
o_1	1.0
o_10	0.0
o_2	0.0
o_3	0.0
o_4	1.0
o_5	0.0
o_6	0.0
o_7	0.0
o_8	0.0
o_9	0.0
p_1	1.0
p_10	1.0
p_2	0.0
p_3	0.0
p_4	1.0
p_5	0.0
p_6	0.0
p_7	0.0
p_8	0.0
p_9	0.0
phi_c1	2.0
phi_c10	19.0
phi_c2	4.0
phi_c3	2.0
phi_c4	2.0
phi_c5	4.0
phi_c6	6.0
phi_c7	20.0
phi_c8	3.0
phi_c9	20.0
phi_d0	22.0
phi_dN	0.0
pi_c1	42.0
pi_c10	50.0
pi_c2	50.0
pi_c3	45.0
pi_c4	35.0
pi_c5	50.0
pi_c6	50.0
pi_c7	50.0
pi_c8	40.0
pi_c9	50.0
pi_dN	0.0
tauD_c1	56.0
tauD_c10	27.0
tauD_c2	44.0
tauD_c3	65.0
tauD_c4	56.0
tauD_c5	45.0
tauD_c6	30.0
tauD_c7	36.0
tauD_c8	45.0
tauD_c9	15.0
tauD_d0	0.0
tauD_dN	100.0
tauS_c1	42.0
tauS_c10	5.0
tauS_c2	0.0
tauS_c3	0.0
tauS_c4	71.0
tauS_c5	0.0
tauS_c6	0.0
tauS_c7	0.0
tauS_c8	78.0
tauS_c9	0.0
tauS_d0	0.0
tauS_dN	86.0
x_c10_c8	1.0
x_c1_dN	1.0
x_c2_c3	1.0
x_c3_dN	1.0
x_c4_dN	1.0
x_c5_c4	1.0
x_c6_c2	1.0
x_c7_c5	1.0
x_c8_c1	1.0
x_c9_c10	1.0
x_d0_c6	1.0
x_d0_c7	1.0
x_d0_c9	1.0
z_c10_c1	1.0
z_c1_c4	1.0
z_c4_dN	1.0
z_d0_c10	1.0
