
Gurobi 6.0.4 (win64) logging started 06/16/15 20:52:22

Read LP format model from file C:\MT\repository\VRPTWMS\instances\mip\freight\N10-C_DV10-C_SV50_F22_6_No_1.lp
Reading time = 0.00 seconds
(null): 521 rows, 309 columns, 2253 nonzeros
Optimize a model with 521 rows, 309 columns and 2253 nonzeros
Model has 1210 quadratic constraints
Coefficient statistics:
  Matrix range    [1e+00, 1e+06]
  Objective range [4e+04, 1e+07]
  Bounds range    [1e+00, 1e+06]
  RHS range       [1e+00, 1e+06]
Presolve removed 70 rows and 33 columns
Presolve time: 0.11s
Presolved: 2915 rows, 1558 columns, 13933 nonzeros
Variable types: 1182 continuous, 376 integer (312 binary)
Found heuristic solution: objective 1.046182e+08

Root relaxation: objective 6.254647e+06, 254 iterations, 0.02 seconds

    Nodes    |    Current Node    |     Objective Bounds      |     Work
 Expl Unexpl |  Obj  Depth IntInf | Incumbent    BestBd   Gap | It/Node Time

     0     0 6254647.37    0   88 1.0462e+08 6254647.37  94.0%     -    0s
H    0     0                    9.410750e+07 6254647.37  93.4%     -    0s
H    0     0                    7.364550e+07 6254647.37  91.5%     -    0s
     0     0 1.2508e+07    0   65 7.3646e+07 1.2508e+07  83.0%     -    0s
H    0     0                    7.352350e+07 1.2508e+07  83.0%     -    0s
H    0     0                    6.319800e+07 1.2508e+07  80.2%     -    0s
     0     0 1.2644e+07    0   89 6.3198e+07 1.2644e+07  80.0%     -    0s
     0     0 1.2650e+07    0  103 6.3198e+07 1.2650e+07  80.0%     -    0s
     0     0 1.2658e+07    0  100 6.3198e+07 1.2658e+07  80.0%     -    0s
     0     0 1.2672e+07    0  123 6.3198e+07 1.2672e+07  79.9%     -    0s
     0     0 1.2683e+07    0  102 6.3198e+07 1.2683e+07  79.9%     -    0s
     0     0 1.2683e+07    0  107 6.3198e+07 1.2683e+07  79.9%     -    0s
     0     0 1.2683e+07    0   97 6.3198e+07 1.2683e+07  79.9%     -    0s
     0     0 1.2683e+07    0  120 6.3198e+07 1.2683e+07  79.9%     -    0s
     0     0 1.2683e+07    0  124 6.3198e+07 1.2683e+07  79.9%     -    0s
     0     0 1.2683e+07    0  112 6.3198e+07 1.2683e+07  79.9%     -    0s
     0     2 1.2683e+07    0  111 6.3198e+07 1.2683e+07  79.9%     -    0s
H   61    54                    6.316490e+07 1.6159e+07  74.4%  75.2    0s
*  112    82              36    5.470400e+07 1.6159e+07  70.5%  66.4    0s
H  320   200                    5.437780e+07 1.7101e+07  68.6%  70.2    1s
H  718   382                    5.428390e+07 1.7369e+07  68.0%  71.2    2s
   765   423 2.2919e+07   19   78 5.4284e+07 2.2626e+07  58.3%   7.1    5s
* 1283   625              57    5.394630e+07 2.2736e+07  57.9%  36.5    8s
  1740   745 2.3537e+07   25  134 5.3946e+07 2.2824e+07  57.7%  47.3   10s
H 2272  1006                    5.393220e+07 2.2924e+07  57.5%  56.5   13s
* 2345  1048              41    5.384910e+07 2.2938e+07  57.4%  56.6   13s
H 2469  1121                    5.364850e+07 2.2949e+07  57.2%  57.9   13s
  2841  1329 2.3223e+07   27  123 5.3649e+07 2.2985e+07  57.2%  58.6   15s
H 3095  1287                    4.401870e+07 2.3007e+07  47.7%  61.1   16s
  3305  1394 2.3222e+07   21  139 4.4019e+07 2.3047e+07  47.6%  65.0   20s
H 3634  1537                    4.388950e+07 2.3068e+07  47.4%  67.2   21s
  4165  1792 3.3295e+07   20   69 4.3890e+07 2.3118e+07  47.3%  70.4   25s
H 4473  1864                    4.365150e+07 2.3139e+07  47.0%  71.1   26s
  4883  2028 2.4677e+07   31  100 4.3652e+07 2.3190e+07  46.9%  75.2   30s
  5513  2275 infeasible   31      4.3652e+07 2.3275e+07  46.7%  80.6   35s
  6226  2514 infeasible   35      4.3652e+07 2.3323e+07  46.6%  87.0   40s
  7076  2869 3.3901e+07   43   84 4.3652e+07 2.3369e+07  46.5%  90.2   45s
  7370  2985 2.3386e+07   40   68 4.3652e+07 2.3386e+07  46.4%  91.8   50s
  8035  3192 infeasible   41      4.3652e+07 2.3386e+07  46.4%  92.3   55s
  9125  3350 3.3827e+07   44   44 4.3652e+07 2.3386e+07  46.4%  92.5   60s
 10189  3457     cutoff   38      4.3652e+07 2.3386e+07  46.4%  93.4   65s
 11124  3568 3.3883e+07   36   69 4.3652e+07 2.3386e+07  46.4%  94.1   70s
 11919  3630 2.4350e+07   35   60 4.3652e+07 2.3386e+07  46.4%  96.2   75s
 13047  3747 infeasible   65      4.3652e+07 2.3386e+07  46.4%  96.6   80s
 14098  3749 3.3432e+07   33   92 4.3652e+07 2.3386e+07  46.4%  98.2   85s
 14667  3791 4.3477e+07   55  112 4.3652e+07 2.3386e+07  46.4%  99.0   93s
 14673  3795 3.3608e+07   50  110 4.3652e+07 2.3386e+07  46.4%  98.9   95s
 14685  3803 2.7570e+07   33  123 4.3652e+07 2.3386e+07  46.4%  98.8  100s
 14698  3812 3.3728e+07   58  139 4.3652e+07 2.3386e+07  46.4%  98.7  105s
 14709  3819 3.4066e+07   49  150 4.3652e+07 2.3386e+07  46.4%  98.7  110s
 14725  3834 2.3386e+07   41   50 4.3652e+07 2.3386e+07  46.4%  99.5  115s
 15066  3931 3.3610e+07   55   32 4.3652e+07 2.3386e+07  46.4%   100  121s
 15975  4041     cutoff   55      4.3652e+07 2.3386e+07  46.4%   100  126s
 16868  4160 2.3386e+07   47   72 4.3652e+07 2.3386e+07  46.4%   101  131s
 17506  4233 3.3786e+07   55   69 4.3652e+07 2.3386e+07  46.4%   102  135s
 18534  4399     cutoff   50      4.3652e+07 2.3386e+07  46.4%   103  141s
 19134  4424 2.4329e+07   49  104 4.3652e+07 2.3386e+07  46.4%   104  146s
 19874  4471 2.3943e+07   53   71 4.3652e+07 2.3386e+07  46.4%   104  150s
 20593  4536 2.3432e+07   48   97 4.3652e+07 2.3392e+07  46.4%   105  155s
 21269  4609 2.3902e+07   53   94 4.3652e+07 2.3408e+07  46.4%   106  160s
 21937  4639 2.3671e+07   49   87 4.3652e+07 2.3430e+07  46.3%   107  165s
 22601  4691 3.3369e+07   66   64 4.3652e+07 2.3445e+07  46.3%   108  170s
 23167  4684     cutoff   57      4.3652e+07 2.3459e+07  46.3%   109  175s
 23816  4682 2.3565e+07   52  107 4.3652e+07 2.3477e+07  46.2%   110  181s
 24616  4721 3.3821e+07   54   51 4.3652e+07 2.3497e+07  46.2%   110  187s
 24976  4712 4.3379e+07   61    6 4.3652e+07 2.3502e+07  46.2%   111  190s
 25693  4685 3.3595e+07   59   63 4.3652e+07 2.3517e+07  46.1%   112  196s
 26110  4664 2.3780e+07   62  127 4.3652e+07 2.3527e+07  46.1%   112  202s
 26470  4758 3.4084e+07   57   77 4.3652e+07 2.3531e+07  46.1%   113  205s
 27164  4973 infeasible   50      4.3652e+07 2.3550e+07  46.1%   114  210s
 27813  5186 3.4357e+07   68   94 4.3652e+07 2.3560e+07  46.0%   114  215s
 28391  5375 3.3904e+07   67   64 4.3652e+07 2.3570e+07  46.0%   115  220s
 28962  5549 infeasible   69      4.3652e+07 2.3579e+07  46.0%   116  225s
 29533  5698     cutoff   57      4.3652e+07 2.3588e+07  46.0%   117  231s
 30136  5884     cutoff   65      4.3652e+07 2.3594e+07  45.9%   117  236s
 30589  5994 3.4014e+07   46   88 4.3652e+07 2.3601e+07  45.9%   118  242s
H30977  6119                    4.354000e+07 2.3605e+07  45.8%   118  244s
 31125  6160 3.4387e+07   80   60 4.3540e+07 2.3610e+07  45.8%   119  247s
 31699  6341 infeasible   60      4.3540e+07 2.3618e+07  45.8%   119  252s
 32263  6484 infeasible   50      4.3540e+07 2.3624e+07  45.7%   120  257s
 32695  6558 infeasible   66      4.3540e+07 2.3633e+07  45.7%   120  261s
H33058  6671                    4.350580e+07 2.3638e+07  45.7%   121  264s
 33173  6684 3.3545e+07   66   65 4.3506e+07 2.3638e+07  45.7%   121  266s
 33564  6788 2.5038e+07   52  137 4.3506e+07 2.3646e+07  45.6%   121  271s
 34001  6888 2.3946e+07   55  103 4.3506e+07 2.3650e+07  45.6%   122  276s
 34546  6990 2.3741e+07   56   74 4.3506e+07 2.3657e+07  45.6%   122  281s
 35021  7101 3.3806e+07   58   56 4.3506e+07 2.3663e+07  45.6%   123  286s
 35505  7182 3.4223e+07   53   45 4.3506e+07 2.3670e+07  45.6%   124  290s
 35990  7323 infeasible   71      4.3506e+07 2.3676e+07  45.6%   124  295s
 36391  7392 infeasible   55      4.3506e+07 2.3680e+07  45.6%   124  300s
 36815  7450 3.9530e+07   55   95 4.3506e+07 2.3685e+07  45.6%   125  305s
 37369  7595 2.3778e+07   52   96 4.3506e+07 2.3692e+07  45.5%   125  310s
 37848  7715 3.3623e+07   53   67 4.3506e+07 2.3697e+07  45.5%   126  315s
 38389  7813 infeasible   56      4.3506e+07 2.3704e+07  45.5%   126  320s
 39091  7987 2.3745e+07   55   54 4.3506e+07 2.3713e+07  45.5%   127  327s
 39522  8083 2.4505e+07   59  127 4.3506e+07 2.3719e+07  45.5%   127  331s
 39995  8199 infeasible   57      4.3506e+07 2.3726e+07  45.5%   128  336s
 40468  8284 infeasible   59      4.3506e+07 2.3731e+07  45.5%   128  341s
 40972  8407 2.4504e+07   58   81 4.3506e+07 2.3736e+07  45.4%   128  345s
 41473  8512 3.4086e+07   58   16 4.3506e+07 2.3742e+07  45.4%   129  350s
 42124  8646 3.4201e+07   68   50 4.3506e+07 2.3752e+07  45.4%   129  356s
 42647  8731 2.4361e+07   56  116 4.3506e+07 2.3758e+07  45.4%   130  361s
 43178  8836 3.4141e+07   56   63 4.3506e+07 2.3764e+07  45.4%   130  365s
 43894  8933 3.3985e+07   55  103 4.3506e+07 2.3772e+07  45.4%   131  371s
 44392  9016 infeasible   53      4.3506e+07 2.3779e+07  45.3%   131  375s
 45183  9167 2.4207e+07   52  119 4.3506e+07 2.3788e+07  45.3%   132  381s
 45616  9205 3.3813e+07   61   50 4.3506e+07 2.3794e+07  45.3%   133  385s
 46318  9341     cutoff   56      4.3506e+07 2.3804e+07  45.3%   133  391s
 46815  9448 infeasible   52      4.3506e+07 2.3811e+07  45.3%   134  395s
 47489  9551 2.4403e+07   62   64 4.3506e+07 2.3819e+07  45.3%   134  401s
 48177  9640 infeasible   74      4.3506e+07 2.3830e+07  45.2%   135  406s
 48705  9732 2.4018e+07   57   79 4.3506e+07 2.3838e+07  45.2%   135  410s
 49397  9839 3.4406e+07   64   65 4.3506e+07 2.3848e+07  45.2%   135  416s
 49868  9877 2.9850e+07   66   90 4.3506e+07 2.3853e+07  45.2%   136  420s
 50533  9929 3.3777e+07   59   70 4.3506e+07 2.3861e+07  45.2%   136  426s
 51205  9996     cutoff   66      4.3506e+07 2.3869e+07  45.1%   137  431s
 51681 10056 infeasible   61      4.3506e+07 2.3874e+07  45.1%   137  435s
 52351 10132 infeasible   62      4.3506e+07 2.3882e+07  45.1%   138  441s
 53022 10250 infeasible   59      4.3506e+07 2.3891e+07  45.1%   138  446s
 53455 10303 3.4156e+07   63   47 4.3506e+07 2.3896e+07  45.1%   139  450s
 54106 10392 infeasible   68      4.3506e+07 2.3905e+07  45.1%   139  456s
 54591 10455     cutoff   61      4.3506e+07 2.3909e+07  45.0%   139  460s
 55312 10548 2.7749e+07   60  112 4.3506e+07 2.3919e+07  45.0%   140  465s
 55787 10577 infeasible   54      4.3506e+07 2.3923e+07  45.0%   140  470s
 56449 10623 2.4236e+07   62  103 4.3506e+07 2.3932e+07  45.0%   140  475s
 57095 10685 2.7601e+07   54  108 4.3506e+07 2.3941e+07  45.0%   141  481s
 57735 10754 3.4336e+07   57   75 4.3506e+07 2.3947e+07  45.0%   141  486s
 58172 10795 infeasible   59      4.3506e+07 2.3951e+07  44.9%   141  490s
 58859 10830 3.5055e+07   62   98 4.3506e+07 2.3959e+07  44.9%   142  496s
 59324 10911 infeasible   69      4.3506e+07 2.3965e+07  44.9%   142  500s
 59982 10997 2.5824e+07   60   90 4.3506e+07 2.3974e+07  44.9%   142  506s
 60411 11038 infeasible   66      4.3506e+07 2.3977e+07  44.9%   143  510s
 61048 11069 3.4376e+07   57   82 4.3506e+07 2.3986e+07  44.9%   143  516s
 61444 11114 3.4073e+07   64   58 4.3506e+07 2.3990e+07  44.9%   143  520s
 62042 11141 infeasible   59      4.3506e+07 2.3997e+07  44.8%   144  525s
 62708 11225 3.4181e+07   69   56 4.3506e+07 2.4003e+07  44.8%   144  531s
 63106 11235 3.4614e+07   64   82 4.3506e+07 2.4008e+07  44.8%   144  535s
 63786 11316     cutoff   67      4.3506e+07 2.4015e+07  44.8%   145  541s
 64458 11362 infeasible   56      4.3506e+07 2.4024e+07  44.8%   145  546s
 64914 11401 3.1880e+07   70  103 4.3506e+07 2.4031e+07  44.8%   145  550s
 65604 11437     cutoff   63      4.3506e+07 2.4039e+07  44.7%   146  556s
 66283 11485 2.6417e+07   53  111 4.3506e+07 2.4049e+07  44.7%   146  561s
 66715 11526 3.7727e+07   63  106 4.3506e+07 2.4056e+07  44.7%   146  565s
 67443 11608     cutoff   63      4.3506e+07 2.4064e+07  44.7%   146  570s
 68071 11628 2.4258e+07   52   95 4.3506e+07 2.4073e+07  44.7%   146  576s
 68491 11686 3.4626e+07   63   78 4.3506e+07 2.4078e+07  44.7%   147  580s
 69050 11709 3.3937e+07   52   59 4.3506e+07 2.4084e+07  44.6%   147  586s
 69644 11724     cutoff   62      4.3506e+07 2.4092e+07  44.6%   147  591s
 70080 11751 2.5958e+07   57  129 4.3506e+07 2.4097e+07  44.6%   147  595s
 70725 11784 3.4961e+07   76   97 4.3506e+07 2.4106e+07  44.6%   148  601s
 71096 11790     cutoff   64      4.3506e+07 2.4111e+07  44.6%   148  605s
 71757 11816     cutoff   58      4.3506e+07 2.4118e+07  44.6%   148  610s
 72044 11841 2.5471e+07   63   93 4.3506e+07 2.4121e+07  44.6%   148  615s
 72671 11888 infeasible   61      4.3506e+07 2.4127e+07  44.5%   148  621s
 73194 11885     cutoff   70      4.3506e+07 2.4134e+07  44.5%   149  626s
 73599 11915 2.4525e+07   68   72 4.3506e+07 2.4141e+07  44.5%   149  630s
 74121 11895 2.4172e+07   57   66 4.3506e+07 2.4147e+07  44.5%   149  635s
 74714 11906 infeasible   66      4.3506e+07 2.4156e+07  44.5%   150  641s
 75101 11936 3.4934e+07   71   78 4.3506e+07 2.4160e+07  44.5%   150  645s
 75721 11964 3.4217e+07   61  101 4.3506e+07 2.4168e+07  44.4%   150  651s
 76096 11983 2.7399e+07   57  101 4.3506e+07 2.4172e+07  44.4%   150  655s
 76749 11974 infeasible   62      4.3506e+07 2.4181e+07  44.4%   150  661s
 77425 11978 2.5837e+07   69   61 4.3506e+07 2.4191e+07  44.4%   150  666s
 77815 11973     cutoff   63      4.3506e+07 2.4195e+07  44.4%   151  670s
 78436 12022     cutoff   56      4.3506e+07 2.4201e+07  44.4%   151  676s
 78862 12032 2.9250e+07   64  101 4.3506e+07 2.4207e+07  44.4%   151  680s
 79418 12027 2.4474e+07   60  126 4.3506e+07 2.4214e+07  44.3%   151  686s
 79777 12033 infeasible   67      4.3506e+07 2.4217e+07  44.3%   151  690s
 80433 12052 infeasible   56      4.3506e+07 2.4227e+07  44.3%   152  695s
 80991 12036     cutoff   63      4.3506e+07 2.4236e+07  44.3%   152  701s
 81336 12029 3.4711e+07   68   88 4.3506e+07 2.4242e+07  44.3%   152  705s
 81943 12046 3.4569e+07   61  101 4.3506e+07 2.4249e+07  44.3%   152  711s
 82385 12066     cutoff   62      4.3506e+07 2.4253e+07  44.3%   152  715s
 83021 12043 3.4984e+07   56   99 4.3506e+07 2.4260e+07  44.2%   152  721s
 83634 12054     cutoff   54      4.3506e+07 2.4269e+07  44.2%   153  726s
 84039 12051 3.9135e+07   69   19 4.3506e+07 2.4276e+07  44.2%   153  730s
 84662 12028 3.4823e+07   58  123 4.3506e+07 2.4286e+07  44.2%   153  736s
 84995 12021 2.7960e+07   54  103 4.3506e+07 2.4290e+07  44.2%   153  740s
 85569 11994 3.5137e+07   66   94 4.3506e+07 2.4300e+07  44.1%   153  745s
 86255 12004     cutoff   54      4.3506e+07 2.4313e+07  44.1%   154  752s
 86542 11986 infeasible   59      4.3506e+07 2.4317e+07  44.1%   154  756s
 87199 11956 2.6488e+07   69   81 4.3506e+07 2.4327e+07  44.1%   154  761s
 87689 11970 2.4703e+07   68   90 4.3506e+07 2.4334e+07  44.1%   154  765s
 88281 11969 infeasible   62      4.3506e+07 2.4341e+07  44.1%   154  771s
 88754 11973 3.4507e+07   60   62 4.3506e+07 2.4346e+07  44.0%   154  775s
 89333 11982 2.4487e+07   61   99 4.3506e+07 2.4355e+07  44.0%   154  780s
 89980 11985     cutoff   62      4.3506e+07 2.4362e+07  44.0%   154  786s
 90315 11972 infeasible   74      4.3506e+07 2.4367e+07  44.0%   155  790s
 90943 11969 infeasible   54      4.3506e+07 2.4377e+07  44.0%   155  795s
 91562 11949 2.7540e+07   44  119 4.3506e+07 2.4387e+07  43.9%   155  801s
 92193 11934 3.5018e+07   62  102 4.3506e+07 2.4396e+07  43.9%   155  806s
 92593 11915 infeasible   64      4.3506e+07 2.4402e+07  43.9%   155  810s
 93188 11890 2.5125e+07   73  119 4.3506e+07 2.4413e+07  43.9%   155  816s
 93768 11867 3.2587e+07   63  108 4.3506e+07 2.4421e+07  43.9%   155  821s
 94136 11854 3.4770e+07   68   79 4.3506e+07 2.4427e+07  43.9%   156  825s
 94779 11848 3.9539e+07   68   30 4.3506e+07 2.4435e+07  43.8%   156  831s
 94987 11869 3.5554e+07   57   96 4.3506e+07 2.4439e+07  43.8%   156  837s
 95191 11829 3.7630e+07   66   90 4.3506e+07 2.4442e+07  43.8%   156  840s
 95873 11843 infeasible   55      4.3506e+07 2.4453e+07  43.8%   156  846s
 96601 11850     cutoff   53      4.3506e+07 2.4462e+07  43.8%   156  851s
 97049 11856     cutoff   56      4.3506e+07 2.4469e+07  43.8%   156  855s
 97718 11890 infeasible   65      4.3506e+07 2.4479e+07  43.7%   156  860s
 98285 11880 3.4390e+07   71   61 4.3506e+07 2.4486e+07  43.7%   156  866s
 98709 11886 infeasible   66      4.3506e+07 2.4493e+07  43.7%   156  870s
 99349 11865     cutoff   66      4.3506e+07 2.4502e+07  43.7%   157  876s
 99745 11868     cutoff   63      4.3506e+07 2.4506e+07  43.7%   157  880s
 100408 11888 2.6237e+07   54  122 4.3506e+07 2.4516e+07  43.6%   157  886s
 100772 11866 infeasible   63      4.3506e+07 2.4521e+07  43.6%   157  890s
 101258 11865 4.0234e+07   65   49 4.3506e+07 2.4529e+07  43.6%   157  895s
 101902 11878 infeasible   67      4.3506e+07 2.4536e+07  43.6%   157  900s
 102539 11876 infeasible   69      4.3506e+07 2.4546e+07  43.6%   157  906s
 103160 11836 2.7625e+07   60  151 4.3506e+07 2.4555e+07  43.6%   157  911s
 103571 11815 3.0399e+07   58   92 4.3506e+07 2.4564e+07  43.5%   158  915s
 104124 11774 infeasible   60      4.3506e+07 2.4574e+07  43.5%   158  920s
 104696 11740 3.0433e+07   60  107 4.3506e+07 2.4587e+07  43.5%   158  926s
 105342 11725     cutoff   61      4.3506e+07 2.4597e+07  43.5%   158  931s
 105748 11691 2.9162e+07   62  108 4.3506e+07 2.4605e+07  43.4%   158  935s
 106410 11655 2.5069e+07   75   74 4.3506e+07 2.4616e+07  43.4%   158  940s
 106946 11594 infeasible   71      4.3506e+07 2.4628e+07  43.4%   158  946s
 107300 11565 infeasible   75      4.3506e+07 2.4636e+07  43.4%   158  950s
 107842 11523     cutoff   71      4.3506e+07 2.4647e+07  43.3%   158  955s
 108435 11493 infeasible   60      4.3506e+07 2.4657e+07  43.3%   159  960s
 108994 11434 2.6440e+07   62   90 4.3506e+07 2.4670e+07  43.3%   159  966s
 109516 11369 2.9563e+07   71   88 4.3506e+07 2.4680e+07  43.3%   159  971s
 109914 11321     cutoff   62      4.3506e+07 2.4690e+07  43.2%   159  975s
 110497 11271 3.4461e+07   70   95 4.3506e+07 2.4702e+07  43.2%   159  980s
 111019 11207 infeasible   70      4.3506e+07 2.4716e+07  43.2%   159  986s
 111607 11148 3.4780e+07   66   53 4.3506e+07 2.4731e+07  43.2%   159  991s
 111958 11091 4.0413e+07   57   82 4.3506e+07 2.4744e+07  43.1%   159  995s
 112477 11025 3.0254e+07   64  124 4.3506e+07 2.4763e+07  43.1%   160 1001s
 113065 10980 infeasible   66      4.3506e+07 2.4779e+07  43.0%   160 1006s
 113444 10942     cutoff   59      4.3506e+07 2.4790e+07  43.0%   160 1010s
 113935 10860 infeasible   60      4.3506e+07 2.4805e+07  43.0%   160 1015s
 114493 10790     cutoff   75      4.3506e+07 2.4828e+07  42.9%   160 1020s
 115001 10708 2.5027e+07   62   99 4.3506e+07 2.4845e+07  42.9%   160 1025s
 115559 10655     cutoff   68      4.3506e+07 2.4866e+07  42.8%   160 1031s
 116080 10577     cutoff   69      4.3506e+07 2.4889e+07  42.8%   161 1036s
 116634 10514     cutoff   69      4.3506e+07 2.4913e+07  42.7%   161 1041s
 117134 10404 4.0033e+07   67   91 4.3506e+07 2.4940e+07  42.7%   161 1046s
 117669 10316 3.5825e+07   66  110 4.3506e+07 2.4970e+07  42.6%   161 1051s
 118055 10261 3.7744e+07   69  109 4.3506e+07 2.4988e+07  42.6%   161 1055s
 118632 10181 infeasible   67      4.3506e+07 2.5028e+07  42.5%   161 1060s
 119181 10085 3.7096e+07   57   80 4.3506e+07 2.5071e+07  42.4%   161 1065s
 119662  9999 infeasible   60      4.3506e+07 2.5126e+07  42.2%   162 1070s
 120180  9957 3.6959e+07   66   79 4.3506e+07 2.5181e+07  42.1%   162 1075s
 120716  9884     cutoff   62      4.3506e+07 2.5243e+07  42.0%   162 1080s
 121284  9811 3.5863e+07   70  104 4.3506e+07 2.5338e+07  41.8%   162 1085s
 121844  9757 2.7078e+07   49   77 4.3506e+07 2.5474e+07  41.4%   162 1091s
 122475  9703     cutoff   56      4.3506e+07 2.5612e+07  41.1%   162 1096s
 123070  9653 infeasible   58      4.3506e+07 2.5746e+07  40.8%   162 1101s
 123461  9612     cutoff   67      4.3506e+07 2.5841e+07  40.6%   162 1105s
 124109  9597 infeasible   74      4.3506e+07 2.5969e+07  40.3%   162 1110s
 124740  9550 2.9503e+07   49  144 4.3506e+07 2.6153e+07  39.9%   162 1116s
 125341  9481 3.4253e+07   61   89 4.3506e+07 2.6336e+07  39.5%   163 1121s
 125764  9456     cutoff   67      4.3506e+07 2.6445e+07  39.2%   163 1125s
 126437  9426 infeasible   64      4.3506e+07 2.6667e+07  38.7%   163 1130s
 127245  9436 infeasible   53      4.3506e+07 2.6819e+07  38.4%   163 1136s
 127705  9418 3.3824e+07   52   77 4.3506e+07 2.6956e+07  38.0%   163 1140s
 128454  9414 3.4722e+07   55   56 4.3506e+07 2.7129e+07  37.6%   163 1146s
 128932  9386 2.7348e+07   56  112 4.3506e+07 2.7281e+07  37.3%   162 1150s
 129553  9302 4.0791e+07   63   63 4.3506e+07 2.7515e+07  36.8%   162 1155s
 130322  9204     cutoff   58      4.3506e+07 2.7905e+07  35.9%   162 1160s
 130954  9147 3.4433e+07   69   87 4.3506e+07 2.8202e+07  35.2%   162 1166s
 131425  9154     cutoff   56      4.3506e+07 2.8373e+07  34.8%   162 1170s
 132192  9217     cutoff   52      4.3506e+07 2.8693e+07  34.0%   162 1176s
 132653  9237 infeasible   60      4.3506e+07 2.8869e+07  33.6%   162 1180s
 133347  9177 3.4548e+07   60   93 4.3506e+07 2.9125e+07  33.1%   162 1186s
 133911  9089 infeasible   58      4.3506e+07 2.9564e+07  32.0%   162 1190s
 134450  8976 3.5154e+07   69   89 4.3506e+07 2.9969e+07  31.1%   163 1195s
 134920  8910     cutoff   70      4.3506e+07 3.0547e+07  29.8%   163 1200s
 135511  8795 3.3893e+07   49  110 4.3506e+07 3.1826e+07  26.8%   163 1205s
 136343  8901 3.3118e+07   50   80 4.3506e+07 3.2543e+07  25.2%   162 1211s
 136980  9023 3.5527e+07   69   97 4.3506e+07 3.2543e+07  25.2%   162 1215s
 137717  9052 infeasible   66      4.3506e+07 3.2543e+07  25.2%   162 1221s
 138182  9046 3.3956e+07   53   98 4.3506e+07 3.2543e+07  25.2%   162 1225s
 138748  9029     cutoff   66      4.3506e+07 3.2543e+07  25.2%   162 1230s
 139430  9047     cutoff   68      4.3506e+07 3.2565e+07  25.1%   162 1236s
 140004  9115 3.4264e+07   60   55 4.3506e+07 3.2565e+07  25.1%   162 1240s
 140820  9197 3.3888e+07   44   46 4.3506e+07 3.2565e+07  25.1%   162 1245s
 141433  9168 3.4754e+07   66   91 4.3506e+07 3.2565e+07  25.1%   162 1250s
 142027  9096 3.6243e+07   65  109 4.3506e+07 3.2721e+07  24.8%   162 1255s
 142675  9081 3.3719e+07   53   80 4.3506e+07 3.2794e+07  24.6%   162 1261s
 143194  9135 3.3412e+07   61   48 4.3506e+07 3.2862e+07  24.5%   162 1265s
 144399  9533 infeasible   84      4.3506e+07 3.3013e+07  24.1%   161 1272s
 145380  9911 3.3485e+07   58   23 4.3506e+07 3.3080e+07  24.0%   161 1276s
 146387 10266 3.3156e+07   52   39 4.3506e+07 3.3113e+07  23.9%   160 1281s
 147414 10661 3.3354e+07   72   70 4.3506e+07 3.3147e+07  23.8%   160 1286s
 148286 10909 3.3629e+07   71   76 4.3506e+07 3.3172e+07  23.8%   159 1290s
 149200 11175 infeasible   63      4.3506e+07 3.3191e+07  23.7%   159 1295s
 150378 11476 3.3660e+07   55   28 4.3506e+07 3.3219e+07  23.6%   159 1301s
 151255 11702 3.3339e+07   73   26 4.3506e+07 3.3234e+07  23.6%   158 1305s
 151962 11848 3.3251e+07   51   37 4.3506e+07 3.3248e+07  23.6%   158 1310s
 153209 12160 3.4845e+07   57   76 4.3506e+07 3.3269e+07  23.5%   158 1316s
 154000 12323 3.5279e+07   61   99 4.3506e+07 3.3281e+07  23.5%   157 1320s
 155104 12592 3.3564e+07   57   64 4.3506e+07 3.3293e+07  23.5%   157 1326s
 155774 12721 3.3618e+07   55   59 4.3506e+07 3.3301e+07  23.5%   157 1330s
 156748 12868 3.3838e+07   63   61 4.3506e+07 3.3317e+07  23.4%   157 1336s
 157424 12967     cutoff   54      4.3506e+07 3.3326e+07  23.4%   156 1340s
 158441 13154     cutoff   74      4.3506e+07 3.3340e+07  23.4%   156 1346s
 159351 13261 3.3609e+07   59   69 4.3506e+07 3.3352e+07  23.3%   156 1351s
 159969 13371 3.3697e+07   50   78 4.3506e+07 3.3359e+07  23.3%   156 1355s
 160948 13514 infeasible   54      4.3506e+07 3.3368e+07  23.3%   156 1361s
 161558 13548 3.3583e+07   56   66 4.3506e+07 3.3374e+07  23.3%   155 1365s
 162428 13664 3.3816e+07   69   68 4.3506e+07 3.3382e+07  23.3%   155 1370s
 163418 13833 3.3599e+07   52   34 4.3506e+07 3.3391e+07  23.3%   155 1376s
 164067 13928     cutoff   58      4.3506e+07 3.3398e+07  23.2%   155 1380s
 164900 14072 3.4053e+07   63   73 4.3506e+07 3.3405e+07  23.2%   155 1386s
 165775 14203     cutoff   62      4.3506e+07 3.3414e+07  23.2%   155 1391s
 166343 14310 3.3577e+07   56   52 4.3506e+07 3.3421e+07  23.2%   155 1395s
 167303 14445 3.4277e+07   66   61 4.3506e+07 3.3429e+07  23.2%   154 1401s
 167883 14508     cutoff   56      4.3506e+07 3.3434e+07  23.1%   154 1405s
 168674 14613 3.3529e+07   56   57 4.3506e+07 3.3442e+07  23.1%   154 1410s
 169509 14790 3.3548e+07   62   86 4.3506e+07 3.3448e+07  23.1%   154 1416s
 170262 14825 3.3677e+07   53   34 4.3506e+07 3.3455e+07  23.1%   154 1421s
 170791 14876 4.3303e+07   57   27 4.3506e+07 3.3459e+07  23.1%   154 1425s
 171645 15015     cutoff   50      4.3506e+07 3.3466e+07  23.1%   154 1430s
 172452 15109 3.3484e+07   60   84 4.3506e+07 3.3474e+07  23.1%   154 1436s
 173033 15183 infeasible   80      4.3506e+07 3.3479e+07  23.0%   154 1440s
 173742 15223     cutoff   72      4.3506e+07 3.3485e+07  23.0%   154 1445s
 174399 15228     cutoff   64      4.3506e+07 3.3490e+07  23.0%   153 1450s
 175124 15259 3.4216e+07   61   87 4.3506e+07 3.3497e+07  23.0%   153 1455s
 176086 15257 3.4059e+07   59   30 4.3506e+07 3.3504e+07  23.0%   153 1461s
 176695 15241 infeasible   59      4.3506e+07 3.3511e+07  23.0%   153 1466s
 177442 15283 infeasible   48      4.3506e+07 3.3517e+07  23.0%   153 1471s
 177965 15316 infeasible   57      4.3506e+07 3.3521e+07  23.0%   153 1475s
 178655 15350 3.3531e+07   53   68 4.3506e+07 3.3526e+07  22.9%   153 1480s
 179293 15356 infeasible   62      4.3506e+07 3.3531e+07  22.9%   153 1485s
 179919 15364 infeasible   56      4.3506e+07 3.3537e+07  22.9%   153 1490s
 180835 15419     cutoff   69      4.3506e+07 3.3543e+07  22.9%   153 1496s
 181524 15406 3.3880e+07   56   40 4.3506e+07 3.3549e+07  22.9%   153 1501s
 182151 15391 3.3556e+07   54   96 4.3506e+07 3.3553e+07  22.9%   153 1507s
 182578 15405 3.3930e+07   58   81 4.3506e+07 3.3557e+07  22.9%   153 1510s
 183160 15377 infeasible   74      4.3506e+07 3.3562e+07  22.9%   153 1515s
 184013 15419 infeasible   62      4.3506e+07 3.3569e+07  22.8%   153 1521s
 184574 15374 3.4712e+07   62   98 4.3506e+07 3.3573e+07  22.8%   153 1526s
 185146 15339 3.7765e+07   66   86 4.3506e+07 3.3578e+07  22.8%   153 1530s
 185750 15342 3.5939e+07   66   79 4.3506e+07 3.3582e+07  22.8%   153 1535s
 186499 15290 3.3795e+07   53   47 4.3506e+07 3.3589e+07  22.8%   153 1540s
 187092 15282     cutoff   53      4.3506e+07 3.3593e+07  22.8%   153 1545s
 187671 15290 3.3734e+07   69   60 4.3506e+07 3.3597e+07  22.8%   153 1550s
 188409 15239     cutoff   69      4.3506e+07 3.3604e+07  22.8%   153 1556s
 189006 15239 3.4627e+07   69   66 4.3506e+07 3.3607e+07  22.8%   153 1560s
 189533 15198 3.3805e+07   65   63 4.3506e+07 3.3612e+07  22.7%   153 1565s
 190218 15095 infeasible   60      4.3506e+07 3.3617e+07  22.7%   153 1571s
 190721 15036     cutoff   56      4.3506e+07 3.3622e+07  22.7%   153 1575s
 191348 14937 infeasible   56      4.3506e+07 3.3628e+07  22.7%   153 1580s
 191857 14881 infeasible   55      4.3506e+07 3.3633e+07  22.7%   153 1585s
 192573 14823 infeasible   58      4.3506e+07 3.3637e+07  22.7%   153 1590s
 193204 14727 3.4093e+07   51   75 4.3506e+07 3.3644e+07  22.7%   153 1596s
 193881 14702 infeasible   49      4.3506e+07 3.3648e+07  22.7%   153 1600s
 194545 14592     cutoff   62      4.3506e+07 3.3653e+07  22.6%   153 1605s
 195086 14476 infeasible   55      4.3506e+07 3.3658e+07  22.6%   153 1610s
 195748 14403 3.4001e+07   57   43 4.3506e+07 3.3665e+07  22.6%   153 1615s
 196319 14404 3.3848e+07   59   62 4.3506e+07 3.3669e+07  22.6%   153 1620s
 196938 14318     cutoff   52      4.3506e+07 3.3675e+07  22.6%   153 1625s
 197605 14264 infeasible   72      4.3506e+07 3.3681e+07  22.6%   153 1630s
 198263 14205     cutoff   59      4.3506e+07 3.3687e+07  22.6%   153 1636s
 198751 14155     cutoff   50      4.3506e+07 3.3691e+07  22.6%   153 1640s
 199414 14080 3.3820e+07   62   52 4.3506e+07 3.3696e+07  22.5%   154 1645s
 199902 14008 infeasible   55      4.3506e+07 3.3700e+07  22.5%   154 1650s
 200603 13941 infeasible   61      4.3506e+07 3.3706e+07  22.5%   154 1655s
 201194 13868 3.3898e+07   55   63 4.3506e+07 3.3712e+07  22.5%   154 1660s
 201801 13752 3.5063e+07   58   65 4.3506e+07 3.3718e+07  22.5%   154 1665s
 202392 13657     cutoff   59      4.3506e+07 3.3724e+07  22.5%   154 1671s
 202993 13558     cutoff   55      4.3506e+07 3.3729e+07  22.5%   154 1676s
 203494 13497 3.3942e+07   61   81 4.3506e+07 3.3734e+07  22.5%   154 1680s
 204068 13384 3.3912e+07   59   67 4.3506e+07 3.3740e+07  22.4%   154 1685s
 204709 13326 infeasible   70      4.3506e+07 3.3746e+07  22.4%   154 1690s
 205334 13230 3.3858e+07   46   43 4.3506e+07 3.3752e+07  22.4%   154 1696s
 205777 13133 3.4079e+07   65   64 4.3506e+07 3.3758e+07  22.4%   154 1700s
 206497 13013 infeasible   64      4.3506e+07 3.3766e+07  22.4%   154 1706s
 206939 12928 3.4097e+07   58   30 4.3506e+07 3.3770e+07  22.4%   154 1710s
 207415 12864 3.3990e+07   57   66 4.3506e+07 3.3774e+07  22.4%   154 1715s
 207994 12751 3.3800e+07   66   79 4.3506e+07 3.3780e+07  22.4%   154 1720s
 208573 12631 infeasible   61      4.3506e+07 3.3786e+07  22.3%   154 1725s
 209156 12511 3.3936e+07   59   74 4.3506e+07 3.3792e+07  22.3%   154 1730s
 209758 12376     cutoff   61      4.3506e+07 3.3799e+07  22.3%   154 1735s
 210342 12276 3.3892e+07   63   93 4.3506e+07 3.3804e+07  22.3%   155 1741s
 210878 12155 3.4013e+07   58   60 4.3506e+07 3.3810e+07  22.3%   155 1745s
 211500 12003 infeasible   55      4.3506e+07 3.3817e+07  22.3%   155 1751s
 212034 11890 infeasible   57      4.3506e+07 3.3824e+07  22.3%   155 1755s
 212510 11756 infeasible   62      4.3506e+07 3.3830e+07  22.2%   155 1760s
 213055 11668 3.4414e+07   65   73 4.3506e+07 3.3837e+07  22.2%   155 1765s
 213509 11522 3.4171e+07   63   59 4.3506e+07 3.3844e+07  22.2%   155 1770s
 214159 11370 infeasible   56      4.3506e+07 3.3852e+07  22.2%   155 1776s
 214724 11249 infeasible   56      4.3506e+07 3.3859e+07  22.2%   155 1781s
 215193 11185 infeasible   56      4.3506e+07 3.3864e+07  22.2%   155 1785s
 215718 11052 3.3893e+07   55   52 4.3506e+07 3.3870e+07  22.1%   155 1791s
 216262 10923 3.4010e+07   63   37 4.3506e+07 3.3877e+07  22.1%   155 1795s
 216776 10815 infeasible   63      4.3506e+07 3.3884e+07  22.1%   155 1800s
 217368 10715     cutoff   63      4.3506e+07 3.3892e+07  22.1%   155 1806s
 217863 10609     cutoff   54      4.3506e+07 3.3898e+07  22.1%   155 1810s
 218368 10505 3.4114e+07   74   63 4.3506e+07 3.3904e+07  22.1%   155 1815s
 218914 10401     cutoff   62      4.3506e+07 3.3911e+07  22.1%   155 1820s
 219527 10265 3.4228e+07   62   63 4.3506e+07 3.3919e+07  22.0%   155 1825s
 220042 10146 3.4441e+07   61   67 4.3506e+07 3.3926e+07  22.0%   156 1830s
 220463 10002 3.4452e+07   59   74 4.3506e+07 3.3935e+07  22.0%   156 1835s
 221107  9853     cutoff   64      4.3506e+07 3.3944e+07  22.0%   156 1840s
 221617  9732     cutoff   65      4.3506e+07 3.3951e+07  22.0%   156 1845s
 222142  9559 3.4230e+07   58   94 4.3506e+07 3.3960e+07  21.9%   156 1850s
 222616  9373 infeasible   53      4.3506e+07 3.3970e+07  21.9%   156 1855s
 223074  9238 infeasible   67      4.3506e+07 3.3978e+07  21.9%   156 1860s
 223613  9083 infeasible   52      4.3506e+07 3.3989e+07  21.9%   156 1866s
 223962  9000 3.4006e+07   63   72 4.3506e+07 3.3996e+07  21.9%   156 1870s
 224592  8788     cutoff   61      4.3506e+07 3.4008e+07  21.8%   156 1875s
 225115  8616 3.4168e+07   60   92 4.3506e+07 3.4016e+07  21.8%   156 1880s
 225577  8482     cutoff   53      4.3506e+07 3.4024e+07  21.8%   156 1885s
 226076  8365 infeasible   63      4.3506e+07 3.4033e+07  21.8%   156 1890s
 226568  8240     cutoff   77      4.3506e+07 3.4042e+07  21.8%   156 1895s
 227070  8067     cutoff   60      4.3506e+07 3.4053e+07  21.7%   156 1900s
 227499  7924 infeasible   55      4.3506e+07 3.4063e+07  21.7%   157 1905s
 227960  7789     cutoff   59      4.3506e+07 3.4072e+07  21.7%   157 1910s
 228484  7619 3.4250e+07   69   50 4.3506e+07 3.4082e+07  21.7%   157 1915s
 229119  7391 infeasible   55      4.3506e+07 3.4096e+07  21.6%   157 1921s
 229528  7244 3.4747e+07   60   84 4.3506e+07 3.4106e+07  21.6%   157 1925s
 230059  7062     cutoff   73      4.3506e+07 3.4121e+07  21.6%   157 1930s
 230550  6888 3.4574e+07   66   96 4.3506e+07 3.4135e+07  21.5%   157 1936s
 230919  6799     cutoff   72      4.3506e+07 3.4144e+07  21.5%   157 1941s
 231269  6688 3.4197e+07   51   19 4.3506e+07 3.4151e+07  21.5%   157 1945s
 231683  6547 infeasible   58      4.3506e+07 3.4161e+07  21.5%   157 1950s
 232141  6355     cutoff   63      4.3506e+07 3.4179e+07  21.4%   157 1955s
 232440  6251     cutoff   61      4.3506e+07 3.4188e+07  21.4%   157 1960s
 232860  6111 infeasible   69      4.3506e+07 3.4200e+07  21.4%   157 1965s
 233308  5981 infeasible   56      4.3506e+07 3.4213e+07  21.4%   157 1970s
 233795  5846     cutoff   63      4.3506e+07 3.4230e+07  21.3%   157 1975s
 234220  5670 infeasible   68      4.3506e+07 3.4245e+07  21.3%   157 1980s
 234713  5490 infeasible   71      4.3506e+07 3.4263e+07  21.2%   158 1985s
 235214  5339 3.4340e+07   56   83 4.3506e+07 3.4282e+07  21.2%   158 1990s
 235764  5109 infeasible   60      4.3506e+07 3.4303e+07  21.2%   158 1995s
 236315  4895     cutoff   58      4.3506e+07 3.4329e+07  21.1%   158 2000s
 236752  4709     cutoff   61      4.3506e+07 3.4348e+07  21.0%   158 2005s
 237343  4496     cutoff   60      4.3506e+07 3.4378e+07  21.0%   158 2010s
 237871  4281 3.4938e+07   74   72 4.3506e+07 3.4404e+07  20.9%   158 2015s
 238347  4109 infeasible   55      4.3506e+07 3.4431e+07  20.9%   158 2020s
 238823  3922 3.4793e+07   73   56 4.3506e+07 3.4461e+07  20.8%   158 2025s
 239256  3741     cutoff   68      4.3506e+07 3.4497e+07  20.7%   158 2030s
 239683  3511     cutoff   64      4.3506e+07 3.4541e+07  20.6%   158 2035s
 240234  3284 infeasible   72      4.3506e+07 3.4588e+07  20.5%   158 2040s
 240656  3039 3.6965e+07   64   99 4.3506e+07 3.4642e+07  20.4%   158 2045s
 241065  2834     cutoff   60      4.3506e+07 3.4693e+07  20.3%   158 2050s
 241682  2515     cutoff   55      4.3506e+07 3.4817e+07  20.0%   159 2056s
 242063  2316     cutoff   56      4.3506e+07 3.4910e+07  19.8%   159 2060s
 242593  2084     cutoff   68      4.3506e+07 3.5060e+07  19.4%   159 2065s
 243180  1877     cutoff   64      4.3506e+07 3.5307e+07  18.8%   159 2070s
 243769  1605 3.5728e+07   68   82 4.3506e+07 3.5728e+07  17.9%   159 2075s
 244335  1289 infeasible   67      4.3506e+07 3.6695e+07  15.7%   159 2080s
 245027  1017     cutoff   65      4.3506e+07 3.8525e+07  11.4%   159 2085s
 245846   676     cutoff   56      4.3506e+07 4.2541e+07  2.22%   158 2090s
 246919   714 4.3451e+07   64   11 4.3506e+07 4.3004e+07  1.15%   158 2095s
 248053   593 4.3224e+07   72   19 4.3506e+07 4.3157e+07  0.80%   158 2100s
 249167   293     cutoff   62      4.3506e+07 4.3298e+07  0.48%   157 2105s

Cutting planes:
  Learned: 2
  Gomory: 15
  Cover: 17
  Implied bound: 766
  Clique: 19
  MIR: 251
  Flow cover: 365
  GUB cover: 23
  Zero half: 89

Explored 249641 nodes (39305935 simplex iterations) in 2106.86 seconds
Thread count was 2 (of 4 available processors)

Optimal solution found (tolerance 1.00e-04)
Best objective 4.350580000000e+07, best bound 4.350580000000e+07, gap 0.0%
k_c1	100000.0
k_c10	40000.0
k_c2	80000.0
k_c3	60000.0
k_c4	50000.0
k_c5	70000.0
k_c6	100000.0
k_c7	50000.0
k_c8	100000.0
k_c9	90000.0
k_dN	0.0
kDash_c1	80000.0
kDash_c10	50000.0
kDash_c2	20000.0
kDash_c3	0.0
kDash_c4	10000.0
kDash_c5	0.0
kDash_c6	40000.0
kDash_c7	70000.0
kDash_c8	50000.0
kDash_c9	60000.0
o_1	0.0
o_10	1.0
o_2	0.0
o_3	0.0
o_4	0.0
o_5	0.0
o_6	0.0
o_7	1.0
o_8	0.0
o_9	0.0
p_1	0.0
p_10	1.0
p_2	0.0
p_3	0.0
p_4	1.0
p_5	0.0
p_6	0.0
p_7	1.0
p_8	0.0
p_9	0.0
phi_c1	200552.0
phi_c10	51754.0
phi_c2	198137.0
phi_c3	14685.0
phi_c4	39458.0
phi_c5	20940.0
phi_c6	136549.0
phi_c7	188269.0
phi_c8	202940.0
phi_c9	22312.0
phi_d0	220000.0
phi_dN	0.0
pi_c1	20000.0
pi_c10	200000.0
pi_c2	120000.0
pi_c3	100000.0
pi_c4	90000.0
pi_c5	100000.0
pi_c6	150000.0
pi_c7	140000.0
pi_c8	50000.0
pi_c9	120000.0
pi_dN	0.0
tauD_c1	100000.0
tauD_c10	260800.0
tauD_c2	300000.0
tauD_c3	807350.0
tauD_c4	456750.0
tauD_c5	650000.0
tauD_c6	100000.0
tauD_c7	364825.0
tauD_c8	250000.0
tauD_c9	718850.0
tauD_d0	0.0
tauD_dN	1000000.0
tauS_c1	73175.0
tauS_c10	47750.0
tauS_c2	64225.0
tauS_c3	0.0
tauS_c4	544700.0
tauS_c5	201625.0
tauS_c6	0.0
tauS_c7	417125.0
tauS_c8	22525.0
tauS_c9	0.0
tauS_d0	0.0
tauS_dN	647750.0
x_c10_c4	1.0
x_c1_c2	1.0
x_c2_dN	1.0
x_c3_dN	1.0
x_c4_c9	1.0
x_c5_dN	1.0
x_c6_c10	1.0
x_c7_c5	1.0
x_c8_c7	1.0
x_c9_c3	1.0
x_d0_c1	1.0
x_d0_c6	1.0
x_d0_c8	1.0
z_c10_c7	1.0
z_c4_dN	1.0
z_c7_c4	1.0
z_d0_c10	1.0
