
Gurobi 6.0.4 (win64) logging started 06/16/15 21:38:59

Read LP format model from file C:\MT\repository\VRPTWMS\instances\mip\freight\N10-C_DV10-C_SV50_F22_9_No_1.lp
Reading time = 0.01 seconds
(null): 521 rows, 309 columns, 2253 nonzeros
Optimize a model with 521 rows, 309 columns and 2253 nonzeros
Model has 1210 quadratic constraints
Coefficient statistics:
  Matrix range    [1e+00, 1e+06]
  Objective range [4e+04, 1e+07]
  Bounds range    [1e+00, 1e+06]
  RHS range       [1e+00, 1e+06]
Presolve removed 72 rows and 32 columns
Presolve time: 0.10s
Presolved: 2959 rows, 1582 columns, 14025 nonzeros
Variable types: 1205 continuous, 377 integer (313 binary)
Found heuristic solution: objective 1.035078e+08

Root relaxation: objective 3.714919e+06, 279 iterations, 0.01 seconds

    Nodes    |    Current Node    |     Objective Bounds      |     Work
 Expl Unexpl |  Obj  Depth IntInf | Incumbent    BestBd   Gap | It/Node Time

     0     0 3714919.40    0   68 1.0351e+08 3714919.40  96.4%     -    0s
H    0     0                    4.248740e+07 3714919.40  91.3%     -    0s
     0     0 9916170.48    0   58 4.2487e+07 9916170.48  76.7%     -    0s
     0     0 1.0048e+07    0   76 4.2487e+07 1.0048e+07  76.4%     -    0s
     0     0 1.0049e+07    0   85 4.2487e+07 1.0049e+07  76.3%     -    0s
     0     0 1.0049e+07    0   82 4.2487e+07 1.0049e+07  76.3%     -    0s
     0     0 1.0049e+07    0   84 4.2487e+07 1.0049e+07  76.3%     -    0s
     0     0 1.0049e+07    0   83 4.2487e+07 1.0049e+07  76.3%     -    0s
     0     0 1.0049e+07    0   83 4.2487e+07 1.0049e+07  76.3%     -    0s
     0     0 1.0049e+07    0   85 4.2487e+07 1.0049e+07  76.3%     -    0s
     0     0 1.0049e+07    0   85 4.2487e+07 1.0049e+07  76.3%     -    0s
H    0     0                    4.225220e+07 1.0049e+07  76.2%     -    0s
     0     2 1.0049e+07    0   84 4.2252e+07 1.0049e+07  76.2%     -    0s
*  691   375              27    3.305680e+07 1.1071e+07  66.5%  60.6    2s
   766   422 2.2032e+07   21  112 3.3057e+07 1.1126e+07  66.3%  56.8    5s
H 1164   552                    3.248690e+07 1.1847e+07  63.5%  46.7    9s
  1301   608 2.3329e+07   34   64 3.2487e+07 1.1871e+07  63.5%  51.3   10s
  2169   820 2.3149e+07   46   49 3.2487e+07 1.2112e+07  62.7%  76.2   15s
  3058  1222 2.4101e+07   42   45 3.2487e+07 1.2238e+07  62.3%  86.4   20s
H 3416  1311                    3.233720e+07 1.2280e+07  62.0%  92.5   22s
  3705  1391 2.2938e+07   33   19 3.2337e+07 1.2315e+07  61.9%  95.6   25s
  4464  1599 2.2933e+07   37   77 3.2337e+07 1.2406e+07  61.6%   101   30s
  5160  1691 infeasible   35      3.2337e+07 1.2500e+07  61.3%   107   35s
  5876  1776 infeasible   34      3.2337e+07 1.2588e+07  61.1%   111   40s
  6509  1855     cutoff   38      3.2337e+07 1.2692e+07  60.8%   116   45s
  7140  1924 infeasible   44      3.2337e+07 1.2811e+07  60.4%   119   50s
  7281  1965 1.2830e+07   30   67 3.2337e+07 1.2830e+07  60.3%   120   55s
  7609  2058 2.2506e+07   37   25 3.2337e+07 1.2830e+07  60.3%   120   60s
  8917  2105 1.2830e+07   45   87 3.2337e+07 1.2830e+07  60.3%   115   65s
  9878  2142 2.2464e+07   43   59 3.2337e+07 1.2830e+07  60.3%   114   71s
 10875  2095 infeasible   54      3.2337e+07 1.2830e+07  60.3%   113   75s
 11933  2000     cutoff   47      3.2337e+07 1.2830e+07  60.3%   112   81s
 12872  1868 2.3498e+07   49   65 3.2337e+07 1.2830e+07  60.3%   114   86s
 13650  1951 infeasible   49      3.2337e+07 1.2830e+07  60.3%   115   90s
 14409  2065 1.4502e+07   44   78 3.2337e+07 1.2830e+07  60.3%   115   95s
 14700  2153 2.2874e+07   41   85 3.2337e+07 1.2830e+07  60.3%   116  102s
 14708  2158 1.2830e+07   47  107 3.2337e+07 1.2830e+07  60.3%   116  105s
 14719  2166 1.2830e+07   48  129 3.2337e+07 1.2830e+07  60.3%   115  110s
 14731  2174 2.3358e+07   60  123 3.2337e+07 1.2830e+07  60.3%   115  115s
 14743  2182 2.2602e+07   46  147 3.2337e+07 1.2830e+07  60.3%   115  120s
 14760  2198 1.2830e+07   45   80 3.2337e+07 1.2830e+07  60.3%   116  125s
 15200  2266 1.2830e+07   47  100 3.2337e+07 1.2830e+07  60.3%   115  131s
 15883  2316 infeasible   54      3.2337e+07 1.2830e+07  60.3%   115  135s
 16831  2330 1.2830e+07   46   74 3.2337e+07 1.2830e+07  60.3%   115  141s
 17481  2359 2.2802e+07   57   67 3.2337e+07 1.2830e+07  60.3%   115  145s
 18560  2392 infeasible   64      3.2337e+07 1.2830e+07  60.3%   115  151s
 19241  2373 1.6366e+07   51   86 3.2337e+07 1.2830e+07  60.3%   116  156s
 19999  2369 infeasible   65      3.2337e+07 1.2830e+07  60.3%   116  160s
 20745  2365 1.4234e+07   61   84 3.2337e+07 1.2830e+07  60.3%   116  166s
 21282  2347     cutoff   64      3.2337e+07 1.2830e+07  60.3%   117  171s
 21958  2483     cutoff   66      3.2337e+07 1.2830e+07  60.3%   117  177s
 22759  2671 1.2910e+07   56   83 3.2337e+07 1.2830e+07  60.3%   118  182s
 23100  2734     cutoff   59      3.2337e+07 1.2830e+07  60.3%   118  185s
 23937  2983     cutoff   60      3.2337e+07 1.2830e+07  60.3%   118  191s
 24623  3145 2.3281e+07   69   87 3.2337e+07 1.2830e+07  60.3%   119  197s
 25018  3252 2.2559e+07   57   80 3.2337e+07 1.2830e+07  60.3%   120  200s
 25707  3447 2.3115e+07   72   90 3.2337e+07 1.2830e+07  60.3%   121  206s
 26455  3602 1.7978e+07   64   76 3.2337e+07 1.2830e+07  60.3%   121  211s
 26786  3682 2.2928e+07   63   80 3.2337e+07 1.2830e+07  60.3%   121  215s
 27353  3786     cutoff   62      3.2337e+07 1.2830e+07  60.3%   122  220s
 27930  3910 infeasible   74      3.2337e+07 1.2830e+07  60.3%   123  225s
 28614  4023 1.3671e+07   63   92 3.2337e+07 1.2830e+07  60.3%   123  230s
 29210  4176 1.4099e+07   54   97 3.2337e+07 1.2830e+07  60.3%   124  236s
 29816  4303     cutoff   62      3.2337e+07 1.2830e+07  60.3%   124  241s
 30442  4412 1.5363e+07   64   83 3.2337e+07 1.2838e+07  60.3%   125  246s
 31036  4533     cutoff   81      3.2337e+07 1.2848e+07  60.3%   125  251s
 31587  4632 infeasible   62      3.2337e+07 1.2860e+07  60.2%   126  256s
 32149  4727 2.3286e+07   70  116 3.2337e+07 1.2871e+07  60.2%   126  260s
 32711  4831 2.2852e+07   62   87 3.2337e+07 1.2882e+07  60.2%   127  265s
 33497  4983 2.2753e+07   67   71 3.2337e+07 1.2899e+07  60.1%   128  272s
 34021  5077 1.7725e+07   52  106 3.2337e+07 1.2910e+07  60.1%   128  276s
 34573  5212 infeasible   69      3.2337e+07 1.2920e+07  60.0%   128  281s
 35039  5305 2.3109e+07   69   73 3.2337e+07 1.2930e+07  60.0%   129  286s
 35540  5385 infeasible   71      3.2337e+07 1.2941e+07  60.0%   130  291s
 36059  5429 2.3105e+07   62   70 3.2337e+07 1.2951e+07  59.9%   130  295s
 36524  5479 infeasible   70      3.2337e+07 1.2963e+07  59.9%   131  300s
 37216  5585 infeasible   81      3.2337e+07 1.2974e+07  59.9%   131  307s
 37713  5649     cutoff   74      3.2337e+07 1.2984e+07  59.8%   132  311s
 38213  5708 infeasible   76      3.2337e+07 1.2995e+07  59.8%   132  316s
 38665  5775     cutoff   73      3.2337e+07 1.3001e+07  59.8%   133  321s
 39051  5801 2.2877e+07   60  126 3.2337e+07 1.3009e+07  59.8%   133  326s
 39523  5837     cutoff   72      3.2337e+07 1.3019e+07  59.7%   134  331s
 39938  5869 2.8818e+07   71   90 3.2337e+07 1.3025e+07  59.7%   134  335s
 40666  5942 infeasible   57      3.2337e+07 1.3044e+07  59.7%   135  341s
 41148  6011 2.2630e+07   57   58 3.2337e+07 1.3054e+07  59.6%   135  345s
 41864  6101 2.3906e+07   61   83 3.2337e+07 1.3066e+07  59.6%   136  351s
 42316  6112 2.3295e+07   75   95 3.2337e+07 1.3080e+07  59.6%   136  355s
 43062  6193 2.9102e+07   74   97 3.2337e+07 1.3094e+07  59.5%   137  361s
 43550  6221 2.3400e+07   69   87 3.2337e+07 1.3101e+07  59.5%   137  365s
 44266  6287 infeasible   73      3.2337e+07 1.3114e+07  59.4%   138  372s
 44689  6335 1.3924e+07   75  118 3.2337e+07 1.3120e+07  59.4%   138  376s
 45293  6372 1.5510e+07   72   95 3.2337e+07 1.3133e+07  59.4%   139  381s
 45728  6401 infeasible   69      3.2337e+07 1.3142e+07  59.4%   139  385s
 46175  6415     cutoff   68      3.2337e+07 1.3154e+07  59.3%   139  390s
 46771  6414 2.3103e+07   70   80 3.2337e+07 1.3171e+07  59.3%   140  396s
 47206  6419 1.6538e+07   78  108 3.2337e+07 1.3183e+07  59.2%   140  400s
 47672  6441 1.8654e+07   66   96 3.2337e+07 1.3195e+07  59.2%   141  405s
 48283  6447 infeasible   71      3.2337e+07 1.3212e+07  59.1%   141  411s
 48696  6459 infeasible   61      3.2337e+07 1.3220e+07  59.1%   141  415s
 49306  6472 2.6012e+07   69   90 3.2337e+07 1.3239e+07  59.1%   142  421s
 49735  6488 2.3404e+07   65  100 3.2337e+07 1.3251e+07  59.0%   142  425s
 50344  6462 infeasible   62      3.2337e+07 1.3272e+07  59.0%   143  431s
 50757  6459 infeasible   72      3.2337e+07 1.3287e+07  58.9%   143  435s
 51334  6432     cutoff   71      3.2337e+07 1.3310e+07  58.8%   144  441s
 51789  6405 infeasible   66      3.2337e+07 1.3328e+07  58.8%   144  445s
 52480  6405     cutoff   69      3.2337e+07 1.3348e+07  58.7%   144  452s
 52905  6415 2.9627e+07   61  107 3.2337e+07 1.3367e+07  58.7%   145  455s
 53513  6399 1.9029e+07   69  119 3.2337e+07 1.3390e+07  58.6%   145  461s
 53938  6417 1.3434e+07   60   74 3.2337e+07 1.3401e+07  58.6%   145  465s
 54641  6432 infeasible   75      3.2337e+07 1.3421e+07  58.5%   146  471s
 54993  6408 infeasible   64      3.2337e+07 1.3436e+07  58.4%   146  476s
 55335  6384     cutoff   75      3.2337e+07 1.3449e+07  58.4%   146  480s
 56006  6380 infeasible   71      3.2337e+07 1.3486e+07  58.3%   147  486s
 56443  6385 2.4617e+07   69  100 3.2337e+07 1.3507e+07  58.2%   147  490s
 57066  6381 2.9065e+07   62   95 3.2337e+07 1.3531e+07  58.2%   147  496s
 57465  6373 1.6508e+07   64  111 3.2337e+07 1.3553e+07  58.1%   148  500s
 58177  6382     cutoff   79      3.2337e+07 1.3585e+07  58.0%   148  506s
 58601  6372 infeasible   67      3.2337e+07 1.3621e+07  57.9%   148  510s
 59232  6331 2.3707e+07   65   84 3.2337e+07 1.3662e+07  57.8%   148  516s
 59899  6336     cutoff   66      3.2337e+07 1.3709e+07  57.6%   149  521s
 60398  6358 2.2978e+07   68   72 3.2337e+07 1.3731e+07  57.5%   149  525s
 61097  6343 2.3881e+07   79   85 3.2337e+07 1.3788e+07  57.4%   149  532s
 61596  6372 infeasible   72      3.2337e+07 1.3830e+07  57.2%   149  536s
 62011  6377 2.3147e+07   76  103 3.2337e+07 1.3854e+07  57.2%   149  540s
 62627  6362 2.3539e+07   74  102 3.2337e+07 1.3906e+07  57.0%   150  546s
 63286  6387 infeasible   70      3.2337e+07 1.3947e+07  56.9%   150  551s
 63816  6396 2.9550e+07   64  102 3.2337e+07 1.3997e+07  56.7%   150  555s
 64439  6384     cutoff   66      3.2337e+07 1.4051e+07  56.5%   150  561s
 64857  6358 2.4793e+07   79   91 3.2337e+07 1.4101e+07  56.4%   150  565s
 65528  6327 infeasible   78      3.2337e+07 1.4171e+07  56.2%   151  570s
 66288  6331 2.4029e+07   66  100 3.2337e+07 1.4261e+07  55.9%   151  576s
 66735  6315 2.3138e+07   59   70 3.2337e+07 1.4325e+07  55.7%   151  580s
 67465  6341 2.3666e+07   67   55 3.2337e+07 1.4425e+07  55.4%   151  585s
 68136  6310 2.3347e+07   79   74 3.2337e+07 1.4540e+07  55.0%   151  591s
 68650  6350     cutoff   76      3.2337e+07 1.4598e+07  54.9%   151  595s
 69379  6331 3.0191e+07   65   65 3.2337e+07 1.4699e+07  54.5%   152  600s
 70084  6280 2.3142e+07   65  116 3.2337e+07 1.4804e+07  54.2%   152  605s
 70591  6289 1.5369e+07   77  104 3.2337e+07 1.4870e+07  54.0%   152  610s
 71225  6280 1.6450e+07   67  102 3.2337e+07 1.4966e+07  53.7%   152  616s
 71765  6267 2.2958e+07   79   73 3.2337e+07 1.5018e+07  53.6%   152  620s
 72517  6272 2.0230e+07   63   91 3.2337e+07 1.5170e+07  53.1%   152  626s
 73059  6271     cutoff   55      3.2337e+07 1.5238e+07  52.9%   152  630s
 73858  6273     cutoff   62      3.2337e+07 1.5369e+07  52.5%   152  637s
 74341  6268     cutoff   67      3.2337e+07 1.5440e+07  52.3%   152  640s
 75111  6196 infeasible   58      3.2337e+07 1.5569e+07  51.9%   152  646s
 75569  6176 1.7292e+07   74  100 3.2337e+07 1.5653e+07  51.6%   152  650s
 76278  6124 2.2822e+07   70   61 3.2337e+07 1.5756e+07  51.3%   152  656s
 77055  6082 1.6831e+07   60  102 3.2337e+07 1.5868e+07  50.9%   152  661s
 77599  6054     cutoff   62      3.2337e+07 1.5975e+07  50.6%   152  665s
 78307  5990 1.8421e+07   58   77 3.2337e+07 1.6131e+07  50.1%   152  670s
 78988  5927 infeasible   75      3.2337e+07 1.6229e+07  49.8%   152  676s
 79677  5900     cutoff   71      3.2337e+07 1.6335e+07  49.5%   152  681s
 80376  5864 2.3045e+07   78   86 3.2337e+07 1.6502e+07  49.0%   152  686s
 80833  5828 2.2943e+07   57   66 3.2337e+07 1.6630e+07  48.6%   152  690s
 81715  5761 2.3329e+07   71   97 3.2337e+07 1.6884e+07  47.8%   152  696s
 82327  5706     cutoff   65      3.2337e+07 1.7126e+07  47.0%   153  701s
 82974  5646 3.2286e+07   72  114 3.2337e+07 1.7381e+07  46.3%   153  706s
 83479  5665 2.3892e+07   60  116 3.2337e+07 1.7455e+07  46.0%   153  710s
 84359  5708 2.2588e+07   58   70 3.2337e+07 1.7797e+07  45.0%   152  715s
 84970  5640 1.8016e+07   66   63 3.2337e+07 1.8016e+07  44.3%   152  720s
 85759  5628     cutoff   56      3.2337e+07 1.8338e+07  43.3%   152  725s
 86333  5539 2.3823e+07   63  102 3.2337e+07 1.8629e+07  42.4%   152  730s
 87050  5432     cutoff   75      3.2337e+07 1.9246e+07  40.5%   152  735s
 87593  5349 2.3322e+07   70  106 3.2337e+07 1.9763e+07  38.9%   153  740s
 88260  5221 2.0558e+07   59  108 3.2337e+07 2.0528e+07  36.5%   153  745s
 89006  5140 2.3492e+07   53   78 3.2337e+07 2.1641e+07  33.1%   153  750s
 90188  5549 2.2763e+07   73   50 3.2337e+07 2.1936e+07  32.2%   152  757s
 90911  5654     cutoff   60      3.2337e+07 2.2021e+07  31.9%   152  761s
 91774  5792     cutoff   59      3.2337e+07 2.2073e+07  31.7%   151  766s
 92779  5970 2.2786e+07   60   70 3.2337e+07 2.2131e+07  31.6%   151  771s
 93818  6235 2.2961e+07   74   85 3.2337e+07 2.2173e+07  31.4%   150  776s
 94288  6252 2.3383e+07   86   51 3.2337e+07 2.2187e+07  31.4%   150  780s
 95470  6364 2.4947e+07   64   75 3.2337e+07 2.2235e+07  31.2%   150  786s
 96233  6521     cutoff   68      3.2337e+07 2.2255e+07  31.2%   150  790s
 96919  6616 2.2386e+07   65   76 3.2337e+07 2.2275e+07  31.1%   149  796s
 97566  6705 2.2509e+07   77   43 3.2337e+07 2.2293e+07  31.1%   149  800s
 98441  6781 2.2600e+07   61   50 3.2337e+07 2.2315e+07  31.0%   149  805s
 99164  6809 infeasible   57      3.2337e+07 2.2330e+07  30.9%   149  810s
 99921  6829 2.2593e+07   65   51 3.2337e+07 2.2346e+07  30.9%   148  815s
 100662  6881 2.2439e+07   58   52 3.2337e+07 2.2360e+07  30.9%   148  820s
 101427  6923 infeasible   64      3.2337e+07 2.2373e+07  30.8%   148  825s
 102153  6946     cutoff   70      3.2337e+07 2.2386e+07  30.8%   148  830s
 102976  6914 2.2779e+07   64   37 3.2337e+07 2.2404e+07  30.7%   148  835s
 103685  6945     cutoff   64      3.2337e+07 2.2416e+07  30.7%   148  840s
 104350  6961 2.2676e+07   56   77 3.2337e+07 2.2429e+07  30.6%   148  845s
 105017  6958 2.3527e+07   74   58 3.2337e+07 2.2442e+07  30.6%   148  850s
 105658  6957     cutoff   65      3.2337e+07 2.2453e+07  30.6%   148  855s
 106430  6898 infeasible   64      3.2337e+07 2.2467e+07  30.5%   148  861s
 107134  6834 2.2618e+07   77   63 3.2337e+07 2.2483e+07  30.5%   148  866s
 107647  6770 2.2714e+07   70   59 3.2337e+07 2.2492e+07  30.4%   148  871s
 108190  6718 2.2810e+07   71   39 3.2337e+07 2.2503e+07  30.4%   148  876s
 108831  6622 infeasible   78      3.2337e+07 2.2518e+07  30.4%   148  881s
 109326  6566     cutoff   65      3.2337e+07 2.2528e+07  30.3%   148  885s
 110083  6471 infeasible   67      3.2337e+07 2.2544e+07  30.3%   148  890s
 110489  6391 infeasible   57      3.2337e+07 2.2556e+07  30.2%   148  895s
 111132  6320 infeasible   53      3.2337e+07 2.2570e+07  30.2%   148  900s
 111732  6227 infeasible   66      3.2337e+07 2.2584e+07  30.2%   148  905s
 112316  6132     cutoff   72      3.2337e+07 2.2598e+07  30.1%   148  910s
 112851  6032 infeasible   67      3.2337e+07 2.2612e+07  30.1%   148  915s
 113495  5955 2.2966e+07   74   32 3.2337e+07 2.2626e+07  30.0%   148  920s
 114173  5844 infeasible   64      3.2337e+07 2.2644e+07  30.0%   148  925s
 114837  5713 2.3198e+07   75   48 3.2337e+07 2.2660e+07  29.9%   148  930s
 115423  5627 2.3317e+07   72   79 3.2337e+07 2.2674e+07  29.9%   148  935s
 115954  5522 infeasible   63      3.2337e+07 2.2687e+07  29.8%   148  940s
 116612  5314 2.2882e+07   69   38 3.2337e+07 2.2707e+07  29.8%   148  945s
 117186  5159     cutoff   70      3.2337e+07 2.2728e+07  29.7%   148  951s
 117669  5033 infeasible   68      3.2337e+07 2.2740e+07  29.7%   148  955s
 118332  4906 infeasible   75      3.2337e+07 2.2759e+07  29.6%   149  960s
 118927  4740 2.3764e+07   80  104 3.2337e+07 2.2778e+07  29.6%   149  965s
 119381  4607 2.4205e+07   72   89 3.2337e+07 2.2792e+07  29.5%   149  970s
 119935  4441 infeasible   65      3.2337e+07 2.2811e+07  29.5%   149  975s
 120566  4285     cutoff   69      3.2337e+07 2.2832e+07  29.4%   149  980s
 121098  4118 2.3614e+07   70   74 3.2337e+07 2.2854e+07  29.3%   149  985s
 121690  3961 infeasible   64      3.2337e+07 2.2877e+07  29.3%   149  990s
 122273  3752 infeasible   63      3.2337e+07 2.2907e+07  29.2%   149  996s
 122861  3604 2.5902e+07   68   79 3.2337e+07 2.2933e+07  29.1%   149 1000s
 123396  3487     cutoff   60      3.2337e+07 2.2955e+07  29.0%   149 1005s
 124090  3382     cutoff   76      3.2337e+07 2.2986e+07  28.9%   149 1010s
 124629  3283 2.3228e+07   69   53 3.2337e+07 2.3010e+07  28.8%   149 1015s
 125291  3134 infeasible   59      3.2337e+07 2.3043e+07  28.7%   149 1020s
 125946  2981 infeasible   63      3.2337e+07 2.3079e+07  28.6%   149 1025s
 126478  2869     cutoff   65      3.2337e+07 2.3114e+07  28.5%   149 1030s
 127164  2723 2.3405e+07   66   80 3.2337e+07 2.3152e+07  28.4%   149 1035s
 127635  2587     cutoff   62      3.2337e+07 2.3184e+07  28.3%   149 1040s
 128192  2470     cutoff   70      3.2337e+07 2.3219e+07  28.2%   149 1045s
 128579  2331     cutoff   66      3.2337e+07 2.3257e+07  28.1%   149 1050s
 128998  2191 infeasible   63      3.2337e+07 2.3298e+07  28.0%   150 1055s
 129560  2019 infeasible   74      3.2337e+07 2.3357e+07  27.8%   150 1060s
 130088  1848 2.3869e+07   68   76 3.2337e+07 2.3426e+07  27.6%   150 1065s
 130553  1650     cutoff   74      3.2337e+07 2.3517e+07  27.3%   150 1070s
 131040  1507 2.3665e+07   60  105 3.2337e+07 2.3622e+07  26.9%   150 1076s
 131346  1396 2.3718e+07   64   92 3.2337e+07 2.3714e+07  26.7%   150 1080s
 131817  1251     cutoff   62      3.2337e+07 2.3876e+07  26.2%   150 1086s
 132226  1107 2.4984e+07   73   97 3.2337e+07 2.4092e+07  25.5%   150 1090s
 132671   905 infeasible   62      3.2337e+07 2.4427e+07  24.5%   150 1095s
 133276   674 infeasible   70      3.2337e+07 2.5060e+07  22.5%   150 1100s
 133861   389 infeasible   60      3.2337e+07 2.6553e+07  17.9%   150 1106s

Cutting planes:
  Learned: 2
  Gomory: 16
  Cover: 13
  Implied bound: 192
  Clique: 11
  MIR: 308
  Flow cover: 441
  GUB cover: 21
  Zero half: 81

Explored 134489 nodes (20240658 simplex iterations) in 1109.58 seconds
Thread count was 2 (of 4 available processors)

Optimal solution found (tolerance 1.00e-04)
Best objective 3.233720000000e+07, best bound 3.233720000000e+07, gap 0.0%
k_c1	20000.0
k_c10	10000.0
k_c2	40000.0
k_c3	80000.0
k_c4	100000.0
k_c5	20000.0
k_c6	50000.0
k_c7	70000.0
k_c8	100000.0
k_c9	0.0
k_dN	0.0
kDash_c1	0.0
kDash_c10	20000.0
kDash_c2	10000.0
kDash_c3	70000.0
kDash_c4	40000.0
kDash_c5	0.0
kDash_c6	0.0
kDash_c7	20000.0
kDash_c8	80000.0
kDash_c9	50000.0
o_1	0.0
o_10	1.0
o_2	0.0
o_3	0.0
o_4	0.0
o_5	0.0
o_6	0.0
o_7	0.0
o_8	0.0
o_9	1.0
p_1	0.0
p_10	1.0
p_2	0.0
p_3	0.0
p_4	0.0
p_5	0.0
p_6	0.0
p_7	0.0
p_8	0.0
p_9	1.0
phi_c1	20886.0
phi_c10	30747.0
phi_c2	41719.0
phi_c3	43832.0
phi_c4	45947.0
phi_c5	16524.0
phi_c6	10784.0
phi_c7	40842.0
phi_c8	69475.0
phi_c9	14196.0
phi_d0	220000.0
phi_dN	0.0
pi_c1	100000.0
pi_c10	190000.0
pi_c2	80000.0
pi_c3	20000.0
pi_c4	50000.0
pi_c5	90000.0
pi_c6	90000.0
pi_c7	70000.0
pi_c8	10000.0
pi_c9	100000.0
pi_dN	0.0
tauD_c1	574575.0
tauD_c10	586800.0
tauD_c2	505800.0
tauD_c3	250000.0
tauD_c4	450000.0
tauD_c5	759950.0
tauD_c6	834125.0
tauD_c7	450000.0
tauD_c8	101946.0
tauD_c9	711375.0
tauD_d0	0.0
tauD_dN	1000000.0
tauS_c1	723800.0
tauS_c10	272770.0
tauS_c2	38950.0
tauS_c3	58125.0
tauS_c4	29750.0
tauS_c5	141750.0
tauS_c6	120300.0
tauS_c7	202777.0
tauS_c8	132450.0
tauS_c9	707100.0
tauS_d0	0.0
tauS_dN	823200.0
x_c10_c5	1.0
x_c1_c9	1.0
x_c2_c10	1.0
x_c3_c7	1.0
x_c4_c2	1.0
x_c5_dN	1.0
x_c6_dN	1.0
x_c7_c1	1.0
x_c8_c3	1.0
x_c9_c6	1.0
x_d0_c4	1.0
x_d0_c8	1.0
z_c10_c9	1.0
z_c9_dN	1.0
z_d0_c10	1.0
