
Gurobi 6.0.4 (win64) logging started 06/13/15 06:27:48

Warning: unknown variable 'kDash_dN' in bounds section
Read LP format model from file C:\MT\repository\VRPTWMS\instances\mip\freight\N10-C_DV10-C_SV50_F22_5_No_1.lp
Reading time = 0.02 seconds
(null): 521 rows, 310 columns, 2253 nonzeros
Optimize a model with 521 rows, 310 columns and 2253 nonzeros
Model has 1210 quadratic constraints
WARNING: Only barrier available for SOCP models
Coefficient statistics:
  Matrix range    [1e+00, 1e+02]
  Objective range [4e+00, 1e+03]
  Bounds range    [1e+00, 1e+02]
  RHS range       [1e+00, 1e+02]
Presolve removed 57 rows and 27 columns
Presolve time: 0.12s
Presolved: 3178 rows, 1690 columns, 15139 nonzeros
Variable types: 1307 continuous, 383 integer (319 binary)
Found heuristic solution: objective 10375.380000
Optimize a model with 3178 rows, 1690 columns and 15139 nonzeros
Coefficient statistics:
  Matrix range    [1e+00, 1e+02]
  Objective range [4e+00, 1e+03]
  Bounds range    [1e+00, 1e+02]
  RHS range       [1e+00, 1e+02]

Concurrent LP optimizer: dual simplex and barrier
Showing barrier log only...

Presolve removed 137 rows and 68 columns
Presolved: 3041 rows, 1622 columns, 14442 nonzeros

Root barrier log...

Ordering time: 0.02s

Barrier performed 0 iterations in 0.17 seconds
Barrier solve interrupted - model solved by another algorithm


Solved with dual simplex
Solved in 170 iterations and 0.17 seconds
Optimal objective  1.824484093e+02

Root relaxation: objective 1.824484e+02, 170 iterations, 0.03 seconds

    Nodes    |    Current Node    |     Objective Bounds      |     Work
 Expl Unexpl |  Obj  Depth IntInf | Incumbent    BestBd   Gap | It/Node Time

     0     0  182.44841    0   53 10375.3800  182.44841  98.2%     -    0s
H    0     0                    6302.3800000  182.44841  97.1%     -    0s
     0     0  206.64894    0   46 6302.38000  206.64894  96.7%     -    0s
     0     0  228.11703    0   51 6302.38000  228.11703  96.4%     -    0s
     0     0  298.57159    0   63 6302.38000  298.57159  95.3%     -    0s
H    0     0                    5333.4100000  298.57159  94.4%     -    0s
     0     0  354.08170    0   76 5333.41000  354.08170  93.4%     -    0s
H    0     0                    5314.7800000  354.08170  93.3%     -    0s
     0     0  397.62378    0   71 5314.78000  397.62378  92.5%     -    0s
     0     0  439.41183    0   73 5314.78000  439.41183  91.7%     -    0s
     0     0  451.97591    0   68 5314.78000  451.97591  91.5%     -    0s
     0     0  453.53409    0   67 5314.78000  453.53409  91.5%     -    0s
     0     0  453.53409    0   70 5314.78000  453.53409  91.5%     -    0s
     0     0  453.53409    0   52 5314.78000  453.53409  91.5%     -    0s
H    0     0                    4277.7800000  453.53409  89.4%     -    0s
     0     0  453.53409    0   49 4277.78000  453.53409  89.4%     -    0s
     0     0  453.53409    0   50 4277.78000  453.53409  89.4%     -    0s
     0     0  453.53409    0   53 4277.78000  453.53409  89.4%     -    0s
     0     0  453.53409    0   53 4277.78000  453.53409  89.4%     -    0s
     0     2  453.53409    0   53 4277.78000  453.53409  89.4%     -    0s
H   27    24                    4262.5800000  634.03697  85.1%  39.6    0s
H  162   132                    4259.2100000 1154.21000  72.9%  27.0    1s
H  193   156                    4241.5200000 1154.21000  72.8%  28.1    1s
H  599   440                    4239.1400000 1250.49884  70.5%  33.0    1s
  1566   793 infeasible   29      4239.14000 2205.85000  48.0%  42.9    5s
H 2579  1047                    4239.0100000 2216.79666  47.7%  49.0    7s
H 2804  1176                    4238.3200000 2217.79645  47.7%  50.5    9s
H 2833  1170                    3366.4800000 2217.97900  34.1%  51.1    9s
  3046  1253 3323.35974   34   27 3366.48000 2219.09375  34.1%  51.7   10s
H 3071  1224                    3345.2200000 2219.09375  33.7%  51.8   10s
H 3317  1353                    3344.4000000 2220.30435  33.6%  51.8   10s
  4902  2018 2268.24064   30   64 3344.40000 2226.15011  33.4%  51.7   15s
H 5643  2058                    3297.7800000 2228.18600  32.4%  52.1   16s
H 6454  2231                    3287.4300000 2230.39714  32.2%  51.6   18s
H 6795  2203                    3275.2300000 2231.50904  31.9%  51.5   19s
  6937  2261     cutoff   40      3275.23000 2231.70000  31.9%  51.3   20s
  8895  2836 3271.19484   31   46 3275.23000 2235.99504  31.7%  50.3   25s
 10727  3344 2238.91128   30   27 3275.23000 2238.91128  31.6%  49.9   30s
 12959  3948     cutoff   28      3275.23000 2242.06622  31.5%  49.5   35s
 14597  4358 2689.49157   25   53 3275.23000 2244.05601  31.5%  48.9   43s
 14606  4364 2323.18988   42   59 3275.23000 2244.05601  31.5%  48.8   45s
 15177  4491 2449.03268   41   63 3275.23000 2244.05601  31.5%  48.8   50s
 17424  4666 3271.85533   39   62 3275.23000 2244.05601  31.5%  48.2   55s
 19649  4818     cutoff   46      3275.23000 2244.05601  31.5%  48.7   60s
 21556  4793 infeasible   38      3275.23000 2244.05601  31.5%  49.5   65s
 23780  4754 3244.40984   36   28 3275.23000 2245.74966  31.4%  50.2   70s
 25681  4831 2366.28603   51   56 3275.23000 2249.22416  31.3%  50.4   75s
 27766  4749 2341.88830   53   46 3275.23000 2252.39000  31.2%  50.9   80s
 29455  5274     cutoff   61      3275.23000 2254.41341  31.2%  51.5   86s
 30985  5667 infeasible   43      3275.23000 2256.85500  31.1%  52.0   90s
 32576  6085 3270.72800   39    5 3275.23000 2258.64313  31.0%  52.6   95s
 34700  6664     cutoff   47      3275.23000 2260.88935  31.0%  52.8  100s
 36728  7119 2324.23874   44   63 3275.23000 2263.04600  30.9%  53.6  105s
 38381  7399 infeasible   50      3275.23000 2264.68833  30.9%  54.4  110s
 40070  7797 infeasible   49      3275.23000 2266.09083  30.8%  54.9  115s
 41817  8097 2555.46818   54   78 3275.23000 2267.92800  30.8%  55.7  120s
 43339  8449 2425.31037   36   56 3275.23000 2269.28178  30.7%  56.1  125s
 45452  8842 2458.12275   55   65 3275.23000 2271.30858  30.7%  56.8  130s
 47043  9076 infeasible   41      3275.23000 2273.05379  30.6%  57.4  135s
 48530  9314 2342.84309   31   61 3275.23000 2274.44347  30.6%  57.9  140s
 50155  9621 infeasible   52      3275.23000 2276.14121  30.5%  58.4  145s
 51847  9915     cutoff   44      3275.23000 2277.75100  30.5%  58.8  150s
 53590 10178 infeasible   43      3275.23000 2279.41958  30.4%  59.4  155s
 55113 10380 2286.76423   34   55 3275.23000 2280.86708  30.4%  60.0  160s
 56898 10641     cutoff   59      3275.23000 2282.39708  30.3%  60.5  165s
 58318 10815     cutoff   41      3275.23000 2283.52290  30.3%  61.0  170s
 59814 11021     cutoff   47      3275.23000 2284.83169  30.2%  61.5  175s
 61138 11162 2313.41693   43   46 3275.23000 2286.18661  30.2%  62.0  180s
 62549 11315 2336.83833   44   74 3275.23000 2287.59283  30.2%  62.3  185s
 64078 11395 2896.06529   50   83 3275.23000 2288.88570  30.1%  63.0  190s
 65490 11564 2326.63546   52   42 3275.23000 2290.00588  30.1%  63.3  195s
 67114 11758 2310.43800   36   33 3275.23000 2291.51470  30.0%  63.9  200s
 68492 11940 2516.52240   46   52 3275.23000 2292.63038  30.0%  64.3  205s
 69880 12004     cutoff   36      3275.23000 2293.75672  30.0%  64.7  210s
 71211 12073 infeasible   39      3275.23000 2295.01467  29.9%  65.2  215s
 72373 12096     cutoff   57      3275.23000 2296.07728  29.9%  65.6  220s
 73680 12148     cutoff   44      3275.23000 2297.26555  29.9%  66.0  225s
 75183 12141     cutoff   57      3275.23000 2298.76510  29.8%  66.4  230s
 76721 12228 infeasible   43      3275.23000 2300.24251  29.8%  66.8  235s
 77948 12242 2346.31009   53   64 3275.23000 2301.49890  29.7%  67.2  240s
 79364 12199     cutoff   54      3275.23000 2303.24969  29.7%  67.8  245s
 80615 12174 infeasible   58      3275.23000 2304.56327  29.6%  68.2  250s
 82156 12256 2333.30111   43   32 3275.23000 2306.14913  29.6%  68.5  255s
 83572 12235     cutoff   50      3275.23000 2307.51878  29.5%  69.0  260s
 84966 12225 2601.66545   51   70 3275.23000 2308.97389  29.5%  69.4  265s
 86151 12314 2311.89789   42   45 3275.23000 2309.98360  29.5%  69.6  270s
 87437 12297 infeasible   40      3275.23000 2311.35593  29.4%  69.9  275s
 88757 12263 2322.21285   48   62 3275.23000 2312.88821  29.4%  70.3  280s
 90118 12205     cutoff   49      3275.23000 2314.43359  29.3%  70.7  285s
 91441 12193 2333.60563   51   68 3275.23000 2315.61920  29.3%  71.0  290s
 92658 12218 2349.49693   42   48 3275.23000 2316.82856  29.3%  71.4  295s
 94056 12179     cutoff   56      3275.23000 2318.27509  29.2%  71.7  300s
 95290 12149     cutoff   51      3275.23000 2319.64595  29.2%  71.9  305s
 96577 12189 infeasible   49      3275.23000 2320.91525  29.1%  72.3  310s
 97726 12112     cutoff   50      3275.23000 2322.29393  29.1%  72.6  315s
 98814 12021 infeasible   48      3275.23000 2323.64019  29.1%  72.9  320s
 99934 11972 2331.72008   53   50 3275.23000 2324.98194  29.0%  73.2  325s
 101328 11963 2326.71117   52   52 3275.23000 2326.34921  29.0%  73.5  330s
 102460 11898 infeasible   48      3275.23000 2327.68105  28.9%  73.8  335s
 103857 11738 infeasible   57      3275.23000 2329.59638  28.9%  74.2  340s
 105014 11575 2394.71666   45   50 3275.23000 2331.03238  28.8%  74.5  345s
 106260 11455     cutoff   48      3275.23000 2332.52090  28.8%  74.8  350s
 107468 11361     cutoff   57      3275.23000 2334.00194  28.7%  75.1  355s
 108755 11240     cutoff   51      3275.23000 2335.63970  28.7%  75.4  360s
 109830 11065 2420.04764   38   68 3275.23000 2337.15815  28.6%  75.7  365s
 110900 10920 2395.63800   58   65 3275.23000 2338.74375  28.6%  75.9  370s
 112146 10788 2361.07627   54   63 3275.23000 2340.46223  28.5%  76.1  375s
 113339 10559     cutoff   48      3275.23000 2342.47948  28.5%  76.4  380s
 114482 10290 infeasible   48      3275.23000 2344.53444  28.4%  76.7  385s
 115628 10107 infeasible   45      3275.23000 2346.37216  28.4%  77.0  390s
 117006  9850     cutoff   45      3275.23000 2348.84603  28.3%  77.3  395s
 117959  9650 infeasible   49      3275.23000 2350.56349  28.2%  77.5  400s
 119083  9461     cutoff   44      3275.23000 2352.49180  28.2%  77.7  405s
 120283  9214 2354.85887   36   42 3275.23000 2354.79256  28.1%  77.9  410s
 121507  8935 2378.61717   50   75 3275.23000 2357.46750  28.0%  78.1  415s
 122581  8692     cutoff   49      3275.23000 2360.05370  27.9%  78.4  420s
 123714  8372     cutoff   46      3275.23000 2363.08921  27.8%  78.7  425s
 124710  8128     cutoff   49      3275.23000 2365.65249  27.8%  78.9  430s
 125807  7807 infeasible   51      3275.23000 2369.08230  27.7%  79.2  435s
 126926  7401 infeasible   48      3275.23000 2372.87302  27.6%  79.4  440s
 127978  7041 2390.57166   47   44 3275.23000 2376.74375  27.4%  79.7  445s
 129152  6775 2385.07472   43   63 3275.23000 2380.74058  27.3%  79.9  450s
 130442  6397     cutoff   52      3275.23000 2386.43881  27.1%  80.1  455s
 131699  5996 2559.49000   51   46 3275.23000 2392.41653  27.0%  80.4  460s
 132971  5720 2409.46313   52   47 3275.23000 2398.66725  26.8%  80.4  465s
 134264  5423     cutoff   60      3275.23000 2406.88089  26.5%  80.6  470s
 135652  5132 infeasible   50      3275.23000 2416.71083  26.2%  80.6  475s
 137251  4790     cutoff   44      3275.23000 2430.78006  25.8%  80.7  480s
 138675  4532     cutoff   40      3275.23000 2446.36203  25.3%  80.7  485s
 140264  4173 2505.74199   56   86 3275.23000 2466.91861  24.7%  80.7  490s
 141644  3884     cutoff   36      3275.23000 2490.52114  24.0%  80.6  495s
 143003  3521     cutoff   46      3275.23000 2522.90339  23.0%  80.6  500s
 144603  3142 2619.69778   42   45 3275.23000 2585.74425  21.1%  80.6  505s
 146151  3080     cutoff   54      3275.23000 2626.26241  19.8%  80.5  510s
 147687  2868     cutoff   56      3275.23000 2667.81610  18.5%  80.4  515s
 149231  2580     cutoff   51      3275.23000 2712.05500  17.2%  80.5  520s
 150838  2178 2828.01100   40   82 3275.23000 2804.78449  14.4%  80.4  525s
 153029  1713 3209.82000   35   11 3275.23000 3209.82000  2.00%  79.9  530s
 155912  2239 3236.79000   38   12 3275.23000 3235.22214  1.22%  79.1  535s
 158995  2240 3269.84403   31   40 3275.23000 3243.01324  0.98%  78.2  540s
 162089  1932 3253.30001   46   34 3275.23000 3248.94790  0.80%  77.4  545s
 165454   875 3273.11121   42   39 3275.23000 3258.20800  0.52%  76.4  550s

Cutting planes:
  Gomory: 5
  Cover: 2
  Implied bound: 12
  Clique: 3
  MIR: 6
  Flow cover: 5
  GUB cover: 5
  Zero half: 22

Explored 166822 nodes (12674969 simplex iterations) in 551.81 seconds
Thread count was 2 (of 4 available processors)

Optimal solution found (tolerance 1.00e-04)
Best objective 3.275230000000e+03, best bound 3.274940000000e+03, gap 0.0089%
k_c1	5.0
k_c10	4.0
k_c2	1.0
k_c3	10.0
k_c4	5.0
k_c5	6.0
k_c6	5.0
k_c7	7.0
k_c8	10.0
k_c9	6.0
k_dN	0.0
kDash_c1	1.0
kDash_c10	6.0
kDash_c2	5.0
kDash_c3	7.0
kDash_c4	1.0
kDash_c5	4.0
kDash_c6	0.0
kDash_c7	5.0
kDash_c8	6.0
kDash_c9	5.0
kDash_dN	0.0
o_1	0.0
o_10	1.0
o_2	1.0
o_3	0.0
o_4	0.0
o_5	0.0
o_6	0.0
o_7	0.0
o_8	0.0
o_9	0.0
p_1	0.0
p_10	1.0
p_2	1.0
p_3	0.0
p_4	0.0
p_5	0.0
p_6	0.0
p_7	0.0
p_8	0.0
p_9	0.0
phi_c1	4.0
phi_c10	18.0
phi_c2	6.0
phi_c3	21.0
phi_c4	8.0
phi_c5	19.0
phi_c6	3.0
phi_c7	19.0
phi_c8	20.0
phi_c9	15.0
phi_d0	22.0
phi_dN	0.0
pi_c1	5.0
pi_c10	15.0
pi_c2	9.0
pi_c3	5.0
pi_c4	5.0
pi_c5	5.0
pi_c6	5.0
pi_c7	5.0
pi_c8	5.0
pi_c9	5.0
pi_dN	0.0
tauD_c1	78.0
tauD_c10	23.0
tauD_c2	58.0
tauD_c3	5.0
tauD_c4	34.0
tauD_c5	13.0
tauD_c6	83.0
tauD_c7	15.0
tauD_c8	5.0
tauD_c9	45.0
tauD_d0	0.0
tauD_dN	100.0
tauS_c1	84.0
tauS_c10	23.0
tauS_c2	33.0
tauS_c3	82.0
tauS_c4	39.0
tauS_c5	88.0
tauS_c6	23.0
tauS_c7	89.0
tauS_c8	24.0
tauS_c9	19.0
tauS_d0	0.0
tauS_dN	68.0
x_c10_c9	1.0
x_c1_dN	1.0
x_c2_c1	1.0
x_c3_c7	1.0
x_c4_c2	1.0
x_c5_c10	1.0
x_c6_dN	1.0
x_c7_c4	1.0
x_c8_c5	1.0
x_c9_c6	1.0
x_d0_c3	1.0
x_d0_c8	1.0
z_c10_c2	1.0
z_c2_dN	1.0
z_d0_c10	1.0
