
Gurobi 6.0.4 (win64) logging started 06/13/15 04:25:14

Warning: unknown variable 'kDash_dN' in bounds section
Read LP format model from file C:\MT\repository\VRPTWMS\instances\mip\freight\N10-C_DV10-C_SV50_F22_12_No_1.lp
Reading time = 0.02 seconds
(null): 521 rows, 310 columns, 2253 nonzeros
Optimize a model with 521 rows, 310 columns and 2253 nonzeros
Model has 1210 quadratic constraints
WARNING: Only barrier available for SOCP models
Coefficient statistics:
  Matrix range    [1e+00, 1e+02]
  Objective range [1e+00, 1e+03]
  Bounds range    [1e+00, 1e+02]
  RHS range       [1e+00, 1e+02]
Presolve removed 71 rows and 32 columns
Presolve time: 0.11s
Presolved: 2948 rows, 1577 columns, 14134 nonzeros
Variable types: 1199 continuous, 378 integer (314 binary)
Found heuristic solution: objective 10447.760000
Optimize a model with 2948 rows, 1577 columns and 14134 nonzeros
Coefficient statistics:
  Matrix range    [4e-01, 1e+02]
  Objective range [1e+00, 1e+03]
  Bounds range    [1e+00, 1e+02]
  RHS range       [1e+00, 1e+02]

Concurrent LP optimizer: dual simplex and barrier
Showing barrier log only...

Presolve removed 165 rows and 82 columns
Presolved: 2783 rows, 1495 columns, 13330 nonzeros

Root barrier log...

Ordering time: 0.02s

Barrier performed 0 iterations in 0.14 seconds
Barrier solve interrupted - model solved by another algorithm


Solved with dual simplex
Solved in 213 iterations and 0.14 seconds
Optimal objective  3.741257067e+02

Root relaxation: objective 3.741257e+02, 213 iterations, 0.03 seconds

    Nodes    |    Current Node    |     Objective Bounds      |     Work
 Expl Unexpl |  Obj  Depth IntInf | Incumbent    BestBd   Gap | It/Node Time

     0     0  374.12571    0   75 10447.7600  374.12571  96.4%     -    0s
H    0     0                    8352.8200000  374.12571  95.5%     -    0s
     0     0 1201.97075    0   82 8352.82000 1201.97075  85.6%     -    0s
H    0     0                    7320.0300000 1201.97075  83.6%     -    0s
     0     0 1225.04985    0   84 7320.03000 1225.04985  83.3%     -    0s
H    0     0                    6316.2700000 1225.04985  80.6%     -    0s
     0     0 1230.74667    0   51 6316.27000 1230.74667  80.5%     -    0s
H    0     0                    5307.4700000 1230.74667  76.8%     -    0s
     0     0 1231.23371    0   72 5307.47000 1231.23371  76.8%     -    0s
     0     0 1231.64727    0   75 5307.47000 1231.64727  76.8%     -    0s
     0     0 1232.87200    0   98 5307.47000 1232.87200  76.8%     -    0s
     0     0 1232.87200    0   82 5307.47000 1232.87200  76.8%     -    0s
H    0     0                    5287.1700000 1232.87200  76.7%     -    0s
     0     2 1232.87200    0   80 5287.17000 1232.87200  76.7%     -    0s
H  299   237                    5276.5600000 1247.25654  76.4%  63.9    1s
H  735   501                    4364.1500000 1257.19669  71.2%  64.0    3s
H  740   479                    4333.0800000 1264.02365  70.8%  63.6    4s
H  741   455                    4317.2000000 1265.52043  70.7%  63.5    4s
   747   459 4317.20000   88  122 4317.20000 1273.58480  70.5%  63.0    5s
   798   492 1292.70974   18  108 4317.20000 1289.01096  70.1%  85.4   10s
* 1461   672              60    4309.4300000 1323.01749  69.3%  97.3   14s
* 1464   646              60    4306.4600000 1323.01749  69.3%  97.2   14s
H 1509   643                    4305.4800000 1324.61892  69.2%  97.3   14s
H 1532   629                    4299.2200000 1324.61892  69.2%  97.1   14s
  1555   646 2330.12168   24   90 4299.22000 1331.26959  69.0%  98.4   15s
H 1605   638                    4285.3300000 1331.26959  68.9%   100   15s
H 1842   633                    4284.3500000 1337.78625  68.8%   106   18s
  2026   752 2570.59446   38  101 4284.35000 1347.69700  68.5%   107   20s
  2792  1114 3312.23622   31   87 4284.35000 1503.21750  64.9%   106   25s
  3653  1500 2471.92171   25   95 4284.35000 1602.05837  62.6%   110   30s
  4388  1749 2288.79647   31   97 4284.35000 1775.01015  58.6%   112   35s
H 5182  2013                    4279.1200000 1860.86233  56.5%   113   39s
  5253  2019 infeasible   25      4279.12000 1884.52880  56.0%   113   40s
  6231  2357 2260.80003   24  139 4279.12000 2085.03906  51.3%   114   45s
  7243  2760 3285.39647   30   27 4279.12000 2246.16066  47.5%   113   50s
* 7874  3055              38    4277.1000000 2252.27016  47.3%   111   52s
* 7948  3097              38    4276.1200000 2253.07620  47.3%   110   53s
H 8095  3218                    4275.8200000 2254.89752  47.3%   110   54s
  8255  3296 3372.39000   45   26 4275.82000 2255.34925  47.3%   110   55s
  9211  3744     cutoff   39      4275.82000 2259.34561  47.2%   110   60s
 10191  4235 2397.01040   34  106 4275.82000 2262.53855  47.1%   108   65s
 11423  4864 2279.34624   26   95 4275.82000 2269.61588  46.9%   108   70s
 12259  5189 infeasible   30      4275.82000 2272.17161  46.9%   108   75s
 13397  5703 infeasible   31      4275.82000 2276.10644  46.8%   109   81s
 14225  6053 2301.60968   34   69 4275.82000 2279.29667  46.7%   109   85s
 14649  6234 3383.37000   52   82 4275.82000 2280.39400  46.7%   110   93s
 14655  6238 2575.87744   36  111 4275.82000 2280.39400  46.7%   110   95s
 14667  6246 3330.04840   33  123 4275.82000 2280.39400  46.7%   110  100s
 14679  6254 3273.59000   29  131 4275.82000 2280.39400  46.7%   109  105s
 14692  6263 2294.21852   28  139 4275.82000 2280.39400  46.7%   109  110s
 14703  6270 2283.05000   30  128 4275.82000 2280.39400  46.7%   109  115s
 14714  6277 3264.55000   22  154 4275.82000 2280.39400  46.7%   109  120s
 14727  6286 3330.04840   33  140 4275.82000 2280.39400  46.7%   109  125s
 14738  6293 3381.43667   23  151 4275.82000 2280.39400  46.7%   109  130s
 14750  6301 2331.82314   38  161 4275.82000 2280.39400  46.7%   109  135s
 14780  6320 2280.39400   30   63 4275.82000 2280.39400  46.7%   111  140s
 15520  6452 2325.53480   42   51 4275.82000 2280.39400  46.7%   110  146s
 16855  6602     cutoff   46      4275.82000 2280.39400  46.7%   107  150s
 19407  6867 2288.11320   46   72 4275.82000 2280.39400  46.7%   101  156s
 20986  6929 3319.93488   47   41 4275.82000 2280.39400  46.7%  99.5  161s
*22156  6639              49    4272.6900000 2280.39400  46.6%  98.2  163s
 22219  6629 2321.24825   50   45 4272.69000 2280.39400  46.6%  98.0  166s
 23689  6641 infeasible   42      4272.69000 2280.39400  46.6%  97.0  171s
 25306  6655 3351.68981   56   48 4272.69000 2280.39400  46.6%  96.0  176s
 26843  6811 3305.99750   45   36 4272.69000 2280.39400  46.6%  94.8  180s
 28867  6926 2354.43877   48   72 4272.69000 2281.86945  46.6%  93.8  186s
 30058  6967 3393.51442   52   49 4272.69000 2283.43336  46.6%  93.3  190s
 31939  7106     cutoff   44      4272.69000 2285.29008  46.5%  92.2  195s
 33636  7432 2381.14705   38   75 4272.69000 2287.10920  46.5%  91.5  200s
 35247  8026 3405.43873   68   44 4272.69000 2288.67167  46.4%  90.9  205s
 37333  8746 2549.77429   52   83 4272.69000 2290.68631  46.4%  90.2  210s
 38848  9212     cutoff   55      4272.69000 2292.09453  46.4%  89.5  215s
 40665  9916 infeasible   47      4272.69000 2293.21069  46.3%  89.1  220s
 42453 10559 2394.59607   56   47 4272.69000 2294.25034  46.3%  88.6  225s
 44097 11118 3394.90804   51   51 4272.69000 2295.29361  46.3%  88.5  230s
 45850 11751 3112.11094   40   54 4272.69000 2296.24487  46.3%  88.1  235s
 47683 12308 2333.13124   43   60 4272.69000 2297.36554  46.2%  87.8  240s
 49415 12877 3281.41383   47   39 4272.69000 2298.28462  46.2%  87.5  245s
 50762 13309 2332.55898   45   58 4272.69000 2299.00972  46.2%  87.3  250s
 52449 13828 2574.79320   42   50 4272.69000 2299.99864  46.2%  87.3  255s
 53907 14284 infeasible   55      4272.69000 2300.68211  46.2%  87.1  260s
 55674 14907 2422.63772   61   71 4272.69000 2301.57547  46.1%  87.0  265s
 57046 15332     cutoff   45      4272.69000 2302.16656  46.1%  86.8  270s
 58693 15894 2325.88031   46   65 4272.69000 2302.84348  46.1%  86.7  275s
 60291 16439     cutoff   57      4272.69000 2303.49615  46.1%  86.7  280s
 61604 16861 2512.97441   41   63 4272.69000 2304.13600  46.1%  86.6  285s
 62974 17254 2508.03134   47   84 4272.69000 2304.62695  46.1%  86.6  290s
 64555 17779 infeasible   41      4272.69000 2305.61247  46.0%  86.6  295s
 66180 18298 infeasible   38      4272.69000 2306.22474  46.0%  86.5  300s
 67949 18776 2320.86176   42   71 4272.69000 2307.09759  46.0%  86.5  305s
 69423 19193     cutoff   52      4272.69000 2307.67120  46.0%  86.4  310s
 70798 19640 infeasible   52      4272.69000 2308.17872  46.0%  86.4  315s
 72642 20214 3364.26300   59   22 4272.69000 2308.71784  46.0%  86.3  320s
 73930 20563 3325.96952   43   44 4272.69000 2309.18880  46.0%  86.3  325s
 75659 21046     cutoff   43      4272.69000 2309.82004  45.9%  86.3  330s
 77200 21448 infeasible   46      4272.69000 2310.51395  45.9%  86.4  335s
 78698 21861 2323.97268   40   54 4272.69000 2311.08823  45.9%  86.3  340s
 80125 22261 infeasible   54      4272.69000 2311.57575  45.9%  86.3  345s
 81672 22690 2469.78335   41   77 4272.69000 2312.21218  45.9%  86.4  350s
 83315 23105 3339.98795   37   64 4272.69000 2312.82671  45.9%  86.4  355s
 84879 23543 2439.71753   61   81 4272.69000 2313.37783  45.9%  86.4  360s
 86418 23970 3411.57531   54   44 4272.69000 2313.88917  45.8%  86.4  365s
 88087 24400 2366.02681   37   91 4272.69000 2314.52639  45.8%  86.3  370s
 89710 24937 2653.54407   42   91 4272.69000 2314.95285  45.8%  86.3  375s
 91053 25315 2406.27022   52   90 4272.69000 2315.40461  45.8%  86.5  380s
 92524 25772     cutoff   53      4272.69000 2315.86604  45.8%  86.5  385s
 94103 26217 3350.26310   42   52 4272.69000 2316.29693  45.8%  86.4  390s
 95593 26551 3434.57237   54   44 4272.69000 2316.77399  45.8%  86.5  395s
 97036 26890 infeasible   50      4272.69000 2317.22477  45.8%  86.6  400s
 98572 27300 2348.68889   51   79 4272.69000 2317.58798  45.8%  86.6  405s
H98670 27340                    4270.5100000 2317.64327  45.7%  86.6  405s
H98779 27368                    4270.3900000 2317.64327  45.7%  86.6  406s
 99529 27574 infeasible   52      4270.39000 2317.88631  45.7%  86.6  410s
 100809 27888     cutoff   53      4270.39000 2318.21243  45.7%  86.7  415s
 102229 28281 3385.34692   52   64 4270.39000 2318.55487  45.7%  86.8  420s
 103614 28555 infeasible   58      4270.39000 2318.94546  45.7%  86.9  425s
 105172 28961 infeasible   53      4270.39000 2319.47460  45.7%  86.9  430s
 106691 29362 infeasible   44      4270.39000 2319.81853  45.7%  86.9  435s
 108231 29717 3322.28981   51   55 4270.39000 2320.28900  45.7%  87.1  440s
 109735 30054 3349.88199   52   55 4270.39000 2320.73961  45.7%  87.1  445s
 110973 30380 3949.70020   42   78 4270.39000 2321.01732  45.6%  87.2  450s
 112220 30675     cutoff   49      4270.39000 2321.29368  45.6%  87.2  455s
 113504 30998 3331.76436   49   58 4270.39000 2321.57077  45.6%  87.2  460s
 114845 31317 infeasible   64      4270.39000 2321.92495  45.6%  87.3  465s
 116530 31677 2350.08782   46   76 4270.39000 2322.46222  45.6%  87.4  470s
 118041 32101 3880.00994   42   32 4270.39000 2322.86924  45.6%  87.4  475s
 119620 32462     cutoff   47      4270.39000 2323.25911  45.6%  87.5  480s
 121114 32822 infeasible   60      4270.39000 2323.71800  45.6%  87.5  485s
 122814 33275     cutoff   49      4270.39000 2324.09762  45.6%  87.6  490s
 124391 33579 2397.84978   52   73 4270.39000 2324.45790  45.6%  87.7  495s
 125782 33931 3710.98601   62   65 4270.39000 2324.79856  45.6%  87.7  500s
 127267 34286 3356.15771   43   66 4270.39000 2325.16528  45.6%  87.8  505s
 128737 34542     cutoff   53      4270.39000 2325.59011  45.5%  87.9  510s
 130097 34862 3387.45492   45   39 4270.39000 2325.87751  45.5%  88.0  515s
 131649 35186 infeasible   55      4270.39000 2326.25061  45.5%  88.1  520s
 133138 35546 2462.75695   53   64 4270.39000 2326.61634  45.5%  88.0  525s
 134480 35902 infeasible   54      4270.39000 2326.89522  45.5%  88.1  530s
 136003 36237     cutoff   45      4270.39000 2327.20982  45.5%  88.2  535s
 137235 36497 3913.24600   49   22 4270.39000 2327.40438  45.5%  88.3  540s
 138799 36822 3455.24909   56   73 4270.39000 2327.70700  45.5%  88.3  545s
 140150 37145 infeasible   58      4270.39000 2327.95847  45.5%  88.4  550s
 141812 37510     cutoff   46      4270.39000 2328.33341  45.5%  88.4  555s
 143282 37854 3376.19726   48   62 4270.39000 2328.67319  45.5%  88.5  560s
 144557 38128 3409.08742   63   58 4270.39000 2328.89165  45.5%  88.6  565s
 145884 38412     cutoff   42      4270.39000 2329.17219  45.5%  88.6  570s
 147401 38766 2370.53851   45   77 4270.39000 2329.47238  45.5%  88.7  575s
 148690 39042 3798.53100   50   30 4270.39000 2329.76292  45.4%  88.8  580s
 149984 39338 2508.04097   48  109 4270.39000 2330.04011  45.4%  88.8  585s
 151518 39639 infeasible   66      4270.39000 2330.37211  45.4%  88.9  590s
 153053 39942 2707.66028   59   80 4270.39000 2330.67038  45.4%  88.9  595s
 154251 40216 2657.27623   45   67 4270.39000 2330.94721  45.4%  89.0  600s
 155606 40564 2350.00979   36   47 4270.39000 2331.16963  45.4%  89.0  605s
 156911 40874 infeasible   57      4270.39000 2331.39052  45.4%  89.0  610s
 158364 41116 3835.48222   45   22 4270.39000 2331.67575  45.4%  89.1  615s
 159881 41515 2392.77576   40   89 4270.39000 2331.93346  45.4%  89.2  620s
 161384 41798 3327.60415   51   62 4270.39000 2332.23667  45.4%  89.2  625s
 161988 41919 2486.00632   57   79 4270.39000 2332.35198  45.4%  89.3  630s
 163485 42272 infeasible   48      4270.39000 2332.57989  45.4%  89.3  635s
 164880 42511 2390.91782   54   65 4270.39000 2332.87801  45.4%  89.4  640s
 166311 42800 2381.64728   53   91 4270.39000 2333.14750  45.4%  89.5  645s
 167841 43085 2364.84152   54   68 4270.39000 2333.42995  45.4%  89.6  650s
 169028 43284 2358.18017   39   47 4270.39000 2333.66447  45.4%  89.7  655s
 170463 43523 infeasible   58      4270.39000 2334.01063  45.3%  89.8  660s
 171917 43794     cutoff   57      4270.39000 2334.25519  45.3%  89.8  665s
 173393 44073 2372.25734   41   48 4270.39000 2334.56338  45.3%  89.9  670s
 174769 44424 infeasible   52      4270.39000 2334.79357  45.3%  89.9  675s
 176156 44683 2347.35671   46   68 4270.39000 2335.05497  45.3%  89.9  680s
 177719 44993 infeasible   48      4270.39000 2335.40607  45.3%  90.0  685s
 179045 45232 2688.93841   39   57 4270.39000 2335.67867  45.3%  90.0  690s
 180648 45533 3424.75335   68   64 4270.39000 2336.01083  45.3%  90.2  695s
 181860 45764 infeasible   46      4270.39000 2336.24975  45.3%  90.2  700s
 183337 46060 3436.38388   45   47 4270.39000 2336.49054  45.3%  90.3  705s
 184730 46336 3715.21692   55   39 4270.39000 2336.75736  45.3%  90.3  710s
 186254 46707 3373.89562   51   67 4270.39000 2336.97123  45.3%  90.3  715s
 187700 47001 3429.51321   57   60 4270.39000 2337.21308  45.3%  90.4  720s
 189099 47354 2342.97212   51   59 4270.39000 2337.40669  45.3%  90.4  725s
 190522 47567     cutoff   47      4270.39000 2337.71339  45.3%  90.5  730s
 191899 47811 2355.12502   49   61 4270.39000 2337.91819  45.3%  90.5  735s
 193232 48028 infeasible   52      4270.39000 2338.13390  45.2%  90.6  740s
 194730 48286 3520.16247   43   47 4270.39000 2338.46116  45.2%  90.6  745s
 196226 48564 2614.35406   44   78 4270.39000 2338.78161  45.2%  90.7  750s
 197286 48772 2791.62143   62   54 4270.39000 2338.96939  45.2%  90.7  755s
 198516 48928 2397.97769   55  111 4270.39000 2339.18683  45.2%  90.8  760s
 200029 49160 2397.17656   53   82 4270.39000 2339.45896  45.2%  90.8  765s
 201501 49413     cutoff   52      4270.39000 2339.67263  45.2%  90.9  770s
 202902 49660 infeasible   59      4270.39000 2339.90535  45.2%  90.9  775s
 204386 49876 3612.10053   43   62 4270.39000 2340.16946  45.2%  91.0  780s
 205884 50147     cutoff   37      4270.39000 2340.40382  45.2%  91.1  785s
 207224 50381 3415.33718   50   73 4270.39000 2340.63041  45.2%  91.1  790s
 208518 50595 infeasible   58      4270.39000 2340.88508  45.2%  91.2  795s
 210075 50809 3429.09676   45   57 4270.39000 2341.15672  45.2%  91.2  800s
 211337 50950 infeasible   52      4270.39000 2341.36734  45.2%  91.3  805s
 212759 51183     cutoff   49      4270.39000 2341.67803  45.2%  91.4  810s
 214252 51388 3483.84553   50   68 4270.39000 2341.99438  45.2%  91.4  815s
 215583 51545 infeasible   48      4270.39000 2342.26477  45.2%  91.5  820s
 216912 51750     cutoff   55      4270.39000 2342.48963  45.1%  91.6  825s
 218471 51999 3425.30714   60   49 4270.39000 2342.76815  45.1%  91.6  830s
 219901 52201     cutoff   47      4270.39000 2343.04099  45.1%  91.7  835s
 221017 52318 2388.21278   51   56 4270.39000 2343.27084  45.1%  91.7  840s
 222465 52552 2398.35431   64   61 4270.39000 2343.48847  45.1%  91.8  845s
 223914 52822     cutoff   56      4270.39000 2343.78381  45.1%  91.8  850s
 225306 53053 infeasible   55      4270.39000 2344.01028  45.1%  91.8  855s
 226669 53239 2603.64440   51   70 4270.39000 2344.31220  45.1%  91.8  860s
 228120 53469 infeasible   59      4270.39000 2344.54475  45.1%  91.8  865s
 229522 53670 infeasible   44      4270.39000 2344.80085  45.1%  91.8  870s
 230993 53917 infeasible   60      4270.39000 2345.03856  45.1%  91.8  875s
 232460 54182     cutoff   62      4270.39000 2345.29968  45.1%  91.9  880s
 233699 54370 2413.29446   52   82 4270.39000 2345.49446  45.1%  91.9  885s
 235014 54577 2552.72512   53   50 4270.39000 2345.68703  45.1%  92.0  890s
 236216 54796 3508.08457   54   41 4270.39000 2345.88000  45.1%  92.0  895s
 237690 55092 3472.79711   61   66 4270.39000 2346.10294  45.1%  92.0  900s
 239157 55311 3393.47516   60   54 4270.39000 2346.38297  45.1%  92.0  905s
 240490 55538 2609.56980   47   89 4270.39000 2346.62003  45.0%  92.0  910s
 241721 55775 3433.92673   43   64 4270.39000 2346.81272  45.0%  92.1  915s
 242943 55934 3034.35790   51   68 4270.39000 2347.02023  45.0%  92.1  920s
 244362 56128 3983.05889   44   54 4270.39000 2347.22707  45.0%  92.1  925s
 245730 56329 2714.82563   45   83 4270.39000 2347.45150  45.0%  92.2  930s
 247090 56492 2495.29680   41   79 4270.39000 2347.71450  45.0%  92.2  935s
 248459 56617 3378.25897   46   85 4270.39000 2347.94019  45.0%  92.3  940s
 249913 56797 2763.96895   49   73 4270.39000 2348.19893  45.0%  92.3  945s
 251394 57027 infeasible   55      4270.39000 2348.43833  45.0%  92.3  950s
 252722 57212 3345.10842   52   43 4270.39000 2348.62885  45.0%  92.3  955s
 253988 57431 infeasible   56      4270.39000 2348.81250  45.0%  92.3  960s
 255388 57682 3429.35188   47   73 4270.39000 2349.02145  45.0%  92.4  965s
 256745 57913 2731.29277   53   78 4270.39000 2349.23054  45.0%  92.5  970s
 258072 58097 3435.70520   64   87 4270.39000 2349.43760  45.0%  92.5  975s
 259084 58225 infeasible   53      4270.39000 2349.62416  45.0%  92.6  980s
 260500 58439 infeasible   54      4270.39000 2349.86109  45.0%  92.6  985s
 261972 58709 2576.41522   43   71 4270.39000 2350.09548  45.0%  92.6  990s
 263390 58909 2489.67882   54   62 4270.39000 2350.38382  45.0%  92.7  995s
 264887 59141 3448.41029   62   53 4270.39000 2350.57034  45.0%  92.7 1000s
 266199 59345 2526.82949   49  109 4270.39000 2350.77520  45.0%  92.7 1005s
 267348 59529 2463.44729   55   72 4270.39000 2350.89605  44.9%  92.8 1010s
 268807 59770     cutoff   55      4270.39000 2351.09549  44.9%  92.8 1015s
 270110 59921 infeasible   56      4270.39000 2351.29039  44.9%  92.8 1020s
 271507 60107 2416.22134   58   72 4270.39000 2351.53596  44.9%  92.9 1025s
 272880 60306 infeasible   50      4270.39000 2351.76076  44.9%  92.9 1030s
 274115 60505 2411.57000   61   74 4270.39000 2351.96292  44.9%  93.0 1035s
 275476 60688 infeasible   50      4270.39000 2352.12699  44.9%  93.0 1040s
 276723 60895     cutoff   51      4270.39000 2352.30141  44.9%  93.1 1045s
 278217 61140 3400.98182   62   59 4270.39000 2352.50066  44.9%  93.1 1050s
 279731 61338 3354.62690   53   75 4270.39000 2352.77611  44.9%  93.2 1055s
 280902 61488 3367.07706   44   93 4270.39000 2352.96236  44.9%  93.2 1060s
 282310 61699 2444.22505   58   83 4270.39000 2353.15901  44.9%  93.2 1065s
 283585 61829 infeasible   48      4270.39000 2353.35077  44.9%  93.3 1070s
 284954 62042 3382.62624   54   71 4270.39000 2353.58228  44.9%  93.3 1075s
 286355 62215 2836.99447   44   99 4270.39000 2353.80409  44.9%  93.3 1080s
 287710 62385 infeasible   66      4270.39000 2354.03949  44.9%  93.4 1085s
 289119 62493 2421.26350   67  102 4270.39000 2354.23460  44.9%  93.4 1090s
 290399 62627 3349.09006   44   57 4270.39000 2354.44478  44.9%  93.4 1095s
 291777 62759 4218.88663   52   46 4270.39000 2354.66849  44.9%  93.5 1100s
 293191 62896 3748.60377   57   56 4270.39000 2354.90007  44.9%  93.5 1105s
 294375 63064 3387.91400   61   56 4270.39000 2355.08146  44.9%  93.6 1110s
 295736 63252 2649.25035   48   75 4270.39000 2355.31380  44.8%  93.6 1115s
 296945 63335 2646.30916   45   93 4270.39000 2355.52297  44.8%  93.7 1120s
 298298 63492     cutoff   49      4270.39000 2355.72084  44.8%  93.7 1125s
 299710 63627 infeasible   61      4270.39000 2355.94243  44.8%  93.8 1130s
 300997 63798     cutoff   61      4270.39000 2356.10768  44.8%  93.8 1135s
 302343 63912 infeasible   45      4270.39000 2356.34023  44.8%  93.8 1140s
 303778 64040     cutoff   46      4270.39000 2356.58571  44.8%  93.8 1145s
 304890 64162     cutoff   45      4270.39000 2356.77220  44.8%  93.9 1150s
 306324 64353     cutoff   54      4270.39000 2356.97619  44.8%  93.9 1155s
 307444 64466 2558.95850   52   92 4270.39000 2357.14794  44.8%  93.9 1160s
 308952 64600 2487.85187   63   82 4270.39000 2357.36896  44.8%  94.0 1165s
 310175 64694 2398.52596   50   76 4270.39000 2357.58178  44.8%  94.0 1170s
 311671 64877     cutoff   50      4270.39000 2357.85106  44.8%  94.1 1175s
 312872 65057     cutoff   55      4270.39000 2358.02704  44.8%  94.1 1180s
 314021 65147 2375.45534   35   63 4270.39000 2358.21582  44.8%  94.1 1185s
 315293 65263 3593.42152   51   59 4270.39000 2358.43937  44.8%  94.1 1190s
 316601 65413 3420.30854   52   56 4270.39000 2358.65100  44.8%  94.2 1195s
 317978 65566 2528.72153   57   75 4270.39000 2358.86215  44.8%  94.2 1200s
 319110 65714 infeasible   48      4270.39000 2359.01032  44.8%  94.2 1205s
 320564 65821 infeasible   51      4270.39000 2359.21234  44.8%  94.3 1210s
 322046 65960 2413.51430   57   61 4270.39000 2359.45087  44.7%  94.3 1215s
 323198 66070     cutoff   45      4270.39000 2359.62952  44.7%  94.3 1220s
 324598 66187 2579.65545   56   65 4270.39000 2359.86308  44.7%  94.3 1225s
 326159 66312 2383.75649   47   78 4270.39000 2360.13143  44.7%  94.4 1230s
 327396 66440     cutoff   45      4270.39000 2360.31533  44.7%  94.4 1235s
 328517 66578     cutoff   53      4270.39000 2360.50800  44.7%  94.4 1240s
 329884 66789 2420.09873   48   75 4270.39000 2360.72498  44.7%  94.4 1245s
 331020 66950 3375.78655   58   49 4270.39000 2360.90790  44.7%  94.5 1250s
 332336 67027 infeasible   53      4270.39000 2361.14291  44.7%  94.5 1255s
 333902 67186     cutoff   60      4270.39000 2361.37176  44.7%  94.5 1260s
 335171 67319 3393.77645   50   47 4270.39000 2361.58024  44.7%  94.6 1265s
 336572 67511 infeasible   50      4270.39000 2361.80214  44.7%  94.6 1270s
 338067 67648     cutoff   54      4270.39000 2362.06895  44.7%  94.6 1275s
 339443 67760     cutoff   66      4270.39000 2362.29079  44.7%  94.6 1280s
 340671 67902     cutoff   49      4270.39000 2362.43549  44.7%  94.6 1285s
 342068 67992 3419.51679   57   53 4270.39000 2362.68069  44.7%  94.7 1290s
 343264 68112 infeasible   49      4270.39000 2362.89456  44.7%  94.7 1295s
 344436 68193 3392.50995   44   62 4270.39000 2363.04813  44.7%  94.7 1300s
 345566 68292 infeasible   61      4270.39000 2363.20837  44.7%  94.7 1305s
 346945 68377 infeasible   56      4270.39000 2363.45133  44.7%  94.8 1310s
 347906 68485 3383.26473   43   53 4270.39000 2363.58308  44.7%  94.8 1315s
 349325 68655     cutoff   51      4270.39000 2363.76208  44.6%  94.8 1320s
 350899 68850 infeasible   51      4270.39000 2364.00716  44.6%  94.9 1325s
 352295 68991 2391.91720   53   96 4270.39000 2364.19807  44.6%  94.9 1330s
 353568 69139 infeasible   65      4270.39000 2364.40386  44.6%  94.9 1335s
 354721 69279     cutoff   57      4270.39000 2364.58780  44.6%  94.9 1340s
 356214 69454 infeasible   54      4270.39000 2364.81180  44.6%  94.9 1345s
 357374 69547 2413.09258   47  103 4270.39000 2365.02299  44.6%  95.0 1350s
 358557 69655     cutoff   53      4270.39000 2365.18723  44.6%  95.0 1355s
 359792 69759 2544.05025   56   94 4270.39000 2365.39095  44.6%  95.0 1360s
 361211 69910 2434.67399   66   62 4270.39000 2365.62324  44.6%  95.0 1365s
 362348 70047 2423.92775   53   75 4270.39000 2365.78854  44.6%  95.0 1370s
 363717 70172 2416.65236   56   70 4270.39000 2366.00723  44.6%  95.0 1375s
 365007 70248 3436.56027   57   55 4270.39000 2366.23414  44.6%  95.1 1380s
 366489 70404     cutoff   61      4270.39000 2366.51316  44.6%  95.1 1385s
 367964 70585 infeasible   61      4270.39000 2366.72072  44.6%  95.1 1390s
 369177 70668 3374.94469   58   61 4270.39000 2366.89744  44.6%  95.1 1395s
 370627 70800 2384.23384   54   87 4270.39000 2367.14305  44.6%  95.1 1400s
 371809 70887 infeasible   45      4270.39000 2367.33767  44.6%  95.1 1405s
 373229 70973 3537.61215   53   85 4270.39000 2367.53065  44.6%  95.1 1410s
 374611 71073     cutoff   52      4270.39000 2367.73953  44.6%  95.2 1415s
 375851 71208     cutoff   68      4270.39000 2367.94137  44.5%  95.2 1420s
 377262 71327 2379.99433   49   86 4270.39000 2368.14428  44.5%  95.2 1425s
 378667 71446 infeasible   58      4270.39000 2368.42613  44.5%  95.2 1430s
 379795 71479 3835.34373   49   61 4270.39000 2368.61419  44.5%  95.2 1435s
 380944 71540     cutoff   53      4270.39000 2368.76396  44.5%  95.2 1440s
 382250 71647     cutoff   46      4270.39000 2368.96088  44.5%  95.3 1445s
 383638 71743     cutoff   39      4270.39000 2369.21014  44.5%  95.3 1450s
 385034 71895 infeasible   54      4270.39000 2369.38502  44.5%  95.3 1455s
 386414 72008 2627.51735   51   78 4270.39000 2369.63502  44.5%  95.3 1460s
 387864 72100     cutoff   53      4270.39000 2369.83403  44.5%  95.3 1465s
 389238 72240 infeasible   47      4270.39000 2369.99407  44.5%  95.3 1470s
 390617 72373 2642.54947   52   70 4270.39000 2370.20694  44.5%  95.4 1475s
 391802 72451 infeasible   51      4270.39000 2370.36674  44.5%  95.4 1480s
 393125 72579 infeasible   56      4270.39000 2370.58726  44.5%  95.4 1485s
 394575 72665 infeasible   59      4270.39000 2370.81632  44.5%  95.4 1490s
 395823 72698 2775.57493   48   81 4270.39000 2371.05003  44.5%  95.5 1495s
 397164 72766 2699.75646   52   72 4270.39000 2371.22773  44.5%  95.5 1500s
 398535 72903 3440.50882   56   58 4270.39000 2371.45209  44.5%  95.5 1505s
 399791 72954 3443.51022   62   69 4270.39000 2371.65767  44.5%  95.5 1510s
 401043 73048 infeasible   62      4270.39000 2371.82787  44.5%  95.5 1515s
 402291 73105 2372.04962   53   44 4270.39000 2372.04962  44.5%  95.5 1520s
 403803 73210     cutoff   54      4270.39000 2372.28938  44.4%  95.6 1525s
 405000 73264 infeasible   58      4270.39000 2372.47318  44.4%  95.6 1530s
 406569 73323     cutoff   55      4270.39000 2372.74325  44.4%  95.6 1535s
 407734 73430 infeasible   51      4270.39000 2372.90550  44.4%  95.6 1540s
 409306 73542 2933.57490   46   57 4270.39000 2373.14465  44.4%  95.6 1545s
 410543 73573 2422.35499   54   76 4270.39000 2373.39047  44.4%  95.6 1550s
 411915 73645     cutoff   47      4270.39000 2373.59236  44.4%  95.7 1555s
 413142 73751     cutoff   37      4270.39000 2373.78637  44.4%  95.7 1560s
 414248 73814 3557.86935   48   57 4270.39000 2373.96454  44.4%  95.7 1565s
 415549 73899 infeasible   44      4270.39000 2374.16781  44.4%  95.7 1570s
 417127 74057 2514.50073   59   95 4270.39000 2374.37918  44.4%  95.8 1575s
 418502 74162     cutoff   41      4270.39000 2374.60254  44.4%  95.8 1580s
 419863 74277 infeasible   52      4270.39000 2374.78813  44.4%  95.8 1585s
 421172 74348 3463.19357   67   41 4270.39000 2374.99514  44.4%  95.8 1590s
 422533 74441 infeasible   59      4270.39000 2375.22377  44.4%  95.8 1595s
 423800 74504 2868.26005   36   90 4270.39000 2375.42786  44.4%  95.9 1600s
 424925 74525 3596.31736   61   80 4270.39000 2375.60683  44.4%  95.9 1605s
 426378 74597 2379.91352   48   75 4270.39000 2375.81328  44.4%  95.9 1610s
 427500 74645 infeasible   66      4270.39000 2375.98032  44.4%  95.9 1615s
 428900 74692 2396.48092   54   83 4270.39000 2376.22215  44.4%  96.0 1620s
 430262 74795     cutoff   49      4270.39000 2376.43742  44.4%  96.0 1625s
 431668 74812 infeasible   55      4270.39000 2376.69143  44.3%  96.0 1630s
 432879 74857 3591.78848   59   81 4270.39000 2376.86631  44.3%  96.0 1635s
 434276 74928 infeasible   55      4270.39000 2377.07035  44.3%  96.0 1640s
 435770 75012 infeasible   60      4270.39000 2377.27345  44.3%  96.0 1645s
 437058 75095 2644.90212   62   80 4270.39000 2377.44930  44.3%  96.1 1650s
 438589 75172 3005.63311   50   96 4270.39000 2377.66961  44.3%  96.1 1655s
 439934 75278     cutoff   50      4270.39000 2377.84287  44.3%  96.1 1660s
 441325 75292 2849.60963   46   76 4270.39000 2378.06742  44.3%  96.1 1665s
 442739 75385 3348.18108   49   71 4270.39000 2378.26780  44.3%  96.1 1670s
 443956 75419 infeasible   57      4270.39000 2378.43023  44.3%  96.1 1675s
 445284 75456 infeasible   48      4270.39000 2378.70439  44.3%  96.2 1680s
 446642 75436 3386.72364   41   39 4270.39000 2378.94397  44.3%  96.2 1685s
 447867 75409 infeasible   55      4270.39000 2379.16095  44.3%  96.2 1690s
 449029 75444 infeasible   55      4270.39000 2379.34042  44.3%  96.2 1695s
 450512 75451 3420.87076   43   66 4270.39000 2379.59192  44.3%  96.3 1700s
 451848 75535 infeasible   56      4270.39000 2379.81541  44.3%  96.3 1705s
 453245 75575     cutoff   41      4270.39000 2380.05140  44.3%  96.3 1710s
 454374 75604 infeasible   53      4270.39000 2380.21623  44.3%  96.3 1715s
 455687 75635 3332.95462   53   74 4270.39000 2380.45587  44.3%  96.3 1720s
 456767 75670 3730.62224   49   97 4270.39000 2380.63517  44.3%  96.4 1725s
 458044 75674 3464.03297   55   55 4270.39000 2380.88675  44.2%  96.4 1730s
 459342 75727 infeasible   49      4270.39000 2381.06614  44.2%  96.4 1735s
 460643 75735     cutoff   58      4270.39000 2381.29379  44.2%  96.4 1740s
 462008 75770 3442.18722   57   47 4270.39000 2381.52666  44.2%  96.5 1745s
 463316 75849 infeasible   53      4270.39000 2381.72426  44.2%  96.5 1750s
 464645 75892 infeasible   65      4270.39000 2381.94598  44.2%  96.5 1755s
 465765 75928 infeasible   65      4270.39000 2382.12615  44.2%  96.5 1760s
 466913 75916 3627.79485   48   58 4270.39000 2382.33528  44.2%  96.5 1765s
 467994 75931 3564.24228   62   70 4270.39000 2382.53097  44.2%  96.6 1770s
 469392 75988 3093.33787   48   86 4270.39000 2382.71628  44.2%  96.6 1775s
 470996 75987     cutoff   62      4270.39000 2382.97216  44.2%  96.6 1780s
 472310 76039 3077.60773   53   94 4270.39000 2383.14664  44.2%  96.6 1785s
 473602 76105 2401.09357   48   90 4270.39000 2383.31805  44.2%  96.7 1790s
 475045 76187     cutoff   59      4270.39000 2383.54323  44.2%  96.7 1795s
 476254 76183 3417.61094   63   71 4270.39000 2383.78884  44.2%  96.7 1800s
 477667 76236 2426.41048   46   94 4270.39000 2383.98439  44.2%  96.7 1805s
 478964 76304 2458.97264   58   91 4270.39000 2384.16890  44.2%  96.7 1810s
 479952 76326 3422.26136   45   53 4270.39000 2384.32388  44.2%  96.8 1815s
 480985 76348 3416.80664   65   42 4270.39000 2384.49072  44.2%  96.8 1820s
 482373 76385 infeasible   55      4270.39000 2384.71051  44.2%  96.8 1825s
 483590 76415 3608.26016   50   47 4270.39000 2384.87756  44.2%  96.8 1830s
 484973 76452 2477.88613   55   69 4270.39000 2385.18942  44.1%  96.8 1835s
 486277 76484 infeasible   49      4270.39000 2385.36033  44.1%  96.8 1840s
 487641 76542 3480.52182   57   50 4270.39000 2385.57564  44.1%  96.8 1845s
 488840 76531     cutoff   60      4270.39000 2385.78854  44.1%  96.9 1850s
 490194 76535 3513.12892   54   75 4270.39000 2386.01411  44.1%  96.9 1855s
 491558 76550 2626.13187   56   40 4270.39000 2386.25783  44.1%  96.9 1860s
 492867 76525 3466.65537   55   71 4270.39000 2386.50468  44.1%  96.9 1865s
 493912 76510 3376.81680   52   50 4270.39000 2386.67024  44.1%  97.0 1870s
 495141 76512 infeasible   62      4270.39000 2386.88956  44.1%  97.0 1875s
 496549 76537     cutoff   57      4270.39000 2387.10470  44.1%  97.0 1880s
 497613 76586     cutoff   52      4270.39000 2387.29667  44.1%  97.0 1885s
 499059 76627 3393.15178   52   91 4270.39000 2387.51874  44.1%  97.1 1890s
 500354 76648 infeasible   56      4270.39000 2387.78586  44.1%  97.1 1895s
 501593 76701 infeasible   46      4270.39000 2387.97418  44.1%  97.1 1900s
 502895 76708 3408.53709   54   59 4270.39000 2388.19096  44.1%  97.1 1905s
 504100 76688 2435.69227   51   98 4270.39000 2388.40544  44.1%  97.2 1910s
 505366 76698 infeasible   50      4270.39000 2388.63333  44.1%  97.2 1915s
 506603 76696 3421.97984   48   70 4270.39000 2388.85055  44.1%  97.2 1920s
 508031 76753 3436.29974   54   36 4270.39000 2389.07812  44.1%  97.2 1925s
 509518 76820 3424.97110   55   54 4270.39000 2389.31235  44.0%  97.2 1930s
 510622 76818 2608.48974   40  107 4270.39000 2389.47829  44.0%  97.3 1935s
 511921 76803 3390.88860   61   61 4270.39000 2389.69696  44.0%  97.3 1940s
 513303 76845 infeasible   69      4270.39000 2389.90115  44.0%  97.3 1945s
 514485 76856 2420.61547   55   67 4270.39000 2390.10727  44.0%  97.3 1950s
 515788 76903 2398.42517   63   68 4270.39000 2390.31507  44.0%  97.3 1955s
 517116 76958     cutoff   67      4270.39000 2390.48141  44.0%  97.3 1960s
 518218 76990 infeasible   56      4270.39000 2390.64947  44.0%  97.3 1965s
 519613 77005 3505.72050   46   67 4270.39000 2390.88527  44.0%  97.3 1970s
 521053 77060     cutoff   61      4270.39000 2391.11143  44.0%  97.3 1975s
 522318 77032 infeasible   53      4270.39000 2391.34036  44.0%  97.3 1980s
 523685 77031 infeasible   58      4270.39000 2391.59090  44.0%  97.3 1985s
 525011 76995 infeasible   58      4270.39000 2391.85423  44.0%  97.4 1990s
 526298 76987 3543.51827   59   54 4270.39000 2392.06340  44.0%  97.4 1995s
 527504 77015 infeasible   64      4270.39000 2392.26957  44.0%  97.4 2000s
 528857 76982 2402.39748   57   85 4270.39000 2392.50860  44.0%  97.4 2005s
 530239 77008 infeasible   57      4270.39000 2392.71819  44.0%  97.4 2010s
 531514 77014     cutoff   51      4270.39000 2392.93881  44.0%  97.4 2015s
 532881 76995     cutoff   64      4270.39000 2393.11806  44.0%  97.4 2020s
 534181 76959     cutoff   58      4270.39000 2393.38236  44.0%  97.4 2025s
 535359 76925 2810.98167   52   68 4270.39000 2393.58763  43.9%  97.4 2030s
 536902 76877 infeasible   51      4270.39000 2393.88743  43.9%  97.5 2035s
 538173 76836 2438.76565   46   83 4270.39000 2394.12834  43.9%  97.5 2040s
 539447 76803 3404.65316   53   72 4270.39000 2394.39140  43.9%  97.5 2045s
 540790 76727 infeasible   59      4270.39000 2394.66972  43.9%  97.5 2050s
 542039 76726 infeasible   52      4270.39000 2394.89957  43.9%  97.6 2055s
 543260 76683     cutoff   44      4270.39000 2395.14411  43.9%  97.6 2060s
 544742 76652 2530.59595   55   76 4270.39000 2395.41625  43.9%  97.6 2065s
 545986 76618 infeasible   60      4270.39000 2395.60548  43.9%  97.6 2070s
 547039 76655 infeasible   49      4270.39000 2395.77165  43.9%  97.6 2075s
 548498 76606 2405.62500   54   66 4270.39000 2396.03693  43.9%  97.7 2080s
 549852 76587 3467.92824   55   59 4270.39000 2396.27520  43.9%  97.7 2085s
 551147 76593 infeasible   52      4270.39000 2396.49867  43.9%  97.7 2090s
 552534 76592 infeasible   55      4270.39000 2396.75798  43.9%  97.7 2095s
 553830 76572 infeasible   55      4270.39000 2396.98720  43.9%  97.7 2100s
 555172 76541 infeasible   50      4270.39000 2397.20258  43.9%  97.7 2105s
 556513 76536 infeasible   58      4270.39000 2397.46656  43.9%  97.7 2110s
 557622 76443     cutoff   59      4270.39000 2397.70806  43.9%  97.8 2115s
 558822 76419 infeasible   57      4270.39000 2397.94037  43.8%  97.8 2120s
 560220 76393 infeasible   62      4270.39000 2398.19326  43.8%  97.8 2125s
 561489 76367     cutoff   56      4270.39000 2398.45295  43.8%  97.8 2130s
 562830 76360     cutoff   48      4270.39000 2398.71085  43.8%  97.8 2135s
 564083 76305 infeasible   37      4270.39000 2398.94517  43.8%  97.8 2140s
 565428 76290 infeasible   78      4270.39000 2399.18865  43.8%  97.8 2145s
 566909 76265     cutoff   57      4270.39000 2399.48904  43.8%  97.9 2150s
 568219 76260 3368.78266   57   49 4270.39000 2399.71478  43.8%  97.9 2155s
 569510 76218 infeasible   54      4270.39000 2399.96823  43.8%  97.9 2160s
 570876 76193 3729.61518   52   79 4270.39000 2400.21191  43.8%  97.9 2165s
 572371 76209 infeasible   48      4270.39000 2400.49768  43.8%  97.9 2170s
 573631 76164 infeasible   56      4270.39000 2400.72678  43.8%  97.9 2175s
 575062 76121 2501.56471   56   80 4270.39000 2400.95785  43.8%  97.9 2180s
 576493 76059 3385.57437   49   60 4270.39000 2401.29004  43.8%  97.9 2185s
 577902 76053 3485.38437   62   63 4270.39000 2401.54605  43.8%  97.9 2190s
 579016 76029     cutoff   55      4270.39000 2401.78342  43.8%  98.0 2195s
 580120 76013 infeasible   57      4270.39000 2402.00675  43.8%  98.0 2200s
 581456 75932 3408.59010   60   23 4270.39000 2402.29541  43.7%  98.0 2205s
 582751 75927 3475.91553   53   72 4270.39000 2402.52934  43.7%  98.0 2210s
 584144 75909 infeasible   59      4270.39000 2402.76839  43.7%  98.0 2215s
 585300 75877 3288.71056   58   78 4270.39000 2402.99294  43.7%  98.0 2220s
 586530 75840 infeasible   55      4270.39000 2403.21508  43.7%  98.0 2225s
 587763 75777 infeasible   52      4270.39000 2403.46949  43.7%  98.0 2230s
 589142 75742 3501.13965   54   84 4270.39000 2403.76755  43.7%  98.1 2235s
 590395 75732 3715.19885   51   70 4270.39000 2404.01612  43.7%  98.1 2240s
 591731 75696 3400.45726   53   75 4270.39000 2404.28167  43.7%  98.1 2245s
 593093 75671 2586.97542   51   90 4270.39000 2404.56387  43.7%  98.1 2250s
 594315 75651 2459.52358   67   75 4270.39000 2404.74391  43.7%  98.1 2255s
 595505 75615     cutoff   55      4270.39000 2405.02545  43.7%  98.1 2260s
 596777 75571     cutoff   60      4270.39000 2405.30197  43.7%  98.1 2265s
 598089 75512 infeasible   62      4270.39000 2405.58020  43.7%  98.2 2270s
 599662 75502 3436.19758   55   63 4270.39000 2405.88922  43.7%  98.2 2275s
 600975 75468     cutoff   50      4270.39000 2406.13392  43.7%  98.2 2280s
 602359 75474 2528.66985   61   83 4270.39000 2406.33930  43.7%  98.2 2285s
 603680 75452 infeasible   55      4270.39000 2406.62679  43.6%  98.2 2290s
 604949 75420 infeasible   60      4270.39000 2406.89896  43.6%  98.2 2295s
 606305 75383     cutoff   54      4270.39000 2407.18135  43.6%  98.2 2300s
 607671 75335 3841.53939   54   71 4270.39000 2407.44643  43.6%  98.2 2305s
 608877 75230 2919.07560   64   78 4270.39000 2407.74032  43.6%  98.2 2310s
 610187 75198 infeasible   53      4270.39000 2408.02264  43.6%  98.3 2315s
 611373 75167     cutoff   46      4270.39000 2408.30678  43.6%  98.3 2320s
 612831 75146 2663.07055   48   79 4270.39000 2408.56969  43.6%  98.3 2325s
 613867 75133 infeasible   62      4270.39000 2408.79583  43.6%  98.3 2330s
 615399 75073 3404.77428   67   63 4270.39000 2409.08397  43.6%  98.3 2335s
 616731 75041 3423.13584   66   66 4270.39000 2409.37297  43.6%  98.3 2340s
 618177 74997 infeasible   71      4270.39000 2409.72740  43.6%  98.3 2345s
 619602 74970 infeasible   55      4270.39000 2410.00911  43.6%  98.3 2350s
 620512 74875     cutoff   48      4270.39000 2410.23130  43.6%  98.3 2355s
 621823 74796 infeasible   54      4270.39000 2410.57254  43.6%  98.4 2360s
 623163 74718 infeasible   51      4270.39000 2410.90884  43.5%  98.4 2365s
 624488 74666     cutoff   59      4270.39000 2411.15899  43.5%  98.4 2370s
 625840 74626     cutoff   68      4270.39000 2411.44190  43.5%  98.4 2375s
 627142 74596 3408.31900   61   66 4270.39000 2411.74222  43.5%  98.4 2380s
 628440 74551 2560.21419   34   83 4270.39000 2412.02565  43.5%  98.4 2385s
 629741 74470 infeasible   55      4270.39000 2412.28110  43.5%  98.4 2390s
 631164 74432     cutoff   62      4270.39000 2412.58078  43.5%  98.4 2395s
 632509 74355 infeasible   65      4270.39000 2412.90235  43.5%  98.4 2400s
 633799 74284 3407.97131   71   61 4270.39000 2413.23011  43.5%  98.5 2405s
 635019 74244 2588.00871   48   58 4270.39000 2413.51777  43.5%  98.5 2410s
 636271 74153     cutoff   51      4270.39000 2413.85637  43.5%  98.5 2415s
 637654 74100 2417.60246   52   77 4270.39000 2414.16641  43.5%  98.5 2420s
 638996 74005 2765.43143   68   86 4270.39000 2414.54150  43.5%  98.5 2425s
 640334 73909 3545.30363   59   81 4270.39000 2414.87388  43.5%  98.5 2430s
 641468 73878 3468.79703   62   94 4270.39000 2415.14865  43.4%  98.5 2435s
 642754 73825 infeasible   62      4270.39000 2415.43266  43.4%  98.5 2440s
 644279 73760 infeasible   62      4270.39000 2415.84003  43.4%  98.5 2445s
 645599 73711 infeasible   57      4270.39000 2416.18258  43.4%  98.5 2450s
 646898 73659     cutoff   45      4270.39000 2416.51776  43.4%  98.6 2455s
 648160 73577 infeasible   56      4270.39000 2416.82634  43.4%  98.6 2460s
 649337 73518     cutoff   67      4270.39000 2417.07321  43.4%  98.6 2465s
 650694 73453 infeasible   52      4270.39000 2417.43033  43.4%  98.6 2470s
 652016 73368 infeasible   55      4270.39000 2417.77419  43.4%  98.6 2475s
 653323 73261 infeasible   68      4270.39000 2418.09288  43.4%  98.6 2480s
 654570 73198 2515.79862   69   80 4270.39000 2418.38832  43.4%  98.6 2485s
 655799 73101 infeasible   61      4270.39000 2418.70755  43.4%  98.6 2490s
 657148 73038     cutoff   48      4270.39000 2419.07153  43.4%  98.6 2495s
 658442 72953 3712.38479   54   43 4270.39000 2419.38630  43.3%  98.7 2500s
 659854 72829 3509.67068   44   94 4270.39000 2419.71119  43.3%  98.7 2505s
 661234 72756 2629.98729   47   99 4270.39000 2420.07452  43.3%  98.7 2510s
 662568 72645     cutoff   54      4270.39000 2420.38719  43.3%  98.7 2515s
 663856 72584     cutoff   62      4270.39000 2420.73721  43.3%  98.7 2520s
 665173 72488     cutoff   64      4270.39000 2421.07516  43.3%  98.7 2525s
 666526 72404 infeasible   56      4270.39000 2421.40202  43.3%  98.7 2530s
 667887 72388 3471.63662   48   70 4270.39000 2421.71856  43.3%  98.7 2535s
 668906 72322 infeasible   55      4270.39000 2422.00919  43.3%  98.7 2540s
 670427 72246 infeasible   63      4270.39000 2422.45617  43.3%  98.8 2545s
 671747 72171 infeasible   58      4270.39000 2422.82032  43.3%  98.8 2550s
 673078 72067     cutoff   65      4270.39000 2423.18606  43.3%  98.8 2555s
 674649 72008     cutoff   46      4270.39000 2423.55884  43.2%  98.8 2560s
 675744 71897 infeasible   60      4270.39000 2423.86155  43.2%  98.8 2565s
 676730 71809 2457.87999   61   79 4270.39000 2424.15757  43.2%  98.8 2570s
 678212 71682     cutoff   52      4270.39000 2424.58001  43.2%  98.8 2575s
 679510 71577     cutoff   52      4270.39000 2424.97253  43.2%  98.8 2580s
 680734 71505 3141.56093   56   84 4270.39000 2425.32976  43.2%  98.8 2585s
 682132 71458 infeasible   55      4270.39000 2425.68673  43.2%  98.8 2590s
 683511 71326 3476.94945   52   76 4270.39000 2426.11111  43.2%  98.9 2595s
 684825 71242 infeasible   69      4270.39000 2426.42962  43.2%  98.9 2600s
 686199 71108 3478.38562   59   90 4270.39000 2426.87659  43.2%  98.9 2605s
 687578 70983 infeasible   57      4270.39000 2427.29737  43.2%  98.9 2610s
 689055 70848 infeasible   65      4270.39000 2427.75683  43.1%  98.9 2615s
 690283 70726 3553.63051   66   89 4270.39000 2428.15306  43.1%  98.9 2620s
 691544 70619 3443.09812   65   60 4270.39000 2428.49772  43.1%  98.9 2625s
 692913 70463 infeasible   65      4270.39000 2429.00676  43.1%  98.9 2630s
 694173 70349 infeasible   78      4270.39000 2429.42589  43.1%  98.9 2635s
 695418 70243 infeasible   69      4270.39000 2429.79019  43.1%  98.9 2640s
 696718 70131 infeasible   63      4270.39000 2430.25257  43.1%  98.9 2645s
 698116 70008 infeasible   71      4270.39000 2430.70848  43.1%  99.0 2650s
 699419 69862 3410.83932   66   71 4270.39000 2431.13012  43.1%  99.0 2655s
 700576 69762 2588.02244   62   66 4270.39000 2431.46766  43.1%  99.0 2660s
 701576 69636     cutoff   62      4270.39000 2431.82314  43.1%  99.0 2665s
 702873 69530 infeasible   66      4270.39000 2432.26840  43.0%  99.0 2670s
 704139 69393     cutoff   59      4270.39000 2432.72840  43.0%  99.0 2675s
 705666 69297 2609.87292   40   74 4270.39000 2433.23819  43.0%  99.0 2680s
 706981 69159 infeasible   48      4270.39000 2433.70236  43.0%  99.0 2685s
 708226 69020 3499.06378   52   57 4270.39000 2434.17972  43.0%  99.1 2690s
 709577 68889 3452.04317   72   81 4270.39000 2434.63635  43.0%  99.1 2695s
 711044 68760 infeasible   50      4270.39000 2435.25114  43.0%  99.1 2700s
 712213 68646 infeasible   55      4270.39000 2435.73095  43.0%  99.1 2705s
 713474 68554 3640.43142   51   53 4270.39000 2436.23944  43.0%  99.1 2710s
 714617 68433 infeasible   62      4270.39000 2436.71788  42.9%  99.1 2715s
 716132 68272     cutoff   57      4270.39000 2437.28068  42.9%  99.2 2720s
 717416 68131 2559.88895   59   88 4270.39000 2437.81316  42.9%  99.2 2725s
 718744 68033 3421.50087   49   70 4270.39000 2438.34546  42.9%  99.2 2730s
 720097 67906 3487.11944   55   76 4270.39000 2438.91695  42.9%  99.2 2735s
 721378 67782 2440.99015   58   82 4270.39000 2439.41987  42.9%  99.2 2740s
 722728 67682 infeasible   65      4270.39000 2439.91099  42.9%  99.2 2745s
 723994 67546 infeasible   56      4270.39000 2440.38536  42.9%  99.2 2750s
 725402 67470 2690.33355   57   86 4270.39000 2441.01733  42.8%  99.2 2755s
 726760 67334 3441.64613   50   82 4270.39000 2441.47501  42.8%  99.2 2760s
 728234 67161 4084.89785   56   40 4270.39000 2442.06973  42.8%  99.2 2765s
 729332 67038     cutoff   56      4270.39000 2442.54463  42.8%  99.2 2770s
 730537 66900 infeasible   63      4270.39000 2443.12321  42.8%  99.2 2775s
 732099 66781     cutoff   56      4270.39000 2443.74237  42.8%  99.2 2780s
 733484 66687 infeasible   54      4270.39000 2444.35107  42.8%  99.2 2785s
 734862 66551     cutoff   61      4270.39000 2444.98619  42.7%  99.2 2790s
 736109 66449 3513.93330   67   82 4270.39000 2445.53116  42.7%  99.3 2795s
 737354 66339 infeasible   62      4270.39000 2446.08869  42.7%  99.3 2800s
 738361 66232 infeasible   51      4270.39000 2446.60979  42.7%  99.3 2805s
 739832 66054 infeasible   68      4270.39000 2447.23887  42.7%  99.3 2810s
 741188 65958 3351.59233   48   50 4270.39000 2447.90723  42.7%  99.3 2815s
 742494 65844 infeasible   67      4270.39000 2448.49872  42.7%  99.3 2820s
 743872 65747     cutoff   63      4270.39000 2449.13418  42.6%  99.3 2825s
 745403 65583 2478.58985   62   74 4270.39000 2449.85091  42.6%  99.3 2830s
 746734 65408 3454.24133   68   67 4270.39000 2450.52830  42.6%  99.3 2835s
 748065 65271 2838.58916   61   76 4270.39000 2451.27198  42.6%  99.3 2840s
 749578 65087 2553.82356   50   78 4270.39000 2452.04721  42.6%  99.3 2845s
 750761 64958 3494.53197   65   61 4270.39000 2452.70699  42.6%  99.3 2850s
 752127 64814 infeasible   52      4270.39000 2453.45117  42.5%  99.3 2855s
 753664 64634 infeasible   70      4270.39000 2454.36027  42.5%  99.3 2860s
 754850 64469     cutoff   58      4270.39000 2454.99719  42.5%  99.4 2865s
 756204 64337 3554.35228   73   63 4270.39000 2455.77038  42.5%  99.4 2870s
 757423 64222 infeasible   45      4270.39000 2456.35474  42.5%  99.4 2875s
 759023 64097 3666.42857   56   69 4270.39000 2457.22489  42.5%  99.4 2880s
 760421 63980 2616.82016   64   81 4270.39000 2458.09133  42.4%  99.4 2885s
 761783 63838 infeasible   47      4270.39000 2458.88210  42.4%  99.4 2890s
 763093 63684     cutoff   60      4270.39000 2459.64058  42.4%  99.4 2895s
 764396 63549 3507.53549   59   44 4270.39000 2460.48186  42.4%  99.4 2900s
 765728 63385 3353.36267   57   48 4270.39000 2461.26660  42.4%  99.4 2905s
 766961 63228 infeasible   72      4270.39000 2462.18679  42.3%  99.4 2910s
 767749 63123 2635.99254   72   88 4270.39000 2462.64477  42.3%  99.4 2915s
 769111 62942 2489.51029   62   78 4270.39000 2463.44935  42.3%  99.4 2920s
 770390 62806 infeasible   53      4270.39000 2464.24465  42.3%  99.4 2925s
 771658 62670 3484.21434   56   70 4270.39000 2465.12609  42.3%  99.4 2930s
 772904 62505 2838.30725   45  106 4270.39000 2466.12401  42.3%  99.4 2935s
 774418 62306 2482.21919   48   89 4270.39000 2467.24026  42.2%  99.5 2940s
 775867 62204 3343.65374   49   56 4270.39000 2468.09495  42.2%  99.5 2945s
 776994 62007 infeasible   44      4270.39000 2469.11165  42.2%  99.5 2950s
 778262 61822 3781.00190   54   72 4270.39000 2470.12717  42.2%  99.5 2955s
 779498 61648 infeasible   55      4270.39000 2471.03332  42.1%  99.5 2960s
 780767 61489 infeasible   58      4270.39000 2472.20490  42.1%   100 2965s
 782013 61280 2931.28703   50   53 4270.39000 2473.28844  42.1%   100 2970s
 783227 61105 2816.48406   59   94 4270.39000 2474.30172  42.1%   100 2975s
 784695 60903 3398.93657   65   61 4270.39000 2475.86473  42.0%   100 2980s
 785965 60690 2651.98182   73   94 4270.39000 2477.27364  42.0%   100 2985s
 787459 60490 2556.29732   56   90 4270.39000 2478.67747  42.0%   100 2990s
 788728 60344 infeasible   59      4270.39000 2479.92504  41.9%   100 2995s
 790149 60120     cutoff   52      4270.39000 2481.58689  41.9%   100 3000s
 791375 59935     cutoff   58      4270.39000 2483.14320  41.9%   100 3005s
 792835 59729     cutoff   57      4270.39000 2484.83049  41.8%   100 3010s
 794110 59575     cutoff   66      4270.39000 2486.12801  41.8%   100 3015s
 795393 59342 infeasible   58      4270.39000 2487.81756  41.7%   100 3020s
 796782 59162 infeasible   56      4270.39000 2489.71629  41.7%   100 3025s
 798073 58971 infeasible   49      4270.39000 2491.52541  41.7%   100 3030s
 799415 58797 infeasible   77      4270.39000 2493.42811  41.6%   100 3035s
 800647 58619 infeasible   60      4270.39000 2494.84338  41.6%   100 3040s
 801912 58486 3073.03470   69   70 4270.39000 2496.72741  41.5%   100 3045s
 803316 58263     cutoff   48      4270.39000 2499.11288  41.5%   100 3050s
 804562 58095 2773.74428   56   69 4270.39000 2501.23271  41.4%   100 3055s
 805871 57962 3475.96065   66   82 4270.39000 2503.49232  41.4%   100 3060s
 807135 57794 3517.93888   76   75 4270.39000 2505.65598  41.3%   100 3065s
 808174 57673     cutoff   61      4270.39000 2507.29464  41.3%   100 3070s
 809512 57500 infeasible   53      4270.39000 2509.69404  41.2%   100 3075s
 810806 57303 3543.05746   64   65 4270.39000 2512.07910  41.2%   100 3080s
 812263 57064 infeasible   57      4270.39000 2514.99362  41.1%   100 3085s
 813435 56879 2722.39811   54   75 4270.39000 2517.78470  41.0%   100 3090s
 814811 56662 2960.31649   62   97 4270.39000 2521.06436  41.0%   100 3095s
 816243 56521 3345.31871   52   62 4270.39000 2524.12960  40.9%   100 3100s
 817453 56365 infeasible   46      4270.39000 2526.96403  40.8%   100 3105s
 818720 56165     cutoff   53      4270.39000 2530.00394  40.8%   100 3110s
 820066 55992     cutoff   64      4270.39000 2533.73573  40.7%   100 3115s
 821522 55751 3163.36966   60   88 4270.39000 2537.60483  40.6%   100 3120s
 822821 55541 3559.59495   59   58 4270.39000 2540.97455  40.5%   100 3125s
 824101 55359 3378.63708   51   42 4270.39000 2545.63466  40.4%   100 3130s
 825322 55216 infeasible   65      4270.39000 2549.20462  40.3%   100 3135s
 826913 55005 2581.10662   52   78 4270.39000 2554.93257  40.2%   100 3140s
 828172 54821     cutoff   56      4270.39000 2559.20169  40.1%   100 3145s
 829515 54690 3405.96442   51   39 4270.39000 2563.82672  40.0%   100 3150s
 830868 54551 2662.40562   52   89 4270.39000 2568.57999  39.9%   100 3155s
 832164 54344     cutoff   63      4270.39000 2574.34929  39.7%   100 3160s
 833452 54142 4048.47023   70   86 4270.39000 2579.87781  39.6%   100 3165s
 834743 53961 3564.50881   73   50 4270.39000 2584.83862  39.5%   100 3170s
 836085 53779 2726.42864   54   96 4270.39000 2590.78056  39.3%   100 3175s
 837515 53643 infeasible   52      4270.39000 2596.70196  39.2%   100 3180s
 838897 53472     cutoff   63      4270.39000 2602.70296  39.1%   100 3185s
 840343 53358     cutoff   57      4270.39000 2608.57148  38.9%   100 3190s
 841852 53151 3371.86076   53   57 4270.39000 2615.43972  38.8%   100 3195s
 843354 53008 infeasible   49      4270.39000 2621.46880  38.6%   100 3200s
 844629 52928     cutoff   51      4270.39000 2626.91130  38.5%   100 3205s
 846022 52792 3778.19566   54   99 4270.39000 2633.97107  38.3%   100 3210s
 847461 52634 3357.96790   53   39 4270.39000 2641.54960  38.1%   100 3215s
 848870 52557 3339.83197   54   43 4270.39000 2649.07812  38.0%   100 3220s
 850387 52403 infeasible   60      4270.39000 2657.21006  37.8%   100 3225s
 851885 52238 2671.79854   60   74 4270.39000 2665.39096  37.6%   100 3230s
 853476 52152 3395.34074   37   33 4270.39000 2672.83614  37.4%   100 3235s
 854663 52034 3429.15125   46   32 4270.39000 2679.03746  37.3%   100 3240s
 856149 51916 3439.52621   68   57 4270.39000 2687.87959  37.1%  99.5 3245s
 857653 51691     cutoff   57      4270.39000 2699.83430  36.8%  99.5 3250s
 858885 51501 3516.27793   53   69 4270.39000 2709.17922  36.6%  99.5 3255s
 860320 51413 infeasible   51      4270.39000 2718.37368  36.3%  99.5 3260s
 861656 51251 3374.64061   53   77 4270.39000 2728.51314  36.1%  99.5 3265s
 863199 51064 2742.74639   49   58 4270.39000 2740.22921  35.8%  99.4 3270s
 864503 50867     cutoff   57      4270.39000 2752.78787  35.5%  99.4 3275s
 865854 50695 3428.16087   58   78 4270.39000 2763.03195  35.3%  99.4 3280s
 867109 50531 2775.97931   52   50 4270.39000 2775.61272  35.0%  99.4 3285s
 868517 50339 2796.30578   54   63 4270.39000 2786.73501  34.7%  99.4 3290s
 870101 50182 3027.52321   51   40 4270.39000 2801.63069  34.4%  99.4 3295s
 871371 50110 3360.59092   53   52 4270.39000 2812.86586  34.1%  99.3 3300s
 872581 50056 2832.10554   46   74 4270.39000 2823.08746  33.9%  99.3 3305s
 874035 49978 3342.64496   56   45 4270.39000 2835.78047  33.6%  99.3 3310s
 875381 49819 3791.97009   56   85 4270.39000 2847.84322  33.3%  99.3 3315s
 876737 49798     cutoff   58      4270.39000 2857.50502  33.1%  99.3 3320s
 878287 49680 3401.39375   59   74 4270.39000 2870.09500  32.8%  99.3 3325s
 879798 49564 3328.77912   60   36 4270.39000 2882.24748  32.5%  99.2 3330s
 881309 49594     cutoff   60      4270.39000 2893.03834  32.3%  99.2 3335s
 882757 49465 3434.00721   51   83 4270.39000 2906.16131  31.9%  99.2 3340s
 884028 49368     cutoff   56      4270.39000 2917.80375  31.7%  99.2 3345s
 885671 49183 3345.01463   39   41 4270.39000 2935.03268  31.3%  99.2 3350s
 887028 49032 3401.33499   53   43 4270.39000 2949.78971  30.9%  99.2 3355s
 888608 48900     cutoff   60      4270.39000 2969.24937  30.5%  99.1 3360s
 890146 48736     cutoff   51      4270.39000 2988.47506  30.0%  99.1 3365s
 891423 48563 3010.57243   53   99 4270.39000 3008.62460  29.5%  99.1 3370s
 893021 48480 3433.48958   59   62 4270.39000 3032.61204  29.0%  99.1 3375s
 894352 48311 3362.86967   54   61 4270.39000 3053.92454  28.5%  99.1 3380s
 895804 48132 3390.30645   53   43 4270.39000 3075.48207  28.0%  99.1 3385s
 897270 47967 3556.26417   53   77 4270.39000 3100.33510  27.4%  99.1 3390s
 898899 47832 3432.83813   60   47 4270.39000 3124.45298  26.8%  99.0 3395s
 900352 47745     cutoff   61      4270.39000 3145.56798  26.3%  99.0 3400s
 901841 47673 3402.33587   62   64 4270.39000 3167.14761  25.8%  99.0 3405s
 903293 47600     cutoff   61      4270.39000 3188.24830  25.3%  99.0 3410s
 904680 47618 infeasible   49      4270.39000 3203.15766  25.0%  99.0 3415s
 906036 47569 infeasible   49      4270.39000 3217.54550  24.7%  99.0 3420s
 907601 47707 3230.02800   45   19 4270.39000 3230.02800  24.4%  98.9 3425s
 909658 48116 3388.24848   51   67 4270.39000 3240.28069  24.1%  98.9 3430s
 911450 48286 3249.85681   41   21 4270.39000 3247.34475  24.0%  98.8 3435s
 913392 48503 3253.13360   45   26 4270.39000 3252.80333  23.8%  98.8 3440s
 915387 48849 3319.95099   53   42 4270.39000 3256.70774  23.7%  98.7 3445s
 917202 49102 3261.08850   43   28 4270.39000 3260.94662  23.6%  98.6 3450s
 918746 49289 3264.19429   38   29 4270.39000 3264.19429  23.6%  98.6 3455s
 920547 49508 3311.86555   45   37 4270.39000 3266.89623  23.5%  98.6 3460s
 922617 49752     cutoff   54      4270.39000 3269.80000  23.4%  98.5 3465s
 924447 49958 3292.80400   53   20 4270.39000 3272.14500  23.4%  98.5 3470s
 925961 50216 infeasible   45      4270.39000 3273.64272  23.3%  98.4 3475s
 927775 50501 infeasible   61      4270.39000 3275.23467  23.3%  98.4 3480s
 929362 50784 3354.40317   63   45 4270.39000 3276.65733  23.3%  98.4 3485s
 930982 51045 3354.29173   46   35 4270.39000 3277.91720  23.2%  98.4 3490s
 932768 51324 3322.80375   54   47 4270.39000 3279.37466  23.2%  98.3 3495s
 933936 51500     cutoff   53      4270.39000 3280.19722  23.2%  98.3 3500s
 935511 51810 infeasible   59      4270.39000 3281.29670  23.2%  98.3 3505s
 937161 51942 3346.59876   44   37 4270.39000 3282.37500  23.1%  98.3 3510s
 938803 52158 3284.99750   40   19 4270.39000 3283.24633  23.1%  98.3 3515s
 940473 52376 3330.85771   57   63 4270.39000 3284.22204  23.1%  98.2 3520s
 941853 52539 3436.51059   40   48 4270.39000 3284.98692  23.1%  98.2 3525s
 943498 52801 3287.66201   47   55 4270.39000 3285.84441  23.1%  98.2 3530s
 945106 52985 3376.35700   52   60 4270.39000 3286.74795  23.0%  98.2 3535s
 946663 53189 3308.05350   41   25 4270.39000 3287.53486  23.0%  98.2 3540s
 948239 53356 3445.78803   51   43 4270.39000 3288.41757  23.0%  98.2 3545s
 949763 53531 3385.41483   59   74 4270.39000 3289.17189  23.0%  98.2 3550s
 951356 53733 infeasible   43      4270.39000 3289.91267  23.0%  98.1 3555s
 952845 53923 3356.71772   54   42 4270.39000 3290.48967  22.9%  98.1 3560s
 954345 54123 infeasible   51      4270.39000 3291.14897  22.9%  98.1 3565s
 955959 54255 3351.25306   49   54 4270.39000 3291.99959  22.9%  98.1 3570s
 957354 54424 infeasible   49      4270.39000 3292.49600  22.9%  98.1 3575s
 958858 54539 infeasible   54      4270.39000 3293.22800  22.9%  98.1 3580s
 960248 54597 3314.60109   57   58 4270.39000 3293.89387  22.9%  98.1 3585s
 961772 54771 3355.94900   58   34 4270.39000 3294.60624  22.8%  98.1 3590s
 963144 54805     cutoff   53      4270.39000 3295.30750  22.8%  98.1 3595s
 964585 54955 3314.69140   48   49 4270.39000 3295.92452  22.8%  98.1 3600s
 965924 55133     cutoff   59      4270.39000 3296.45400  22.8%  98.1 3605s
 967422 55276 3373.84479   50   32 4270.39000 3297.03991  22.8%  98.1 3610s
 968761 55402     cutoff   41      4270.39000 3297.51274  22.8%  98.0 3615s
 970332 55623 3337.18067   55   33 4270.39000 3298.15952  22.8%  98.0 3620s
 971735 55651 3476.57330   50   49 4270.39000 3298.77090  22.8%  98.0 3625s
 973045 55686 3303.56616   63   53 4270.39000 3299.43310  22.7%  98.0 3630s
 974491 55806 infeasible   53      4270.39000 3300.03135  22.7%  98.0 3635s
 975879 55881 3345.30000   37   13 4270.39000 3300.63862  22.7%  98.0 3640s
 977273 55980 3301.56895   38   49 4270.39000 3301.22450  22.7%  98.0 3645s
 978796 56171 infeasible   41      4270.39000 3301.70186  22.7%  98.0 3650s
 980111 56227     cutoff   45      4270.39000 3302.23714  22.7%  98.0 3655s
 981588 56354 infeasible   43      4270.39000 3302.82092  22.7%  98.0 3660s
 982955 56560     cutoff   44      4270.39000 3303.36473  22.6%  98.0 3665s
 984362 56709     cutoff   40      4270.39000 3303.88947  22.6%  98.0 3670s
 985731 56731 3394.14224   65   67 4270.39000 3304.42900  22.6%  98.0 3675s
 987146 56861 3313.58364   47   59 4270.39000 3304.87525  22.6%  98.0 3680s
 988506 56889 infeasible   55      4270.39000 3305.44300  22.6%  98.0 3685s
 989751 56961 infeasible   46      4270.39000 3305.84813  22.6%  98.0 3690s
 991103 57060     cutoff   57      4270.39000 3306.27190  22.6%  98.0 3695s
 992340 57142     cutoff   57      4270.39000 3306.69060  22.6%  98.0 3700s
 993977 57279 3344.91092   60   53 4270.39000 3307.24280  22.6%  98.0 3705s
 995309 57297 infeasible   69      4270.39000 3307.77400  22.5%  98.0 3710s
 996690 57370 infeasible   60      4270.39000 3308.20134  22.5%  98.0 3715s
 998163 57438 3318.21169   44   60 4270.39000 3308.69274  22.5%  98.0 3720s
 999338 57571 3309.77474   49   41 4270.39000 3309.02805  22.5%  98.0 3725s
 1000831 57625 3370.25081   38   62 4270.39000 3309.49559  22.5%  98.1 3730s
 1002111 57661 infeasible   63      4270.39000 3309.90958  22.5%  98.1 3735s
 1003538 57669 infeasible   54      4270.39000 3310.44800  22.5%  98.1 3740s
 1004769 57787 3327.67110   44   61 4270.39000 3310.81174  22.5%  98.1 3745s
 1005801 57812 infeasible   52      4270.39000 3311.11950  22.5%  98.1 3750s
 1007146 57770 infeasible   62      4270.39000 3311.61493  22.5%  98.1 3755s
 1008311 57829     cutoff   56      4270.39000 3312.01000  22.4%  98.1 3760s
 1009557 57890 infeasible   52      4270.39000 3312.36921  22.4%  98.1 3765s
 1011017 57935 infeasible   49      4270.39000 3312.82006  22.4%  98.1 3770s
 1012341 57967 infeasible   63      4270.39000 3313.20000  22.4%  98.1 3775s
 1013626 58010 infeasible   44      4270.39000 3313.55671  22.4%  98.1 3780s
 1014929 58010 3331.06789   52   54 4270.39000 3314.00690  22.4%  98.1 3785s
 1016388 58039     cutoff   59      4270.39000 3314.42800  22.4%  98.1 3790s
 1017470 58033 infeasible   39      4270.39000 3314.76495  22.4%  98.2 3795s
 1018843 58187 3323.22278   36   34 4270.39000 3315.14800  22.4%  98.2 3800s
 1020166 58249 3343.03943   54   51 4270.39000 3315.53413  22.4%  98.2 3805s
 1021304 58234 3349.01435   43   57 4270.39000 3315.98714  22.3%  98.2 3810s
 1022514 58297 infeasible   50      4270.39000 3316.32100  22.3%  98.2 3815s
 1023707 58225 3322.02343   46   56 4270.39000 3316.71717  22.3%  98.2 3820s
 1024888 58229 3320.78354   41   61 4270.39000 3317.04904  22.3%  98.2 3825s
 1026275 58224 3318.39913   42   53 4270.39000 3317.50900  22.3%  98.2 3830s
 1027516 58286 infeasible   65      4270.39000 3317.84731  22.3%  98.2 3835s
 1028971 58320 infeasible   47      4270.39000 3318.25556  22.3%  98.2 3840s
 1030431 58436 infeasible   50      4270.39000 3318.67067  22.3%  98.3 3845s
 1031375 58427 infeasible   48      4270.39000 3318.96162  22.3%  98.3 3850s
 1032616 58408     cutoff   46      4270.39000 3319.32293  22.3%  98.3 3855s
 1033993 58403 3319.76000   49   15 4270.39000 3319.76000  22.3%  98.3 3860s
 1035312 58356 3326.36609   45   45 4270.39000 3320.22801  22.3%  98.3 3865s
 1036691 58404 infeasible   50      4270.39000 3320.61044  22.2%  98.3 3870s
 1037974 58457 3338.02162   45   53 4270.39000 3320.96022  22.2%  98.3 3875s
 1039419 58447 infeasible   55      4270.39000 3321.35258  22.2%  98.3 3880s
 1040645 58469 3418.40011   55   51 4270.39000 3321.69807  22.2%  98.3 3885s
 1041875 58499 3347.05842   48   47 4270.39000 3322.04254  22.2%  98.3 3890s
 1043153 58461 infeasible   34      4270.39000 3322.44431  22.2%  98.3 3895s
 1044418 58485 3377.90549   48   48 4270.39000 3322.79280  22.2%  98.3 3900s
 1045706 58470     cutoff   63      4270.39000 3323.14897  22.2%  98.4 3905s
 1047096 58496 3353.92799   41   56 4270.39000 3323.51323  22.2%  98.4 3910s
 1048346 58417 infeasible   53      4270.39000 3323.92700  22.2%  98.4 3915s
 1049687 58445 infeasible   47      4270.39000 3324.34649  22.2%  98.4 3920s
 1050977 58444 3334.26343   59   52 4270.39000 3324.67714  22.1%  98.4 3925s
 1052196 58508     cutoff   52      4270.39000 3324.95937  22.1%  98.4 3930s
 1053499 58464 3337.28159   45   38 4270.39000 3325.35430  22.1%  98.4 3935s
 1054824 58426 infeasible   40      4270.39000 3325.73242  22.1%  98.4 3940s
 1055985 58469 3330.90657   49   37 4270.39000 3326.00000  22.1%  98.4 3945s
 1057559 58463 3327.00801   40   37 4270.39000 3326.38317  22.1%  98.4 3950s
 1058621 58419 3336.04626   44   56 4270.39000 3326.70000  22.1%  98.5 3955s
 1060011 58412 3340.95145   44   53 4270.39000 3327.02464  22.1%  98.5 3960s
 1061095 58356 3336.21149   45   49 4270.39000 3327.26701  22.1%  98.5 3965s
 1062481 58333 3363.37211   57   51 4270.39000 3327.60863  22.1%  98.5 3970s
 1063572 58265 3406.76291   51   52 4270.39000 3327.91812  22.1%  98.5 3975s
 1064849 58253     cutoff   54      4270.39000 3328.24476  22.1%  98.5 3980s
 1066076 58154 infeasible   64      4270.39000 3328.57850  22.1%  98.6 3985s
 1067318 58113 infeasible   49      4270.39000 3328.93424  22.0%  98.6 3990s
 1068537 57985 3330.64277   42   36 4270.39000 3329.28272  22.0%  98.6 3995s
 1069837 57912 infeasible   55      4270.39000 3329.63766  22.0%  98.6 4000s
 1071011 57918 3360.09043   46   42 4270.39000 3329.91641  22.0%  98.6 4005s
 1072092 57912 3336.44403   53   29 4270.39000 3330.20567  22.0%  98.6 4010s
 1073396 57860 3419.56651   58   51 4270.39000 3330.55874  22.0%  98.6 4015s
 1074551 57879 3545.67457   46   59 4270.39000 3330.78758  22.0%  98.6 4020s
 1075951 57901     cutoff   47      4270.39000 3331.13282  22.0%  98.6 4025s
 1077292 57897 infeasible   58      4270.39000 3331.43216  22.0%  98.6 4030s
 1078590 57846 3341.56329   48   51 4270.39000 3331.77928  22.0%  98.7 4035s
 1079723 57827 infeasible   49      4270.39000 3332.04950  22.0%  98.7 4040s
 1081023 57792 infeasible   53      4270.39000 3332.33826  22.0%  98.7 4045s
 1082189 57715     cutoff   36      4270.39000 3332.65724  22.0%  98.7 4050s
 1083368 57664 infeasible   48      4270.39000 3332.95304  22.0%  98.7 4055s
 1084518 57549 3406.49140   40   54 4270.39000 3333.28469  21.9%  98.7 4060s
 1085667 57523 3342.91355   46   44 4270.39000 3333.51358  21.9%  98.7 4065s
 1086931 57498 3402.55112   60   53 4270.39000 3333.83815  21.9%  98.8 4070s
 1088209 57455 infeasible   53      4270.39000 3334.15803  21.9%  98.8 4075s
 1089300 57398 3398.34933   41   32 4270.39000 3334.44891  21.9%  98.8 4080s
 1090571 57410 infeasible   42      4270.39000 3334.74796  21.9%  98.8 4085s
 1091813 57341 infeasible   59      4270.39000 3335.04356  21.9%  98.8 4090s
 1093151 57331 infeasible   55      4270.39000 3335.30825  21.9%  98.8 4095s
 1094326 57247 3397.80752   54   69 4270.39000 3335.59608  21.9%  98.8 4100s
 1095330 57185 infeasible   46      4270.39000 3335.83040  21.9%  98.8 4105s
 1096725 57162     cutoff   43      4270.39000 3336.14020  21.9%  98.8 4110s
 1097936 57057     cutoff   40      4270.39000 3336.44636  21.9%  98.9 4115s
 1098890 56988 3367.29256   50   48 4270.39000 3336.71619  21.9%  98.9 4120s
 1100239 56926 infeasible   52      4270.39000 3337.02500  21.9%  98.9 4125s
 1101532 56867 3355.35010   57   41 4270.39000 3337.30340  21.9%  98.9 4130s
 1102718 56842 infeasible   47      4270.39000 3337.59316  21.8%  98.9 4135s
 1104001 56812 3348.11904   60   34 4270.39000 3337.90897  21.8%  98.9 4140s
 1105121 56761 3433.17517   64   66 4270.39000 3338.13797  21.8%  99.0 4145s
 1106122 56678 3354.04974   44   50 4270.39000 3338.39610  21.8%  99.0 4150s
 1107339 56532     cutoff   54      4270.39000 3338.74525  21.8%  99.0 4155s
 1108553 56454     cutoff   58      4270.39000 3339.04522  21.8%  99.0 4160s
 1109847 56369 3411.94318   54   41 4270.39000 3339.31502  21.8%  99.0 4165s
 1111094 56259     cutoff   42      4270.39000 3339.64964  21.8%  99.0 4170s
 1112184 56199 infeasible   60      4270.39000 3339.86283  21.8%  99.0 4175s
 1113447 56039 infeasible   44      4270.39000 3340.22521  21.8%  99.1 4180s
 1114697 55992     cutoff   49      4270.39000 3340.53805  21.8%  99.1 4185s
 1116029 55859 3360.79889   51   77 4270.39000 3340.92891  21.8%  99.1 4190s
 1117049 55810 3341.25386   45   57 4270.39000 3341.19617  21.8%  99.1 4195s
 1118332 55730     cutoff   49      4270.39000 3341.52325  21.8%  99.1 4200s
 1119412 55632 3341.81328   58   28 4270.39000 3341.81328  21.7%  99.1 4205s
 1120603 55521     cutoff   49      4270.39000 3342.09842  21.7%  99.1 4210s
 1121647 55424 infeasible   45      4270.39000 3342.41303  21.7%  99.1 4215s
 1122941 55386     cutoff   43      4270.39000 3342.69291  21.7%  99.2 4220s
 1124106 55302 infeasible   53      4270.39000 3342.99031  21.7%  99.2 4225s
 1125386 55236 infeasible   61      4270.39000 3343.29263  21.7%  99.2 4230s
 1126622 55187 infeasible   45      4270.39000 3343.59662  21.7%  99.2 4235s
 1127701 55076 infeasible   45      4270.39000 3343.87118  21.7%  99.2 4240s
 1128941 54987 3386.57681   50   77 4270.39000 3344.17393  21.7%  99.2 4245s
 1130198 54845     cutoff   43      4270.39000 3344.51805  21.7%  99.2 4250s
 1131472 54696 3392.78785   51   58 4270.39000 3344.83520  21.7%  99.3 4255s
 1132529 54622 3346.72180   48   54 4270.39000 3345.08000  21.7%  99.3 4260s
 1133756 54513 3395.81607   43   60 4270.39000 3345.37128  21.7%  99.3 4265s
 1134837 54377 infeasible   45      4270.39000 3345.66437  21.7%  99.3 4270s
 1136065 54235     cutoff   61      4270.39000 3345.97631  21.6%  99.3 4275s
 1137173 54134 infeasible   50      4270.39000 3346.29420  21.6%  99.3 4280s
 1138459 54000 infeasible   53      4270.39000 3346.59606  21.6%  99.3 4285s
 1139668 53917 infeasible   51      4270.39000 3346.85251  21.6%  99.3 4290s
 1140829 53822 infeasible   48      4270.39000 3347.12346  21.6%  99.4 4295s
 1142026 53723 3351.40876   52   39 4270.39000 3347.44917  21.6%  99.4 4300s
 1143293 53564     cutoff   45      4270.39000 3347.75963  21.6%  99.4 4305s
 1144516 53447     cutoff   44      4270.39000 3348.01069  21.6%  99.4 4310s
 1145614 53311 3385.48096   40   55 4270.39000 3348.34506  21.6%  99.4 4315s
 1146914 53171 3377.25177   49   37 4270.39000 3348.65402  21.6%  99.4 4320s
 1148024 53066 infeasible   54      4270.39000 3348.93800  21.6%  99.5 4325s
 1149224 52968 infeasible   50      4270.39000 3349.22648  21.6%  99.5 4330s
 1150199 52912 3741.71484   45   39 4270.39000 3349.43555  21.6%  99.5 4335s
 1151301 52763 infeasible   32      4270.39000 3349.74651  21.6%  99.5 4340s
 1152614 52623 3355.98697   55   59 4270.39000 3350.05654  21.6%   100 4345s
 1153694 52501 infeasible   42      4270.39000 3350.30916  21.5%   100 4350s
 1154886 52403 infeasible   56      4270.39000 3350.62429  21.5%   100 4355s
 1155990 52299 3355.73919   52   50 4270.39000 3350.87240  21.5%   100 4360s
 1157212 52158 infeasible   41      4270.39000 3351.17657  21.5%   100 4365s
 1158489 51943 3397.33083   43   35 4270.39000 3351.53800  21.5%   100 4370s
 1159628 51860 3351.97773   50   53 4270.39000 3351.80853  21.5%   100 4375s
 1160868 51711 3367.29683   52   66 4270.39000 3352.11938  21.5%   100 4380s
 1162134 51537 3359.40558   47   56 4270.39000 3352.45104  21.5%   100 4385s
 1163127 51388 infeasible   47      4270.39000 3352.72505  21.5%   100 4390s
 1164267 51225     cutoff   48      4270.39000 3352.99560  21.5%   100 4395s
 1165507 51079 3376.33744   61   76 4270.39000 3353.33767  21.5%   100 4400s
 1166691 50894     cutoff   55      4270.39000 3353.66407  21.5%   100 4405s
 1167611 50812 3388.76646   42   52 4270.39000 3353.89474  21.5%   100 4410s
 1168704 50641 3367.41650   48   59 4270.39000 3354.17666  21.5%   100 4415s
 1170083 50549 infeasible   56      4270.39000 3354.47310  21.4%   100 4420s
 1171297 50414     cutoff   62      4270.39000 3354.78531  21.4%   100 4425s
 1172480 50230     cutoff   56      4270.39000 3355.11917  21.4%   100 4430s
 1173719 50075 infeasible   57      4270.39000 3355.43056  21.4%   100 4435s
 1174979 49921 infeasible   60      4270.39000 3355.74613  21.4%   100 4440s
 1176048 49795     cutoff   47      4270.39000 3356.00484  21.4%   100 4445s
 1177372 49587 infeasible   52      4270.39000 3356.41199  21.4%   100 4450s
 1178525 49429 3393.41286   50   39 4270.39000 3356.70805  21.4%   100 4455s
 1179772 49234 3368.32319   58   31 4270.39000 3357.03296  21.4%   100 4460s
 1180976 49157     cutoff   53      4270.39000 3357.32700  21.4%   100 4465s
 1182102 49034 3384.53571   52   59 4270.39000 3357.61492  21.4%   100 4470s
 1183397 48912 3358.39213   37   59 4270.39000 3357.91423  21.4%   100 4475s
 1184562 48761 3380.85177   53   48 4270.39000 3358.26293  21.4%   100 4480s
 1185731 48612 3464.69732   62   51 4270.39000 3358.54035  21.4%   100 4485s
 1186898 48441     cutoff   50      4270.39000 3358.87873  21.3%   100 4490s
 1188093 48314 infeasible   44      4270.39000 3359.17872  21.3%   100 4495s
 1189373 48190 infeasible   54      4270.39000 3359.45604  21.3%   100 4500s
 1190793 48009 infeasible   38      4270.39000 3359.81757  21.3%   100 4505s
 1191748 47805     cutoff   52      4270.39000 3360.09812  21.3%   100 4510s
 1192881 47645     cutoff   45      4270.39000 3360.38768  21.3%   100 4515s
 1194113 47430 3360.90667   39   36 4270.39000 3360.73225  21.3%   100 4520s
 1195445 47280 infeasible   47      4270.39000 3361.05928  21.3%   100 4525s
 1196724 47124 3368.82641   48   38 4270.39000 3361.35686  21.3%   100 4530s
 1197860 46971 infeasible   58      4270.39000 3361.65542  21.3%   100 4535s
 1198940 46859     cutoff   56      4270.39000 3361.91291  21.3%   100 4540s
 1200228 46749 3376.34781   37   63 4270.39000 3362.22027  21.3%   100 4545s
 1201404 46532 3366.19529   39   42 4270.39000 3362.54214  21.3%   100 4550s
 1202652 46329 infeasible   51      4270.39000 3362.90863  21.3%   100 4555s
 1203836 46143 infeasible   53      4270.39000 3363.22605  21.2%   100 4560s
 1205135 45936 infeasible   48      4270.39000 3363.62205  21.2%   100 4565s
 1206231 45751 infeasible   68      4270.39000 3363.91630  21.2%   100 4570s
 1207481 45539 infeasible   48      4270.39000 3364.27907  21.2%   100 4575s
 1208493 45370 infeasible   60      4270.39000 3364.54548  21.2%   100 4580s
 1209760 45159 3367.36939   47   51 4270.39000 3364.90448  21.2%   100 4585s
 1210974 44952 3373.71539   40   52 4270.39000 3365.26009  21.2%   100 4590s
 1212242 44875     cutoff   47      4270.39000 3365.56933  21.2%   100 4595s
 1213374 44735 3432.64122   52   64 4270.39000 3365.86926  21.2%   100 4600s
 1214432 44541 infeasible   42      4270.39000 3366.19343  21.2%   100 4605s
 1215698 44346 infeasible   68      4270.39000 3366.55504  21.2%   100 4610s
 1216742 44154 3540.26009   49   73 4270.39000 3366.86200  21.2%   100 4615s
 1217880 43995 infeasible   64      4270.39000 3367.18231  21.2%   100 4620s
 1219249 43836 3368.05906   57   25 4270.39000 3367.57816  21.1%   100 4625s
 1220528 43640 infeasible   49      4270.39000 3367.93408  21.1%   100 4630s
 1221688 43497 3368.63617   46   40 4270.39000 3368.28750  21.1%   100 4635s
 1222979 43265 infeasible   52      4270.39000 3368.68882  21.1%   100 4640s
 1224086 43104 infeasible   49      4270.39000 3369.01391  21.1%   100 4645s
 1225227 42854 3369.34777   42   50 4270.39000 3369.34777  21.1%   100 4650s
 1226374 42689 infeasible   52      4270.39000 3369.66690  21.1%   100 4655s
 1227576 42426 infeasible   55      4270.39000 3370.04313  21.1%   100 4660s
 1228798 42193 3405.91468   52   47 4270.39000 3370.39549  21.1%   100 4665s
 1229887 42030 infeasible   48      4270.39000 3370.70238  21.1%   100 4670s
 1231232 41789 3387.20786   37   38 4270.39000 3371.12052  21.1%   100 4675s
 1232476 41584 3375.35662   40   51 4270.39000 3371.47139  21.1%   100 4680s
 1233583 41312 infeasible   51      4270.39000 3371.81558  21.0%   100 4685s
 1234760 41092 infeasible   51      4270.39000 3372.17715  21.0%   100 4690s
 1235883 40932     cutoff   41      4270.39000 3372.48553  21.0%   100 4695s
 1236967 40771 3390.09256   56   44 4270.39000 3372.81537  21.0%   100 4700s
 1238104 40543     cutoff   53      4270.39000 3373.17111  21.0%   100 4705s
 1239477 40331 infeasible   50      4270.39000 3373.60398  21.0%   100 4710s
 1240419 40081 3376.75565   49   52 4270.39000 3373.94128  21.0%   100 4715s
 1241631 39855 infeasible   54      4270.39000 3374.31827  21.0%   100 4720s
 1242745 39548 infeasible   47      4270.39000 3374.74474  21.0%   100 4725s
 1243936 39248 infeasible   50      4270.39000 3375.16751  21.0%   100 4730s
 1245102 38972 infeasible   54      4270.39000 3375.61429  21.0%   100 4735s
 1246341 38739 3434.69986   51   63 4270.39000 3375.99815  20.9%   100 4740s
 1247329 38516     cutoff   41      4270.39000 3376.36220  20.9%   100 4745s
 1248720 38242     cutoff   46      4270.39000 3376.79200  20.9%   100 4750s
 1249773 38049 infeasible   58      4270.39000 3377.16334  20.9%   100 4755s
 1250948 37781 3395.72830   51   48 4270.39000 3377.56323  20.9%   100 4760s
 1251985 37460 3378.13630   48   28 4270.39000 3377.96701  20.9%   100 4765s
 1253111 37225 infeasible   47      4270.39000 3378.35201  20.9%   100 4770s
 1254384 36990     cutoff   60      4270.39000 3378.77000  20.9%   100 4775s
 1255558 36646 infeasible   51      4270.39000 3379.25765  20.9%   100 4780s
 1256690 36404 3394.35989   57   81 4270.39000 3379.65289  20.9%   100 4785s
 1257776 36113 infeasible   63      4270.39000 3380.10060  20.8%   100 4790s
 1258871 35825 3392.50409   54   46 4270.39000 3380.58332  20.8%   100 4795s
 1260116 35540 infeasible   53      4270.39000 3381.06000  20.8%   101 4800s
 1261250 35316 infeasible   53      4270.39000 3381.44216  20.8%   101 4805s
 1262298 35078 infeasible   71      4270.39000 3381.84625  20.8%   101 4810s
 1263589 34697 3397.85013   61   42 4270.39000 3382.42442  20.8%   101 4815s
 1264784 34404 3407.59147   56   37 4270.39000 3382.89064  20.8%   101 4820s
 1265712 34206     cutoff   60      4270.39000 3383.23434  20.8%   101 4825s
 1267056 33910 infeasible   53      4270.39000 3383.73790  20.8%   101 4830s
 1268109 33665 infeasible   65      4270.39000 3384.18773  20.8%   101 4835s
 1269222 33429     cutoff   56      4270.39000 3384.57457  20.7%   101 4840s
 1270396 33194 infeasible   49      4270.39000 3384.99591  20.7%   101 4845s
 1271632 32903 3777.07293   48   51 4270.39000 3385.53319  20.7%   101 4850s
 1272595 32633 infeasible   45      4270.39000 3385.94857  20.7%   101 4855s
 1273747 32366 infeasible   54      4270.39000 3386.45062  20.7%   101 4860s
 1275038 31988     cutoff   60      4270.39000 3387.09713  20.7%   101 4865s
 1276241 31719     cutoff   39      4270.39000 3387.60114  20.7%   101 4870s
 1277519 31380     cutoff   62      4270.39000 3388.13455  20.7%   101 4875s
 1278673 31110 3413.87834   48   40 4270.39000 3388.60462  20.6%   101 4880s
 1279910 30827 infeasible   55      4270.39000 3389.08688  20.6%   101 4885s
 1281282 30520 infeasible   64      4270.39000 3389.67211  20.6%   101 4890s
 1282589 30275 infeasible   56      4270.39000 3390.22952  20.6%   101 4895s
 1283690 29999 3461.18008   47   52 4270.39000 3390.70320  20.6%   101 4900s
 1284891 29689 infeasible   41      4270.39000 3391.22837  20.6%   101 4905s
 1286065 29395     cutoff   51      4270.39000 3391.79649  20.6%   101 4910s
 1287240 29107 infeasible   54      4270.39000 3392.36151  20.6%   101 4915s
 1288387 28811     cutoff   44      4270.39000 3392.86292  20.5%   101 4920s
 1289531 28509 infeasible   61      4270.39000 3393.38395  20.5%   101 4925s
 1290883 28219 infeasible   59      4270.39000 3393.97611  20.5%   101 4930s
 1291847 27942 3485.99402   53   66 4270.39000 3394.55133  20.5%   101 4935s
 1292972 27723 infeasible   43      4270.39000 3395.09115  20.5%   101 4940s
 1294294 27405 3406.77201   51   43 4270.39000 3395.68498  20.5%   101 4945s
 1295356 27045 3408.90580   53   38 4270.39000 3396.26286  20.5%   101 4950s
 1296667 26740 3401.95099   53   65 4270.39000 3396.93000  20.5%   101 4955s
 1297960 26423 3454.88939   50   58 4270.39000 3397.61102  20.4%   101 4960s
 1299093 26102 infeasible   53      4270.39000 3398.17038  20.4%   101 4965s
 1300081 25839 3420.50889   46   58 4270.39000 3398.69896  20.4%   101 4970s
 1301294 25548 infeasible   46      4270.39000 3399.29311  20.4%   101 4975s
 1302625 25173     cutoff   53      4270.39000 3400.06430  20.4%   101 4980s
 1303987 24825     cutoff   50      4270.39000 3400.84646  20.4%   101 4985s
 1305048 24566 infeasible   59      4270.39000 3401.42551  20.3%   101 4990s
 1306261 24213     cutoff   46      4270.39000 3402.16490  20.3%   101 4995s
 1307515 23901 infeasible   67      4270.39000 3402.85721  20.3%   101 5000s
 1308461 23547 infeasible   41      4270.39000 3403.52621  20.3%   101 5005s
 1309683 23154 infeasible   38      4270.39000 3404.45723  20.3%   101 5010s
 1311039 22732 infeasible   60      4270.39000 3405.44037  20.3%   101 5015s
 1312091 22419     cutoff   38      4270.39000 3406.10557  20.2%   101 5020s
 1313356 21941 infeasible   56      4270.39000 3407.08477  20.2%   101 5025s
 1314364 21576 infeasible   65      4270.39000 3407.81385  20.2%   101 5030s
 1315614 21195 3423.37447   63   69 4270.39000 3408.78051  20.2%   101 5035s
 1316784 20703     cutoff   48      4270.39000 3409.79065  20.2%   101 5040s
 1317951 20315 infeasible   64      4270.39000 3410.73503  20.1%   101 5045s
 1319363 19917 3917.90324   45   68 4270.39000 3411.73399  20.1%   101 5050s
 1320478 19571 infeasible   59      4270.39000 3412.71895  20.1%   101 5055s
 1321893 19101 infeasible   59      4270.39000 3413.95913  20.1%   101 5060s
 1323215 18671 infeasible   50      4270.39000 3415.08993  20.0%   101 5065s
 1324396 18321 3454.83464   50   37 4270.39000 3416.07498  20.0%   101 5070s
 1325582 17977 infeasible   56      4270.39000 3417.09816  20.0%   101 5075s
 1326631 17702 infeasible   48      4270.39000 3418.11303  20.0%   101 5080s
 1327766 17174     cutoff   65      4270.39000 3419.48248  19.9%   101 5085s
 1329011 16798     cutoff   58      4270.39000 3420.67471  19.9%   101 5090s
 1330301 16326 3423.11121   43   45 4270.39000 3422.14972  19.9%   101 5095s
 1331560 15824 infeasible   64      4270.39000 3423.78072  19.8%   101 5100s
 1332780 15314 infeasible   69      4270.39000 3425.43073  19.8%   101 5105s
 1334025 14858     cutoff   48      4270.39000 3426.95211  19.8%   101 5110s
 1335317 14369 infeasible   59      4270.39000 3428.83562  19.7%   101 5115s
 1336636 14017 3635.31062   46   40 4270.39000 3430.27049  19.7%   101 5120s
 1337924 13574     cutoff   68      4270.39000 3432.20806  19.6%   101 5125s
 1339274 12918     cutoff   55      4270.39000 3434.45103  19.6%   101 5130s
 1340650 12377 infeasible   55      4270.39000 3436.70567  19.5%   101 5135s
 1341754 11893     cutoff   46      4270.39000 3438.97389  19.5%   101 5140s
 1343251 11349 infeasible   53      4270.39000 3442.02879  19.4%   101 5145s
 1344471 10760 infeasible   68      4270.39000 3445.03970  19.3%   101 5150s
 1345856 10065     cutoff   53      4270.39000 3448.87179  19.2%   101 5155s
 1347210  9531     cutoff   73      4270.39000 3452.47118  19.2%   101 5160s
 1348125  9188 infeasible   41      4270.39000 3455.01467  19.1%   101 5165s
 1349362  8676 infeasible   57      4270.39000 3459.04713  19.0%   101 5170s
 1350709  8121 3464.49135   71   73 4270.39000 3464.18560  18.9%   101 5175s
 1352222  7492 infeasible   48      4270.39000 3470.71690  18.7%   101 5180s
 1353536  6814 infeasible   61      4270.39000 3478.72585  18.5%   101 5185s
 1355042  6198 3489.20092   50   90 4270.39000 3488.75046  18.3%   101 5190s
 1356462  5620     cutoff   55      4270.39000 3500.31231  18.0%   101 5195s
 1358307  4925 infeasible   56      4270.39000 3519.31050  17.6%   101 5200s
 1360113  4186 infeasible   61      4270.39000 3550.37760  16.9%   101 5205s
 1362055  3171 3631.90591   67   92 4270.39000 3605.38327  15.6%   101 5210s
 1364161  1688 infeasible   62      4270.39000 3779.96519  11.5%   101 5215s

Cutting planes:
  Gomory: 1
  Cover: 2
  Implied bound: 86
  Clique: 6
  MIR: 41
  Flow cover: 26
  GUB cover: 6
  Zero half: 45

Explored 1366074 nodes (137209606 simplex iterations) in 5217.06 seconds
Thread count was 2 (of 4 available processors)

Optimal solution found (tolerance 1.00e-04)
Best objective 4.270390000000e+03, best bound 4.270390000000e+03, gap 0.0%
k_c1	5.0
k_c10	3.0
k_c2	6.0
k_c3	8.0
k_c4	8.0
k_c5	1.0
k_c6	10.0
k_c7	10.0
k_c8	10.0
k_c9	10.0
k_dN	0.0
kDash_c1	0.0
kDash_c10	0.0
kDash_c2	3.0
kDash_c3	1.0
kDash_c4	2.0
kDash_c5	5.0
kDash_c6	8.0
kDash_c7	3.0
kDash_c8	8.0
kDash_c9	6.0
kDash_dN	0.0
o_1	0.0
o_10	0.0
o_2	0.0
o_3	0.0
o_4	0.0
o_5	1.0
o_6	0.0
o_7	0.0
o_8	0.0
o_9	0.0
p_1	0.0
p_10	0.0
p_2	0.0
p_3	0.0
p_4	1.0
p_5	1.0
p_6	0.0
p_7	0.0
p_8	0.0
p_9	0.0
phi_c1	2.0
phi_c10	18.0
phi_c2	3.0
phi_c3	5.0
phi_c4	17.0
phi_c5	3.0
phi_c6	20.0
phi_c7	20.0
phi_c8	19.0
phi_c9	15.0
phi_d0	22.0
phi_dN	0.0
pi_c1	30.0
pi_c10	31.0
pi_c2	30.0
pi_c3	30.0
pi_c4	38.0
pi_c5	30.0
pi_c6	27.0
pi_c7	30.0
pi_c8	27.0
pi_c9	28.0
pi_dN	0.0
tauD_c1	60.0
tauD_c10	40.0
tauD_c2	60.0
tauD_c3	25.0
tauD_c4	25.0
tauD_c5	37.0
tauD_c6	6.0
tauD_c7	25.0
tauD_c8	12.0
tauD_c9	54.0
tauD_d0	0.0
tauD_dN	100.0
tauS_c1	87.0
tauS_c10	41.0
tauS_c2	82.0
tauS_c3	88.0
tauS_c4	34.0
tauS_c5	45.0
tauS_c6	87.0
tauS_c7	39.0
tauS_c8	82.0
tauS_c9	81.0
tauS_d0	0.0
tauS_dN	56.0
x_c10_dN	1.0
x_c1_dN	1.0
x_c2_dN	1.0
x_c3_c5	1.0
x_c4_c9	1.0
x_c5_c1	1.0
x_c6_c3	1.0
x_c7_c10	1.0
x_c8_c4	1.0
x_c9_c2	1.0
x_d0_c6	1.0
x_d0_c7	1.0
x_d0_c8	1.0
z_c4_c5	1.0
z_c5_dN	1.0
z_d0_c4	1.0
