
Gurobi 6.0.4 (win64) logging started 06/16/15 10:38:59

Read LP format model from file C:\MT\repository\VRPTWMS\instances\mip\freight\N10-C_DV10-C_SV50_F22_2_No_1.lp
Reading time = 0.01 seconds
(null): 521 rows, 309 columns, 2253 nonzeros
Optimize a model with 521 rows, 309 columns and 2253 nonzeros
Model has 1210 quadratic constraints
Coefficient statistics:
  Matrix range    [1e+00, 1e+06]
  Objective range [6e+04, 1e+07]
  Bounds range    [1e+00, 1e+06]
  RHS range       [1e+00, 1e+06]
Presolve removed 46 rows and 17 columns
Presolve time: 0.09s
Presolved: 3325 rows, 1767 columns, 15984 nonzeros
Variable types: 1375 continuous, 392 integer (328 binary)
Found heuristic solution: objective 1.049612e+08

Root relaxation: objective 1.422200e+06, 142 iterations, 0.01 seconds

    Nodes    |    Current Node    |     Objective Bounds      |     Work
 Expl Unexpl |  Obj  Depth IntInf | Incumbent    BestBd   Gap | It/Node Time

     0     0 1422200.00    0   28 1.0496e+08 1422200.00  98.6%     -    0s
H    0     0                    6.349410e+07 1422200.00  97.8%     -    0s
     0     0 1484309.58    0   63 6.3494e+07 1484309.58  97.7%     -    0s
     0     0 1642200.00    0   28 6.3494e+07 1642200.00  97.4%     -    0s
     0     0 1655370.00    0   40 6.3494e+07 1655370.00  97.4%     -    0s
H    0     0                    5.341060e+07 1655370.00  96.9%     -    0s
     0     0 1684257.81    0   65 5.3411e+07 1684257.81  96.8%     -    0s
     0     0 1708788.05    0   63 5.3411e+07 1708788.05  96.8%     -    0s
H    0     0                    4.290190e+07 1708788.05  96.0%     -    0s
     0     0 1727600.00    0   42 4.2902e+07 1727600.00  96.0%     -    0s
     0     0 1760350.00    0   36 4.2902e+07 1760350.00  95.9%     -    0s
     0     0 3543940.00    0   46 4.2902e+07 3543940.00  91.7%     -    0s
     0     0 3605501.46    0   52 4.2902e+07 3605501.46  91.6%     -    0s
     0     0 3608401.46    0   60 4.2902e+07 3608401.46  91.6%     -    0s
     0     0 3649017.88    0   71 4.2902e+07 3649017.88  91.5%     -    0s
     0     0 3661561.48    0   77 4.2902e+07 3661561.48  91.5%     -    0s
     0     0 3661561.48    0   77 4.2902e+07 3661561.48  91.5%     -    0s
     0     0 3661561.48    0   77 4.2902e+07 3661561.48  91.5%     -    0s
     0     0 3661561.48    0   77 4.2902e+07 3661561.48  91.5%     -    0s
     0     2 3661561.48    0   77 4.2902e+07 3661561.48  91.5%     -    0s
   926   647 2.3204e+07   40   42 4.2902e+07 1.1943e+07  72.2%  14.2    5s
  2225  1177 3.3807e+07   62   27 4.2902e+07 1.2553e+07  70.7%  36.3   10s
  3300  1922 2.2602e+07   25   47 4.2902e+07 1.3977e+07  67.4%  40.4   15s
H 3985  2382                    4.287770e+07 1.4476e+07  66.2%  43.0   18s
H 4268  2572                    4.281130e+07 1.8607e+07  56.5%  43.7   19s
  4304  2585 infeasible   59      4.2811e+07 2.0530e+07  52.0%  43.9   20s
* 4546  2701              39    4.279710e+07 2.1964e+07  48.7%  44.3   20s
H 4642  2761                    4.268670e+07 2.1967e+07  48.5%  44.4   21s
  5720  3413 2.3717e+07   36   56 4.2687e+07 2.2018e+07  48.4%  45.2   25s
  6968  4118 3.2926e+07   33   13 4.2687e+07 2.2038e+07  48.4%  47.0   30s
  8475  4892 infeasible   46      4.2687e+07 2.2064e+07  48.3%  48.9   35s
  9725  5464 3.3129e+07   31    7 4.2687e+07 2.2088e+07  48.3%  50.8   40s
 10646  5890 3.3146e+07   31   26 4.2687e+07 2.2104e+07  48.2%  52.2   45s
 11514  6343 3.3447e+07   37    7 4.2687e+07 2.2117e+07  48.2%  52.6   50s
 12525  6884 2.2392e+07   34   33 4.2687e+07 2.2124e+07  48.2%  53.5   55s
 13522  7398 3.4591e+07   38   53 4.2687e+07 2.2135e+07  48.1%  53.6   60s
 14663  7999 2.3247e+07   48   77 4.2687e+07 2.2147e+07  48.1%  53.6   71s
 14686  8015 2.2147e+07   31   84 4.2687e+07 2.2147e+07  48.1%  53.6   75s
 15110  8197     cutoff   62      4.2687e+07 2.2147e+07  48.1%  54.0   80s
 16152  8445 2.2147e+07   33   86 4.2687e+07 2.2147e+07  48.1%  54.7   85s
 17480  8714 2.3598e+07   44   50 4.2687e+07 2.2147e+07  48.1%  55.8   91s
 18522  8975 2.2927e+07   42   29 4.2687e+07 2.2147e+07  48.1%  56.3   95s
 20099  9266 infeasible   87      4.2687e+07 2.2147e+07  48.1%  57.1  101s
 21304  9437 2.2265e+07   39   32 4.2687e+07 2.2147e+07  48.1%  57.8  106s
 22176  9561 2.4984e+07   63   86 4.2687e+07 2.2147e+07  48.1%  58.3  110s
 23393  9753 infeasible   64      4.2687e+07 2.2147e+07  48.1%  59.1  115s
 24616 10000 2.2147e+07   52   82 4.2687e+07 2.2147e+07  48.1%  59.6  121s
 25804 10269 2.3388e+07   63   71 4.2687e+07 2.2147e+07  48.1%  60.3  126s
 26630 10445 2.2147e+07   56   93 4.2687e+07 2.2147e+07  48.1%  60.6  130s
 27904 10716 2.3766e+07   61   76 4.2687e+07 2.2147e+07  48.1%  60.8  135s
 29053 10921 2.3273e+07   56   71 4.2687e+07 2.2147e+07  48.1%  61.1  140s
 29822 10997 3.3540e+07   53   48 4.2687e+07 2.2147e+07  48.1%  61.6  145s
 30727 11147 infeasible   55      4.2687e+07 2.2147e+07  48.1%  62.1  150s
 31633 11301 infeasible   40      4.2687e+07 2.2147e+07  48.1%  62.7  155s
 32946 11529 2.3615e+07   61   61 4.2687e+07 2.2147e+07  48.1%  63.4  160s
 33980 11671 3.3311e+07   46   57 4.2687e+07 2.2147e+07  48.1%  63.8  165s
 35096 11755 infeasible   68      4.2687e+07 2.2147e+07  48.1%  64.5  170s
 35974 11893 2.4803e+07   65   77 4.2687e+07 2.2147e+07  48.1%  64.8  175s
 37119 12024 3.4672e+07   62   81 4.2687e+07 2.2147e+07  48.1%  65.4  180s
 38142 12165 infeasible   54      4.2687e+07 2.2147e+07  48.1%  65.9  185s
 39288 12487 infeasible   62      4.2687e+07 2.2147e+07  48.1%  66.4  191s
 40161 12881 2.4193e+07   70   51 4.2687e+07 2.2147e+07  48.1%  66.7  195s
 41255 13375 2.3523e+07   62   77 4.2687e+07 2.2147e+07  48.1%  67.2  200s
 42260 13826 infeasible   65      4.2687e+07 2.2147e+07  48.1%  67.6  205s
 43372 14355 infeasible   88      4.2687e+07 2.2147e+07  48.1%  67.9  210s
 44464 14807 2.5381e+07   89   69 4.2687e+07 2.2147e+07  48.1%  68.3  215s
 45460 15206 2.3670e+07   46   75 4.2687e+07 2.2147e+07  48.1%  68.7  220s
 46395 15665 infeasible   61      4.2687e+07 2.2147e+07  48.1%  68.9  225s
 47331 15989 3.9181e+07   63   63 4.2687e+07 2.2147e+07  48.1%  69.4  230s
 48261 16356 2.2147e+07   52   75 4.2687e+07 2.2147e+07  48.1%  69.8  235s
 49155 16689     cutoff   53      4.2687e+07 2.2147e+07  48.1%  70.1  240s
 50379 17156 2.3536e+07   47   70 4.2687e+07 2.2147e+07  48.1%  70.6  245s
 51429 17592 3.2972e+07   57   66 4.2687e+07 2.2147e+07  48.1%  70.8  250s
 52434 18014 infeasible   51      4.2687e+07 2.2147e+07  48.1%  71.0  255s
 53400 18342 infeasible   51      4.2687e+07 2.2147e+07  48.1%  71.4  260s
 54407 18812 3.4261e+07   55   90 4.2687e+07 2.2147e+07  48.1%  71.6  265s
 55360 19191 infeasible   68      4.2687e+07 2.2147e+07  48.1%  71.9  270s
 56497 19588 2.2147e+07   43   70 4.2687e+07 2.2147e+07  48.1%  72.2  276s
 57438 19917     cutoff   61      4.2687e+07 2.2147e+07  48.1%  72.5  281s
 58392 20250 infeasible   58      4.2687e+07 2.2147e+07  48.1%  72.7  285s
 59372 20608 2.4054e+07   48   71 4.2687e+07 2.2147e+07  48.1%  72.9  290s
 60499 21097 infeasible   58      4.2687e+07 2.2147e+07  48.1%  73.2  296s
 61417 21467 2.2147e+07   58   82 4.2687e+07 2.2147e+07  48.1%  73.4  300s
 62298 21836 infeasible   56      4.2687e+07 2.2147e+07  48.1%  73.6  305s
 63179 22185 3.4385e+07   61   61 4.2687e+07 2.2147e+07  48.1%  73.7  310s
 64441 22723 2.2147e+07   52   66 4.2687e+07 2.2147e+07  48.1%  73.9  316s
 65239 23046     cutoff   77      4.2687e+07 2.2147e+07  48.1%  74.2  320s
 66155 23343 2.3797e+07   55   72 4.2687e+07 2.2147e+07  48.1%  74.4  325s
 67233 23733 2.2147e+07   48  104 4.2687e+07 2.2147e+07  48.1%  74.7  330s
 68179 24088 3.3403e+07   54   48 4.2687e+07 2.2147e+07  48.1%  74.9  335s
 68954 24364 infeasible   66      4.2687e+07 2.2147e+07  48.1%  75.0  340s
 70137 24818 3.3805e+07   70   65 4.2687e+07 2.2147e+07  48.1%  75.3  345s
 71355 25290 infeasible   66      4.2687e+07 2.2147e+07  48.1%  75.4  351s
 72276 25615 infeasible   60      4.2687e+07 2.2147e+07  48.1%  75.5  355s
 73214 25902 infeasible   78      4.2687e+07 2.2147e+07  48.1%  75.7  360s
 74413 26356 2.2147e+07   52  106 4.2687e+07 2.2147e+07  48.1%  75.8  365s
 75316 26706 2.4642e+07   62   85 4.2687e+07 2.2147e+07  48.1%  76.0  370s
 76383 27058 infeasible   58      4.2687e+07 2.2147e+07  48.1%  76.3  375s
 77311 27408 2.6605e+07   78   63 4.2687e+07 2.2147e+07  48.1%  76.4  380s
 78432 27810 3.5807e+07   64   56 4.2687e+07 2.2147e+07  48.1%  76.5  385s
 79419 28146 2.2147e+07   44  111 4.2687e+07 2.2147e+07  48.1%  76.6  390s
 80543 28561 2.3922e+07   60   67 4.2687e+07 2.2147e+07  48.1%  76.8  395s
 81462 28909 2.6653e+07   56   49 4.2687e+07 2.2147e+07  48.1%  76.9  400s
 82403 29195 3.6141e+07   71   87 4.2687e+07 2.2147e+07  48.1%  77.1  405s
 83247 29486 3.4567e+07   71   56 4.2687e+07 2.2147e+07  48.1%  77.2  410s
 84299 29892 infeasible   51      4.2687e+07 2.2147e+07  48.1%  77.4  415s
 85296 30174 3.4326e+07   68   59 4.2687e+07 2.2147e+07  48.1%  77.6  420s
 86208 30485 infeasible   59      4.2687e+07 2.2147e+07  48.1%  77.7  425s
 86976 30704 infeasible   67      4.2687e+07 2.2147e+07  48.1%  77.9  430s
 87960 31020 3.3386e+07   61   34 4.2687e+07 2.2147e+07  48.1%  78.1  435s
 89054 31370 2.4241e+07   71   59 4.2687e+07 2.2147e+07  48.1%  78.3  440s
 89815 31616 2.5628e+07   67   72 4.2687e+07 2.2147e+07  48.1%  78.4  445s
 90860 31959     cutoff   63      4.2687e+07 2.2147e+07  48.1%  78.6  450s
 91922 32304 infeasible   52      4.2687e+07 2.2147e+07  48.1%  78.8  455s
 92750 32570 2.4028e+07   67   80 4.2687e+07 2.2147e+07  48.1%  78.9  460s
 93859 32900     cutoff   77      4.2687e+07 2.2147e+07  48.1%  79.0  465s
 94943 33259 3.4830e+07   58   74 4.2687e+07 2.2147e+07  48.1%  79.1  470s
 96006 33616 infeasible   65      4.2687e+07 2.2147e+07  48.1%  79.3  476s
 96808 33853 infeasible   69      4.2687e+07 2.2147e+07  48.1%  79.4  480s
 97940 34210 3.4331e+07   66   67 4.2687e+07 2.2147e+07  48.1%  79.5  485s
 98961 34475 2.4558e+07   51  101 4.2687e+07 2.2147e+07  48.1%  79.6  491s
 99792 34717 2.4623e+07   59   64 4.2687e+07 2.2147e+07  48.1%  79.7  495s
 100874 35090 3.2286e+07   69   68 4.2687e+07 2.2147e+07  48.1%  79.8  500s
 101944 35478 2.4243e+07   59   61 4.2687e+07 2.2147e+07  48.1%  79.9  505s
 103016 35834 infeasible   67      4.2687e+07 2.2147e+07  48.1%  80.0  510s
 103787 36073 infeasible   55      4.2687e+07 2.2147e+07  48.1%  80.2  515s
 104726 36362 infeasible   68      4.2687e+07 2.2147e+07  48.1%  80.3  520s
 105959 36724 3.4375e+07   74   44 4.2687e+07 2.2147e+07  48.1%  80.4  525s
 106984 37036 2.6175e+07   60   80 4.2687e+07 2.2147e+07  48.1%  80.6  531s
 107850 37287 infeasible   59      4.2687e+07 2.2147e+07  48.1%  80.6  535s
 108997 37573 infeasible   61      4.2687e+07 2.2147e+07  48.1%  80.9  540s
 109717 37783 2.6307e+07   72   78 4.2687e+07 2.2147e+07  48.1%  81.0  545s
 110788 38091 2.2147e+07   54   93 4.2687e+07 2.2147e+07  48.1%  81.1  550s
 111838 38394 3.4099e+07   58   68 4.2687e+07 2.2147e+07  48.1%  81.2  555s
 112870 38665 2.4157e+07   57   74 4.2687e+07 2.2147e+07  48.1%  81.3  560s
 113807 38956 2.3862e+07   49   69 4.2687e+07 2.2147e+07  48.1%  81.4  565s
 114814 39259 3.4208e+07   67   64 4.2687e+07 2.2147e+07  48.1%  81.6  570s
 115765 39573 2.5014e+07   57   61 4.2687e+07 2.2147e+07  48.1%  81.7  575s
 116741 39796     cutoff   59      4.2687e+07 2.2147e+07  48.1%  81.8  580s
 117505 40025     cutoff   58      4.2687e+07 2.2147e+07  48.1%  82.0  585s
 118554 40379 2.2147e+07   58   82 4.2687e+07 2.2147e+07  48.1%  82.1  590s
 119559 40627 2.3904e+07   52   75 4.2687e+07 2.2147e+07  48.1%  82.2  595s
 120260 40838 2.4493e+07   62   67 4.2687e+07 2.2147e+07  48.1%  82.2  600s
 121351 41076     cutoff   57      4.2687e+07 2.2147e+07  48.1%  82.3  605s
 122272 41302 2.6382e+07   62   96 4.2687e+07 2.2147e+07  48.1%  82.4  610s
 123169 41512 infeasible   69      4.2687e+07 2.2147e+07  48.1%  82.6  615s
 124192 41776 3.4105e+07   57   43 4.2687e+07 2.2147e+07  48.1%  82.7  620s
 125186 42014 3.4072e+07   53   69 4.2687e+07 2.2147e+07  48.1%  82.7  625s
 126207 42301 2.6389e+07   57   89 4.2687e+07 2.2147e+07  48.1%  82.9  630s
 127096 42457     cutoff   58      4.2687e+07 2.2147e+07  48.1%  83.0  635s
 127980 42705 2.4280e+07   54   75 4.2687e+07 2.2147e+07  48.1%  83.1  640s
 128995 42946     cutoff   72      4.2687e+07 2.2147e+07  48.1%  83.2  645s
 129943 43172 2.4361e+07   42   73 4.2687e+07 2.2147e+07  48.1%  83.3  650s
 130894 43422 3.0183e+07   55   94 4.2687e+07 2.2147e+07  48.1%  83.5  655s
 131918 43717 infeasible   62      4.2687e+07 2.2147e+07  48.1%  83.6  660s
 132903 43916 infeasible   72      4.2687e+07 2.2147e+07  48.1%  83.7  665s
 133821 44161 2.3475e+07   55   67 4.2687e+07 2.2147e+07  48.1%  83.8  670s
 135048 44485 infeasible   62      4.2687e+07 2.2147e+07  48.1%  83.9  675s
 135911 44659 3.3925e+07   70   58 4.2687e+07 2.2147e+07  48.1%  84.1  680s
 136858 44887 2.3612e+07   55   75 4.2687e+07 2.2147e+07  48.1%  84.2  685s
 137923 45179 infeasible   60      4.2687e+07 2.2147e+07  48.1%  84.4  690s
 138818 45386 2.4094e+07   59   72 4.2687e+07 2.2147e+07  48.1%  84.5  695s
 139824 45591 2.4294e+07   53   79 4.2687e+07 2.2147e+07  48.1%  84.6  700s
 140837 45803 2.3997e+07   46   73 4.2687e+07 2.2147e+07  48.1%  84.7  705s
 141832 46080 3.4582e+07   61   71 4.2687e+07 2.2147e+07  48.1%  84.8  710s
 142784 46296 2.2147e+07   52  107 4.2687e+07 2.2147e+07  48.1%  84.9  715s
 143749 46583 infeasible   76      4.2687e+07 2.2147e+07  48.1%  84.9  720s
 144752 46826 infeasible   59      4.2687e+07 2.2147e+07  48.1%  85.0  725s
 145655 47007 infeasible   52      4.2687e+07 2.2147e+07  48.1%  85.2  730s
 146610 47209 infeasible   54      4.2687e+07 2.2147e+07  48.1%  85.3  735s
 147560 47396 infeasible   67      4.2687e+07 2.2147e+07  48.1%  85.4  740s
 148743 47614 2.3955e+07   54   67 4.2687e+07 2.2147e+07  48.1%  85.5  746s
 149382 47720 2.3724e+07   46   76 4.2687e+07 2.2147e+07  48.1%  85.6  750s
 150332 47881     cutoff   65      4.2687e+07 2.2147e+07  48.1%  85.7  755s
 151284 48019 2.3841e+07   58   83 4.2687e+07 2.2147e+07  48.1%  85.8  760s
 152293 48245 2.6068e+07   65   71 4.2687e+07 2.2147e+07  48.1%  85.9  765s
 153227 48351 3.7261e+07   62   50 4.2687e+07 2.2147e+07  48.1%  86.0  770s
 154128 48576 2.8848e+07   69   83 4.2687e+07 2.2147e+07  48.1%  86.1  775s
 155168 48829 3.4842e+07   68   43 4.2687e+07 2.2147e+07  48.1%  86.2  780s
 156000 49055 infeasible   56      4.2687e+07 2.2147e+07  48.1%  86.2  785s
 157151 49295     cutoff   69      4.2687e+07 2.2147e+07  48.1%  86.3  790s
 158226 49558 2.2994e+07   41   71 4.2687e+07 2.2147e+07  48.1%  86.3  795s
 159113 49723 2.8516e+07   54   88 4.2687e+07 2.2147e+07  48.1%  86.4  800s
 160208 50007 3.7133e+07   60   73 4.2687e+07 2.2147e+07  48.1%  86.4  805s
 161362 50388 infeasible   68      4.2687e+07 2.2147e+07  48.1%  86.4  810s
 162415 50631 infeasible   61      4.2687e+07 2.2147e+07  48.1%  86.4  815s
 163439 50916 infeasible   64      4.2687e+07 2.2147e+07  48.1%  86.4  820s
 164515 51221 2.3809e+07   53   59 4.2687e+07 2.2147e+07  48.1%  86.5  825s
 165538 51560 3.4965e+07   50   56 4.2687e+07 2.2147e+07  48.1%  86.5  831s
 166360 51818 3.3785e+07   61   66 4.2687e+07 2.2147e+07  48.1%  86.6  835s
 167309 52011 infeasible   69      4.2687e+07 2.2147e+07  48.1%  86.6  840s
 168434 52356 infeasible   54      4.2687e+07 2.2147e+07  48.1%  86.6  845s
 169279 52620 3.4569e+07   57   40 4.2687e+07 2.2147e+07  48.1%  86.7  850s
 170388 52924 2.4039e+07   54   77 4.2687e+07 2.2147e+07  48.1%  86.7  855s
 171520 53203 3.0005e+07   68   81 4.2687e+07 2.2147e+07  48.1%  86.7  861s
 172249 53423 3.4288e+07   56   55 4.2687e+07 2.2147e+07  48.1%  86.7  865s
 173280 53713 2.3740e+07   62   75 4.2687e+07 2.2147e+07  48.1%  86.8  870s
 174295 53931 2.4828e+07   68   73 4.2687e+07 2.2147e+07  48.1%  86.8  875s
 175176 54219 3.3142e+07   51   45 4.2687e+07 2.2147e+07  48.1%  86.8  880s
 176172 54580 2.4289e+07   73   83 4.2687e+07 2.2147e+07  48.1%  86.9  885s
 177285 54851 2.3850e+07   58   67 4.2687e+07 2.2147e+07  48.1%  86.9  890s
 178411 55152 infeasible   60      4.2687e+07 2.2147e+07  48.1%  86.9  895s
 179342 55405 infeasible   57      4.2687e+07 2.2147e+07  48.1%  86.9  900s
 180456 55674 2.4588e+07   75   99 4.2687e+07 2.2147e+07  48.1%  87.0  905s
 181498 55890 3.4509e+07   63   59 4.2687e+07 2.2147e+07  48.1%  87.0  910s
 182476 56070 3.4057e+07   60   57 4.2687e+07 2.2147e+07  48.1%  87.1  915s
 183567 56361 infeasible   65      4.2687e+07 2.2147e+07  48.1%  87.1  921s
 184321 56535 3.4621e+07   61   42 4.2687e+07 2.2147e+07  48.1%  87.1  925s
 185411 56841 3.4450e+07   52   70 4.2687e+07 2.2147e+07  48.1%  87.2  930s
 186493 57079 infeasible   56      4.2687e+07 2.2147e+07  48.1%  87.2  936s
 187343 57386 2.3829e+07   58   73 4.2687e+07 2.2147e+07  48.1%  87.2  940s
 188313 57627 3.3646e+07   56   40 4.2687e+07 2.2147e+07  48.1%  87.2  945s
 189439 57904 infeasible   61      4.2687e+07 2.2147e+07  48.1%  87.3  950s
 190223 58063 2.4426e+07   59   67 4.2687e+07 2.2147e+07  48.1%  87.3  955s
 191166 58276 infeasible   70      4.2687e+07 2.2147e+07  48.1%  87.4  960s
 192125 58531 infeasible   74      4.2687e+07 2.2147e+07  48.1%  87.4  965s
 193090 58793 3.4171e+07   75   55 4.2687e+07 2.2147e+07  48.1%  87.4  970s
 194000 59010 3.4819e+07   67   43 4.2687e+07 2.2147e+07  48.1%  87.4  975s
 194773 59204 infeasible   49      4.2687e+07 2.2147e+07  48.1%  87.5  980s
 195825 59499 infeasible   61      4.2687e+07 2.2147e+07  48.1%  87.5  985s
 196967 59822 2.4186e+07   64   68 4.2687e+07 2.2147e+07  48.1%  87.5  990s
 197686 60005 infeasible   78      4.2687e+07 2.2147e+07  48.1%  87.5  995s
 198725 60294 2.2147e+07   46   82 4.2687e+07 2.2147e+07  48.1%  87.6 1000s
 199726 60583 3.1252e+07   71   63 4.2687e+07 2.2147e+07  48.1%  87.6 1005s
 200836 60858 infeasible   72      4.2687e+07 2.2147e+07  48.1%  87.6 1010s
 201917 61130 2.4516e+07   58   97 4.2687e+07 2.2147e+07  48.1%  87.6 1015s
 202917 61397 3.3942e+07   65   89 4.2687e+07 2.2147e+07  48.1%  87.7 1020s
 203928 61642 2.4346e+07   50   89 4.2687e+07 2.2147e+07  48.1%  87.7 1025s
 205014 61888 3.4175e+07   67   80 4.2687e+07 2.2147e+07  48.1%  87.7 1030s
 206132 62153 infeasible   60      4.2687e+07 2.2147e+07  48.1%  87.8 1035s
 207190 62341 2.6492e+07   63   60 4.2687e+07 2.2147e+07  48.1%  87.8 1040s
 208210 62563 infeasible   64      4.2687e+07 2.2147e+07  48.1%  87.8 1045s
 209183 62757     cutoff   64      4.2687e+07 2.2147e+07  48.1%  87.8 1050s
 210510 63167 2.4255e+07   66   52 4.2687e+07 2.2147e+07  48.1%  87.9 1055s
 211686 63519 infeasible   67      4.2687e+07 2.2147e+07  48.1%  87.8 1060s
 212634 63807 3.3457e+07   54   28 4.2687e+07 2.2147e+07  48.1%  87.8 1065s
 213738 64143 3.4918e+07   57  104 4.2687e+07 2.2147e+07  48.1%  87.8 1070s
 214854 64461 infeasible   77      4.2687e+07 2.2147e+07  48.1%  87.8 1075s
 216100 64895 2.4284e+07   61   74 4.2687e+07 2.2147e+07  48.1%  87.8 1080s
 217158 65186 infeasible   63      4.2687e+07 2.2147e+07  48.1%  87.8 1085s
 218146 65403 2.5812e+07   53   87 4.2687e+07 2.2147e+07  48.1%  87.8 1090s
 219189 65642 2.7694e+07   53   98 4.2687e+07 2.2147e+07  48.1%  87.8 1095s
 220434 66014 infeasible   57      4.2687e+07 2.2220e+07  47.9%  87.8 1100s
 221618 66529     cutoff   64      4.2687e+07 2.2256e+07  47.9%  87.7 1105s
 223114 67146 2.6404e+07   65   82 4.2687e+07 2.2293e+07  47.8%  87.6 1110s
 224207 67540 infeasible   43      4.2687e+07 2.2312e+07  47.7%  87.5 1115s
 225816 68259 3.3446e+07   40   11 4.2687e+07 2.2339e+07  47.7%  87.4 1120s
 226999 68704 3.3492e+07   41   12 4.2687e+07 2.2358e+07  47.6%  87.3 1125s
 228264 69254 3.3592e+07   44   10 4.2687e+07 2.2377e+07  47.6%  87.2 1130s
 229780 69854 infeasible   53      4.2687e+07 2.2395e+07  47.5%  87.1 1135s
 230881 70261 infeasible   53      4.2687e+07 2.2405e+07  47.5%  87.1 1140s
 232142 70765 2.2851e+07   56   45 4.2687e+07 2.2419e+07  47.5%  87.0 1145s
 233603 71311 3.3147e+07   37   48 4.2687e+07 2.2434e+07  47.4%  86.9 1150s
 234623 71620 infeasible   46      4.2687e+07 2.2444e+07  47.4%  86.9 1155s
 236128 72105 infeasible   67      4.2687e+07 2.2454e+07  47.4%  86.8 1160s
 237223 72407 2.4239e+07   57   70 4.2687e+07 2.2462e+07  47.4%  86.8 1165s
 238772 72971 infeasible   63      4.2687e+07 2.2476e+07  47.3%  86.7 1170s
 239716 73322 infeasible   65      4.2687e+07 2.2483e+07  47.3%  86.7 1175s
 241072 73778 infeasible   48      4.2687e+07 2.2490e+07  47.3%  86.6 1180s
 242324 74260 infeasible   52      4.2687e+07 2.2500e+07  47.3%  86.5 1185s
 243591 74793 infeasible   53      4.2687e+07 2.2506e+07  47.3%  86.5 1190s
 245060 75359 3.3809e+07   47   35 4.2687e+07 2.2514e+07  47.3%  86.4 1195s
 246376 75897 2.8531e+07   60   86 4.2687e+07 2.2522e+07  47.2%  86.3 1200s
 247567 76368 3.3410e+07   43   12 4.2687e+07 2.2528e+07  47.2%  86.3 1205s
 248874 76885 3.4501e+07   63   31 4.2687e+07 2.2536e+07  47.2%  86.2 1210s
 249944 77304     cutoff   70      4.2687e+07 2.2543e+07  47.2%  86.2 1215s
 251329 77793 infeasible   66      4.2687e+07 2.2549e+07  47.2%  86.2 1220s
 252377 78200 2.2808e+07   41   71 4.2687e+07 2.2554e+07  47.2%  86.1 1225s
 253705 78625 2.3184e+07   42   46 4.2687e+07 2.2562e+07  47.1%  86.1 1230s
 255008 79082 3.3005e+07   59   28 4.2687e+07 2.2566e+07  47.1%  86.1 1235s
 256127 79427 3.3391e+07   58   27 4.2687e+07 2.2573e+07  47.1%  86.1 1240s
 257108 79718 3.4434e+07   56   22 4.2687e+07 2.2577e+07  47.1%  86.1 1245s
 258490 80136 3.6671e+07   60   73 4.2687e+07 2.2583e+07  47.1%  86.0 1250s
 259964 80713 2.4408e+07   59   60 4.2687e+07 2.2588e+07  47.1%  86.0 1255s
 261049 81131 infeasible   71      4.2687e+07 2.2593e+07  47.1%  85.9 1260s
 262330 81577 2.4440e+07   47   88 4.2687e+07 2.2599e+07  47.1%  85.9 1265s
 263651 82020 3.3078e+07   41   22 4.2687e+07 2.2605e+07  47.0%  85.9 1270s
 264681 82348 infeasible   46      4.2687e+07 2.2609e+07  47.0%  85.8 1275s
 266109 82797 2.3169e+07   57   61 4.2687e+07 2.2616e+07  47.0%  85.8 1280s
 267570 83277 2.3042e+07   44   49 4.2687e+07 2.2621e+07  47.0%  85.7 1285s
 268630 83625 2.5102e+07   50   33 4.2687e+07 2.2626e+07  47.0%  85.7 1290s
 269971 84080 infeasible   51      4.2687e+07 2.2631e+07  47.0%  85.6 1295s
 271422 84612 3.3165e+07   50   28 4.2687e+07 2.2635e+07  47.0%  85.6 1300s
 272283 84895 3.4032e+07   62   55 4.2687e+07 2.2638e+07  47.0%  85.5 1305s
 273730 85435 infeasible   57      4.2687e+07 2.2643e+07  47.0%  85.5 1310s
 275079 85873 infeasible   50      4.2687e+07 2.2648e+07  46.9%  85.4 1315s
 276023 86182 2.3262e+07   70   57 4.2687e+07 2.2652e+07  46.9%  85.4 1320s
 277450 86735 2.3255e+07   47   74 4.2687e+07 2.2658e+07  46.9%  85.4 1325s
*278480 77604              57    3.342620e+07 2.2662e+07  32.2%  85.3 1329s
 278526 77596 2.3748e+07   51   82 3.3426e+07 2.2662e+07  32.2%  85.3 1330s
 279649 77872 2.3777e+07   59   70 3.3426e+07 2.2668e+07  32.2%  85.3 1336s
 280550 78081 infeasible   50      3.3426e+07 2.2671e+07  32.2%  85.3 1340s
 281659 78260 2.3213e+07   52   60 3.3426e+07 2.2678e+07  32.2%  85.3 1345s
 282502 78454 3.2851e+07   50   32 3.3426e+07 2.2682e+07  32.1%  85.3 1350s
 283678 78735 infeasible   65      3.3426e+07 2.2688e+07  32.1%  85.3 1355s
H284574 78640                    3.340380e+07 2.2692e+07  32.1%  85.2 1359s
 284788 78657 3.3373e+07   56    6 3.3404e+07 2.2693e+07  32.1%  85.2 1360s
 285999 78881 2.3451e+07   49   64 3.3404e+07 2.2699e+07  32.0%  85.2 1365s
 287129 79174 2.3932e+07   48   51 3.3404e+07 2.2704e+07  32.0%  85.2 1370s
 288336 79452 3.3100e+07   52   20 3.3404e+07 2.2710e+07  32.0%  85.2 1375s
 289498 79669 infeasible   53      3.3404e+07 2.2716e+07  32.0%  85.2 1380s
 290684 79931 2.3037e+07   37   64 3.3404e+07 2.2721e+07  32.0%  85.2 1385s
 291912 80250     cutoff   56      3.3404e+07 2.2725e+07  32.0%  85.2 1390s
 292969 80412 2.3096e+07   51   63 3.3404e+07 2.2732e+07  31.9%  85.2 1395s
 294145 80652     cutoff   49      3.3404e+07 2.2736e+07  31.9%  85.2 1400s
 295418 80850     cutoff   45      3.3404e+07 2.2741e+07  31.9%  85.2 1405s
 296650 81115 2.3763e+07   50   71 3.3404e+07 2.2745e+07  31.9%  85.2 1410s
*297915 81344              57    3.340240e+07 2.2750e+07  31.9%  85.2 1414s
 298033 81365     cutoff   55      3.3402e+07 2.2750e+07  31.9%  85.2 1415s
H298827 80953                    3.335650e+07 2.2755e+07  31.8%  85.2 1418s
 298933 80958     cutoff   53      3.3357e+07 2.2755e+07  31.8%  85.2 1420s
 300077 81158 infeasible   58      3.3357e+07 2.2759e+07  31.8%  85.2 1425s
 300990 81332     cutoff   60      3.3357e+07 2.2763e+07  31.8%  85.3 1430s
 302372 81568 2.3018e+07   43   46 3.3357e+07 2.2769e+07  31.7%  85.3 1435s
 303378 81733 2.3289e+07   47   55 3.3357e+07 2.2773e+07  31.7%  85.3 1440s
 304470 81924 3.3087e+07   61   36 3.3357e+07 2.2777e+07  31.7%  85.3 1445s
 305575 82165 2.5206e+07   47   60 3.3357e+07 2.2781e+07  31.7%  85.3 1450s
 306685 82380 infeasible   58      3.3357e+07 2.2785e+07  31.7%  85.3 1455s
 307777 82554 infeasible   49      3.3357e+07 2.2789e+07  31.7%  85.3 1460s
 308627 82670 3.2919e+07   51   29 3.3357e+07 2.2793e+07  31.7%  85.4 1466s
 309269 82770     cutoff   70      3.3357e+07 2.2796e+07  31.7%  85.4 1470s
 310147 82917 2.3742e+07   69   48 3.3357e+07 2.2799e+07  31.7%  85.4 1475s
 311066 83093 infeasible   50      3.3357e+07 2.2802e+07  31.6%  85.4 1481s
 311742 83239 3.3053e+07   55   33 3.3357e+07 2.2804e+07  31.6%  85.4 1485s
 312522 83403     cutoff   58      3.3357e+07 2.2807e+07  31.6%  85.4 1490s
 313367 83583 2.4092e+07   76   66 3.3357e+07 2.2811e+07  31.6%  85.4 1496s
 314049 83696 2.3062e+07   49   48 3.3357e+07 2.2814e+07  31.6%  85.5 1500s
 314976 83909 infeasible   42      3.3357e+07 2.2816e+07  31.6%  85.5 1505s
 315890 84055 2.4986e+07   74   92 3.3357e+07 2.2819e+07  31.6%  85.5 1510s
 316704 84132 2.4137e+07   65   70 3.3357e+07 2.2822e+07  31.6%  85.5 1516s
 317297 84234 2.3512e+07   49   70 3.3357e+07 2.2824e+07  31.6%  85.5 1520s
 318196 84404 infeasible   54      3.3357e+07 2.2827e+07  31.6%  85.5 1525s
 319146 84547 3.3073e+07   62   52 3.3357e+07 2.2830e+07  31.6%  85.5 1531s
 319760 84670 2.3351e+07   47   48 3.3357e+07 2.2832e+07  31.6%  85.6 1535s
 320606 84799 infeasible   43      3.3357e+07 2.2835e+07  31.5%  85.6 1540s
 321533 84916     cutoff   43      3.3357e+07 2.2838e+07  31.5%  85.6 1545s
 322429 85080     cutoff   54      3.3357e+07 2.2841e+07  31.5%  85.6 1551s
 323026 85197     cutoff   49      3.3357e+07 2.2843e+07  31.5%  85.6 1555s
 323895 85324     cutoff   55      3.3357e+07 2.2845e+07  31.5%  85.6 1560s
 324822 85528 2.4054e+07   44   49 3.3357e+07 2.2849e+07  31.5%  85.6 1565s
 325633 85629     cutoff   51      3.3357e+07 2.2852e+07  31.5%  85.6 1571s
 326277 85737 infeasible   63      3.3357e+07 2.2854e+07  31.5%  85.7 1575s
 327091 85852 2.2986e+07   52   55 3.3357e+07 2.2857e+07  31.5%  85.7 1580s
 327958 85968 infeasible   54      3.3357e+07 2.2860e+07  31.5%  85.7 1586s
 328601 86035 infeasible   62      3.3357e+07 2.2863e+07  31.5%  85.7 1590s
 329502 86142 infeasible   64      3.3357e+07 2.2867e+07  31.4%  85.7 1595s
 330365 86260 2.3306e+07   55   87 3.3357e+07 2.2870e+07  31.4%  85.7 1601s
 330953 86318     cutoff   85      3.3357e+07 2.2872e+07  31.4%  85.8 1605s
 331749 86404 3.3055e+07   47   40 3.3357e+07 2.2875e+07  31.4%  85.8 1610s
 332617 86573 2.3416e+07   53   82 3.3357e+07 2.2878e+07  31.4%  85.8 1615s
 333321 86680     cutoff   67      3.3357e+07 2.2880e+07  31.4%  85.8 1620s
 334132 86781     cutoff   43      3.3357e+07 2.2883e+07  31.4%  85.8 1625s
 334999 86952 infeasible   53      3.3357e+07 2.2887e+07  31.4%  85.8 1631s
 335656 87053     cutoff   61      3.3357e+07 2.2888e+07  31.4%  85.8 1635s
 336504 87163 3.3283e+07   51   29 3.3357e+07 2.2890e+07  31.4%  85.8 1640s
 337237 87204     cutoff   39      3.3357e+07 2.2893e+07  31.4%  85.9 1645s
 338086 87301 3.3253e+07   51   34 3.3357e+07 2.2895e+07  31.4%  85.9 1651s
 338674 87401 infeasible   65      3.3357e+07 2.2897e+07  31.4%  85.9 1655s
 339329 87479 3.3273e+07   53   45 3.3357e+07 2.2900e+07  31.3%  85.9 1660s
 340125 87596 2.4633e+07   61   55 3.3357e+07 2.2902e+07  31.3%  86.0 1666s
 340777 87694 3.2694e+07   59   52 3.3357e+07 2.2904e+07  31.3%  86.0 1670s
 341607 87734 infeasible   52      3.3357e+07 2.2907e+07  31.3%  86.0 1675s
 342420 87795 2.2987e+07   52   67 3.3357e+07 2.2910e+07  31.3%  86.0 1680s
 343252 87899     cutoff   58      3.3357e+07 2.2912e+07  31.3%  86.0 1686s
 343857 87982 infeasible   48      3.3357e+07 2.2914e+07  31.3%  86.0 1690s
 344675 88085 infeasible   52      3.3357e+07 2.2917e+07  31.3%  86.1 1695s
 345443 88149     cutoff   67      3.3357e+07 2.2920e+07  31.3%  86.1 1700s
 346246 88269     cutoff   51      3.3357e+07 2.2922e+07  31.3%  86.1 1706s
 346884 88294 2.4237e+07   43   57 3.3357e+07 2.2925e+07  31.3%  86.1 1710s
 347676 88419     cutoff   54      3.3357e+07 2.2927e+07  31.3%  86.2 1715s
 348432 88554 infeasible   58      3.3357e+07 2.2929e+07  31.3%  86.2 1721s
 349023 88615     cutoff   50      3.3357e+07 2.2931e+07  31.3%  86.2 1725s
 349791 88691 2.3721e+07   52   93 3.3357e+07 2.2934e+07  31.2%  86.2 1730s
 350536 88733 2.3771e+07   70   85 3.3357e+07 2.2936e+07  31.2%  86.3 1735s
 351319 88831 2.6277e+07   48   73 3.3357e+07 2.2938e+07  31.2%  86.3 1741s
 351939 88928 infeasible   65      3.3357e+07 2.2940e+07  31.2%  86.3 1745s
 352767 89030 2.5205e+07   57   56 3.3357e+07 2.2942e+07  31.2%  86.3 1750s
 353518 89111     cutoff   50      3.3357e+07 2.2944e+07  31.2%  86.4 1755s
 354379 89203     cutoff   39      3.3357e+07 2.2946e+07  31.2%  86.4 1761s
 354998 89258 3.3244e+07   60   40 3.3357e+07 2.2948e+07  31.2%  86.4 1765s
 355766 89295     cutoff   60      3.3357e+07 2.2950e+07  31.2%  86.4 1770s
 356662 89473 infeasible   66      3.3357e+07 2.2952e+07  31.2%  86.4 1776s
 357283 89533 3.3212e+07   55   52 3.3357e+07 2.2954e+07  31.2%  86.5 1780s
 358103 89599 infeasible   55      3.3357e+07 2.2957e+07  31.2%  86.5 1785s
 358881 89674 infeasible   69      3.3357e+07 2.2959e+07  31.2%  86.5 1790s
 359629 89818 2.3503e+07   47   67 3.3357e+07 2.2961e+07  31.2%  86.5 1796s
 360122 89895 2.3154e+07   42   75 3.3357e+07 2.2962e+07  31.2%  86.6 1800s
 360938 89994 infeasible   52      3.3357e+07 2.2964e+07  31.2%  86.6 1805s
 361712 90028     cutoff   53      3.3357e+07 2.2966e+07  31.1%  86.6 1810s
 362458 90148 infeasible   52      3.3357e+07 2.2968e+07  31.1%  86.7 1816s
 362981 90189 2.3240e+07   53   59 3.3357e+07 2.2969e+07  31.1%  86.7 1820s
 363725 90239 infeasible   62      3.3357e+07 2.2972e+07  31.1%  86.7 1825s
 364560 90335     cutoff   62      3.3357e+07 2.2975e+07  31.1%  86.7 1831s
 365145 90405     cutoff   60      3.3357e+07 2.2976e+07  31.1%  86.8 1835s
 365914 90459     cutoff   58      3.3357e+07 2.2978e+07  31.1%  86.8 1840s
 366530 90485 2.3082e+07   62   67 3.3357e+07 2.2980e+07  31.1%  86.9 1845s
 367274 90497     cutoff   55      3.3357e+07 2.2982e+07  31.1%  86.9 1850s
 368105 90543 2.3360e+07   58   89 3.3357e+07 2.2985e+07  31.1%  86.9 1855s
 368812 90590     cutoff   81      3.3357e+07 2.2987e+07  31.1%  87.0 1861s
 369415 90643 3.3344e+07   59   39 3.3357e+07 2.2988e+07  31.1%  87.0 1865s
 370216 90735 2.3598e+07   55   43 3.3357e+07 2.2990e+07  31.1%  87.0 1870s
 371043 90800     cutoff   46      3.3357e+07 2.2993e+07  31.1%  87.0 1875s
 371869 90885 2.4545e+07   72   49 3.3357e+07 2.2995e+07  31.1%  87.0 1881s
 372385 90940 infeasible   52      3.3357e+07 2.2997e+07  31.1%  87.1 1885s
 373125 90942 2.5802e+07   59   49 3.3357e+07 2.2999e+07  31.1%  87.1 1890s
 373789 91026 infeasible   55      3.3357e+07 2.3000e+07  31.0%  87.1 1896s
 374367 91103     cutoff   54      3.3357e+07 2.3002e+07  31.0%  87.1 1900s
 375110 91138 2.3183e+07   44   68 3.3357e+07 2.3004e+07  31.0%  87.2 1905s
 375916 91171 2.4053e+07   46   58 3.3357e+07 2.3006e+07  31.0%  87.2 1910s
 376334 91183 infeasible   42      3.3357e+07 2.3007e+07  31.0%  87.2 1915s
 377060 91215     cutoff   50      3.3357e+07 2.3010e+07  31.0%  87.3 1920s
 377860 91280     cutoff   50      3.3357e+07 2.3012e+07  31.0%  87.3 1925s
 378632 91330 2.3567e+07   66   45 3.3357e+07 2.3014e+07  31.0%  87.3 1931s
 379113 91324     cutoff   52      3.3357e+07 2.3016e+07  31.0%  87.4 1935s
 379882 91382     cutoff   76      3.3357e+07 2.3017e+07  31.0%  87.4 1940s
 380651 91424     cutoff   65      3.3357e+07 2.3019e+07  31.0%  87.4 1945s
 381318 91460 infeasible   41      3.3357e+07 2.3021e+07  31.0%  87.5 1950s
 382060 91519     cutoff   61      3.3357e+07 2.3023e+07  31.0%  87.5 1956s
 382909 91610 2.3987e+07   47   52 3.3357e+07 2.3025e+07  31.0%  87.5 1961s
 383438 91633     cutoff   64      3.3357e+07 2.3026e+07  31.0%  87.5 1965s
 384090 91661 2.3526e+07   59   73 3.3357e+07 2.3028e+07  31.0%  87.6 1970s
 384805 91705 2.3524e+07   70   84 3.3357e+07 2.3029e+07  31.0%  87.6 1975s
 385540 91776 2.3709e+07   57   56 3.3357e+07 2.3031e+07  31.0%  87.7 1980s
 386283 91791 infeasible   46      3.3357e+07 2.3033e+07  30.9%  87.7 1985s
 387036 91862 2.3147e+07   48   60 3.3357e+07 2.3035e+07  30.9%  87.7 1991s
 387589 91882     cutoff   62      3.3357e+07 2.3037e+07  30.9%  87.8 1995s
 388379 91891     cutoff   51      3.3357e+07 2.3039e+07  30.9%  87.8 2000s
 389097 91890 2.3890e+07   61   77 3.3357e+07 2.3041e+07  30.9%  87.8 2005s
 389777 91915     cutoff   46      3.3357e+07 2.3043e+07  30.9%  87.9 2010s
 390375 91896     cutoff   76      3.3357e+07 2.3044e+07  30.9%  88.0 2016s
 391061 91871 3.3085e+07   58   21 3.3357e+07 2.3046e+07  30.9%  88.0 2021s
 391675 91923 2.3943e+07   53   70 3.3357e+07 2.3048e+07  30.9%  88.0 2025s
 392462 91952 infeasible   56      3.3357e+07 2.3050e+07  30.9%  88.0 2030s
 393121 91995 2.3513e+07   58   54 3.3357e+07 2.3051e+07  30.9%  88.1 2035s
 393616 92017     cutoff   66      3.3357e+07 2.3052e+07  30.9%  88.1 2040s
 394271 92020     cutoff   63      3.3357e+07 2.3054e+07  30.9%  88.1 2045s
 394895 92017 2.3476e+07   52   61 3.3357e+07 2.3056e+07  30.9%  88.2 2051s
 395436 92030 2.3548e+07   53   52 3.3357e+07 2.3057e+07  30.9%  88.2 2055s
 396194 92049 infeasible   48      3.3357e+07 2.3059e+07  30.9%  88.3 2060s
 396910 92061     cutoff   70      3.3357e+07 2.3060e+07  30.9%  88.3 2065s
 397561 92032 2.3080e+07   61   68 3.3357e+07 2.3062e+07  30.9%  88.4 2070s
 398293 92075     cutoff   58      3.3357e+07 2.3064e+07  30.9%  88.4 2076s
 398849 92082 2.3246e+07   47   71 3.3357e+07 2.3065e+07  30.9%  88.4 2080s
 399558 92082 2.3136e+07   46   50 3.3357e+07 2.3067e+07  30.8%  88.5 2085s
 400235 92108     cutoff   51      3.3357e+07 2.3068e+07  30.8%  88.5 2090s
 400891 92101     cutoff   51      3.3357e+07 2.3070e+07  30.8%  88.5 2095s
 401651 92141 infeasible   60      3.3357e+07 2.3072e+07  30.8%  88.6 2101s
 402192 92154     cutoff   48      3.3357e+07 2.3073e+07  30.8%  88.6 2105s
 402956 92165 2.4380e+07   73   77 3.3357e+07 2.3075e+07  30.8%  88.6 2110s
 403647 92131 infeasible   59      3.3357e+07 2.3077e+07  30.8%  88.7 2116s
 404292 92093     cutoff   51      3.3357e+07 2.3078e+07  30.8%  88.7 2121s
 404852 92127     cutoff   52      3.3357e+07 2.3080e+07  30.8%  88.7 2125s
 405531 92135 2.3359e+07   49   60 3.3357e+07 2.3081e+07  30.8%  88.8 2130s
 406273 92181     cutoff   68      3.3357e+07 2.3083e+07  30.8%  88.8 2135s
 406973 92177 2.4033e+07   52   54 3.3357e+07 2.3085e+07  30.8%  88.8 2140s
 407663 92137     cutoff   50      3.3357e+07 2.3087e+07  30.8%  88.9 2146s
 408178 92117 2.3595e+07   55   58 3.3357e+07 2.3088e+07  30.8%  88.9 2150s
 408892 92124 2.3777e+07   47   61 3.3357e+07 2.3090e+07  30.8%  89.0 2155s
 409568 92147     cutoff   54      3.3357e+07 2.3091e+07  30.8%  89.0 2160s
 410289 92154     cutoff   52      3.3357e+07 2.3093e+07  30.8%  89.0 2165s
 411021 92152     cutoff   56      3.3357e+07 2.3095e+07  30.8%  89.1 2171s
 411540 92154 2.3262e+07   54   62 3.3357e+07 2.3097e+07  30.8%  89.1 2175s
 412296 92189     cutoff   54      3.3357e+07 2.3098e+07  30.8%  89.1 2180s
 412976 92112     cutoff   71      3.3357e+07 2.3100e+07  30.7%  89.2 2185s
 413669 92113 infeasible   53      3.3357e+07 2.3102e+07  30.7%  89.2 2190s
 414395 92118 2.3643e+07   52   55 3.3357e+07 2.3103e+07  30.7%  89.3 2195s
 414894 92151     cutoff   44      3.3357e+07 2.3104e+07  30.7%  89.3 2200s
 415605 92140 infeasible   79      3.3357e+07 2.3106e+07  30.7%  89.3 2205s
 416285 92125 2.3153e+07   65   51 3.3357e+07 2.3108e+07  30.7%  89.4 2210s
 416934 92104 2.3335e+07   59   62 3.3357e+07 2.3109e+07  30.7%  89.4 2215s
 417431 92065 2.5795e+07   61   59 3.3357e+07 2.3111e+07  30.7%  89.4 2220s
 418110 92013     cutoff   57      3.3357e+07 2.3113e+07  30.7%  89.5 2225s
 418840 91975 2.3807e+07   56   65 3.3357e+07 2.3115e+07  30.7%  89.5 2230s
 419547 91966 infeasible   55      3.3357e+07 2.3116e+07  30.7%  89.6 2235s
 420185 91936 2.3416e+07   62   28 3.3357e+07 2.3118e+07  30.7%  89.6 2240s
 420931 91954     cutoff   54      3.3357e+07 2.3119e+07  30.7%  89.7 2246s
 421378 91941     cutoff   58      3.3357e+07 2.3120e+07  30.7%  89.7 2250s
 422043 91920 infeasible   47      3.3357e+07 2.3122e+07  30.7%  89.7 2255s
 422694 91829     cutoff   46      3.3357e+07 2.3124e+07  30.7%  89.8 2260s
 423434 91830     cutoff   54      3.3357e+07 2.3126e+07  30.7%  89.8 2266s
 424233 91897 2.3436e+07   69   53 3.3357e+07 2.3128e+07  30.7%  89.8 2271s
 424719 91895 2.3229e+07   74   84 3.3357e+07 2.3129e+07  30.7%  89.9 2275s
 425369 91829 infeasible   52      3.3357e+07 2.3130e+07  30.7%  89.9 2280s
 426014 91792 2.3422e+07   66   41 3.3357e+07 2.3132e+07  30.7%  90.0 2285s
 426768 91762 2.3572e+07   47   70 3.3357e+07 2.3134e+07  30.6%  90.0 2291s
 427275 91742 infeasible   71      3.3357e+07 2.3135e+07  30.6%  90.0 2295s
 427903 91698 3.3159e+07   63   42 3.3357e+07 2.3136e+07  30.6%  90.1 2300s
 428616 91662 2.3366e+07   51   63 3.3357e+07 2.3138e+07  30.6%  90.1 2305s
 429302 91569 infeasible   65      3.3357e+07 2.3140e+07  30.6%  90.2 2311s
 429729 91529 infeasible   66      3.3357e+07 2.3141e+07  30.6%  90.2 2315s
 430447 91503 infeasible   63      3.3357e+07 2.3143e+07  30.6%  90.2 2320s
 431125 91450 infeasible   55      3.3357e+07 2.3145e+07  30.6%  90.3 2325s
 431822 91416 infeasible   51      3.3357e+07 2.3147e+07  30.6%  90.3 2331s
 432335 91381     cutoff   51      3.3357e+07 2.3148e+07  30.6%  90.3 2335s
 432999 91309 infeasible   56      3.3357e+07 2.3150e+07  30.6%  90.4 2340s
 433693 91296 2.3442e+07   49   65 3.3357e+07 2.3152e+07  30.6%  90.4 2345s
 434368 91282 2.3209e+07   58   46 3.3357e+07 2.3153e+07  30.6%  90.4 2350s
 435064 91249 2.3264e+07   55   47 3.3357e+07 2.3155e+07  30.6%  90.5 2355s
 435706 91214 2.3235e+07   53   61 3.3357e+07 2.3156e+07  30.6%  90.5 2361s
 436197 91164     cutoff   54      3.3357e+07 2.3157e+07  30.6%  90.5 2365s
 436819 91119 2.3624e+07   69   68 3.3357e+07 2.3159e+07  30.6%  90.6 2370s
 437698 91011 infeasible   50      3.3357e+07 2.3162e+07  30.6%  90.6 2376s
 438230 90995 2.6488e+07   58   45 3.3357e+07 2.3163e+07  30.6%  90.7 2380s
 438886 90920 2.3420e+07   73   88 3.3357e+07 2.3165e+07  30.6%  90.7 2385s
 439511 90884 3.1721e+07   46   43 3.3357e+07 2.3166e+07  30.5%  90.7 2390s
 440137 90824 2.3315e+07   45   64 3.3357e+07 2.3168e+07  30.5%  90.8 2395s
 440858 90786 2.4612e+07   55   60 3.3357e+07 2.3170e+07  30.5%  90.8 2400s
 441506 90688 2.3374e+07   60   49 3.3357e+07 2.3172e+07  30.5%  90.9 2405s
 442226 90652 infeasible   64      3.3357e+07 2.3174e+07  30.5%  90.9 2411s
 442698 90591 2.3799e+07   60   62 3.3357e+07 2.3175e+07  30.5%  90.9 2415s
 443277 90554 infeasible   50      3.3357e+07 2.3177e+07  30.5%  90.9 2420s
 443974 90497 2.3188e+07   45   56 3.3357e+07 2.3178e+07  30.5%  91.0 2425s
 444650 90406 2.3655e+07   64   65 3.3357e+07 2.3180e+07  30.5%  91.0 2431s
 445167 90377 2.3380e+07   59   51 3.3357e+07 2.3182e+07  30.5%  91.1 2435s
 445776 90293 2.3453e+07   50   65 3.3357e+07 2.3184e+07  30.5%  91.1 2440s
 446510 90255     cutoff   56      3.3357e+07 2.3185e+07  30.5%  91.1 2445s
 447178 90172 infeasible   56      3.3357e+07 2.3187e+07  30.5%  91.2 2450s
 447866 90146 2.4180e+07   72   60 3.3357e+07 2.3189e+07  30.5%  91.2 2455s
 448506 90066     cutoff   66      3.3357e+07 2.3190e+07  30.5%  91.3 2461s
 448998 90018     cutoff   54      3.3357e+07 2.3191e+07  30.5%  91.3 2465s
 449656 89971 infeasible   55      3.3357e+07 2.3193e+07  30.5%  91.3 2470s
 450287 89869     cutoff   63      3.3357e+07 2.3195e+07  30.5%  91.4 2475s
 450954 89826     cutoff   60      3.3357e+07 2.3196e+07  30.5%  91.4 2481s
 451482 89743 2.3519e+07   54   66 3.3357e+07 2.3198e+07  30.5%  91.4 2486s
 451940 89669 infeasible   44      3.3357e+07 2.3199e+07  30.5%  91.5 2490s
 452553 89566     cutoff   46      3.3357e+07 2.3201e+07  30.4%  91.5 2495s
 453176 89482 2.3580e+07   59   55 3.3357e+07 2.3203e+07  30.4%  91.6 2500s
 453642 89408 2.3571e+07   56   47 3.3357e+07 2.3204e+07  30.4%  91.6 2505s
 454286 89331 infeasible   51      3.3357e+07 2.3206e+07  30.4%  91.6 2510s
 454933 89276 2.3344e+07   65   54 3.3357e+07 2.3207e+07  30.4%  91.7 2515s
 455585 89214     cutoff   57      3.3357e+07 2.3209e+07  30.4%  91.7 2520s
 456213 89123     cutoff   53      3.3357e+07 2.3211e+07  30.4%  91.8 2526s
 456714 89051     cutoff   64      3.3357e+07 2.3212e+07  30.4%  91.8 2530s
 457370 88972     cutoff   68      3.3357e+07 2.3214e+07  30.4%  91.8 2535s
 457940 88908     cutoff   53      3.3357e+07 2.3216e+07  30.4%  91.9 2540s
 458588 88786 infeasible   51      3.3357e+07 2.3218e+07  30.4%  91.9 2545s
 459266 88760     cutoff   60      3.3357e+07 2.3219e+07  30.4%  91.9 2550s
 459855 88677 2.4385e+07   47   45 3.3357e+07 2.3220e+07  30.4%  92.0 2555s
 460480 88569     cutoff   50      3.3357e+07 2.3223e+07  30.4%  92.0 2560s
 461034 88459 2.3350e+07   62   49 3.3357e+07 2.3224e+07  30.4%  92.1 2565s
 461688 88365 2.3843e+07   47   47 3.3357e+07 2.3226e+07  30.4%  92.1 2570s
 462503 88253     cutoff   61      3.3357e+07 2.3228e+07  30.4%  92.1 2576s
 463148 88145 2.3593e+07   50   76 3.3357e+07 2.3230e+07  30.4%  92.2 2580s
 463853 88071 2.3304e+07   45   64 3.3357e+07 2.3232e+07  30.4%  92.2 2585s
 464466 87998 2.3496e+07   61   62 3.3357e+07 2.3234e+07  30.3%  92.3 2590s
 465069 87895 2.3883e+07   47   82 3.3357e+07 2.3236e+07  30.3%  92.3 2595s
 465542 87836 2.3717e+07   42   81 3.3357e+07 2.3237e+07  30.3%  92.3 2600s
 466147 87735 infeasible   60      3.3357e+07 2.3239e+07  30.3%  92.4 2605s
 466934 87609 2.3242e+07   49   42 3.3357e+07 2.3241e+07  30.3%  92.4 2611s
 467398 87536     cutoff   65      3.3357e+07 2.3243e+07  30.3%  92.4 2615s
 468002 87432     cutoff   73      3.3357e+07 2.3244e+07  30.3%  92.5 2620s
 468663 87363     cutoff   58      3.3357e+07 2.3246e+07  30.3%  92.5 2625s
 469256 87275 2.3699e+07   70   79 3.3357e+07 2.3248e+07  30.3%  92.6 2630s
 470002 87148 2.3366e+07   55   85 3.3357e+07 2.3250e+07  30.3%  92.6 2636s
 470466 87059 infeasible   64      3.3357e+07 2.3252e+07  30.3%  92.7 2640s
 471225 86898     cutoff   55      3.3357e+07 2.3254e+07  30.3%  92.7 2645s
 471792 86820 infeasible   46      3.3357e+07 2.3255e+07  30.3%  92.8 2651s
 472263 86745     cutoff   63      3.3357e+07 2.3257e+07  30.3%  92.8 2655s
 472920 86651 2.3398e+07   50   75 3.3357e+07 2.3258e+07  30.3%  92.8 2660s
 473497 86558 2.3725e+07   69   65 3.3357e+07 2.3260e+07  30.3%  92.9 2665s
 474071 86443 2.3307e+07   59   60 3.3357e+07 2.3261e+07  30.3%  92.9 2670s
 474704 86362     cutoff   63      3.3357e+07 2.3263e+07  30.3%  93.0 2675s
 475289 86262     cutoff   70      3.3357e+07 2.3265e+07  30.3%  93.0 2680s
 476029 86092 2.6398e+07   49   71 3.3357e+07 2.3267e+07  30.2%  93.1 2686s
 476714 86010 2.3926e+07   59   68 3.3357e+07 2.3269e+07  30.2%  93.1 2690s
 477314 85915 2.3572e+07   60   57 3.3357e+07 2.3271e+07  30.2%  93.1 2695s
 477931 85820     cutoff   46      3.3357e+07 2.3272e+07  30.2%  93.2 2700s
 478486 85701     cutoff   50      3.3357e+07 2.3274e+07  30.2%  93.2 2706s
 479076 85573 2.4008e+07   64   53 3.3357e+07 2.3275e+07  30.2%  93.3 2710s
 479656 85432 2.4347e+07   57   77 3.3357e+07 2.3278e+07  30.2%  93.3 2715s
 480434 85290     cutoff   72      3.3357e+07 2.3280e+07  30.2%  93.4 2721s
 480973 85205 2.3893e+07   77   56 3.3357e+07 2.3282e+07  30.2%  93.4 2725s
 481588 85116 infeasible   47      3.3357e+07 2.3284e+07  30.2%  93.4 2730s
 482170 85008 2.3512e+07   52   76 3.3357e+07 2.3285e+07  30.2%  93.5 2735s
 482775 84893 2.4056e+07   51   54 3.3357e+07 2.3287e+07  30.2%  93.5 2740s
 483537 84750 2.3414e+07   52   62 3.3357e+07 2.3290e+07  30.2%  93.6 2746s
 484176 84642     cutoff   49      3.3357e+07 2.3292e+07  30.2%  93.6 2750s
 484745 84516 2.3324e+07   54   66 3.3357e+07 2.3293e+07  30.2%  93.6 2755s
 485296 84379 2.3329e+07   61   66 3.3357e+07 2.3295e+07  30.2%  93.7 2760s
 485898 84283 2.3418e+07   56   71 3.3357e+07 2.3297e+07  30.2%  93.7 2765s
 486567 84114 infeasible   45      3.3357e+07 2.3300e+07  30.2%  93.8 2770s
 487094 83975     cutoff   57      3.3357e+07 2.3301e+07  30.1%  93.8 2775s
 487757 83803     cutoff   64      3.3357e+07 2.3304e+07  30.1%  93.9 2781s
 488337 83695     cutoff   51      3.3357e+07 2.3305e+07  30.1%  93.9 2785s
 488866 83570     cutoff   48      3.3357e+07 2.3307e+07  30.1%  94.0 2790s
 489414 83445 2.3705e+07   58   59 3.3357e+07 2.3309e+07  30.1%  94.0 2795s
 490049 83331     cutoff   67      3.3357e+07 2.3311e+07  30.1%  94.0 2800s
 490589 83222 2.5412e+07   62   50 3.3357e+07 2.3312e+07  30.1%  94.1 2805s
 491203 83126 2.3314e+07   44   69 3.3357e+07 2.3314e+07  30.1%  94.1 2810s
 491929 82991 infeasible   52      3.3357e+07 2.3316e+07  30.1%  94.2 2816s
 492488 82867     cutoff   50      3.3357e+07 2.3318e+07  30.1%  94.2 2820s
 493080 82746 2.3494e+07   46   68 3.3357e+07 2.3320e+07  30.1%  94.3 2825s
 493832 82612 2.3369e+07   58   76 3.3357e+07 2.3322e+07  30.1%  94.3 2831s
 494257 82578 2.3856e+07   55   74 3.3357e+07 2.3324e+07  30.1%  94.3 2835s
 494742 82473     cutoff   61      3.3357e+07 2.3326e+07  30.1%  94.4 2840s
 495316 82343     cutoff   62      3.3357e+07 2.3327e+07  30.1%  94.4 2845s
 496135 82164 infeasible   53      3.3357e+07 2.3330e+07  30.1%  94.5 2851s
 496702 82049 2.3735e+07   43   54 3.3357e+07 2.3332e+07  30.1%  94.5 2856s
 497245 81921 2.3614e+07   48   75 3.3357e+07 2.3334e+07  30.0%  94.5 2860s
 497868 81769     cutoff   66      3.3357e+07 2.3336e+07  30.0%  94.6 2865s
 498454 81627     cutoff   46      3.3357e+07 2.3338e+07  30.0%  94.6 2870s
 499110 81450 2.6860e+07   53   61 3.3357e+07 2.3340e+07  30.0%  94.7 2875s
 499661 81342 infeasible   60      3.3357e+07 2.3342e+07  30.0%  94.7 2880s
 500308 81169 2.6963e+07   54   57 3.3357e+07 2.3344e+07  30.0%  94.8 2886s
 500859 81046 2.3534e+07   60   69 3.3357e+07 2.3346e+07  30.0%  94.8 2890s
 501555 80899     cutoff   62      3.3357e+07 2.3349e+07  30.0%  94.9 2895s
 502205 80749     cutoff   49      3.3357e+07 2.3351e+07  30.0%  94.9 2901s
 502782 80651 2.3424e+07   57   57 3.3357e+07 2.3352e+07  30.0%  95.0 2905s
 503420 80473 2.3426e+07   54   60 3.3357e+07 2.3354e+07  30.0%  95.0 2911s
 504021 80360 2.3831e+07   53   65 3.3357e+07 2.3356e+07  30.0%  95.0 2915s
 504645 80207     cutoff   55      3.3357e+07 2.3358e+07  30.0%  95.1 2920s
 505161 80073 2.3662e+07   60   46 3.3357e+07 2.3360e+07  30.0%  95.1 2925s
 505822 79906 2.4798e+07   56   58 3.3357e+07 2.3362e+07  30.0%  95.2 2930s
 506378 79778 2.3569e+07   57   55 3.3357e+07 2.3364e+07  30.0%  95.2 2935s
 507092 79597 2.3880e+07   54   54 3.3357e+07 2.3367e+07  29.9%  95.3 2940s
 507617 79467     cutoff   59      3.3357e+07 2.3369e+07  29.9%  95.3 2945s
 508325 79313     cutoff   46      3.3357e+07 2.3372e+07  29.9%  95.3 2950s
 508946 79129 2.3625e+07   66   58 3.3357e+07 2.3374e+07  29.9%  95.4 2955s
 509602 78941     cutoff   76      3.3357e+07 2.3376e+07  29.9%  95.5 2960s
 510100 78817     cutoff   61      3.3357e+07 2.3378e+07  29.9%  95.5 2965s
 510669 78707 2.3981e+07   65   85 3.3357e+07 2.3380e+07  29.9%  95.5 2970s
 511364 78530 2.3478e+07   54   86 3.3357e+07 2.3382e+07  29.9%  95.6 2975s
 511962 78417     cutoff   55      3.3357e+07 2.3384e+07  29.9%  95.6 2980s
 512735 78198     cutoff   63      3.3357e+07 2.3387e+07  29.9%  95.6 2985s
 513320 78063 2.3426e+07   61   62 3.3357e+07 2.3389e+07  29.9%  95.7 2990s
 513916 77878 2.4632e+07   53   62 3.3357e+07 2.3391e+07  29.9%  95.7 2995s
 514566 77710 2.4115e+07   62   69 3.3357e+07 2.3394e+07  29.9%  95.8 3000s
 515114 77582     cutoff   49      3.3357e+07 2.3396e+07  29.9%  95.8 3005s
 515880 77357 2.3827e+07   60   71 3.3357e+07 2.3399e+07  29.9%  95.9 3011s
 516509 77157 infeasible   58      3.3357e+07 2.3401e+07  29.8%  95.9 3015s
 517005 77043 infeasible   47      3.3357e+07 2.3403e+07  29.8%  95.9 3020s
 517669 76857 2.3536e+07   67   70 3.3357e+07 2.3405e+07  29.8%  96.0 3025s
 518258 76732 2.3550e+07   50   81 3.3357e+07 2.3408e+07  29.8%  96.0 3030s
 518896 76546 2.5023e+07   58   75 3.3357e+07 2.3410e+07  29.8%  96.1 3035s
 519575 76377 infeasible   63      3.3357e+07 2.3412e+07  29.8%  96.1 3040s
 520161 76177 2.3415e+07   52   41 3.3357e+07 2.3415e+07  29.8%  96.2 3045s
 520791 75995 2.4023e+07   58   50 3.3357e+07 2.3418e+07  29.8%  96.2 3050s
 521396 75801 2.8006e+07   58   66 3.3357e+07 2.3420e+07  29.8%  96.2 3055s
 522031 75623 2.4072e+07   57   68 3.3357e+07 2.3422e+07  29.8%  96.3 3060s
 522783 75405 2.3691e+07   63   73 3.3357e+07 2.3425e+07  29.8%  96.3 3066s
 523263 75264     cutoff   48      3.3357e+07 2.3427e+07  29.8%  96.4 3070s
 523876 75080     cutoff   67      3.3357e+07 2.3430e+07  29.8%  96.4 3075s
 524515 74886 2.4939e+07   53   69 3.3357e+07 2.3432e+07  29.8%  96.4 3081s
 524979 74730 infeasible   70      3.3357e+07 2.3434e+07  29.7%  96.5 3085s
 525607 74563 2.3541e+07   66   52 3.3357e+07 2.3437e+07  29.7%  96.5 3090s
 526219 74373 2.3439e+07   53   76 3.3357e+07 2.3439e+07  29.7%  96.5 3095s
 526884 74219 2.3548e+07   72   49 3.3357e+07 2.3442e+07  29.7%  96.6 3100s
 527520 74023 2.3677e+07   69   61 3.3357e+07 2.3445e+07  29.7%  96.6 3105s
 528200 73849     cutoff   58      3.3357e+07 2.3447e+07  29.7%  96.7 3110s
 528692 73708     cutoff   54      3.3357e+07 2.3449e+07  29.7%  96.7 3115s
 529340 73511 2.3567e+07   61   77 3.3357e+07 2.3452e+07  29.7%  96.7 3120s
 529903 73366 2.3662e+07   52   47 3.3357e+07 2.3454e+07  29.7%  96.8 3125s
 530604 73142 2.3790e+07   62   91 3.3357e+07 2.3457e+07  29.7%  96.8 3130s
 531101 73001     cutoff   51      3.3357e+07 2.3459e+07  29.7%  96.8 3135s
 531830 72766 2.3933e+07   55   70 3.3357e+07 2.3462e+07  29.7%  96.9 3140s
 532393 72576 2.4385e+07   68   76 3.3357e+07 2.3465e+07  29.7%  96.9 3145s
 532990 72381     cutoff   58      3.3357e+07 2.3467e+07  29.6%  97.0 3150s
 533554 72192 2.4345e+07   64   78 3.3357e+07 2.3470e+07  29.6%  97.0 3155s
 534178 72014 2.5718e+07   47   72 3.3357e+07 2.3472e+07  29.6%  97.0 3160s
 534794 71835 infeasible   60      3.3357e+07 2.3475e+07  29.6%  97.1 3165s
 535413 71657 2.3608e+07   65   56 3.3357e+07 2.3478e+07  29.6%  97.1 3170s
 536181 71435 2.3623e+07   49   56 3.3357e+07 2.3481e+07  29.6%  97.2 3175s
 536793 71257 2.4074e+07   45   59 3.3357e+07 2.3484e+07  29.6%  97.2 3180s
 537383 71067 2.3666e+07   51   70 3.3357e+07 2.3486e+07  29.6%  97.2 3185s
 538115 70848 2.3679e+07   57   74 3.3357e+07 2.3490e+07  29.6%  97.3 3191s
 538616 70702     cutoff   44      3.3357e+07 2.3492e+07  29.6%  97.3 3195s
 539274 70496 infeasible   60      3.3357e+07 2.3495e+07  29.6%  97.3 3200s
 539798 70298 2.3530e+07   61   75 3.3357e+07 2.3497e+07  29.6%  97.4 3205s
 540507 70065 2.5947e+07   55   53 3.3357e+07 2.3501e+07  29.5%  97.4 3210s
 541134 69841     cutoff   65      3.3357e+07 2.3504e+07  29.5%  97.4 3215s
 541817 69601 infeasible   56      3.3357e+07 2.3507e+07  29.5%  97.5 3220s
 542374 69401     cutoff   48      3.3357e+07 2.3510e+07  29.5%  97.5 3225s
 542910 69200 2.3955e+07   63   64 3.3357e+07 2.3513e+07  29.5%  97.6 3230s
 543748 68932 2.5649e+07   59   87 3.3357e+07 2.3517e+07  29.5%  97.6 3235s
 544327 68741     cutoff   43      3.3357e+07 2.3519e+07  29.5%  97.6 3240s
 544942 68553     cutoff   66      3.3357e+07 2.3522e+07  29.5%  97.7 3245s
 545526 68358 2.4484e+07   74   90 3.3357e+07 2.3525e+07  29.5%  97.7 3250s
 546119 68161 2.3871e+07   36   49 3.3357e+07 2.3527e+07  29.5%  97.8 3255s
 546842 67927     cutoff   58      3.3357e+07 2.3530e+07  29.5%  97.8 3260s
 547439 67744 2.4036e+07   63   78 3.3357e+07 2.3533e+07  29.4%  97.8 3266s
 547978 67541 2.5721e+07   58   65 3.3357e+07 2.3536e+07  29.4%  97.9 3270s
 548686 67314 infeasible   62      3.3357e+07 2.3540e+07  29.4%  97.9 3275s
 549284 67118 infeasible   60      3.3357e+07 2.3542e+07  29.4%  97.9 3280s
 549861 66922 2.3772e+07   81   66 3.3357e+07 2.3545e+07  29.4%  98.0 3285s
 550474 66740 2.3551e+07   55   62 3.3357e+07 2.3548e+07  29.4%  98.0 3290s
 551113 66497 infeasible   46      3.3357e+07 2.3552e+07  29.4%  98.0 3296s
 551584 66336     cutoff   47      3.3357e+07 2.3554e+07  29.4%  98.1 3300s
 552240 66095 infeasible   57      3.3357e+07 2.3558e+07  29.4%  98.1 3305s
 552909 65856 2.3861e+07   56   61 3.3357e+07 2.3562e+07  29.4%  98.1 3310s
 553436 65670 2.7762e+07   56   52 3.3357e+07 2.3565e+07  29.4%  98.2 3315s
 554187 65465 2.6290e+07   62   78 3.3357e+07 2.3568e+07  29.3%  98.2 3320s
 554766 65259     cutoff   37      3.3357e+07 2.3571e+07  29.3%  98.2 3325s
 555378 65068 infeasible   60      3.3357e+07 2.3574e+07  29.3%  98.3 3330s
 556072 64836 2.4842e+07   49   59 3.3357e+07 2.3578e+07  29.3%  98.3 3335s
 556726 64596 2.3946e+07   54   46 3.3357e+07 2.3581e+07  29.3%  98.3 3340s
 557393 64356 2.4477e+07   71   69 3.3357e+07 2.3585e+07  29.3%  98.3 3345s
 558100 64128 2.3725e+07   50   74 3.3357e+07 2.3588e+07  29.3%  98.4 3350s
 558744 63888 infeasible   55      3.3357e+07 2.3592e+07  29.3%  98.4 3355s
 559474 63649 2.3715e+07   49   54 3.3357e+07 2.3596e+07  29.3%  98.4 3360s
 560095 63406     cutoff   51      3.3357e+07 2.3600e+07  29.2%  98.5 3365s
 560634 63207 3.3327e+07   49   19 3.3357e+07 2.3603e+07  29.2%  98.5 3370s
 561322 62989 2.4491e+07   58   80 3.3357e+07 2.3606e+07  29.2%  98.6 3375s
 561992 62745 2.3632e+07   69   63 3.3357e+07 2.3610e+07  29.2%  98.6 3380s
 562652 62503 infeasible   52      3.3357e+07 2.3614e+07  29.2%  98.6 3385s
 563322 62271 2.3788e+07   59   59 3.3357e+07 2.3618e+07  29.2%  98.6 3390s
 563966 62037 2.3675e+07   44   62 3.3357e+07 2.3622e+07  29.2%  98.7 3395s
 564598 61807 infeasible   72      3.3357e+07 2.3626e+07  29.2%  98.7 3400s
 565204 61561 2.3914e+07   52   57 3.3357e+07 2.3630e+07  29.2%  98.7 3405s
 565855 61320 2.3634e+07   68   56 3.3357e+07 2.3633e+07  29.1%  98.8 3410s
 566403 61119 2.3637e+07   60   53 3.3357e+07 2.3637e+07  29.1%  98.8 3415s
 566960 60932     cutoff   64      3.3357e+07 2.3640e+07  29.1%  98.8 3420s
 567596 60694 2.3838e+07   56   44 3.3357e+07 2.3643e+07  29.1%  98.9 3425s
 568119 60507 2.3926e+07   51   62 3.3357e+07 2.3646e+07  29.1%  98.9 3430s
 568668 60304 2.3800e+07   72   70 3.3357e+07 2.3649e+07  29.1%  98.9 3435s
 569400 60016 2.4765e+07   65   75 3.3357e+07 2.3653e+07  29.1%  98.9 3441s
 569971 59815 infeasible   40      3.3357e+07 2.3657e+07  29.1%  99.0 3445s
 570693 59540 2.3706e+07   46   40 3.3357e+07 2.3662e+07  29.1%  99.0 3450s
 571263 59340 2.5405e+07   53   69 3.3357e+07 2.3665e+07  29.1%  99.0 3455s
 571977 59119 2.5864e+07   67   68 3.3357e+07 2.3669e+07  29.0%  99.1 3460s
 572643 58884 2.3903e+07   57   64 3.3357e+07 2.3673e+07  29.0%  99.1 3465s
 573272 58638 2.3769e+07   58   79 3.3357e+07 2.3677e+07  29.0%  99.1 3470s
 573988 58407 infeasible   51      3.3357e+07 2.3682e+07  29.0%  99.1 3475s
 574563 58199 2.3867e+07   60   75 3.3357e+07 2.3685e+07  29.0%  99.1 3480s
 575061 57995 2.4454e+07   55   67 3.3357e+07 2.3689e+07  29.0%  99.2 3485s
 575800 57710     cutoff   50      3.3357e+07 2.3693e+07  29.0%  99.2 3490s
 576330 57508 2.5296e+07   56   77 3.3357e+07 2.3697e+07  29.0%  99.2 3495s
 577028 57269 2.3875e+07   64   56 3.3357e+07 2.3701e+07  28.9%  99.3 3500s
 577714 57032 2.3894e+07   59   91 3.3357e+07 2.3705e+07  28.9%  99.3 3505s
 578323 56849     cutoff   55      3.3357e+07 2.3709e+07  28.9%  99.3 3510s
 578968 56607 infeasible   45      3.3357e+07 2.3713e+07  28.9%  99.3 3515s
 579584 56369 3.2997e+07   67   65 3.3357e+07 2.3717e+07  28.9%  99.4 3520s
 580309 56086     cutoff   64      3.3357e+07 2.3722e+07  28.9%  99.4 3525s
 580914 55843     cutoff   55      3.3357e+07 2.3726e+07  28.9%  99.4 3530s
 581653 55564     cutoff   54      3.3357e+07 2.3731e+07  28.9%  99.5 3535s
 582290 55324 2.3861e+07   60   70 3.3357e+07 2.3736e+07  28.8%  99.5 3540s
 583002 55040 infeasible   57      3.3357e+07 2.3740e+07  28.8%   100 3545s
 583707 54757     cutoff   68      3.3357e+07 2.3746e+07  28.8%   100 3550s
 584359 54527 infeasible   52      3.3357e+07 2.3750e+07  28.8%   100 3555s
 585010 54296 2.3798e+07   51   67 3.3357e+07 2.3754e+07  28.8%   100 3560s
 585597 54103 2.3898e+07   62   66 3.3357e+07 2.3758e+07  28.8%   100 3565s
 586350 53824 infeasible   78      3.3357e+07 2.3763e+07  28.8%   100 3570s
 586949 53584 2.4736e+07   55   60 3.3357e+07 2.3767e+07  28.7%   100 3575s
 587699 53298 2.3825e+07   69   80 3.3357e+07 2.3772e+07  28.7%   100 3580s
 588443 53017 2.3997e+07   57   74 3.3357e+07 2.3777e+07  28.7%   100 3585s
 589182 52735 2.4122e+07   61   76 3.3357e+07 2.3782e+07  28.7%   100 3590s
 589797 52485     cutoff   59      3.3357e+07 2.3787e+07  28.7%   100 3595s
 590490 52260 infeasible   49      3.3357e+07 2.3791e+07  28.7%   100 3601s
 591117 52020 2.4200e+07   52   74 3.3357e+07 2.3796e+07  28.7%   100 3605s
 591769 51775     cutoff   69      3.3357e+07 2.3801e+07  28.6%   100 3610s
 592498 51490 2.4373e+07   62   75 3.3357e+07 2.3806e+07  28.6%   100 3615s
 593140 51238 2.4045e+07   70   74 3.3357e+07 2.3810e+07  28.6%   100 3620s
 593830 50955 2.7410e+07   68   69 3.3357e+07 2.3816e+07  28.6%   100 3625s
 594585 50677 2.3988e+07   60   68 3.3357e+07 2.3821e+07  28.6%   100 3630s
 595202 50433 infeasible   66      3.3357e+07 2.3826e+07  28.6%   100 3635s
 595881 50141 2.4033e+07   43   53 3.3357e+07 2.3831e+07  28.6%   100 3640s
 596621 49853 2.3840e+07   65   60 3.3357e+07 2.3836e+07  28.5%   100 3645s
 597421 49517 2.4766e+07   68   53 3.3357e+07 2.3843e+07  28.5%   100 3650s
 598108 49282 2.4010e+07   50   72 3.3357e+07 2.3847e+07  28.5%   100 3655s
 598759 49037     cutoff   64      3.3357e+07 2.3851e+07  28.5%   100 3660s
 599389 48807 2.3943e+07   61   68 3.3357e+07 2.3855e+07  28.5%   100 3665s
 600121 48514 2.5879e+07   61   56 3.3357e+07 2.3861e+07  28.5%   100 3670s
 600844 48228     cutoff   55      3.3357e+07 2.3866e+07  28.5%   100 3675s
 601567 47948     cutoff   50      3.3357e+07 2.3872e+07  28.4%   100 3680s
 602250 47659 2.4115e+07   63   46 3.3357e+07 2.3878e+07  28.4%   100 3685s
 602952 47367 2.3904e+07   52   78 3.3357e+07 2.3884e+07  28.4%   100 3690s
 603744 47032 2.4040e+07   63   69 3.3357e+07 2.3890e+07  28.4%   100 3695s
 604450 46746 2.6841e+07   58   82 3.3357e+07 2.3896e+07  28.4%   100 3700s
 605167 46454 2.3993e+07   51   73 3.3357e+07 2.3902e+07  28.3%   100 3705s
 605865 46166     cutoff   67      3.3357e+07 2.3908e+07  28.3%   100 3710s
 606483 45915     cutoff   51      3.3357e+07 2.3913e+07  28.3%   100 3715s
 607185 45626 2.8843e+07   67   64 3.3357e+07 2.3919e+07  28.3%   100 3720s
 607906 45338 2.7036e+07   66   75 3.3357e+07 2.3924e+07  28.3%   100 3725s
 608553 45057     cutoff   48      3.3357e+07 2.3930e+07  28.3%   100 3730s
 609270 44767     cutoff   49      3.3357e+07 2.3937e+07  28.2%   100 3735s
 610004 44480 2.7438e+07   50   64 3.3357e+07 2.3943e+07  28.2%   100 3740s
 610788 44146     cutoff   56      3.3357e+07 2.3949e+07  28.2%   100 3745s
 611531 43872 2.7460e+07   68   80 3.3357e+07 2.3955e+07  28.2%   100 3750s
 612141 43629     cutoff   54      3.3357e+07 2.3961e+07  28.2%   100 3755s
 612881 43295     cutoff   65      3.3357e+07 2.3967e+07  28.1%   100 3760s
 613634 42962 2.4245e+07   55   81 3.3357e+07 2.3974e+07  28.1%   100 3765s
 614341 42668     cutoff   63      3.3357e+07 2.3980e+07  28.1%   100 3770s
 615130 42335 2.3994e+07   58   65 3.3357e+07 2.3986e+07  28.1%   100 3775s
 615817 42042 2.4388e+07   52   83 3.3357e+07 2.3993e+07  28.1%   100 3780s
 616532 41754     cutoff   45      3.3357e+07 2.3999e+07  28.1%   101 3785s
 617312 41422 2.4007e+07   59   73 3.3357e+07 2.4006e+07  28.0%   101 3790s
 617984 41135 2.4483e+07   62  102 3.3357e+07 2.4011e+07  28.0%   101 3795s
 618718 40799 2.6167e+07   70   79 3.3357e+07 2.4018e+07  28.0%   101 3800s
 619532 40470 2.7613e+07   55  105 3.3357e+07 2.4025e+07  28.0%   101 3805s
 620217 40189 2.4079e+07   50   65 3.3357e+07 2.4032e+07  28.0%   101 3810s
 620966 39895 2.4177e+07   50   72 3.3357e+07 2.4039e+07  27.9%   101 3815s
 621679 39611 2.4146e+07   55   91 3.3357e+07 2.4046e+07  27.9%   101 3820s
 622376 39326     cutoff   68      3.3357e+07 2.4052e+07  27.9%   101 3825s
 623209 38960     cutoff   51      3.3357e+07 2.4061e+07  27.9%   101 3830s
 623964 38628 2.4225e+07   59   72 3.3357e+07 2.4068e+07  27.8%   101 3835s
 624738 38298     cutoff   51      3.3357e+07 2.4076e+07  27.8%   101 3840s
 625491 37965 2.4194e+07   66   86 3.3357e+07 2.4084e+07  27.8%   101 3845s
 626267 37632     cutoff   59      3.3357e+07 2.4092e+07  27.8%   101 3850s
 626961 37339     cutoff   60      3.3357e+07 2.4099e+07  27.8%   101 3855s
 627685 37004     cutoff   61      3.3357e+07 2.4106e+07  27.7%   101 3860s
 628327 36710 2.4153e+07   55   82 3.3357e+07 2.4113e+07  27.7%   101 3865s
 629093 36379 2.5470e+07   51   53 3.3357e+07 2.4122e+07  27.7%   101 3870s
 629751 36092 2.4440e+07   58   97 3.3357e+07 2.4129e+07  27.7%   101 3875s
 630429 35809     cutoff   64      3.3357e+07 2.4136e+07  27.6%   101 3880s
 631192 35484 2.4406e+07   53   75 3.3357e+07 2.4145e+07  27.6%   101 3885s
 631860 35200 2.4312e+07   63   81 3.3357e+07 2.4152e+07  27.6%   101 3890s
 632701 34828     cutoff   64      3.3357e+07 2.4161e+07  27.6%   101 3895s
 633276 34582     cutoff   66      3.3357e+07 2.4168e+07  27.5%   101 3900s
 634004 34246 2.4783e+07   86   59 3.3357e+07 2.4177e+07  27.5%   101 3905s
 634769 33921 2.7654e+07   65   72 3.3357e+07 2.4187e+07  27.5%   101 3910s
 635427 33636 2.5999e+07   75   54 3.3357e+07 2.4194e+07  27.5%   101 3915s
 636207 33309     cutoff   67      3.3357e+07 2.4205e+07  27.4%   101 3920s
 636965 32984     cutoff   54      3.3357e+07 2.4214e+07  27.4%   101 3925s
 637620 32690 2.4273e+07   56   89 3.3357e+07 2.4222e+07  27.4%   101 3930s
 638312 32399 2.7593e+07   48   87 3.3357e+07 2.4231e+07  27.4%   101 3935s
 639021 32112     cutoff   66      3.3357e+07 2.4240e+07  27.3%   101 3940s
 639765 31786 2.8303e+07   72   63 3.3357e+07 2.4250e+07  27.3%   101 3945s
 640412 31494 2.8797e+07   61   69 3.3357e+07 2.4259e+07  27.3%   101 3950s
 641158 31162     cutoff   64      3.3357e+07 2.4270e+07  27.2%   101 3955s
 641799 30872     cutoff   63      3.3357e+07 2.4279e+07  27.2%   101 3960s
 642508 30590 2.4390e+07   53   78 3.3357e+07 2.4287e+07  27.2%   101 3965s
 643148 30298 3.2948e+07   48   25 3.3357e+07 2.4297e+07  27.2%   101 3970s
 643872 29963 2.4307e+07   61   72 3.3357e+07 2.4307e+07  27.1%   101 3975s
 644553 29670 infeasible   61      3.3357e+07 2.4316e+07  27.1%   101 3980s
 645293 29340     cutoff   58      3.3357e+07 2.4327e+07  27.1%   101 3985s
 646056 29011     cutoff   62      3.3357e+07 2.4340e+07  27.0%   101 3990s
 646607 28768 2.7375e+07   57   74 3.3357e+07 2.4349e+07  27.0%   101 3995s
 647317 28432     cutoff   62      3.3357e+07 2.4361e+07  27.0%   101 4000s
 648011 28100     cutoff   55      3.3357e+07 2.4373e+07  26.9%   101 4005s
 648803 27771 2.4390e+07   62  110 3.3357e+07 2.4386e+07  26.9%   101 4010s
 649552 27435     cutoff   57      3.3357e+07 2.4398e+07  26.9%   101 4015s
 650312 27100 2.6121e+07   70   59 3.3357e+07 2.4411e+07  26.8%   101 4020s
 651132 26725     cutoff   47      3.3357e+07 2.4426e+07  26.8%   101 4025s
 651838 26439 2.4542e+07   61   85 3.3357e+07 2.4437e+07  26.7%   101 4030s
 652481 26145 2.4456e+07   74   79 3.3357e+07 2.4449e+07  26.7%   101 4035s
 653189 25813     cutoff   64      3.3357e+07 2.4463e+07  26.7%   101 4040s
 653983 25439 2.7048e+07   67   80 3.3357e+07 2.4480e+07  26.6%   101 4045s
 654616 25146 3.3236e+07   49   37 3.3357e+07 2.4494e+07  26.6%   101 4050s
 655329 24811 2.4566e+07   59   70 3.3357e+07 2.4511e+07  26.5%   101 4055s
 655979 24529 2.4620e+07   51   90 3.3357e+07 2.4524e+07  26.5%   101 4060s
 656750 24158     cutoff   58      3.3357e+07 2.4543e+07  26.4%   101 4065s
 657523 23781     cutoff   54      3.3357e+07 2.4562e+07  26.4%   101 4070s
 658143 23494     cutoff   67      3.3357e+07 2.4578e+07  26.3%   101 4075s
 658936 23120 2.8212e+07   50   75 3.3357e+07 2.4598e+07  26.3%   101 4080s
 659459 22890 infeasible   64      3.3357e+07 2.4612e+07  26.2%   101 4085s
 660151 22554     cutoff   70      3.3357e+07 2.4633e+07  26.2%   101 4090s
 660785 22271 2.4784e+07   56   91 3.3357e+07 2.4650e+07  26.1%   101 4095s
 661566 21914 2.6298e+07   68   67 3.3357e+07 2.4674e+07  26.0%   101 4100s
 662186 21625     cutoff   60      3.3357e+07 2.4691e+07  26.0%   101 4105s
 662859 21301 2.4757e+07   63   70 3.3357e+07 2.4717e+07  25.9%   102 4110s
 663689 20940     cutoff   74      3.3357e+07 2.4744e+07  25.8%   102 4115s
 664292 20652     cutoff   56      3.3357e+07 2.4769e+07  25.7%   102 4120s
 664995 20322 2.5783e+07   82  104 3.3357e+07 2.4801e+07  25.6%   102 4125s
 665674 19988     cutoff   64      3.3357e+07 2.4836e+07  25.5%   102 4130s
 666383 19658 2.5752e+07   75   76 3.3357e+07 2.4872e+07  25.4%   102 4135s
 667048 19323     cutoff   63      3.3357e+07 2.4907e+07  25.3%   102 4140s
 667808 18962     cutoff   69      3.3357e+07 2.4950e+07  25.2%   102 4145s
 668598 18607     cutoff   52      3.3357e+07 2.5002e+07  25.0%   102 4150s
 669293 18294     cutoff   63      3.3357e+07 2.5055e+07  24.9%   102 4155s
 669941 17961     cutoff   66      3.3357e+07 2.5114e+07  24.7%   102 4160s
 670651 17646 infeasible   60      3.3357e+07 2.5181e+07  24.5%   102 4165s
 671416 17285 2.8425e+07   56   81 3.3357e+07 2.5269e+07  24.2%   102 4170s
 672171 16923 2.8176e+07   65   72 3.3357e+07 2.5366e+07  24.0%   102 4175s
 672922 16624 3.3035e+07   45   27 3.3357e+07 2.5473e+07  23.6%   102 4180s
 673733 16276     cutoff   69      3.3357e+07 2.5637e+07  23.1%   102 4185s
 674512 15926 3.3110e+07   47   30 3.3357e+07 2.5817e+07  22.6%   102 4190s
 675323 15518     cutoff   72      3.3357e+07 2.6039e+07  21.9%   102 4195s
 676226 15089     cutoff   58      3.3357e+07 2.6283e+07  21.2%   102 4200s
 677053 14706     cutoff   75      3.3357e+07 2.6572e+07  20.3%   102 4205s
 677902 14380     cutoff   55      3.3357e+07 2.6854e+07  19.5%   102 4210s
 678599 14014     cutoff   64      3.3357e+07 2.7140e+07  18.6%   102 4215s
 679464 13644     cutoff   77      3.3357e+07 2.7466e+07  17.7%   102 4220s
 680344 13279     cutoff   54      3.3357e+07 2.7845e+07  16.5%   102 4225s
 681374 12867 2.8254e+07   48   43 3.3357e+07 2.8254e+07  15.3%   102 4230s
 682355 12384 3.3240e+07   58   69 3.3357e+07 2.8735e+07  13.9%   102 4235s
 683262 11982 2.9819e+07   61   69 3.3357e+07 2.9229e+07  12.4%   102 4240s
 684187 11596     cutoff   71      3.3357e+07 2.9772e+07  10.7%   102 4245s
 685061 11320     cutoff   41      3.3357e+07 3.0250e+07  9.31%   102 4250s
 685948 10941 3.2984e+07   42   35 3.3357e+07 3.0778e+07  7.73%   102 4255s
 686910 10596 3.2968e+07   42   50 3.3357e+07 3.1312e+07  6.13%   102 4260s
 687865 10223 3.2839e+07   50   22 3.3357e+07 3.1815e+07  4.62%   102 4265s
 688843  9861     cutoff   57      3.3357e+07 3.2230e+07  3.38%   101 4270s
 689869  9702 3.3348e+07   75   65 3.3357e+07 3.2448e+07  2.72%   101 4275s
 690995  9605 3.2680e+07   57   58 3.3357e+07 3.2535e+07  2.46%   101 4280s
 691988  9515     cutoff   60      3.3357e+07 3.2586e+07  2.31%   101 4285s
 693292  9446 3.2798e+07   50    6 3.3357e+07 3.2631e+07  2.18%   101 4290s
 694381  9329 3.3181e+07   43   51 3.3357e+07 3.2668e+07  2.06%   101 4295s
 695488  9262 3.3073e+07   49    4 3.3357e+07 3.2696e+07  1.98%   101 4300s
 696586  9144 3.2956e+07   41   24 3.3357e+07 3.2725e+07  1.89%   101 4305s
 697569  8994 3.2757e+07   53   22 3.3357e+07 3.2748e+07  1.82%   101 4310s
 698722  8824 3.2834e+07   39   47 3.3357e+07 3.2773e+07  1.75%   101 4315s
 699953  8600     cutoff   65      3.3357e+07 3.2798e+07  1.67%   101 4320s
 700908  8468 infeasible   41      3.3357e+07 3.2815e+07  1.62%   101 4325s
 702114  8223 infeasible   81      3.3357e+07 3.2837e+07  1.56%   101 4330s
 703238  8027 3.2917e+07   58   32 3.3357e+07 3.2856e+07  1.50%   101 4335s
 704299  7770 3.3142e+07   55   10 3.3357e+07 3.2878e+07  1.43%   101 4340s
 705532  7466 3.2902e+07   54   66 3.3357e+07 3.2901e+07  1.37%   101 4345s
 706695  7084 3.2991e+07   47   40 3.3357e+07 3.2924e+07  1.30%   101 4350s
 707890  6678     cutoff   53      3.3357e+07 3.2947e+07  1.23%   101 4355s
 709061  6228     cutoff   54      3.3357e+07 3.2971e+07  1.15%   101 4360s
 710250  5721     cutoff   49      3.3357e+07 3.2998e+07  1.08%   101 4365s
 711407  5244     cutoff   58      3.3357e+07 3.3023e+07  1.00%   101 4370s
 712596  4673     cutoff   49      3.3357e+07 3.3051e+07  0.92%   101 4375s
 713881  3967     cutoff   52      3.3357e+07 3.3086e+07  0.81%   100 4380s
 715112  3272     cutoff   63      3.3357e+07 3.3125e+07  0.70%   100 4385s
 716408  2436     cutoff   62      3.3357e+07 3.3171e+07  0.56%   100 4390s
 717621  1516     cutoff   52      3.3357e+07 3.3235e+07  0.36%   100 4395s
 718998   340     cutoff   68      3.3357e+07 3.3326e+07  0.09%   100 4400s

Cutting planes:
  Gomory: 6
  Implied bound: 15
  Clique: 4
  MIR: 3
  Flow cover: 1
  GUB cover: 2
  Zero half: 25

Explored 719385 nodes (72138820 simplex iterations) in 4401.07 seconds
Thread count was 2 (of 4 available processors)

Optimal solution found (tolerance 1.00e-04)
Best objective 3.335650000000e+07, best bound 3.335590000000e+07, gap 0.0018%
k_c1	100000.0
k_c10	40000.0
k_c2	90000.0
k_c3	50000.0
k_c4	30000.0
k_c5	100000.0
k_c6	70000.0
k_c7	50000.0
k_c8	30000.0
k_c9	100000.0
k_dN	0.0
kDash_c1	70000.0
kDash_c10	50000.0
kDash_c2	40000.0
kDash_c3	0.0
kDash_c4	0.0
kDash_c5	90000.0
kDash_c6	60000.0
kDash_c7	30000.0
kDash_c8	0.0
kDash_c9	50000.0
o_1	0.0
o_10	1.0
o_2	0.0
o_3	0.0
o_4	0.0
o_5	0.0
o_6	1.0
o_7	0.0
o_8	0.0
o_9	0.0
p_1	0.0
p_10	1.0
p_2	0.0
p_3	0.0
p_4	0.0
p_5	0.0
p_6	1.0
p_7	0.0
p_8	1.0
p_9	0.0
phi_c1	104989.0
phi_c10	153024.0
phi_c2	185074.0
phi_c3	10450.0
phi_c4	85961.0
phi_c5	205041.0
phi_c6	23322.0
phi_c7	170527.0
phi_c8	164506.0
phi_c9	199575.0
phi_d0	220000.0
phi_dN	0.0
pi_c1	20000.0
pi_c10	190000.0
pi_c2	50000.0
pi_c3	90000.0
pi_c4	90000.0
pi_c5	30000.0
pi_c6	30000.0
pi_c7	60000.0
pi_c8	130000.0
pi_c9	40000.0
pi_dN	0.0
tauD_c1	592800.0
tauD_c10	295250.0
tauD_c2	175200.0
tauD_c3	900950.0
tauD_c4	867200.0
tauD_c5	100000.0
tauD_c6	702850.0
tauD_c7	288550.0
tauD_c8	401050.0
tauD_c9	100000.0
tauD_d0	0.0
tauD_dN	1000000.0
tauS_c1	168025.0
tauS_c10	335175.0
tauS_c2	555050.0
tauS_c3	880950.0
tauS_c4	441900.0
tauS_c5	428800.0
tauS_c6	626750.0
tauS_c7	160175.0
tauS_c8	489750.0
tauS_c9	277250.0
tauS_d0	0.0
tauS_dN	838200.0
x_c10_c4	1.0
x_c1_c6	1.0
x_c2_c10	1.0
x_c3_dN	1.0
x_c4_dN	1.0
x_c5_c2	1.0
x_c6_c3	1.0
x_c7_c8	1.0
x_c8_c1	1.0
x_c9_c7	1.0
x_d0_c5	1.0
x_d0_c9	1.0
z_c10_c8	1.0
z_c6_dN	1.0
z_c8_c6	1.0
z_d0_c10	1.0
