
Gurobi 6.0.4 (win64) logging started 06/18/15 15:59:20

Read LP format model from file C:\MT\repository\VRPTWMS\instances\mip\freight\N10-C_DV10-C_SV50_F22_6_No_1.lp
Reading time = 0.01 seconds
(null): 621 rows, 288 columns, 2553 nonzeros
Optimize a model with 621 rows, 288 columns and 2553 nonzeros
Model has 1000 quadratic constraints
Coefficient statistics:
  Matrix range    [1e+00, 1e+06]
  Objective range [4e+04, 1e+07]
  Bounds range    [1e+00, 1e+06]
  RHS range       [1e+00, 1e+06]
Presolve removed 142 rows and 56 columns
Presolve time: 0.05s
Presolved: 1641 rows, 813 columns, 9161 nonzeros
Variable types: 581 continuous, 232 integer (190 binary)
Found heuristic solution: objective 6.388200e+07

Root relaxation: objective 2.913263e+07, 162 iterations, 0.01 seconds

    Nodes    |    Current Node    |     Objective Bounds      |     Work
 Expl Unexpl |  Obj  Depth IntInf | Incumbent    BestBd   Gap | It/Node Time

     0     0 2.9133e+07    0   52 6.3882e+07 2.9133e+07  54.4%     -    0s
H    0     0                    6.374880e+07 2.9133e+07  54.3%     -    0s
     0     0 3.4422e+07    0   54 6.3749e+07 3.4422e+07  46.0%     -    0s
H    0     0                    6.365120e+07 3.4422e+07  45.9%     -    0s
H    0     0                    6.340730e+07 3.4422e+07  45.7%     -    0s
     0     0 3.5771e+07    0   52 6.3407e+07 3.5771e+07  43.6%     -    0s
     0     0 3.7513e+07    0   62 6.3407e+07 3.7513e+07  40.8%     -    0s
     0     0 3.7912e+07    0   61 6.3407e+07 3.7912e+07  40.2%     -    0s
     0     0 3.8455e+07    0   60 6.3407e+07 3.8455e+07  39.4%     -    0s
     0     0 3.8478e+07    0   62 6.3407e+07 3.8478e+07  39.3%     -    0s
     0     0 3.8479e+07    0   62 6.3407e+07 3.8479e+07  39.3%     -    0s
     0     0 3.8479e+07    0   61 6.3407e+07 3.8479e+07  39.3%     -    0s
     0     0 3.8479e+07    0   60 6.3407e+07 3.8479e+07  39.3%     -    0s
     0     0 3.8481e+07    0   58 6.3407e+07 3.8481e+07  39.3%     -    0s
     0     0 3.8482e+07    0   59 6.3407e+07 3.8482e+07  39.3%     -    0s
     0     0 3.8482e+07    0   58 6.3407e+07 3.8482e+07  39.3%     -    0s
H    0     2                    6.332960e+07 3.8482e+07  39.2%     -    0s
     0     2 3.8482e+07    0   58 6.3330e+07 3.8482e+07  39.2%     -    0s
*  140    63               8    6.327950e+07 4.3209e+07  31.7%  15.0    0s
*  144    63               7    6.324950e+07 4.3209e+07  31.7%  14.6    0s
*  493    84              10    6.316490e+07 4.7875e+07  24.2%  10.0    0s

Cutting planes:
  Gomory: 3
  Cover: 27
  Implied bound: 21
  Clique: 9
  MIR: 15
  GUB cover: 16

Explored 905 nodes (8530 simplex iterations) in 0.68 seconds
Thread count was 2 (of 4 available processors)

Optimal solution found (tolerance 1.00e-04)
Best objective 6.316490000000e+07, best bound 6.316490000000e+07, gap 0.0%
k_c1	100000.0
k_c10	99999.99999999991
k_c2	80000.0
k_c3	59999.9999999999
k_c4	39999.99999999979
k_c5	70000.0
k_c6	60000.0
k_c7	99999.9999999998
k_c8	89999.9999999998
k_c9	100000.0
k_dN	-0.0
o_1	-0.0
o_10	-0.0
o_2	-0.0
o_3	-0.0
o_4	-0.0
o_5	-0.0
o_6	-0.0
o_7	-0.0
o_8	-0.0
o_9	-0.0
p_1	-0.0
p_10	-0.0
p_2	-0.0
p_3	-0.0
p_4	0.0
p_5	-0.0
p_6	0.0
p_7	-0.0
p_8	-0.0
p_9	-0.0
phi_c1	200552.0
phi_c10	12778.000000000058
phi_c2	17133.00000000006
phi_c3	197654.9999999998
phi_c4	188577.00000000003
phi_c5	20940.0
phi_c6	207289.0
phi_c7	201161.0
phi_c8	202939.99999999994
phi_c9	205281.99999999994
phi_d0	220000.0
phi_dN	-0.0
tauD_c1	250000.0
tauD_c10	400000.00000000006
tauD_c2	449999.99999999994
tauD_c3	732275.0
tauD_c4	600000.0
tauD_c5	650000.0
tauD_c6	100000.0
tauD_c7	450000.0
tauD_c8	250000.0
tauD_c9	55000.0
tauD_d0	-0.0
tauD_dN	1000000.0
tauS_c1	-0.0
tauS_c10	-0.0
tauS_c2	-0.0
tauS_c3	-0.0
tauS_c4	-0.0
tauS_c5	-0.0
tauS_c6	-0.0
tauS_c7	-0.0
tauS_c8	-0.0
tauS_c9	-0.0
tauS_d0	-0.0
tauS_dN	-0.0
x_c10_dN	1.0
x_c1_c2	1.0
x_c2_dN	1.0
x_c3_dN	1.0
x_c4_dN	1.0
x_c5_dN	1.0
x_c6_dN	1.0
x_c7_c5	0.9999999999999997
x_c8_c4	0.9999999999999999
x_c9_c3	1.0
x_d0_c1	1.0
x_d0_c10	1.0
x_d0_c6	1.0
x_d0_c7	1.0
x_d0_c8	1.0
x_d0_c9	1.0
