
Gurobi 6.0.4 (win64) logging started 06/18/15 15:58:41

Read LP format model from file C:\MT\repository\VRPTWMS\instances\mip\freight\N10-C_DV10-C_SV50_F22_1_No_1.lp
Reading time = 0.01 seconds
(null): 621 rows, 288 columns, 2553 nonzeros
Optimize a model with 621 rows, 288 columns and 2553 nonzeros
Model has 1000 quadratic constraints
Coefficient statistics:
  Matrix range    [1e+00, 1e+06]
  Objective range [3e+04, 1e+07]
  Bounds range    [1e+00, 1e+06]
  RHS range       [1e+00, 1e+06]
Presolve removed 102 rows and 50 columns
Presolve time: 0.04s
Presolved: 1676 rows, 816 columns, 9430 nonzeros
Variable types: 578 continuous, 238 integer (196 binary)
Found heuristic solution: objective 1.048160e+08

Root relaxation: objective 1.336516e+07, 139 iterations, 0.01 seconds

    Nodes    |    Current Node    |     Objective Bounds      |     Work
 Expl Unexpl |  Obj  Depth IntInf | Incumbent    BestBd   Gap | It/Node Time

     0     0 1.3365e+07    0   50 1.0482e+08 1.3365e+07  87.2%     -    0s
H    0     0                    5.362630e+07 1.3365e+07  75.1%     -    0s
     0     0 2.1350e+07    0   53 5.3626e+07 2.1350e+07  60.2%     -    0s
H    0     0                    5.317140e+07 2.1350e+07  59.8%     -    0s
H    0     0                    4.347180e+07 2.1350e+07  50.9%     -    0s
     0     0 2.1434e+07    0   43 4.3472e+07 2.1434e+07  50.7%     -    0s
     0     0 2.1503e+07    0   50 4.3472e+07 2.1503e+07  50.5%     -    0s
H    0     0                    4.342200e+07 2.1503e+07  50.5%     -    0s
     0     0 2.1519e+07    0   55 4.3422e+07 2.1519e+07  50.4%     -    0s
     0     0 2.1519e+07    0   56 4.3422e+07 2.1519e+07  50.4%     -    0s
     0     0 2.1519e+07    0   53 4.3422e+07 2.1519e+07  50.4%     -    0s
     0     2 2.1519e+07    0   53 4.3422e+07 2.1519e+07  50.4%     -    0s
*   16    12               9    4.332210e+07 2.1623e+07  50.1%  16.2    0s
*   21    12               9    4.299570e+07 2.1623e+07  49.7%  14.1    0s
*   35    12              11    4.299440e+07 2.1623e+07  49.7%  13.1    0s
*   45    20              10    3.277930e+07 2.1623e+07  34.0%  13.8    0s
*   97    20               4    3.274770e+07 2.2141e+07  32.4%  13.3    0s
*  136    24              13    3.268230e+07 2.2913e+07  29.9%  12.6    0s
*  152    18               6    3.266100e+07 2.2913e+07  29.8%  12.0    0s
*  160    16              13    3.256220e+07 2.2913e+07  29.6%  11.9    0s

Cutting planes:
  Gomory: 1
  Cover: 11
  Implied bound: 19
  Clique: 5
  MIR: 11
  GUB cover: 8

Explored 240 nodes (3132 simplex iterations) in 0.32 seconds
Thread count was 2 (of 4 available processors)

Optimal solution found (tolerance 1.00e-04)
Best objective 3.256220000000e+07, best bound 3.256220000000e+07, gap 0.0%
k_c1	20000.00000000003
k_c10	99999.99999999994
k_c2	60000.0
k_c3	30000.000000000044
k_c4	79999.99999999993
k_c5	20000.0
k_c6	100000.0
k_c7	40000.0
k_c8	100000.00000000003
k_c9	60000.00000000003
k_dN	-0.0
o_1	-0.0
o_10	-0.0
o_2	-0.0
o_3	-0.0
o_4	-0.0
o_5	-0.0
o_6	-0.0
o_7	-0.0
o_8	-0.0
o_9	-0.0
p_1	0.0
p_10	-0.0
p_2	-0.0
p_3	0.0
p_4	-0.0
p_5	0.0
p_6	-0.0
p_7	-0.0
p_8	0.0
p_9	-0.0
phi_c1	190899.0
phi_c10	197883.0
phi_c2	179867.0
phi_c3	6690.000000000001
phi_c4	14316.999999999978
phi_c5	18839.00000000006
phi_c6	31377.0
phi_c7	35022.00000000006
phi_c8	210901.99999999994
phi_c9	205510.0
phi_d0	220000.0
phi_dN	-0.0
tauD_c1	800000.0
tauD_c10	300000.0
tauD_c2	397325.00000000006
tauD_c3	700000.0
tauD_c4	641500.0
tauD_c5	849600.0
tauD_c6	450000.0
tauD_c7	480075.00000000006
tauD_c8	250000.00000000003
tauD_c9	500000.0
tauD_d0	-0.0
tauD_dN	1000000.0
tauS_c1	854950.0
tauS_c10	837350.0
tauS_c2	824475.0
tauS_c3	895000.0
tauS_c4	866975.0
tauS_c5	849600.0
tauS_c6	864100.0
tauS_c7	817225.0
tauS_c8	886000.0
tauS_c9	902325.0
tauS_d0	-0.0
tauS_dN	82675.0
x_c10_c2	1.0
x_c1_dN	1.0
x_c2_c7	1.0
x_c3_dN	1.0
x_c4_c3	1.0
x_c5_dN	1.0
x_c6_c4	1.0
x_c7_c5	1.0
x_c8_c9	1.0
x_c9_c1	1.0
x_d0_c10	1.0
x_d0_c6	1.0
x_d0_c8	1.0
