
Gurobi 6.0.4 (win64) logging started 06/18/15 16:02:39

Read LP format model from file C:\MT\repository\VRPTWMS\instances\mip\freight\N12-C_DV10-C_SV50_F26_8_No_1.lp
Reading time = 0.01 seconds
(null): 865 rows, 392 columns, 3639 nonzeros
Optimize a model with 865 rows, 392 columns and 3639 nonzeros
Model has 1728 quadratic constraints
Coefficient statistics:
  Matrix range    [1e+00, 1e+06]
  Objective range [1e+04, 1e+07]
  Bounds range    [1e+00, 1e+06]
  RHS range       [1e+00, 1e+06]
Presolve removed 141 rows and 60 columns
Presolve time: 0.10s
Presolved: 3108 rows, 1524 columns, 17437 nonzeros
Variable types: 1192 continuous, 332 integer (282 binary)
Found heuristic solution: objective 1.231762e+08

Root relaxation: objective 1.203071e+07, 179 iterations, 0.01 seconds

    Nodes    |    Current Node    |     Objective Bounds      |     Work
 Expl Unexpl |  Obj  Depth IntInf | Incumbent    BestBd   Gap | It/Node Time

     0     0 1.2031e+07    0   59 1.2318e+08 1.2031e+07  90.2%     -    0s
H    0     0                    7.253830e+07 1.2031e+07  83.4%     -    0s
     0     0 1.2193e+07    0   52 7.2538e+07 1.2193e+07  83.2%     -    0s
H    0     0                    6.244920e+07 1.2193e+07  80.5%     -    0s
     0     0 1.2569e+07    0   67 6.2449e+07 1.2569e+07  79.9%     -    0s
     0     0 1.3684e+07    0   68 6.2449e+07 1.3684e+07  78.1%     -    0s
     0     0 1.4019e+07    0   63 6.2449e+07 1.4019e+07  77.6%     -    0s
     0     0 1.4383e+07    0   68 6.2449e+07 1.4383e+07  77.0%     -    0s
     0     0 1.4431e+07    0   67 6.2449e+07 1.4431e+07  76.9%     -    0s
     0     0 1.4431e+07    0   63 6.2449e+07 1.4431e+07  76.9%     -    0s
     0     2 1.4431e+07    0   63 6.2449e+07 1.4431e+07  76.9%     -    0s
H   28    23                    6.217220e+07 2.0475e+07  67.1%  25.0    0s
*   71    46              21    5.273270e+07 2.0475e+07  61.2%  20.5    0s
*   86    53              23    5.256560e+07 2.1923e+07  58.3%  18.7    0s
*  182    93              33    5.248950e+07 2.1923e+07  58.2%  16.0    0s
*  210   100              12    5.230500e+07 2.2258e+07  57.4%  16.2    0s
H  214   101                    5.205210e+07 2.3114e+07  55.6%  15.9    0s
H  916   417                    5.200870e+07 3.1804e+07  38.8%  14.1    1s
H 1016   459                    5.197750e+07 3.1873e+07  38.7%  14.3    1s
H 1148   520                    5.197250e+07 3.1895e+07  38.6%  14.0    1s
H 1372   606                    5.194210e+07 3.1927e+07  38.5%  14.1    1s
H 2716   774                    5.191010e+07 3.1947e+07  38.5%  16.7    4s
H 3257   776                    5.190960e+07 3.1947e+07  38.5%  16.4    4s
H 3285   784                    5.186460e+07 3.1947e+07  38.4%  16.5    4s
H 3425   813                    5.186410e+07 3.1947e+07  38.4%  16.6    4s
  3443   830 4.0168e+07   39   32 5.1864e+07 3.1947e+07  38.4%  16.6    5s
H 3572   870                    5.178510e+07 3.1947e+07  38.3%  16.6    5s
  7326  1502 3.9833e+07   42   41 5.1785e+07 3.3540e+07  35.2%  16.3   10s
 12140  1606 infeasible   34      5.1785e+07 3.9520e+07  23.7%  15.3   15s
 14645  1730 4.4221e+07   38   63 5.1785e+07 4.0598e+07  21.6%  14.7   23s
 14659  1741 4.0598e+07   24   73 5.1785e+07 4.0598e+07  21.6%  14.8   25s
 17315  1189 4.1079e+07   34   40 5.1785e+07 4.1079e+07  20.7%  15.8   30s

Cutting planes:
  Gomory: 1
  Cover: 2
  Implied bound: 9
  Clique: 7
  MIR: 2
  Flow cover: 1
  GUB cover: 8
  Zero half: 25

Explored 19707 nodes (316972 simplex iterations) in 33.07 seconds
Thread count was 2 (of 4 available processors)

Optimal solution found (tolerance 1.00e-04)
Best objective 5.178510000000e+07, best bound 5.178510000000e+07, gap 0.0%
k_c1	70000.0
k_c10	100000.0
k_c11	20000.0
k_c12	100000.0
k_c2	50000.0
k_c3	100000.0
k_c4	50000.0
k_c5	90000.0
k_c6	40000.0
k_c7	50000.0
k_c8	100000.0
k_c9	30000.0
k_dN	-0.0
o_1	0.0
o_10	0.0
o_11	-0.0
o_12	0.0
o_2	0.0
o_3	0.0
o_4	0.0
o_5	0.0
o_6	0.0
o_7	0.0
o_8	0.0
o_9	0.0
p_1	0.0
p_10	0.0
p_11	-0.0
p_12	0.0
p_2	0.0
p_3	0.0
p_4	0.0
p_5	0.0
p_6	0.0
p_7	0.0
p_8	0.0
p_9	0.0
phi_c1	16638.0
phi_c10	239282.0
phi_c11	92723.0
phi_c12	225097.0
phi_c2	9264.0
phi_c3	234677.0
phi_c4	14187.0
phi_c5	124962.0
phi_c6	14223.0
phi_c7	106183.0
phi_c8	188812.0
phi_c9	19125.0
phi_d0	260000.0
phi_dN	-0.0
tauD_c1	633250.0
tauD_c10	132345.0
tauD_c11	590300.0
tauD_c12	200000.0
tauD_c2	624777.0
tauD_c3	50000.0
tauD_c4	300000.0
tauD_c5	450000.0
tauD_c6	826025.0
tauD_c7	500000.0
tauD_c8	300000.0
tauD_c9	614096.0
tauD_d0	-0.0
tauD_dN	1000000.0
tauS_c1	0.0
tauS_c10	49300.0
tauS_c11	168150.0
tauS_c12	886450.0
tauS_c2	0.0
tauS_c3	2250.0
tauS_c4	0.0
tauS_c5	883950.0
tauS_c6	0.0
tauS_c7	34125.0
tauS_c8	9275.0
tauS_c9	0.0
tauS_d0	-0.0
tauS_dN	0.0
x_c10_c7	1.0
x_c11_dN	1.0
x_c12_c4	1.0
x_c1_c6	1.0
x_c2_dN	1.0
x_c3_c2	1.0
x_c4_dN	1.0
x_c5_c1	1.0
x_c6_dN	1.0
x_c7_c11	1.0
x_c8_c9	1.0
x_c9_dN	1.0
x_d0_c10	1.0
x_d0_c12	1.0
x_d0_c3	1.0
x_d0_c5	1.0
x_d0_c8	1.0
