
Gurobi 6.0.4 (win64) logging started 06/18/15 15:59:50

Read LP format model from file C:\MT\repository\VRPTWMS\instances\mip\freight\N12-C_DV10-C_SV50_F26_0_No_1.lp
Reading time = 0.02 seconds
(null): 865 rows, 392 columns, 3639 nonzeros
Optimize a model with 865 rows, 392 columns and 3639 nonzeros
Model has 1728 quadratic constraints
Coefficient statistics:
  Matrix range    [1e+00, 1e+06]
  Objective range [2e+04, 1e+07]
  Bounds range    [1e+00, 1e+06]
  RHS range       [1e+00, 1e+06]
Presolve removed 115 rows and 49 columns
Presolve time: 0.10s
Presolved: 3380 rows, 1658 columns, 18703 nonzeros
Variable types: 1315 continuous, 343 integer (293 binary)
Found heuristic solution: objective 1.249766e+08

Root relaxation: objective 2.915511e+06, 238 iterations, 0.01 seconds

    Nodes    |    Current Node    |     Objective Bounds      |     Work
 Expl Unexpl |  Obj  Depth IntInf | Incumbent    BestBd   Gap | It/Node Time

     0     0 2915510.64    0   56 1.2498e+08 2915510.64  97.7%     -    0s
H    0     0                    7.388370e+07 2915510.64  96.1%     -    0s
     0     0 1.2397e+07    0   51 7.3884e+07 1.2397e+07  83.2%     -    0s
H    0     0                    7.364300e+07 1.2397e+07  83.2%     -    0s
H    0     0                    5.342540e+07 1.2397e+07  76.8%     -    0s
     0     0 1.2507e+07    0   63 5.3425e+07 1.2507e+07  76.6%     -    0s
     0     0 1.2546e+07    0   55 5.3425e+07 1.2546e+07  76.5%     -    0s
     0     0 1.2589e+07    0   62 5.3425e+07 1.2589e+07  76.4%     -    0s
     0     0 1.2591e+07    0   63 5.3425e+07 1.2591e+07  76.4%     -    0s
     0     0 1.2591e+07    0   62 5.3425e+07 1.2591e+07  76.4%     -    0s
     0     0 1.2591e+07    0   60 5.3425e+07 1.2591e+07  76.4%     -    0s
     0     0 1.2591e+07    0   58 5.3425e+07 1.2591e+07  76.4%     -    0s
     0     0 1.2591e+07    0   57 5.3425e+07 1.2591e+07  76.4%     -    0s
     0     0 1.2591e+07    0   56 5.3425e+07 1.2591e+07  76.4%     -    0s
     0     2 1.2591e+07    0   56 5.3425e+07 1.2591e+07  76.4%     -    0s
*   88    50              30    4.393630e+07 1.2720e+07  71.0%  22.4    0s
H   94    59                    4.353200e+07 1.2720e+07  70.8%  21.7    0s
H  123    65                    4.329740e+07 1.2720e+07  70.6%  21.8    0s
*  125    65              26    4.314690e+07 1.2720e+07  70.5%  21.8    0s
H  187   106                    4.295900e+07 1.2839e+07  70.1%  20.7    0s
H  418   328                    4.276580e+07 1.2839e+07  70.0%  10.8    1s
   743   561 2.4012e+07  304   98 4.2766e+07 1.3961e+07  67.4%  10.4    5s
   765   575 2.4012e+07  245   68 4.2766e+07 1.8436e+07  56.9%  10.1   10s
   791   594 2.4012e+07   81   94 4.2766e+07 1.8979e+07  55.6%  21.1   15s
  1911   728 3.3733e+07   44   10 4.2766e+07 2.2993e+07  46.2%  24.8   20s
H 2729   792                    4.274040e+07 2.3097e+07  46.0%  23.9   22s
  4062  1158 3.3699e+07   39   20 4.2740e+07 2.3230e+07  45.6%  23.9   25s
  6265  1336 infeasible   41      4.2740e+07 2.3566e+07  44.9%  24.7   30s
  8537  1330     cutoff   42      4.2740e+07 2.5669e+07  39.9%  24.5   35s
 11402  1148     cutoff   42      4.2740e+07 3.2796e+07  23.3%  23.7   40s
 13999   706 infeasible   56      4.2740e+07 3.3451e+07  21.7%  22.9   45s

Cutting planes:
  Gomory: 3
  Cover: 539
  Implied bound: 183
  Clique: 10
  MIR: 33
  Flow cover: 59
  GUB cover: 3
  Zero half: 41

Explored 16049 nodes (353536 simplex iterations) in 49.05 seconds
Thread count was 2 (of 4 available processors)

Optimal solution found (tolerance 1.00e-04)
Best objective 4.274040000000e+07, best bound 4.274040000000e+07, gap 0.0%
k_c1	70000.0
k_c10	100000.0
k_c11	100000.0
k_c12	100000.0
k_c2	30000.0
k_c3	100000.0
k_c4	60000.0
k_c5	50000.0
k_c6	40000.0
k_c7	30000.0
k_c8	70000.0
k_c9	40000.0
k_dN	-0.0
o_1	-0.0
o_10	-0.0
o_11	0.0
o_12	-0.0
o_2	-0.0
o_3	-0.0
o_4	-0.0
o_5	-0.0
o_6	-0.0
o_7	0.0
o_8	-0.0
o_9	-0.0
p_1	-0.0
p_10	0.0
p_11	0.0
p_12	-0.0
p_2	-0.0
p_3	-0.0
p_4	-0.0
p_5	-0.0
p_6	-0.0
p_7	0.0
p_8	0.0
p_9	-0.0
phi_c1	15889.0
phi_c10	252889.0
phi_c11	258501.0
phi_c12	236090.0
phi_c2	5098.0
phi_c3	235876.0
phi_c4	24178.0
phi_c5	20699.0
phi_c6	11681.0
phi_c7	239509.0
phi_c8	244192.0
phi_c9	12283.0
phi_d0	260000.0
phi_dN	-0.0
tauD_c1	400000.0
tauD_c10	26575.0
tauD_c11	250000.0
tauD_c12	450000.0
tauD_c2	850000.0
tauD_c3	115200.0
tauD_c4	500000.0
tauD_c5	600000.0
tauD_c6	566700.0
tauD_c7	650000.0
tauD_c8	159075.0
tauD_c9	850000.0
tauD_d0	-0.0
tauD_dN	1000000.0
tauS_c1	838600.0
tauS_c10	893425.0
tauS_c11	748049.0
tauS_c12	167650.0
tauS_c2	334175.0
tauS_c3	153825.0
tauS_c4	161050.0
tauS_c5	154700.0
tauS_c6	143050.0
tauS_c7	730874.0
tauS_c8	866150.0
tauS_c9	125525.0
tauS_d0	-0.0
tauS_dN	1000000.0
x_c10_c8	1.0
x_c11_c1	1.0
x_c12_c5	1.0
x_c1_c9	1.0
x_c2_dN	1.0
x_c3_c4	1.0
x_c4_c6	1.0
x_c5_c2	1.0
x_c6_dN	1.0
x_c7_dN	1.0
x_c8_c7	1.0
x_c9_dN	1.0
x_d0_c10	1.0
x_d0_c11	1.0
x_d0_c12	1.0
x_d0_c3	1.0
