
Gurobi 6.0.4 (win64) logging started 06/18/15 16:03:13

Read LP format model from file C:\MT\repository\VRPTWMS\instances\mip\freight\N4-C_DV10-C_SV50_F10_8_No_1.lp
Reading time = 0.00 seconds
(null): 129 rows, 72 columns, 447 nonzeros
Optimize a model with 129 rows, 72 columns and 447 nonzeros
Model has 64 quadratic constraints
Coefficient statistics:
  Matrix range    [1e+00, 1e+06]
  Objective range [3e+04, 1e+07]
  Bounds range    [1e+00, 1e+06]
  RHS range       [1e+00, 1e+06]
Presolve removed 38 rows and 18 columns
Presolve time: 0.00s
Presolved: 175 rows, 96 columns, 791 nonzeros
Variable types: 42 continuous, 54 integer (39 binary)
Found heuristic solution: objective 2.120760e+07

Root relaxation: objective 1.661939e+07, 22 iterations, 0.00 seconds

    Nodes    |    Current Node    |     Objective Bounds      |     Work
 Expl Unexpl |  Obj  Depth IntInf | Incumbent    BestBd   Gap | It/Node Time

     0     0 1.6619e+07    0   10 2.1208e+07 1.6619e+07  21.6%     -    0s
*    0     0               0    2.096870e+07 2.0969e+07  0.00%     -    0s

Cutting planes:
  Learned: 1
  Cover: 1
  Implied bound: 2
  Clique: 7

Explored 0 nodes (33 simplex iterations) in 0.01 seconds
Thread count was 2 (of 4 available processors)

Optimal solution found (tolerance 1.00e-04)
Best objective 2.096870000000e+07, best bound 2.096870000000e+07, gap 0.0%
k_c1	59999.999999999876
k_c2	20000.0
k_c3	59999.999999999956
k_c4	99999.99999999997
k_dN	-0.0
o_1	-0.0
o_2	-0.0
o_3	0.0
o_4	-0.0
p_1	-0.0
p_2	-0.0
p_3	0.0
p_4	-0.0
phi_c1	81046.99999999996
phi_c2	5519.0
phi_c3	68984.99999999997
phi_c4	82939.99999999997
phi_d0	100000.0
phi_dN	-0.0
tauD_c1	300000.0
tauD_c2	700000.0
tauD_c3	450000.0
tauD_c4	63750.0
tauD_d0	-0.0
tauD_dN	1000000.0
tauS_c1	-0.0
tauS_c2	-0.0
tauS_c3	-0.0
tauS_c4	-0.0
tauS_d0	-0.0
tauS_dN	142925.0
x_c1_dN	1.0
x_c2_dN	1.0
x_c3_c2	1.0
x_c4_c1	1.0
x_d0_c3	1.0
x_d0_c4	1.0
