
Gurobi 6.0.4 (win64) logging started 06/18/15 16:03:14

Read LP format model from file C:\MT\repository\VRPTWMS\instances\mip\freight\N6-C_DV10-C_SV50_F14_8_No_1.lp
Reading time = 0.00 seconds
(null): 253 rows, 128 columns, 957 nonzeros
Optimize a model with 253 rows, 128 columns and 957 nonzeros
Model has 216 quadratic constraints
Coefficient statistics:
  Matrix range    [1e+00, 1e+06]
  Objective range [8e+04, 1e+07]
  Bounds range    [1e+00, 1e+06]
  RHS range       [1e+00, 1e+06]
Presolve removed 47 rows and 24 columns
Presolve time: 0.02s
Presolved: 482 rows, 242 columns, 2475 nonzeros
Variable types: 138 continuous, 104 integer (80 binary)
Found heuristic solution: objective 6.310280e+07
Found heuristic solution: objective 3.262470e+07

Root relaxation: objective 1.841852e+07, 77 iterations, 0.00 seconds

    Nodes    |    Current Node    |     Objective Bounds      |     Work
 Expl Unexpl |  Obj  Depth IntInf | Incumbent    BestBd   Gap | It/Node Time

     0     0 1.8419e+07    0   28 3.2625e+07 1.8419e+07  43.5%     -    0s
     0     0 2.2222e+07    0   10 3.2625e+07 2.2222e+07  31.9%     -    0s
H    0     0                    3.256280e+07 2.2222e+07  31.8%     -    0s
     0     0 2.2858e+07    0   25 3.2563e+07 2.2858e+07  29.8%     -    0s
H    0     0                    3.234270e+07 2.2858e+07  29.3%     -    0s
     0     0 2.3753e+07    0   22 3.2343e+07 2.3753e+07  26.6%     -    0s
     0     0 2.3811e+07    0   26 3.2343e+07 2.3811e+07  26.4%     -    0s
     0     0 2.3811e+07    0   25 3.2343e+07 2.3811e+07  26.4%     -    0s
     0     0 2.3811e+07    0   27 3.2343e+07 2.3811e+07  26.4%     -    0s
     0     0 2.3811e+07    0   30 3.2343e+07 2.3811e+07  26.4%     -    0s
     0     0 2.3811e+07    0   31 3.2343e+07 2.3811e+07  26.4%     -    0s
     0     0 2.3811e+07    0   29 3.2343e+07 2.3811e+07  26.4%     -    0s
     0     0 2.3811e+07    0   29 3.2343e+07 2.3811e+07  26.4%     -    0s
     0     0 2.6022e+07    0   28 3.2343e+07 2.6022e+07  19.5%     -    0s
     0     0 2.6022e+07    0   28 3.2343e+07 2.6022e+07  19.5%     -    0s
     0     2 2.6022e+07    0   28 3.2343e+07 2.6022e+07  19.5%     -    0s

Cutting planes:
  Gomory: 1
  Cover: 1
  Implied bound: 1
  Clique: 3
  MIR: 1
  GUB cover: 4

Explored 11 nodes (389 simplex iterations) in 0.15 seconds
Thread count was 2 (of 4 available processors)

Optimal solution found (tolerance 1.00e-04)
Best objective 3.234270000000e+07, best bound 3.234270000000e+07, gap 0.0%
k_c1	70000.0
k_c2	70000.0
k_c3	50000.0
k_c4	100000.0
k_c5	100000.0
k_c6	50000.0
k_dN	-0.0
o_1	-0.0
o_2	-0.0
o_3	0.0
o_4	0.0
o_5	0.0
o_6	-0.0
p_1	0.0
p_2	0.0
p_3	0.0
p_4	-0.0
p_5	0.0
p_6	0.0
phi_c1	122185.0
phi_c2	15748.0
phi_c3	25823.0
phi_c4	78900.0
phi_c5	124600.0
phi_c6	18110.0
phi_d0	140000.0
phi_dN	-0.0
tauD_c1	400000.0
tauD_c2	850000.0
tauD_c3	650000.0
tauD_c4	650000.0
tauD_c5	200000.0
tauD_c6	828826.0
tauD_d0	-0.0
tauD_dN	1000000.0
tauS_c1	116550.0
tauS_c2	0.0
tauS_c3	109200.0
tauS_c4	88775.0
tauS_c5	46100.0
tauS_c6	852325.0
tauS_d0	-0.0
tauS_dN	58850.0
x_c1_c3	1.0
x_c2_dN	1.0
x_c3_dN	1.0
x_c4_c2	1.0
x_c5_c6	1.0
x_c6_dN	1.0
x_d0_c1	1.0
x_d0_c4	1.0
x_d0_c5	1.0
