
Gurobi 6.0.4 (win64) logging started 06/18/15 16:03:13

Read LP format model from file C:\MT\repository\VRPTWMS\instances\mip\freight\N6-C_DV10-C_SV50_F14_6_No_1.lp
Reading time = 0.01 seconds
(null): 253 rows, 128 columns, 957 nonzeros
Optimize a model with 253 rows, 128 columns and 957 nonzeros
Model has 216 quadratic constraints
Coefficient statistics:
  Matrix range    [1e+00, 1e+06]
  Objective range [1e+05, 1e+07]
  Bounds range    [1e+00, 1e+06]
  RHS range       [1e+00, 1e+06]
Presolve removed 65 rows and 26 columns
Presolve time: 0.01s
Presolved: 458 rows, 237 columns, 2388 nonzeros
Variable types: 135 continuous, 102 integer (79 binary)
Found heuristic solution: objective 6.284400e+07

Root relaxation: objective 2.425744e+07, 59 iterations, 0.00 seconds

    Nodes    |    Current Node    |     Objective Bounds      |     Work
 Expl Unexpl |  Obj  Depth IntInf | Incumbent    BestBd   Gap | It/Node Time

     0     0 2.4257e+07    0   32 6.2844e+07 2.4257e+07  61.4%     -    0s
     0     0 3.0633e+07    0   35 6.2844e+07 3.0633e+07  51.3%     -    0s
H    0     0                    5.268630e+07 3.0633e+07  41.9%     -    0s
H    0     0                    4.238400e+07 3.0633e+07  27.7%     -    0s
     0     0 3.7327e+07    0    5 4.2384e+07 3.7327e+07  11.9%     -    0s
H    0     0                    4.232350e+07 3.7327e+07  11.8%     -    0s
     0     0 3.7327e+07    0    5 4.2324e+07 3.7327e+07  11.8%     -    0s
     0     0 3.7327e+07    0   31 4.2324e+07 3.7327e+07  11.8%     -    0s
     0     0 3.7327e+07    0    5 4.2324e+07 3.7327e+07  11.8%     -    0s
     0     0 3.7328e+07    0    7 4.2324e+07 3.7328e+07  11.8%     -    0s
     0     0 3.7328e+07    0    5 4.2324e+07 3.7328e+07  11.8%     -    0s
     0     0 3.7328e+07    0    5 4.2324e+07 3.7328e+07  11.8%     -    0s
     0     0 3.7328e+07    0    9 4.2324e+07 3.7328e+07  11.8%     -    0s
     0     0 3.7456e+07    0    5 4.2324e+07 3.7456e+07  11.5%     -    0s
     0     0 3.7549e+07    0    6 4.2324e+07 3.7549e+07  11.3%     -    0s
     0     0 3.7629e+07    0    8 4.2324e+07 3.7629e+07  11.1%     -    0s

Cutting planes:
  Clique: 9
  MIR: 1

Explored 0 nodes (287 simplex iterations) in 0.11 seconds
Thread count was 2 (of 4 available processors)

Optimal solution found (tolerance 1.00e-04)
Best objective 4.232350000000e+07, best bound 4.232350000000e+07, gap 0.0%
k_c1	40000.0
k_c2	40000.0
k_c3	40000.0
k_c4	100000.0
k_c5	90000.0
k_c6	100000.0
k_dN	-0.0
o_1	0.0
o_2	0.0
o_3	0.0
o_4	0.0
o_5	0.0
o_6	0.0
p_1	0.0
p_2	0.0
p_3	0.0
p_4	0.0
p_5	0.0
p_6	0.0
phi_c1	12731.0
phi_c2	7245.0
phi_c3	21916.0
phi_c4	36260.0
phi_c5	21575.0
phi_c6	44033.0
phi_d0	140000.0
phi_dN	-0.0
tauD_c1	650000.0
tauD_c2	450000.0
tauD_c3	744425.0
tauD_c4	100000.0
tauD_c5	650000.0
tauD_c6	250000.0
tauD_d0	-0.0
tauD_dN	1000000.0
tauS_c1	0.0
tauS_c2	0.0
tauS_c3	0.0
tauS_c4	0.0
tauS_c5	0.0
tauS_c6	0.0
tauS_d0	-0.0
tauS_dN	0.0
x_c1_dN	1.0
x_c2_dN	1.0
x_c3_dN	1.0
x_c4_c3	1.0
x_c5_dN	1.0
x_c6_c1	1.0
x_d0_c2	1.0
x_d0_c4	1.0
x_d0_c5	1.0
x_d0_c6	1.0
