
Gurobi 6.0.4 (win64) logging started 06/18/15 16:03:13

Read LP format model from file C:\MT\repository\VRPTWMS\instances\mip\freight\N6-C_DV10-C_SV50_F14_4_No_1.lp
Reading time = 0.01 seconds
(null): 253 rows, 128 columns, 957 nonzeros
Optimize a model with 253 rows, 128 columns and 957 nonzeros
Model has 216 quadratic constraints
Coefficient statistics:
  Matrix range    [1e+00, 1e+06]
  Objective range [9e+04, 1e+07]
  Bounds range    [1e+00, 1e+06]
  RHS range       [1e+00, 1e+06]
Presolve removed 39 rows and 17 columns
Presolve time: 0.01s
Presolved: 540 rows, 274 columns, 2726 nonzeros
Variable types: 163 continuous, 111 integer (85 binary)
Found heuristic solution: objective 6.263820e+07

Root relaxation: objective 6.641095e+06, 103 iterations, 0.00 seconds

    Nodes    |    Current Node    |     Objective Bounds      |     Work
 Expl Unexpl |  Obj  Depth IntInf | Incumbent    BestBd   Gap | It/Node Time

     0     0 6641094.78    0   30 6.2638e+07 6641094.78  89.4%     -    0s
H    0     0                    4.249360e+07 6641094.78  84.4%     -    0s
     0     0 1.1359e+07    0   26 4.2494e+07 1.1359e+07  73.3%     -    0s
H    0     0                    4.206260e+07 1.1359e+07  73.0%     -    0s
H    0     0                    2.152860e+07 1.1359e+07  47.2%     -    0s
     0     0 1.1425e+07    0   16 2.1529e+07 1.1425e+07  46.9%     -    0s
     0     0 1.1516e+07    0   27 2.1529e+07 1.1516e+07  46.5%     -    0s
     0     0 1.1648e+07    0   26 2.1529e+07 1.1648e+07  45.9%     -    0s
     0     0 1.1785e+07    0   31 2.1529e+07 1.1785e+07  45.3%     -    0s
     0     0 1.1785e+07    0   29 2.1529e+07 1.1785e+07  45.3%     -    0s
     0     0 1.1785e+07    0   31 2.1529e+07 1.1785e+07  45.3%     -    0s
     0     0 1.2723e+07    0   35 2.1529e+07 1.2723e+07  40.9%     -    0s
     0     0 1.3637e+07    0   35 2.1529e+07 1.3637e+07  36.7%     -    0s
     0     0 1.3740e+07    0   38 2.1529e+07 1.3740e+07  36.2%     -    0s
     0     0 1.3741e+07    0   38 2.1529e+07 1.3741e+07  36.2%     -    0s
     0     0 1.6321e+07    0   25 2.1529e+07 1.6321e+07  24.2%     -    0s
     0     0 1.6321e+07    0   23 2.1529e+07 1.6321e+07  24.2%     -    0s
H    0     0                    2.141380e+07 1.6321e+07  23.8%     -    0s
H    0     0                    2.140730e+07 1.6321e+07  23.8%     -    0s

Cutting planes:
  Cover: 2
  Implied bound: 6
  Clique: 6
  GUB cover: 4

Explored 0 nodes (422 simplex iterations) in 0.14 seconds
Thread count was 2 (of 4 available processors)

Optimal solution found (tolerance 1.00e-04)
Best objective 2.140730000000e+07, best bound 2.140730000000e+07, gap 0.0%
k_c1	100000.0
k_c2	100000.0
k_c3	30000.0
k_c4	40000.0
k_c5	60000.0
k_c6	80000.0
k_dN	-0.0
o_1	0.0
o_2	0.0
o_3	0.0
o_4	0.0
o_5	0.0
o_6	0.0
p_1	0.0
p_2	0.0
p_3	0.0
p_4	0.0
p_5	0.0
p_6	0.0
phi_c1	37679.0
phi_c2	29510.0
phi_c3	8724.0
phi_c4	23275.0
phi_c5	18117.0
phi_c6	31330.0
phi_d0	140000.0
phi_dN	-0.0
tauD_c1	136275.0
tauD_c2	396262.0
tauD_c3	650000.0
tauD_c4	574467.0
tauD_c5	508837.0
tauD_c6	200000.0
tauD_d0	-0.0
tauD_dN	1000000.0
tauS_c1	0.0
tauS_c2	0.0
tauS_c3	0.0
tauS_c4	0.0
tauS_c5	0.0
tauS_c6	0.0
tauS_d0	-0.0
tauS_dN	0.0
x_c1_c6	1.0
x_c2_c5	1.0
x_c3_dN	1.0
x_c4_dN	1.0
x_c5_c3	1.0
x_c6_c4	1.0
x_d0_c1	1.0
x_d0_c2	1.0
