
Gurobi 6.0.4 (win64) logging started 06/18/15 16:03:16

Read LP format model from file C:\MT\repository\VRPTWMS\instances\mip\freight\N8-C_DV10-C_SV50_F18_5_No_1.lp
Reading time = 0.01 seconds
(null): 417 rows, 200 columns, 1659 nonzeros
Optimize a model with 417 rows, 200 columns and 1659 nonzeros
Model has 512 quadratic constraints
Coefficient statistics:
  Matrix range    [1e+00, 1e+06]
  Objective range [4e+04, 1e+07]
  Bounds range    [1e+00, 1e+06]
  RHS range       [1e+00, 1e+06]
Presolve removed 54 rows and 28 columns
Presolve time: 0.03s
Presolved: 1145 rows, 563 columns, 6092 nonzeros
Variable types: 391 continuous, 172 integer (138 binary)
Found heuristic solution: objective 8.387380e+07

Root relaxation: objective 1.132729e+07, 97 iterations, 0.01 seconds

    Nodes    |    Current Node    |     Objective Bounds      |     Work
 Expl Unexpl |  Obj  Depth IntInf | Incumbent    BestBd   Gap | It/Node Time

     0     0 1.1327e+07    0   42 8.3874e+07 1.1327e+07  86.5%     -    0s
H    0     0                    5.308320e+07 1.1327e+07  78.7%     -    0s
     0     0 2.2226e+07    0   35 5.3083e+07 2.2226e+07  58.1%     -    0s
H    0     0                    5.264090e+07 2.2226e+07  57.8%     -    0s
H    0     0                    4.278880e+07 2.2226e+07  48.1%     -    0s
     0     0 2.2270e+07    0   28 4.2789e+07 2.2270e+07  48.0%     -    0s
H    0     0                    4.278090e+07 2.2270e+07  47.9%     -    0s
     0     0 2.2270e+07    0   29 4.2781e+07 2.2270e+07  47.9%     -    0s
     0     0 2.2270e+07    0   26 4.2781e+07 2.2270e+07  47.9%     -    0s
     0     0 2.2270e+07    0   26 4.2781e+07 2.2270e+07  47.9%     -    0s
     0     2 2.2270e+07    0   26 4.2781e+07 2.2270e+07  47.9%     -    0s
*   63    20              12    4.277060e+07 2.2433e+07  47.6%   7.6    0s
H  340    69                    4.273270e+07 2.5671e+07  39.9%   7.8    0s
*  428    71              18    4.263660e+07 3.1421e+07  26.3%   8.2    0s
*  430    71              18    4.251760e+07 3.1421e+07  26.1%   8.2    0s

Cutting planes:
  Learned: 1
  Cover: 62
  Implied bound: 53
  Clique: 5
  MIR: 5
  GUB cover: 10

Explored 950 nodes (7988 simplex iterations) in 0.41 seconds
Thread count was 2 (of 4 available processors)

Optimal solution found (tolerance 1.00e-04)
Best objective 4.251760000000e+07, best bound 4.251760000000e+07, gap 0.0%
k_c1	60000.0
k_c2	100000.0
k_c3	100000.0
k_c4	50000.0
k_c5	100000.0
k_c6	40000.0
k_c7	50000.0
k_c8	30000.0
k_dN	-0.0
o_1	-0.0
o_2	-0.0
o_3	-0.0
o_4	-0.0
o_5	-0.0
o_6	-0.0
o_7	-0.0
o_8	-0.0
p_1	-0.0
p_2	-0.0
p_3	-0.0
p_4	0.0
p_5	-0.0
p_6	-0.0
p_7	-0.0
p_8	0.0
phi_c1	155648.0
phi_c2	15561.000000000033
phi_c3	166205.0
phi_c4	6168.000000000029
phi_c5	157134.0
phi_c6	23529.00000000006
phi_c7	12731.00000000003
phi_c8	19448.00000000006
phi_d0	180000.0
phi_dN	-0.0
tauD_c1	200000.0
tauD_c2	50000.0
tauD_c3	51550.0
tauD_c4	450000.0
tauD_c5	200000.0
tauD_c6	700000.0
tauD_c7	740400.0
tauD_c8	650000.0
tauD_d0	-0.0
tauD_dN	1000000.0
tauS_c1	-0.0
tauS_c2	-0.0
tauS_c3	-0.0
tauS_c4	-0.0
tauS_c5	-0.0
tauS_c6	-0.0
tauS_c7	-0.0
tauS_c8	-0.0
tauS_d0	-0.0
tauS_dN	-0.0
x_c1_c6	1.0
x_c2_c4	1.0
x_c3_c7	1.0
x_c4_dN	1.0
x_c5_c8	1.0
x_c6_dN	1.0
x_c7_dN	1.0
x_c8_dN	1.0
x_d0_c1	1.0
x_d0_c2	1.0
x_d0_c3	1.0
x_d0_c5	1.0
