
Gurobi 6.0.4 (win64) logging started 06/18/15 16:03:14

Read LP format model from file C:\MT\repository\VRPTWMS\instances\mip\freight\N8-C_DV10-C_SV50_F18_0_No_1.lp
Reading time = 0.00 seconds
(null): 417 rows, 200 columns, 1659 nonzeros
Optimize a model with 417 rows, 200 columns and 1659 nonzeros
Model has 512 quadratic constraints
Coefficient statistics:
  Matrix range    [1e+00, 1e+06]
  Objective range [7e+04, 1e+07]
  Bounds range    [1e+00, 1e+06]
  RHS range       [1e+00, 1e+06]
Presolve removed 56 rows and 24 columns
Presolve time: 0.04s
Presolved: 1177 rows, 584 columns, 6197 nonzeros
Variable types: 408 continuous, 176 integer (142 binary)
Found heuristic solution: objective 8.382560e+07

Root relaxation: objective 4.715955e+06, 157 iterations, 0.01 seconds

    Nodes    |    Current Node    |     Objective Bounds      |     Work
 Expl Unexpl |  Obj  Depth IntInf | Incumbent    BestBd   Gap | It/Node Time

     0     0 4715954.83    0   41 8.3826e+07 4715954.83  94.4%     -    0s
H    0     0                    7.382420e+07 4715954.83  93.6%     -    0s
H    0     0                    7.328840e+07 4715954.83  93.6%     -    0s
H    0     0                    4.287930e+07 4715954.83  89.0%     -    0s
     0     0 1.0980e+07    0   42 4.2879e+07 1.0980e+07  74.4%     -    0s
H    0     0                    4.287820e+07 1.0980e+07  74.4%     -    0s
H    0     0                    4.278960e+07 1.0980e+07  74.3%     -    0s
     0     0 1.1164e+07    0   46 4.2790e+07 1.1164e+07  73.9%     -    0s
     0     0 1.1179e+07    0   50 4.2790e+07 1.1179e+07  73.9%     -    0s
H    0     0                    4.262980e+07 1.1179e+07  73.8%     -    0s
H    0     0                    4.237880e+07 1.1179e+07  73.6%     -    0s
     0     0 1.1180e+07    0   50 4.2379e+07 1.1180e+07  73.6%     -    0s
     0     0 1.1180e+07    0   50 4.2379e+07 1.1180e+07  73.6%     -    0s
H    0     0                    4.222100e+07 1.1180e+07  73.5%     -    0s
     0     0 1.1180e+07    0   50 4.2221e+07 1.1180e+07  73.5%     -    0s
     0     0 1.1180e+07    0   50 4.2221e+07 1.1180e+07  73.5%     -    0s
     0     2 1.1180e+07    0   49 4.2221e+07 1.1180e+07  73.5%     -    0s

Cutting planes:
  Gomory: 6
  Cover: 5
  Implied bound: 24
  Clique: 22
  MIR: 3
  Flow cover: 20
  GUB cover: 5
  Zero half: 18

Explored 1773 nodes (14282 simplex iterations) in 1.45 seconds
Thread count was 2 (of 4 available processors)

Optimal solution found (tolerance 1.00e-04)
Best objective 4.222100000000e+07, best bound 4.222100000000e+07, gap 0.0%
k_c1	80000.0
k_c2	60000.0
k_c3	20000.0
k_c4	90000.0
k_c5	77939.0
k_c6	40000.0
k_c7	80000.0
k_c8	40000.0
k_dN	-0.0
o_1	0.0
o_2	0.0
o_3	0.0
o_4	0.0
o_5	0.0
o_6	0.0
o_7	0.0
o_8	0.0
p_1	0.0
p_2	0.0
p_3	0.0
p_4	0.0
p_5	0.0
p_6	0.0
p_7	0.0
p_8	0.0
phi_c1	161730.0
phi_c2	150337.0
phi_c3	140944.0
phi_c4	108470.0
phi_c5	168006.0
phi_c6	78347.0
phi_c7	159721.0
phi_c8	16725.0
phi_d0	180000.0
phi_dN	-0.0
tauD_c1	237704.0
tauD_c2	700000.0
tauD_c3	822418.0
tauD_c4	298489.0
tauD_c5	188107.0
tauD_c6	337229.0
tauD_c7	250329.0
tauD_c8	345264.0
tauD_d0	-0.0
tauD_dN	1000000.0
tauS_c1	851725.0
tauS_c2	824475.0
tauS_c3	24750.0
tauS_c4	863000.0
tauS_c5	840325.0
tauS_c6	861700.0
tauS_c7	891775.0
tauS_c8	857500.0
tauS_d0	-0.0
tauS_dN	1000000.0
x_c1_c2	1.0
x_c2_c3	1.0
x_c3_dN	1.0
x_c4_c8	1.0
x_c5_dN	1.0
x_c6_dN	1.0
x_c7_c6	1.0
x_c8_dN	1.0
x_d0_c1	1.0
x_d0_c4	1.0
x_d0_c5	1.0
x_d0_c7	1.0
