
Gurobi 6.0.4 (win64) logging started 06/18/15 16:03:17

Read LP format model from file C:\MT\repository\VRPTWMS\instances\mip\freight\N8-C_DV10-C_SV50_F18_7_No_1.lp
Reading time = 0.01 seconds
(null): 417 rows, 200 columns, 1659 nonzeros
Optimize a model with 417 rows, 200 columns and 1659 nonzeros
Model has 512 quadratic constraints
Coefficient statistics:
  Matrix range    [1e+00, 1e+06]
  Objective range [7e+04, 1e+07]
  Bounds range    [1e+00, 1e+06]
  RHS range       [1e+00, 1e+06]
Presolve removed 48 rows and 25 columns
Presolve time: 0.03s
Presolved: 1213 rows, 597 columns, 6555 nonzeros
Variable types: 422 continuous, 175 integer (143 binary)
Found heuristic solution: objective 8.469100e+07

Root relaxation: objective 1.169723e+07, 103 iterations, 0.00 seconds

    Nodes    |    Current Node    |     Objective Bounds      |     Work
 Expl Unexpl |  Obj  Depth IntInf | Incumbent    BestBd   Gap | It/Node Time

     0     0 1.1697e+07    0   30 8.4691e+07 1.1697e+07  86.2%     -    0s
H    0     0                    5.338180e+07 1.1697e+07  78.1%     -    0s
     0     0 1.1856e+07    0   29 5.3382e+07 1.1856e+07  77.8%     -    0s
     0     0 1.1950e+07    0   24 5.3382e+07 1.1950e+07  77.6%     -    0s
H    0     0                    4.324140e+07 1.1950e+07  72.4%     -    0s
     0     0 1.2055e+07    0   37 4.3241e+07 1.2055e+07  72.1%     -    0s
     0     0 1.2069e+07    0   35 4.3241e+07 1.2069e+07  72.1%     -    0s
H    0     0                    4.308620e+07 1.2069e+07  72.0%     -    0s
H    0     0                    3.298560e+07 1.2069e+07  63.4%     -    0s
     0     0 1.2074e+07    0   31 3.2986e+07 1.2074e+07  63.4%     -    0s
     0     0 1.2075e+07    0   26 3.2986e+07 1.2075e+07  63.4%     -    0s
     0     0 1.2075e+07    0   21 3.2986e+07 1.2075e+07  63.4%     -    0s
     0     2 1.2075e+07    0   20 3.2986e+07 1.2075e+07  63.4%     -    0s
*   16     0               9    3.278130e+07 1.2102e+07  63.1%  18.5    0s
*   56    23              13    3.277460e+07 1.2112e+07  63.0%  14.6    0s
*  150    54              19    3.275390e+07 1.2327e+07  62.4%  14.0    0s
*  322    45              19    3.268560e+07 1.7553e+07  46.3%  11.4    0s

Cutting planes:
  Gomory: 3
  Cover: 37
  Implied bound: 12
  Clique: 4
  MIR: 9
  GUB cover: 8

Explored 743 nodes (7245 simplex iterations) in 0.40 seconds
Thread count was 2 (of 4 available processors)

Optimal solution found (tolerance 1.00e-04)
Best objective 3.268560000000e+07, best bound 3.268560000000e+07, gap 0.0%
k_c1	10000.0
k_c2	100000.0
k_c3	50000.0
k_c4	100000.0
k_c5	60000.0
k_c6	100000.0
k_c7	20000.0
k_c8	50000.00000000006
k_dN	-0.0
o_1	0.0
o_2	-0.0
o_3	-0.0
o_4	-0.0
o_5	-0.0
o_6	0.0
o_7	-0.0
o_8	-0.0
p_1	0.0
p_2	-0.0
p_3	0.0
p_4	0.0
p_5	-0.0
p_6	0.0
p_7	0.0
p_8	-0.0
phi_c1	14959.00000000003
phi_c2	167269.0
phi_c3	156826.0
phi_c4	164967.99999999997
phi_c5	43297.99999999993
phi_c6	162592.99999999994
phi_c7	28011.0
phi_c8	21154.00000000006
phi_d0	180000.0
phi_dN	-0.0
tauD_c1	711975.0
tauD_c2	50000.0
tauD_c3	580424.9999999999
tauD_c4	500000.0
tauD_c5	678200.0000000002
tauD_c6	400000.0
tauD_c7	805325.0
tauD_c8	802900.0
tauD_d0	-0.0
tauD_dN	1000000.0
tauS_c1	33050.0
tauS_c2	52500.0
tauS_c3	836150.0
tauS_c4	76450.0
tauS_c5	825900.0
tauS_c6	42025.0
tauS_c7	815325.0
tauS_c8	67950.0
tauS_d0	-0.0
tauS_dN	1000000.0
x_c1_dN	1.0
x_c2_c5	1.0
x_c3_c1	1.0
x_c4_c3	1.0
x_c5_c7	1.0
x_c6_c8	1.0
x_c7_dN	1.0
x_c8_dN	1.0
x_d0_c2	1.0
x_d0_c4	1.0
x_d0_c6	1.0
