
Gurobi 6.0.4 (win64) logging started 06/18/15 16:03:22

Read LP format model from file C:\MT\repository\VRPTWMS\instances\mip\freight\N9-C_DV10-C_SV50_F20_2_No_1.lp
Reading time = 0.01 seconds
(null): 514 rows, 242 columns, 2082 nonzeros
Optimize a model with 514 rows, 242 columns and 2082 nonzeros
Model has 729 quadratic constraints
Coefficient statistics:
  Matrix range    [1e+00, 1e+06]
  Objective range [4e+04, 1e+07]
  Bounds range    [1e+00, 1e+06]
  RHS range       [1e+00, 1e+06]
Presolve removed 64 rows and 23 columns
Presolve time: 0.05s
Presolved: 1626 rows, 807 columns, 8852 nonzeros
Variable types: 588 continuous, 219 integer (181 binary)
Found heuristic solution: objective 9.465960e+07

Root relaxation: objective 1.350483e+06, 132 iterations, 0.01 seconds

    Nodes    |    Current Node    |     Objective Bounds      |     Work
 Expl Unexpl |  Obj  Depth IntInf | Incumbent    BestBd   Gap | It/Node Time

     0     0 1350483.06    0   47 9.4660e+07 1350483.06  98.6%     -    0s
H    0     0                    5.315160e+07 1350483.06  97.5%     -    0s
     0     0 2810941.24    0   56 5.3152e+07 2810941.24  94.7%     -    0s
H    0     0                    4.300950e+07 2810941.24  93.5%     -    0s
     0     0 4778773.21    0   51 4.3010e+07 4778773.21  88.9%     -    0s
     0     0 6535050.00    0   23 4.3010e+07 6535050.00  84.8%     -    0s
H    0     0                    4.283130e+07 6535050.00  84.7%     -    0s
     0     0 6535050.00    0   24 4.2831e+07 6535050.00  84.7%     -    0s
     0     0 6535050.00    0   29 4.2831e+07 6535050.00  84.7%     -    0s
     0     0 6535050.00    0   29 4.2831e+07 6535050.00  84.7%     -    0s
     0     2 6535050.00    0   28 4.2831e+07 6535050.00  84.7%     -    0s
H  141    78                    4.273740e+07 1.1599e+07  72.9%  13.6    0s
H 5131   286                    4.270370e+07 1.8879e+07  55.8%   2.4    1s
  6667   197 3.2783e+07   26   25 4.2704e+07 3.2474e+07  24.0%   5.9    5s

Cutting planes:
  Gomory: 4
  Cover: 8
  Implied bound: 98
  Clique: 38
  MIR: 20
  Flow cover: 52
  GUB cover: 15
  Zero half: 49

Explored 7269 nodes (45810 simplex iterations) in 5.33 seconds
Thread count was 2 (of 4 available processors)

Optimal solution found (tolerance 1.00e-04)
Best objective 4.270370000000e+07, best bound 4.270370000000e+07, gap 0.0%
k_c1	100000.0
k_c2	40000.0
k_c3	100000.0
k_c4	69999.0
k_c5	50001.0
k_c6	80000.0
k_c7	99999.0
k_c8	59998.0
k_c9	99999.0
k_dN	-0.0
o_1	-0.0
o_2	-0.0
o_3	-0.0
o_4	-0.0
o_5	-0.0
o_6	-0.0
o_7	-0.0
o_8	-0.0
o_9	-0.0
p_1	-0.0
p_2	-0.0
p_3	-0.0
p_4	-0.0
p_5	-0.0
p_6	-0.0
p_7	-0.0
p_8	-0.0
p_9	-0.0
phi_c1	186806.0
phi_c2	15288.0
phi_c3	172832.0
phi_c4	165351.0
phi_c5	19308.0
phi_c6	175372.0
phi_c7	193409.0
phi_c8	189126.0
phi_c9	181628.0
phi_d0	200000.0
phi_dN	-0.0
tauD_c1	200098.0
tauD_c2	400000.0
tauD_c3	250000.0
tauD_c4	400000.0
tauD_c5	400000.0
tauD_c6	312824.0
tauD_c7	700000.0
tauD_c8	800000.0
tauD_c9	323599.0
tauD_d0	-0.0
tauD_dN	1000000.0
tauS_c1	870700.0
tauS_c2	862875.0
tauS_c3	818475.0
tauS_c4	837225.0
tauS_c5	847850.0
tauS_c6	833225.0
tauS_c7	895375.0
tauS_c8	880475.0
tauS_c9	851350.0
tauS_d0	-0.0
tauS_dN	1000000.0
x_c1_c6	1.0
x_c2_dN	1.0
x_c3_c4	1.0
x_c4_dN	1.0
x_c5_dN	1.0
x_c6_c2	1.0
x_c7_c8	1.0
x_c8_dN	1.0
x_c9_c5	1.0
x_d0_c1	1.0
x_d0_c3	1.0
x_d0_c7	1.0
x_d0_c9	1.0
