
Gurobi 6.0.4 (win64) logging started 06/18/15 16:03:36

Read LP format model from file C:\MT\repository\VRPTWMS\instances\mip\freight\N9-C_DV10-C_SV50_F20_7_No_1.lp
Reading time = 0.01 seconds
(null): 514 rows, 242 columns, 2082 nonzeros
Optimize a model with 514 rows, 242 columns and 2082 nonzeros
Model has 729 quadratic constraints
Coefficient statistics:
  Matrix range    [1e+00, 1e+06]
  Objective range [6e+04, 1e+07]
  Bounds range    [1e+00, 1e+06]
  RHS range       [1e+00, 1e+06]
Presolve removed 133 rows and 45 columns
Presolve time: 0.03s
Presolved: 1267 rows, 640 columns, 7048 nonzeros
Variable types: 443 continuous, 197 integer (161 binary)
Found heuristic solution: objective 9.441060e+07

Root relaxation: objective 2.383417e+07, 125 iterations, 0.00 seconds

    Nodes    |    Current Node    |     Objective Bounds      |     Work
 Expl Unexpl |  Obj  Depth IntInf | Incumbent    BestBd   Gap | It/Node Time

     0     0 2.3834e+07    0   43 9.4411e+07 2.3834e+07  74.8%     -    0s
H    0     0                    7.392670e+07 2.3834e+07  67.8%     -    0s
H    0     0                    5.360170e+07 2.3834e+07  55.5%     -    0s
     0     0 3.2431e+07    0   28 5.3602e+07 3.2431e+07  39.5%     -    0s
H    0     0                    5.320360e+07 3.2431e+07  39.0%     -    0s
H    0     0                    5.303200e+07 3.2431e+07  38.8%     -    0s
     0     0 3.2537e+07    0   37 5.3032e+07 3.2537e+07  38.6%     -    0s
     0     0 3.2570e+07    0   35 5.3032e+07 3.2570e+07  38.6%     -    0s
H    0     0                    4.302220e+07 3.2570e+07  24.3%     -    0s
     0     0 3.2583e+07    0   22 4.3022e+07 3.2583e+07  24.3%     -    0s
     0     0 3.2587e+07    0   29 4.3022e+07 3.2587e+07  24.3%     -    0s
     0     0 3.2587e+07    0   27 4.3022e+07 3.2587e+07  24.3%     -    0s
     0     0 3.2587e+07    0   28 4.3022e+07 3.2587e+07  24.3%     -    0s
     0     0 3.2587e+07    0   27 4.3022e+07 3.2587e+07  24.3%     -    0s
     0     0 3.2587e+07    0   27 4.3022e+07 3.2587e+07  24.3%     -    0s
     0     2 3.2587e+07    0   27 4.3022e+07 3.2587e+07  24.3%     -    0s
H    5     7                    4.287910e+07 3.2610e+07  23.9%  12.6    0s
*   11     6               3    4.281300e+07 3.2624e+07  23.8%  11.5    0s

Cutting planes:
  Gomory: 1
  Cover: 14
  Implied bound: 13
  Clique: 14
  MIR: 2
  GUB cover: 4

Explored 222 nodes (2317 simplex iterations) in 0.30 seconds
Thread count was 2 (of 4 available processors)

Optimal solution found (tolerance 1.00e-04)
Best objective 4.281300000000e+07, best bound 4.281300000000e+07, gap 0.0%
k_c1	29999.99999999997
k_c2	60000.00000000009
k_c3	40000.0
k_c4	100000.0
k_c5	99999.9999999998
k_c6	100000.0
k_c7	80000.0
k_c8	100000.0
k_c9	80000.0
k_dN	-0.0
o_1	-0.0
o_2	-0.0
o_3	-0.0
o_4	-0.0
o_5	-0.0
o_6	-0.0
o_7	-0.0
o_8	-0.0
o_9	-0.0
p_1	-0.0
p_2	-0.0
p_3	0.0
p_4	0.0
p_5	-0.0
p_6	-0.0
p_7	0.0
p_8	-0.0
p_9	0.0
phi_c1	163787.00000000003
phi_c2	176070.0
phi_c3	13969.0
phi_c4	185389.0
phi_c5	193310.0
phi_c6	31671.0
phi_c7	20124.0
phi_c8	17868.999999999993
phi_c9	21007.0
phi_d0	200000.0
phi_dN	-0.0
tauD_c1	450725.0000000002
tauD_c2	344825.00000000006
tauD_c3	800000.0
tauD_c4	250000.0
tauD_c5	450000.0
tauD_c6	200000.0
tauD_c7	700000.0
tauD_c8	100000.00000000001
tauD_c9	719300.0
tauD_d0	-0.0
tauD_dN	1000000.0
tauS_c1	-0.0
tauS_c2	-0.0
tauS_c3	-0.0
tauS_c4	-0.0
tauS_c5	-0.0
tauS_c6	-0.0
tauS_c7	-0.0
tauS_c8	-0.0
tauS_c9	-0.0
tauS_d0	-0.0
tauS_dN	-0.0
x_c1_dN	1.0
x_c2_c1	1.0000000000000002
x_c3_dN	1.0
x_c4_c2	1.0
x_c5_c9	1.0
x_c6_c7	1.0
x_c7_dN	1.0
x_c8_c3	1.0
x_c9_dN	1.0
x_d0_c4	1.0
x_d0_c5	1.0
x_d0_c6	1.0
x_d0_c8	1.0
