
Gurobi 6.0.4 (win64) logging started 06/18/15 16:03:34

Read LP format model from file C:\MT\repository\VRPTWMS\instances\mip\freight\N9-C_DV10-C_SV50_F20_6_No_1.lp
Reading time = 0.00 seconds
(null): 514 rows, 242 columns, 2082 nonzeros
Optimize a model with 514 rows, 242 columns and 2082 nonzeros
Model has 729 quadratic constraints
Coefficient statistics:
  Matrix range    [1e+00, 1e+06]
  Objective range [1e+04, 1e+07]
  Bounds range    [1e+00, 1e+06]
  RHS range       [1e+00, 1e+06]
Presolve removed 78 rows and 31 columns
Presolve time: 0.04s
Presolved: 1512 rows, 749 columns, 8223 nonzeros
Variable types: 538 continuous, 211 integer (174 binary)
Found heuristic solution: objective 9.408900e+07

Root relaxation: objective 1.186681e+07, 83 iterations, 0.01 seconds

    Nodes    |    Current Node    |     Objective Bounds      |     Work
 Expl Unexpl |  Obj  Depth IntInf | Incumbent    BestBd   Gap | It/Node Time

     0     0 1.1867e+07    0   38 9.4089e+07 1.1867e+07  87.4%     -    0s
H    0     0                    5.304430e+07 1.1867e+07  77.6%     -    0s
     0     0 1.2029e+07    0   39 5.3044e+07 1.2029e+07  77.3%     -    0s
H    0     0                    4.292670e+07 1.2029e+07  72.0%     -    0s
     0     0 1.2123e+07    0   29 4.2927e+07 1.2123e+07  71.8%     -    0s
     0     0 1.2150e+07    0   49 4.2927e+07 1.2150e+07  71.7%     -    0s
H    0     0                    4.290610e+07 1.2150e+07  71.7%     -    0s
     0     0 1.2544e+07    0   51 4.2906e+07 1.2544e+07  70.8%     -    0s
     0     0 1.2729e+07    0   52 4.2906e+07 1.2729e+07  70.3%     -    0s
     0     0 1.3564e+07    0   47 4.2906e+07 1.3564e+07  68.4%     -    0s
     0     0 1.3568e+07    0   46 4.2906e+07 1.3568e+07  68.4%     -    0s
     0     0 1.3569e+07    0   46 4.2906e+07 1.3569e+07  68.4%     -    0s
H    0     0                    4.264600e+07 1.3569e+07  68.2%     -    0s
     0     0 1.3574e+07    0   47 4.2646e+07 1.3574e+07  68.2%     -    0s
     0     0 1.3574e+07    0   46 4.2646e+07 1.3574e+07  68.2%     -    0s
     0     0 1.3592e+07    0   48 4.2646e+07 1.3592e+07  68.1%     -    0s
     0     0 1.3593e+07    0   52 4.2646e+07 1.3593e+07  68.1%     -    0s
     0     0 1.3593e+07    0   51 4.2646e+07 1.3593e+07  68.1%     -    0s
     0     0 1.3593e+07    0   50 4.2646e+07 1.3593e+07  68.1%     -    0s
     0     0 1.3593e+07    0   47 4.2646e+07 1.3593e+07  68.1%     -    0s
     0     0 1.3593e+07    0   50 4.2646e+07 1.3593e+07  68.1%     -    0s
     0     0 1.3593e+07    0   48 4.2646e+07 1.3593e+07  68.1%     -    0s
     0     0 1.3593e+07    0   50 4.2646e+07 1.3593e+07  68.1%     -    0s
     0     0 1.3593e+07    0   49 4.2646e+07 1.3593e+07  68.1%     -    0s
     0     2 1.3593e+07    0   49 4.2646e+07 1.3593e+07  68.1%     -    0s
*  195    79              19    4.261090e+07 2.2131e+07  48.1%  11.0    0s
*  249   124              11    4.260750e+07 2.2186e+07  47.9%  10.6    0s
H  252   123                    4.240950e+07 2.2186e+07  47.7%  10.5    0s
H  658   259                    4.238410e+07 2.2277e+07  47.4%  11.3    0s
* 1532   502              29    4.227390e+07 2.2456e+07  46.9%  12.1    1s

Cutting planes:
  Gomory: 1
  Cover: 1
  Implied bound: 1
  Clique: 4
  MIR: 1
  GUB cover: 11

Explored 2618 nodes (31206 simplex iterations) in 2.03 seconds
Thread count was 2 (of 4 available processors)

Optimal solution found (tolerance 1.00e-04)
Best objective 4.227390000000e+07, best bound 4.227390000000e+07, gap 0.0%
k_c1	100000.0
k_c2	100000.0
k_c3	30000.0
k_c4	30000.0
k_c5	100000.0
k_c6	50000.0
k_c7	80000.0
k_c8	100000.0
k_c9	70000.0
k_dN	-0.0
o_1	-0.0
o_2	-0.0
o_3	-0.0
o_4	0.0
o_5	-0.0
o_6	-0.0
o_7	-0.0
o_8	-0.0
o_9	-0.0
p_1	-0.0
p_2	-0.0
p_3	0.0
p_4	0.0
p_5	-0.0
p_6	-0.0
p_7	-0.0
p_8	-0.0
p_9	-0.0
phi_c1	15868.000000000058
phi_c2	33637.00000000008
phi_c3	19809.00000000008
phi_c4	22151.000000000087
phi_c5	175381.0
phi_c6	13922.00000000008
phi_c7	3900.000000000058
phi_c8	185530.0
phi_c9	24539.00000000008
phi_d0	200000.0
phi_dN	-0.0
tauD_c1	515275.0000000001
tauD_c2	548325.0
tauD_c3	700000.0
tauD_c4	700000.0
tauD_c5	250000.0
tauD_c6	650000.0
tauD_c7	650000.0
tauD_c8	54075.0
tauD_c9	622325.0
tauD_d0	-0.0
tauD_dN	1000000.0
tauS_c1	813400.0
tauS_c2	852450.0
tauS_c3	845975.0
tauS_c4	-0.0
tauS_c5	828000.0
tauS_c6	-0.0
tauS_c7	851725.0
tauS_c8	-0.0
tauS_c9	834975.0
tauS_d0	-0.0
tauS_dN	1000000.0
x_c1_c7	1.0
x_c2_c9	1.0
x_c3_dN	1.0
x_c4_dN	1.0
x_c5_c4	1.0
x_c6_dN	1.0
x_c7_dN	1.0
x_c8_c6	1.0
x_c9_c3	1.0
x_d0_c1	1.0
x_d0_c2	1.0
x_d0_c5	1.0
x_d0_c8	1.0
