
Gurobi 6.0.4 (win64) logging started 06/18/15 16:03:27

Read LP format model from file C:\MT\repository\VRPTWMS\instances\mip\freight\N9-C_DV10-C_SV50_F20_3_No_1.lp
Reading time = 0.01 seconds
(null): 514 rows, 242 columns, 2082 nonzeros
Optimize a model with 514 rows, 242 columns and 2082 nonzeros
Model has 729 quadratic constraints
Coefficient statistics:
  Matrix range    [1e+00, 1e+06]
  Objective range [1e+04, 1e+07]
  Bounds range    [1e+00, 1e+06]
  RHS range       [1e+00, 1e+06]
Presolve removed 75 rows and 34 columns
Presolve time: 0.05s
Presolved: 1603 rows, 790 columns, 8423 nonzeros
Variable types: 582 continuous, 208 integer (170 binary)
Found heuristic solution: objective 9.354540e+07

Root relaxation: objective 5.128829e+06, 163 iterations, 0.01 seconds

    Nodes    |    Current Node    |     Objective Bounds      |     Work
 Expl Unexpl |  Obj  Depth IntInf | Incumbent    BestBd   Gap | It/Node Time

     0     0 5128828.84    0   53 9.3545e+07 5128828.84  94.5%     -    0s
H    0     0                    6.307730e+07 5128828.84  91.9%     -    0s
H    0     0                    4.225700e+07 5128828.84  87.9%     -    0s
     0     0 1.1529e+07    0   50 4.2257e+07 1.1529e+07  72.7%     -    0s
     0     0 1.1635e+07    0   29 4.2257e+07 1.1635e+07  72.5%     -    0s
     0     0 1.1680e+07    0   43 4.2257e+07 1.1680e+07  72.4%     -    0s
     0     0 1.1751e+07    0   51 4.2257e+07 1.1751e+07  72.2%     -    0s
     0     0 1.1751e+07    0   52 4.2257e+07 1.1751e+07  72.2%     -    0s
     0     0 1.1751e+07    0   51 4.2257e+07 1.1751e+07  72.2%     -    0s
     0     0 1.1751e+07    0   51 4.2257e+07 1.1751e+07  72.2%     -    0s
     0     0 1.1751e+07    0   51 4.2257e+07 1.1751e+07  72.2%     -    0s
     0     2 1.1751e+07    0   50 4.2257e+07 1.1751e+07  72.2%     -    0s
H  164    60                    4.224810e+07 1.2919e+07  69.4%  13.5    0s

Cutting planes:
  Learned: 4
  Gomory: 2
  Cover: 183
  Implied bound: 161
  Clique: 11
  MIR: 23
  GUB cover: 5

Explored 3292 nodes (37131 simplex iterations) in 1.71 seconds
Thread count was 2 (of 4 available processors)

Optimal solution found (tolerance 1.00e-04)
Best objective 4.224810000000e+07, best bound 4.224810000000e+07, gap 0.0%
k_c1	90000.0
k_c2	60000.0
k_c3	100000.0
k_c4	70000.0
k_c5	20000.0
k_c6	60000.0
k_c7	80000.0
k_c8	100000.0
k_c9	50000.0
k_dN	-0.0
o_1	0.0
o_2	0.0
o_3	0.0
o_4	0.0
o_5	0.0
o_6	0.0
o_7	0.0
o_8	-0.0
o_9	0.0
p_1	0.0
p_2	-0.0
p_3	0.0
p_4	0.0
p_5	0.0
p_6	0.0
p_7	-0.0
p_8	0.0
p_9	0.0
phi_c1	64492.0
phi_c2	32581.0
phi_c3	122757.0
phi_c4	163892.0
phi_c5	2676.0
phi_c6	19294.0
phi_c7	12635.0
phi_c8	190902.0
phi_c9	13648.0
phi_d0	200000.0
phi_dN	-0.0
tauD_c1	152675.0
tauD_c2	400000.0
tauD_c3	100000.0
tauD_c4	182500.0
tauD_c5	825625.0
tauD_c6	408676.0
tauD_c7	152675.0
tauD_c8	100000.0
tauD_c9	650000.0
tauD_d0	-0.0
tauD_dN	1000000.0
tauS_c1	0.0
tauS_c2	807725.0
tauS_c3	830249.0
tauS_c4	0.0
tauS_c5	0.0
tauS_c6	831325.0
tauS_c7	0.0
tauS_c8	835399.0
tauS_c9	838374.0
tauS_d0	-0.0
tauS_dN	1000000.0
x_c1_c2	1.0
x_c2_c9	1.0
x_c3_c6	1.0
x_c4_dN	1.0
x_c5_dN	1.0
x_c6_dN	1.0
x_c7_c5	1.0
x_c8_c4	1.0
x_c9_dN	1.0
x_d0_c1	1.0
x_d0_c3	1.0
x_d0_c7	1.0
x_d0_c8	1.0
