
Gurobi 6.0.4 (win64) logging started 06/18/15 16:03:30

Read LP format model from file C:\MT\repository\VRPTWMS\instances\mip\freight\N9-C_DV10-C_SV50_F20_5_No_1.lp
Reading time = 0.01 seconds
(null): 514 rows, 242 columns, 2082 nonzeros
Optimize a model with 514 rows, 242 columns and 2082 nonzeros
Model has 729 quadratic constraints
Coefficient statistics:
  Matrix range    [1e+00, 1e+06]
  Objective range [2e+04, 1e+07]
  Bounds range    [1e+00, 1e+06]
  RHS range       [1e+00, 1e+06]
Presolve removed 71 rows and 28 columns
Presolve time: 0.04s
Presolved: 1579 rows, 782 columns, 8727 nonzeros
Variable types: 568 continuous, 214 integer (176 binary)
Found heuristic solution: objective 9.304200e+07

Root relaxation: objective 3.513734e+06, 165 iterations, 0.00 seconds

    Nodes    |    Current Node    |     Objective Bounds      |     Work
 Expl Unexpl |  Obj  Depth IntInf | Incumbent    BestBd   Gap | It/Node Time

     0     0 3513733.82    0   51 9.3042e+07 3513733.82  96.2%     -    0s
H    0     0                    6.256330e+07 3513733.82  94.4%     -    0s
H    0     0                    5.273410e+07 3513733.82  93.3%     -    0s
     0     0 1.1558e+07    0   51 5.2734e+07 1.1558e+07  78.1%     -    0s
H    0     0                    5.261490e+07 1.1558e+07  78.0%     -    0s
H    0     0                    4.210590e+07 1.1558e+07  72.6%     -    0s
     0     0 1.1739e+07    0   55 4.2106e+07 1.1739e+07  72.1%     -    0s
H    0     0                    4.196900e+07 1.1739e+07  72.0%     -    0s
     0     0 1.1824e+07    0   61 4.1969e+07 1.1824e+07  71.8%     -    0s
     0     0 1.1848e+07    0   40 4.1969e+07 1.1848e+07  71.8%     -    0s
     0     0 1.1928e+07    0   29 4.1969e+07 1.1928e+07  71.6%     -    0s
H    0     0                    4.189460e+07 1.1928e+07  71.5%     -    0s
     0     0 1.1935e+07    0   47 4.1895e+07 1.1935e+07  71.5%     -    0s
     0     0 1.1935e+07    0   49 4.1895e+07 1.1935e+07  71.5%     -    0s
     0     0 1.1935e+07    0   43 4.1895e+07 1.1935e+07  71.5%     -    0s
H    0     0                    4.186820e+07 1.1935e+07  71.5%     -    0s
     0     2 1.1935e+07    0   43 4.1868e+07 1.1935e+07  71.5%     -    0s

Cutting planes:
  Gomory: 5
  Cover: 28
  Implied bound: 37
  Clique: 12
  MIR: 12
  Flow cover: 30
  GUB cover: 24
  Zero half: 23

Explored 4731 nodes (69642 simplex iterations) in 4.26 seconds
Thread count was 2 (of 4 available processors)

Optimal solution found (tolerance 1.00e-04)
Best objective 4.186820000000e+07, best bound 4.186820000000e+07, gap 0.0%
k_c1	100000.0
k_c2	59998.0
k_c3	99999.0
k_c4	30001.0
k_c5	59998.0
k_c6	99999.0
k_c7	20001.0
k_c8	59998.0
k_c9	100000.0
k_dN	-0.0
o_1	-0.0
o_2	-0.0
o_3	-0.0
o_4	-0.0
o_5	-0.0
o_6	-0.0
o_7	-0.0
o_8	-0.0
o_9	-0.0
p_1	-0.0
p_2	-0.0
p_3	-0.0
p_4	-0.0
p_5	-0.0
p_6	-0.0
p_7	-0.0
p_8	-0.0
p_9	-0.0
phi_c1	190419.0
phi_c2	170073.0
phi_c3	192888.0
phi_c4	10725.0
phi_c5	181721.0
phi_c6	198500.0
phi_c7	8979.0
phi_c8	177286.0
phi_c9	183220.0
phi_d0	200000.0
phi_dN	-0.0
tauD_c1	747498.0
tauD_c2	582099.0
tauD_c3	61851.0
tauD_c4	650000.0
tauD_c5	849999.0
tauD_c6	600000.0
tauD_c7	400000.0
tauD_c8	243824.0
tauD_c9	400000.0
tauD_d0	-0.0
tauD_dN	1000000.0
tauS_c1	884200.0
tauS_c2	881200.0
tauS_c3	893425.0
tauS_c4	879925.0
tauS_c5	866850.0
tauS_c6	914400.0
tauS_c7	886450.0
tauS_c8	836000.0
tauS_c9	857300.0
tauS_d0	-0.0
tauS_dN	1000000.0
x_c1_c5	1.0
x_c2_c4	1.0
x_c3_c8	1.0
x_c4_dN	1.0
x_c5_dN	1.0
x_c6_dN	1.0
x_c7_dN	1.0
x_c8_c7	1.0
x_c9_c2	1.0
x_d0_c1	1.0
x_d0_c3	1.0
x_d0_c6	1.0
x_d0_c9	1.0
