
Gurobi 6.0.4 (win64) logging started 06/21/15 19:09:41

Read LP format model from file C:\MT\repository\VRPTWMS\instances\mip\fuel\N6-C_DV100-C_SV30_F6_12_No_1.lp
Reading time = 0.01 seconds
(null): 253 rows, 134 columns, 987 nonzeros
Optimize a model with 253 rows, 134 columns and 987 nonzeros
Model has 252 quadratic constraints
Coefficient statistics:
  Matrix range    [1e+00, 1e+06]
  Objective range [8e+04, 1e+07]
  Bounds range    [1e+00, 1e+06]
  RHS range       [1e+00, 1e+06]
Presolve removed 43 rows and 25 columns
Presolve time: 0.09s
Presolved: 564 rows, 296 columns, 2655 nonzeros
Variable types: 167 continuous, 129 integer (98 binary)
Found heuristic solution: objective 5.307660e+07

Root relaxation: objective 1.281959e+07, 57 iterations, 0.00 seconds

    Nodes    |    Current Node    |     Objective Bounds      |     Work
 Expl Unexpl |  Obj  Depth IntInf | Incumbent    BestBd   Gap | It/Node Time

     0     0 1.2820e+07    0   18 5.3077e+07 1.2820e+07  75.8%     -    0s
H    0     0                    3.237970e+07 1.2820e+07  60.4%     -    0s
     0     0 2.1813e+07    0    2 3.2380e+07 2.1813e+07  32.6%     -    0s
     0     0 2.1866e+07    0    5 3.2380e+07 2.1866e+07  32.5%     -    0s
     0     0 2.1920e+07    0    1 3.2380e+07 2.1920e+07  32.3%     -    0s
H    0     0                    3.203100e+07 2.1920e+07  31.6%     -    0s
     0     0 2.1938e+07    0    9 3.2031e+07 2.1938e+07  31.5%     -    0s
     0     0 2.1938e+07    0   10 3.2031e+07 2.1938e+07  31.5%     -    0s
     0     0 2.1938e+07    0    9 3.2031e+07 2.1938e+07  31.5%     -    0s
     0     0 2.1938e+07    0   31 3.2031e+07 2.1938e+07  31.5%     -    0s
     0     0 2.1938e+07    0   13 3.2031e+07 2.1938e+07  31.5%     -    0s
     0     0 2.1938e+07    0   11 3.2031e+07 2.1938e+07  31.5%     -    0s
     0     0 2.1938e+07    0    9 3.2031e+07 2.1938e+07  31.5%     -    0s
     0     0 2.1938e+07    0   11 3.2031e+07 2.1938e+07  31.5%     -    0s
     0     0 2.1938e+07    0    9 3.2031e+07 2.1938e+07  31.5%     -    0s
     0     2 2.1938e+07    0    9 3.2031e+07 2.1938e+07  31.5%     -    0s

Cutting planes:
  Learned: 2
  Gomory: 3
  Cover: 57
  Implied bound: 21
  Clique: 3
  MIR: 9
  GUB cover: 3
  Zero half: 1

Explored 1111 nodes (14736 simplex iterations) in 0.47 seconds
Thread count was 2 (of 4 available processors)

Optimal solution found (tolerance 1.00e-04)
Best objective 3.203100000000e+07, best bound 3.203100000000e+07, gap 0.0%
k_c1	990000.0
k_c2	30000.0
k_c3	1000000.0
k_c4	1000000.0
k_c5	959999.0
k_c6	1000000.0
k_dN	-0.0
o_1	-0.0
o_2	-0.0
o_3	-0.0
o_4	-0.0
o_5	-0.0
o_6	-0.0
p_1	-0.0
p_2	-0.0
p_3	-0.0
p_4	-0.0
p_5	-0.0
p_6	-0.0
phi_c1	37408.0
phi_c2	22753.0
phi_c3	42800.0
phi_c4	41906.0
phi_c5	28446.0
phi_c6	22753.0
phi_dN	-0.0
pi_c1	300000.0
pi_c2	300000.0
pi_c3	300000.0
pi_c4	300000.0
pi_c5	300000.0
pi_c6	300000.0
pi_dN	-0.0
tauD_c1	449999.0
tauD_c2	800000.0
tauD_c3	178275.0
tauD_c4	450000.0
tauD_c5	650000.0
tauD_c6	733075.0
tauD_d0	-0.0
tauD_dN	1000000.0
tauS_c1	851999.0
tauS_c2	814974.0
tauS_c3	833224.0
tauS_c4	832075.0
tauS_c5	793075.0
tauS_c6	420350.0
tauS_d0	-0.0
tauS_dN	1000000.0
x_c1_c2	1.0
x_c2_dN	1.0
x_c3_c1	1.0
x_c4_c5	1.0
x_c5_dN	1.0
x_c6_dN	1.0
x_d0_c3	1.0
x_d0_c4	1.0
x_d0_c6	1.0
