
Gurobi 6.0.4 (win64) logging started 06/21/15 19:09:45

Read LP format model from file C:\MT\repository\VRPTWMS\instances\mip\fuel\N6-C_DV100-C_SV30_F6_9_No_1.lp
Reading time = 0.00 seconds
(null): 253 rows, 134 columns, 987 nonzeros
Optimize a model with 253 rows, 134 columns and 987 nonzeros
Model has 252 quadratic constraints
Coefficient statistics:
  Matrix range    [1e+00, 1e+06]
  Objective range [3e+04, 1e+07]
  Bounds range    [1e+00, 1e+06]
  RHS range       [1e+00, 1e+06]
Presolve removed 29 rows and 15 columns
Presolve time: 0.12s
Presolved: 663 rows, 352 columns, 3062 nonzeros
Variable types: 206 continuous, 146 integer (113 binary)
Found heuristic solution: objective 6.247520e+07

Root relaxation: objective 7.115575e+06, 81 iterations, 0.01 seconds

    Nodes    |    Current Node    |     Objective Bounds      |     Work
 Expl Unexpl |  Obj  Depth IntInf | Incumbent    BestBd   Gap | It/Node Time

     0     0 7115574.99    0   27 6.2475e+07 7115574.99  88.6%     -    0s
H    0     0                    4.237820e+07 7115574.99  83.2%     -    0s
     0     0 1.1853e+07    0   17 4.2378e+07 1.1853e+07  72.0%     -    0s
     0     0 1.1875e+07    0   27 4.2378e+07 1.1875e+07  72.0%     -    0s
H    0     0                    3.222590e+07 1.1875e+07  63.2%     -    0s
     0     0 1.1924e+07    0   19 3.2226e+07 1.1924e+07  63.0%     -    0s
H    0     0                    3.199940e+07 1.1924e+07  62.7%     -    0s
     0     0 1.1931e+07    0   26 3.1999e+07 1.1931e+07  62.7%     -    0s
     0     0 1.1933e+07    0   22 3.1999e+07 1.1933e+07  62.7%     -    0s
H    0     0                    3.188910e+07 1.1933e+07  62.6%     -    0s
     0     0 1.1935e+07    0   24 3.1889e+07 1.1935e+07  62.6%     -    0s
     0     0 1.1935e+07    0   22 3.1889e+07 1.1935e+07  62.6%     -    0s
     0     0 1.1935e+07    0   22 3.1889e+07 1.1935e+07  62.6%     -    0s
     0     0 1.1935e+07    0   21 3.1889e+07 1.1935e+07  62.6%     -    0s
     0     0 1.1935e+07    0   21 3.1889e+07 1.1935e+07  62.6%     -    0s
     0     2 1.1935e+07    0   21 3.1889e+07 1.1935e+07  62.6%     -    0s
*   43    19              16    3.181490e+07 1.2256e+07  61.5%  15.7    0s
H  178    69                    3.179030e+07 1.2593e+07  60.4%  19.3    0s

Cutting planes:
  Cover: 119
  Implied bound: 110
  Clique: 8
  MIR: 39
  GUB cover: 3

Explored 2185 nodes (33927 simplex iterations) in 0.94 seconds
Thread count was 2 (of 4 available processors)

Optimal solution found (tolerance 1.00e-04)
Best objective 3.179030000000e+07, best bound 3.179030000000e+07, gap 0.0%
k_c1	140000.0
k_c2	50000.0
k_c3	40000.0
k_c4	80000.0
k_c5	90000.0
k_c6	130000.0
k_dN	-0.0
o_1	-0.0
o_2	0.0
o_3	0.0
o_4	0.0
o_5	0.0
o_6	0.0
p_1	-0.0
p_2	0.0
p_3	0.0
p_4	0.0
p_5	0.0
p_6	0.0
phi_c1	51002.0
phi_c2	15660.0
phi_c3	16937.0
phi_c4	27721.0
phi_c5	30438.0
phi_c6	27283.0
phi_dN	0.0
pi_c1	0.0
pi_c2	240000.0
pi_c3	240000.0
pi_c4	240000.0
pi_c5	0.0
pi_c6	0.0
pi_dN	-0.0
tauD_c1	120178.0
tauD_c2	669616.0
tauD_c3	735362.0
tauD_c4	400000.0
tauD_c5	435750.0
tauD_c6	272228.0
tauD_d0	-0.0
tauD_dN	1000000.0
tauS_c1	726349.0
tauS_c2	885275.0
tauS_c3	859800.0
tauS_c4	897650.0
tauS_c5	106875.0
tauS_c6	143875.0
tauS_d0	-0.0
tauS_dN	1000000.0
x_c1_c5	1.0
x_c2_dN	1.0
x_c3_dN	1.0
x_c4_c3	1.0
x_c5_c2	1.0
x_c6_dN	1.0
x_d0_c1	1.0
x_d0_c4	1.0
x_d0_c6	1.0
