
Gurobi 6.0.4 (win64) logging started 06/21/15 19:09:42

Read LP format model from file C:\MT\repository\VRPTWMS\instances\mip\fuel\N6-C_DV100-C_SV30_F6_14_No_1.lp
Reading time = 0.01 seconds
(null): 253 rows, 134 columns, 987 nonzeros
Optimize a model with 253 rows, 134 columns and 987 nonzeros
Model has 252 quadratic constraints
Coefficient statistics:
  Matrix range    [1e+00, 1e+06]
  Objective range [4e+04, 1e+07]
  Bounds range    [1e+00, 1e+06]
  RHS range       [1e+00, 1e+06]
Presolve removed 32 rows and 16 columns
Presolve time: 0.10s
Presolved: 643 rows, 342 columns, 3013 nonzeros
Variable types: 198 continuous, 144 integer (111 binary)
Found heuristic solution: objective 6.232880e+07

Root relaxation: objective 1.152853e+07, 56 iterations, 0.00 seconds

    Nodes    |    Current Node    |     Objective Bounds      |     Work
 Expl Unexpl |  Obj  Depth IntInf | Incumbent    BestBd   Gap | It/Node Time

     0     0 1.1529e+07    0   17 6.2329e+07 1.1529e+07  81.5%     -    0s
H    0     0                    4.232310e+07 1.1529e+07  72.8%     -    0s
     0     0 1.1689e+07    0   28 4.2323e+07 1.1689e+07  72.4%     -    0s
H    0     0                    3.197540e+07 1.1689e+07  63.4%     -    0s
     0     0 1.1725e+07    0   15 3.1975e+07 1.1725e+07  63.3%     -    0s
     0     0 1.1757e+07    0   22 3.1975e+07 1.1757e+07  63.2%     -    0s
     0     0 1.1766e+07    0    8 3.1975e+07 1.1766e+07  63.2%     -    0s
H    0     0                    2.166150e+07 1.1766e+07  45.7%     -    0s
     0     0 1.1772e+07    0   20 2.1662e+07 1.1772e+07  45.7%     -    0s
     0     0 1.1772e+07    0   21 2.1662e+07 1.1772e+07  45.7%     -    0s
     0     0 1.1772e+07    0   20 2.1662e+07 1.1772e+07  45.7%     -    0s
     0     0 1.1772e+07    0   20 2.1662e+07 1.1772e+07  45.7%     -    0s
     0     2 1.1772e+07    0   20 2.1662e+07 1.1772e+07  45.7%     -    0s
*   20     1               7    2.161500e+07 1.2007e+07  44.5%  14.4    0s

Cutting planes:
  Learned: 1
  Cover: 27
  Implied bound: 23
  Clique: 8
  MIR: 16
  GUB cover: 2

Explored 86 nodes (1738 simplex iterations) in 0.21 seconds
Thread count was 2 (of 4 available processors)

Optimal solution found (tolerance 1.00e-04)
Best objective 2.161500000000e+07, best bound 2.161500000000e+07, gap 0.0%
k_c1	1000000.0
k_c2	940000.0
k_c3	1000000.0
k_c4	900000.0
k_c5	70000.0
k_c6	30000.0
k_dN	-0.0
o_1	-0.0
o_2	-0.0
o_3	0.0
o_4	-0.0
o_5	-0.0
o_6	-0.0
p_1	0.0
p_2	0.0
p_3	0.0
p_4	0.0
p_5	0.0
p_6	0.0
phi_c1	45389.0
phi_c2	25442.0
phi_c3	49295.999999999985
phi_c4	12062.0
phi_c5	17608.0
phi_c6	2756.0
phi_dN	-0.0
pi_c1	-0.0
pi_c2	-0.0
pi_c3	-0.0
pi_c4	-0.0
pi_c5	-0.0
pi_c6	-0.0
pi_dN	-0.0
tauD_c1	54600.0
tauD_c2	645400.0000000001
tauD_c3	450000.0
tauD_c4	785400.0
tauD_c5	650000.0
tauD_c6	800000.0
tauD_d0	-0.0
tauD_dN	1000000.0
tauS_c1	-0.0
tauS_c2	21800.0
tauS_c3	-0.0
tauS_c4	-0.0
tauS_c5	-0.0
tauS_c6	-0.0
tauS_d0	-0.0
tauS_dN	1000000.0
x_c1_c5	1.0
x_c2_c4	1.0
x_c3_c2	1.0
x_c4_dN	1.0
x_c5_c6	1.0
x_c6_dN	1.0
x_d0_c1	1.0
x_d0_c3	1.0
