
Gurobi 6.0.2 (win64) logging started 06/02/15 11:36:35

Read LP format model from file C:\MT\repository\VRPTWMS\instances\mip\toCalculate\DK_Instance1_h875_No_1.lp
Reading time = 0.02 seconds
(null): 521 rows, 287 columns, 2243 nonzeros
Optimize a model with 521 rows, 287 columns and 2243 nonzeros
Model has 1100 quadratic constraints
WARNING: Only barrier available for SOCP models
Coefficient statistics:
  Matrix range    [1e+00, 2e+02]
  Objective range [9e-01, 1e+02]
  Bounds range    [1e+00, 1e+02]
  RHS range       [1e+00, 2e+02]
Presolve removed 44 rows and 49 columns
Presolve time: 0.08s
Presolved: 2374 rows, 1201 columns, 11528 nonzeros
Variable types: 891 continuous, 310 integer (267 binary)
Found heuristic solution: objective 1075.6400000
Optimize a model with 2374 rows, 1201 columns and 11528 nonzeros
Coefficient statistics:
  Matrix range    [1e+00, 2e+02]
  Objective range [9e-01, 1e+02]
  Bounds range    [2e-01, 1e+02]
  RHS range       [1e+00, 1e+02]

Concurrent LP optimizer: dual simplex and barrier
Showing barrier log only...

Presolve removed 180 rows and 110 columns
Presolved: 2194 rows, 1091 columns, 10723 nonzeros

Root barrier log...

Ordering time: 0.01s

Barrier performed 0 iterations in 0.11 seconds
Barrier solve interrupted - model solved by another algorithm


Solved with dual simplex
Solved in 100 iterations and 0.11 seconds
Optimal objective  2.935518948e+01

Root relaxation: objective 2.935519e+01, 100 iterations, 0.02 seconds

    Nodes    |    Current Node    |     Objective Bounds      |     Work
 Expl Unexpl |  Obj  Depth IntInf | Incumbent    BestBd   Gap | It/Node Time

     0     0   29.35519    0   38 1075.64000   29.35519  97.3%     -    0s
H    0     0                     973.7200000   29.35519  97.0%     -    0s
     0     0  130.14593    0   47  973.72000  130.14593  86.6%     -    0s
H    0     0                     867.1300000  130.14593  85.0%     -    0s
     0     0  131.77817    0   49  867.13000  131.77817  84.8%     -    0s
H    0     0                     765.7700000  131.77817  82.8%     -    0s
     0     0  132.04538    0   41  765.77000  132.04538  82.8%     -    0s
H    0     0                     661.1800000  132.04538  80.0%     -    0s
     0     0  132.07500    0   43  661.18000  132.07500  80.0%     -    0s
     0     0  132.07500    0   31  661.18000  132.07500  80.0%     -    0s
     0     0  132.07500    0   44  661.18000  132.07500  80.0%     -    0s
H    0     0                     658.1900000  132.07500  79.9%     -    0s
     0     0  132.07500    0   41  658.19000  132.07500  79.9%     -    0s
     0     0  132.07500    0   35  658.19000  132.07500  79.9%     -    0s
     0     0  132.07500    0   40  658.19000  132.07500  79.9%     -    0s
     0     0  132.07500    0   34  658.19000  132.07500  79.9%     -    0s
     0     0  132.07500    0   35  658.19000  132.07500  79.9%     -    0s
     0     0  132.07500    0   34  658.19000  132.07500  79.9%     -    0s
     0     2  132.07500    0   34  658.19000  132.07500  79.9%     -    0s
H   86    60                     657.3600000  133.38658  79.7%  22.6    0s
H  396   232                     653.8400000  135.63819  79.3%  24.4    1s
H  489   243                     559.1000000  136.19536  75.6%  24.1    1s
H  605   311                     558.2500000  136.90031  75.5%  24.3    1s
H  662   341                     554.4600000  137.08500  75.3%  23.9    1s
   762   410  411.00500   14   91  554.46000  138.10931  75.1%  23.0    5s
   794   432  238.61118    4   90  554.46000  163.99642  70.4%  22.0   10s
   983   509  241.31183   44   49  554.46000  225.83517  59.3%  46.4   15s
  2431   726  451.15907   47   32  554.46000  254.18934  54.2%  50.0   20s
  3287   969  508.89226   40   32  554.46000  290.63626  47.6%  51.5   25s
* 3327   967              40     554.1600000  292.59000  47.2%  51.5   25s
H 3335   767                     452.6100000  292.59000  35.4%  51.5   25s
  4577   839  397.25587   38   44  452.61000  341.63636  24.5%  51.5   30s
  5755   765     cutoff   37       452.61000  345.15495  23.7%  52.6   35s
  7059   427  449.46013   37   32  452.61000  365.38109  19.3%  54.4   40s

Cutting planes:
  Learned: 8
  Cover: 260
  Implied bound: 288
  Clique: 14
  MIR: 9
  Flow cover: 115
  GUB cover: 11
  Zero half: 31

Explored 7940 nodes (418712 simplex iterations) in 42.45 seconds
Thread count was 2 (of 4 available processors)

Optimal solution found (tolerance 1.00e-04)
Best objective 4.526100000000e+02, best bound 4.526100000000e+02, gap 0.0%
k_c1	20.0
k_c10	16.999999999999996
k_c2	3.0
k_c3	14.0
k_c4	7.0
k_c5	2.0
k_c6	7.999999999999988
k_c7	20.0
k_c8	15.0
k_c9	3.0
k_dN	-0.0
o_1	-0.0
o_10	-0.0
o_2	-0.0
o_3	-0.0
o_4	-0.0
o_5	0.0
o_6	-0.0
o_7	0.0
o_8	-0.0
o_9	-0.0
p_1	1.0
p_10	0.0
p_2	1.0
p_3	1.0
p_4	0.0
p_5	0.0
p_6	0.0
p_7	-0.0
p_8	0.0
p_9	0.0
phi_c1	83.0
phi_c10	61.0
phi_c2	0.0
phi_c3	-0.0
phi_c4	63.0
phi_c5	80.0
phi_c6	43.0
phi_c7	78.0
phi_c8	52.0
phi_c9	21.0
phi_dN	-0.0
tauD_c1	10.0
tauD_c10	49.0
tauD_c2	42.0000000000002
tauD_c3	71.0
tauD_c4	25.0
tauD_c5	69.0
tauD_c6	63.99999999999995
tauD_c7	24.99999999999963
tauD_c8	45.0
tauD_c9	83.0
tauD_d0	-0.0
tauD_dN	100.0
tauS_c1	13.0
tauS_c10	67.00000000000003
tauS_c2	44.0
tauS_c3	65.0000000000002
tauS_c4	64.00000000000001
tauS_c5	31.0
tauS_c6	70.0
tauS_c7	14.0
tauS_c8	22.0
tauS_c9	62.00000000000002
tauS_d0	-0.0
tauS_dN	100.0
x_c10_c1	0.0
x_c10_c2	0.0
x_c10_c3	0.0
x_c10_c4	0.0
x_c10_c5	0.0
x_c10_c6	1.0
x_c10_c7	-0.0
x_c10_c8	-0.0
x_c10_c9	0.0
x_c10_dN	-0.0
x_c1_c10	1.0
x_c1_c2	-0.0
x_c1_c3	-0.0
x_c1_c4	0.0
x_c1_c5	-0.0
x_c1_c6	0.0
x_c1_c7	-0.0
x_c1_c8	-0.0
x_c1_c9	-0.0
x_c1_dN	-0.0
x_c2_c1	0.0
x_c2_c10	0.0
x_c2_c3	0.0
x_c2_c4	0.0
x_c2_c5	1.0
x_c2_c6	-0.0
x_c2_c7	0.0
x_c2_c8	-0.0
x_c2_c9	-0.0
x_c2_dN	-0.0
x_c3_c1	0.0
x_c3_c10	0.0
x_c3_c2	0.0
x_c3_c4	-0.0
x_c3_c5	-0.0
x_c3_c6	0.0
x_c3_c7	-0.0
x_c3_c8	-0.0
x_c3_c9	-0.0
x_c3_dN	1.0
x_c4_c1	0.0
x_c4_c10	0.0
x_c4_c2	1.0
x_c4_c3	-0.0
x_c4_c5	0.0
x_c4_c6	0.0
x_c4_c7	-0.0
x_c4_c8	0.0
x_c4_c9	-0.0
x_c4_dN	-0.0
x_c5_c1	0.0
x_c5_c10	0.0
x_c5_c2	0.0
x_c5_c3	-0.0
x_c5_c4	-0.0
x_c5_c6	0.0
x_c5_c7	-0.0
x_c5_c8	-0.0
x_c5_c9	-0.0
x_c5_dN	1.0
x_c6_c1	0.0
x_c6_c10	0.0
x_c6_c2	0.0
x_c6_c3	0.0
x_c6_c4	0.0
x_c6_c5	0.0
x_c6_c7	0.0
x_c6_c8	0.0
x_c6_c9	1.0
x_c6_dN	-0.0
x_c7_c1	-0.0
x_c7_c10	0.0
x_c7_c2	-0.0
x_c7_c3	-0.0
x_c7_c4	-0.0
x_c7_c5	0.0
x_c7_c6	-0.0
x_c7_c8	1.0
x_c7_c9	-0.0
x_c7_dN	0.0
x_c8_c1	0.0
x_c8_c10	0.0
x_c8_c2	-0.0
x_c8_c3	1.0
x_c8_c4	0.0
x_c8_c5	-0.0
x_c8_c6	0.0
x_c8_c7	-0.0
x_c8_c9	0.0
x_c8_dN	-0.0
x_c9_c1	0.0
x_c9_c10	0.0
x_c9_c2	0.0
x_c9_c3	0.0
x_c9_c4	0.0
x_c9_c5	0.0
x_c9_c6	0.0
x_c9_c7	-0.0
x_c9_c8	0.0
x_c9_dN	1.0
x_d0_c1	1.0
x_d0_c10	-0.0
x_d0_c2	-0.0
x_d0_c3	-0.0
x_d0_c4	1.0
x_d0_c5	-0.0
x_d0_c6	-0.0
x_d0_c7	1.0
x_d0_c8	0.0
x_d0_c9	-0.0
z_c10_c1	-0.0
z_c10_c2	-0.0
z_c10_c3	0.0
z_c10_c4	0.0
z_c10_c5	0.0
z_c10_c6	-0.0
z_c10_c7	-0.0
z_c10_c8	-0.0
z_c10_c9	-0.0
z_c10_dN	-0.0
z_c1_c10	-0.0
z_c1_c2	1.0
z_c1_c3	-0.0
z_c1_c4	-0.0
z_c1_c5	-0.0
z_c1_c6	-0.0
z_c1_c7	-0.0
z_c1_c8	-0.0
z_c1_c9	0.0
z_c1_dN	-0.0
z_c2_c1	-0.0
z_c2_c10	-0.0
z_c2_c3	1.0
z_c2_c4	-0.0
z_c2_c5	-0.0
z_c2_c6	-0.0
z_c2_c7	-0.0
z_c2_c8	-0.0
z_c2_c9	-0.0
z_c2_dN	-0.0
z_c3_c1	-0.0
z_c3_c10	0.0
z_c3_c2	-0.0
z_c3_c4	-0.0
z_c3_c5	-0.0
z_c3_c6	-0.0
z_c3_c7	-0.0
z_c3_c8	-0.0
z_c3_c9	-0.0
z_c3_dN	1.0
z_c4_c1	-0.0
z_c4_c10	0.0
z_c4_c2	0.0
z_c4_c3	-0.0
z_c4_c5	0.0
z_c4_c6	-0.0
z_c4_c7	-0.0
z_c4_c8	-0.0
z_c4_c9	-0.0
z_c4_dN	-0.0
z_c5_c1	-0.0
z_c5_c10	0.0
z_c5_c2	-0.0
z_c5_c3	0.0
z_c5_c4	-0.0
z_c5_c6	0.0
z_c5_c7	-0.0
z_c5_c8	-0.0
z_c5_c9	-0.0
z_c5_dN	-0.0
z_c6_c1	-0.0
z_c6_c10	-0.0
z_c6_c2	0.0
z_c6_c3	0.0
z_c6_c4	0.0
z_c6_c5	0.0
z_c6_c7	0.0
z_c6_c8	0.0
z_c6_c9	0.0
z_c6_dN	-0.0
z_c7_c1	0.0
z_c7_c10	-0.0
z_c7_c2	-0.0
z_c7_c3	-0.0
z_c7_c4	-0.0
z_c7_c5	-0.0
z_c7_c6	-0.0
z_c7_c8	0.0
z_c7_c9	-0.0
z_c7_dN	-0.0
z_c8_c1	-0.0
z_c8_c10	-0.0
z_c8_c2	0.0
z_c8_c3	-0.0
z_c8_c4	-0.0
z_c8_c5	-0.0
z_c8_c6	-0.0
z_c8_c7	-0.0
z_c8_c9	-0.0
z_c8_dN	-0.0
z_c9_c1	-0.0
z_c9_c10	0.0
z_c9_c2	-0.0
z_c9_c3	0.0
z_c9_c4	0.0
z_c9_c5	0.0
z_c9_c6	-0.0
z_c9_c7	-0.0
z_c9_c8	0.0
z_c9_dN	-0.0
z_d0_c1	1.0
z_d0_c10	0.0
z_d0_c2	-0.0
z_d0_c3	0.0
z_d0_c4	-0.0
z_d0_c5	-0.0
z_d0_c6	0.0
z_d0_c7	-0.0
z_d0_c8	-0.0
z_d0_c9	-0.0
z_d0_dN	0.0
