
Gurobi 6.0.2 (win64) logging started 06/02/15 11:37:17

Read LP format model from file C:\MT\repository\VRPTWMS\instances\mip\toCalculate\DK_Instance2_h1250_No_1.lp
Reading time = 0.02 seconds
(null): 521 rows, 287 columns, 2243 nonzeros
Optimize a model with 521 rows, 287 columns and 2243 nonzeros
Model has 1100 quadratic constraints
WARNING: Only barrier available for SOCP models
Coefficient statistics:
  Matrix range    [1e+00, 2e+02]
  Objective range [1e+00, 1e+02]
  Bounds range    [1e+00, 1e+02]
  RHS range       [1e+00, 2e+02]
Presolve removed 47 rows and 38 columns
Presolve time: 0.07s
Presolved: 2368 rows, 1225 columns, 11747 nonzeros
Variable types: 898 continuous, 327 integer (284 binary)
Optimize a model with 2368 rows, 1225 columns and 11747 nonzeros
Coefficient statistics:
  Matrix range    [1e+00, 2e+02]
  Objective range [1e+00, 1e+02]
  Bounds range    [5e-01, 1e+02]
  RHS range       [1e+00, 1e+02]

Concurrent LP optimizer: dual simplex and barrier
Showing barrier log only...

Presolve removed 186 rows and 121 columns
Presolved: 2182 rows, 1104 columns, 10904 nonzeros

Root barrier log...

Ordering time: 0.01s

Barrier performed 0 iterations in 0.11 seconds
Barrier solve interrupted - model solved by another algorithm


Solved with dual simplex
Solved in 108 iterations and 0.11 seconds
Optimal objective  2.761965276e+01

Root relaxation: objective 2.761965e+01, 108 iterations, 0.03 seconds

    Nodes    |    Current Node    |     Objective Bounds      |     Work
 Expl Unexpl |  Obj  Depth IntInf | Incumbent    BestBd   Gap | It/Node Time

     0     0   27.61965    0   51          -   27.61965      -     -    0s
     0     0   49.51704    0   68          -   49.51704      -     -    0s
     0     0   68.16700    0   62          -   68.16700      -     -    0s
     0     0   68.83000    0   46          -   68.83000      -     -    0s
     0     0   70.24412    0   64          -   70.24412      -     -    0s
     0     0   71.03649    0   64          -   71.03649      -     -    0s
     0     0   71.59856    0   56          -   71.59856      -     -    0s
     0     0   76.47045    0   65          -   76.47045      -     -    0s
H    0     0                     902.8700000   76.47045  91.5%     -    0s
     0     0   76.75636    0   67  902.87000   76.75636  91.5%     -    0s
     0     0   78.57384    0   79  902.87000   78.57384  91.3%     -    0s
     0     0   79.43829    0   83  902.87000   79.43829  91.2%     -    0s
     0     0   79.43829    0   83  902.87000   79.43829  91.2%     -    0s
     0     0   79.43829    0   79  902.87000   79.43829  91.2%     -    0s
     0     0   79.43829    0   79  902.87000   79.43829  91.2%     -    0s
     0     0   79.43829    0   79  902.87000   79.43829  91.2%     -    0s
     0     2   79.43829    0   69  902.87000   79.43829  91.2%     -    0s
H   83    63                     899.9700000   84.72000  90.6%  56.3    0s
H  194   140                     772.4500000   99.37174  87.1%  49.4    1s
H  232   158                     668.3100000  102.65000  84.6%  50.8    1s
   760   469  245.96012   10   94  668.31000  152.32420  77.2%  44.0    5s
  1056   585  254.87055   41   72  668.31000  191.34471  71.4%  67.0   10s
  1738   722  469.81518   52   83  668.31000  197.98602  70.4%  74.8   15s
  2586   957  364.81179   41   85  668.31000  217.36000  67.5%  75.9   20s
  3608  1417  408.41942   34   72  668.31000  232.12554  65.3%  78.3   25s
  4515  1859     cutoff   33       668.31000  239.60136  64.1%  79.5   31s
  5326  2283     cutoff   32       668.31000  241.69000  63.8%  79.0   35s
  6363  2691     cutoff   47       668.31000  244.76393  63.4%  79.0   40s
  7421  3170  367.41250   27   88  668.31000  247.27237  63.0%  78.2   45s
* 7769  3289              48     667.7600000  247.93805  62.9%  78.6   47s
  8422  3556  440.26355   44   92  667.76000  248.55577  62.8%  78.8   50s
H 8757  3676                     667.2600000  249.26953  62.6%  79.4   52s
  9254  3886  470.16522   51  101  667.26000  250.10945  62.5%  79.9   55s
H 9337  3929                     666.2600000  250.10945  62.5%  79.7   55s
H10113  4228                     666.2400000  251.64548  62.2%  80.2   59s
 10200  4240  471.31635   44   88  666.24000  252.31336  62.1%  80.3   60s
H11056  4547                     665.1500000  254.35112  61.8%  81.1   64s
 11212  4621     cutoff   42       665.15000  254.70465  61.7%  81.3   65s
 12191  4885  476.30678   31   69  665.15000  257.69829  61.3%  82.4   71s
 12850  5073  378.66713   39   63  665.15000  260.00835  60.9%  82.8   75s
 13990  5442 infeasible   26       665.15000  263.45307  60.4%  82.9   80s
 14645  5708  465.52362   46   79  665.15000  265.63507  60.1%  83.0   90s
 14657  5716  595.52745   36  125  665.15000  265.63507  60.1%  82.9   95s
 14665  5721  465.52362   46  127  665.15000  265.63507  60.1%  82.9  100s
 14674  5727  359.10651   25  193  665.15000  265.63507  60.1%  82.8  105s
 14682  5733  460.66950   28  173  665.15000  265.63507  60.1%  82.8  110s
 14691  5739  468.09536   34  201  665.15000  265.63507  60.1%  82.8  115s
 14699  5744  561.79031   30  147  665.15000  265.63507  60.1%  82.7  120s
 14707  5749  294.61000   29  180  665.15000  265.63507  60.1%  82.7  125s
 14715  5755  592.50498   27  186  665.15000  265.63507  60.1%  82.6  130s
 14724  5761  468.36532   48  202  665.15000  265.63507  60.1%  82.6  135s
 14733  5767  414.00877   47  182  665.15000  265.63507  60.1%  82.5  140s
 14741  5772  492.52060   49  186  665.15000  265.63507  60.1%  82.5  145s
 14752  5781  265.63507   25   85  665.15000  265.63507  60.1%  84.3  150s
 14853  5830  265.63507   31   89  665.15000  265.63507  60.1%  84.7  156s
H14951  5547                     571.6200000  265.63507  53.5%  85.1  158s
 15212  5559  461.89369   34   61  571.62000  265.63507  53.5%  85.3  160s
 16239  5754     cutoff   49       571.62000  265.63507  53.5%  85.6  165s
 17498  5929  265.63507   46   64  571.62000  265.63507  53.5%  86.0  171s
 18449  6000  570.27692   37   51  571.62000  265.63507  53.5%  85.9  176s
 19298  6032  265.63507   42   84  571.62000  265.63507  53.5%  86.4  180s
 20340  6115 infeasible   50       571.62000  265.63507  53.5%  86.5  185s
H21094  5800                     565.3200000  265.63507  53.0%  86.9  187s
 21883  5766 infeasible   38       565.32000  265.63507  53.0%  87.2  192s
 22346  5730 infeasible   49       565.32000  265.63507  53.0%  87.4  195s
 23441  5692  370.21897   43   76  565.32000  265.63507  53.0%  87.8  200s
 24490  5591  463.65699   53   40  565.32000  265.63507  53.0%  88.3  205s
 25583  5433  265.63507   44   74  565.32000  265.63507  53.0%  88.7  210s
 26547  5312     cutoff   46       565.32000  265.63507  53.0%  89.0  215s
 27566  5220  460.42650   42   37  565.32000  265.63507  53.0%  89.3  220s
 28950  5077 infeasible   43       565.32000  265.63507  53.0%  89.8  226s
 29936  5023  398.85403   43   86  565.32000  265.63507  53.0%  89.8  231s
 30912  5175     cutoff   45       565.32000  265.63507  53.0%  89.8  235s
 31990  5381  368.82770   49   85  565.32000  265.63507  53.0%  90.5  241s
 32851  5569     cutoff   64       565.32000  265.63507  53.0%  90.6  245s
 34035  5853  266.33023   45   82  565.32000  265.63507  53.0%  90.9  251s
 34477  5920     cutoff   47       565.32000  265.63507  53.0%  91.1  255s
 35791  6211  365.59905   58   82  565.32000  265.63507  53.0%  90.9  260s
 36947  6529  564.36130   41   20  565.32000  265.63507  53.0%  91.1  265s
 37991  6699  501.16741   49   57  565.32000  265.63507  53.0%  91.3  270s
 39122  6956  418.75471   44   75  565.32000  265.63507  53.0%  91.3  275s
 40074  7140  280.66840   59   83  565.32000  265.63507  53.0%  91.6  280s
 41308  7396     cutoff   44       565.32000  265.63507  53.0%  92.1  286s
 42239  7575  366.41891   49   69  565.32000  265.63507  53.0%  92.3  290s
 43543  7846  367.36377   48   59  565.32000  266.08096  52.9%  92.5  296s
 44502  7973  464.55891   60   49  565.32000  267.35895  52.7%  92.7  300s
 45409  8098 infeasible   47       565.32000  268.63021  52.5%  92.8  305s
 46479  8237  519.95998   44   63  565.32000  270.40347  52.2%  93.0  311s
 47459  8396  272.90733   45   95  565.32000  272.22077  51.8%  93.0  315s
 48459  8519  482.25086   57   98  565.32000  273.56403  51.6%  92.9  320s
 49700  8731     cutoff   65       565.32000  275.78092  51.2%  93.0  325s
 50985  8918  508.73097   72   59  565.32000  278.69353  50.7%  93.0  331s
 51896  9063  365.35586   47   86  565.32000  280.95463  50.3%  93.1  335s
 52950  9192     cutoff   44       565.32000  283.19359  49.9%  93.1  340s
 53989  9307 infeasible   42       565.32000  286.44460  49.3%  93.1  345s
 55012  9459 infeasible   49       565.32000  288.57096  49.0%  93.0  350s
 56208  9601 infeasible   51       565.32000  291.67141  48.4%  93.0  355s
 57444  9741  387.29580   49   86  565.32000  294.46017  47.9%  93.1  361s
 58390  9836  471.14623   42   60  565.32000  298.11792  47.3%  93.0  365s
 59509  9932  369.33009   40   75  565.32000  301.68784  46.6%  93.0  370s
 60638 10041  565.13459   43   40  565.32000  305.42819  46.0%  93.1  376s
 61672 10149     cutoff   61       565.32000  308.46121  45.4%  92.8  380s
 62850 10323  453.12938   68   94  565.32000  312.48537  44.7%  92.8  385s
H63954 10376                     564.5700000  318.99250  43.5%  92.7  389s
 64237 10386  372.74373   44   59  564.57000  320.34369  43.3%  92.7  391s
 65008 10449     cutoff   46       564.57000  326.02373  42.3%  92.7  395s
 65971 10477     cutoff   46       564.57000  336.18738  40.5%  92.7  401s
 66799 10586  464.27819   47   60  564.57000  345.88394  38.7%  92.6  406s
 67545 10667     cutoff   39       564.57000  348.42908  38.3%  92.6  411s
 68673 10907     cutoff   41       564.57000  350.31486  38.0%  92.2  415s
 70389 11248     cutoff   45       564.57000  351.68979  37.7%  91.7  420s
 71870 11488  371.69455   40   43  564.57000  352.64033  37.5%  91.4  425s
 73103 11578  353.71138   49   70  564.57000  353.66435  37.4%  91.4  431s
 74227 11784  402.23090   54   58  564.57000  354.35010  37.2%  91.2  435s
 75731 12051  461.12789   39   42  564.57000  354.86934  37.1%  90.8  440s
 76988 12243  466.04350   41   52  564.57000  355.28303  37.1%  90.7  445s
 78363 12416  421.95371   48   66  564.57000  355.82346  37.0%  90.6  450s
 79688 12582     cutoff   50       564.57000  356.34783  36.9%  90.4  455s
 80977 12742     cutoff   50       564.57000  356.82297  36.8%  90.2  460s
 82160 12831     cutoff   49       564.57000  357.33134  36.7%  90.2  465s
 83603 12932  498.48138   52   50  564.57000  357.89570  36.6%  90.0  470s
 84916 13052  359.73941   49   47  564.57000  358.27057  36.5%  89.9  475s
 85996 13104  396.41095   52   63  564.57000  358.67774  36.5%  89.8  480s
 87460 13172 infeasible   53       564.57000  359.20384  36.4%  89.7  485s
 88530 13212 infeasible   54       564.57000  359.59552  36.3%  89.7  490s
 89938 13264  385.89934   46   73  564.57000  360.09974  36.2%  89.5  495s
 91065 13321  465.42073   36   56  564.57000  360.51837  36.1%  89.4  500s
 92453 13361  469.77044   41   42  564.57000  360.97264  36.1%  89.4  505s
 93836 13416  370.01927   58   84  564.57000  361.51985  36.0%  89.4  510s
 95135 13450     cutoff   36       564.57000  361.94665  35.9%  89.4  516s
 96205 13466  399.98587   45   78  564.57000  362.33841  35.8%  89.4  520s
 97124 13421  470.14631   46   38  564.57000  362.69521  35.8%  89.4  525s
 98372 13390  522.86622   45   57  564.57000  363.14805  35.7%  89.4  530s
 99542 13376  489.00630   56   54  564.57000  363.62261  35.6%  89.4  535s
 100658 13330     cutoff   53       564.57000  364.06123  35.5%  89.5  540s
 101921 13317  492.04963   53   79  564.57000  364.51767  35.4%  89.5  545s
 102986 13221  564.52738   45   27  564.57000  364.92874  35.4%  89.5  550s
 104327 13188  370.62248   47   95  564.57000  365.55251  35.3%  89.6  555s
 105210 13224     cutoff   49       564.57000  365.82194  35.2%  89.6  560s
 106393 13230     cutoff   62       564.57000  366.26573  35.1%  89.7  566s
 106927 13181     cutoff   34       564.57000  366.46326  35.1%  89.7  570s
 108169 13100  497.54254   46   69  564.57000  366.99724  35.0%  89.7  575s
 109290 13034  431.00961   58  114  564.57000  367.50744  34.9%  89.7  580s
 110353 12941  369.03117   53   59  564.57000  368.10816  34.8%  89.7  585s
 111414 12908  384.69347   44   94  564.57000  368.64474  34.7%  89.8  590s
 112695 12802  369.37623   44   73  564.57000  369.37113  34.6%  89.8  595s
 113749 12712  415.74122   47   63  564.57000  369.92331  34.5%  89.8  600s
 114849 12643  465.94937   44   39  564.57000  370.42491  34.4%  89.8  605s
 115974 12599  371.50506   43   83  564.57000  371.07871  34.3%  89.8  610s
 117092 12497  434.56572   53   79  564.57000  371.67295  34.2%  89.8  615s
 118137 12399  485.80338   42   81  564.57000  372.37585  34.0%  89.8  620s
 119582 12285  463.15077   44   77  564.57000  373.56763  33.8%  89.8  625s
 120554 12165     cutoff   41       564.57000  374.32075  33.7%  89.8  630s
 121777 12035  474.89832   45   67  564.57000  375.46792  33.5%  89.8  635s
 122654 11898  562.47144   55   63  564.57000  376.53080  33.3%  89.8  640s
 123902 11756 infeasible   52       564.57000  377.59279  33.1%  89.8  645s
 125122 11670     cutoff   45       564.57000  378.93044  32.9%  89.7  650s
 126431 11546  380.03622   40   73  564.57000  379.95358  32.7%  89.7  655s
 127634 11411  386.42986   51   44  564.57000  381.09063  32.5%  89.6  660s
 128797 11275     cutoff   37       564.57000  382.48136  32.3%  89.6  665s
 130085 11080  467.98161   40   73  564.57000  384.19589  31.9%  89.6  670s
 131117 10983  385.65891   52   67  564.57000  385.61825  31.7%  89.5  675s
 132642 10874     cutoff   46       564.57000  387.71403  31.3%  89.4  680s
 133904 10760  476.81602   39   55  564.57000  389.39529  31.0%  89.3  685s
 135211 10553  563.11972   35   28  564.57000  391.88661  30.6%  89.2  690s
 136189 10442  464.27790   41   62  564.57000  393.66155  30.3%  89.1  695s
 137558 10281     cutoff   53       564.57000  396.19507  29.8%  89.0  700s
 139018 10093     cutoff   43       564.57000  399.31954  29.3%  88.9  705s
 140095  9955     cutoff   52       564.57000  401.84583  28.8%  88.8  710s
 141533  9679     cutoff   50       564.57000  405.77950  28.1%  88.6  715s
 142703  9467  470.29064   36   53  564.57000  409.29812  27.5%  88.6  720s
 144078  9242  478.30394   59   46  564.57000  413.62568  26.7%  88.4  725s
 145383  8999     cutoff   50       564.57000  418.38255  25.9%  88.3  730s
 146541  8816  467.04060   40   60  564.57000  423.29472  25.0%  88.2  735s
 147865  8581  471.98797   54   60  564.57000  430.89871  23.7%  88.0  740s
 149102  8334  482.88528   44   58  564.57000  442.54214  21.6%  87.9  745s
 150465  8408  476.57127   42   60  564.57000  451.83268  20.0%  87.7  750s
 152495  8395  457.87124   46   20  564.57000  454.74160  19.5%  87.3  755s
 154180  8326     cutoff   49       564.57000  455.86620  19.3%  87.0  760s
 155870  8221  461.66356   46   31  564.57000  456.73655  19.1%  86.7  765s
 157475  8114  513.88467   43   50  564.57000  457.49157  19.0%  86.4  770s
 159602  8066  459.14188   38   31  564.57000  458.15812  18.8%  86.0  775s
 161378  7902  481.95390   54   57  564.57000  458.78749  18.7%  85.7  780s
 163338  7697  510.16183   43   37  564.57000  459.33896  18.6%  85.4  785s
 164992  7521  459.78497   41   36  564.57000  459.78497  18.6%  85.1  790s
 166349  7384  467.55023   39   49  564.57000  460.11793  18.5%  84.9  795s
 167821  7211 infeasible   42       564.57000  460.49720  18.4%  84.7  800s
 169500  6979  470.38736   37   55  564.57000  460.88821  18.4%  84.4  805s
 171075  6735     cutoff   51       564.57000  461.29657  18.3%  84.3  810s
 172531  6460  509.55518   44   49  564.57000  461.68111  18.2%  84.1  815s
 174041  6225  497.40543   53   39  564.57000  462.14007  18.1%  83.9  820s
 175343  6011  462.48041   46   32  564.57000  462.48041  18.1%  83.8  825s
 176673  5653  464.37306   40   25  564.57000  462.88206  18.0%  83.7  830s
 178312  5223  486.70941   48   34  564.57000  463.40459  17.9%  83.5  835s
 179740  4798  464.29371   47   46  564.57000  464.02679  17.8%  83.5  840s
 181105  4285 infeasible   52       564.57000  464.90220  17.7%  83.4  845s
 182570  3702     cutoff   46       564.57000  466.29112  17.4%  83.3  850s
 183985  3070 infeasible   52       564.57000  468.62526  17.0%  83.2  855s
 185368  2439  472.55299   40   59  564.57000  472.17359  16.4%  83.1  860s
 186861  1723     cutoff   47       564.57000  480.83270  14.8%  82.9  865s
 188874   546     cutoff   57       564.57000  530.32294  6.07%  82.5  870s

Cutting planes:
  Gomory: 5
  Cover: 1
  Implied bound: 75
  Clique: 18
  MIR: 12
  Flow cover: 13
  GUB cover: 6
  Zero half: 46

Explored 189878 nodes (15602852 simplex iterations) in 871.59 seconds
Thread count was 2 (of 4 available processors)

Optimal solution found (tolerance 1.00e-04)
Best objective 5.645700000000e+02, best bound 5.645700000000e+02, gap 0.0%
k_c1	15.0
k_c10	9.0
k_c2	8.0
k_c3	3.0
k_c4	12.0
k_c5	15.0
k_c6	5.0
k_c7	13.0
k_c8	9.0
k_c9	15.0
k_dN	0.0
o_1	0.0
o_10	0.0
o_2	0.0
o_3	0.0
o_4	0.0
o_5	0.0
o_6	0.0
o_7	0.0
o_8	1.0
o_9	1.0
p_1	1.0
p_10	1.0
p_2	0.0
p_3	1.0
p_4	0.0
p_5	1.0
p_6	0.0
p_7	0.0
p_8	1.0
p_9	1.0
phi_c1	63.0
phi_c10	0.0
phi_c2	43.0
phi_c3	13.0
phi_c4	25.0
phi_c5	0.0
phi_c6	55.0
phi_c7	70.0
phi_c8	27.0
phi_c9	0.0
phi_dN	0.0
tauD_c1	15.0
tauD_c10	89.0
tauD_c2	87.0
tauD_c3	105.0
tauD_c4	73.0
tauD_c5	33.0
tauD_c6	93.0
tauD_c7	71.0
tauD_c8	65.0
tauD_c9	25.0
tauD_d0	0.0
tauD_dN	120.0
tauS_c1	15.0
tauS_c10	65.0
tauS_c2	98.0
tauS_c3	80.0
tauS_c4	69.0
tauS_c5	38.0
tauS_c6	93.0
tauS_c7	90.0
tauS_c8	46.0
tauS_c9	25.0
tauS_d0	0.0
tauS_dN	120.0
x_c10_c1	0.0
x_c10_c2	0.0
x_c10_c3	0.0
x_c10_c4	0.0
x_c10_c5	0.0
x_c10_c6	0.0
x_c10_c7	0.0
x_c10_c8	0.0
x_c10_c9	0.0
x_c10_dN	1.0
x_c1_c10	0.0
x_c1_c2	0.0
x_c1_c3	0.0
x_c1_c4	0.0
x_c1_c5	0.0
x_c1_c6	0.0
x_c1_c7	1.0
x_c1_c8	0.0
x_c1_c9	0.0
x_c1_dN	0.0
x_c2_c1	0.0
x_c2_c10	0.0
x_c2_c3	1.0
x_c2_c4	0.0
x_c2_c5	0.0
x_c2_c6	0.0
x_c2_c7	0.0
x_c2_c8	0.0
x_c2_c9	0.0
x_c2_dN	0.0
x_c3_c1	0.0
x_c3_c10	0.0
x_c3_c2	0.0
x_c3_c4	0.0
x_c3_c5	0.0
x_c3_c6	0.0
x_c3_c7	0.0
x_c3_c8	0.0
x_c3_c9	0.0
x_c3_dN	1.0
x_c4_c1	0.0
x_c4_c10	1.0
x_c4_c2	0.0
x_c4_c3	0.0
x_c4_c5	0.0
x_c4_c6	0.0
x_c4_c7	0.0
x_c4_c8	0.0
x_c4_c9	0.0
x_c4_dN	0.0
x_c5_c1	0.0
x_c5_c10	0.0
x_c5_c2	0.0
x_c5_c3	0.0
x_c5_c4	1.0
x_c5_c6	0.0
x_c5_c7	0.0
x_c5_c8	0.0
x_c5_c9	0.0
x_c5_dN	0.0
x_c6_c1	0.0
x_c6_c10	0.0
x_c6_c2	0.0
x_c6_c3	0.0
x_c6_c4	0.0
x_c6_c5	0.0
x_c6_c7	0.0
x_c6_c8	0.0
x_c6_c9	0.0
x_c6_dN	1.0
x_c7_c1	0.0
x_c7_c10	0.0
x_c7_c2	1.0
x_c7_c3	0.0
x_c7_c4	0.0
x_c7_c5	0.0
x_c7_c6	0.0
x_c7_c8	0.0
x_c7_c9	0.0
x_c7_dN	0.0
x_c8_c1	0.0
x_c8_c10	0.0
x_c8_c2	0.0
x_c8_c3	0.0
x_c8_c4	0.0
x_c8_c5	0.0
x_c8_c6	1.0
x_c8_c7	0.0
x_c8_c9	0.0
x_c8_dN	0.0
x_c9_c1	0.0
x_c9_c10	0.0
x_c9_c2	0.0
x_c9_c3	0.0
x_c9_c4	0.0
x_c9_c5	0.0
x_c9_c6	0.0
x_c9_c7	0.0
x_c9_c8	1.0
x_c9_dN	0.0
x_d0_c1	1.0
x_d0_c10	0.0
x_d0_c2	0.0
x_d0_c3	0.0
x_d0_c4	0.0
x_d0_c5	1.0
x_d0_c6	0.0
x_d0_c7	0.0
x_d0_c8	0.0
x_d0_c9	1.0
z_c10_c1	0.0
z_c10_c2	0.0
z_c10_c3	0.0
z_c10_c4	0.0
z_c10_c5	0.0
z_c10_c6	0.0
z_c10_c7	0.0
z_c10_c8	0.0
z_c10_c9	0.0
z_c10_dN	1.0
z_c1_c10	0.0
z_c1_c2	0.0
z_c1_c3	0.0
z_c1_c4	0.0
z_c1_c5	0.0
z_c1_c6	0.0
z_c1_c7	0.0
z_c1_c8	1.0
z_c1_c9	0.0
z_c1_dN	0.0
z_c2_c1	0.0
z_c2_c10	0.0
z_c2_c3	0.0
z_c2_c4	0.0
z_c2_c5	0.0
z_c2_c6	0.0
z_c2_c7	0.0
z_c2_c8	0.0
z_c2_c9	0.0
z_c2_dN	0.0
z_c3_c1	0.0
z_c3_c10	0.0
z_c3_c2	0.0
z_c3_c4	0.0
z_c3_c5	0.0
z_c3_c6	0.0
z_c3_c7	0.0
z_c3_c8	0.0
z_c3_c9	0.0
z_c3_dN	1.0
z_c4_c1	0.0
z_c4_c10	0.0
z_c4_c2	0.0
z_c4_c3	0.0
z_c4_c5	0.0
z_c4_c6	0.0
z_c4_c7	0.0
z_c4_c8	0.0
z_c4_c9	0.0
z_c4_dN	0.0
z_c5_c1	0.0
z_c5_c10	1.0
z_c5_c2	0.0
z_c5_c3	0.0
z_c5_c4	0.0
z_c5_c6	0.0
z_c5_c7	0.0
z_c5_c8	0.0
z_c5_c9	0.0
z_c5_dN	0.0
z_c6_c1	0.0
z_c6_c10	0.0
z_c6_c2	0.0
z_c6_c3	0.0
z_c6_c4	0.0
z_c6_c5	0.0
z_c6_c7	0.0
z_c6_c8	0.0
z_c6_c9	0.0
z_c6_dN	0.0
z_c7_c1	0.0
z_c7_c10	0.0
z_c7_c2	0.0
z_c7_c3	0.0
z_c7_c4	0.0
z_c7_c5	0.0
z_c7_c6	0.0
z_c7_c8	0.0
z_c7_c9	0.0
z_c7_dN	0.0
z_c8_c1	0.0
z_c8_c10	0.0
z_c8_c2	0.0
z_c8_c3	1.0
z_c8_c4	0.0
z_c8_c5	0.0
z_c8_c6	0.0
z_c8_c7	0.0
z_c8_c9	0.0
z_c8_dN	0.0
z_c9_c1	0.0
z_c9_c10	0.0
z_c9_c2	0.0
z_c9_c3	0.0
z_c9_c4	0.0
z_c9_c5	1.0
z_c9_c6	0.0
z_c9_c7	0.0
z_c9_c8	0.0
z_c9_dN	0.0
z_d0_c1	1.0
z_d0_c10	0.0
z_d0_c2	0.0
z_d0_c3	0.0
z_d0_c4	0.0
z_d0_c5	0.0
z_d0_c6	0.0
z_d0_c7	0.0
z_d0_c8	0.0
z_d0_c9	1.0
z_d0_dN	0.0
