
Gurobi 6.0.2 (win64) logging started 05/29/15 00:34:34

Read LP format model from file C:\MT\repository\VRPTWMS\instances\mip\toCalculate\i_Td8.0_Ts8.0_Cd20.0_Cs200.0_F5.0_b0.08_c100.0_6_No_1.lp
Reading time = 0.02 seconds
(null): 720 rows, 390 columns, 3204 nonzeros
Optimize a model with 720 rows, 390 columns and 3204 nonzeros
Model has 1872 quadratic constraints
WARNING: Only barrier available for SOCP models
Coefficient statistics:
  Matrix range    [7e-02, 2e+01]
  Objective range [2e+00, 1e+02]
  Bounds range    [1e+00, 2e+01]
  RHS range       [1e+00, 2e+01]
Presolve removed 102 rows and 45 columns
Presolve time: 0.10s
Presolved: 3518 rows, 1847 columns, 18033 nonzeros
Variable types: 1398 continuous, 449 integer (398 binary)
Found heuristic solution: objective 2571.3900000
Optimize a model with 3518 rows, 1847 columns and 18033 nonzeros
Coefficient statistics:
  Matrix range    [7e-02, 1e+02]
  Objective range [2e+00, 1e+02]
  Bounds range    [4e-01, 2e+01]
  RHS range       [8e-02, 1e+02]

Concurrent LP optimizer: dual simplex and barrier
Showing barrier log only...

Presolve removed 276 rows and 186 columns
Presolved: 3242 rows, 1661 columns, 16660 nonzeros

Root barrier log...

Ordering time: 0.01s

Barrier performed 0 iterations in 0.15 seconds
Barrier solve interrupted - model solved by another algorithm


Solved with dual simplex
Solved in 78 iterations and 0.15 seconds
Optimal objective  3.827036190e+02

Root relaxation: objective 3.827036e+02, 78 iterations, 0.03 seconds

    Nodes    |    Current Node    |     Objective Bounds      |     Work
 Expl Unexpl |  Obj  Depth IntInf | Incumbent    BestBd   Gap | It/Node Time

     0     0  382.70362    0   34 2571.39000  382.70362  85.1%     -    0s
H    0     0                    2419.0400000  382.70362  84.2%     -    0s
     0     0  398.56507    0   55 2419.04000  398.56507  83.5%     -    0s
     0     0  413.53715    0   40 2419.04000  413.53715  82.9%     -    0s
H    0     0                    2005.7200000  413.53715  79.4%     -    0s
     0     0  415.62647    0   55 2005.72000  415.62647  79.3%     -    0s
H    0     0                    1528.5400000  415.62647  72.8%     -    0s
     0     0  416.12541    0   40 1528.54000  416.12541  72.8%     -    0s
     0     0  416.56223    0   59 1528.54000  416.56223  72.7%     -    0s
     0     0  416.56223    0   60 1528.54000  416.56223  72.7%     -    0s
     0     0  416.56223    0   53 1528.54000  416.56223  72.7%     -    0s
     0     0  416.56223    0   53 1528.54000  416.56223  72.7%     -    0s
     0     0  416.56223    0   55 1528.54000  416.56223  72.7%     -    0s
     0     0  416.56223    0   56 1528.54000  416.56223  72.7%     -    0s
     0     0  416.56223    0   53 1528.54000  416.56223  72.7%     -    0s
     0     2  416.56223    0   52 1528.54000  416.56223  72.7%     -    0s
H   31    34                    1427.4600000  419.22472  70.6%  17.6    0s
H   66    59                    1235.2500000  419.22472  66.1%  18.3    0s
H  170   145                    1152.7600000  419.22472  63.6%  20.2    0s
H  220   160                     915.3300000  420.63778  54.0%  19.8    0s
H  294   218                     912.7100000  420.63778  53.9%  22.7    1s
H  311   219                     811.6700000  420.63778  48.2%  22.1    1s
H  505   362                     774.7200000  422.51805  45.5%  23.0    1s
*  547   356              35     754.9500000  422.51805  44.0%  23.3    1s
   757   460  611.64703   29   67  754.95000  425.73664  43.6%  22.4    5s
H  765   441                     752.5000000  426.69062  43.3%  22.2    6s
H  952   498                     752.4000000  428.24591  43.1%  33.2    9s
* 1195   577              68     745.8500000  429.93492  42.4%  36.4    9s
* 1198   556              70     744.9400000  429.93492  42.3%  36.3    9s
  1246   561  523.92640   48   48  744.94000  429.93492  42.3%  36.8   10s
H 1382   592                     741.8200000  432.53272  41.7%  37.8   10s
H 1436   575                     728.3500000  432.97317  40.6%  37.5   10s
H 1463   560                     718.7500000  433.52247  39.7%  37.6   10s
H 1993   812                     715.1500000  437.34033  38.8%  40.3   13s
  2012   825  646.67196   27   26  715.15000  437.34033  38.8%  40.6   15s
  3295  1629 infeasible   58       715.15000  441.38179  38.3%  44.7   20s
  4717  2407  488.28245   25   89  715.15000  444.89628  37.8%  49.8   25s
  5924  3001 infeasible   38       715.15000  448.65912  37.3%  53.3   30s
H 6230  3171                     709.2900000  449.41433  36.6%  53.5   31s
  7219  3660  525.30135   49   66  709.29000  451.98467  36.3%  55.1   35s
  8473  4263  622.17050   53   38  709.29000  453.67739  36.0%  57.0   41s
* 8637  4304              36     707.9700000  453.77222  35.9%  56.9   42s
  9122  4535  462.36100   29   42  707.97000  455.01680  35.7%  57.2   45s
 10452  5075  517.75470   46   56  707.97000  456.91942  35.5%  57.9   50s
*10578  5124              36     707.5000000  456.95003  35.4%  58.2   50s
*10582  5121              38     704.7200000  456.95003  35.2%  58.2   50s
 11719  5649  687.26130   36   61  704.72000  458.50298  34.9%  59.5   55s
 13017  6229  696.99171   52   30  704.72000  459.96401  34.7%  60.0   60s
H14194  6639                     703.7400000  461.26929  34.5%  61.2   64s
 14314  6715  579.27584   39   27  703.74000  461.54834  34.4%  61.3   65s
 14558  6811  579.94552   47   53  703.74000  461.80127  34.4%  61.3   72s
 14567  6817  507.26665   34   64  703.74000  461.80127  34.4%  61.3   75s
 14578  6824  579.94552   47   91  703.74000  461.80127  34.4%  61.2   80s
 14588  6831  644.80070   26   79  703.74000  461.80127  34.4%  61.2   85s
 14599  6838  500.41573   22   77  703.74000  461.80127  34.4%  61.1   90s
 14610  6846  530.31023   54   83  703.74000  461.80127  34.4%  61.1   95s
 14620  6852  616.16891   37   93  703.74000  461.80127  34.4%  61.0  100s
 14629  6858  512.06129   38   94  703.74000  461.80127  34.4%  61.0  105s
 14638  6864  579.94552   47   94  703.74000  461.80127  34.4%  61.0  110s
 14650  6874  461.80127   28   84  703.74000  461.80127  34.4%  61.7  115s
 14765  6936  619.76832   48   37  703.74000  461.80127  34.4%  61.7  120s
 15724  7217  473.04374   37   59  703.74000  461.80127  34.4%  61.4  126s
 16649  7406  499.12440   44   48  703.74000  461.80127  34.4%  61.3  130s
 18237  7762 infeasible  105       703.74000  461.80127  34.4%  61.0  135s
 19852  8169  589.24333   71   64  703.74000  461.80127  34.4%  60.7  141s
 20655  8385  490.68750   43   43  703.74000  461.80127  34.4%  60.8  145s
 21909  8695  563.69371   31   56  703.74000  461.80127  34.4%  60.7  151s
 23162  8979  646.94766   62   43  703.74000  461.80127  34.4%  60.8  156s
 24381  9129  636.72861   49   52  703.74000  461.80127  34.4%  61.3  160s
 25715  9417  581.91455   61   55  703.74000  461.80127  34.4%  61.2  166s
 26926  9701 infeasible   51       703.74000  461.80127  34.4%  61.2  170s
 28056  9994  572.69420   59   36  703.74000  461.80127  34.4%  60.8  175s
 29643 10297 infeasible   45       703.74000  461.80127  34.4%  60.9  180s
 31175 10626  608.49836   53   53  703.74000  461.80127  34.4%  60.8  185s
 33668 11244  494.42681   47   67  703.74000  461.80127  34.4%  60.1  191s
H34437 11014                     688.8200000  461.80127  33.0%  60.1  193s
H34614 10979                     670.4000000  461.80127  31.1%  60.1  194s
 34852 11062  626.17981   56   42  670.40000  461.80127  31.1%  60.1  196s
 35765 11462  476.32715   58   52  670.40000  461.80127  31.1%  60.3  200s
 37517 12227  509.76899   55   47  670.40000  461.80127  31.1%  60.2  206s
 38622 12669     cutoff   52       670.40000  462.45635  31.0%  60.3  210s
 40092 13201  638.49861   53   30  670.40000  463.12456  30.9%  60.6  215s
 41606 13795  524.34444   56   48  670.40000  463.87487  30.8%  60.6  220s
 43008 14431 infeasible   60       670.40000  464.61711  30.7%  60.9  225s
 44653 15123  644.92153   53   46  670.40000  465.25281  30.6%  60.7  230s
 46686 16069 infeasible   46       670.40000  466.07500  30.5%  60.1  235s
 48134 16602  572.56765   59   60  670.40000  466.74067  30.4%  60.1  240s
 49803 17174  596.52792   52   44  670.40000  467.44314  30.3%  60.2  245s
 51170 17651  529.54103   64   52  670.40000  468.19557  30.2%  60.3  250s
H52061 17920                     670.2100000  468.62916  30.1%  60.4  253s
H52179 17651                     655.6200000  468.63601  28.5%  60.4  253s
 52272 17653  535.98610   79   48  655.62000  468.72629  28.5%  60.5  255s
 53553 18069 infeasible   54       655.62000  469.39549  28.4%  60.5  260s
 55096 18578  496.86742   49   59  655.62000  470.19600  28.3%  60.6  265s
 56607 19098  635.98259   46   47  655.62000  470.92679  28.2%  60.7  270s
 58053 19570  511.34611   65   51  655.62000  471.42875  28.1%  60.9  275s
 59429 19974  623.26476   64   34  655.62000  472.05312  28.0%  61.1  280s
 60462 20281     cutoff   71       655.62000  472.49282  27.9%  61.2  285s
 62081 20715  647.21415   52   42  655.62000  473.28194  27.8%  61.5  290s
 63437 21102     cutoff   71       655.62000  473.82344  27.7%  61.7  295s
 64794 21423     cutoff   55       655.62000  474.33185  27.7%  61.9  300s
 66224 21833 infeasible   54       655.62000  475.03102  27.5%  62.0  305s
 67616 22179  502.35111   59   27  655.62000  475.68198  27.4%  62.1  310s
 69355 22641  633.14278   72   38  655.62000  476.48141  27.3%  62.1  315s
 70794 23074  640.80200   58   43  655.62000  476.99459  27.2%  62.1  320s
 72128 23393 infeasible   62       655.62000  477.56414  27.2%  62.2  325s
 73746 23887     cutoff   57       655.62000  478.17210  27.1%  62.3  330s
 75059 24319  533.74871   77   50  655.62000  478.66365  27.0%  62.4  335s
 76538 24717 infeasible   54       655.62000  479.22026  26.9%  62.6  340s
 78109 25082     cutoff   75       655.62000  479.99041  26.8%  62.7  345s
H79206 25393                     655.4300000  480.46498  26.7%  62.8  350s
 79905 25515  630.67174   50   43  655.43000  480.86922  26.6%  62.9  355s
 81141 25843  511.94370   55   29  655.43000  481.25762  26.6%  63.0  360s
 82424 26088     cutoff   72       655.43000  481.80328  26.5%  63.2  365s
 83943 26442  626.09859   52   46  655.43000  482.43377  26.4%  63.3  370s
 85047 26689 infeasible   52       655.43000  482.85359  26.3%  63.4  375s
 86532 27070  510.23924   54   53  655.43000  483.40560  26.2%  63.5  380s
 87790 27394 infeasible   59       655.43000  483.93923  26.2%  63.6  385s
 89229 27625  523.20955   64   45  655.43000  484.50046  26.1%  63.7  390s
 90768 27902  627.06409   59   51  655.43000  485.13381  26.0%  63.8  395s
 92246 28194  554.65553   53   69  655.43000  485.76343  25.9%  63.9  400s
 93494 28408  524.45797   49   51  655.43000  486.29747  25.8%  64.0  405s
 94984 28751     cutoff   45       655.43000  486.83651  25.7%  64.1  410s
 96413 29049  503.40400   50   52  655.43000  487.29995  25.7%  64.1  415s
 97885 29330  496.20551   37   55  655.43000  487.87000  25.6%  64.2  420s
 99295 29582  546.24851   39   82  655.43000  488.51685  25.5%  64.4  425s
 100772 29856 infeasible   55       655.43000  489.12325  25.4%  64.4  430s
 102202 30124 infeasible   54       655.43000  489.71510  25.3%  64.5  435s
 103638 30438  630.44389   59   40  655.43000  490.22564  25.2%  64.6  440s
 105044 30663  508.33237   53   49  655.43000  490.81307  25.1%  64.7  445s
 106519 31063     cutoff   71       655.43000  491.37281  25.0%  64.7  450s
 107961 31270     cutoff   43       655.43000  492.03816  24.9%  64.8  455s
 109312 31627 infeasible   59       655.43000  492.46912  24.9%  64.9  460s
 110462 31880  580.27541   48   45  655.43000  492.82544  24.8%  64.9  465s
 111415 32000     cutoff   48       655.43000  493.24818  24.7%  65.0  470s
 112801 32144     cutoff   49       655.43000  493.97737  24.6%  65.2  475s
 114222 32481  587.76917   71   57  655.43000  494.42867  24.6%  65.2  480s
 115482 32694 infeasible   64       655.43000  494.86447  24.5%  65.3  485s
 116742 32874  620.60937   75   69  655.43000  495.42121  24.4%  65.4  490s
 118233 33142     cutoff   46       655.43000  495.98855  24.3%  65.4  495s
 119773 33405 infeasible   51       655.43000  496.57818  24.2%  65.5  500s
 121269 33683  534.85342   39   56  655.43000  497.16712  24.1%  65.6  505s
 122623 33967  584.91170   56   62  655.43000  497.59311  24.1%  65.7  510s
 123868 34161  511.59612   57   72  655.43000  497.98542  24.0%  65.8  515s
 125309 34411     cutoff   44       655.43000  498.46649  23.9%  65.9  520s
 126904 34635  504.95527   54   45  655.43000  498.95286  23.9%  65.9  525s
 127688 34758     cutoff   66       655.43000  499.17349  23.8%  65.9  530s
 129346 35014     cutoff   71       655.43000  499.65913  23.8%  66.0  535s
 130864 35328  616.11593   57   47  655.43000  500.15915  23.7%  66.1  540s
 132276 35587  528.36918   53   25  655.43000  500.56006  23.6%  66.1  545s
 133831 35802  526.43456   62   61  655.43000  500.99577  23.6%  66.2  550s
 135414 36033  559.37814   64   61  655.43000  501.54045  23.5%  66.2  555s
 136884 36190 infeasible   76       655.43000  502.05160  23.4%  66.3  560s
 138188 36409     cutoff  101       655.43000  502.38836  23.3%  66.4  565s
 139704 36651 infeasible   56       655.43000  502.81397  23.3%  66.5  570s
 141120 36812 infeasible   55       655.43000  503.15302  23.2%  66.5  575s
 142470 36974     cutoff   49       655.43000  503.54500  23.2%  66.6  580s
 143933 37172  526.48806   40   71  655.43000  503.99330  23.1%  66.6  585s
 145232 37322  524.96814   67   61  655.43000  504.29277  23.1%  66.7  590s
 146782 37603 infeasible   49       655.43000  504.67518  23.0%  66.8  595s
 148250 37745  523.56748   50   49  655.43000  505.12843  22.9%  66.9  600s
 149465 37905  563.53307   59   55  655.43000  505.42840  22.9%  66.9  605s
 150937 38088     cutoff   44       655.43000  505.86598  22.8%  67.0  610s
 152143 38247  530.74529   74   48  655.43000  506.19094  22.8%  67.1  615s
 153376 38376     cutoff   61       655.43000  506.52643  22.7%  67.2  620s
 154678 38460  620.72368   71   48  655.43000  506.86555  22.7%  67.2  625s
 156010 38611  574.18469   66   56  655.43000  507.15910  22.6%  67.3  630s
 157355 38741  589.30135   91   51  655.43000  507.53851  22.6%  67.3  635s
 158592 38886     cutoff   63       655.43000  507.78928  22.5%  67.4  640s
 159880 39070  630.64441   72   49  655.43000  508.12375  22.5%  67.4  645s
 161171 39211     cutoff   54       655.43000  508.39223  22.4%  67.5  650s
 162461 39280     cutoff   50       655.43000  508.69151  22.4%  67.5  655s
 163652 39357  527.84028   57   43  655.43000  508.96651  22.3%  67.6  660s
 164934 39456     cutoff   61       655.43000  509.26739  22.3%  67.7  665s
 166164 39553     cutoff   72       655.43000  509.59634  22.3%  67.7  670s
 167498 39666 infeasible   50       655.43000  509.88967  22.2%  67.8  675s
 168823 39825  585.57960   59   51  655.43000  510.25332  22.1%  67.8  680s
 170164 39924     cutoff   43       655.43000  510.54375  22.1%  67.8  685s
 171506 40007 infeasible   47       655.43000  510.87701  22.1%  67.9  690s
 172957 40076  615.79061   76   11  655.43000  511.23087  22.0%  67.9  695s
 174127 40150     cutoff   45       655.43000  511.49996  22.0%  68.0  700s
 175346 40162     cutoff   47       655.43000  511.85647  21.9%  68.1  705s
 176554 40209  604.18726   67   62  655.43000  512.13594  21.9%  68.2  710s
 177809 40253  537.20946   74   70  655.43000  512.43102  21.8%  68.2  715s
 178861 40309     cutoff   50       655.43000  512.67096  21.8%  68.3  720s
 180301 40363  551.21928   55   73  655.43000  512.99377  21.7%  68.3  725s
 181556 40456  582.77601   53   86  655.43000  513.29562  21.7%  68.4  730s
 182632 40494  577.11386   71   77  655.43000  513.56025  21.6%  68.5  735s
 183836 40514  642.16203   69   30  655.43000  513.94549  21.6%  68.5  740s
 185294 40571  586.55036   51   59  655.43000  514.33255  21.5%  68.5  745s
 186255 40570  598.90233   64   80  655.43000  514.56711  21.5%  68.6  750s
 187425 40597  515.48264   56   42  655.43000  514.81712  21.5%  68.7  755s
 188502 40635  600.73957   61   67  655.43000  515.06036  21.4%  68.7  760s
 189676 40657     cutoff  102       655.43000  515.36456  21.4%  68.8  765s
 191117 40621  612.85277   74   49  655.43000  515.73161  21.3%  68.8  770s
 192272 40638  537.34397   57   52  655.43000  516.00838  21.3%  68.9  775s
 193554 40697     cutoff   48       655.43000  516.32901  21.2%  68.9  780s
 194716 40741     cutoff   66       655.43000  516.58349  21.2%  69.0  785s
 196059 40732  552.98140   62   64  655.43000  516.98244  21.1%  69.1  790s
 197322 40759  633.54577   41   37  655.43000  517.28446  21.1%  69.1  795s
 198602 40719  585.44051   57   60  655.43000  517.62945  21.0%  69.2  800s
 199752 40714 infeasible   53       655.43000  517.90997  21.0%  69.2  805s
 200754 40659  521.58633   69   57  655.43000  518.18770  20.9%  69.3  810s
 202177 40609  646.27489   80   36  655.43000  518.56048  20.9%  69.3  815s
 203481 40547  611.17928   58   82  655.43000  518.91810  20.8%  69.4  820s
 204323 40504  544.01195   56   62  655.43000  519.16057  20.8%  69.5  825s
 205667 40404  587.19002   55   61  655.43000  519.54135  20.7%  69.5  830s
 206995 40332  535.64236   61   64  655.43000  519.89651  20.7%  69.6  835s
 208071 40268 infeasible   55       655.43000  520.17765  20.6%  69.7  840s
 209472 40238  552.69565   67   47  655.43000  520.49235  20.6%  69.7  845s
 210791 40157     cutoff   61       655.43000  520.84618  20.5%  69.8  850s
 211961 40131 infeasible   70       655.43000  521.13093  20.5%  69.9  855s
 213182 40114  548.38482   63   66  655.43000  521.47012  20.4%  69.9  860s
 214361 40102  623.02624   53   75  655.43000  521.76718  20.4%  70.0  865s
 215696 40034  552.61273   72   69  655.43000  522.12295  20.3%  70.0  870s
 216809 40006  565.45676   51   40  655.43000  522.43746  20.3%  70.1  875s
 217992 39917  572.95183   58   51  655.43000  522.75058  20.2%  70.1  880s
 219234 39839     cutoff   80       655.43000  523.06488  20.2%  70.2  885s
 220577 39740  560.72876   62   39  655.43000  523.44421  20.1%  70.2  890s
 221382 39699  590.99091   70   44  655.43000  523.63678  20.1%  70.3  895s
 222569 39607  528.15709   56   28  655.43000  523.97499  20.1%  70.3  900s
 223835 39516  586.49888   60   60  655.43000  524.26476  20.0%  70.4  905s
 225043 39406     cutoff   60       655.43000  524.59358  20.0%  70.4  910s
 226378 39233  570.60637   63   64  655.43000  524.95933  19.9%  70.5  915s
 227636 39173  634.17026   57   56  655.43000  525.31823  19.9%  70.5  920s
 228909 39053     cutoff   84       655.43000  525.66559  19.8%  70.5  925s
 230098 38967     cutoff   52       655.43000  526.00280  19.7%  70.6  930s
 231324 38799     cutoff   83       655.43000  526.31473  19.7%  70.6  935s
 232369 38682     cutoff   59       655.43000  526.62188  19.7%  70.7  940s
 233706 38446     cutoff   73       655.43000  527.05395  19.6%  70.8  945s
 234739 38314     cutoff   55       655.43000  527.32105  19.5%  70.8  950s
 235959 38201     cutoff   51       655.43000  527.66638  19.5%  70.8  955s
 236898 38133  612.52877   58   64  655.43000  527.90015  19.5%  70.9  960s
 237964 37973  549.92292   77   47  655.43000  528.23873  19.4%  70.9  965s
 239296 37814     cutoff   72       655.43000  528.62845  19.3%  71.0  970s
 240520 37678     cutoff   58       655.43000  528.96237  19.3%  71.0  975s
 241696 37548  581.47555   56   59  655.43000  529.28700  19.2%  71.0  980s
 242854 37411     cutoff   63       655.43000  529.56825  19.2%  71.1  985s
 243939 37235  620.12174   59   47  655.43000  529.85941  19.2%  71.2  990s
 245235 37200 infeasible   54       655.43000  530.09964  19.1%  71.2  995s
 246394 37030     cutoff   58       655.43000  530.41846  19.1%  71.3 1000s
 247769 36775  554.95307   55   73  655.43000  530.84539  19.0%  71.3 1005s
 248906 36604  583.04575   46   57  655.43000  531.18321  19.0%  71.4 1010s
 250020 36454  618.56021   67   59  655.43000  531.52468  18.9%  71.4 1015s
 251134 36418     cutoff   60       655.43000  531.79355  18.9%  71.5 1021s
 251576 36331     cutoff   63       655.43000  531.87728  18.9%  71.5 1025s
 252804 36130  566.19881   58   53  655.43000  532.25467  18.8%  71.6 1030s
 254059 35916  614.75284   69   80  655.43000  532.66646  18.7%  71.6 1035s
 255199 35657  622.65775   69   49  655.43000  533.05790  18.7%  71.7 1040s
 256281 35399  645.87969   52   52  655.43000  533.45685  18.6%  71.7 1045s
 257477 35166  603.78234   50   60  655.43000  533.86480  18.5%  71.8 1050s
 258602 34943  634.97301   50   53  655.43000  534.25942  18.5%  71.8 1055s
 259746 34702     cutoff   54       655.43000  534.65996  18.4%  71.9 1060s
 260717 34572  549.49702   74   49  655.43000  534.95214  18.4%  71.9 1065s
 261661 34391  550.16879   62   42  655.43000  535.25150  18.3%  72.0 1070s
 262930 34141     cutoff   52       655.43000  535.72569  18.3%  72.0 1075s
 264113 33846  595.82554   62   64  655.43000  536.15218  18.2%  72.1 1080s
 265370 33987 infeasible   56       655.43000  536.26410  18.2%  72.1 1085s
 266522 34150  568.69499   65   42  655.43000  536.26410  18.2%  72.1 1090s
 267714 34252     cutoff   62       655.43000  536.31348  18.2%  72.2 1095s
 268863 34027     cutoff   58       655.43000  536.72341  18.1%  72.2 1100s
 269772 33887     cutoff   94       655.43000  537.01425  18.1%  72.3 1105s
 270996 33623  586.40054   63   58  655.43000  537.48418  18.0%  72.3 1110s
 272015 33336  601.63701   57   39  655.43000  537.85000  17.9%  72.4 1115s
 273229 33116  583.34446   64   33  655.43000  538.26986  17.9%  72.5 1120s
 274334 32883 infeasible   66       655.43000  538.59705  17.8%  72.5 1125s
 275424 32645  561.90705   56   63  655.43000  538.98600  17.8%  72.6 1130s
 276607 32421 infeasible   77       655.43000  539.38403  17.7%  72.6 1135s
 277464 32201     cutoff   83       655.43000  539.70134  17.7%  72.6 1140s
 278607 31913  546.72744   52   72  655.43000  540.17615  17.6%  72.7 1145s
 279687 31647  558.21560   55   53  655.43000  540.59562  17.5%  72.8 1150s
 280817 31349 infeasible   50       655.43000  541.08190  17.4%  72.8 1155s
 281947 31039  600.39155   65   44  655.43000  541.50786  17.4%  72.9 1160s
 282655 30829  616.43180   47   67  655.43000  541.84504  17.3%  72.9 1165s
 283913 30593  590.52529   79   58  655.43000  542.30156  17.3%  73.0 1170s
 285029 30305  624.63049   50   63  655.43000  542.77327  17.2%  73.0 1175s
 286177 30033  625.14486   66   59  655.43000  543.27597  17.1%  73.1 1180s
 287287 29734  650.87828   56   40  655.43000  543.79603  17.0%  73.1 1185s
 288445 29515     cutoff   56       655.43000  544.16329  17.0%  73.2 1190s
 289554 29209  596.75828   59   67  655.43000  544.65386  16.9%  73.2 1195s
 290754 28958  635.56774   59   55  655.43000  545.16258  16.8%  73.3 1200s
 291934 28598  552.40986   75   63  655.43000  545.79317  16.7%  73.3 1205s
 292998 28276     cutoff   49       655.43000  546.28542  16.7%  73.4 1210s
 293914 28062     cutoff   65       655.43000  546.65538  16.6%  73.4 1215s
 295022 27778     cutoff   55       655.43000  547.22038  16.5%  73.5 1220s
 296127 27409     cutoff   59       655.43000  547.73068  16.4%  73.5 1225s
 297122 27155     cutoff   84       655.43000  548.22959  16.4%  73.6 1230s
 297921 26845     cutoff   52       655.43000  548.69534  16.3%  73.6 1235s
 298842 26567     cutoff   43       655.43000  549.20084  16.2%  73.7 1240s
 299809 26307  561.75146   73   57  655.43000  549.71556  16.1%  73.7 1245s
 300765 26047  586.12772   48   54  655.43000  550.22193  16.1%  73.7 1250s
 301652 25762     cutoff   55       655.43000  550.75942  16.0%  73.8 1255s
 302609 25513     cutoff   73       655.43000  551.25912  15.9%  73.8 1260s
 303479 25172     cutoff   52       655.43000  551.86294  15.8%  73.9 1265s
 304404 24858  619.68992   73   52  655.43000  552.42642  15.7%  73.9 1270s
 305521 24513 infeasible   57       655.43000  553.08714  15.6%  74.0 1275s
 306612 24153  568.13184   50   57  655.43000  553.82167  15.5%  74.0 1280s
 307593 23779     cutoff   59       655.43000  554.57350  15.4%  74.1 1285s
 308667 23453  616.45096   50   71  655.43000  555.29061  15.3%  74.1 1290s
 309700 23110  628.50000   61   80  655.43000  556.07387  15.2%  74.2 1295s
 310781 22855  582.19252   42   52  655.43000  556.76789  15.1%  74.2 1300s
 311884 22584  557.64063   56   93  655.43000  557.42479  15.0%  74.2 1305s
 312618 22359     cutoff   56       655.43000  557.86043  14.9%  74.3 1310s
 313799 22035     cutoff   60       655.43000  558.53899  14.8%  74.3 1315s
 315056 22113 infeasible   78       655.43000  558.56603  14.8%  74.3 1320s
 316437 22028  635.43722   63   54  655.43000  558.59238  14.8%  74.2 1325s
 317697 22004  617.72386   76   26  655.43000  558.68647  14.8%  74.2 1330s
 318911 21671     cutoff   61       655.43000  559.36603  14.7%  74.2 1335s
 319899 21298  595.20708   56   75  655.43000  560.15112  14.5%  74.3 1340s
 320999 20909  572.15536   60   58  655.43000  561.23174  14.4%  74.3 1345s
 322200 20564     cutoff   79       655.43000  562.21647  14.2%  74.3 1350s
 323250 20319 infeasible   54       655.43000  563.07178  14.1%  74.4 1355s
 324257 20089     cutoff   67       655.43000  563.89840  14.0%  74.4 1360s
 325304 19786     cutoff   65       655.43000  564.85576  13.8%  74.4 1365s
 326626 19429 infeasible   85       655.43000  565.71924  13.7%  74.4 1370s
 327717 19120  634.14866   70   55  655.43000  566.66874  13.5%  74.4 1375s
 329178 18914  600.24785   48   24  655.43000  567.19914  13.5%  74.4 1380s
 330363 18724     cutoff   55       655.43000  567.68064  13.4%  74.4 1385s
 331377 18423  606.36777   74   74  655.43000  568.60923  13.2%  74.5 1390s
 332354 18124  611.78167   57   64  655.43000  569.63228  13.1%  74.5 1395s
 333364 17883  629.83414   87   37  655.43000  570.75991  12.9%  74.5 1400s
 334425 17637     cutoff   61       655.43000  571.96848  12.7%  74.6 1405s
 335314 17426     cutoff   55       655.43000  572.91442  12.6%  74.6 1410s
 336358 17125     cutoff   40       655.43000  574.25376  12.4%  74.6 1415s
 337550 16849 infeasible   49       655.43000  575.81515  12.1%  74.7 1420s
 338663 16559     cutoff   79       655.43000  577.28056  11.9%  74.7 1425s
 339887 16374  582.35766   51   33  655.43000  578.59809  11.7%  74.7 1430s
 340938 16181     cutoff   85       655.43000  579.82633  11.5%  74.7 1435s
 342026 15942  590.00130   47   37  655.43000  581.23228  11.3%  74.7 1440s
 343290 15726  622.14649   64   59  655.43000  582.63902  11.1%  74.7 1445s
 344426 15494 infeasible   58       655.43000  584.05879  10.9%  74.7 1450s
 345483 15256  622.61695   66   62  655.43000  585.55068  10.7%  74.7 1455s
 346615 15034     cutoff   63       655.43000  587.01956  10.4%  74.7 1460s
 347892 14810 infeasible   77       655.43000  588.62841  10.2%  74.7 1465s
 349015 14533 infeasible   51       655.43000  590.31908  9.93%  74.8 1470s
 349961 14386  610.95499   58   39  655.43000  591.47874  9.76%  74.7 1475s
 350980 14185  606.68554   54   33  655.43000  592.86106  9.55%  74.7 1480s
 352217 13899     cutoff   58       655.43000  594.49364  9.30%  74.7 1485s
 353599 13632  620.68610   50   37  655.43000  596.07064  9.06%  74.7 1490s
 354725 13389     cutoff   60       655.43000  597.48481  8.84%  74.7 1495s
 355889 13134 infeasible   75       655.43000  598.91601  8.62%  74.7 1500s
 357266 12825     cutoff   69       655.43000  600.57922  8.37%  74.7 1505s
 358392 12562     cutoff   52       655.43000  601.84668  8.18%  74.6 1510s
 359601 12247  603.39587   63   43  655.43000  603.19214  7.97%  74.6 1515s
 360922 11925 infeasible   44       655.43000  604.72620  7.74%  74.6 1520s
 362286 11525 infeasible   63       655.43000  606.43798  7.47%  74.6 1525s
 363577 11069     cutoff   93       655.43000  607.96479  7.24%  74.5 1530s
 364852 10639  616.97687   63   31  655.43000  609.40919  7.02%  74.5 1535s
 366133 10206  620.35531   57   32  655.43000  610.96778  6.78%  74.5 1540s
 367679  9752  624.34135   53   28  655.43000  612.56570  6.54%  74.4 1545s
 368920  9308  617.04752   52   25  655.43000  613.96647  6.33%  74.4 1550s
 370221  8738     cutoff   54       655.43000  615.51264  6.09%  74.3 1555s
 371831  8267 infeasible   71       655.43000  617.21964  5.83%  74.2 1560s
 373338  7846  620.38034   54   37  655.43000  618.84970  5.58%  74.1 1565s
 375019  7255  632.57667   58   24  655.43000  620.79218  5.28%  74.0 1570s
 376573  6692     cutoff   64       655.43000  622.57149  5.01%  74.0 1575s
 378286  6060     cutoff   69       655.43000  624.40871  4.73%  73.8 1580s
 380011  5363  640.71665   46   46  655.43000  626.29152  4.45%  73.7 1585s
 381818  4613     cutoff   54       655.43000  628.53000  4.10%  73.6 1590s
 383622  3713     cutoff   62       655.43000  631.37088  3.67%  73.5 1595s
 385559  2583 infeasible   59       655.43000  635.49951  3.04%  73.3 1600s
 387921   656 infeasible   66       655.43000  647.69334  1.18%  73.0 1605s

Cutting planes:
  Gomory: 5
  Cover: 1
  Implied bound: 25
  MIR: 4
  Flow cover: 18
  GUB cover: 4
  Zero half: 43

Explored 388651 nodes (28343716 simplex iterations) in 1605.72 seconds
Thread count was 2 (of 4 available processors)

Optimal solution found (tolerance 1.00e-04)
Best objective 6.554300000000e+02, best bound 6.554300000000e+02, gap 0.0%
k_c1	11.0
k_c10	20.0
k_c11	4.0
k_c12	2.0
k_c2	9.0
k_c3	4.0
k_c4	20.0
k_c5	18.0
k_c6	6.0
k_c7	5.0
k_c8	8.0
k_c9	15.0
k_dN	0.0
o_1	1.0
o_10	0.0
o_11	0.0
o_12	0.0
o_2	0.0
o_3	0.0
o_4	0.0
o_5	0.0
o_6	0.0
o_7	1.0
o_8	0.0
o_9	0.0
p_1	1.0
p_10	0.0
p_11	0.0
p_12	0.0
p_2	0.0
p_3	0.0
p_4	0.0
p_5	1.0
p_6	1.0
p_7	1.0
p_8	0.0
p_9	0.0
phi_c1	0.0
phi_c10	2.0
phi_c11	4.0
phi_c12	2.0
phi_c2	1.0
phi_c3	1.0
phi_c4	3.0
phi_c5	0.0
phi_c6	0.0
phi_c7	2.0
phi_c8	4.0
phi_c9	1.0
phi_dN	0.0
tauD_c1	5.0
tauD_c10	1.0
tauD_c11	5.0
tauD_c12	6.0
tauD_c2	2.0
tauD_c3	7.0
tauD_c4	1.0
tauD_c5	2.0
tauD_c6	3.0
tauD_c7	4.0
tauD_c8	6.0
tauD_c9	4.0
tauD_d0	0.0
tauD_dN	8.0
tauS_c1	5.0
tauS_c10	7.0
tauS_c11	7.0
tauS_c12	7.0
tauS_c2	7.0
tauS_c3	7.0
tauS_c4	5.0
tauS_c5	2.0
tauS_c6	3.0
tauS_c7	4.0
tauS_c8	7.0
tauS_c9	1.0
tauS_d0	0.0
tauS_dN	6.0
x_c10_c1	0.0
x_c10_c11	0.0
x_c10_c12	0.0
x_c10_c2	1.0
x_c10_c3	0.0
x_c10_c4	0.0
x_c10_c5	0.0
x_c10_c6	0.0
x_c10_c7	0.0
x_c10_c8	0.0
x_c10_c9	0.0
x_c10_dN	0.0
x_c11_c1	0.0
x_c11_c10	0.0
x_c11_c12	1.0
x_c11_c2	0.0
x_c11_c3	0.0
x_c11_c4	0.0
x_c11_c5	0.0
x_c11_c6	0.0
x_c11_c7	0.0
x_c11_c8	0.0
x_c11_c9	0.0
x_c11_dN	0.0
x_c12_c1	0.0
x_c12_c10	0.0
x_c12_c11	0.0
x_c12_c2	0.0
x_c12_c3	0.0
x_c12_c4	0.0
x_c12_c5	0.0
x_c12_c6	0.0
x_c12_c7	0.0
x_c12_c8	0.0
x_c12_c9	0.0
x_c12_dN	1.0
x_c1_c10	0.0
x_c1_c11	0.0
x_c1_c12	0.0
x_c1_c2	0.0
x_c1_c3	0.0
x_c1_c4	0.0
x_c1_c5	0.0
x_c1_c6	0.0
x_c1_c7	0.0
x_c1_c8	1.0
x_c1_c9	0.0
x_c1_dN	0.0
x_c2_c1	0.0
x_c2_c10	0.0
x_c2_c11	0.0
x_c2_c12	0.0
x_c2_c3	0.0
x_c2_c4	0.0
x_c2_c5	0.0
x_c2_c6	1.0
x_c2_c7	0.0
x_c2_c8	0.0
x_c2_c9	0.0
x_c2_dN	0.0
x_c3_c1	0.0
x_c3_c10	0.0
x_c3_c11	0.0
x_c3_c12	0.0
x_c3_c2	0.0
x_c3_c4	0.0
x_c3_c5	0.0
x_c3_c6	0.0
x_c3_c7	0.0
x_c3_c8	0.0
x_c3_c9	0.0
x_c3_dN	1.0
x_c4_c1	0.0
x_c4_c10	0.0
x_c4_c11	0.0
x_c4_c12	0.0
x_c4_c2	0.0
x_c4_c3	0.0
x_c4_c5	1.0
x_c4_c6	0.0
x_c4_c7	0.0
x_c4_c8	0.0
x_c4_c9	0.0
x_c4_dN	0.0
x_c5_c1	0.0
x_c5_c10	0.0
x_c5_c11	0.0
x_c5_c12	0.0
x_c5_c2	0.0
x_c5_c3	0.0
x_c5_c4	0.0
x_c5_c6	0.0
x_c5_c7	0.0
x_c5_c8	0.0
x_c5_c9	1.0
x_c5_dN	0.0
x_c6_c1	0.0
x_c6_c10	0.0
x_c6_c11	0.0
x_c6_c12	0.0
x_c6_c2	0.0
x_c6_c3	0.0
x_c6_c4	0.0
x_c6_c5	0.0
x_c6_c7	1.0
x_c6_c8	0.0
x_c6_c9	0.0
x_c6_dN	0.0
x_c7_c1	0.0
x_c7_c10	0.0
x_c7_c11	1.0
x_c7_c12	0.0
x_c7_c2	0.0
x_c7_c3	0.0
x_c7_c4	0.0
x_c7_c5	0.0
x_c7_c6	0.0
x_c7_c8	0.0
x_c7_c9	0.0
x_c7_dN	0.0
x_c8_c1	0.0
x_c8_c10	0.0
x_c8_c11	0.0
x_c8_c12	0.0
x_c8_c2	0.0
x_c8_c3	1.0
x_c8_c4	0.0
x_c8_c5	0.0
x_c8_c6	0.0
x_c8_c7	0.0
x_c8_c9	0.0
x_c8_dN	0.0
x_c9_c1	1.0
x_c9_c10	0.0
x_c9_c11	0.0
x_c9_c12	0.0
x_c9_c2	0.0
x_c9_c3	0.0
x_c9_c4	0.0
x_c9_c5	0.0
x_c9_c6	0.0
x_c9_c7	0.0
x_c9_c8	0.0
x_c9_dN	0.0
x_d0_c1	0.0
x_d0_c10	1.0
x_d0_c11	0.0
x_d0_c12	0.0
x_d0_c2	0.0
x_d0_c3	0.0
x_d0_c4	1.0
x_d0_c5	0.0
x_d0_c6	0.0
x_d0_c7	0.0
x_d0_c8	0.0
x_d0_c9	0.0
z_c10_c1	0.0
z_c10_c11	0.0
z_c10_c12	0.0
z_c10_c2	0.0
z_c10_c3	0.0
z_c10_c4	0.0
z_c10_c5	0.0
z_c10_c6	0.0
z_c10_c7	0.0
z_c10_c8	0.0
z_c10_c9	0.0
z_c10_dN	0.0
z_c11_c1	0.0
z_c11_c10	0.0
z_c11_c12	0.0
z_c11_c2	0.0
z_c11_c3	0.0
z_c11_c4	0.0
z_c11_c5	0.0
z_c11_c6	0.0
z_c11_c7	0.0
z_c11_c8	0.0
z_c11_c9	0.0
z_c11_dN	0.0
z_c12_c1	0.0
z_c12_c10	0.0
z_c12_c11	0.0
z_c12_c2	0.0
z_c12_c3	0.0
z_c12_c4	0.0
z_c12_c5	0.0
z_c12_c6	0.0
z_c12_c7	0.0
z_c12_c8	0.0
z_c12_c9	0.0
z_c12_dN	0.0
z_c1_c10	0.0
z_c1_c11	0.0
z_c1_c12	0.0
z_c1_c2	0.0
z_c1_c3	0.0
z_c1_c4	0.0
z_c1_c5	0.0
z_c1_c6	0.0
z_c1_c7	0.0
z_c1_c8	0.0
z_c1_c9	0.0
z_c1_dN	1.0
z_c2_c1	0.0
z_c2_c10	0.0
z_c2_c11	0.0
z_c2_c12	0.0
z_c2_c3	0.0
z_c2_c4	0.0
z_c2_c5	0.0
z_c2_c6	0.0
z_c2_c7	0.0
z_c2_c8	0.0
z_c2_c9	0.0
z_c2_dN	0.0
z_c3_c1	0.0
z_c3_c10	0.0
z_c3_c11	0.0
z_c3_c12	0.0
z_c3_c2	0.0
z_c3_c4	0.0
z_c3_c5	0.0
z_c3_c6	0.0
z_c3_c7	0.0
z_c3_c8	0.0
z_c3_c9	0.0
z_c3_dN	0.0
z_c4_c1	0.0
z_c4_c10	0.0
z_c4_c11	0.0
z_c4_c12	0.0
z_c4_c2	0.0
z_c4_c3	0.0
z_c4_c5	0.0
z_c4_c6	0.0
z_c4_c7	0.0
z_c4_c8	0.0
z_c4_c9	0.0
z_c4_dN	0.0
z_c5_c1	0.0
z_c5_c10	0.0
z_c5_c11	0.0
z_c5_c12	0.0
z_c5_c2	0.0
z_c5_c3	0.0
z_c5_c4	0.0
z_c5_c6	1.0
z_c5_c7	0.0
z_c5_c8	0.0
z_c5_c9	0.0
z_c5_dN	0.0
z_c6_c1	0.0
z_c6_c10	0.0
z_c6_c11	0.0
z_c6_c12	0.0
z_c6_c2	0.0
z_c6_c3	0.0
z_c6_c4	0.0
z_c6_c5	0.0
z_c6_c7	1.0
z_c6_c8	0.0
z_c6_c9	0.0
z_c6_dN	0.0
z_c7_c1	1.0
z_c7_c10	0.0
z_c7_c11	0.0
z_c7_c12	0.0
z_c7_c2	0.0
z_c7_c3	0.0
z_c7_c4	0.0
z_c7_c5	0.0
z_c7_c6	0.0
z_c7_c8	0.0
z_c7_c9	0.0
z_c7_dN	0.0
z_c8_c1	0.0
z_c8_c10	0.0
z_c8_c11	0.0
z_c8_c12	0.0
z_c8_c2	0.0
z_c8_c3	0.0
z_c8_c4	0.0
z_c8_c5	0.0
z_c8_c6	0.0
z_c8_c7	0.0
z_c8_c9	0.0
z_c8_dN	0.0
z_c9_c1	0.0
z_c9_c10	0.0
z_c9_c11	0.0
z_c9_c12	0.0
z_c9_c2	0.0
z_c9_c3	0.0
z_c9_c4	0.0
z_c9_c5	0.0
z_c9_c6	0.0
z_c9_c7	0.0
z_c9_c8	0.0
z_c9_dN	0.0
z_d0_c1	0.0
z_d0_c10	0.0
z_d0_c11	0.0
z_d0_c12	0.0
z_d0_c2	0.0
z_d0_c3	0.0
z_d0_c4	0.0
z_d0_c5	1.0
z_d0_c6	0.0
z_d0_c7	0.0
z_d0_c8	0.0
z_d0_c9	0.0
