
Gurobi 6.0.4 (win64) logging started 06/14/15 17:07:11

Read LP format model from file C:\MT\repository\VRPTWMS\instances\mip\freight\N7-C_DV10-C_SV50_F16_5_No_1.lp
Reading time = 0.01 seconds
(null): 281 rows, 177 columns, 1137 nonzeros
Optimize a model with 281 rows, 177 columns and 1137 nonzeros
Model has 448 quadratic constraints
WARNING: Only barrier available for SOCP models
Coefficient statistics:
  Matrix range    [1e+00, 1e+02]
  Objective range [7e+00, 1e+03]
  Bounds range    [1e+00, 1e+02]
  RHS range       [1e+00, 1e+02]
Presolve removed 31 rows and 10 columns
Presolve time: 0.04s
Presolved: 1335 rows, 734 columns, 6148 nonzeros
Variable types: 518 continuous, 216 integer (170 binary)
Found heuristic solution: objective 7302.9400000
Optimize a model with 1335 rows, 734 columns and 6148 nonzeros
Coefficient statistics:
  Matrix range    [1e+00, 1e+02]
  Objective range [7e+00, 1e+03]
  Bounds range    [2e-01, 1e+02]
  RHS range       [1e+00, 1e+02]

Concurrent LP optimizer: dual simplex and barrier
Showing barrier log only...

Presolve removed 79 rows and 39 columns
Presolved: 1256 rows, 695 columns, 5735 nonzeros

Root barrier log...

Ordering time: 0.01s

Barrier performed 0 iterations in 0.07 seconds
Barrier solve interrupted - model solved by another algorithm


Solved with dual simplex
Solved in 118 iterations and 0.08 seconds
Optimal objective  1.415954310e+02

Root relaxation: objective 1.415954e+02, 118 iterations, 0.02 seconds

    Nodes    |    Current Node    |     Objective Bounds      |     Work
 Expl Unexpl |  Obj  Depth IntInf | Incumbent    BestBd   Gap | It/Node Time

     0     0  141.59543    0   56 7302.94000  141.59543  98.1%     -    0s
H    0     0                    6279.0500000  141.59543  97.7%     -    0s
     0     0  163.20700    0   54 6279.05000  163.20700  97.4%     -    0s
H    0     0                    5291.7100000  163.20700  96.9%     -    0s
H    0     0                    5254.9600000  163.20700  96.9%     -    0s
     0     0  174.31136    0   69 5254.96000  174.31136  96.7%     -    0s
     0     0  213.82581    0   82 5254.96000  213.82581  95.9%     -    0s
H    0     0                    4368.3400000  213.82581  95.1%     -    0s
     0     0  250.30800    0   93 4368.34000  250.30800  94.3%     -    0s
     0     0  278.16931    0   79 4368.34000  278.16931  93.6%     -    0s
     0     0  284.49170    0   97 4368.34000  284.49170  93.5%     -    0s
     0     0  321.38786    0   75 4368.34000  321.38786  92.6%     -    0s
     0     0  323.61857    0   86 4368.34000  323.61857  92.6%     -    0s
     0     0  324.56714    0   85 4368.34000  324.56714  92.6%     -    0s
H    0     0                    4272.3800000  324.56714  92.4%     -    0s
     0     0  324.68000    0   91 4272.38000  324.68000  92.4%     -    0s
     0     0  324.88857    0   95 4272.38000  324.88857  92.4%     -    0s
     0     0  324.88857    0   95 4272.38000  324.88857  92.4%     -    0s
     0     2  324.88857    0   82 4272.38000  324.88857  92.4%     -    0s
H  445   231                    3319.3200000  562.22193  83.1%  43.4    0s
H  684   346                    3291.6700000 1190.03714  63.8%  42.2    1s
H  711   354                    3288.8000000 1194.92444  63.7%  42.1    1s
* 1286   450              29    3278.5800000 1224.85375  62.6%  52.7    2s
H 1447   426                    3256.3900000 1226.75866  62.3%  54.0    3s
  2183   520 1365.22634   19  113 3256.39000 1245.98761  61.7%  60.2    5s
  3983   940 1492.48116   23   91 3256.39000 1283.49962  60.6%  65.3   10s
  6288   987     cutoff   39      3256.39000 1328.29699  59.2%  69.8   15s
  8455   812 1543.30704   25   88 3256.39000 1430.25739  56.1%  71.9   20s
 10578   511 2325.59373   30   70 3256.39000 2200.07969  32.4%  71.3   25s
 13761   466 2286.46443   28   36 3256.39000 2286.46443  29.8%  68.2   30s

Cutting planes:
  Gomory: 3
  Cover: 18
  Implied bound: 38
  Clique: 4
  MIR: 34
  Flow cover: 7
  GUB cover: 16
  Zero half: 1
  Mod-K: 1

Explored 15185 nodes (1013924 simplex iterations) in 32.74 seconds
Thread count was 2 (of 4 available processors)

Optimal solution found (tolerance 1.00e-04)
Best objective 3.256390000000e+03, best bound 3.256390000000e+03, gap 0.0%
k_c1	10.0
k_c2	4.0
k_c3	10.0
k_c4	10.0
k_c5	0.0
k_c6	5.0
k_c7	6.0
k_dN	-0.0
kDash_c1	6.0
kDash_c2	-0.0
kDash_c3	5.0
kDash_c4	4.0
kDash_c5	4.0
kDash_c6	0.0
kDash_c7	1.0
o_1	0.0
o_2	-0.0
o_3	-0.0
o_4	-0.0
o_5	1.0
o_6	-0.0
o_7	-0.0
p_1	-0.0
p_2	0.0
p_3	-0.0
p_4	-0.0
p_5	1.0
p_6	-0.0
p_7	1.0
phi_c1	11.0
phi_c2	2.0
phi_c3	14.0
phi_c4	6.0
phi_c5	8.0
phi_c6	12.0
phi_c7	7.0
phi_d0	16.0
phi_dN	-0.0
pi_c1	11.0
pi_c2	11.0
pi_c3	15.0
pi_c4	15.0
pi_c5	10.0
pi_c6	16.0
pi_c7	19.0
pi_dN	-0.0
tauD_c1	25.0
tauD_c2	88.0
tauD_c3	8.0
tauD_c4	70.0
tauD_c5	57.0
tauD_c6	24.0
tauD_c7	40.0
tauD_d0	-0.0
tauD_dN	100.0
tauS_c1	76.0
tauS_c2	86.0
tauS_c3	25.0
tauS_c4	79.0
tauS_c5	53.0
tauS_c6	23.0
tauS_c7	17.0
tauS_d0	-0.0
tauS_dN	70.0
x_c1_c7	1.0
x_c2_dN	1.0
x_c3_c6	1.0
x_c4_c2	1.0
x_c5_dN	1.0
x_c6_c5	1.0
x_c7_c4	1.0
x_d0_c1	1.0
x_d0_c3	1.0
z_c5_dN	1.0
z_c7_c5	1.0
z_d0_c7	1.0
