
Gurobi 6.0.4 (win64) logging started 06/14/15 17:07:01

Read LP format model from file C:\MT\repository\VRPTWMS\instances\mip\freight\N7-C_DV10-C_SV50_F16_2_No_1.lp
Reading time = 0.01 seconds
(null): 281 rows, 177 columns, 1137 nonzeros
Optimize a model with 281 rows, 177 columns and 1137 nonzeros
Model has 448 quadratic constraints
WARNING: Only barrier available for SOCP models
Coefficient statistics:
  Matrix range    [1e+00, 1e+02]
  Objective range [7e+00, 1e+03]
  Bounds range    [1e+00, 1e+02]
  RHS range       [1e+00, 1e+02]
Presolve removed 52 rows and 26 columns
Presolve time: 0.04s
Presolved: 1200 rows, 661 columns, 5429 nonzeros
Variable types: 461 continuous, 200 integer (155 binary)
Found heuristic solution: objective 7287.4200000
Optimize a model with 1200 rows, 661 columns and 5429 nonzeros
Coefficient statistics:
  Matrix range    [1e+00, 1e+02]
  Objective range [7e+00, 1e+03]
  Bounds range    [1e+00, 1e+02]
  RHS range       [1e+00, 1e+02]

Concurrent LP optimizer: dual simplex and barrier
Showing barrier log only...

Presolve removed 68 rows and 34 columns
Presolved: 1132 rows, 628 columns, 5098 nonzeros

Root barrier log...

Ordering time: 0.00s

Barrier performed 0 iterations in 0.06 seconds
Barrier solve interrupted - model solved by another algorithm


Solved with dual simplex
Solved in 156 iterations and 0.07 seconds
Optimal objective  1.159174614e+03

Root relaxation: objective 1.159175e+03, 156 iterations, 0.01 seconds

    Nodes    |    Current Node    |     Objective Bounds      |     Work
 Expl Unexpl |  Obj  Depth IntInf | Incumbent    BestBd   Gap | It/Node Time

     0     0 1159.17461    0   41 7287.42000 1159.17461  84.1%     -    0s
H    0     0                    6226.6100000 1159.17461  81.4%     -    0s
     0     0 1671.06971    0   45 6226.61000 1671.06971  73.2%     -    0s
H    0     0                    4234.1100000 1671.06971  60.5%     -    0s
     0     0 1841.64333    0   38 4234.11000 1841.64333  56.5%     -    0s
H    0     0                    4206.0900000 1841.64333  56.2%     -    0s
     0     0 1841.64333    0   43 4206.09000 1841.64333  56.2%     -    0s
     0     0 1841.64333    0   44 4206.09000 1841.64333  56.2%     -    0s
H    0     0                    4184.6700000 1841.64333  56.0%     -    0s
     0     0 1841.64333    0   45 4184.67000 1841.64333  56.0%     -    0s
     0     0 1841.64333    0   45 4184.67000 1841.64333  56.0%     -    0s
     0     2 1841.64333    0   45 4184.67000 1841.64333  56.0%     -    0s
H   57    39                    3320.4600000 2173.57250  34.5%  21.2    0s
H  161   114                    3290.1800000 2175.05800  33.9%  28.5    0s
*  209   147               9    3202.7700000 2175.05800  32.1%  29.1    0s

Cutting planes:
  Learned: 1
  Gomory: 2
  Cover: 151
  Implied bound: 195
  Clique: 31
  MIR: 25
  Flow cover: 3
  GUB cover: 4

Explored 3823 nodes (99375 simplex iterations) in 2.89 seconds
Thread count was 2 (of 4 available processors)

Optimal solution found (tolerance 1.00e-04)
Best objective 3.202770000000e+03, best bound 3.202770000000e+03, gap 0.0%
k_c1	10.0
k_c2	10.0
k_c3	6.0
k_c4	10.0
k_c5	5.999999999999999
k_c6	0.0
k_c7	3.0
k_dN	-0.0
kDash_c1	6.0
kDash_c2	4.0
kDash_c3	3.0
kDash_c4	6.0
kDash_c5	0.0
kDash_c6	0.0
kDash_c7	0.0
o_1	0.0
o_2	0.0
o_3	0.0
o_4	0.0
o_5	0.0
o_6	1.0
o_7	0.0
p_1	0.0
p_2	1.0
p_3	0.0
p_4	0.0
p_5	0.0
p_6	1.0
p_7	0.0
phi_c1	12.0
phi_c2	14.0
phi_c3	4.0
phi_c4	14.0
phi_c5	2.9999999999999973
phi_c6	1.0
phi_c7	3.0
phi_d0	16.0
phi_dN	-0.0
pi_c1	-0.0
pi_c2	16.0
pi_c3	3.0
pi_c4	0.0
pi_c5	6.0
pi_c6	10.0
pi_c7	6.0
pi_dN	-0.0
tauD_c1	25.0
tauD_c2	5.0
tauD_c3	76.0
tauD_c4	5.0
tauD_c5	50.0
tauD_c6	62.0
tauD_c7	84.99999999999999
tauD_d0	-0.0
tauD_dN	100.0
tauS_c1	6.0
tauS_c2	11.0
tauS_c3	8.0
tauS_c4	87.0
tauS_c5	8.0
tauS_c6	22.0
tauS_c7	9.0
tauS_d0	-0.0
tauS_dN	72.0
x_c1_c3	1.0
x_c2_c1	1.0
x_c3_c7	1.0
x_c4_c5	1.0
x_c5_c6	1.0
x_c6_dN	1.0
x_c7_dN	1.0
x_d0_c2	1.0
x_d0_c4	1.0
z_c2_c6	1.0
z_c6_dN	1.0
z_d0_c2	1.0
