
Gurobi 6.0.4 (win64) logging started 06/14/15 17:07:07

Read LP format model from file C:\MT\repository\VRPTWMS\instances\mip\freight\N7-C_DV10-C_SV50_F16_4_No_1.lp
Reading time = 0.01 seconds
(null): 281 rows, 177 columns, 1137 nonzeros
Optimize a model with 281 rows, 177 columns and 1137 nonzeros
Model has 448 quadratic constraints
WARNING: Only barrier available for SOCP models
Coefficient statistics:
  Matrix range    [1e+00, 1e+02]
  Objective range [9e+00, 1e+03]
  Bounds range    [1e+00, 1e+02]
  RHS range       [1e+00, 1e+02]
Presolve removed 50 rows and 22 columns
Presolve time: 0.04s
Presolved: 1178 rows, 653 columns, 5315 nonzeros
Variable types: 449 continuous, 204 integer (158 binary)
Found heuristic solution: objective 7296.0800000
Optimize a model with 1178 rows, 653 columns and 5315 nonzeros
Coefficient statistics:
  Matrix range    [1e+00, 1e+02]
  Objective range [9e+00, 1e+03]
  Bounds range    [1e+00, 1e+02]
  RHS range       [1e+00, 1e+02]

Concurrent LP optimizer: dual simplex and barrier
Showing barrier log only...

Presolve removed 66 rows and 33 columns
Presolved: 1112 rows, 622 columns, 4982 nonzeros

Root barrier log...

Ordering time: 0.00s

Barrier performed 0 iterations in 0.05 seconds
Barrier solve interrupted - model solved by another algorithm


Solved with dual simplex
Solved in 122 iterations and 0.05 seconds
Optimal objective  1.217947346e+03

Root relaxation: objective 1.217947e+03, 122 iterations, 0.01 seconds

    Nodes    |    Current Node    |     Objective Bounds      |     Work
 Expl Unexpl |  Obj  Depth IntInf | Incumbent    BestBd   Gap | It/Node Time

     0     0 1217.94735    0   57 7296.08000 1217.94735  83.3%     -    0s
H    0     0                    5277.6900000 1217.94735  76.9%     -    0s
     0     0 1710.62875    0   47 5277.69000 1710.62875  67.6%     -    0s
H    0     0                    5257.8900000 1710.62875  67.5%     -    0s
     0     0 2205.73440    0   42 5257.89000 2205.73440  58.0%     -    0s
H    0     0                    4280.1900000 2205.73440  48.5%     -    0s
H    0     0                    4250.7700000 2205.73440  48.1%     -    0s
     0     0 2207.14581    0   45 4250.77000 2207.14581  48.1%     -    0s
     0     0 2207.14581    0   47 4250.77000 2207.14581  48.1%     -    0s
     0     0 2207.14581    0   47 4250.77000 2207.14581  48.1%     -    0s
     0     2 2207.14581    0   44 4250.77000 2207.14581  48.1%     -    0s
H  123    74                    3265.6900000 2213.98545  32.2%  36.5    0s
H  326   135                    3264.1000000 2224.93871  31.8%  32.9    0s
H  394   159                    3255.9900000 2224.93871  31.7%  32.4    0s
H 5457    25                    3251.7500000 3216.35437  1.09%  27.5    4s

Cutting planes:
  Learned: 1
  Gomory: 1
  Cover: 178
  Implied bound: 189
  Clique: 30
  MIR: 31
  Flow cover: 1
  GUB cover: 2

Explored 5500 nodes (150816 simplex iterations) in 4.05 seconds
Thread count was 2 (of 4 available processors)

Optimal solution found (tolerance 1.00e-04)
Best objective 3.251750000000e+03, best bound 3.251750000000e+03, gap 0.0%
k_c1	10.0
k_c2	10.0
k_c3	3.0
k_c4	-0.0
k_c5	5.0
k_c6	6.0
k_c7	5.0
k_dN	-0.0
kDash_c1	5.0
kDash_c2	6.0
kDash_c3	4.0
kDash_c4	6.0
kDash_c5	1.0
kDash_c6	3.0
kDash_c7	-0.0
o_1	0.0
o_2	0.0
o_3	0.9999999999999885
o_4	1.0
o_5	0.0
o_6	-0.0
o_7	0.0
p_1	0.0
p_2	0.0
p_3	1.0000000000000115
p_4	1.0
p_5	0.0
p_6	0.0
p_7	0.0
phi_c1	13.999999999999993
phi_c2	14.0
phi_c3	5.9999999999999964
phi_c4	4.9999999999999964
phi_c5	2.000000000000004
phi_c6	12.0
phi_c7	2.000000000000007
phi_d0	16.0
phi_dN	-0.0
pi_c1	16.999999999999954
pi_c2	0.9999999999999538
pi_c3	16.999999999999954
pi_c4	10.0
pi_c5	5.999999999999954
pi_c6	3.999999999999954
pi_c7	6.999999999999954
pi_dN	-0.0
tauD_c1	25.0
tauD_c2	5.999999999999886
tauD_c3	29.0
tauD_c4	42.00000000000009
tauD_c5	80.0
tauD_c6	17.0
tauD_c7	65.0
tauD_d0	-0.0
tauD_dN	100.0
tauS_c1	84.0
tauS_c2	86.0
tauS_c3	29.00000000000012
tauS_c4	40.00000000000012
tauS_c5	6.0
tauS_c6	4.0
tauS_c7	7.0
tauS_d0	-0.0
tauS_dN	66.0
x_c1_c7	1.0
x_c2_c6	1.0
x_c3_c4	1.0
x_c4_c5	1.0
x_c5_dN	1.0
x_c6_c3	1.0
x_c7_dN	1.0
x_d0_c1	1.0
x_d0_c2	1.0
z_c3_c4	1.0
z_c4_dN	1.0
z_d0_c3	1.0000000000000115
