
Gurobi 6.0.4 (win64) logging started 06/14/15 17:06:30

Read LP format model from file C:\MT\repository\VRPTWMS\instances\mip\freight\N7-C_DV10-C_SV50_F16_1_No_1.lp
Reading time = 0.01 seconds
(null): 281 rows, 177 columns, 1137 nonzeros
Optimize a model with 281 rows, 177 columns and 1137 nonzeros
Model has 448 quadratic constraints
WARNING: Only barrier available for SOCP models
Coefficient statistics:
  Matrix range    [1e+00, 1e+02]
  Objective range [6e+00, 1e+03]
  Bounds range    [1e+00, 1e+02]
  RHS range       [1e+00, 1e+02]
Presolve removed 42 rows and 18 columns
Presolve time: 0.05s
Presolved: 1252 rows, 690 columns, 5620 nonzeros
Variable types: 482 continuous, 208 integer (162 binary)
Found heuristic solution: objective 7321.0000000
Optimize a model with 1252 rows, 690 columns and 5620 nonzeros
Coefficient statistics:
  Matrix range    [1e+00, 1e+02]
  Objective range [6e+00, 1e+03]
  Bounds range    [1e+00, 1e+02]
  RHS range       [1e+00, 1e+02]

Concurrent LP optimizer: dual simplex and barrier
Showing barrier log only...

Presolve removed 75 rows and 37 columns
Presolved: 1177 rows, 654 columns, 5224 nonzeros

Root barrier log...

Ordering time: 0.02s

Barrier performed 0 iterations in 0.08 seconds
Barrier solve interrupted - model solved by another algorithm


Solved with dual simplex
Solved in 165 iterations and 0.08 seconds
Optimal objective  6.620984885e+02

Root relaxation: objective 6.620985e+02, 165 iterations, 0.03 seconds

    Nodes    |    Current Node    |     Objective Bounds      |     Work
 Expl Unexpl |  Obj  Depth IntInf | Incumbent    BestBd   Gap | It/Node Time

     0     0  662.09849    0   53 7321.00000  662.09849  91.0%     -    0s
H    0     0                    5309.2700000  662.09849  87.5%     -    0s
     0     0 1166.98250    0   44 5309.27000 1166.98250  78.0%     -    0s
H    0     0                    5262.5000000 1166.98250  77.8%     -    0s
     0     0 1294.49407    0   52 5262.50000 1294.49407  75.4%     -    0s
H    0     0                    4288.0400000 1294.49407  69.8%     -    0s
     0     0 1646.16278    0   43 4288.04000 1646.16278  61.6%     -    0s
H    0     0                    4259.4200000 1646.16278  61.4%     -    0s
     0     0 1650.37638    0   58 4259.42000 1650.37638  61.3%     -    0s
     0     0 1660.25278    0   45 4259.42000 1660.25278  61.0%     -    0s
     0     0 1666.94222    0   46 4259.42000 1666.94222  60.9%     -    0s
     0     0 1669.07722    0   51 4259.42000 1669.07722  60.8%     -    0s
     0     0 1719.65825    0   57 4259.42000 1719.65825  59.6%     -    0s
     0     0 1719.65825    0   61 4259.42000 1719.65825  59.6%     -    0s
     0     0 1719.65825    0   54 4259.42000 1719.65825  59.6%     -    0s
     0     0 1719.65825    0   62 4259.42000 1719.65825  59.6%     -    0s
     0     0 1719.65825    0   61 4259.42000 1719.65825  59.6%     -    0s
H    0     0                    4248.4000000 1719.65825  59.5%     -    0s
     0     2 1719.65825    0   60 4248.40000 1719.65825  59.5%     -    0s
*  116    86              21    3396.1800000 1834.76769  46.0%  36.6    0s
H  205   126                    3339.8000000 2086.28235  37.5%  35.2    0s
H  328   175                    3295.0800000 2180.53800  33.8%  38.1    0s
H  485   197                    3207.4800000 2198.55000  31.5%  37.5    0s
  5492   235     cutoff   17      3207.48000 2342.46667  27.0%  35.4    5s

Cutting planes:
  Learned: 1
  Gomory: 3
  Cover: 116
  Implied bound: 179
  Clique: 33
  MIR: 80
  Flow cover: 9
  GUB cover: 18
  Zero half: 2

Explored 6413 nodes (215547 simplex iterations) in 5.64 seconds
Thread count was 2 (of 4 available processors)

Optimal solution found (tolerance 1.00e-04)
Best objective 3.207480000000e+03, best bound 3.207480000000e+03, gap 0.0%
k_c1	10.0
k_c2	10.0
k_c3	10.0
k_c4	6.0
k_c5	5.0
k_c6	4.0
k_c7	4.0
k_dN	0.0
kDash_c1	5.0
kDash_c2	4.0
kDash_c3	8.0
kDash_c4	4.0
kDash_c5	0.0
kDash_c6	0.0
kDash_c7	1.0
o_1	0.0
o_2	0.0
o_3	0.0
o_4	0.0
o_5	0.0
o_6	0.0
o_7	0.0
p_1	0.0
p_2	0.0
p_3	0.0
p_4	0.0
p_5	0.0
p_6	0.0
p_7	0.0
phi_c1	14.0
phi_c2	14.0
phi_c3	12.0
phi_c4	7.0
phi_c5	3.0
phi_c6	6.0
phi_c7	11.0
phi_d0	16.0
phi_dN	-0.0
pi_c1	50.0
pi_c2	36.0
pi_c3	50.0
pi_c4	50.0
pi_c5	50.0
pi_c6	50.0
pi_c7	50.0
pi_dN	0.0
tauD_c1	10.0
tauD_c2	19.0
tauD_c3	25.0
tauD_c4	39.0
tauD_c5	75.0
tauD_c6	53.0
tauD_c7	38.0
tauD_d0	-0.0
tauD_dN	100.0
tauS_c1	0.0
tauS_c2	27.0
tauS_c3	8.0
tauS_c4	2.0
tauS_c5	27.0
tauS_c6	1.0
tauS_c7	0.0
tauS_d0	-0.0
tauS_dN	84.0
x_c1_c5	1.0
x_c2_c7	1.0
x_c3_c4	1.0
x_c4_c6	1.0
x_c5_dN	1.0
x_c6_dN	1.0
x_c7_dN	1.0
x_d0_c1	1.0
x_d0_c2	1.0
x_d0_c3	1.0
