
Gurobi 6.0.4 (win64) logging started 06/14/15 17:06:41

Read LP format model from file C:\MT\repository\VRPTWMS\instances\mip\freight\N7-C_DV10-C_SV50_F16_13_No_1.lp
Reading time = 0.01 seconds
(null): 281 rows, 177 columns, 1137 nonzeros
Optimize a model with 281 rows, 177 columns and 1137 nonzeros
Model has 448 quadratic constraints
WARNING: Only barrier available for SOCP models
Coefficient statistics:
  Matrix range    [1e+00, 1e+02]
  Objective range [2e+00, 1e+03]
  Bounds range    [1e+00, 1e+02]
  RHS range       [1e+00, 1e+02]
Presolve removed 54 rows and 23 columns
Presolve time: 0.04s
Presolved: 1170 rows, 650 columns, 5217 nonzeros
Variable types: 447 continuous, 203 integer (157 binary)
Found heuristic solution: objective 7416.4800000
Optimize a model with 1170 rows, 650 columns and 5217 nonzeros
Coefficient statistics:
  Matrix range    [6e-01, 1e+02]
  Objective range [2e+00, 1e+03]
  Bounds range    [1e+00, 1e+02]
  RHS range       [1e+00, 1e+02]

Concurrent LP optimizer: dual simplex and barrier
Showing barrier log only...

Presolve removed 73 rows and 38 columns
Presolved: 1097 rows, 612 columns, 4853 nonzeros

Root barrier log...

Ordering time: 0.00s

Barrier performed 0 iterations in 0.05 seconds
Barrier solve interrupted - model solved by another algorithm


Solved with dual simplex
Solved in 122 iterations and 0.05 seconds
Optimal objective  9.361013756e+02

Root relaxation: objective 9.361014e+02, 122 iterations, 0.01 seconds

    Nodes    |    Current Node    |     Objective Bounds      |     Work
 Expl Unexpl |  Obj  Depth IntInf | Incumbent    BestBd   Gap | It/Node Time

     0     0  936.10138    0   75 7416.48000  936.10138  87.4%     -    0s
H    0     0                    6408.7100000  936.10138  85.4%     -    0s
     0     0 1133.28868    0   77 6408.71000 1133.28868  82.3%     -    0s
H    0     0                    5337.5800000 1133.28868  78.8%     -    0s
     0     0 1156.53500    0   46 5337.58000 1156.53500  78.3%     -    0s
     0     0 1160.33275    0   63 5337.58000 1160.33275  78.3%     -    0s
     0     0 1164.39998    0   70 5337.58000 1164.39998  78.2%     -    0s
     0     0 1165.43333    0   77 5337.58000 1165.43333  78.2%     -    0s
     0     0 1165.45250    0   78 5337.58000 1165.45250  78.2%     -    0s
     0     0 1165.45250    0   58 5337.58000 1165.45250  78.2%     -    0s
     0     0 1165.45250    0   56 5337.58000 1165.45250  78.2%     -    0s
     0     0 1165.45250    0   55 5337.58000 1165.45250  78.2%     -    0s
H    0     0                    5306.1400000 1165.45250  78.0%     -    0s
     0     0 1165.45250    0   63 5306.14000 1165.45250  78.0%     -    0s
     0     0 1165.45250    0   63 5306.14000 1165.45250  78.0%     -    0s
     0     2 1165.45250    0   54 5306.14000 1165.45250  78.0%     -    0s
*  234   130              25    4368.0100000 1186.54087  72.8%  46.6    0s
*  265   148              46    4336.4800000 1186.54087  72.6%  45.7    0s
*  275   148              47    4333.2900000 1186.54087  72.6%  44.5    0s
*  313   168              27    4330.5400000 1186.54087  72.6%  45.3    0s
* 1041   376              15    4329.3200000 1236.33786  71.4%  42.1    1s
H 1624   562                    4315.4500000 2233.17000  48.3%  46.9    4s
H 1913   526                    4314.6000000 2249.59000  47.9%  46.6    4s
* 1959   499              36    3310.9700000 2250.01924  32.0%  46.2    4s
* 2070   451              33    3301.9800000 2253.67793  31.7%  45.9    4s
* 2256   382              32    3299.9400000 2260.71540  31.5%  46.2    4s
  2308   375     cutoff   41      3299.94000 2261.94557  31.5%  45.8    5s
* 2429   315              36    3298.0500000 2265.13338  31.3%  46.1    5s

Cutting planes:
  Learned: 2
  Gomory: 8
  Cover: 8
  Implied bound: 167
  Clique: 3
  MIR: 11
  Flow cover: 58
  GUB cover: 1
  Zero half: 9

Explored 3829 nodes (196464 simplex iterations) in 7.94 seconds
Thread count was 2 (of 4 available processors)

Optimal solution found (tolerance 1.00e-04)
Best objective 3.298050000000e+03, best bound 3.298050000000e+03, gap 0.0%
k_c1	7.0
k_c2	10.0
k_c3	7.0
k_c4	10.0
k_c5	1.0
k_c6	10.0
k_c7	4.0
k_dN	-0.0
kDash_c1	-0.0
kDash_c2	1.0
kDash_c3	4.0
kDash_c4	7.0
kDash_c5	7.0
kDash_c6	3.0
kDash_c7	-0.0
o_1	-0.0
o_2	-0.0
o_3	1.0
o_4	-0.0
o_5	1.0
o_6	-0.0
o_7	-0.0
p_1	0.0
p_2	0.0
p_3	1.0
p_4	-0.0
p_5	1.0
p_6	1.0
p_7	-0.0
phi_c1	2.0000000000000098
phi_c2	12.0
phi_c3	11.999999999999991
phi_c4	13.999999999999995
phi_c5	11.0
phi_c6	13.999999999999996
phi_c7	3.0
phi_d0	16.0
phi_dN	-0.0
pi_c1	9.0
pi_c2	9.0
pi_c3	12.0
pi_c4	2.0
pi_c5	9.0
pi_c6	19.0
pi_c7	9.0
pi_dN	-0.0
tauD_c1	59.999999999999986
tauD_c2	25.0
tauD_c3	17.0
tauD_c4	6.0
tauD_c5	34.0
tauD_c6	7.0
tauD_c7	60.0
tauD_d0	-0.0
tauD_dN	100.0
tauS_c1	87.0
tauS_c2	81.0
tauS_c3	24.0
tauS_c4	2.0
tauS_c5	33.0
tauS_c6	12.0
tauS_c7	83.0
tauS_d0	-0.0
tauS_dN	51.0
x_c1_dN	1.0
x_c2_c5	1.0
x_c3_c7	1.0
x_c4_c3	1.0
x_c5_c1	1.0
x_c6_c2	1.0
x_c7_dN	1.0
x_d0_c4	1.0
x_d0_c6	1.0
z_c3_c5	1.0
z_c5_dN	1.0
z_c6_c3	1.0
z_d0_c6	1.0
