
Gurobi 6.0.4 (win64) logging started 06/12/15 17:44:59

Read LP format model from file E:\Eigene Dateien\Downloads\Michi shit\VRPTWMS-master\VRPTWMS\instances\mip\fuel\N10-C_DV100-C_SV25_F5_10_No_1.lp
Reading time = 0.02 seconds
(null): 621 rows, 298 columns, 2643 nonzeros
Optimize a model with 621 rows, 298 columns and 2643 nonzeros
Model has 1100 quadratic constraints
WARNING: Only barrier available for SOCP models
Coefficient statistics:
  Matrix range    [1e+00, 1e+02]
  Objective range [3e+00, 1e+03]
  Bounds range    [1e+00, 1e+02]
  RHS range       [1e+00, 1e+02]
Presolve removed 52 rows and 31 columns
Presolve time: 0.06s
Presolved: 2499 rows, 1269 columns, 12234 nonzeros
Variable types: 928 continuous, 341 integer (288 binary)
Found heuristic solution: objective 10380.460000
Optimize a model with 2499 rows, 1269 columns and 12234 nonzeros
Coefficient statistics:
  Matrix range    [8e-01, 1e+02]
  Objective range [3e+00, 1e+03]
  Bounds range    [7e-01, 1e+02]
  RHS range       [1e+00, 1e+02]

Concurrent LP optimizer: dual simplex and barrier
Showing barrier log only...

Presolve removed 211 rows and 140 columns
Presolved: 2288 rows, 1130 columns, 11293 nonzeros

Root barrier log...

Ordering time: 0.02s

Barrier performed 0 iterations in 0.09 seconds
Barrier solve interrupted - model solved by another algorithm


Solved with dual simplex
Solved in 126 iterations and 0.09 seconds
Optimal objective  2.101802976e+02

Root relaxation: objective 2.101803e+02, 126 iterations, 0.03 seconds

    Nodes    |    Current Node    |     Objective Bounds      |     Work
 Expl Unexpl |  Obj  Depth IntInf | Incumbent    BestBd   Gap | It/Node Time

     0     0  210.18030    0   37 10380.4600  210.18030  98.0%     -    0s
H    0     0                    9357.6200000  210.18030  97.8%     -    0s
     0     0  657.75710    0   48 9357.62000  657.75710  93.0%     -    0s
H    0     0                    7259.1900000  657.75710  90.9%     -    0s
     0     0  687.98214    0   54 7259.19000  687.98214  90.5%     -    0s
     0     0 1157.47700    0   38 7259.19000 1157.47700  84.1%     -    0s
     0     0 1158.41167    0   41 7259.19000 1158.41167  84.0%     -    0s
     0     0 1158.41167    0   34 7259.19000 1158.41167  84.0%     -    0s
     0     0 1158.41167    0   31 7259.19000 1158.41167  84.0%     -    0s
     0     0 1158.41167    0   32 7259.19000 1158.41167  84.0%     -    0s
H    0     0                    6314.3100000 1158.41167  81.7%     -    0s
     0     0 1158.41167    0   35 6314.31000 1158.41167  81.7%     -    0s
     0     0 1158.41167    0   33 6314.31000 1158.41167  81.7%     -    0s
     0     0 1158.41167    0   33 6314.31000 1158.41167  81.7%     -    0s
     0     0 1158.41167    0   38 6314.31000 1158.41167  81.7%     -    0s
     0     0 1158.41167    0   45 6314.31000 1158.41167  81.7%     -    0s
H    0     0                    6280.7700000 1158.41167  81.6%     -    0s
     0     0 1167.35228    0   42 6280.77000 1167.35228  81.4%     -    0s
H    0     0                    6279.3800000 1167.35228  81.4%     -    0s
     0     0 1167.39178    0   42 6279.38000 1167.39178  81.4%     -    0s
     0     0 1167.54826    0   41 6279.38000 1167.54826  81.4%     -    0s
     0     0 1167.67667    0   33 6279.38000 1167.67667  81.4%     -    0s
     0     0 1167.67667    0   40 6279.38000 1167.67667  81.4%     -    0s
H    0     0                    5251.1800000 1167.67667  77.8%     -    0s
     0     0 1167.67667    0   35 5251.18000 1167.67667  77.8%     -    0s
     0     0 1167.67667    0   38 5251.18000 1167.67667  77.8%     -    0s
     0     0 1167.67667    0   36 5251.18000 1167.67667  77.8%     -    0s
     0     0 1167.67667    0   36 5251.18000 1167.67667  77.8%     -    0s
     0     0 1167.67667    0   36 5251.18000 1167.67667  77.8%     -    0s
     0     0 1167.67667    0   33 5251.18000 1167.67667  77.8%     -    0s
H    0     2                    5245.8500000 1167.67667  77.7%     -    0s
     0     2 1167.67667    0   32 5245.85000 1167.67667  77.7%     -    0s
H   30    35                    4210.8300000 1178.74230  72.0%  32.8    0s
  1603   933 1755.23053   16   57 4210.83000 1244.76514  70.4%  36.6    5s
* 3787  1466              53    3299.4500000 2179.47104  33.9%  49.9    8s
H 4083  1614                    3297.5900000 2180.74203  33.9%  49.1    9s
  5012  2093     cutoff   21      3297.59000 2185.25122  33.7%  47.9   10s
H 6008  2490                    3293.1700000 2190.93653  33.5%  48.7   10s
H 7793  3203                    3292.8800000 2200.72732  33.2%  49.7   13s
  9294  3750 2280.95285   30   26 3292.88000 2204.12697  33.1%  51.3   15s
H10061  4014                    3288.9500000 2205.91882  32.9%  52.0   16s
*10181  3973              34    3276.2500000 2205.98365  32.7%  51.8   17s
H10505  4034                    3274.0800000 2206.11500  32.6%  52.0   17s
 12560  4683 2273.08165   32   45 3274.08000 2211.27706  32.5%  52.5   20s
 17175  5912     cutoff   27      3274.08000 2219.92401  32.2%  54.9   25s
H19438  6323                    3270.5500000 2224.37699  32.0%  55.9   27s
 21095  6633 2306.40854   30   33 3270.55000 2227.63810  31.9%  56.9   33s
 21109  6642 2347.04640   43   92 3270.55000 2227.63810  31.9%  56.9   35s
 21145  6666 3216.08291   36   65 3270.55000 2227.63810  31.9%  56.8   40s
 21182  6691 2253.37134   27  118 3270.55000 2227.63810  31.9%  56.7   45s
 21294  6719     cutoff   35      3270.55000 2227.63810  31.9%  56.9   50s
 25478  7103     cutoff   44      3270.55000 2227.63810  31.9%  54.7   56s
H29012  6826                    3270.2000000 2227.63810  31.9%  53.7   59s
 29726  6887     cutoff   35      3270.20000 2227.63810  31.9%  53.5   60s
H33152  6413                    3268.4000000 2227.63810  31.8%  53.0   64s
 34006  6347 2227.63810   30   41 3268.40000 2227.63810  31.8%  52.8   66s
 38607  6134 2234.79077   31   29 3268.40000 2227.63810  31.8%  52.2   70s
 44972  8063 infeasible   32      3268.40000 2227.63810  31.8%  50.4   75s
 47901  8877 infeasible   38      3268.40000 2227.63810  31.8%  50.4   80s
H52902 10189                    3268.2300000 2227.63810  31.8%  50.3   84s
 53078 10206     cutoff   54      3268.23000 2227.63810  31.8%  50.3   85s
 57461 11227     cutoff   43      3268.23000 2227.63810  31.8%  50.4   90s
 61816 12100 2263.50850   30   43 3268.23000 2230.02249  31.8%  50.6   95s
 67186 13110     cutoff   31      3268.23000 2235.10130  31.6%  50.8  100s
 72443 14161     cutoff   47      3268.23000 2238.54311  31.5%  51.1  105s
 77583 15130     cutoff   41      3268.23000 2241.21710  31.4%  51.2  110s
 83162 16053 2264.03332   37   41 3268.23000 2244.21676  31.3%  51.4  115s
H86148 16625                    3268.1500000 2245.68425  31.3%  51.5  118s
 88109 16915 2252.31459   32   70 3268.15000 2246.60231  31.3%  51.6  120s
 92854 17493 2255.66824   33   41 3268.15000 2249.12838  31.2%  51.9  125s
 97775 17944 infeasible   50      3268.15000 2251.76664  31.1%  52.3  130s
 102402 18232     cutoff   47      3268.15000 2254.14679  31.0%  52.8  135s
 107161 18577 2323.28802   46   58 3268.15000 2256.49269  31.0%  53.1  140s
 112226 18814 3261.02714   39   15 3268.15000 2259.16550  30.9%  53.5  145s
 116353 18944     cutoff   50      3268.15000 2261.20593  30.8%  53.9  150s
 120707 19005 3257.05452   31   25 3268.15000 2263.59409  30.7%  54.2  155s
 124866 18915 2280.51685   42   48 3268.15000 2265.93201  30.7%  54.6  160s
 129383 18692 2455.01869   42   20 3268.15000 2268.52075  30.6%  55.1  165s
 133516 18454     cutoff   42      3268.15000 2271.01905  30.5%  55.5  170s
 137276 18097 2312.10079   40   39 3268.15000 2273.48657  30.4%  55.8  175s
 141303 17522     cutoff   39      3268.15000 2276.31190  30.3%  56.2  180s
 145481 16836 2279.55428   35   39 3268.15000 2279.55428  30.2%  56.6  185s
 148881 16295     cutoff   43      3268.15000 2282.39013  30.2%  56.9  190s
 152891 15533     cutoff   52      3268.15000 2285.83803  30.1%  57.3  195s
 157138 14670 2291.61530   47   48 3268.15000 2289.85037  29.9%  57.6  200s
 161327 13646     cutoff   47      3268.15000 2294.32373  29.8%  57.9  205s
 164919 12785     cutoff   41      3268.15000 2298.50304  29.7%  58.2  210s
 168437 11743 infeasible   34      3268.15000 2303.46227  29.5%  58.5  215s
 172512 10232 2318.53175   47   39 3268.15000 2311.03041  29.3%  58.8  220s
 176353  8806     cutoff   42      3268.15000 2320.66709  29.0%  59.2  225s
 180541  7260 2338.30386   44   41 3268.15000 2338.30386  28.5%  59.4  230s
 184268  6103 2534.11694   42   48 3268.15000 2375.46645  27.3%  59.5  235s
 189648  5212 infeasible   40      3268.15000 2618.10303  19.9%  59.2  240s
 195775  5368     cutoff   38      3268.15000 3174.85584  2.85%  58.6  245s
 200836  6140     cutoff   37      3268.15000 3199.04803  2.11%  58.3  250s
 207184  6890     cutoff   31      3268.15000 3207.25098  1.86%  57.9  255s
 213194  7140     cutoff   45      3268.15000 3213.69421  1.67%  57.5  260s
 219560  7105 3256.38500   32   25 3268.15000 3220.04000  1.47%  57.2  265s
 225316  6575 3237.50039   40   38 3268.15000 3225.22472  1.31%  56.9  270s
 231549  5423 3239.26303   42   30 3268.15000 3230.94197  1.14%  56.6  275s
 237419  3571 3254.71474   41   27 3268.15000 3237.91909  0.93%  56.3  280s

Cutting planes:
  Gomory: 3
  Cover: 1
  Implied bound: 67
  Clique: 4
  MIR: 5
  Flow cover: 11
  GUB cover: 2
  Zero half: 32

Explored 244008 nodes (13624280 simplex iterations) in 284.60 seconds
Thread count was 4 (of 4 available processors)

Optimal solution found (tolerance 1.00e-04)
Best objective 3.268150000000e+03, best bound 3.268150000000e+03, gap 0.0%
k_c1	7.0
k_c10	10.0
k_c2	16.0
k_c3	26.0
k_c4	100.0
k_c5	11.0
k_c6	3.0
k_c7	24.0
k_c8	13.0
k_c9	14.0
k_dN	0.0
o_1	0.0
o_10	0.0
o_2	0.0
o_3	0.0
o_4	0.0
o_5	0.0
o_6	0.0
o_7	0.0
o_8	0.0
o_9	0.0
p_1	0.0
p_10	1.0
p_2	0.0
p_3	0.0
p_4	0.0
p_5	1.0
p_6	0.0
p_7	0.0
p_8	0.0
p_9	0.0
phi_c1	2.0
phi_c10	0.0
phi_c2	3.0
phi_c3	4.0
phi_c4	4.0
phi_c5	0.0
phi_c6	1.0
phi_c7	2.0
phi_c8	1.0
phi_c9	1.0
phi_dN	0.0
pi_c1	21.0
pi_c10	10.0
pi_c2	20.0
pi_c3	0.0
pi_c4	0.0
pi_c5	5.0
pi_c6	0.0
pi_c7	0.0
pi_c8	0.0
pi_c9	10.0
pi_dN	0.0
tauD_c1	65.0
tauD_c10	35.0
tauD_c2	19.0
tauD_c3	27.0
tauD_c4	5.0
tauD_c5	60.0
tauD_c6	91.0
tauD_c7	44.0
tauD_c8	25.0
tauD_c9	51.0
tauD_d0	0.0
tauD_dN	100.0
tauS_c1	86.0
tauS_c10	45.0
tauS_c2	56.0
tauS_c3	10.0
tauS_c4	86.0
tauS_c5	64.0
tauS_c6	1.0
tauS_c7	85.0
tauS_c8	11.0
tauS_c9	85.0
tauS_d0	0.0
tauS_dN	87.0
x_c10_c1	1.0
x_c1_dN	1.0
x_c2_c8	1.0
x_c3_c7	1.0
x_c4_c2	1.0
x_c5_c6	1.0
x_c6_dN	1.0
x_c7_c9	1.0
x_c8_c10	1.0
x_c9_c5	1.0
x_d0_c3	1.0
x_d0_c4	1.0
z_c10_c5	1.0
z_c5_dN	1.0
z_d0_c10	1.0
