
Gurobi 6.0.4 (win64) logging started 06/12/15 18:01:29

Read LP format model from file E:\Eigene Dateien\Downloads\Michi shit\VRPTWMS-master\VRPTWMS\instances\mip\fuel\N10-C_DV100-C_SV25_F5_3_No_1.lp
Reading time = 0.00 seconds
(null): 621 rows, 298 columns, 2643 nonzeros
Optimize a model with 621 rows, 298 columns and 2643 nonzeros
Model has 1100 quadratic constraints
WARNING: Only barrier available for SOCP models
Coefficient statistics:
  Matrix range    [1e+00, 1e+02]
  Objective range [2e+00, 1e+03]
  Bounds range    [1e+00, 1e+02]
  RHS range       [1e+00, 1e+02]
Presolve removed 46 rows and 21 columns
Presolve time: 0.08s
Presolved: 2615 rows, 1339 columns, 13086 nonzeros
Variable types: 978 continuous, 361 integer (308 binary)
Found heuristic solution: objective 10450.840000
Optimize a model with 2615 rows, 1339 columns and 13086 nonzeros
Coefficient statistics:
  Matrix range    [6e-01, 1e+02]
  Objective range [2e+00, 1e+03]
  Bounds range    [1e+00, 1e+02]
  RHS range       [1e+00, 1e+02]

Concurrent LP optimizer: dual simplex and barrier
Showing barrier log only...

Presolve removed 228 rows and 153 columns
Presolved: 2387 rows, 1186 columns, 12055 nonzeros

Root barrier log...

Ordering time: 0.02s

Barrier performed 0 iterations in 0.11 seconds
Barrier solve interrupted - model solved by another algorithm


Solved with dual simplex
Solved in 110 iterations and 0.11 seconds
Optimal objective  1.421405249e+02

Root relaxation: objective 1.421405e+02, 110 iterations, 0.02 seconds

    Nodes    |    Current Node    |     Objective Bounds      |     Work
 Expl Unexpl |  Obj  Depth IntInf | Incumbent    BestBd   Gap | It/Node Time

     0     0  142.14052    0   31 10450.8400  142.14052  98.6%     -    0s
H    0     0                    8382.7000000  142.14052  98.3%     -    0s
     0     0  148.58979    0   53 8382.70000  148.58979  98.2%     -    0s
     0     0  152.21333    0   40 8382.70000  152.21333  98.2%     -    0s
     0     0  154.35685    0   32 8382.70000  154.35685  98.2%     -    0s
     0     0  154.67618    0   34 8382.70000  154.67618  98.2%     -    0s
H    0     0                    7340.0600000  154.67618  97.9%     -    0s
     0     0  154.73101    0   42 7340.06000  154.73101  97.9%     -    0s
     0     0  155.15668    0   48 7340.06000  155.15668  97.9%     -    0s
     0     0  155.15668    0   48 7340.06000  155.15668  97.9%     -    0s
     0     0  155.15668    0   47 7340.06000  155.15668  97.9%     -    0s
     0     2  155.15668    0   47 7340.06000  155.15668  97.9%     -    0s
H   83    84                    6310.7600000  184.67878  97.1%  30.7    0s
H  513   430                    5420.3300000  264.34733  95.1%  30.0    0s
H  608   483                    5415.4400000  264.34733  95.1%  28.3    0s
*  840   666              32    5383.6900000  287.96321  94.7%  27.8    0s
H  919   715                    5374.9900000  706.51807  86.9%  27.9    0s
H  941   730                    5345.2800000  706.51807  86.8%  28.0    0s
H 1077   768                    5339.6300000  771.50673  85.6%  29.1    1s
H 1140   779                    5312.5400000  771.50673  85.5%  29.7    1s
H 1174   762                    4366.9800000  771.50673  82.3%  30.4    1s
H 1202   750                    4365.3000000  771.50673  82.3%  31.1    1s
* 1255   729              57    4357.9400000  771.50673  82.3%  31.5    1s
H 1326   737                    4347.5400000  771.50673  82.3%  32.4    1s
H 1387   718                    4323.3700000  771.50673  82.2%  33.4    1s
H 1574   701                    4299.2800000  771.50673  82.1%  34.6    2s
H 1707   725                    4299.0800000 1053.77993  75.5%  35.5    2s
H 2657  1063                    4272.1200000 1176.60582  72.5%  37.4    3s
H 3488  1262                    3271.4700000 1179.24355  64.0%  38.3    4s
  4094  1492 infeasible   38      3271.47000 1182.21174  63.9%  39.6    5s
H 6755  2318                    3263.3800000 1197.59434  63.3%  43.3    7s
  8996  2937 infeasible   29      3263.38000 1210.34055  62.9%  45.6   10s
H 9953  3148                    3260.2800000 1214.57430  62.7%  46.7   12s
 12523  3521 2217.05435   43   40 3260.28000 1223.95302  62.5%  50.4   15s
 17290  3892     cutoff   37      3260.28000 1248.99124  61.7%  53.8   20s
 20591  4187 2210.21605   32   47 3260.28000 1264.45817  61.2%  56.1   27s
 20710  4239 1264.45817   26   43 3260.28000 1264.45817  61.2%  56.1   30s
 24351  4202 2230.76583   40   31 3260.28000 1264.45817  61.2%  55.1   35s
 28140  4132 infeasible   45      3260.28000 1264.45817  61.2%  56.0   40s
 32282  4025     cutoff   47      3260.28000 1264.45817  61.2%  57.2   46s
 35367  4721     cutoff   52      3260.28000 1264.45817  61.2%  58.9   50s
H36946  5089                    3256.9400000 1265.77448  61.1%  59.8   55s
 39274  5575 infeasible   50      3256.94000 1270.57907  61.0%  61.3   60s
 42490  6295 infeasible   40      3256.94000 1276.94629  60.8%  62.9   65s
 46008  6950 2290.08563   41   60 3256.94000 1283.92697  60.6%  64.7   70s
 48398  7471 infeasible   54      3256.94000 1287.67181  60.5%  65.8   75s
 51582  7987 3247.11348   49   50 3256.94000 1292.37292  60.3%  67.2   80s
 54630  8452 2301.71574   47   70 3256.94000 1296.62197  60.2%  68.3   85s
 57458  8831 2432.93436   49   79 3256.94000 1300.37703  60.1%  69.3   90s
 60186  9265 infeasible   45      3256.94000 1303.45722  60.0%  70.5   95s
 62720  9541 2406.67816   65   86 3256.94000 1307.08891  59.9%  71.4  100s
 65453  9882 1311.71370   45   73 3256.94000 1311.71370  59.7%  72.5  105s
 68349 10166 infeasible   55      3256.94000 1316.19723  59.6%  73.6  110s
 70613 10360 2341.38138   59   96 3256.94000 1320.18326  59.5%  74.6  115s
 73126 10497     cutoff   50      3256.94000 1324.59890  59.3%  75.6  120s
 75591 10669 1530.63026   53   75 3256.94000 1328.80747  59.2%  76.3  125s
 78115 10968 1415.32583   52   96 3256.94000 1334.12343  59.0%  77.0  130s
 80239 11032 infeasible   44      3256.94000 1339.18083  58.9%  77.7  135s
 83232 11168 infeasible   60      3256.94000 1346.12991  58.7%  78.5  140s
 85967 11311 2346.87311   51   69 3256.94000 1354.13575  58.4%  79.4  145s
 88341 11307 2444.59043   54  106 3256.94000 1362.25710  58.2%  80.1  150s
 90483 11301 2298.33765   58   63 3256.94000 1370.24586  57.9%  80.7  155s
 92753 11229 2400.41285   51   65 3256.94000 1381.95839  57.6%  81.5  160s
 95802 11113 infeasible   52      3256.94000 1400.16210  57.0%  82.4  165s
 98444 10914 2379.46760   64   73 3256.94000 1423.31335  56.3%  83.1  170s
 101047 10597 infeasible   49      3256.94000 1451.81025  55.4%  83.9  175s
 103589 10257 1792.14164   44   74 3256.94000 1496.97793  54.0%  84.5  180s
 106256  9912 2334.31084   56   51 3256.94000 1566.54359  51.9%  85.0  185s
 109063  9608 2387.93065   53   77 3256.94000 1675.85495  48.5%  85.4  190s
 112071  9336 infeasible   69      3256.94000 1827.57837  43.9%  85.4  195s
 115393  9267 infeasible   42      3256.94000 2153.71065  33.9%  85.3  200s
H117409  9743                    3254.2600000 2156.77714  33.7%  85.2  202s
H118269 10122                    3252.4100000 2163.13173  33.5%  84.9  203s
 119778 10610 infeasible   55      3252.41000 2168.75628  33.3%  84.4  205s
H121973 11099                    3248.9100000 2177.21564  33.0%  83.8  207s
 124682 11915     cutoff   48      3248.91000 2184.09300  32.8%  83.0  210s
*126292 12151              50    3239.6900000 2185.07719  32.6%  82.5  211s
 129896 13013     cutoff   33      3239.69000 2192.55202  32.3%  81.4  215s
H132799 13533                    3238.2900000 2197.06279  32.2%  80.7  217s
 135591 14180 2308.08556   44   39 3238.29000 2199.83842  32.1%  80.0  220s
 140725 15120 2209.29615   49   37 3238.29000 2204.55622  31.9%  79.0  225s
 145448 15761 2456.06602   46   28 3238.29000 2208.04892  31.8%  78.2  230s
 149199 16189 3213.19222   53   33 3238.29000 2210.89835  31.7%  77.7  235s
 153827 16780 2288.59151   41   32 3238.29000 2213.69135  31.6%  77.2  240s
 158160 17208 2244.40613   41   39 3238.29000 2216.39568  31.6%  76.7  245s
 161495 17461 2229.67075   58   37 3238.29000 2218.33341  31.5%  76.5  250s
 164898 17504 2221.49542   39   38 3238.29000 2220.66345  31.4%  76.3  255s
 168757 17444 2230.79264   64   41 3238.29000 2223.20382  31.3%  76.2  260s
 172384 17403 2248.61112   45   26 3238.29000 2225.53793  31.3%  76.0  265s
 176180 17193 2285.66635   39   44 3238.29000 2228.45758  31.2%  76.0  270s
 179475 16880 infeasible   49      3238.29000 2231.17470  31.1%  75.9  275s
 182823 16614 2247.55423   42   19 3238.29000 2234.01563  31.0%  75.9  280s
 186447 16337     cutoff   34      3238.29000 2237.18577  30.9%  75.8  285s
 189695 16017 2249.13195   49   36 3238.29000 2240.52321  30.8%  75.8  290s
 193046 15576 infeasible   42      3238.29000 2244.32724  30.7%  75.9  295s
 196438 15155     cutoff   65      3238.29000 2248.42002  30.6%  75.9  300s
 199763 14988     cutoff   66      3238.29000 2252.47091  30.4%  75.8  305s
 202518 14681 2274.12273   51   63 3238.29000 2256.20996  30.3%  75.9  310s
 205265 14487     cutoff   52      3238.29000 2259.36901  30.2%  76.0  315s
 208205 14197 2303.42054   52   33 3238.29000 2262.83160  30.1%  76.0  320s
 211041 13996     cutoff   37      3238.29000 2266.06582  30.0%  76.1  325s
 213912 13822 2294.87908   41   51 3238.29000 2269.27165  29.9%  76.1  330s
 217004 13620 infeasible   51      3238.29000 2272.47093  29.8%  76.2  335s
 220014 13260     cutoff   50      3238.29000 2276.32460  29.7%  76.2  340s
 223018 12819     cutoff   64      3238.29000 2280.15658  29.6%  76.3  345s
 225693 12419     cutoff   53      3238.29000 2283.53960  29.5%  76.4  350s
 228362 12094 2796.75872   58   41 3238.29000 2286.70336  29.4%  76.5  355s
 231192 11605     cutoff   55      3238.29000 2290.49167  29.3%  76.6  360s
 233798 11062     cutoff   54      3238.29000 2294.34864  29.1%  76.7  365s
 236727 10343 2435.01720   66   85 3238.29000 2299.29904  29.0%  76.8  370s
 239545  9607     cutoff   50      3238.29000 2305.19787  28.8%  76.9  375s
 242215  8904 infeasible   58      3238.29000 2310.88987  28.6%  77.0  380s
 245010  8163     cutoff   63      3238.29000 2318.18058  28.4%  77.1  385s
 247720  7409     cutoff   60      3238.29000 2327.13743  28.1%  77.3  390s
 250332  6729 2392.33003   62   59 3238.29000 2337.22709  27.8%  77.4  395s
 252790  5904 infeasible   51      3238.29000 2351.69231  27.4%  77.6  400s
 255218  5199 2366.73509   69   62 3238.29000 2366.73509  26.9%  77.7  405s
 257889  4145     cutoff   67      3238.29000 2420.42797  25.3%  77.8  411s
 261383  3224     cutoff   61      3238.29000 3103.81504  4.15%  77.2  415s
 267131  3518     cutoff   53      3238.29000 3206.07006  0.99%  76.3  420s
 272123  2774 3217.44534   63   28 3238.29000 3214.10167  0.75%  75.8  425s
 278228   306     cutoff   66      3238.29000 3230.42959  0.24%  75.0  430s

Cutting planes:
  Learned: 29
  Gomory: 15
  Cover: 5
  Implied bound: 15
  Clique: 10
  MIR: 79
  Flow cover: 16
  GUB cover: 12
  Zero half: 16

Explored 278677 nodes (20867539 simplex iterations) in 430.20 seconds
Thread count was 4 (of 4 available processors)

Optimal solution found (tolerance 1.00e-04)
Best objective 3.238290000000e+03, best bound 3.238290000000e+03, gap 0.0%
k_c1	2.0
k_c10	10.0
k_c2	8.0
k_c3	11.0
k_c4	7.0
k_c5	100.0
k_c6	6.0
k_c7	16.0
k_c8	100.0
k_c9	15.0
k_dN	0.0
o_1	0.0
o_10	0.0
o_2	0.0
o_3	0.0
o_4	0.0
o_5	0.0
o_6	0.0
o_7	0.0
o_8	0.0
o_9	0.0
p_1	0.0
p_10	1.0
p_2	0.0
p_3	1.0
p_4	0.0
p_5	0.0
p_6	0.0
p_7	0.0
p_8	0.0
p_9	0.0
phi_c1	2.0
phi_c10	1.0
phi_c2	4.0
phi_c3	1.0
phi_c4	2.0
phi_c5	3.0
phi_c6	4.0
phi_c7	2.0
phi_c8	4.0
phi_c9	3.0
phi_dN	0.0
pi_c1	0.0
pi_c10	8.0
pi_c2	0.0
pi_c3	4.0
pi_c4	0.0
pi_c5	0.0
pi_c6	0.0
pi_c7	0.0
pi_c8	0.0
pi_c9	0.0
pi_dN	0.0
tauD_c1	60.0
tauD_c10	30.0
tauD_c2	59.0
tauD_c3	42.0
tauD_c4	85.0
tauD_c5	10.0
tauD_c6	45.0
tauD_c7	23.0
tauD_c8	10.0
tauD_c9	30.0
tauD_d0	0.0
tauD_dN	100.0
tauS_c1	1.0
tauS_c10	34.0
tauS_c2	0.0
tauS_c3	44.0
tauS_c4	0.0
tauS_c5	0.0
tauS_c6	0.0
tauS_c7	0.0
tauS_c8	81.0
tauS_c9	0.0
tauS_d0	0.0
tauS_dN	63.0
x_c10_c6	1.0
x_c1_dN	1.0
x_c2_c4	1.0
x_c3_c2	1.0
x_c4_dN	1.0
x_c5_c7	1.0
x_c6_c1	1.0
x_c7_c10	1.0
x_c8_c9	1.0
x_c9_c3	1.0
x_d0_c5	1.0
x_d0_c8	1.0
z_c10_c3	1.0
z_c3_dN	1.0
z_d0_c10	1.0
