
Gurobi 6.0.4 (win64) logging started 06/12/15 17:49:43

Read LP format model from file E:\Eigene Dateien\Downloads\Michi shit\VRPTWMS-master\VRPTWMS\instances\mip\fuel\N10-C_DV100-C_SV25_F5_11_No_1.lp
Reading time = 0.00 seconds
(null): 621 rows, 298 columns, 2643 nonzeros
Optimize a model with 621 rows, 298 columns and 2643 nonzeros
Model has 1100 quadratic constraints
WARNING: Only barrier available for SOCP models
Coefficient statistics:
  Matrix range    [1e+00, 1e+02]
  Objective range [3e+00, 1e+03]
  Bounds range    [1e+00, 1e+02]
  RHS range       [1e+00, 1e+02]
Presolve removed 62 rows and 41 columns
Presolve time: 0.06s
Presolved: 2188 rows, 1103 columns, 10972 nonzeros
Variable types: 781 continuous, 322 integer (269 binary)
Found heuristic solution: objective 11447.420000
Optimize a model with 2188 rows, 1103 columns and 10972 nonzeros
Coefficient statistics:
  Matrix range    [8e-01, 1e+02]
  Objective range [3e+00, 1e+03]
  Bounds range    [1e+00, 1e+02]
  RHS range       [1e+00, 1e+02]

Concurrent LP optimizer: dual simplex and barrier
Showing barrier log only...

Presolve removed 227 rows and 142 columns
Presolved: 1961 rows, 964 columns, 10024 nonzeros

Root barrier log...

Ordering time: 0.02s

Barrier performed 0 iterations in 0.09 seconds
Barrier solve interrupted - model solved by another algorithm


Solved with dual simplex
Solved in 76 iterations and 0.09 seconds
Optimal objective  1.182903699e+03

Root relaxation: objective 1.182904e+03, 76 iterations, 0.03 seconds

    Nodes    |    Current Node    |     Objective Bounds      |     Work
 Expl Unexpl |  Obj  Depth IntInf | Incumbent    BestBd   Gap | It/Node Time

     0     0 1182.90370    0   25 11447.4200 1182.90370  89.7%     -    0s
H    0     0                    8422.4000000 1182.90370  86.0%     -    0s
     0     0 1201.66970    0   51 8422.40000 1201.66970  85.7%     -    0s
     0     0 1208.84903    0   40 8422.40000 1208.84903  85.6%     -    0s
     0     0 1241.59714    0   54 8422.40000 1241.59714  85.3%     -    0s
     0     0 1337.65455    0   43 8422.40000 1337.65455  84.1%     -    0s
     0     0 1341.69083    0   47 8422.40000 1341.69083  84.1%     -    0s
     0     0 1341.69083    0   48 8422.40000 1341.69083  84.1%     -    0s
H    0     0                    4403.8500000 1341.69083  69.5%     -    0s
     0     0 1341.69083    0   42 4403.85000 1341.69083  69.5%     -    0s
     0     0 1341.69083    0   46 4403.85000 1341.69083  69.5%     -    0s
     0     0 1341.69083    0   44 4403.85000 1341.69083  69.5%     -    0s
     0     0 1341.69083    0   46 4403.85000 1341.69083  69.5%     -    0s
     0     0 1341.69083    0   43 4403.85000 1341.69083  69.5%     -    0s
     0     2 1341.69083    0   43 4403.85000 1341.69083  69.5%     -    0s
H  354   237                    4370.5800000 1424.12702  67.4%  24.8    0s
H  530   325                    4367.2100000 1453.36500  66.7%  25.4    0s
H  956   584                    4346.4000000 1775.24702  59.2%  27.3    0s
H 1279   709                    4316.8700000 2178.14150  49.5%  32.5    1s
H 1447   702                    4311.3000000 2183.90457  49.3%  33.7    1s
* 1757   727              23    4306.9800000 2186.68343  49.2%  35.4    2s
H 1774   691                    4288.8500000 2186.68343  49.0%  35.4    2s
H 1850   679                    4276.8000000 2186.68343  48.9%  35.5    2s
H 2337   810                    4275.9200000 2191.30297  48.8%  35.1    2s
H 2507   883                    4253.2800000 2192.94750  48.4%  34.2    2s
H 2680   977                    4251.1200000 2193.00558  48.4%  35.3    2s
H 2710   842                    3276.1300000 2193.00558  33.1%  35.3    2s
H 2770   838                    3257.6800000 2193.68919  32.7%  35.5    2s
H 2818   832                    3251.8000000 2194.15797  32.5%  35.6    3s
  4218  1209 infeasible   17      3251.80000 2211.42435  32.0%  41.5    5s
  9331  1901 2250.54832   21   24 3251.80000 2238.39387  31.2%  49.5   10s
 14276  1336 2498.15458   21   37 3251.80000 2270.88083  30.2%  55.6   15s

Cutting planes:
  Learned: 1
  Gomory: 3
  Cover: 2
  Implied bound: 2
  Clique: 2
  MIR: 5
  GUB cover: 3

Explored 17977 nodes (1029132 simplex iterations) in 19.76 seconds
Thread count was 4 (of 4 available processors)

Optimal solution found (tolerance 1.00e-04)
Best objective 3.251800000000e+03, best bound 3.251800000000e+03, gap 0.0%
k_c1	63.0
k_c10	93.0
k_c2	83.0
k_c3	97.0
k_c4	89.0
k_c5	85.0
k_c6	100.0
k_c7	8.0
k_c8	93.0
k_c9	83.0
k_dN	-0.0
o_1	0.0
o_10	0.0
o_2	0.0
o_3	0.0
o_4	0.0
o_5	0.0
o_6	0.0
o_7	0.0
o_8	-0.0
o_9	0.0
p_1	0.0
p_10	0.0
p_2	1.0
p_3	1.0
p_4	0.0
p_5	0.0
p_6	0.0
p_7	0.0
p_8	0.0
p_9	0.0
phi_c1	3.0
phi_c10	4.0
phi_c2	1.0
phi_c3	2.0
phi_c4	3.0
phi_c5	2.0
phi_c6	4.0
phi_c7	1.0
phi_c8	3.0
phi_c9	1.0
phi_dN	-0.0
pi_c1	2.0
pi_c10	1.0
pi_c2	4.0
pi_c3	25.0
pi_c4	20.0
pi_c5	3.0
pi_c6	1.0
pi_c7	4.0
pi_c8	20.0
pi_c9	25.0
pi_dN	-0.0
tauD_c1	70.0
tauD_c10	10.0
tauD_c2	53.0
tauD_c3	23.0
tauD_c4	30.0
tauD_c5	45.0
tauD_c6	10.0
tauD_c7	82.0
tauD_c8	41.0
tauD_c9	65.0
tauD_d0	-0.0
tauD_dN	100.0
tauS_c1	4.0
tauS_c10	1.0
tauS_c2	38.0
tauS_c3	8.0
tauS_c4	27.0
tauS_c5	0.0
tauS_c6	4.0
tauS_c7	0.0
tauS_c8	18.0
tauS_c9	3.0
tauS_d0	-0.0
tauS_dN	72.0
x_c10_c4	1.0
x_c1_c7	1.0
x_c2_c1	1.0
x_c3_c8	1.0
x_c4_c5	1.0
x_c5_c9	1.0
x_c6_c3	1.0
x_c7_dN	1.0
x_c8_c2	1.0
x_c9_dN	1.0
x_d0_c10	1.0
x_d0_c6	1.0
z_c2_dN	1.0
z_c3_c2	1.0
z_d0_c3	1.0
