
Gurobi 6.0.4 (win64) logging started 06/12/15 17:50:03

Read LP format model from file E:\Eigene Dateien\Downloads\Michi shit\VRPTWMS-master\VRPTWMS\instances\mip\fuel\N10-C_DV100-C_SV25_F5_12_No_1.lp
Reading time = 0.02 seconds
(null): 621 rows, 298 columns, 2643 nonzeros
Optimize a model with 621 rows, 298 columns and 2643 nonzeros
Model has 1100 quadratic constraints
WARNING: Only barrier available for SOCP models
Coefficient statistics:
  Matrix range    [1e+00, 1e+02]
  Objective range [5e+00, 1e+03]
  Bounds range    [1e+00, 1e+02]
  RHS range       [1e+00, 1e+02]
Presolve removed 45 rows and 26 columns
Presolve time: 0.06s
Presolved: 2509 rows, 1278 columns, 12621 nonzeros
Variable types: 927 continuous, 351 integer (298 binary)
Found heuristic solution: objective 13728.520000
Optimize a model with 2509 rows, 1278 columns and 12621 nonzeros
Coefficient statistics:
  Matrix range    [1e+00, 1e+02]
  Objective range [5e+00, 1e+03]
  Bounds range    [1e+00, 1e+02]
  RHS range       [1e+00, 1e+02]

Concurrent LP optimizer: dual simplex and barrier
Showing barrier log only...

Presolve removed 200 rows and 136 columns
Presolved: 2309 rows, 1142 columns, 11727 nonzeros

Root barrier log...

Ordering time: 0.02s

Barrier performed 0 iterations in 0.09 seconds
Barrier solve interrupted - model solved by another algorithm


Solved with dual simplex
Solved in 149 iterations and 0.09 seconds
Optimal objective  1.768653411e+02

Root relaxation: objective 1.768653e+02, 149 iterations, 0.02 seconds

    Nodes    |    Current Node    |     Objective Bounds      |     Work
 Expl Unexpl |  Obj  Depth IntInf | Incumbent    BestBd   Gap | It/Node Time

     0     0  176.86534    0   34 13728.5200  176.86534  98.7%     -    0s
H    0     0                    9616.8700000  176.86534  98.2%     -    0s
     0     0  312.20149    0   76 9616.87000  312.20149  96.8%     -    0s
     0     0  590.05988    0   57 9616.87000  590.05988  93.9%     -    0s
     0     0  632.42069    0   54 9616.87000  632.42069  93.4%     -    0s
     0     0  640.20305    0   59 9616.87000  640.20305  93.3%     -    0s
     0     0  642.65862    0   53 9616.87000  642.65862  93.3%     -    0s
     0     0  642.65862    0   55 9616.87000  642.65862  93.3%     -    0s
     0     0  642.65862    0   53 9616.87000  642.65862  93.3%     -    0s
     0     0  642.65862    0   53 9616.87000  642.65862  93.3%     -    0s
H    0     0                    9603.4900000  642.65862  93.3%     -    0s
     0     2  642.65862    0   53 9603.49000  642.65862  93.3%     -    0s
H  161   149                    5448.5700000  862.84803  84.2%  33.1    0s
H  264   207                    5442.6200000  863.73036  84.1%  35.0    0s
H  570   398                    5398.7000000  919.11083  83.0%  36.5    0s
H  636   456                    5394.8500000 1207.46500  77.6%  36.2    0s
H 1156   743                    5377.1400000 1217.09214  77.4%  42.6    2s
  2717  1348     cutoff   32      5377.14000 1235.48074  77.0%  51.9    5s
H 2809  1207                    4398.4900000 1238.29571  71.8%  52.2    5s
H 2927  1201                    4388.0800000 1243.39543  71.7%  53.5    6s
  4586  2033 2519.39135   29   71 4388.08000 1360.38946  69.0%  59.9   10s
H 7465  3354                    4371.4000000 1613.06063  63.1%  65.0   14s
  7597  3395 3389.31720   22   46 4371.40000 1631.89333  62.7%  65.4   15s
H 8493  3703                    4346.4000000 1689.15368  61.1%  67.0   17s
 10107  4244 3332.71094   41   41 4346.40000 1778.15128  59.1%  67.8   20s
 13272  5260 infeasible   56      4346.40000 2218.62399  49.0%  69.9   25s
 17342  6913 4323.73517   30   32 4346.40000 2250.56676  48.2%  69.3   30s
*18445  7315              40    4342.2000000 2254.09386  48.1%  69.3   32s
 20261  8093 infeasible   47      4342.20000 2260.02373  48.0%  69.1   35s
 20815  8338 2342.54057   31   52 4342.20000 2261.26356  47.9%  68.8   40s
 20832  8349 3023.53531   38   64 4342.20000 2261.26356  47.9%  68.8   45s
 20951  8395 2261.26356   27   46 4342.20000 2261.26356  47.9%  69.1   50s
 24168  8476 3392.48056   44   42 4342.20000 2261.26356  47.9%  69.0   55s
 27234  8411     cutoff   58      4342.20000 2261.26356  47.9%  70.1   60s
 31216  8296     cutoff   41      4342.20000 2269.70362  47.7%  71.1   65s
H32430  7831                    4338.0100000 2275.30655  47.5%  71.6   68s
H33390  7253                    3409.6600000 2283.48649  33.0%  71.7   69s
 33930  7145     cutoff   58      3409.66000 2285.39511  33.0%  71.9   71s
 36874  6750 2297.39440   44   53 3409.66000 2296.11930  32.7%  72.6   75s
 40575  6006     cutoff   42      3409.66000 2312.06499  32.2%  73.3   80s
 44481  5425     cutoff   47      3409.66000 2323.89951  31.8%  74.0   85s
 47894  5600 2343.68673   38   42 3409.66000 2333.44676  31.6%  74.3   90s
 51692  5718     cutoff   53      3409.66000 2342.13681  31.3%  74.6   95s
H53045  5645                    3407.3500000 2345.70747  31.2%  74.7   97s
 54206  5624 2380.30455   46   56 3407.35000 2348.10677  31.1%  74.8  100s
 56915  5520     cutoff   58      3407.35000 2355.57889  30.9%  75.1  105s
*58185  5523              68    3401.3000000 2357.93450  30.7%  75.1  106s
 59552  5380     cutoff   51      3401.30000 2362.20800  30.5%  75.1  110s
 63041  4769 2898.23927   46   41 3401.30000 2373.87697  30.2%  75.4  115s
H65430  4112                    3396.4100000 2383.03315  29.8%  75.8  119s
 66033  3883     cutoff   54      3396.41000 2386.59928  29.7%  75.9  120s
 68546  2846     cutoff   41      3396.41000 2413.76923  28.9%  76.2  125s
 71605  1730 3257.71383   40   18 3396.41000 3248.93443  4.34%  76.3  130s
 75506   965 infeasible   47      3396.41000 3331.83135  1.90%  76.6  135s

Cutting planes:
  Learned: 1
  Gomory: 4
  Cover: 2
  Implied bound: 17
  Clique: 9
  MIR: 5
  Flow cover: 9
  GUB cover: 3
  Zero half: 25

Explored 77765 nodes (5916329 simplex iterations) in 137.25 seconds
Thread count was 4 (of 4 available processors)

Optimal solution found (tolerance 1.00e-04)
Best objective 3.396410000000e+03, best bound 3.396410000000e+03, gap 0.0%
k_c1	100.0
k_c10	1.0
k_c2	96.0
k_c3	14.0
k_c4	95.0
k_c5	97.0
k_c6	100.0
k_c7	12.0
k_c8	89.0
k_c9	98.0
k_dN	0.0
o_1	0.0
o_10	0.0
o_2	0.0
o_3	1.0
o_4	0.0
o_5	0.0
o_6	0.0
o_7	0.0
o_8	0.0
o_9	0.0
p_1	0.0
p_10	1.0
p_2	0.0
p_3	1.0
p_4	0.0
p_5	1.0
p_6	0.0
p_7	0.0
p_8	0.0
p_9	1.0
phi_c1	2.0
phi_c10	0.0
phi_c2	4.0
phi_c3	0.0
phi_c4	2.0
phi_c5	0.0
phi_c6	3.0
phi_c7	3.0
phi_c8	2.0
phi_c9	1.0
phi_dN	0.0
pi_c1	20.0
pi_c10	5.0
pi_c2	0.0
pi_c3	10.0
pi_c4	20.0
pi_c5	15.0
pi_c6	0.0
pi_c7	0.0
pi_c8	0.0
pi_c9	19.0
pi_dN	0.0
tauD_c1	9.0
tauD_c10	65.0
tauD_c2	45.0
tauD_c3	59.0
tauD_c4	52.0
tauD_c5	20.0
tauD_c6	5.0
tauD_c7	85.0
tauD_c8	52.0
tauD_c9	21.0
tauD_d0	0.0
tauD_dN	100.0
tauS_c1	2.0
tauS_c10	80.0
tauS_c2	9.0
tauS_c3	54.0
tauS_c4	6.0
tauS_c5	37.0
tauS_c6	11.0
tauS_c7	77.0
tauS_c8	85.0
tauS_c9	5.0
tauS_d0	0.0
tauS_dN	99.0
x_c10_dN	1.0
x_c1_c5	1.0
x_c2_c8	1.0
x_c3_c7	1.0
x_c4_c3	1.0
x_c5_c4	1.0
x_c6_c9	1.0
x_c7_dN	1.0
x_c8_c10	1.0
x_c9_c2	1.0
x_d0_c1	1.0
x_d0_c6	1.0
z_c10_dN	1.0
z_c3_c10	1.0
z_c5_c3	1.0
z_c9_c5	1.0
z_d0_c9	1.0
