
Gurobi 6.0.4 (win64) logging started 06/18/15 17:38:15

Read LP format model from file E:\Eigene Dateien\Downloads\Michi shit\VRPTWMS2\instances\mip\fuel\N10-C_DV100-C_SV25_F5_8_No_1.lp
Reading time = 0.01 seconds
(null): 621 rows, 288 columns, 2553 nonzeros
Optimize a model with 621 rows, 288 columns and 2553 nonzeros
Model has 1000 quadratic constraints
Coefficient statistics:
  Matrix range    [1e+00, 1e+06]
  Objective range [5e+04, 1e+07]
  Bounds range    [1e+00, 1e+06]
  RHS range       [1e+00, 1e+06]
Presolve removed 120 rows and 73 columns
Presolve time: 0.03s
Presolved: 1327 rows, 628 columns, 7703 nonzeros
Variable types: 413 continuous, 215 integer (175 binary)
Found heuristic solution: objective 1.046888e+08

Root relaxation: objective 2.584509e+07, 106 iterations, 0.00 seconds

    Nodes    |    Current Node    |     Objective Bounds      |     Work
 Expl Unexpl |  Obj  Depth IntInf | Incumbent    BestBd   Gap | It/Node Time

     0     0 2.5845e+07    0   31 1.0469e+08 2.5845e+07  75.3%     -    0s
H    0     0                    8.427200e+07 2.5845e+07  69.3%     -    0s
     0     0 3.2828e+07    0   37 8.4272e+07 3.2828e+07  61.0%     -    0s
H    0     0                    7.367400e+07 3.2828e+07  55.4%     -    0s
H    0     0                    5.313530e+07 3.2828e+07  38.2%     -    0s
     0     0 3.2911e+07    0   32 5.3135e+07 3.2911e+07  38.1%     -    0s
     0     0 3.3417e+07    0   38 5.3135e+07 3.3417e+07  37.1%     -    0s
H    0     0                    5.312480e+07 3.3417e+07  37.1%     -    0s
     0     0 3.4433e+07    0   38 5.3125e+07 3.4433e+07  35.2%     -    0s
H    0     0                    5.292090e+07 3.4433e+07  34.9%     -    0s
     0     0 3.4489e+07    0   38 5.2921e+07 3.4489e+07  34.8%     -    0s
H    0     0                    4.278000e+07 3.4489e+07  19.4%     -    0s
     0     0 3.4674e+07    0   33 4.2780e+07 3.4674e+07  18.9%     -    0s
H    0     0                    4.264190e+07 3.4674e+07  18.7%     -    0s
     0     0 3.4674e+07    0   35 4.2642e+07 3.4674e+07  18.7%     -    0s
     0     0 3.4674e+07    0   32 4.2642e+07 3.4674e+07  18.7%     -    0s
     0     0 3.5195e+07    0   18 4.2642e+07 3.5195e+07  17.5%     -    0s
*    0     0               0    4.259700e+07 4.2597e+07  0.00%     -    0s

Cutting planes:
  Learned: 1
  Gomory: 2
  Cover: 1
  Implied bound: 3
  Clique: 6
  MIR: 2
  GUB cover: 1

Explored 0 nodes (429 simplex iterations) in 0.20 seconds
Thread count was 4 (of 4 available processors)

Optimal solution found (tolerance 1.00e-04)
Best objective 4.259699999999e+07, best bound 4.259699999999e+07, gap 0.0%
k_c1	940000.0
k_c10	940000.0
k_c2	789996.0
k_c3	30000.0
k_c4	90000.0
k_c5	60000.0
k_c6	860000.0
k_c7	769995.0
k_c8	40000.0
k_c9	940000.0
k_dN	-0.0
o_1	-0.0
o_10	-0.0
o_2	-0.0
o_3	-0.0
o_4	-0.0
o_5	-0.0
o_6	-0.0
o_7	-0.0
o_8	-0.0
o_9	-0.0
p_1	0.0
p_10	0.0
p_2	0.0
p_3	0.0
p_4	0.0
p_5	-0.0
p_6	-0.0
p_7	0.0
p_8	0.0
p_9	-0.0
phi_c1	31924.0
phi_c10	27167.0
phi_c2	22109.999999999956
phi_c3	6690.0
phi_c4	14082.0
phi_c5	33247.999999999985
phi_c6	28511.999999999993
phi_c7	18658.0
phi_c8	18003.000000000033
phi_c9	41276.0
phi_d0	50000.0
phi_dN	-0.0
tauD_c1	184400.0
tauD_c10	250000.0
tauD_c2	600000.0
tauD_c3	747625.0
tauD_c4	700000.0
tauD_c5	650000.0
tauD_c6	300000.0
tauD_c7	650000.0
tauD_c8	752400.0
tauD_c9	50000.0
tauD_d0	-0.0
tauD_dN	1000000.0
tauS_c1	16800.0
tauS_c10	-0.0
tauS_c2	806800.0
tauS_c3	-0.0
tauS_c4	-0.0
tauS_c5	-0.0
tauS_c6	24525.0
tauS_c7	13600.0
tauS_c8	-0.0
tauS_c9	-0.0
tauS_d0	-0.0
tauS_dN	147250.0
x_c10_dN	1.0
x_c1_c6	1.0
x_c2_c4	1.0
x_c3_dN	1.0
x_c4_c3	1.0
x_c5_c8	1.0
x_c6_c7	1.0
x_c7_dN	1.0
x_c8_dN	1.0
x_c9_c5	1.0000000000013987
x_d0_c1	1.0
x_d0_c10	1.0
x_d0_c2	1.0
x_d0_c9	1.0
