
Gurobi 6.0.4 (win64) logging started 06/18/15 17:38:24

Read LP format model from file E:\Eigene Dateien\Downloads\Michi shit\VRPTWMS2\instances\mip\fuel\N12-C_DV100-C_SV25_F5_2_No_1.lp
Reading time = 0.01 seconds
(null): 865 rows, 392 columns, 3639 nonzeros
Optimize a model with 865 rows, 392 columns and 3639 nonzeros
Model has 1728 quadratic constraints
Coefficient statistics:
  Matrix range    [1e+00, 1e+06]
  Objective range [3e+04, 1e+07]
  Bounds range    [1e+00, 1e+06]
  RHS range       [1e+00, 1e+06]
Presolve removed 88 rows and 46 columns
Presolve time: 0.10s
Presolved: 3577 rows, 1746 columns, 19710 nonzeros
Variable types: 1400 continuous, 346 integer (296 binary)
Found heuristic solution: objective 1.248734e+08

Root relaxation: objective 1.821899e+06, 205 iterations, 0.01 seconds

    Nodes    |    Current Node    |     Objective Bounds      |     Work
 Expl Unexpl |  Obj  Depth IntInf | Incumbent    BestBd   Gap | It/Node Time

     0     0 1821899.10    0   56 1.2487e+08 1821899.10  98.5%     -    0s
H    0     0                    1.041801e+08 1821899.10  98.3%     -    0s
     0     0 1973164.92    0   58 1.0418e+08 1973164.92  98.1%     -    0s
H    0     0                    9.372430e+07 1973164.92  97.9%     -    0s
     0     0 2383247.75    0   51 9.3724e+07 2383247.75  97.5%     -    0s
     0     0 3320312.42    0   59 9.3724e+07 3320312.42  96.5%     -    0s
H    0     0                    8.366800e+07 3320312.42  96.0%     -    0s
     0     0 4724277.11    0   48 8.3668e+07 4724277.11  94.4%     -    0s
     0     0 4869750.00    0   42 8.3668e+07 4869750.00  94.2%     -    0s
     0     0 4886316.67    0   51 8.3668e+07 4886316.67  94.2%     -    0s
     0     0 4886725.00    0   49 8.3668e+07 4886725.00  94.2%     -    0s
     0     0 4898087.50    0   49 8.3668e+07 4898087.50  94.1%     -    0s
     0     0 4924175.00    0   49 8.3668e+07 4924175.00  94.1%     -    0s
     0     0 5202266.67    0   50 8.3668e+07 5202266.67  93.8%     -    0s
     0     0 5204688.89    0   50 8.3668e+07 5204688.89  93.8%     -    0s
     0     0 5204688.89    0   50 8.3668e+07 5204688.89  93.8%     -    0s
     0     2 5204688.89    0   50 8.3668e+07 5204688.89  93.8%     -    0s
H   28    24                    6.324800e+07 7695268.88  87.8%  36.5    0s
H   50    32                    5.287880e+07 7783017.25  85.3%  28.4    0s
H   85    50                    5.284150e+07 7783017.25  85.3%  26.1    0s
*  445   182              27    5.283800e+07 1.0219e+07  80.7%  18.6    0s
H  774   412                    5.279900e+07 1.2173e+07  76.9%  19.1    1s
* 1194   746              19    4.273490e+07 1.3217e+07  69.1%  15.0    1s
H 1274   702                    4.266840e+07 1.3250e+07  68.9%  15.3    1s

Cutting planes:
  Learned: 4
  Gomory: 1
  Cover: 9
  Implied bound: 6
  Clique: 3
  MIR: 9
  GUB cover: 14

Explored 2782 nodes (51769 simplex iterations) in 2.97 seconds
Thread count was 4 (of 4 available processors)

Optimal solution found (tolerance 1.00e-04)
Best objective 4.266840000000e+07, best bound 4.266840000000e+07, gap 0.0%
k_c1	20000.0
k_c10	820000.0
k_c11	30000.0
k_c12	940000.0
k_c2	150000.0
k_c3	50000.0
k_c4	30000.0
k_c5	80000.0
k_c6	80000.0
k_c7	130000.0
k_c8	260000.0
k_c9	120000.0
k_dN	-0.0
o_1	-0.0
o_10	0.0
o_11	0.0
o_12	-0.0
o_2	-0.0
o_3	-0.0
o_4	-0.0
o_5	-0.0
o_6	-0.0
o_7	-0.0
o_8	-0.0
o_9	0.0
p_1	0.0
p_10	0.0
p_11	0.0
p_12	-0.0
p_2	-0.0
p_3	0.0
p_4	0.0
p_5	-0.0
p_6	0.0
p_7	0.0
p_8	0.0
p_9	-0.0
phi_c1	11433.0
phi_c10	27608.0
phi_c11	2007.0
phi_c12	33917.0
phi_c2	31055.0
phi_c3	21381.0
phi_c4	15862.0
phi_c5	25663.0
phi_c6	24840.0
phi_c7	36347.0
phi_c8	36267.0
phi_c9	20592.0
phi_d0	50000.0
phi_dN	-0.0
tauD_c1	745474.0
tauD_c10	500000.0
tauD_c11	600000.0
tauD_c12	259299.0
tauD_c2	100000.0
tauD_c3	226150.0
tauD_c4	650000.0
tauD_c5	140150.0
tauD_c6	546450.0
tauD_c7	259299.0
tauD_c8	341975.0
tauD_c9	480550.0
tauD_d0	-0.0
tauD_dN	1000000.0
tauS_c1	855474.0
tauS_c10	806949.0
tauS_c11	0.0
tauS_c12	828199.0
tauS_c2	0.0
tauS_c3	828999.0
tauS_c4	787899.0
tauS_c5	0.0
tauS_c6	0.0
tauS_c7	0.0
tauS_c8	859999.0
tauS_c9	808499.0
tauS_d0	-0.0
tauS_dN	0.0
x_c10_dN	1.0
x_c11_dN	1.0
x_c12_c10	1.0
x_c1_dN	1.0
x_c2_c5	1.0
x_c3_c1	1.0
x_c4_dN	1.0
x_c5_c3	1.0
x_c6_c4	1.0
x_c7_c6	1.0
x_c8_c9	1.0
x_c9_c11	1.0
x_d0_c12	1.0
x_d0_c2	1.0
x_d0_c7	1.0
x_d0_c8	1.0
