
Gurobi 6.0.4 (win64) logging started 06/18/15 17:40:01

Read LP format model from file E:\Eigene Dateien\Downloads\Michi shit\VRPTWMS2\instances\mip\fuel\N14-C_DV100-C_SV25_F5_4_No_1.lp
Reading time = 0.02 seconds
(null): 1149 rows, 512 columns, 4917 nonzeros
Optimize a model with 1149 rows, 512 columns and 4917 nonzeros
Model has 2744 quadratic constraints
Coefficient statistics:
  Matrix range    [1e+00, 1e+06]
  Objective range [1e+04, 1e+07]
  Bounds range    [1e+00, 1e+06]
  RHS range       [1e+00, 1e+06]
Presolve removed 136 rows and 61 columns
Presolve time: 0.17s
Presolved: 5457 rows, 2673 columns, 29150 nonzeros
Variable types: 2222 continuous, 451 integer (393 binary)
Found heuristic solution: objective 1.356708e+08
Found heuristic solution: objective 1.353982e+08

Root relaxation: objective 1.861877e+06, 174 iterations, 0.00 seconds

    Nodes    |    Current Node    |     Objective Bounds      |     Work
 Expl Unexpl |  Obj  Depth IntInf | Incumbent    BestBd   Gap | It/Node Time

     0     0 1861877.42    0   58 1.3540e+08 1861877.42  98.6%     -    0s
H    0     0                    6.333490e+07 1861877.42  97.1%     -    0s
     0     0 2248886.94    0   64 6.3335e+07 2248886.94  96.4%     -    0s
     0     0 2334772.14    0   69 6.3335e+07 2334772.14  96.3%     -    0s
     0     0 2370050.00    0   46 6.3335e+07 2370050.00  96.3%     -    0s
H    0     0                    6.303670e+07 2370050.00  96.2%     -    0s
     0     0 2422396.58    0   60 6.3037e+07 2422396.58  96.2%     -    0s
     0     0 2428800.00    0   38 6.3037e+07 2428800.00  96.1%     -    0s
     0     0 2438416.67    0   71 6.3037e+07 2438416.67  96.1%     -    0s
     0     0 2440100.00    0   46 6.3037e+07 2440100.00  96.1%     -    0s
     0     0 2440100.00    0   39 6.3037e+07 2440100.00  96.1%     -    0s
     0     0 2457766.67    0   59 6.3037e+07 2457766.67  96.1%     -    0s
     0     0 2463092.86    0   71 6.3037e+07 2463092.86  96.1%     -    0s
     0     0 2465700.00    0   37 6.3037e+07 2465700.00  96.1%     -    0s
     0     0 2467783.33    0   78 6.3037e+07 2467783.33  96.1%     -    0s
     0     0 2467783.33    0   78 6.3037e+07 2467783.33  96.1%     -    0s
     0     0 2467783.33    0   74 6.3037e+07 2467783.33  96.1%     -    0s
     0     2 2467783.33    0   69 6.3037e+07 2467783.33  96.1%     -    1s
H   33    24                    5.298840e+07 2531687.71  95.2%  37.7    1s
H  176    98                    5.296450e+07 2860650.00  94.6%  33.3    1s
H  307   147                    5.295670e+07 2860650.00  94.6%  26.8    1s
H  314   151                    5.293150e+07 2860650.00  94.6%  26.4    1s
H  372   165                    5.281390e+07 3686031.95  93.0%  25.2    1s
H 1003   531                    5.279890e+07 7879256.71  85.1%  25.9    2s
  1331   581 4.2813e+07   48   20 5.2799e+07 7879256.71  85.1%  28.1    5s
H 3575   615                    5.279450e+07 3.2471e+07  38.5%  24.5    9s
  3800   660     cutoff   47      5.2795e+07 3.2486e+07  38.5%  24.3   10s
  7304   733     cutoff   41      5.2795e+07 3.4970e+07  33.8%  21.8   15s
 11433    26     cutoff   44      5.2795e+07 4.4588e+07  15.5%  19.8   20s

Cutting planes:
  Learned: 3
  Gomory: 1
  Cover: 4
  Implied bound: 2
  Clique: 1
  MIR: 4
  GUB cover: 11

Explored 11591 nodes (229252 simplex iterations) in 20.22 seconds
Thread count was 4 (of 4 available processors)

Optimal solution found (tolerance 1.00e-04)
Best objective 5.279450000000e+07, best bound 5.279450000000e+07, gap 0.0%
k_c1	140000.0
k_c10	20000.0
k_c11	110000.0
k_c12	50000.0
k_c13	80000.0
k_c14	40000.0
k_c2	30000.0
k_c3	130000.0
k_c4	1000000.0
k_c5	90000.0
k_c6	110000.0
k_c7	70000.0
k_c8	1000000.0
k_c9	100000.0
k_dN	-0.0
o_1	-0.0
o_10	-0.0
o_11	-0.0
o_12	-0.0
o_13	-0.0
o_14	-0.0
o_2	-0.0
o_3	-0.0
o_4	-0.0
o_5	-0.0
o_6	-0.0
o_7	-0.0
o_8	-0.0
o_9	-0.0
p_1	0.0
p_10	0.0
p_11	0.0
p_12	-0.0
p_13	0.0
p_14	0.0
p_2	-0.0
p_3	0.0
p_4	0.0
p_5	0.0
p_6	0.0
p_7	0.0
p_8	-0.0
p_9	0.0
phi_c1	35938.0
phi_c10	12497.0
phi_c11	37664.0
phi_c12	12872.0
phi_c13	28988.0
phi_c14	2676.0
phi_c2	15447.0
phi_c3	29670.0
phi_c4	41918.0
phi_c5	18853.0
phi_c6	6744.0
phi_c7	28319.0
phi_c8	34379.0
phi_c9	22278.0
phi_d0	50000.0
phi_dN	-0.0
tauD_c1	400000.0
tauD_c10	200000.0
tauD_c11	387350.0
tauD_c12	650000.0
tauD_c13	200000.0
tauD_c14	725200.0
tauD_c2	600000.0
tauD_c3	250000.0
tauD_c4	152500.0
tauD_c5	450000.0
tauD_c6	650000.0
tauD_c7	501900.0
tauD_c8	58375.0
tauD_c9	716850.0
tauD_d0	-0.0
tauD_dN	1000000.0
tauS_c1	-0.0
tauS_c10	-0.0
tauS_c11	-0.0
tauS_c12	-0.0
tauS_c13	-0.0
tauS_c14	-0.0
tauS_c2	-0.0
tauS_c3	-0.0
tauS_c4	-0.0
tauS_c5	-0.0
tauS_c6	-0.0
tauS_c7	-0.0
tauS_c8	136000.0
tauS_c9	-0.0
tauS_d0	-0.0
tauS_dN	-0.0
x_c10_dN	1.0
x_c11_c5	1.0
x_c12_dN	1.0
x_c13_c7	1.0
x_c14_dN	1.0
x_c1_c6	1.0
x_c2_dN	1.0
x_c3_c9	1.0
x_c4_c10	1.0
x_c5_c12	1.0
x_c6_c14	1.0
x_c7_c2	1.0
x_c8_c13	1.0
x_c9_dN	1.0
x_d0_c1	1.0
x_d0_c11	1.0
x_d0_c3	1.0
x_d0_c4	1.0
x_d0_c8	1.0
