
Gurobi 6.0.4 (win64) logging started 06/18/15 17:40:21

Read LP format model from file E:\Eigene Dateien\Downloads\Michi shit\VRPTWMS2\instances\mip\fuel\N14-C_DV100-C_SV25_F5_5_No_1.lp
Reading time = 0.02 seconds
(null): 1149 rows, 512 columns, 4917 nonzeros
Optimize a model with 1149 rows, 512 columns and 4917 nonzeros
Model has 2744 quadratic constraints
Coefficient statistics:
  Matrix range    [1e+00, 1e+06]
  Objective range [2e+04, 1e+07]
  Bounds range    [1e+00, 1e+06]
  RHS range       [1e+00, 1e+06]
Presolve removed 162 rows and 84 columns
Presolve time: 0.16s
Presolved: 4850 rows, 2358 columns, 26483 nonzeros
Variable types: 1930 continuous, 428 integer (370 binary)
Found heuristic solution: objective 1.354104e+08

Root relaxation: objective 8.303849e+06, 221 iterations, 0.00 seconds

    Nodes    |    Current Node    |     Objective Bounds      |     Work
 Expl Unexpl |  Obj  Depth IntInf | Incumbent    BestBd   Gap | It/Node Time

     0     0 8303849.17    0   74 1.3541e+08 8303849.17  93.9%     -    0s
H    0     0                    1.048732e+08 8303849.17  92.1%     -    0s
     0     0 1.2817e+07    0   63 1.0487e+08 1.2817e+07  87.8%     -    0s
     0     0 1.3708e+07    0   71 1.0487e+08 1.3708e+07  86.9%     -    0s
     0     0 1.4389e+07    0   60 1.0487e+08 1.4389e+07  86.3%     -    0s
     0     0 1.4435e+07    0   57 1.0487e+08 1.4435e+07  86.2%     -    0s
H    0     0                    9.445930e+07 1.4435e+07  84.7%     -    0s
     0     0 1.4533e+07    0   73 9.4459e+07 1.4533e+07  84.6%     -    0s
     0     0 1.4555e+07    0   79 9.4459e+07 1.4555e+07  84.6%     -    0s
     0     0 1.4555e+07    0   80 9.4459e+07 1.4555e+07  84.6%     -    0s
     0     0 1.4555e+07    0   75 9.4459e+07 1.4555e+07  84.6%     -    0s
     0     2 1.4555e+07    0   73 9.4459e+07 1.4555e+07  84.6%     -    0s
H   30    34                    6.364250e+07 1.4614e+07  77.0%  34.2    0s
H   47    46                    6.350710e+07 1.4614e+07  77.0%  29.6    0s
H  157   119                    6.342660e+07 1.4614e+07  77.0%  20.6    0s
H  218   147                    6.341040e+07 1.4614e+07  77.0%  19.7    0s
H  227   150                    6.336010e+07 1.5429e+07  75.6%  19.5    0s
*  237   150              23    6.334210e+07 1.7694e+07  72.1%  19.0    0s
H  240   153                    6.334140e+07 1.7694e+07  72.1%  19.1    0s
H  289   173                    6.322040e+07 1.7694e+07  72.0%  18.5    0s
*  546   268              28    5.299100e+07 1.9786e+07  62.7%  16.6    1s
H  580   287                    5.297850e+07 1.9786e+07  62.7%  16.3    1s
  2100   890 4.3311e+07   29   83 5.2979e+07 3.0729e+07  42.0%  17.2    5s
H 2101   846                    5.295310e+07 3.2866e+07  37.9%  17.2    5s
H 2985   790                    5.294080e+07 3.3010e+07  37.6%  20.6    8s
  3730   630 3.8136e+07   23   40 5.2941e+07 3.3825e+07  36.1%  21.7   10s

Cutting planes:
  Learned: 7
  Gomory: 2
  Cover: 20
  Implied bound: 107
  Clique: 12
  MIR: 37
  Flow cover: 81
  GUB cover: 31
  Zero half: 40

Explored 7269 nodes (158927 simplex iterations) in 14.98 seconds
Thread count was 4 (of 4 available processors)

Optimal solution found (tolerance 1.00e-04)
Best objective 5.294080000000e+07, best bound 5.294080000000e+07, gap 0.0%
k_c1	80000.0
k_c10	749997.0
k_c11	979999.0
k_c12	819998.0
k_c13	170001.0
k_c14	60000.0
k_c2	829999.0
k_c3	200000.0
k_c4	929999.0
k_c5	980000.0
k_c6	850000.0
k_c7	1000000.0
k_c8	1000000.0
k_c9	1000000.0
k_dN	-0.0
o_1	0.0
o_10	0.0
o_11	0.0
o_12	0.0
o_13	0.0
o_14	0.0
o_2	0.0
o_3	0.0
o_4	0.0
o_5	0.0
o_6	0.0
o_7	0.0
o_8	0.0
o_9	0.0
p_1	0.0
p_10	0.0
p_11	0.0
p_12	0.0
p_13	0.0
p_14	0.0
p_2	0.0
p_3	0.0
p_4	0.0
p_5	0.0
p_6	0.0
p_7	0.0
p_8	0.0
p_9	0.0
phi_c1	11507.0
phi_c10	18558.0
phi_c11	24671.0
phi_c12	29262.0
phi_c13	17568.0
phi_c14	5098.0
phi_c2	31677.0
phi_c3	15093.0
phi_c4	20437.0
phi_c5	30091.0
phi_c6	27335.0
phi_c7	31495.0
phi_c8	34907.0
phi_c9	33436.0
phi_d0	50000.0
phi_dN	-0.0
tauD_c1	847000.0
tauD_c10	759700.0
tauD_c11	650000.0
tauD_c12	699698.0
tauD_c13	650000.0
tauD_c14	850000.0
tauD_c2	400000.0
tauD_c3	833600.0
tauD_c4	200000.0
tauD_c5	250000.0
tauD_c6	310300.0
tauD_c7	450000.0
tauD_c8	75925.0
tauD_c9	100000.0
tauD_d0	-0.0
tauD_dN	1000000.0
tauS_c1	877000.0
tauS_c10	867250.0
tauS_c11	829400.0
tauS_c12	906525.0
tauS_c13	887400.0
tauS_c14	900950.0
tauS_c2	915000.0
tauS_c3	863600.0
tauS_c4	857300.0
tauS_c5	858250.0
tauS_c6	867975.0
tauS_c7	850850.0
tauS_c8	863600.0
tauS_c9	858100.0
tauS_d0	-0.0
tauS_dN	1000000.0
x_c10_c14	1.0
x_c11_dN	1.0
x_c12_c10	1.0
x_c13_dN	1.0
x_c14_dN	1.0
x_c1_dN	1.0
x_c2_c12	1.0
x_c3_dN	1.0
x_c4_c1	1.0
x_c5_c6	1.0
x_c6_c3	1.0
x_c7_c11	1.0
x_c8_c4	1.0
x_c9_c5	1.0
x_d0_c13	1.0
x_d0_c2	1.0
x_d0_c7	1.0
x_d0_c8	1.0
x_d0_c9	1.0
