
Gurobi 6.0.4 (win64) logging started 06/18/15 17:35:55

Read LP format model from file E:\Eigene Dateien\Downloads\Michi shit\VRPTWMS2\instances\mip\fuel\N4-C_DV100-C_SV25_F5_2_No_1.lp
Reading time = 0.00 seconds
(null): 129 rows, 72 columns, 447 nonzeros
Optimize a model with 129 rows, 72 columns and 447 nonzeros
Model has 64 quadratic constraints
Coefficient statistics:
  Matrix range    [1e+00, 1e+06]
  Objective range [5e+04, 1e+07]
  Bounds range    [1e+00, 1e+06]
  RHS range       [1e+00, 1e+06]
Presolve removed 70 rows and 34 columns
Presolve time: 0.00s
Presolved: 107 rows, 62 columns, 505 nonzeros
Variable types: 24 continuous, 38 integer (28 binary)
Found heuristic solution: objective 4.236740e+07

Explored 0 nodes (0 simplex iterations) in 0.00 seconds
Thread count was 4 (of 4 available processors)

Optimal solution found (tolerance 1.00e-04)
Best objective 4.236740000000e+07, best bound 4.236740000000e+07, gap 0.0%
k_c1	1000000.0
k_c2	1000000.0
k_c3	1000000.0
k_c4	1000000.0
k_dN	-0.0
o_1	-0.0
o_2	-0.0
o_3	-0.0
o_4	-0.0
p_1	-0.0
p_2	-0.0
p_3	-0.0
p_4	-0.0
phi_c1	28211.0
phi_c2	9647.0
phi_c3	25240.0
phi_c4	27006.0
phi_d0	50000.0
phi_dN	-0.0
tauD_c1	650000.0
tauD_c2	234550.0
tauD_c3	144550.0
tauD_c4	300000.0
tauD_d0	-0.0
tauD_dN	1000000.0
tauS_c1	-0.0
tauS_c2	-0.0
tauS_c3	-0.0
tauS_c4	-0.0
tauS_d0	-0.0
tauS_dN	797475.0
x_c1_dN	1.0
x_c2_dN	1.0
x_c3_dN	1.0
x_c4_dN	1.0
x_d0_c1	1.0
x_d0_c2	1.0
x_d0_c3	1.0
x_d0_c4	1.0
