
Gurobi 6.0.4 (win64) logging started 06/18/15 17:35:55

Read LP format model from file E:\Eigene Dateien\Downloads\Michi shit\VRPTWMS2\instances\mip\fuel\N4-C_DV100-C_SV25_F5_1_No_1.lp
Reading time = 0.00 seconds
(null): 129 rows, 72 columns, 447 nonzeros
Optimize a model with 129 rows, 72 columns and 447 nonzeros
Model has 64 quadratic constraints
Coefficient statistics:
  Matrix range    [1e+00, 1e+06]
  Objective range [1e+05, 1e+07]
  Bounds range    [1e+00, 1e+06]
  RHS range       [1e+00, 1e+06]
Presolve removed 62 rows and 30 columns
Presolve time: 0.00s
Presolved: 125 rows, 71 columns, 593 nonzeros
Variable types: 29 continuous, 42 integer (32 binary)
Found heuristic solution: objective 3.179680e+07

Root relaxation: cutoff, 6 iterations, 0.00 seconds

    Nodes    |    Current Node    |     Objective Bounds      |     Work
 Expl Unexpl |  Obj  Depth IntInf | Incumbent    BestBd   Gap | It/Node Time

     0     0     cutoff    0      3.1797e+07 3.1797e+07  0.00%     -    0s

Explored 0 nodes (6 simplex iterations) in 0.00 seconds
Thread count was 4 (of 4 available processors)

Optimal solution found (tolerance 1.00e-04)
Best objective 3.179680000000e+07, best bound 3.179680000000e+07, gap 0.0%
k_c1	1000000.0
k_c2	1000000.0
k_c3	999999.0
k_c4	970000.0
k_dN	-0.0
o_1	-0.0
o_2	-0.0
o_3	-0.0
o_4	-0.0
p_1	-0.0
p_2	-0.0
p_3	-0.0
p_4	-0.0
phi_c1	31803.0
phi_c2	28753.0
phi_c3	32338.0
phi_c4	16710.0
phi_d0	50000.0
phi_dN	-0.0
tauD_c1	723600.0
tauD_c2	700000.0
tauD_c3	250000.0
tauD_c4	850000.0
tauD_d0	-0.0
tauD_dN	1000000.0
tauS_c1	852000.0
tauS_c2	62200.0
tauS_c3	68625.0
tauS_c4	-0.0
tauS_d0	-0.0
tauS_dN	4000.0
x_c1_c4	1.0
x_c2_dN	1.0
x_c3_dN	1.0
x_c4_dN	1.0
x_d0_c1	1.0
x_d0_c2	1.0
x_d0_c3	1.0
