
Gurobi 6.0.4 (win64) logging started 06/18/15 17:42:01

Read LP format model from file E:\Eigene Dateien\Downloads\Michi shit\VRPTWMS2\instances\mip\fuel\N6-C_DV100-C_SV25_F5_8_No_1.lp
Reading time = 0.00 seconds
(null): 253 rows, 128 columns, 957 nonzeros
Optimize a model with 253 rows, 128 columns and 957 nonzeros
Model has 216 quadratic constraints
Coefficient statistics:
  Matrix range    [1e+00, 1e+06]
  Objective range [2e+04, 1e+07]
  Bounds range    [1e+00, 1e+06]
  RHS range       [1e+00, 1e+06]
Presolve removed 72 rows and 35 columns
Presolve time: 0.01s
Presolved: 391 rows, 198 columns, 1964 nonzeros
Variable types: 105 continuous, 93 integer (71 binary)
Found heuristic solution: objective 4.181330e+07

Root relaxation: objective 3.160450e+07, 20 iterations, 0.00 seconds

    Nodes    |    Current Node    |     Objective Bounds      |     Work
 Expl Unexpl |  Obj  Depth IntInf | Incumbent    BestBd   Gap | It/Node Time

*    0     0               0    3.160450e+07 3.1605e+07  0.00%     -    0s

Explored 0 nodes (20 simplex iterations) in 0.01 seconds
Thread count was 4 (of 4 available processors)

Optimal solution found (tolerance 1.00e-04)
Best objective 3.160450000000e+07, best bound 3.160450000000e+07, gap 0.0%
k_c1	950000.0
k_c2	20000.0
k_c3	70000.0
k_c4	899998.9999999979
k_c5	1000000.0
k_c6	970000.0
k_dN	-0.0
o_1	-0.0
o_2	0.0
o_3	-0.0
o_4	-0.0
o_5	-0.0
o_6	-0.0
p_1	-0.0
p_2	0.0
p_3	-0.0
p_4	-0.0
p_5	-0.0
p_6	-0.0
phi_c1	31803.0
phi_c2	11373.0
phi_c3	1499.0
phi_c4	19920.99999999994
phi_c5	42198.999999999985
phi_c6	36030.9999999999
phi_d0	50000.0
phi_dN	-0.0
tauD_c1	250000.0
tauD_c2	700000.0
tauD_c3	500000.0
tauD_c4	250000.0
tauD_c5	50000.0
tauD_c6	300000.0
tauD_d0	-0.0
tauD_dN	1000000.0
tauS_c1	-0.0
tauS_c2	-0.0
tauS_c3	-0.0
tauS_c4	-0.0
tauS_c5	-0.0
tauS_c6	-0.0
tauS_d0	-0.0
tauS_dN	46750.0
x_c1_c3	1.0
x_c2_dN	1.0
x_c3_dN	1.0
x_c4_dN	1.0
x_c5_c6	1.0
x_c6_c2	1.0
x_d0_c1	1.0
x_d0_c4	1.0
x_d0_c5	1.0
