
Gurobi 6.0.4 (win64) logging started 06/18/15 17:42:05

Read LP format model from file E:\Eigene Dateien\Downloads\Michi shit\VRPTWMS2\instances\mip\fuel\N8-C_DV100-C_SV25_F5_9_No_1.lp
Reading time = 0.00 seconds
(null): 417 rows, 200 columns, 1659 nonzeros
Optimize a model with 417 rows, 200 columns and 1659 nonzeros
Model has 512 quadratic constraints
Coefficient statistics:
  Matrix range    [1e+00, 1e+06]
  Objective range [7e+04, 1e+07]
  Bounds range    [1e+00, 1e+06]
  RHS range       [1e+00, 1e+06]
Presolve removed 101 rows and 60 columns
Presolve time: 0.02s
Presolved: 788 rows, 376 columns, 3875 nonzeros
Variable types: 236 continuous, 140 integer (106 binary)

Root relaxation: infeasible, 2 iterations, 0.00 seconds

    Nodes    |    Current Node    |     Objective Bounds      |     Work
 Expl Unexpl |  Obj  Depth IntInf | Incumbent    BestBd   Gap | It/Node Time

     0     0 infeasible    0               - infeasible      -     -    0s

Explored 0 nodes (2 simplex iterations) in 0.03 seconds
Thread count was 4 (of 4 available processors)

Model is infeasible
Best objective -, best bound -, gap -
