
Gurobi 6.0.4 (win64) logging started 06/18/15 17:42:05

Read LP format model from file E:\Eigene Dateien\Downloads\Michi shit\VRPTWMS2\instances\mip\fuel\N9-C_DV100-C_SV25_F5_3_No_1.lp
Reading time = 0.00 seconds
(null): 514 rows, 242 columns, 2082 nonzeros
Optimize a model with 514 rows, 242 columns and 2082 nonzeros
Model has 729 quadratic constraints
Coefficient statistics:
  Matrix range    [1e+00, 1e+06]
  Objective range [6e+04, 1e+07]
  Bounds range    [1e+00, 1e+06]
  RHS range       [1e+00, 1e+06]
Presolve removed 57 rows and 35 columns
Presolve time: 0.03s
Presolved: 1523 rows, 740 columns, 8108 nonzeros
Variable types: 533 continuous, 207 integer (169 binary)
Found heuristic solution: objective 9.462720e+07

Root relaxation: objective 6.057563e+06, 107 iterations, 0.00 seconds

    Nodes    |    Current Node    |     Objective Bounds      |     Work
 Expl Unexpl |  Obj  Depth IntInf | Incumbent    BestBd   Gap | It/Node Time

     0     0 6057563.38    0   39 9.4627e+07 6057563.38  93.6%     -    0s
H    0     0                    8.425620e+07 6057563.38  92.8%     -    0s
     0     0 1.1898e+07    0   43 8.4256e+07 1.1898e+07  85.9%     -    0s
H    0     0                    6.380900e+07 1.1898e+07  81.4%     -    0s
     0     0 1.1935e+07    0   34 6.3809e+07 1.1935e+07  81.3%     -    0s
     0     0 1.1957e+07    0   34 6.3809e+07 1.1957e+07  81.3%     -    0s
H    0     0                    6.363770e+07 1.1957e+07  81.2%     -    0s
     0     0 1.1957e+07    0   35 6.3638e+07 1.1957e+07  81.2%     -    0s
     0     0 1.1957e+07    0   32 6.3638e+07 1.1957e+07  81.2%     -    0s
     0     0 1.1957e+07    0   32 6.3638e+07 1.1957e+07  81.2%     -    0s
H    0     0                    5.320460e+07 1.1957e+07  77.5%     -    0s
     0     0 1.1957e+07    0   31 5.3205e+07 1.1957e+07  77.5%     -    0s
     0     0 1.1957e+07    0   28 5.3205e+07 1.1957e+07  77.5%     -    0s
     0     0 1.1957e+07    0   36 5.3205e+07 1.1957e+07  77.5%     -    0s
     0     0 1.1957e+07    0   36 5.3205e+07 1.1957e+07  77.5%     -    0s
     0     0 1.1957e+07    0   30 5.3205e+07 1.1957e+07  77.5%     -    0s
H    0     0                    4.263260e+07 1.1957e+07  72.0%     -    0s
     0     2 1.1957e+07    0   29 4.2633e+07 1.1957e+07  72.0%     -    0s
*   31     5              18    4.256440e+07 1.1992e+07  71.8%  15.6    0s
*   86    26              19    4.254880e+07 1.2066e+07  71.6%  12.1    0s

Cutting planes:
  Learned: 1
  Cover: 84
  Implied bound: 113
  Clique: 12
  MIR: 8
  GUB cover: 8

Explored 1660 nodes (21715 simplex iterations) in 0.63 seconds
Thread count was 4 (of 4 available processors)

Optimal solution found (tolerance 1.00e-04)
Best objective 4.254880000000e+07, best bound 4.254880000000e+07, gap 0.0%
k_c1	1000000.0
k_c2	50000.0
k_c3	1000000.0
k_c4	950000.0000000002
k_c5	1000000.0
k_c6	990000.0
k_c7	969999.9999999999
k_c8	900000.0000000014
k_c9	1000000.0000000001
k_dN	-0.0
o_1	-0.0
o_2	-0.0
o_3	-0.0
o_4	-0.0
o_5	0.0
o_6	-0.0
o_7	0.0
o_8	-0.0
o_9	-0.0
p_1	0.0
p_2	0.0
p_3	-0.0
p_4	0.0
p_5	0.0
p_6	0.0
p_7	0.0
p_8	-0.0
p_9	-0.0
phi_c1	27842.99999999997
phi_c2	19889.0
phi_c3	24987.00000000006
phi_c4	19405.0
phi_c5	43276.999999999985
phi_c6	30358.999999999985
phi_c7	23774.99999999997
phi_c8	19045.000000000015
phi_c9	27459.999999999985
phi_d0	50000.0
phi_dN	-0.0
tauD_c1	82800.0
tauD_c2	650000.0
tauD_c3	250000.0
tauD_c4	400000.0
tauD_c5	250000.0
tauD_c6	388275.0
tauD_c7	450000.0
tauD_c8	730300.000000002
tauD_c9	329900.0
tauD_d0	-0.0
tauD_dN	1000000.0
tauS_c1	-0.0
tauS_c2	-0.0
tauS_c3	-0.0
tauS_c4	-0.0
tauS_c5	-0.0
tauS_c6	-0.0
tauS_c7	-0.0
tauS_c8	-0.0
tauS_c9	-0.0
tauS_d0	-0.0
tauS_dN	-0.0
x_c1_c7	1.0
x_c2_dN	1.0
x_c3_c2	1.0
x_c4_dN	1.0
x_c5_c6	1.0
x_c6_dN	1.0
x_c7_c8	1.0
x_c8_dN	1.0
x_c9_c4	1.0
x_d0_c1	1.0
x_d0_c3	1.0
x_d0_c5	1.0
x_d0_c9	1.0
