
Gurobi 6.0.2 (win64) logging started 04/12/15 22:57:38


Gurobi 6.0.2 (win64) logging started 04/12/15 22:58:07


Gurobi 6.0.2 (win64) logging started 04/12/15 22:59:34

Read LP format model from file C:\MT\repository\VRPTWMS\instances\mip\i_10_55_no_8.lp
Reading time = 0.00 seconds
(null): 152 rows, 122 columns, 652 nonzeros
Optimize a model with 152 rows, 122 columns and 652 nonzeros
Coefficient statistics:
  Matrix range    [1e+00, 1e+05]
  Objective range [1e+00, 4e+01]
  Bounds range    [1e+00, 1e+00]
  RHS range       [1e+00, 1e+05]
Found heuristic solution: objective 307.71
Presolve removed 87 rows and 48 columns
Presolve time: 0.00s
Presolved: 65 rows, 74 columns, 539 nonzeros
Variable types: 0 continuous, 74 integer (64 binary)

Root relaxation: objective 1.225932e+02, 42 iterations, 0.00 seconds

    Nodes    |    Current Node    |     Objective Bounds      |     Work
 Expl Unexpl |  Obj  Depth IntInf | Incumbent    BestBd   Gap | It/Node Time

     0     0  122.59318    0   17  307.71000  122.59318  60.2%     -    0s
H    0     0                     186.7400000  122.59318  34.4%     -    0s
H    0     0                     174.6400000  122.59318  29.8%     -    0s
H    0     0                     163.2000000  122.59318  24.9%     -    0s
     0     0  126.37867    0   23  163.20000  126.37867  22.6%     -    0s
H    0     0                     162.0100000  126.37867  22.0%     -    0s
     0     0  148.37333    0   19  162.01000  148.37333  8.42%     -    0s
     0     0  149.32667    0   21  162.01000  149.32667  7.83%     -    0s
H    0     0                     161.7600000  149.32667  7.69%     -    0s
     0     0  150.73500    0    9  161.76000  150.73500  6.82%     -    0s
     0     0  150.73500    0   17  161.76000  150.73500  6.82%     -    0s
     0     0  155.88000    0   16  161.76000  155.88000  3.64%     -    0s
*    0     0               0     158.1300000  158.13000  0.00%     -    0s

Cutting planes:
  Gomory: 1
  Cover: 1
  Clique: 2
  MIR: 1
  Zero half: 1

Explored 0 nodes (128 simplex iterations) in 0.02 seconds
Thread count was 2 (of 4 available processors)

Optimal solution found (tolerance 1.00e-04)
Best objective 1.581300000000e+02, best bound 1.581300000000e+02, gap 0.0%

Gurobi 6.0.2 (win64) logging started 04/13/15 18:11:13

Read LP format model from file C:\MT\repository\VRPTWMS\instances\mip\i_10_55_no_8.lp
Reading time = 0.00 seconds
(null): 152 rows, 122 columns, 652 nonzeros
Optimize a model with 152 rows, 122 columns and 652 nonzeros
Coefficient statistics:
  Matrix range    [1e+00, 1e+05]
  Objective range [1e+00, 4e+01]
  Bounds range    [1e+00, 1e+00]
  RHS range       [1e+00, 1e+05]
Found heuristic solution: objective 307.71
Presolve removed 87 rows and 48 columns
Presolve time: 0.00s
Presolved: 65 rows, 74 columns, 539 nonzeros
Variable types: 0 continuous, 74 integer (64 binary)

Root relaxation: objective 1.225932e+02, 42 iterations, 0.00 seconds

    Nodes    |    Current Node    |     Objective Bounds      |     Work
 Expl Unexpl |  Obj  Depth IntInf | Incumbent    BestBd   Gap | It/Node Time

     0     0  122.59318    0   17  307.71000  122.59318  60.2%     -    0s
H    0     0                     186.7400000  122.59318  34.4%     -    0s
H    0     0                     174.6400000  122.59318  29.8%     -    0s
H    0     0                     163.2000000  122.59318  24.9%     -    0s
     0     0  126.37867    0   23  163.20000  126.37867  22.6%     -    0s
H    0     0                     162.0100000  126.37867  22.0%     -    0s
     0     0  148.37333    0   19  162.01000  148.37333  8.42%     -    0s
     0     0  149.32667    0   21  162.01000  149.32667  7.83%     -    0s
H    0     0                     161.7600000  149.32667  7.69%     -    0s
     0     0  150.73500    0    9  161.76000  150.73500  6.82%     -    0s
     0     0  150.73500    0   17  161.76000  150.73500  6.82%     -    0s
     0     0  155.88000    0   16  161.76000  155.88000  3.64%     -    0s
*    0     0               0     158.1300000  158.13000  0.00%     -    0s

Cutting planes:
  Gomory: 1
  Cover: 1
  Clique: 2
  MIR: 1
  Zero half: 1

Explored 0 nodes (128 simplex iterations) in 0.03 seconds
Thread count was 2 (of 4 available processors)

Optimal solution found (tolerance 1.00e-04)
Best objective 1.581300000000e+02, best bound 1.581300000000e+02, gap 0.0%

Gurobi 6.0.2 (win64) logging started 04/14/15 17:21:14

Read LP format model from file C:\MT\repository\VRPTWMS\instances\mip\i_10_55_no_8.lp
Reading time = 0.00 seconds
(null): 152 rows, 122 columns, 652 nonzeros
Optimize a model with 152 rows, 122 columns and 652 nonzeros
Coefficient statistics:
  Matrix range    [1e+00, 1e+05]
  Objective range [1e+00, 4e+01]
  Bounds range    [1e+00, 1e+00]
  RHS range       [1e+00, 1e+05]
Found heuristic solution: objective 307.71
Presolve removed 87 rows and 48 columns
Presolve time: 0.00s
Presolved: 65 rows, 74 columns, 539 nonzeros
Variable types: 0 continuous, 74 integer (64 binary)

Root relaxation: objective 1.225932e+02, 42 iterations, 0.00 seconds

    Nodes    |    Current Node    |     Objective Bounds      |     Work
 Expl Unexpl |  Obj  Depth IntInf | Incumbent    BestBd   Gap | It/Node Time

     0     0  122.59318    0   17  307.71000  122.59318  60.2%     -    0s
H    0     0                     186.7400000  122.59318  34.4%     -    0s
H    0     0                     174.6400000  122.59318  29.8%     -    0s
H    0     0                     163.2000000  122.59318  24.9%     -    0s
     0     0  126.37867    0   23  163.20000  126.37867  22.6%     -    0s
H    0     0                     162.0100000  126.37867  22.0%     -    0s
     0     0  148.37333    0   19  162.01000  148.37333  8.42%     -    0s
     0     0  149.32667    0   21  162.01000  149.32667  7.83%     -    0s
H    0     0                     161.7600000  149.32667  7.69%     -    0s
     0     0  150.73500    0    9  161.76000  150.73500  6.82%     -    0s
     0     0  150.73500    0   17  161.76000  150.73500  6.82%     -    0s
     0     0  155.88000    0   16  161.76000  155.88000  3.64%     -    0s
*    0     0               0     158.1300000  158.13000  0.00%     -    0s

Cutting planes:
  Gomory: 1
  Cover: 1
  Clique: 2
  MIR: 1
  Zero half: 1

Explored 0 nodes (128 simplex iterations) in 0.02 seconds
Thread count was 2 (of 4 available processors)

Optimal solution found (tolerance 1.00e-04)
Best objective 1.581300000000e+02, best bound 1.581300000000e+02, gap 0.0%

Gurobi 6.0.2 (win64) logging started 05/13/15 21:06:26

Read LP format model from file C:\MT\repository\VRPTWMS\instances\mip\i_10_55_no_8.lp
Reading time = 0.01 seconds
(null): 290 rows, 284 columns, 1570 nonzeros
Optimize a model with 290 rows, 284 columns and 1570 nonzeros
Model has 1000 quadratic constraints
Coefficient statistics:
  Matrix range    [1e-02, 3e+01]
  Objective range [2e+00, 8e+01]
  Bounds range    [1e+00, 2e+01]
  RHS range       [1e+00, 2e+01]
Presolve removed 85 rows and 58 columns
Presolve time: 0.06s
Presolved: 3905 rows, 2446 columns, 13117 nonzeros
Variable types: 1480 continuous, 966 integer (944 binary)
Found heuristic solution: objective 232.7800000

    Nodes    |    Current Node    |     Objective Bounds      |     Work
 Expl Unexpl |  Obj  Depth IntInf | Incumbent    BestBd   Gap | It/Node Time

     0     0  157.79362    0   15  232.78000  157.79362  32.2%     -    0s
H    0     0                     195.1300000  157.79362  19.1%     -    0s
     0     0  195.06143    0   19  195.13000  195.06143  0.04%     -    0s
     0     0  195.06143    0   12  195.13000  195.06143  0.04%     -    0s
     0     0     cutoff    0       195.13000  195.12020  0.01%     -    0s

Cutting planes:
  Gomory: 3
  Cover: 1
  Clique: 1

Explored 0 nodes (155 simplex iterations) in 0.17 seconds
Thread count was 2 (of 4 available processors)

Optimal solution found (tolerance 1.00e-04)
Best objective 1.951300000000e+02, best bound 1.951300000000e+02, gap 0.0%
