
Gurobi 6.0.2 (win64) logging started 05/15/15 16:16:53

Warning: unknown variable 'phi_d0' in bounds section
Read LP format model from file C:\MT\repository\VRPTWMS\instances\mip\i_Td24.0_Ts24.0_Cd100_Cs1000_F50.0_b0.01_c100.0_0.lp
Reading time = 0.03 seconds
(null): 855 rows, 593 columns, 4230 nonzeros
Optimize a model with 855 rows, 593 columns and 4230 nonzeros
Model has 3825 quadratic constraints
Coefficient statistics:
  Matrix range    [1e-02, 1e+02]
  Objective range [3e+00, 1e+02]
  Bounds range    [1e+00, 1e+03]
  RHS range       [1e+00, 1e+03]
Presolve removed 133 rows and 34 columns
Presolve time: 0.27s
Presolved: 17117 rows, 10204 columns, 57212 nonzeros
Variable types: 6525 continuous, 3679 integer (3600 binary)
Found heuristic solution: objective 2182.0000000

    Nodes    |    Current Node    |     Objective Bounds      |     Work
 Expl Unexpl |  Obj  Depth IntInf | Incumbent    BestBd   Gap | It/Node Time

     0     0  363.58179    0   52 2182.00000  363.58179  83.3%     -    0s
H    0     0                    1785.0000000  363.58179  79.6%     -    0s
     0     0  411.04493    0   58 1785.00000  411.04493  77.0%     -    0s
     0     0  427.10814    0   60 1785.00000  427.10814  76.1%     -    0s
H    0     0                    1065.0500000  427.10814  59.9%     -    0s
     0     0  432.62825    0   71 1065.05000  432.62825  59.4%     -    0s
H    0     0                     933.6500000  432.62825  53.7%     -    0s
     0     0  432.62825    0   70  933.65000  432.62825  53.7%     -    0s
     0     0  432.62825    0   70  933.65000  432.62825  53.7%     -    1s
     0     0  432.62825    0   73  933.65000  432.62825  53.7%     -    1s
     0     0  432.62825    0   72  933.65000  432.62825  53.7%     -    1s
     0     0  432.62884    0   67  933.65000  432.62884  53.7%     -    1s
     0     0  432.62884    0   75  933.65000  432.62884  53.7%     -    1s
     0     0  432.62884    0   72  933.65000  432.62884  53.7%     -    1s
     0     0  432.62884    0   71  933.65000  432.62884  53.7%     -    1s
     0     0  432.62884    0   71  933.65000  432.62884  53.7%     -    1s
     0     0  432.62884    0   71  933.65000  432.62884  53.7%     -    2s
H    0     0                     920.6300000  432.62884  53.0%     -    2s
     0     2  432.62884    0   71  920.63000  432.62884  53.0%     -    2s
H  103    76                     912.8400000  469.05867  48.6%  19.7    3s
H  138    89                     883.0200000  469.05867  46.9%  16.8    3s
H  176   112                     852.3700000  469.05867  45.0%  18.4    3s
H  239   164                     832.0500000  469.05867  43.6%  17.8    4s
H  279   195                     826.1200000  479.21073  42.0%  17.8    4s
H  285   198                     793.5300000  479.21073  39.6%  17.6    4s
H  326   204                     708.3400000  479.21073  32.3%  17.7    4s
   387   244  591.42321   22   51  708.34000  486.50224  31.3%  18.4    5s
H  389   223                     675.6700000  486.50224  28.0%  18.4    5s
H  606   337                     670.3900000  505.37740  24.6%  18.0    5s
   765   452  523.92333    6   98  670.39000  511.50000  23.7%  17.8   10s
   785   465  523.92333    6  120  670.39000  511.50000  23.7%  17.3   15s
   898   532 infeasible   44       670.39000  511.50000  23.7%  22.6   20s
  1490   727  664.86671   48   48  670.39000  534.14652  20.3%  23.7   25s
  2334  1026  600.82154   41   62  670.39000  546.82416  18.4%  23.2   30s
  3358  1636 infeasible   49       670.39000  553.66405  17.4%  22.1   35s
  4241  2140  624.60444   36   49  670.39000  559.41049  16.6%  21.7   40s
  5305  2671     cutoff   33       670.39000  564.97014  15.7%  21.3   45s
  6441  3226  642.22469   43   46  670.39000  567.83372  15.3%  21.0   50s
  7326  3564  595.61310   29   70  670.39000  569.99846  15.0%  20.9   55s
  8468  4027     cutoff   41       670.39000  572.97884  14.5%  20.5   60s
  9275  4249     cutoff   31       670.39000  575.37133  14.2%  20.8   65s
 10512  4705  638.93444   44   44  670.39000  578.37694  13.7%  20.6   71s
 11463  4999  632.99365   31   67  670.39000  580.30250  13.4%  20.7   75s
 12467  5328  614.84108   31   53  670.39000  582.18667  13.2%  20.7   80s
 13280  5571  625.32929   40   37  670.39000  583.70000  12.9%  20.9   85s
 13935  5690  639.98762   35   44  670.39000  584.72521  12.8%  21.0   90s
 14540  5839  656.98617   32   42  670.39000  585.51600  12.7%  21.1  115s
 15565  6143  617.00893   24   66  670.39000  587.18507  12.4%  21.1  120s
 16515  6433  626.28541   34   71  670.39000  588.72702  12.2%  21.2  125s
 17410  6614  603.06933   26   45  670.39000  590.05612  12.0%  21.6  131s
 18086  6712 infeasible   31       670.39000  591.05439  11.8%  21.8  136s
 18794  6861     cutoff   37       670.39000  591.98000  11.7%  22.1  140s
 19509  6983     cutoff   31       670.39000  592.99428  11.5%  22.4  145s
 20262  7084  647.06889   37   43  670.39000  593.76800  11.4%  22.5  150s
 20909  7140  645.75769   39   59  670.39000  594.80750  11.3%  22.8  155s
 21608  7183  617.77500   25   56  670.39000  595.90000  11.1%  23.0  160s
 22326  7292     cutoff   45       670.39000  596.69167  11.0%  23.3  165s
 23060  7446     cutoff   33       670.39000  597.61431  10.9%  23.4  171s
 23816  7546     cutoff   37       670.39000  598.43114  10.7%  23.6  175s
 24505  7589     cutoff   44       670.39000  599.19429  10.6%  23.8  180s
 25262  7644     cutoff   44       670.39000  600.07333  10.5%  24.0  185s
 26008  7712     cutoff   41       670.39000  600.91667  10.4%  24.1  190s
 26803  7768     cutoff   37       670.39000  601.76966  10.2%  24.3  195s
 27589  7817  634.18667   35   49  670.39000  602.51444  10.1%  24.4  200s
 28399  7841  621.46000   43   43  670.39000  603.39375  10.0%  24.5  206s
 29170  7885  627.77601   34   53  670.39000  604.13333  9.88%  24.6  211s
 29761  7918  629.46000   41   26  670.39000  604.84654  9.78%  24.7  215s
 30514  7934  611.88333   37   48  670.39000  605.65263  9.66%  24.8  220s
 31225  7964 infeasible   30       670.39000  606.44667  9.54%  25.0  225s
 32001  8041 infeasible   38       670.39000  607.16167  9.43%  25.0  231s
 32729  8009  631.62797   42   64  670.39000  607.83750  9.33%  25.2  236s
 33332  8034     cutoff   40       670.39000  608.37222  9.25%  25.2  240s
 34175  8083     cutoff   34       670.39000  609.01503  9.16%  25.3  245s
 34937  8062     cutoff   36       670.39000  609.73430  9.05%  25.4  250s
 35757  8083 infeasible   40       670.39000  610.39124  8.95%  25.4  255s
 36537  8072     cutoff   30       670.39000  611.24956  8.82%  25.5  261s
 37158  8091 infeasible   38       670.39000  611.67527  8.76%  25.5  265s
 37791  8072     cutoff   40       670.39000  612.24538  8.67%  25.6  270s
 38592  8069  629.18351   31   55  670.39000  612.92053  8.57%  25.6  275s
 39384  8031     cutoff   53       670.39000  613.66941  8.46%  25.7  280s
 40146  7984  634.73350   31   54  670.39000  614.32571  8.36%  25.8  285s
 40918  7953  643.85783   27   85  670.39000  614.99800  8.26%  25.8  290s
 41692  7923  639.31531   35   60  670.39000  615.67123  8.16%  25.8  295s
 42415  7874 infeasible   35       670.39000  616.34724  8.06%  25.9  300s
 43139  7801  656.25398   34   42  670.39000  616.92400  7.98%  26.0  305s
 43790  7779  662.54847   50   68  670.39000  617.41261  7.90%  26.0  310s
 44554  7731     cutoff   31       670.39000  618.12566  7.80%  26.0  315s
 45391  7722  654.77195   39   54  670.39000  618.70857  7.71%  26.0  320s
 46118  7651     cutoff   42       670.39000  619.32853  7.62%  26.0  325s
 46928  7586 infeasible   54       670.39000  619.97388  7.52%  26.0  330s
 47713  7510     cutoff   31       670.39000  620.64286  7.42%  26.1  335s
 48689  7453     cutoff   44       670.39000  621.41000  7.31%  26.1  341s
 49426  7375     cutoff   35       670.39000  622.05333  7.21%  26.1  345s
 50289  7220  628.54028   43   41  670.39000  622.95063  7.08%  26.1  351s
 51043  7138  639.02382   42   45  670.39000  623.52429  6.99%  26.1  355s
 51780  7050  626.02143   39   29  670.39000  624.09000  6.91%  26.1  360s
 52616  6942     cutoff   36       670.39000  624.77778  6.80%  26.2  365s
 53311  6854  636.71050   35   51  670.39000  625.32000  6.72%  26.2  370s
 54072  6772  651.66741   38   47  670.39000  625.84613  6.64%  26.2  375s
 54851  6634  666.73477   32   65  670.39000  626.59000  6.53%  26.2  380s
 55741  6452  645.95589   31   66  670.39000  627.40238  6.41%  26.2  385s
 56584  6275  655.17000   39   28  670.39000  628.19600  6.29%  26.2  390s
 57405  6150     cutoff   37       670.39000  628.92000  6.19%  26.2  395s
 58126  5994     cutoff   31       670.39000  629.56611  6.09%  26.2  400s
 58830  5847     cutoff   44       670.39000  630.26500  5.99%  26.2  405s
 59736  5672     cutoff   36       670.39000  631.06084  5.87%  26.2  410s
 60451  5512     cutoff   30       670.39000  631.77771  5.76%  26.2  415s
 61269  5313  646.65000   36   36  670.39000  632.65471  5.63%  26.2  420s
 62110  5109  650.93277   33   54  670.39000  633.53007  5.50%  26.2  425s
 62907  4929     cutoff   40       670.39000  634.34580  5.38%  26.2  430s
 63711  4717  642.46917   38   47  670.39000  635.23881  5.24%  26.2  435s
 64486  4456 infeasible   37       670.39000  636.19000  5.10%  26.2  440s
 65335  4212     cutoff   39       670.39000  637.16140  4.96%  26.2  445s
 66175  3955     cutoff   29       670.39000  638.20900  4.80%  26.2  450s
 66883  3749  642.84200   42   51  670.39000  639.17500  4.66%  26.2  455s
 67769  3410     cutoff   42       670.39000  640.55014  4.45%  26.2  460s
 68568  3107  648.65222   41   38  670.39000  641.74818  4.27%  26.2  465s
 69469  2759     cutoff   50       670.39000  643.22000  4.05%  26.1  470s
 70326  2372  667.91571   37   37  670.39000  644.88600  3.80%  26.1  475s
 71046  2115  665.82833   30   31  670.39000  646.15667  3.61%  26.1  480s
 71950  1662 infeasible   49       670.39000  648.43667  3.27%  26.0  485s
 72810  1168     cutoff   34       670.39000  651.01146  2.89%  26.0  490s
 73811   462     cutoff   29       670.39000  658.00917  1.85%  25.9  495s

Cutting planes:
  Learned: 1
  Gomory: 26
  Cover: 11
  Implied bound: 40
  Clique: 2
  MIR: 7
  Flow cover: 40
  Zero half: 81

Explored 74338 nodes (1921080 simplex iterations) in 496.74 seconds
Thread count was 2 (of 4 available processors)

Optimal solution found (tolerance 1.00e-04)
Best objective 6.703900000000e+02, best bound 6.703900000000e+02, gap 0.0%
