
Gurobi 6.0.4 (win64) logging started 06/21/15 19:06:15

Read LP format model from file C:\MT\repository\VRPTWMS\instances\mip\fuel\N4-C_DV100-C_SV30_F6_2_No_1.lp
Reading time = 0.00 seconds
(null): 129 rows, 76 columns, 459 nonzeros
Optimize a model with 129 rows, 76 columns and 459 nonzeros
Model has 80 quadratic constraints
Coefficient statistics:
  Matrix range    [1e+00, 1e+06]
  Objective range [8e+04, 1e+07]
  Bounds range    [1e+00, 1e+06]
  RHS range       [1e+00, 1e+06]
Presolve removed 15 rows and 9 columns
Presolve time: 0.03s
Presolved: 263 rows, 148 columns, 1141 nonzeros
Variable types: 68 continuous, 80 integer (57 binary)
Found heuristic solution: objective 4.139960e+07

Root relaxation: objective 5.085614e+06, 41 iterations, 0.00 seconds

    Nodes    |    Current Node    |     Objective Bounds      |     Work
 Expl Unexpl |  Obj  Depth IntInf | Incumbent    BestBd   Gap | It/Node Time

     0     0 5085614.42    0   15 4.1400e+07 5085614.42  87.7%     -    0s
H    0     0                    2.118240e+07 5085614.42  76.0%     -    0s
     0     0 1.0961e+07    0   24 2.1182e+07 1.0961e+07  48.3%     -    0s
H    0     0                    2.109670e+07 1.0961e+07  48.0%     -    0s
     0     0 1.1066e+07    0   17 2.1097e+07 1.1066e+07  47.5%     -    0s
     0     0 1.1071e+07    0   12 2.1097e+07 1.1071e+07  47.5%     -    0s
H    0     0                    2.098270e+07 1.1071e+07  47.2%     -    0s
     0     0 1.1071e+07    0   13 2.0983e+07 1.1071e+07  47.2%     -    0s
     0     0 1.1071e+07    0    9 2.0983e+07 1.1071e+07  47.2%     -    0s
     0     0 1.1071e+07    0   20 2.0983e+07 1.1071e+07  47.2%     -    0s
     0     0 1.2439e+07    0   18 2.0983e+07 1.2439e+07  40.7%     -    0s
*    0     0               0    2.091610e+07 2.0916e+07  0.00%     -    0s

Cutting planes:
  Gomory: 1
  Implied bound: 1
  Clique: 9
  GUB cover: 1

Explored 0 nodes (201 simplex iterations) in 0.07 seconds
Thread count was 2 (of 4 available processors)

Optimal solution found (tolerance 1.00e-04)
Best objective 2.091610000000e+07, best bound 2.091610000000e+07, gap 0.0%
k_c1	930000.0
k_c2	39999.99999999977
k_c3	1000000.0
k_c4	970000.0
k_dN	-0.0
o_1	0.0
o_2	0.0
o_3	0.0
o_4	0.0
p_1	0.0
p_2	0.0
p_3	0.0
p_4	0.0
phi_c1	48547.0
phi_c2	37065.99999999994
phi_c3	51917.999999999985
phi_c4	46525.99999999994
phi_dN	-0.0
pi_c1	240000.0
pi_c2	240000.0
pi_c3	286525.99999999994
pi_c4	-0.0
pi_dN	-0.0
tauD_c1	800000.0
tauD_c2	650000.0
tauD_c3	30200.0
tauD_c4	300000.0
tauD_d0	-0.0
tauD_dN	1000000.0
tauS_c1	837225.0
tauS_c2	677500.0
tauS_c3	889800.0
tauS_c4	875774.0
tauS_d0	-0.0
tauS_dN	1000000.0
x_c1_dN	1.0
x_c2_dN	1.0
x_c3_c4	1.0
x_c4_c2	1.0
x_d0_c1	1.0
x_d0_c3	1.0
