
Gurobi 6.0.4 (win64) logging started 06/20/15 13:03:32

Read LP format model from file C:\MT\repository\VRPTWMS\instances\mip\fuel\N12-C_DV100-C_SV30_F6_0_No_1.lp
Reading time = 0.02 seconds
(null): 865 rows, 404 columns, 3771 nonzeros
Optimize a model with 865 rows, 404 columns and 3771 nonzeros
Model has 1872 quadratic constraints
Coefficient statistics:
  Matrix range    [1e+00, 1e+06]
  Objective range [3e+04, 1e+07]
  Bounds range    [1e+00, 1e+06]
  RHS range       [1e+00, 1e+06]
Presolve removed 79 rows and 69 columns
Presolve time: 0.67s
Presolved: 3665 rows, 1815 columns, 18222 nonzeros
Variable types: 1399 continuous, 416 integer (353 binary)
Found heuristic solution: objective 1.264800e+08

Root relaxation: objective 1.068545e+07, 201 iterations, 0.01 seconds

    Nodes    |    Current Node    |     Objective Bounds      |     Work
 Expl Unexpl |  Obj  Depth IntInf | Incumbent    BestBd   Gap | It/Node Time

     0     0 1.0685e+07    0   40 1.2648e+08 1.0685e+07  91.6%     -    0s
H    0     0                    9.558860e+07 1.0685e+07  88.8%     -    0s
     0     0 1.6891e+07    0   44 9.5589e+07 1.6891e+07  82.3%     -    0s
H    0     0                    8.524340e+07 1.6891e+07  80.2%     -    0s
     0     0 2.7915e+07    0   39 8.5243e+07 2.7915e+07  67.3%     -    0s
H    0     0                    7.454780e+07 2.7915e+07  62.6%     -    0s
     0     0 2.8019e+07    0   51 7.4548e+07 2.8019e+07  62.4%     -    0s
     0     0 2.8019e+07    0   44 7.4548e+07 2.8019e+07  62.4%     -    0s
     0     0 2.8019e+07    0   44 7.4548e+07 2.8019e+07  62.4%     -    0s
     0     0 2.8019e+07    0   39 7.4548e+07 2.8019e+07  62.4%     -    0s
     0     2 2.8019e+07    0   39 7.4548e+07 2.8019e+07  62.4%     -    1s
H   35    36                    5.333680e+07 2.9391e+07  44.9%  11.5    1s
*  147   124              70    4.378550e+07 2.9391e+07  32.9%  15.2    1s
H  160   127                    4.360410e+07 2.9391e+07  32.6%  14.3    1s
H  176   135                    4.308990e+07 3.2133e+07  25.4%  13.7    1s
H  261   196                    4.307580e+07 3.2189e+07  25.3%  13.5    1s
H  748   442                    4.301720e+07 3.2489e+07  24.5%  20.9    4s
   755   448 3.2497e+07   11   52 4.3017e+07 3.2496e+07  24.5%  25.0    5s
*  964   499              39    4.297030e+07 3.2519e+07  24.3%  29.8    6s
H 1001   478                    4.295620e+07 3.2523e+07  24.3%  29.8    6s
  1879   660 infeasible   28      4.2956e+07 3.2609e+07  24.1%  43.8   10s
  2663   956     cutoff   32      4.2956e+07 3.2653e+07  24.0%  48.4   15s
  3942  1541 3.2719e+07   17   38 4.2956e+07 3.2711e+07  23.9%  51.9   21s
  4996  2020 infeasible   29      4.2956e+07 3.2748e+07  23.8%  53.3   25s
  6438  2590 3.4115e+07   37   80 4.2956e+07 3.2785e+07  23.7%  55.9   30s
  7252  2893 3.3142e+07   20   37 4.2956e+07 3.2804e+07  23.6%  57.2   35s
  8498  3408     cutoff   40      4.2956e+07 3.2824e+07  23.6%  58.4   40s
  9605  3842     cutoff   41      4.2956e+07 3.2840e+07  23.5%  59.6   45s
 10773  4299 infeasible   19      4.2956e+07 3.2856e+07  23.5%  60.6   50s
 11795  4674 3.3224e+07   27   62 4.2956e+07 3.2875e+07  23.5%  61.4   55s
 12916  5030 3.4651e+07   37   11 4.2956e+07 3.2888e+07  23.4%  62.1   60s
H12998  5025                    4.285520e+07 3.2888e+07  23.3%  62.1   60s
H13141  5119                    4.284110e+07 3.2891e+07  23.2%  62.2   61s
H13191  5142                    4.280430e+07 3.2893e+07  23.2%  62.2   61s
 13959  5394 3.3013e+07   28   21 4.2804e+07 3.2903e+07  23.1%  62.4   65s
 14583  5614 3.3188e+07   31   39 4.2804e+07 3.2911e+07  23.1%  62.5   72s
 14591  5619 3.3173e+07   26  100 4.2804e+07 3.2911e+07  23.1%  62.5   75s
 14601  5626 3.3424e+07   31  115 4.2804e+07 3.2911e+07  23.1%  62.5   80s
 14616  5639 3.2911e+07   29   86 4.2804e+07 3.2911e+07  23.1%  61.6   85s
 15137  5810 3.3523e+07   62   54 4.2804e+07 3.2911e+07  23.1%  61.0   91s
 16429  6193 3.2911e+07   47   28 4.2804e+07 3.2911e+07  23.1%  59.1   95s
 18931  6934 3.4608e+07   62   40 4.2804e+07 3.2911e+07  23.1%  56.1  101s
 21365  7721 3.4068e+07   55   73 4.2804e+07 3.2911e+07  23.1%  53.4  106s
 23329  8264 3.3459e+07   49   33 4.2804e+07 3.2911e+07  23.1%  52.3  112s
 24249  8440     cutoff   61      4.2804e+07 3.2911e+07  23.1%  52.5  117s
 25403  8673 3.3177e+07   40   20 4.2804e+07 3.2911e+07  23.1%  52.3  121s
 27506  9105 3.4768e+07   56   28 4.2804e+07 3.2911e+07  23.1%  51.3  125s
 29336  9486     cutoff   49      4.2804e+07 3.2911e+07  23.1%  50.6  130s
 30536  9635 3.3578e+07   57   41 4.2804e+07 3.2911e+07  23.1%  50.7  135s
 31784  9898 3.3556e+07   47   82 4.2804e+07 3.2911e+07  23.1%  50.7  141s
 33081 10485 3.4679e+07   56   45 4.2804e+07 3.2911e+07  23.1%  50.6  145s
 34660 11129 3.6567e+07   57   40 4.2804e+07 3.2911e+07  23.1%  50.6  150s
 36543 11990 3.5278e+07   52   55 4.2804e+07 3.2915e+07  23.1%  50.6  155s
 37792 12536     cutoff   63      4.2804e+07 3.2923e+07  23.1%  50.8  160s
 39257 13165 3.5305e+07   74   64 4.2804e+07 3.2937e+07  23.1%  51.1  165s
 40801 13874 3.3329e+07   41   48 4.2804e+07 3.2948e+07  23.0%  51.3  170s
 42383 14647     cutoff   52      4.2804e+07 3.2955e+07  23.0%  51.3  176s
 43792 15238     cutoff   58      4.2804e+07 3.2963e+07  23.0%  51.5  180s
 45059 15745 3.3891e+07   50   80 4.2804e+07 3.2974e+07  23.0%  51.8  185s
 46307 16282 3.3628e+07   46   33 4.2804e+07 3.2980e+07  23.0%  52.1  190s
 47626 16871 3.4158e+07   53   48 4.2804e+07 3.2989e+07  22.9%  52.3  195s
 48935 17413 3.3313e+07   45   13 4.2804e+07 3.2996e+07  22.9%  52.6  200s
 50328 17990 3.4234e+07   50   95 4.2804e+07 3.3007e+07  22.9%  52.7  205s
 51586 18449 3.3693e+07   41   38 4.2804e+07 3.3015e+07  22.9%  53.0  210s
 52756 18903 3.3876e+07   44   66 4.2804e+07 3.3024e+07  22.8%  53.2  216s
 53737 19257 3.3669e+07   48   30 4.2804e+07 3.3030e+07  22.8%  53.4  220s
 54878 19670     cutoff   58      4.2804e+07 3.3036e+07  22.8%  53.7  225s
 56049 20128     cutoff   68      4.2804e+07 3.3042e+07  22.8%  54.0  230s
 57524 20709 3.3976e+07   55   64 4.2804e+07 3.3049e+07  22.8%  54.2  235s
 58762 21136 3.6968e+07   63   39 4.2804e+07 3.3056e+07  22.8%  54.4  240s
 60009 21673 3.3096e+07   46   35 4.2804e+07 3.3062e+07  22.8%  54.4  245s
 61127 22100 3.3576e+07   34   78 4.2804e+07 3.3067e+07  22.7%  54.7  250s
 62297 22550     cutoff   63      4.2804e+07 3.3074e+07  22.7%  54.9  255s
 63411 22976 3.4119e+07   60   55 4.2804e+07 3.3079e+07  22.7%  55.1  260s
 64767 23465     cutoff   63      4.2804e+07 3.3085e+07  22.7%  55.3  265s
 65809 23823 3.5855e+07   67   65 4.2804e+07 3.3090e+07  22.7%  55.5  270s
 66818 24138 3.3416e+07   43   64 4.2804e+07 3.3096e+07  22.7%  55.8  275s
 68127 24627 3.5503e+07   65   66 4.2804e+07 3.3103e+07  22.7%  56.0  280s
 69220 25022     cutoff   53      4.2804e+07 3.3108e+07  22.7%  56.2  285s
 70318 25361 3.3370e+07   59   14 4.2804e+07 3.3114e+07  22.6%  56.3  290s
 71445 25769     cutoff   39      4.2804e+07 3.3120e+07  22.6%  56.5  295s
 72643 26152     cutoff   70      4.2804e+07 3.3125e+07  22.6%  56.7  300s
 73699 26471 3.4534e+07   58   16 4.2804e+07 3.3131e+07  22.6%  56.9  305s
 74942 26878 3.4194e+07   44   37 4.2804e+07 3.3136e+07  22.6%  57.1  310s
 76030 27286 3.3694e+07   51   57 4.2804e+07 3.3141e+07  22.6%  57.2  315s
 77150 27719 3.3678e+07   45   20 4.2804e+07 3.3146e+07  22.6%  57.4  320s
 78145 28054     cutoff   61      4.2804e+07 3.3150e+07  22.6%  57.6  325s
 79466 28421     cutoff   40      4.2804e+07 3.3156e+07  22.5%  57.8  330s
 80383 28636 3.4590e+07   47  104 4.2804e+07 3.3160e+07  22.5%  58.0  335s
 81394 28977 3.4173e+07   55   40 4.2804e+07 3.3165e+07  22.5%  58.1  340s
 82605 29328 3.3760e+07   43   35 4.2804e+07 3.3170e+07  22.5%  58.4  345s
 83596 29625     cutoff   55      4.2804e+07 3.3175e+07  22.5%  58.5  350s
 84792 29962 3.3738e+07   42   24 4.2804e+07 3.3178e+07  22.5%  58.7  355s
 85755 30263     cutoff   49      4.2804e+07 3.3183e+07  22.5%  58.9  360s
 86816 30621 infeasible   52      4.2804e+07 3.3187e+07  22.5%  59.0  365s
 88031 31015 3.9665e+07   51   40 4.2804e+07 3.3190e+07  22.5%  59.2  370s
 89082 31380     cutoff   53      4.2804e+07 3.3194e+07  22.5%  59.3  375s
 90024 31669 3.6587e+07   53   81 4.2804e+07 3.3198e+07  22.4%  59.4  380s
 91048 32008 3.3896e+07   47   70 4.2804e+07 3.3202e+07  22.4%  59.5  385s
 92298 32401     cutoff   55      4.2804e+07 3.3207e+07  22.4%  59.6  390s
 93328 32672 3.7322e+07   43   57 4.2804e+07 3.3212e+07  22.4%  59.8  395s
 94303 32931     cutoff   49      4.2804e+07 3.3216e+07  22.4%  60.0  400s
 95461 33273 3.8990e+07   51   26 4.2804e+07 3.3222e+07  22.4%  60.0  405s
 96608 33546 3.4222e+07   50   50 4.2804e+07 3.3227e+07  22.4%  60.2  410s
 97660 33832     cutoff   45      4.2804e+07 3.3232e+07  22.4%  60.3  415s
 98556 34041     cutoff   52      4.2804e+07 3.3237e+07  22.4%  60.5  420s
 99588 34327     cutoff   55      4.2804e+07 3.3241e+07  22.3%  60.6  425s
 100620 34631 3.6349e+07   49   22 4.2804e+07 3.3244e+07  22.3%  60.7  430s
 101714 34969 3.5386e+07   53   46 4.2804e+07 3.3249e+07  22.3%  60.8  435s
 103016 35374 3.3639e+07   47   14 4.2804e+07 3.3253e+07  22.3%  60.9  440s
 103942 35617 3.7613e+07   54   60 4.2804e+07 3.3256e+07  22.3%  61.0  445s
 104945 35869     cutoff   59      4.2804e+07 3.3261e+07  22.3%  61.1  450s
 106071 36140     cutoff   55      4.2804e+07 3.3266e+07  22.3%  61.3  455s
 107126 36437 3.4218e+07   48   71 4.2804e+07 3.3271e+07  22.3%  61.4  460s
 108131 36685     cutoff   44      4.2804e+07 3.3276e+07  22.3%  61.5  465s
 109147 36903 3.3682e+07   38   62 4.2804e+07 3.3280e+07  22.2%  61.6  470s
 110121 37151 3.8552e+07   42   30 4.2804e+07 3.3284e+07  22.2%  61.7  475s
 111094 37435 3.4210e+07   44   75 4.2804e+07 3.3288e+07  22.2%  61.8  481s
 111855 37609 3.4748e+07   57   67 4.2804e+07 3.3290e+07  22.2%  61.9  485s
 112970 37945 3.3729e+07   51   47 4.2804e+07 3.3294e+07  22.2%  62.1  490s
 113880 38224 3.6734e+07   41   65 4.2804e+07 3.3296e+07  22.2%  62.2  495s
 114911 38539     cutoff   65      4.2804e+07 3.3300e+07  22.2%  62.3  500s
 116068 38822     cutoff   45      4.2804e+07 3.3304e+07  22.2%  62.4  505s
 117093 39056     cutoff   51      4.2804e+07 3.3307e+07  22.2%  62.5  510s
 118108 39313 3.3514e+07   42   13 4.2804e+07 3.3311e+07  22.2%  62.6  515s
 119048 39561 3.4804e+07   52   67 4.2804e+07 3.3314e+07  22.2%  62.6  520s
 120098 39834 3.6526e+07   50   50 4.2804e+07 3.3318e+07  22.2%  62.7  525s
 121157 40112     cutoff   51      4.2804e+07 3.3322e+07  22.2%  62.8  530s
 122052 40344 3.3999e+07   50   28 4.2804e+07 3.3325e+07  22.1%  62.9  535s
 123185 40654     cutoff   57      4.2804e+07 3.3329e+07  22.1%  63.0  540s
 124109 40830     cutoff   48      4.2804e+07 3.3332e+07  22.1%  63.1  545s
 124973 41054 3.4025e+07   39   56 4.2804e+07 3.3335e+07  22.1%  63.2  550s
 126115 41332     cutoff   47      4.2804e+07 3.3339e+07  22.1%  63.3  555s
 127087 41602     cutoff   54      4.2804e+07 3.3343e+07  22.1%  63.4  560s
 128027 41823     cutoff   52      4.2804e+07 3.3347e+07  22.1%  63.5  565s
 129021 42054     cutoff   53      4.2804e+07 3.3351e+07  22.1%  63.5  570s
 129921 42270     cutoff   56      4.2804e+07 3.3355e+07  22.1%  63.6  575s
 131083 42578     cutoff   48      4.2804e+07 3.3359e+07  22.1%  63.7  580s
 132032 42846     cutoff   41      4.2804e+07 3.3361e+07  22.1%  63.8  585s
 132926 43050 3.4290e+07   51   74 4.2804e+07 3.3366e+07  22.1%  63.9  590s
 134059 43334     cutoff   64      4.2804e+07 3.3369e+07  22.0%  64.0  595s
 134964 43554     cutoff   42      4.2804e+07 3.3372e+07  22.0%  64.1  600s
 135872 43747 3.3702e+07   33   51 4.2804e+07 3.3375e+07  22.0%  64.2  605s
 136782 43966 3.4933e+07   51   30 4.2804e+07 3.3377e+07  22.0%  64.3  610s
 137718 44208     cutoff   45      4.2804e+07 3.3380e+07  22.0%  64.4  615s
 138573 44395     cutoff   39      4.2804e+07 3.3383e+07  22.0%  64.5  620s
 139641 44663 3.8647e+07   65   26 4.2804e+07 3.3387e+07  22.0%  64.5  625s
 140563 44842 3.3940e+07   41   16 4.2804e+07 3.3390e+07  22.0%  64.6  630s
 141864 45174     cutoff   77      4.2804e+07 3.3393e+07  22.0%  64.6  635s
 142827 45394     cutoff   49      4.2804e+07 3.3397e+07  22.0%  64.7  640s
 143734 45575 3.4259e+07   49   74 4.2804e+07 3.3400e+07  22.0%  64.8  645s
 144634 45770     cutoff   56      4.2804e+07 3.3404e+07  22.0%  64.9  650s
 145683 46040     cutoff   62      4.2804e+07 3.3407e+07  22.0%  64.9  655s
 146822 46356 3.7224e+07   63   55 4.2804e+07 3.3410e+07  21.9%  65.0  660s
 147673 46502     cutoff   73      4.2804e+07 3.3413e+07  21.9%  65.1  665s
 148608 46694 infeasible   40      4.2804e+07 3.3416e+07  21.9%  65.2  670s
 149620 46892     cutoff   56      4.2804e+07 3.3420e+07  21.9%  65.3  675s
 150444 47027     cutoff   45      4.2804e+07 3.3422e+07  21.9%  65.4  680s
 151360 47156 3.5688e+07   44   95 4.2804e+07 3.3425e+07  21.9%  65.5  685s
 152299 47304 3.4324e+07   57   84 4.2804e+07 3.3427e+07  21.9%  65.7  690s
 153193 47471 infeasible   57      4.2804e+07 3.3430e+07  21.9%  65.8  695s
 154190 47688 3.5498e+07   65   63 4.2804e+07 3.3434e+07  21.9%  65.9  700s
 154915 47784 3.9425e+07   49   57 4.2804e+07 3.3436e+07  21.9%  66.1  705s
 155874 48008 3.3868e+07   74   44 4.2804e+07 3.3439e+07  21.9%  66.1  710s
 157010 48210     cutoff   53      4.2804e+07 3.3443e+07  21.9%  66.2  715s
 157848 48306 3.5806e+07   50   63 4.2804e+07 3.3446e+07  21.9%  66.3  720s
 158879 48496     cutoff   53      4.2804e+07 3.3449e+07  21.9%  66.4  725s
 159759 48658 3.4081e+07   56   34 4.2804e+07 3.3451e+07  21.9%  66.5  730s
 160648 48773 3.8552e+07   61   54 4.2804e+07 3.3454e+07  21.8%  66.5  735s
 161605 48987 3.5985e+07   60   54 4.2804e+07 3.3457e+07  21.8%  66.6  740s
 162473 49130 3.4403e+07   60   72 4.2804e+07 3.3460e+07  21.8%  66.7  746s
 163365 49314     cutoff   60      4.2804e+07 3.3462e+07  21.8%  66.8  750s
 164162 49482 3.4440e+07   49   75 4.2804e+07 3.3465e+07  21.8%  66.8  755s
 164972 49582     cutoff   59      4.2804e+07 3.3467e+07  21.8%  66.9  760s
 166042 49712 3.7322e+07   53   53 4.2804e+07 3.3471e+07  21.8%  67.0  765s
 166908 49813 3.3728e+07   63   44 4.2804e+07 3.3474e+07  21.8%  67.1  770s
 167893 50031     cutoff   49      4.2804e+07 3.3477e+07  21.8%  67.1  775s
 168696 50126 3.3823e+07   52   86 4.2804e+07 3.3480e+07  21.8%  67.2  780s
 169729 50292     cutoff   48      4.2804e+07 3.3483e+07  21.8%  67.4  785s
 170454 50354     cutoff   56      4.2804e+07 3.3485e+07  21.8%  67.4  790s
 171357 50490     cutoff   55      4.2804e+07 3.3488e+07  21.8%  67.5  795s
 172219 50627 3.4215e+07   41   52 4.2804e+07 3.3491e+07  21.8%  67.6  800s
 173117 50834 3.5516e+07   35   68 4.2804e+07 3.3493e+07  21.8%  67.7  805s
 174086 51016 infeasible   57      4.2804e+07 3.3496e+07  21.7%  67.7  810s
 175050 51206 3.3892e+07   48   17 4.2804e+07 3.3499e+07  21.7%  67.8  815s
 176011 51371     cutoff   50      4.2804e+07 3.3502e+07  21.7%  67.8  820s
 176940 51563     cutoff   51      4.2804e+07 3.3505e+07  21.7%  67.9  825s
 177813 51691 3.4361e+07   41   16 4.2804e+07 3.3508e+07  21.7%  68.0  830s
 178860 51803 3.3606e+07   46   90 4.2804e+07 3.3510e+07  21.7%  68.0  835s
 179775 51983     cutoff   61      4.2804e+07 3.3513e+07  21.7%  68.1  840s
 180628 52096     cutoff   47      4.2804e+07 3.3516e+07  21.7%  68.2  845s
 181526 52224 3.7742e+07   51   88 4.2804e+07 3.3518e+07  21.7%  68.3  850s
 182390 52337 3.3883e+07   47   67 4.2804e+07 3.3521e+07  21.7%  68.4  855s
 183256 52427 3.4554e+07   63   17 4.2804e+07 3.3524e+07  21.7%  68.4  860s
 183909 52514 3.3707e+07   65   18 4.2804e+07 3.3526e+07  21.7%  68.5  865s
 184866 52671     cutoff   41      4.2804e+07 3.3529e+07  21.7%  68.5  870s
 185711 52814 3.9510e+07   47   92 4.2804e+07 3.3532e+07  21.7%  68.6  875s
 186488 52922 3.4016e+07   40   40 4.2804e+07 3.3534e+07  21.7%  68.7  880s
 187514 53128     cutoff   49      4.2804e+07 3.3536e+07  21.7%  68.8  885s
 188403 53250 3.4184e+07   57   43 4.2804e+07 3.3539e+07  21.6%  68.8  890s
 189311 53396     cutoff   60      4.2804e+07 3.3542e+07  21.6%  68.9  895s
 190208 53581 3.5218e+07   52   37 4.2804e+07 3.3544e+07  21.6%  68.9  900s
 190827 53672     cutoff   54      4.2804e+07 3.3546e+07  21.6%  69.0  905s
 191723 53852 3.4288e+07   51   36 4.2804e+07 3.3549e+07  21.6%  69.1  910s
 192458 53977 3.5467e+07   60   68 4.2804e+07 3.3551e+07  21.6%  69.1  915s
 193374 54099 3.4004e+07   59   22 4.2804e+07 3.3554e+07  21.6%  69.2  920s
 194231 54248 3.9325e+07   54   88 4.2804e+07 3.3556e+07  21.6%  69.2  925s
 195105 54356 3.3658e+07   44   74 4.2804e+07 3.3558e+07  21.6%  69.3  930s
 195824 54439     cutoff   49      4.2804e+07 3.3560e+07  21.6%  69.3  935s
 196815 54652 3.4379e+07   44   47 4.2804e+07 3.3563e+07  21.6%  69.4  940s
 197696 54769     cutoff   52      4.2804e+07 3.3565e+07  21.6%  69.4  945s
 198559 54906     cutoff   40      4.2804e+07 3.3568e+07  21.6%  69.5  950s
 199424 55025     cutoff   53      4.2804e+07 3.3570e+07  21.6%  69.6  955s
 200294 55097 3.4014e+07   46   44 4.2804e+07 3.3572e+07  21.6%  69.6  960s
 201265 55227 3.4178e+07   56   57 4.2804e+07 3.3575e+07  21.6%  69.7  965s
 202107 55301     cutoff   54      4.2804e+07 3.3577e+07  21.6%  69.7  970s
 203084 55493 3.5954e+07   57   64 4.2804e+07 3.3579e+07  21.6%  69.8  975s
 203963 55594 3.5412e+07   57   54 4.2804e+07 3.3582e+07  21.5%  69.8  980s
 204857 55678 infeasible   51      4.2804e+07 3.3585e+07  21.5%  69.9  985s
 205720 55779 3.9640e+07   57   43 4.2804e+07 3.3587e+07  21.5%  70.0  990s
 206698 55913     cutoff   56      4.2804e+07 3.3590e+07  21.5%  70.0  995s
 207487 55946 3.6889e+07   49   47 4.2804e+07 3.3592e+07  21.5%  70.1 1000s
 208249 56058     cutoff   50      4.2804e+07 3.3594e+07  21.5%  70.2 1005s
 209154 56181 infeasible   67      4.2804e+07 3.3597e+07  21.5%  70.2 1010s
 210175 56266     cutoff   47      4.2804e+07 3.3600e+07  21.5%  70.3 1015s
 210824 56310 3.3616e+07   41   41 4.2804e+07 3.3602e+07  21.5%  70.3 1020s
 211749 56397     cutoff   45      4.2804e+07 3.3604e+07  21.5%  70.4 1025s
 212626 56467 3.6887e+07   48   54 4.2804e+07 3.3607e+07  21.5%  70.5 1030s
 213503 56542     cutoff   46      4.2804e+07 3.3609e+07  21.5%  70.5 1035s
 214282 56631     cutoff   60      4.2804e+07 3.3611e+07  21.5%  70.6 1040s
 215119 56709     cutoff   49      4.2804e+07 3.3614e+07  21.5%  70.7 1045s
 215947 56821 infeasible   56      4.2804e+07 3.3616e+07  21.5%  70.7 1050s
 216735 56895     cutoff   44      4.2804e+07 3.3619e+07  21.5%  70.8 1055s
 217502 56945     cutoff   55      4.2804e+07 3.3621e+07  21.5%  70.9 1060s
 218324 57007     cutoff   68      4.2804e+07 3.3623e+07  21.4%  71.0 1065s
 219231 57114 3.4895e+07   52   36 4.2804e+07 3.3626e+07  21.4%  71.0 1070s
 220101 57133     cutoff   50      4.2804e+07 3.3629e+07  21.4%  71.1 1075s
 220973 57207 3.4237e+07   51   85 4.2804e+07 3.3632e+07  21.4%  71.2 1080s
 221786 57266     cutoff   47      4.2804e+07 3.3633e+07  21.4%  71.3 1085s
 222642 57354     cutoff   52      4.2804e+07 3.3636e+07  21.4%  71.3 1090s
 223442 57445 3.4095e+07   51   47 4.2804e+07 3.3638e+07  21.4%  71.4 1095s
 224367 57505     cutoff   50      4.2804e+07 3.3641e+07  21.4%  71.4 1100s
 225337 57655 3.3820e+07   41   38 4.2804e+07 3.3643e+07  21.4%  71.5 1105s
 226123 57694 3.9229e+07   48   47 4.2804e+07 3.3646e+07  21.4%  71.5 1110s
 227166 57800 3.3937e+07   49   56 4.2804e+07 3.3648e+07  21.4%  71.6 1116s
 227898 57876     cutoff   47      4.2804e+07 3.3650e+07  21.4%  71.6 1120s
 228812 58028 3.5058e+07   42   83 4.2804e+07 3.3652e+07  21.4%  71.7 1125s
 229666 58101     cutoff   62      4.2804e+07 3.3654e+07  21.4%  71.8 1130s
 230584 58219 3.6157e+07   55   74 4.2804e+07 3.3656e+07  21.4%  71.8 1135s
 231551 58304 3.5223e+07   46   30 4.2804e+07 3.3658e+07  21.4%  71.8 1140s
 232460 58383 3.5558e+07   58   47 4.2804e+07 3.3660e+07  21.4%  71.9 1145s
 233116 58429     cutoff   52      4.2804e+07 3.3663e+07  21.4%  71.9 1150s
 234003 58519 3.8397e+07   60   83 4.2804e+07 3.3664e+07  21.4%  72.0 1155s
 234914 58594 3.4290e+07   57   25 4.2804e+07 3.3667e+07  21.3%  72.0 1160s
 235613 58654 3.4893e+07   50   38 4.2804e+07 3.3668e+07  21.3%  72.1 1165s
 236494 58722 3.3872e+07   43   50 4.2804e+07 3.3671e+07  21.3%  72.1 1170s
 237380 58786 3.4173e+07   53   36 4.2804e+07 3.3674e+07  21.3%  72.2 1175s
 238114 58842     cutoff   43      4.2804e+07 3.3676e+07  21.3%  72.3 1180s
 238968 58858 3.4758e+07   56   43 4.2804e+07 3.3678e+07  21.3%  72.3 1185s
 239630 58894 3.5203e+07   51   56 4.2804e+07 3.3680e+07  21.3%  72.4 1190s
 240532 58995     cutoff   50      4.2804e+07 3.3682e+07  21.3%  72.4 1195s
 241394 59112 3.5979e+07   45   76 4.2804e+07 3.3685e+07  21.3%  72.5 1200s
 242177 59189 3.5536e+07   68   64 4.2804e+07 3.3686e+07  21.3%  72.6 1205s
 243015 59233 3.5457e+07   54   54 4.2804e+07 3.3689e+07  21.3%  72.6 1210s
 243819 59273     cutoff   48      4.2804e+07 3.3691e+07  21.3%  72.7 1215s
 244747 59407     cutoff   48      4.2804e+07 3.3693e+07  21.3%  72.7 1220s
 245624 59449 3.4046e+07   62   23 4.2804e+07 3.3695e+07  21.3%  72.8 1225s
 246350 59506 3.4789e+07   50   62 4.2804e+07 3.3697e+07  21.3%  72.8 1230s
 247176 59560     cutoff   53      4.2804e+07 3.3699e+07  21.3%  72.9 1235s
 248099 59602 3.4322e+07   51   30 4.2804e+07 3.3702e+07  21.3%  72.9 1240s
 248977 59658 3.3905e+07   45   30 4.2804e+07 3.3705e+07  21.3%  73.0 1245s
 249907 59685     cutoff   47      4.2804e+07 3.3707e+07  21.3%  73.1 1250s
 250587 59767     cutoff   64      4.2804e+07 3.3709e+07  21.2%  73.1 1255s
 251499 59844     cutoff   65      4.2804e+07 3.3711e+07  21.2%  73.1 1260s
 252356 59903 3.9581e+07   48   46 4.2804e+07 3.3713e+07  21.2%  73.2 1265s
 253306 60074     cutoff   67      4.2804e+07 3.3715e+07  21.2%  73.2 1270s
 254164 60139 3.6078e+07   56   45 4.2804e+07 3.3717e+07  21.2%  73.3 1275s
 255064 60188 3.3761e+07   55   41 4.2804e+07 3.3719e+07  21.2%  73.3 1280s
 255927 60225 3.3797e+07   48   68 4.2804e+07 3.3722e+07  21.2%  73.4 1285s
 256725 60234     cutoff   52      4.2804e+07 3.3725e+07  21.2%  73.4 1290s
 257589 60326 3.4377e+07   52   64 4.2804e+07 3.3727e+07  21.2%  73.5 1295s
 258509 60362     cutoff   51      4.2804e+07 3.3730e+07  21.2%  73.5 1300s
 259325 60484 3.4568e+07   53   28 4.2804e+07 3.3731e+07  21.2%  73.6 1306s
 259818 60503     cutoff   56      4.2804e+07 3.3732e+07  21.2%  73.6 1310s
 260680 60604     cutoff   51      4.2804e+07 3.3734e+07  21.2%  73.6 1315s
 261471 60650 3.4204e+07   64   27 4.2804e+07 3.3736e+07  21.2%  73.7 1320s
 262370 60725     cutoff   68      4.2804e+07 3.3738e+07  21.2%  73.7 1325s
 263196 60752 3.6400e+07   50   60 4.2804e+07 3.3740e+07  21.2%  73.8 1330s
 264210 60820     cutoff   52      4.2804e+07 3.3743e+07  21.2%  73.8 1335s
 265123 60935     cutoff   49      4.2804e+07 3.3745e+07  21.2%  73.9 1340s
 265789 60981 3.4232e+07   52   86 4.2804e+07 3.3746e+07  21.2%  73.9 1345s
 266667 60987     cutoff   51      4.2804e+07 3.3748e+07  21.2%  74.0 1350s
 267591 61063 3.6756e+07   48   39 4.2804e+07 3.3750e+07  21.2%  74.0 1355s
 268435 61115 3.6308e+07   57   98 4.2804e+07 3.3752e+07  21.1%  74.1 1360s
 269184 61180 3.5060e+07   51   76 4.2804e+07 3.3754e+07  21.1%  74.1 1365s
 270092 61262 infeasible   57      4.2804e+07 3.3756e+07  21.1%  74.1 1370s
 270867 61303     cutoff   54      4.2804e+07 3.3759e+07  21.1%  74.2 1375s
 271745 61329     cutoff   56      4.2804e+07 3.3761e+07  21.1%  74.2 1380s
 272374 61354     cutoff   40      4.2804e+07 3.3763e+07  21.1%  74.3 1385s
 273208 61387 3.4064e+07   51   15 4.2804e+07 3.3765e+07  21.1%  74.3 1390s
 274074 61438     cutoff   51      4.2804e+07 3.3767e+07  21.1%  74.4 1395s
 274808 61424     cutoff   49      4.2804e+07 3.3769e+07  21.1%  74.5 1400s
 275554 61467 3.5179e+07   48   75 4.2804e+07 3.3771e+07  21.1%  74.5 1405s
 276360 61513     cutoff   48      4.2804e+07 3.3773e+07  21.1%  74.5 1410s
 277184 61574 3.6493e+07   55   50 4.2804e+07 3.3775e+07  21.1%  74.6 1415s
 277870 61622 3.4777e+07   51   73 4.2804e+07 3.3777e+07  21.1%  74.6 1420s
 278727 61676 3.3999e+07   60   18 4.2804e+07 3.3779e+07  21.1%  74.7 1425s
 279549 61693     cutoff   55      4.2804e+07 3.3781e+07  21.1%  74.7 1430s
 280413 61758 infeasible   60      4.2804e+07 3.3783e+07  21.1%  74.8 1435s
 281110 61779     cutoff   45      4.2804e+07 3.3786e+07  21.1%  74.8 1440s
 281937 61806 3.5716e+07   59   87 4.2804e+07 3.3788e+07  21.1%  74.9 1445s
 282783 61871     cutoff   44      4.2804e+07 3.3790e+07  21.1%  74.9 1450s
 283596 61933     cutoff   51      4.2804e+07 3.3792e+07  21.1%  75.0 1455s
 284322 62000 3.6078e+07   50   85 4.2804e+07 3.3794e+07  21.0%  75.0 1460s
 285204 62050     cutoff   57      4.2804e+07 3.3796e+07  21.0%  75.1 1465s
 285984 62066     cutoff   54      4.2804e+07 3.3798e+07  21.0%  75.1 1470s
 286778 62076     cutoff   56      4.2804e+07 3.3800e+07  21.0%  75.2 1475s
 287538 62065 3.4523e+07   44   60 4.2804e+07 3.3802e+07  21.0%  75.3 1480s
 288325 62116 3.6566e+07   48   83 4.2804e+07 3.3804e+07  21.0%  75.3 1485s
 289035 62115     cutoff   57      4.2804e+07 3.3806e+07  21.0%  75.3 1490s
 289719 62170 3.9718e+07   49   67 4.2804e+07 3.3808e+07  21.0%  75.4 1495s
 290559 62206     cutoff   50      4.2804e+07 3.3810e+07  21.0%  75.4 1500s
 291458 62283     cutoff   67      4.2804e+07 3.3812e+07  21.0%  75.5 1505s
 292225 62303     cutoff   50      4.2804e+07 3.3815e+07  21.0%  75.5 1510s
 293064 62277     cutoff   60      4.2804e+07 3.3817e+07  21.0%  75.6 1515s
 293927 62279     cutoff   41      4.2804e+07 3.3819e+07  21.0%  75.6 1521s
 294603 62317     cutoff   61      4.2804e+07 3.3821e+07  21.0%  75.7 1525s
 295416 62329     cutoff   56      4.2804e+07 3.3824e+07  21.0%  75.7 1530s
 296324 62381 3.5255e+07   49   96 4.2804e+07 3.3826e+07  21.0%  75.7 1535s
 297098 62351     cutoff   55      4.2804e+07 3.3828e+07  21.0%  75.8 1540s
 297889 62364 3.4604e+07   46   75 4.2804e+07 3.3830e+07  21.0%  75.9 1545s
 298696 62400     cutoff   62      4.2804e+07 3.3832e+07  21.0%  75.9 1550s
 299529 62371     cutoff   52      4.2804e+07 3.3835e+07  21.0%  76.0 1555s
 300262 62364 3.6184e+07   47   77 4.2804e+07 3.3837e+07  21.0%  76.0 1560s
 301246 62406 3.8089e+07   56   42 4.2804e+07 3.3840e+07  20.9%  76.0 1566s
 301936 62393 3.4829e+07   59   40 4.2804e+07 3.3842e+07  20.9%  76.1 1570s
 302806 62435 3.7065e+07   62   73 4.2804e+07 3.3844e+07  20.9%  76.1 1575s
 303707 62442     cutoff   46      4.2804e+07 3.3847e+07  20.9%  76.2 1580s
 304409 62484 infeasible   53      4.2804e+07 3.3849e+07  20.9%  76.2 1585s
 305330 62506 infeasible   56      4.2804e+07 3.3851e+07  20.9%  76.2 1590s
 306216 62565 3.4635e+07   43   96 4.2804e+07 3.3853e+07  20.9%  76.3 1595s
 306943 62535 3.4022e+07   48   38 4.2804e+07 3.3856e+07  20.9%  76.3 1600s
 307813 62608     cutoff   57      4.2804e+07 3.3858e+07  20.9%  76.4 1605s
 308629 62602     cutoff   45      4.2804e+07 3.3860e+07  20.9%  76.4 1610s
 309453 62594 3.5065e+07   52   57 4.2804e+07 3.3862e+07  20.9%  76.5 1615s
 310255 62602 3.4415e+07   55   25 4.2804e+07 3.3864e+07  20.9%  76.5 1620s
 311152 62598     cutoff   49      4.2804e+07 3.3866e+07  20.9%  76.6 1625s
 311851 62575 3.4799e+07   53   67 4.2804e+07 3.3868e+07  20.9%  76.6 1630s
 312715 62576 3.6393e+07   59   39 4.2804e+07 3.3870e+07  20.9%  76.7 1635s
 313545 62542     cutoff   50      4.2804e+07 3.3873e+07  20.9%  76.7 1640s
 314443 62545     cutoff   66      4.2804e+07 3.3875e+07  20.9%  76.7 1645s
 315224 62575 3.8038e+07   57   57 4.2804e+07 3.3877e+07  20.9%  76.8 1650s
 316054 62580 3.4332e+07   52   29 4.2804e+07 3.3879e+07  20.9%  76.9 1655s
 316905 62575 infeasible   59      4.2804e+07 3.3881e+07  20.8%  76.9 1660s
 317575 62562     cutoff   64      4.2804e+07 3.3882e+07  20.8%  76.9 1665s
 318402 62537 3.4641e+07   59   27 4.2804e+07 3.3885e+07  20.8%  77.0 1670s
 319221 62495     cutoff   46      4.2804e+07 3.3888e+07  20.8%  77.0 1675s
 319983 62459 3.4371e+07   46   56 4.2804e+07 3.3890e+07  20.8%  77.1 1680s
 320844 62448     cutoff   49      4.2804e+07 3.3893e+07  20.8%  77.2 1685s
 321709 62463     cutoff   44      4.2804e+07 3.3895e+07  20.8%  77.2 1691s
 322415 62468 infeasible   65      4.2804e+07 3.3897e+07  20.8%  77.2 1695s
 323171 62441 3.5428e+07   59   70 4.2804e+07 3.3899e+07  20.8%  77.3 1700s
 324000 62454 4.1140e+07   52   54 4.2804e+07 3.3901e+07  20.8%  77.3 1705s
 324882 62453     cutoff   63      4.2804e+07 3.3903e+07  20.8%  77.4 1710s
 325712 62417 3.4458e+07   55   29 4.2804e+07 3.3905e+07  20.8%  77.4 1715s
 326565 62384 infeasible   50      4.2804e+07 3.3907e+07  20.8%  77.5 1720s
 327209 62362     cutoff   47      4.2804e+07 3.3909e+07  20.8%  77.5 1725s
 327974 62331     cutoff   55      4.2804e+07 3.3911e+07  20.8%  77.6 1730s
 328745 62275     cutoff   58      4.2804e+07 3.3914e+07  20.8%  77.6 1735s
 329520 62192 3.4775e+07   57   40 4.2804e+07 3.3916e+07  20.8%  77.7 1740s
 330393 62143 infeasible   51      4.2804e+07 3.3918e+07  20.8%  77.8 1745s
 331091 62130     cutoff   59      4.2804e+07 3.3920e+07  20.8%  77.8 1750s
 331971 62132 3.4139e+07   47   33 4.2804e+07 3.3922e+07  20.8%  77.9 1755s
 332842 62101     cutoff   58      4.2804e+07 3.3925e+07  20.7%  77.9 1760s
 333607 62071 3.4093e+07   46   70 4.2804e+07 3.3927e+07  20.7%  78.0 1765s
 334357 62043 3.5574e+07   64   77 4.2804e+07 3.3929e+07  20.7%  78.0 1770s
 335216 62027     cutoff   48      4.2804e+07 3.3931e+07  20.7%  78.1 1775s
 336046 61972     cutoff   47      4.2804e+07 3.3933e+07  20.7%  78.1 1780s
 336782 61904 3.4957e+07   44   57 4.2804e+07 3.3936e+07  20.7%  78.2 1785s
 337599 61891 3.5776e+07   57   23 4.2804e+07 3.3938e+07  20.7%  78.2 1791s
 338282 61896     cutoff   51      4.2804e+07 3.3940e+07  20.7%  78.3 1795s
 339061 61865 3.4266e+07   51   88 4.2804e+07 3.3942e+07  20.7%  78.3 1800s
 339854 61852 3.3958e+07   38   41 4.2804e+07 3.3944e+07  20.7%  78.4 1805s
 340754 61856     cutoff   53      4.2804e+07 3.3946e+07  20.7%  78.4 1810s
 341585 61842 3.5131e+07   45   69 4.2804e+07 3.3949e+07  20.7%  78.4 1815s
 342369 61809 3.4404e+07   49   22 4.2804e+07 3.3951e+07  20.7%  78.5 1820s
 343164 61750 3.6503e+07   56   66 4.2804e+07 3.3953e+07  20.7%  78.5 1825s
 344023 61699 3.6923e+07   44   40 4.2804e+07 3.3956e+07  20.7%  78.6 1830s
 344824 61687     cutoff   61      4.2804e+07 3.3958e+07  20.7%  78.6 1836s
 345475 61652     cutoff   55      4.2804e+07 3.3959e+07  20.7%  78.6 1840s
 346244 61584 3.5544e+07   41   76 4.2804e+07 3.3962e+07  20.7%  78.7 1845s
 347107 61576 3.4609e+07   59   58 4.2804e+07 3.3964e+07  20.7%  78.7 1850s
 347945 61563 3.4187e+07   50   21 4.2804e+07 3.3966e+07  20.6%  78.8 1855s
 348755 61551 3.4477e+07   46   31 4.2804e+07 3.3968e+07  20.6%  78.8 1860s
 349580 61477     cutoff   65      4.2804e+07 3.3970e+07  20.6%  78.9 1865s
 350239 61472     cutoff   49      4.2804e+07 3.3972e+07  20.6%  78.9 1870s
 351044 61406 3.4764e+07   65   30 4.2804e+07 3.3975e+07  20.6%  79.0 1875s
 351890 61311 3.5086e+07   56   74 4.2804e+07 3.3977e+07  20.6%  79.0 1880s
 352675 61272 3.6231e+07   65   65 4.2804e+07 3.3979e+07  20.6%  79.0 1885s
 353481 61217 3.4309e+07   43   27 4.2804e+07 3.3981e+07  20.6%  79.1 1890s
 354223 61129     cutoff   51      4.2804e+07 3.3984e+07  20.6%  79.1 1895s
 355036 61068     cutoff   54      4.2804e+07 3.3987e+07  20.6%  79.2 1900s
 355845 60982 3.5741e+07   46   97 4.2804e+07 3.3989e+07  20.6%  79.2 1905s
 356633 60953 3.7522e+07   62   47 4.2804e+07 3.3991e+07  20.6%  79.3 1910s
 357472 60896 infeasible   54      4.2804e+07 3.3993e+07  20.6%  79.3 1915s
 358098 60825 3.5767e+07   58   56 4.2804e+07 3.3996e+07  20.6%  79.4 1920s
 358911 60820 3.4748e+07   57   50 4.2804e+07 3.3998e+07  20.6%  79.4 1925s
 359762 60815     cutoff   52      4.2804e+07 3.4000e+07  20.6%  79.5 1930s
 360581 60753 3.6990e+07   41   84 4.2804e+07 3.4003e+07  20.6%  79.5 1935s
 361379 60693     cutoff   49      4.2804e+07 3.4005e+07  20.6%  79.6 1940s
 362197 60650 3.7130e+07   61   74 4.2804e+07 3.4007e+07  20.6%  79.6 1945s
 362950 60567     cutoff   50      4.2804e+07 3.4010e+07  20.5%  79.6 1950s
 363700 60471     cutoff   42      4.2804e+07 3.4012e+07  20.5%  79.7 1955s
 364402 60390 3.4538e+07   46   39 4.2804e+07 3.4015e+07  20.5%  79.7 1960s
 365252 60345     cutoff   44      4.2804e+07 3.4017e+07  20.5%  79.8 1965s
 365960 60328     cutoff   59      4.2804e+07 3.4019e+07  20.5%  79.8 1970s
 366756 60258     cutoff   55      4.2804e+07 3.4022e+07  20.5%  79.9 1975s
 367508 60181 3.5010e+07   51   28 4.2804e+07 3.4024e+07  20.5%  79.9 1980s
 368305 60134 3.4301e+07   65   18 4.2804e+07 3.4026e+07  20.5%  80.0 1985s
 369120 60084     cutoff   57      4.2804e+07 3.4029e+07  20.5%  80.0 1990s
 369866 60015     cutoff   54      4.2804e+07 3.4031e+07  20.5%  80.1 1995s
 370718 60020 3.5395e+07   48   79 4.2804e+07 3.4034e+07  20.5%  80.1 2000s
 371384 60001 3.7300e+07   52   58 4.2804e+07 3.4036e+07  20.5%  80.1 2005s
 372293 59916 3.4068e+07   49   72 4.2804e+07 3.4039e+07  20.5%  80.2 2010s
 372897 59897     cutoff   61      4.2804e+07 3.4040e+07  20.5%  80.2 2015s
 373580 59833     cutoff   50      4.2804e+07 3.4042e+07  20.5%  80.3 2020s
 374451 59795     cutoff   62      4.2804e+07 3.4045e+07  20.5%  80.3 2025s
 375224 59726     cutoff   54      4.2804e+07 3.4047e+07  20.5%  80.4 2030s
 375993 59637 3.5744e+07   66   43 4.2804e+07 3.4050e+07  20.5%  80.4 2035s
 376659 59664 3.7052e+07   54   85 4.2804e+07 3.4051e+07  20.4%  80.5 2040s
 377404 59601     cutoff   51      4.2804e+07 3.4054e+07  20.4%  80.5 2045s
 378192 59520 3.4107e+07   41   15 4.2804e+07 3.4056e+07  20.4%  80.6 2050s
 379009 59476 3.4579e+07   51   48 4.2804e+07 3.4058e+07  20.4%  80.6 2055s
 379657 59445 3.9726e+07   53   51 4.2804e+07 3.4060e+07  20.4%  80.6 2060s
 380440 59418     cutoff   51      4.2804e+07 3.4062e+07  20.4%  80.7 2065s
 381270 59401     cutoff   65      4.2804e+07 3.4065e+07  20.4%  80.7 2070s
 382029 59324     cutoff   45      4.2804e+07 3.4067e+07  20.4%  80.8 2075s
 382760 59275 3.6308e+07   45   58 4.2804e+07 3.4070e+07  20.4%  80.8 2080s
 383434 59227     cutoff   56      4.2804e+07 3.4072e+07  20.4%  80.9 2085s
 384209 59153 3.5111e+07   49   18 4.2804e+07 3.4074e+07  20.4%  80.9 2090s
 385025 59106 3.9610e+07   61   86 4.2804e+07 3.4076e+07  20.4%  80.9 2095s
 385654 59021 infeasible   52      4.2804e+07 3.4078e+07  20.4%  81.0 2100s
 386414 58992     cutoff   53      4.2804e+07 3.4081e+07  20.4%  81.0 2105s
 387196 58912     cutoff   73      4.2804e+07 3.4083e+07  20.4%  81.1 2110s
 387959 58851 3.4123e+07   51   41 4.2804e+07 3.4086e+07  20.4%  81.1 2115s
 388578 58779     cutoff   47      4.2804e+07 3.4088e+07  20.4%  81.1 2120s
 389370 58717 3.5828e+07   47  103 4.2804e+07 3.4090e+07  20.4%  81.2 2126s
 389829 58673     cutoff   53      4.2804e+07 3.4092e+07  20.4%  81.2 2130s
 390330 58649 4.0739e+07   60   93 4.2804e+07 3.4093e+07  20.4%  81.2 2135s
 391031 58639     cutoff   59      4.2804e+07 3.4095e+07  20.3%  81.3 2141s
 391523 58597 3.6418e+07   58   48 4.2804e+07 3.4097e+07  20.3%  81.3 2145s
 391947 58518 3.9957e+07   55   41 4.2804e+07 3.4098e+07  20.3%  81.3 2150s
 392667 58483 3.4360e+07   46  101 4.2804e+07 3.4100e+07  20.3%  81.3 2155s
 393056 58411 3.4475e+07   59   53 4.2804e+07 3.4101e+07  20.3%  81.4 2160s
 393655 58355 infeasible   53      4.2804e+07 3.4103e+07  20.3%  81.4 2165s
 394123 58321     cutoff   62      4.2804e+07 3.4105e+07  20.3%  81.4 2170s
 394730 58253 3.5384e+07   48   56 4.2804e+07 3.4107e+07  20.3%  81.5 2175s
 395160 58191     cutoff   46      4.2804e+07 3.4109e+07  20.3%  81.5 2180s
 395815 58101     cutoff   47      4.2804e+07 3.4111e+07  20.3%  81.5 2185s
 396450 58045 3.4114e+07   55   30 4.2804e+07 3.4113e+07  20.3%  81.5 2191s
 396986 58002 3.6146e+07   54   77 4.2804e+07 3.4115e+07  20.3%  81.6 2196s
 397473 57986     cutoff   46      4.2804e+07 3.4117e+07  20.3%  81.6 2200s
 398102 57888 3.5352e+07   58  104 4.2804e+07 3.4119e+07  20.3%  81.6 2206s
 398565 57845     cutoff   51      4.2804e+07 3.4121e+07  20.3%  81.6 2210s
 399068 57767 infeasible   54      4.2804e+07 3.4122e+07  20.3%  81.7 2216s
 399520 57715     cutoff   55      4.2804e+07 3.4124e+07  20.3%  81.7 2220s
 400165 57696     cutoff   59      4.2804e+07 3.4126e+07  20.3%  81.8 2226s
 400633 57624 3.5783e+07   68   50 4.2804e+07 3.4128e+07  20.3%  81.8 2230s
 401205 57563 infeasible   52      4.2804e+07 3.4130e+07  20.3%  81.8 2236s
 401713 57508 3.8086e+07   55   54 4.2804e+07 3.4132e+07  20.3%  81.8 2240s
 402284 57416 3.8802e+07   53   99 4.2804e+07 3.4134e+07  20.3%  81.9 2245s
 402888 57360 3.4144e+07   55   41 4.2804e+07 3.4136e+07  20.3%  81.9 2251s
 403354 57296     cutoff   49      4.2804e+07 3.4138e+07  20.2%  81.9 2255s
 403987 57239 3.5595e+07   53   57 4.2804e+07 3.4140e+07  20.2%  82.0 2260s
 404370 57171     cutoff   46      4.2804e+07 3.4141e+07  20.2%  82.0 2265s
 404933 57080     cutoff   55      4.2804e+07 3.4143e+07  20.2%  82.0 2270s
 405408 57037     cutoff   54      4.2804e+07 3.4145e+07  20.2%  82.1 2275s
 405995 56941 3.5101e+07   45   59 4.2804e+07 3.4147e+07  20.2%  82.1 2280s
 406496 56908     cutoff   61      4.2804e+07 3.4149e+07  20.2%  82.1 2285s
 407133 56842 3.4966e+07   48   22 4.2804e+07 3.4151e+07  20.2%  82.2 2290s
 407522 56815 3.4152e+07   50   45 4.2804e+07 3.4152e+07  20.2%  82.2 2295s
 408130 56745     cutoff   50      4.2804e+07 3.4154e+07  20.2%  82.2 2301s
 408569 56708 3.5665e+07   53   77 4.2804e+07 3.4156e+07  20.2%  82.2 2305s
 409133 56595 infeasible   42      4.2804e+07 3.4158e+07  20.2%  82.3 2311s
 409573 56553 3.4365e+07   50   11 4.2804e+07 3.4160e+07  20.2%  82.3 2315s
 410234 56516 3.5178e+07   60   80 4.2804e+07 3.4162e+07  20.2%  82.3 2321s
 410624 56448     cutoff   57      4.2804e+07 3.4163e+07  20.2%  82.4 2325s
 411148 56390     cutoff   46      4.2804e+07 3.4165e+07  20.2%  82.4 2330s
 411802 56327 3.4732e+07   59   38 4.2804e+07 3.4167e+07  20.2%  82.4 2335s
 412275 56284     cutoff   63      4.2804e+07 3.4169e+07  20.2%  82.4 2340s
 412832 56186     cutoff   48      4.2804e+07 3.4171e+07  20.2%  82.5 2345s
 413296 56151     cutoff   52      4.2804e+07 3.4173e+07  20.2%  82.5 2350s
 413914 56092     cutoff   71      4.2804e+07 3.4176e+07  20.2%  82.5 2355s
 414489 56024 3.4573e+07   58   55 4.2804e+07 3.4178e+07  20.2%  82.6 2361s
 414970 56006     cutoff   64      4.2804e+07 3.4179e+07  20.1%  82.6 2365s
 415582 55927 3.5257e+07   51   54 4.2804e+07 3.4182e+07  20.1%  82.6 2371s
 416009 55889     cutoff   64      4.2804e+07 3.4184e+07  20.1%  82.7 2375s
 416423 55812 3.5333e+07   56   61 4.2804e+07 3.4185e+07  20.1%  82.7 2380s
 416998 55765     cutoff   64      4.2804e+07 3.4187e+07  20.1%  82.7 2386s
 417487 55715 infeasible   64      4.2804e+07 3.4188e+07  20.1%  82.8 2390s
 418161 55661     cutoff   48      4.2804e+07 3.4191e+07  20.1%  82.8 2395s
 418615 55606 3.4449e+07   54   67 4.2804e+07 3.4193e+07  20.1%  82.8 2400s
 419226 55507     cutoff   52      4.2804e+07 3.4195e+07  20.1%  82.8 2406s
 419712 55448 infeasible   56      4.2804e+07 3.4196e+07  20.1%  82.8 2410s
 420302 55390     cutoff   65      4.2804e+07 3.4199e+07  20.1%  82.9 2415s
 420723 55341 3.4521e+07   56   42 4.2804e+07 3.4200e+07  20.1%  82.9 2420s
 421282 55261 3.6641e+07   52   28 4.2804e+07 3.4203e+07  20.1%  82.9 2426s
 421775 55180     cutoff   55      4.2804e+07 3.4205e+07  20.1%  83.0 2431s
 422265 55157     cutoff   53      4.2804e+07 3.4206e+07  20.1%  83.0 2435s
 422739 55093     cutoff   59      4.2804e+07 3.4208e+07  20.1%  83.0 2440s
 423369 55029 infeasible   58      4.2804e+07 3.4210e+07  20.1%  83.1 2445s
 423771 54962     cutoff   62      4.2804e+07 3.4212e+07  20.1%  83.1 2450s
 424387 54920     cutoff   53      4.2804e+07 3.4214e+07  20.1%  83.1 2455s
 424919 54830     cutoff   48      4.2804e+07 3.4216e+07  20.1%  83.2 2461s
 425332 54795     cutoff   59      4.2804e+07 3.4218e+07  20.1%  83.2 2465s
 425931 54720     cutoff   57      4.2804e+07 3.4220e+07  20.1%  83.2 2471s
 426451 54701 3.4398e+07   56   32 4.2804e+07 3.4222e+07  20.1%  83.2 2476s
 426925 54645     cutoff   48      4.2804e+07 3.4224e+07  20.0%  83.3 2480s
 427479 54562 3.4876e+07   66   14 4.2804e+07 3.4226e+07  20.0%  83.3 2486s
 427962 54523 3.9485e+07   51   59 4.2804e+07 3.4227e+07  20.0%  83.3 2490s
 428349 54454     cutoff   49      4.2804e+07 3.4229e+07  20.0%  83.4 2495s
 428929 54378 3.5207e+07   53   42 4.2804e+07 3.4231e+07  20.0%  83.4 2500s
 429328 54322 3.5103e+07   52   59 4.2804e+07 3.4233e+07  20.0%  83.4 2505s
 429941 54269 3.4682e+07   45   36 4.2804e+07 3.4235e+07  20.0%  83.5 2510s
 430478 54196 3.4986e+07   44   79 4.2804e+07 3.4237e+07  20.0%  83.5 2516s
 430869 54114 infeasible   64      4.2804e+07 3.4239e+07  20.0%  83.5 2520s
 431374 53986     cutoff   77      4.2804e+07 3.4241e+07  20.0%  83.6 2525s
 431987 53921 3.4249e+07   53   48 4.2804e+07 3.4244e+07  20.0%  83.6 2531s
 432402 53837     cutoff   61      4.2804e+07 3.4245e+07  20.0%  83.6 2535s
 432884 53731 3.5397e+07   68   64 4.2804e+07 3.4247e+07  20.0%  83.7 2541s
 433314 53694     cutoff   51      4.2804e+07 3.4249e+07  20.0%  83.7 2545s
 433915 53641     cutoff   50      4.2804e+07 3.4252e+07  20.0%  83.7 2551s
 434339 53588     cutoff   58      4.2804e+07 3.4253e+07  20.0%  83.7 2555s
 434971 53496 3.6516e+07   53   68 4.2804e+07 3.4256e+07  20.0%  83.8 2560s
 435631 53429 3.5586e+07   51   61 4.2804e+07 3.4258e+07  20.0%  83.8 2566s
 436091 53369     cutoff   56      4.2804e+07 3.4259e+07  20.0%  83.8 2570s
 436643 53284 3.4975e+07   61   21 4.2804e+07 3.4262e+07  20.0%  83.8 2575s
 437225 53211 3.9678e+07   42   34 4.2804e+07 3.4264e+07  20.0%  83.9 2581s
 437669 53155 3.4833e+07   52   28 4.2804e+07 3.4266e+07  19.9%  83.9 2585s
 438089 53103 3.7923e+07   63   32 4.2804e+07 3.4267e+07  19.9%  83.9 2590s
 438665 53014 3.5952e+07   56   59 4.2804e+07 3.4270e+07  19.9%  84.0 2595s
 439149 52963     cutoff   49      4.2804e+07 3.4272e+07  19.9%  84.0 2600s
 439721 52891     cutoff   55      4.2804e+07 3.4274e+07  19.9%  84.0 2605s
 440246 52789     cutoff   52      4.2804e+07 3.4277e+07  19.9%  84.1 2611s
 440670 52735     cutoff   66      4.2804e+07 3.4279e+07  19.9%  84.1 2615s
 441130 52672     cutoff   56      4.2804e+07 3.4281e+07  19.9%  84.1 2620s
 441672 52550 3.5046e+07   38   49 4.2804e+07 3.4284e+07  19.9%  84.1 2625s
 442232 52425     cutoff   56      4.2804e+07 3.4286e+07  19.9%  84.2 2631s
 442732 52404 3.6505e+07   46   82 4.2804e+07 3.4288e+07  19.9%  84.2 2635s
 443142 52322     cutoff   60      4.2804e+07 3.4290e+07  19.9%  84.2 2640s
 443672 52232     cutoff   58      4.2804e+07 3.4292e+07  19.9%  84.3 2645s
 444239 52144 3.5189e+07   52   40 4.2804e+07 3.4295e+07  19.9%  84.3 2651s
 444601 52074     cutoff   51      4.2804e+07 3.4297e+07  19.9%  84.3 2655s
 445033 52005     cutoff   53      4.2804e+07 3.4299e+07  19.9%  84.4 2660s
 445530 51906     cutoff   58      4.2804e+07 3.4301e+07  19.9%  84.4 2665s
 446153 51836     cutoff   65      4.2804e+07 3.4303e+07  19.9%  84.4 2670s
 446589 51764 3.4397e+07   62   63 4.2804e+07 3.4305e+07  19.9%  84.5 2675s
 447162 51686     cutoff   69      4.2804e+07 3.4308e+07  19.9%  84.5 2681s
 447537 51645 3.7029e+07   60   72 4.2804e+07 3.4309e+07  19.8%  84.5 2685s
 448166 51538 3.8768e+07   51   71 4.2804e+07 3.4311e+07  19.8%  84.5 2691s
 448681 51479 3.9432e+07   56   64 4.2804e+07 3.4314e+07  19.8%  84.6 2695s
 449272 51378 3.8146e+07   57   47 4.2804e+07 3.4316e+07  19.8%  84.6 2701s
 449747 51330 3.5134e+07   63   65 4.2804e+07 3.4318e+07  19.8%  84.6 2705s
 450214 51278 3.4625e+07   47   63 4.2804e+07 3.4320e+07  19.8%  84.6 2710s
 450815 51248     cutoff   48      4.2804e+07 3.4322e+07  19.8%  84.7 2716s
 451354 51158     cutoff   51      4.2804e+07 3.4325e+07  19.8%  84.7 2721s
 451796 51087     cutoff   61      4.2804e+07 3.4327e+07  19.8%  84.7 2725s
 452311 50994     cutoff   49      4.2804e+07 3.4330e+07  19.8%  84.7 2731s
 452698 50917 3.6527e+07   51   54 4.2804e+07 3.4332e+07  19.8%  84.8 2735s
 453167 50876     cutoff   53      4.2804e+07 3.4334e+07  19.8%  84.8 2740s
 453761 50781     cutoff   46      4.2804e+07 3.4336e+07  19.8%  84.8 2745s
 454171 50692 3.7443e+07   59   63 4.2804e+07 3.4338e+07  19.8%  84.9 2750s
 454722 50591     cutoff   58      4.2804e+07 3.4341e+07  19.8%  84.9 2756s
 455148 50531     cutoff   46      4.2804e+07 3.4343e+07  19.8%  84.9 2760s
 455627 50464     cutoff   45      4.2804e+07 3.4345e+07  19.8%  84.9 2765s
 456199 50368 3.4367e+07   42   42 4.2804e+07 3.4348e+07  19.8%  85.0 2771s
 456626 50291 3.4697e+07   50   39 4.2804e+07 3.4350e+07  19.8%  85.0 2775s
 457208 50204     cutoff   41      4.2804e+07 3.4353e+07  19.7%  85.0 2780s
 457758 50119 3.4931e+07   52   65 4.2804e+07 3.4356e+07  19.7%  85.0 2785s
 458323 50031     cutoff   59      4.2804e+07 3.4359e+07  19.7%  85.1 2791s
 458805 49974 3.6005e+07   57   75 4.2804e+07 3.4361e+07  19.7%  85.1 2796s
 459281 49917 3.4362e+07   53   22 4.2804e+07 3.4362e+07  19.7%  85.1 2800s
 459853 49823 3.5233e+07   63   81 4.2804e+07 3.4365e+07  19.7%  85.1 2805s
 460241 49734     cutoff   61      4.2804e+07 3.4367e+07  19.7%  85.2 2810s
 460829 49653 3.4756e+07   42   42 4.2804e+07 3.4370e+07  19.7%  85.2 2815s
 461269 49580 3.4692e+07   61   66 4.2804e+07 3.4372e+07  19.7%  85.2 2820s
 461800 49471     cutoff   72      4.2804e+07 3.4374e+07  19.7%  85.3 2826s
 462246 49413 infeasible   49      4.2804e+07 3.4376e+07  19.7%  85.3 2830s
 462801 49307 3.8207e+07   55   52 4.2804e+07 3.4380e+07  19.7%  85.3 2835s
 463222 49233 3.6540e+07   58   77 4.2804e+07 3.4382e+07  19.7%  85.3 2840s
 463754 49136 3.4489e+07   67   52 4.2804e+07 3.4384e+07  19.7%  85.4 2845s
 464267 49040 3.4664e+07   59    9 4.2804e+07 3.4387e+07  19.7%  85.4 2850s
 464815 48930     cutoff   56      4.2804e+07 3.4390e+07  19.7%  85.4 2855s
 465230 48875     cutoff   63      4.2804e+07 3.4392e+07  19.7%  85.5 2860s
 465764 48738 3.5030e+07   50   50 4.2804e+07 3.4395e+07  19.6%  85.5 2866s
 466334 48628 3.4673e+07   47   32 4.2804e+07 3.4398e+07  19.6%  85.5 2870s
 466775 48589     cutoff   50      4.2804e+07 3.4401e+07  19.6%  85.5 2875s
 467305 48496     cutoff   56      4.2804e+07 3.4404e+07  19.6%  85.6 2880s
 467890 48392 3.9922e+07   56   67 4.2804e+07 3.4407e+07  19.6%  85.6 2885s
 468443 48297     cutoff   63      4.2804e+07 3.4409e+07  19.6%  85.6 2891s
 468793 48221 3.4902e+07   63   64 4.2804e+07 3.4412e+07  19.6%  85.7 2895s
 469282 48096     cutoff   52      4.2804e+07 3.4415e+07  19.6%  85.7 2900s
 469868 48000 3.5910e+07   61   46 4.2804e+07 3.4418e+07  19.6%  85.7 2906s
 470392 47884     cutoff   52      4.2804e+07 3.4421e+07  19.6%  85.8 2911s
 470760 47789 3.4610e+07   53   28 4.2804e+07 3.4423e+07  19.6%  85.8 2915s
 471376 47738     cutoff   46      4.2804e+07 3.4426e+07  19.6%  85.8 2921s
 471779 47677 3.5508e+07   67   73 4.2804e+07 3.4428e+07  19.6%  85.8 2925s
 472297 47572     cutoff   45      4.2804e+07 3.4432e+07  19.6%  85.9 2930s
 472795 47492     cutoff   66      4.2804e+07 3.4435e+07  19.6%  85.9 2936s
 473218 47407     cutoff   65      4.2804e+07 3.4437e+07  19.5%  85.9 2940s
 473787 47313 3.7715e+07   56   46 4.2804e+07 3.4440e+07  19.5%  86.0 2945s
 474222 47259 3.7698e+07   47   53 4.2804e+07 3.4442e+07  19.5%  86.0 2950s
 474711 47141 3.5585e+07   50   77 4.2804e+07 3.4445e+07  19.5%  86.0 2956s
 475141 47066     cutoff   47      4.2804e+07 3.4447e+07  19.5%  86.1 2960s
 475743 46979 3.4450e+07   55   32 4.2804e+07 3.4450e+07  19.5%  86.1 2965s
 476309 46862 3.7104e+07   46   55 4.2804e+07 3.4454e+07  19.5%  86.1 2971s
 476738 46806 3.8814e+07   65   77 4.2804e+07 3.4456e+07  19.5%  86.1 2975s
 477337 46707 3.9724e+07   55   43 4.2804e+07 3.4459e+07  19.5%  86.2 2980s
 477878 46602 3.5374e+07   54   55 4.2804e+07 3.4462e+07  19.5%  86.2 2985s
 478420 46508 3.6647e+07   57   52 4.2804e+07 3.4465e+07  19.5%  86.2 2991s
 478840 46419     cutoff   47      4.2804e+07 3.4468e+07  19.5%  86.3 2995s
 479370 46304     cutoff   57      4.2804e+07 3.4471e+07  19.5%  86.3 3000s
 479842 46244 3.5095e+07   49   71 4.2804e+07 3.4474e+07  19.5%  86.3 3005s
 480396 46166 3.4652e+07   60   58 4.2804e+07 3.4476e+07  19.5%  86.3 3011s
 480830 46092 3.5279e+07   68   92 4.2804e+07 3.4479e+07  19.4%  86.4 3015s
 481389 46002     cutoff   64      4.2804e+07 3.4482e+07  19.4%  86.4 3020s
 481914 45895     cutoff   53      4.2804e+07 3.4486e+07  19.4%  86.4 3026s
 482337 45795 3.6517e+07   51   39 4.2804e+07 3.4488e+07  19.4%  86.4 3030s
 482944 45643     cutoff   62      4.2804e+07 3.4493e+07  19.4%  86.5 3035s
 483320 45561 3.6939e+07   68   57 4.2804e+07 3.4495e+07  19.4%  86.5 3040s
 483794 45494     cutoff   63      4.2804e+07 3.4498e+07  19.4%  86.5 3045s
 484378 45413     cutoff   63      4.2804e+07 3.4500e+07  19.4%  86.5 3050s
 484926 45297 infeasible   51      4.2804e+07 3.4503e+07  19.4%  86.6 3056s
 485356 45245 3.7609e+07   64   71 4.2804e+07 3.4505e+07  19.4%  86.6 3060s
 485839 45146 3.6692e+07   79   84 4.2804e+07 3.4509e+07  19.4%  86.6 3065s
 486359 45049     cutoff   42      4.2804e+07 3.4512e+07  19.4%  86.7 3070s
 486753 44958 3.4669e+07   55   62 4.2804e+07 3.4514e+07  19.4%  86.7 3075s
 487160 44883 3.5089e+07   53   84 4.2804e+07 3.4517e+07  19.4%  86.7 3080s
 487717 44812 infeasible   59      4.2804e+07 3.4520e+07  19.4%  86.7 3086s
 488102 44712 3.5921e+07   50   38 4.2804e+07 3.4522e+07  19.3%  86.8 3090s
 488694 44617 3.5573e+07   47   67 4.2804e+07 3.4525e+07  19.3%  86.8 3095s
 489207 44494     cutoff   56      4.2804e+07 3.4529e+07  19.3%  86.8 3100s
 489721 44372 3.6716e+07   57   61 4.2804e+07 3.4533e+07  19.3%  86.9 3106s
 490112 44286 3.7896e+07   50   76 4.2804e+07 3.4535e+07  19.3%  86.9 3110s
 490680 44182     cutoff   54      4.2804e+07 3.4538e+07  19.3%  86.9 3115s
 491090 44090     cutoff   50      4.2804e+07 3.4542e+07  19.3%  86.9 3120s
 491631 43987 3.4814e+07   62   76 4.2804e+07 3.4545e+07  19.3%  87.0 3125s
 492025 43908     cutoff   53      4.2804e+07 3.4548e+07  19.3%  87.0 3130s
 492618 43752     cutoff   46      4.2804e+07 3.4553e+07  19.3%  87.0 3136s
 493002 43662     cutoff   54      4.2804e+07 3.4556e+07  19.3%  87.1 3140s
 493581 43534 3.5722e+07   43   82 4.2804e+07 3.4560e+07  19.3%  87.1 3146s
 494005 43466     cutoff   46      4.2804e+07 3.4562e+07  19.3%  87.1 3150s
 494498 43320     cutoff   64      4.2804e+07 3.4566e+07  19.2%  87.1 3155s
 494993 43199 3.8409e+07   51  114 4.2804e+07 3.4569e+07  19.2%  87.2 3160s
 495519 43076     cutoff   60      4.2804e+07 3.4572e+07  19.2%  87.2 3166s
 495978 42937     cutoff   50      4.2804e+07 3.4576e+07  19.2%  87.2 3170s
 496340 42852 infeasible   66      4.2804e+07 3.4579e+07  19.2%  87.3 3175s
 496818 42709     cutoff   52      4.2804e+07 3.4583e+07  19.2%  87.3 3180s
 497375 42582 3.7105e+07   47   48 4.2804e+07 3.4587e+07  19.2%  87.3 3185s
 497930 42483     cutoff   63      4.2804e+07 3.4591e+07  19.2%  87.4 3190s
 498308 42392     cutoff   42      4.2804e+07 3.4594e+07  19.2%  87.4 3195s
 498812 42292 3.5497e+07   70   58 4.2804e+07 3.4598e+07  19.2%  87.4 3200s
 499319 42170     cutoff   52      4.2804e+07 3.4602e+07  19.2%  87.5 3205s
 499720 42080 infeasible   50      4.2804e+07 3.4604e+07  19.2%  87.5 3210s
 500252 41965     cutoff   61      4.2804e+07 3.4608e+07  19.1%  87.5 3215s
 500620 41885 4.2305e+07   51   59 4.2804e+07 3.4611e+07  19.1%  87.5 3220s
 501048 41755     cutoff   66      4.2804e+07 3.4615e+07  19.1%  87.6 3225s
 501540 41632     cutoff   52      4.2804e+07 3.4619e+07  19.1%  87.6 3230s
 502074 41517     cutoff   54      4.2804e+07 3.4623e+07  19.1%  87.6 3236s
 502503 41446 3.5807e+07   61   49 4.2804e+07 3.4626e+07  19.1%  87.7 3240s
 503018 41311     cutoff   52      4.2804e+07 3.4631e+07  19.1%  87.7 3245s
 503493 41189     cutoff   53      4.2804e+07 3.4635e+07  19.1%  87.7 3250s
 503986 41053 3.6584e+07   58   89 4.2804e+07 3.4639e+07  19.1%  87.8 3255s
 504460 40916     cutoff   59      4.2804e+07 3.4643e+07  19.1%  87.8 3260s
 505000 40820     cutoff   52      4.2804e+07 3.4647e+07  19.1%  87.8 3266s
 505443 40738 3.4883e+07   59   41 4.2804e+07 3.4650e+07  19.1%  87.8 3270s
 505819 40657 infeasible   61      4.2804e+07 3.4653e+07  19.0%  87.9 3275s
 506328 40539 3.9338e+07   61   59 4.2804e+07 3.4657e+07  19.0%  87.9 3280s
 506759 40444 3.8509e+07   54   82 4.2804e+07 3.4660e+07  19.0%  87.9 3285s
 507236 40347     cutoff   50      4.2804e+07 3.4663e+07  19.0%  88.0 3290s
 507616 40255     cutoff   39      4.2804e+07 3.4667e+07  19.0%  88.0 3295s
 508164 40122 3.8850e+07   58   29 4.2804e+07 3.4671e+07  19.0%  88.0 3300s
 508711 40016     cutoff   41      4.2804e+07 3.4676e+07  19.0%  88.1 3306s
 509157 39882 3.9710e+07   58   83 4.2804e+07 3.4680e+07  19.0%  88.1 3311s
 509525 39801     cutoff   68      4.2804e+07 3.4683e+07  19.0%  88.1 3315s
 510090 39701     cutoff   42      4.2804e+07 3.4688e+07  19.0%  88.1 3320s
 510598 39572 infeasible   57      4.2804e+07 3.4692e+07  19.0%  88.2 3326s
 511137 39440 3.4752e+07   50   31 4.2804e+07 3.4697e+07  18.9%  88.2 3331s
 511540 39359     cutoff   52      4.2804e+07 3.4700e+07  18.9%  88.2 3335s
 512021 39222     cutoff   47      4.2804e+07 3.4704e+07  18.9%  88.3 3340s
 512656 39064 3.5093e+07   56   58 4.2804e+07 3.4711e+07  18.9%  88.3 3346s
 513127 38949     cutoff   53      4.2804e+07 3.4715e+07  18.9%  88.4 3351s
 513535 38865 3.5161e+07   48   28 4.2804e+07 3.4719e+07  18.9%  88.4 3355s
 514005 38730 infeasible   55      4.2804e+07 3.4724e+07  18.9%  88.4 3360s
 514516 38624 3.4728e+07   64   51 4.2804e+07 3.4728e+07  18.9%  88.4 3366s
 514892 38546     cutoff   61      4.2804e+07 3.4731e+07  18.9%  88.5 3370s
 515416 38413 3.5126e+07   61   71 4.2804e+07 3.4736e+07  18.8%  88.5 3375s
 515948 38286     cutoff   48      4.2804e+07 3.4741e+07  18.8%  88.5 3380s
 516459 38154     cutoff   53      4.2804e+07 3.4746e+07  18.8%  88.6 3385s
 516895 38010 3.8553e+07   40   86 4.2804e+07 3.4751e+07  18.8%  88.6 3390s
 517427 37880     cutoff   51      4.2804e+07 3.4756e+07  18.8%  88.6 3395s
 517934 37761     cutoff   56      4.2804e+07 3.4762e+07  18.8%  88.7 3400s
 518433 37643 3.4950e+07   43   17 4.2804e+07 3.4767e+07  18.8%  88.7 3405s
 518945 37522     cutoff   53      4.2804e+07 3.4772e+07  18.8%  88.7 3410s
 519484 37398 3.5003e+07   54   22 4.2804e+07 3.4778e+07  18.8%  88.7 3415s
 519970 37266 3.5133e+07   57   43 4.2804e+07 3.4783e+07  18.7%  88.8 3420s
 520405 37113     cutoff   65      4.2804e+07 3.4789e+07  18.7%  88.8 3425s
 520933 37021 3.5155e+07   55   59 4.2804e+07 3.4793e+07  18.7%  88.9 3431s
 521351 36936 3.6746e+07   51   44 4.2804e+07 3.4797e+07  18.7%  88.9 3435s
 521873 36815     cutoff   68      4.2804e+07 3.4803e+07  18.7%  88.9 3440s
 522392 36691     cutoff   55      4.2804e+07 3.4808e+07  18.7%  88.9 3445s
 522831 36545 3.6982e+07   61   77 4.2804e+07 3.4815e+07  18.7%  89.0 3450s
 523335 36445     cutoff   56      4.2804e+07 3.4819e+07  18.7%  89.0 3456s
 523684 36340     cutoff   54      4.2804e+07 3.4824e+07  18.6%  89.0 3460s
 524188 36241 3.6979e+07   59   55 4.2804e+07 3.4830e+07  18.6%  89.1 3465s
 524833 36099     cutoff   59      4.2804e+07 3.4837e+07  18.6%  89.1 3471s
 525212 35994 infeasible   61      4.2804e+07 3.4841e+07  18.6%  89.1 3475s
 525749 35876     cutoff   44      4.2804e+07 3.4847e+07  18.6%  89.1 3480s
 526213 35748 3.5207e+07   57   53 4.2804e+07 3.4853e+07  18.6%  89.2 3486s
 526686 35604 infeasible   63      4.2804e+07 3.4859e+07  18.6%  89.2 3491s
 527150 35480     cutoff   54      4.2804e+07 3.4865e+07  18.5%  89.2 3495s
 527643 35349 3.7499e+07   51   57 4.2804e+07 3.4871e+07  18.5%  89.3 3500s
 528021 35203     cutoff   57      4.2804e+07 3.4878e+07  18.5%  89.3 3505s
 528504 35073     cutoff   50      4.2804e+07 3.4884e+07  18.5%  89.3 3510s
 528943 34940     cutoff   50      4.2804e+07 3.4890e+07  18.5%  89.4 3515s
 529436 34803 3.7569e+07   54   55 4.2804e+07 3.4896e+07  18.5%  89.4 3520s
 530009 34626     cutoff   52      4.2804e+07 3.4904e+07  18.5%  89.4 3526s
 530402 34535     cutoff   70      4.2804e+07 3.4908e+07  18.4%  89.4 3530s
 530849 34396     cutoff   62      4.2804e+07 3.4916e+07  18.4%  89.5 3535s
 531313 34253     cutoff   59      4.2804e+07 3.4923e+07  18.4%  89.5 3540s
 531929 34085 3.4930e+07   51   44 4.2804e+07 3.4930e+07  18.4%  89.5 3546s
 532331 34002 3.6825e+07   57   75 4.2804e+07 3.4936e+07  18.4%  89.6 3550s
 532795 33856 3.7802e+07   57   87 4.2804e+07 3.4942e+07  18.4%  89.6 3555s
 533233 33714 infeasible   62      4.2804e+07 3.4949e+07  18.4%  89.6 3560s
 533664 33572 infeasible   56      4.2804e+07 3.4957e+07  18.3%  89.7 3565s
 534190 33449     cutoff   65      4.2804e+07 3.4964e+07  18.3%  89.7 3570s
 534617 33305 3.4971e+07   46   42 4.2804e+07 3.4971e+07  18.3%  89.7 3575s
 535085 33125     cutoff   57      4.2804e+07 3.4980e+07  18.3%  89.8 3580s
 535511 32983 3.5076e+07   60   46 4.2804e+07 3.4988e+07  18.3%  89.8 3585s
 535966 32832     cutoff   50      4.2804e+07 3.4996e+07  18.2%  89.8 3590s
 536394 32698 3.9240e+07   58   95 4.2804e+07 3.5004e+07  18.2%  89.9 3595s
 536874 32551     cutoff   64      4.2804e+07 3.5011e+07  18.2%  89.9 3601s
 537264 32462 3.5730e+07   60   60 4.2804e+07 3.5017e+07  18.2%  89.9 3605s
 537704 32320     cutoff   58      4.2804e+07 3.5024e+07  18.2%  89.9 3610s
 538178 32183     cutoff   62      4.2804e+07 3.5032e+07  18.2%  90.0 3615s
 538706 31993 4.0264e+07   62   47 4.2804e+07 3.5042e+07  18.1%  90.0 3620s
 539144 31839     cutoff   57      4.2804e+07 3.5049e+07  18.1%  90.0 3625s
 539592 31697 infeasible   54      4.2804e+07 3.5056e+07  18.1%  90.1 3630s
 540065 31564     cutoff   60      4.2804e+07 3.5065e+07  18.1%  90.1 3635s
 540549 31375     cutoff   43      4.2804e+07 3.5077e+07  18.1%  90.1 3640s
 541010 31238 3.7372e+07   61   87 4.2804e+07 3.5086e+07  18.0%  90.2 3645s
 541457 31096     cutoff   55      4.2804e+07 3.5095e+07  18.0%  90.2 3650s
 541957 30908 3.5428e+07   47   67 4.2804e+07 3.5108e+07  18.0%  90.2 3655s
 542382 30780     cutoff   59      4.2804e+07 3.5118e+07  18.0%  90.3 3660s
 542778 30616     cutoff   59      4.2804e+07 3.5129e+07  17.9%  90.3 3665s
 543173 30460 3.5332e+07   53   52 4.2804e+07 3.5139e+07  17.9%  90.3 3670s
 543633 30318 infeasible   53      4.2804e+07 3.5150e+07  17.9%  90.4 3675s
 544085 30176     cutoff   63      4.2804e+07 3.5161e+07  17.9%  90.4 3680s
 544503 30027 3.5175e+07   50   49 4.2804e+07 3.5172e+07  17.8%  90.4 3685s
 545060 29842     cutoff   60      4.2804e+07 3.5188e+07  17.8%  90.5 3691s
 545464 29686     cutoff   57      4.2804e+07 3.5200e+07  17.8%  90.5 3696s
 545881 29542     cutoff   52      4.2804e+07 3.5213e+07  17.7%  90.5 3700s
 546374 29343 3.5307e+07   56   34 4.2804e+07 3.5228e+07  17.7%  90.6 3705s
 546842 29145 3.5255e+07   45   52 4.2804e+07 3.5243e+07  17.7%  90.6 3710s
 547176 29031     cutoff   50      4.2804e+07 3.5253e+07  17.6%  90.6 3715s
 547633 28831 3.7674e+07   52   55 4.2804e+07 3.5268e+07  17.6%  90.7 3720s
 548138 28632     cutoff   48      4.2804e+07 3.5288e+07  17.6%  90.7 3725s
 548594 28435 3.6594e+07   55   32 4.2804e+07 3.5306e+07  17.5%  90.7 3731s
 549012 28276     cutoff   61      4.2804e+07 3.5319e+07  17.5%  90.8 3735s
 549444 28073     cutoff   61      4.2804e+07 3.5339e+07  17.4%  90.8 3740s
 549855 27913 3.8607e+07   62   72 4.2804e+07 3.5355e+07  17.4%  90.8 3745s
 550346 27769     cutoff   37      4.2804e+07 3.5371e+07  17.4%  90.8 3750s
 550861 27572     cutoff   55      4.2804e+07 3.5392e+07  17.3%  90.9 3756s
 551316 27420 infeasible   57      4.2804e+07 3.5408e+07  17.3%  90.9 3760s
 551760 27272     cutoff   68      4.2804e+07 3.5423e+07  17.2%  90.9 3765s
 552269 27071 3.9324e+07   55   37 4.2804e+07 3.5444e+07  17.2%  90.9 3770s
 552771 26869     cutoff   55      4.2804e+07 3.5469e+07  17.1%  91.0 3775s
 553260 26670 3.5494e+07   55   60 4.2804e+07 3.5494e+07  17.1%  91.0 3780s
 553800 26469 3.6201e+07   60   57 4.2804e+07 3.5517e+07  17.0%  91.0 3785s
 554296 26264 3.7931e+07   49   15 4.2804e+07 3.5544e+07  17.0%  91.0 3790s
 554865 26019 3.5633e+07   46   80 4.2804e+07 3.5575e+07  16.9%  91.0 3796s
 555363 25816     cutoff   53      4.2804e+07 3.5605e+07  16.8%  91.1 3800s
 555896 25566     cutoff   75      4.2804e+07 3.5634e+07  16.8%  91.1 3806s
 556391 25363 3.5738e+07   50   76 4.2804e+07 3.5663e+07  16.7%  91.1 3810s
 556881 25159     cutoff   69      4.2804e+07 3.5696e+07  16.6%  91.1 3815s
 557484 24916     cutoff   56      4.2804e+07 3.5730e+07  16.5%  91.1 3820s
 558068 24669 3.7612e+07   47   50 4.2804e+07 3.5769e+07  16.4%  91.1 3825s
 558530 24462     cutoff   54      4.2804e+07 3.5806e+07  16.3%  91.2 3830s
 559219 24173     cutoff   57      4.2804e+07 3.5857e+07  16.2%  91.2 3835s
 559718 23922     cutoff   44      4.2804e+07 3.5903e+07  16.1%  91.2 3840s
 560378 23633     cutoff   62      4.2804e+07 3.5959e+07  16.0%  91.2 3845s
 560949 23382 3.6007e+07   58   46 4.2804e+07 3.6007e+07  15.9%  91.2 3850s
 561465 23132     cutoff   56      4.2804e+07 3.6058e+07  15.8%  91.2 3855s
 562092 22841     cutoff   45      4.2804e+07 3.6123e+07  15.6%  91.2 3860s
 562659 22589 3.9213e+07   52   49 4.2804e+07 3.6179e+07  15.5%  91.2 3865s
 563274 22296 3.6276e+07   50   27 4.2804e+07 3.6239e+07  15.3%  91.2 3870s
 563855 22003 infeasible   54      4.2804e+07 3.6305e+07  15.2%  91.2 3875s
 564474 21668     cutoff   62      4.2804e+07 3.6371e+07  15.0%  91.2 3880s
 565045 21374     cutoff   58      4.2804e+07 3.6435e+07  14.9%  91.2 3885s
 565635 21080     cutoff   47      4.2804e+07 3.6505e+07  14.7%  91.2 3890s
 566269 20787 3.6563e+07   58   69 4.2804e+07 3.6563e+07  14.6%  91.2 3895s
 566773 20535     cutoff   60      4.2804e+07 3.6618e+07  14.5%  91.2 3900s
 567393 20200     cutoff   67      4.2804e+07 3.6692e+07  14.3%  91.2 3905s
 568006 19865     cutoff   50      4.2804e+07 3.6773e+07  14.1%  91.2 3910s
 568570 19529 infeasible   53      4.2804e+07 3.6858e+07  13.9%  91.2 3915s
 569117 19193 3.6944e+07   58   37 4.2804e+07 3.6942e+07  13.7%  91.2 3920s
 569750 18816     cutoff   62      4.2804e+07 3.7045e+07  13.5%  91.2 3925s
 570330 18480 3.9411e+07   61   38 4.2804e+07 3.7132e+07  13.3%  91.2 3930s
 571001 18102 3.7337e+07   56   53 4.2804e+07 3.7236e+07  13.0%  91.2 3935s
 571620 17724     cutoff   53      4.2804e+07 3.7337e+07  12.8%  91.2 3940s
 572152 17388     cutoff   61      4.2804e+07 3.7430e+07  12.6%  91.2 3945s
 572791 16968     cutoff   47      4.2804e+07 3.7546e+07  12.3%  91.2 3950s
 573373 16590     cutoff   57      4.2804e+07 3.7658e+07  12.0%  91.2 3955s
 573955 16212     cutoff   62      4.2804e+07 3.7766e+07  11.8%  91.2 3960s
 574541 15834 3.8048e+07   59   76 4.2804e+07 3.7878e+07  11.5%  91.2 3965s
 575140 15458     cutoff   54      4.2804e+07 3.7987e+07  11.3%  91.2 3970s
 575732 15038 infeasible   67      4.2804e+07 3.8108e+07  11.0%  91.3 3975s
 576382 14576     cutoff   68      4.2804e+07 3.8240e+07  10.7%  91.3 3980s
 576949 14198     cutoff   52      4.2804e+07 3.8350e+07  10.4%  91.3 3985s
 577541 13780 4.0219e+07   55   64 4.2804e+07 3.8473e+07  10.1%  91.3 3990s
 578199 13277     cutoff   57      4.2804e+07 3.8640e+07  9.73%  91.3 3995s
 578824 12815     cutoff   58      4.2804e+07 3.8791e+07  9.38%  91.3 4000s
 579399 12395     cutoff   56      4.2804e+07 3.8926e+07  9.06%  91.3 4005s
 580106 11891 3.9259e+07   65   58 4.2804e+07 3.9113e+07  8.62%  91.3 4010s
 580772 11387     cutoff   63      4.2804e+07 3.9269e+07  8.26%  91.3 4015s
 581420 10883     cutoff   61      4.2804e+07 3.9437e+07  7.87%  91.3 4020s
 582100 10337     cutoff   41      4.2804e+07 3.9617e+07  7.45%  91.3 4025s
 582721  9833     cutoff   61      4.2804e+07 3.9810e+07  7.00%  91.3 4030s
 583423  9287     cutoff   56      4.2804e+07 4.0026e+07  6.49%  91.3 4035s
 584084  8741     cutoff   68      4.2804e+07 4.0247e+07  5.97%  91.3 4040s
 584671  8237     cutoff   62      4.2804e+07 4.0515e+07  5.35%  91.4 4045s
 585277  7691     cutoff   48      4.2804e+07 4.0823e+07  4.63%  91.4 4050s
 585931  7103 4.1243e+07   66   63 4.2804e+07 4.1207e+07  3.73%  91.4 4055s
 586564  6557     cutoff   77      4.2804e+07 4.1559e+07  2.91%  91.4 4060s
 587214  5927     cutoff   54      4.2804e+07 4.1940e+07  2.02%  91.4 4065s
 587812  5339     cutoff   47      4.2804e+07 4.2260e+07  1.27%  91.4 4070s
 588653  4499     cutoff   71      4.2804e+07 4.2469e+07  0.78%  91.4 4075s
 589241  3911     cutoff   65      4.2804e+07 4.2469e+07  0.78%  91.4 4080s
 589661  3491     cutoff   55      4.2804e+07 4.2469e+07  0.78%  91.5 4085s
 590335  2819     cutoff   53      4.2804e+07 4.2579e+07  0.53%  91.5 4090s
 590839  2315     cutoff   50      4.2804e+07 4.2623e+07  0.42%  91.5 4095s
 591658  1520     cutoff   81      4.2804e+07 4.2672e+07  0.31%  91.5 4100s
 592372   806     cutoff   49      4.2804e+07 4.2672e+07  0.31%  91.5 4105s
 593046   134     cutoff   62      4.2804e+07 4.2786e+07  0.04%  91.5 4110s

Cutting planes:
  Learned: 13
  Gomory: 24
  Cover: 890
  Implied bound: 526
  Clique: 21
  MIR: 82
  Flow cover: 200
  GUB cover: 11
  Zero half: 80
  Network: 1

Explored 593214 nodes (54290679 simplex iterations) in 4111.10 seconds
Thread count was 2 (of 4 available processors)

Optimal solution found (tolerance 1.00e-04)
Best objective 4.280430000000e+07, best bound 4.280250000000e+07, gap 0.0042%
k_c1	959999.0
k_c10	90002.0
k_c11	1000000.0
k_c12	1000000.0
k_c2	50000.0
k_c3	90000.0
k_c4	70000.0
k_c5	40000.0
k_c6	80000.0
k_c7	10000.0
k_c8	1000000.0
k_c9	979999.0
k_dN	0.0
o_1	0.0
o_10	0.0
o_11	0.0
o_12	0.0
o_2	0.0
o_3	0.0
o_4	0.0
o_5	0.0
o_6	0.0
o_7	0.0
o_8	0.0
o_9	0.0
p_1	0.0
p_10	0.0
p_11	0.0
p_12	0.0
p_2	0.0
p_3	0.0
p_4	0.0
p_5	0.0
p_6	0.0
p_7	0.0
p_8	0.0
p_9	0.0
phi_c1	29133.0
phi_c10	35130.0
phi_c11	39883.0
phi_c12	47149.0
phi_c2	21161.0
phi_c3	18371.0
phi_c4	28962.0
phi_c5	8924.0
phi_c6	19432.0
phi_c7	14852.0
phi_c8	34819.0
phi_c9	27708.0
phi_dN	0.0
pi_c1	240000.0
pi_c10	300000.0
pi_c11	240000.0
pi_c12	240000.0
pi_c2	300000.0
pi_c3	240000.0
pi_c4	300000.0
pi_c5	239999.0
pi_c6	239999.0
pi_c7	240000.0
pi_c8	240000.0
pi_c9	240000.0
pi_dN	0.0
tauD_c1	504999.0
tauD_c10	176949.0
tauD_c11	114448.0
tauD_c12	397673.0
tauD_c2	650000.0
tauD_c3	600000.0
tauD_c4	250000.0
tauD_c5	250000.0
tauD_c6	600000.0
tauD_c7	850000.0
tauD_c8	100000.0
tauD_c9	196575.0
tauD_d0	0.0
tauD_dN	1000000.0
tauS_c1	459099.0
tauS_c10	850850.0
tauS_c11	273125.0
tauS_c12	871975.0
tauS_c2	861150.0
tauS_c3	851350.0
tauS_c4	838375.0
tauS_c5	886650.0
tauS_c6	865175.0
tauS_c7	864500.0
tauS_c8	825900.0
tauS_c9	836775.0
tauS_d0	0.0
tauS_dN	1000000.0
x_c10_c4	1.0
x_c11_c10	1.0
x_c12_c1	1.0
x_c1_c3	1.0
x_c2_c7	1.0
x_c3_dN	1.0
x_c4_c2	1.0
x_c5_dN	1.0
x_c6_dN	1.0
x_c7_dN	1.0
x_c8_c9	1.0
x_c9_c6	1.0
x_d0_c11	1.0
x_d0_c12	1.0
x_d0_c5	1.0
x_d0_c8	1.0
