
Gurobi 6.0.4 (win64) logging started 06/21/15 07:19:15

Read LP format model from file C:\MT\repository\VRPTWMS\instances\mip\fuel\N12-C_DV100-C_SV30_F6_14_No_1.lp
Reading time = 0.02 seconds
(null): 865 rows, 404 columns, 3771 nonzeros
Optimize a model with 865 rows, 404 columns and 3771 nonzeros
Model has 1872 quadratic constraints
Coefficient statistics:
  Matrix range    [1e+00, 1e+06]
  Objective range [4e+04, 1e+07]
  Bounds range    [1e+00, 1e+06]
  RHS range       [1e+00, 1e+06]
Presolve removed 83 rows and 58 columns
Presolve time: 0.91s
Presolved: 3494 rows, 1748 columns, 18258 nonzeros
Variable types: 1310 continuous, 438 integer (375 binary)
Found heuristic solution: objective 1.256550e+08

Root relaxation: objective 1.211400e+07, 186 iterations, 0.02 seconds

    Nodes    |    Current Node    |     Objective Bounds      |     Work
 Expl Unexpl |  Obj  Depth IntInf | Incumbent    BestBd   Gap | It/Node Time

     0     0 1.2114e+07    0   39 1.2566e+08 1.2114e+07  90.4%     -    0s
H    0     0                    7.419630e+07 1.2114e+07  83.7%     -    0s
     0     0 1.2434e+07    0   58 7.4196e+07 1.2434e+07  83.2%     -    1s
H    0     0                    6.401950e+07 1.2434e+07  80.6%     -    1s
     0     0 1.2511e+07    0   63 6.4020e+07 1.2511e+07  80.5%     -    1s
     0     0 1.2533e+07    0   54 6.4020e+07 1.2533e+07  80.4%     -    1s
     0     0 1.2579e+07    0   63 6.4020e+07 1.2579e+07  80.4%     -    1s
     0     0 1.2669e+07    0   37 6.4020e+07 1.2669e+07  80.2%     -    1s
     0     0 1.2670e+07    0   60 6.4020e+07 1.2670e+07  80.2%     -    1s
     0     0 1.2671e+07    0   36 6.4020e+07 1.2671e+07  80.2%     -    1s
     0     0 1.2671e+07    0   35 6.4020e+07 1.2671e+07  80.2%     -    1s
     0     0 1.2671e+07    0   35 6.4020e+07 1.2671e+07  80.2%     -    1s
     0     2 1.2671e+07    0   35 6.4020e+07 1.2671e+07  80.2%     -    1s
H   57    55                    6.386160e+07 1.2699e+07  80.1%  84.7    1s
H  191   154                    5.528970e+07 1.2714e+07  77.0%  51.8    2s
H  364   290                    5.500320e+07 1.2743e+07  76.8%  58.8    2s
H  403   307                    5.486640e+07 1.2743e+07  76.8%  56.8    2s
*  512   353              32    5.478040e+07 1.2936e+07  76.4%  54.2    2s
H  545   376                    5.450530e+07 1.2936e+07  76.3%  52.9    3s
H  719   447                    5.432360e+07 1.3063e+07  76.0%  51.6    3s
H  729   421                    5.352640e+07 1.3063e+07  75.6%  51.2    3s
   741   435 4.7886e+07   30   67 5.3526e+07 1.3063e+07  75.6%  50.5    5s
   766   451 3.7113e+07   10  128 5.3526e+07 1.3372e+07  75.0%  48.9   10s
   788   466 1.4198e+07    5  121 5.3526e+07 1.4198e+07  73.5%  47.5   15s
   811   483 3.3745e+07   14  121 5.3526e+07 1.5451e+07  71.1%  70.5   20s
*  920   511              62    4.475620e+07 1.6442e+07  63.3%  74.1   22s
*  921   487              62    4.465640e+07 1.6442e+07  63.2%  74.0   22s
H 1033   510                    4.452580e+07 2.2327e+07  49.9%  76.4   23s
H 1121   526                    4.440860e+07 2.2327e+07  49.7%  75.0   24s
  1272   559 4.4111e+07   71   35 4.4409e+07 2.2422e+07  49.5%  75.6   25s
H 1467   562                    4.412480e+07 2.2448e+07  49.1%  73.9   25s
H 2114   718                    4.395950e+07 2.2612e+07  48.6%  73.1   29s
H 2197   745                    4.380510e+07 2.2625e+07  48.4%  72.2   29s
H 2234   751                    4.360390e+07 2.2633e+07  48.1%  72.1   29s
  2353   811 infeasible   43      4.3604e+07 2.2688e+07  48.0%  72.3   30s
H 2534   875                    4.346860e+07 2.2732e+07  47.7%  72.7   30s
H 2741   926                    4.321770e+07 2.2786e+07  47.3%  73.9   32s
H 2829   951                    4.313830e+07 2.2817e+07  47.1%  74.0   34s
  2927   991     cutoff   50      4.3138e+07 2.2851e+07  47.0%  75.1   35s
H 2928   990                    4.311390e+07 2.2851e+07  47.0%  75.1   35s
H 2936   991                    4.311290e+07 2.2851e+07  47.0%  75.3   35s
H 3181  1075                    4.308850e+07 2.2901e+07  46.9%  76.8   37s
  3593  1164 infeasible   50      4.3089e+07 2.2996e+07  46.6%  79.5   40s
  4086  1307     cutoff   47      4.3089e+07 2.3065e+07  46.5%  81.3   45s
  4829  1475 3.5822e+07   41   23 4.3089e+07 2.3271e+07  46.0%  85.5   50s
  5688  1570 3.3429e+07   48   55 4.3089e+07 2.3506e+07  45.4%  88.3   55s
  6370  1661 3.6596e+07   50   42 4.3089e+07 2.3891e+07  44.6%  90.4   60s
  7074  1772     cutoff   40      4.3089e+07 2.4354e+07  43.5%  91.3   65s
  7656  1882 3.3587e+07   49   63 4.3089e+07 2.4685e+07  42.7%  91.8   70s
  8598  2072     cutoff   60      4.3089e+07 2.5465e+07  40.9%  91.6   76s
  9380  2211 3.5055e+07   57   86 4.3089e+07 2.6064e+07  39.5%  91.9   80s
 10229  2282 infeasible   45      4.3089e+07 2.6692e+07  38.1%  91.8   85s
 11175  2375 infeasible   44      4.3089e+07 2.7746e+07  35.6%  92.2   91s
H11300  2394                    4.305700e+07 2.7746e+07  35.6%  92.2   91s
 12032  2490 3.3794e+07   43   21 4.3057e+07 2.8272e+07  34.3%  91.4   95s
 13062  2553 infeasible   54      4.3057e+07 2.8829e+07  33.0%  91.6  100s
 13808  2479     cutoff   52      4.3057e+07 2.9505e+07  31.5%  92.6  105s
 14745  2505     cutoff   42      4.3057e+07 3.2305e+07  25.0%  92.3  120s
 16076  2946     cutoff   55      4.3057e+07 3.2630e+07  24.2%  90.2  125s
*16131  2935              48    4.302940e+07 3.2630e+07  24.2%  90.1  125s
 17082  3188 infeasible   57      4.3029e+07 3.2696e+07  24.0%  88.6  130s
 18007  3415     cutoff   60      4.3029e+07 3.2732e+07  23.9%  88.1  135s
 19206  3696 3.3369e+07   51   22 4.3029e+07 3.2776e+07  23.8%  87.1  140s
 20265  3905     cutoff   46      4.3029e+07 3.2808e+07  23.8%  86.6  145s
 21433  4152 3.3776e+07   60   16 4.3029e+07 3.2842e+07  23.7%  85.7  150s
*21721  4185              58    4.302570e+07 3.2848e+07  23.7%  85.6  152s
 22418  4305 infeasible   45      4.3026e+07 3.2864e+07  23.6%  85.5  155s
 23363  4406 infeasible   49      4.3026e+07 3.2887e+07  23.6%  85.4  160s
 24363  4574 4.3002e+07   53   15 4.3026e+07 3.2913e+07  23.5%  85.1  165s
 25509  4753 3.2940e+07   46   15 4.3026e+07 3.2935e+07  23.5%  85.2  171s
 26206  4818     cutoff   49      4.3026e+07 3.2949e+07  23.4%  85.2  176s
 27152  4938 3.4117e+07   52   24 4.3026e+07 3.2965e+07  23.4%  85.1  180s
 28060  5021 infeasible   43      4.3026e+07 3.2983e+07  23.3%  85.0  185s
 29139  5093 3.3121e+07   53   43 4.3026e+07 3.3006e+07  23.3%  85.1  191s
 29995  5132 infeasible   46      4.3026e+07 3.3022e+07  23.2%  85.2  195s
 30803  5179 3.3228e+07   52   18 4.3026e+07 3.3039e+07  23.2%  85.4  200s
 31942  5303 3.8360e+07   49   40 4.3026e+07 3.3062e+07  23.2%  85.3  205s
 32832  5369 4.2988e+07   48   31 4.3026e+07 3.3081e+07  23.1%  85.4  210s
 33904  5453 infeasible   61      4.3026e+07 3.3099e+07  23.1%  85.4  215s
 34368  5459 3.3723e+07   48   81 4.3026e+07 3.3110e+07  23.0%  85.4  220s
 35231  5547 infeasible   45      4.3026e+07 3.3124e+07  23.0%  85.4  225s
 36243  5536 3.3528e+07   41   12 4.3026e+07 3.3145e+07  23.0%  85.6  230s
 37017  5522     cutoff   49      4.3026e+07 3.3160e+07  22.9%  85.9  235s
 38051  5588 3.6682e+07   41   30 4.3026e+07 3.3179e+07  22.9%  85.9  240s
 38823  5602 infeasible   48      4.3026e+07 3.3198e+07  22.8%  86.1  245s
 39778  5592 infeasible   58      4.3026e+07 3.3220e+07  22.8%  86.3  250s
 40502  5556 3.3279e+07   47   35 4.3026e+07 3.3240e+07  22.7%  86.5  255s
 41396  5578 infeasible   49      4.3026e+07 3.3259e+07  22.7%  86.8  260s
 42130  5598 3.3651e+07   52   13 4.3026e+07 3.3274e+07  22.7%  87.0  265s
 43062  5570 infeasible   50      4.3026e+07 3.3297e+07  22.6%  87.2  270s
 43644  5542     cutoff   55      4.3026e+07 3.3313e+07  22.6%  87.3  275s
 44582  5533     cutoff   47      4.3026e+07 3.3333e+07  22.5%  87.5  280s
 45469  5496 3.3558e+07   49   36 4.3026e+07 3.3356e+07  22.5%  87.8  285s
 46161  5430 3.3430e+07   44   11 4.3026e+07 3.3379e+07  22.4%  88.0  290s
 46948  5382 3.4592e+07   50   78 4.3026e+07 3.3400e+07  22.4%  88.1  295s
 47893  5241     cutoff   44      4.3026e+07 3.3434e+07  22.3%  88.4  300s
 48672  5174 3.4030e+07   47   22 4.3026e+07 3.3461e+07  22.2%  88.7  305s
 49462  5105 3.3882e+07   58   28 4.3026e+07 3.3485e+07  22.2%  88.9  310s
 50205  5022     cutoff   54      4.3026e+07 3.3506e+07  22.1%  89.2  315s
 50890  4951 3.3805e+07   44   20 4.3026e+07 3.3533e+07  22.1%  89.4  320s
 51656  4857 3.3689e+07   55   41 4.3026e+07 3.3558e+07  22.0%  89.7  325s
 52318  4762 infeasible   50      4.3026e+07 3.3580e+07  22.0%  90.0  330s
 53087  4690 3.4033e+07   44   30 4.3026e+07 3.3609e+07  21.9%  90.3  335s
 53853  4604     cutoff   56      4.3026e+07 3.3639e+07  21.8%  90.5  340s
 54660  4542 infeasible   49      4.3026e+07 3.3666e+07  21.8%  90.6  345s
 55608  4450 infeasible   46      4.3026e+07 3.3695e+07  21.7%  90.8  352s
 56050  4336     cutoff   55      4.3026e+07 3.3714e+07  21.6%  91.0  355s
 56773  4212 3.3912e+07   57   25 4.3026e+07 3.3742e+07  21.6%  91.2  360s
 57596  4061 infeasible   50      4.3026e+07 3.3778e+07  21.5%  91.5  365s
 58388  3893 infeasible   46      4.3026e+07 3.3818e+07  21.4%  91.7  370s
 59113  3682 3.3890e+07   44   16 4.3026e+07 3.3854e+07  21.3%  92.0  375s
 59830  3443 3.5336e+07   48   69 4.3026e+07 3.3904e+07  21.2%  92.3  380s
 60550  3254 infeasible   53      4.3026e+07 3.3938e+07  21.1%  92.6  385s
 61306  3024 infeasible   43      4.3026e+07 3.3984e+07  21.0%  92.9  390s
 62021  2776 3.4207e+07   51   31 4.3026e+07 3.4031e+07  20.9%  93.2  395s
 62756  2519 3.4154e+07   59   39 4.3026e+07 3.4081e+07  20.8%  93.5  400s
 63517  2287 infeasible   55      4.3026e+07 3.4139e+07  20.7%  93.8  405s
 64204  2036 infeasible   52      4.3026e+07 3.4211e+07  20.5%  94.1  410s
 64889  1728 infeasible   58      4.3026e+07 3.4311e+07  20.3%  94.4  415s
 65598  1403     cutoff   52      4.3026e+07 3.4461e+07  19.9%  94.8  420s
 66138  1127 infeasible   50      4.3026e+07 3.4787e+07  19.1%  95.0  425s
 66957   847 infeasible   63      4.3026e+07 3.5914e+07  16.5%  95.0  430s
 67913   485 infeasible   53      4.3026e+07 3.8768e+07  9.90%  94.9  435s
 69249   107     cutoff   37      4.3026e+07 4.2877e+07  0.35%  94.1  442s

Cutting planes:
  Learned: 9
  Gomory: 7
  Cover: 769
  Implied bound: 560
  Clique: 25
  MIR: 81
  Flow cover: 252
  GUB cover: 16
  Zero half: 57
  Network: 1

Explored 69401 nodes (6521854 simplex iterations) in 442.81 seconds
Thread count was 2 (of 4 available processors)

Optimal solution found (tolerance 1.00e-04)
Best objective 4.302570000000e+07, best bound 4.302570000000e+07, gap 0.0%
k_c1	100000.0
k_c10	1000000.0
k_c11	130000.0
k_c12	960000.0
k_c2	100000.0
k_c3	40000.0
k_c4	60000.0
k_c5	1000000.0
k_c6	40000.0
k_c7	80000.0
k_c8	1000000.0
k_c9	940000.0
k_dN	0.0
o_1	0.0
o_10	0.0
o_11	0.0
o_12	0.0
o_2	0.0
o_3	0.0
o_4	0.0
o_5	0.0
o_6	0.0
o_7	0.0
o_8	0.0
o_9	0.0
p_1	0.0
p_10	1.0
p_11	0.0
p_12	0.0
p_2	0.0
p_3	1.0
p_4	0.0
p_5	0.0
p_6	0.0
p_7	0.0
p_8	0.0
p_9	0.0
phi_c1	20201.0
phi_c10	53651.0
phi_c11	32979.0
phi_c12	28144.0
phi_c2	32205.0
phi_c3	0.0
phi_c4	6984.0
phi_c5	33534.0
phi_c6	6723.0
phi_c7	13380.0
phi_c8	38498.0
phi_c9	46983.0
phi_dN	0.0
pi_c1	0.0
pi_c10	66349.0
pi_c11	0.0
pi_c12	0.0
pi_c2	0.0
pi_c3	60000.0
pi_c4	0.0
pi_c5	0.0
pi_c6	0.0
pi_c7	0.0
pi_c8	0.0
pi_c9	0.0
pi_dN	0.0
tauD_c1	300000.0
tauD_c10	50000.0
tauD_c11	172250.0
tauD_c12	706000.0
tauD_c2	665750.0
tauD_c3	790000.0
tauD_c4	800000.0
tauD_c5	650000.0
tauD_c6	836050.0
tauD_c7	700000.0
tauD_c8	80350.0
tauD_c9	510525.0
tauD_d0	0.0
tauD_dN	1000000.0
tauS_c1	44600.0
tauS_c10	23800.0
tauS_c11	50775.0
tauS_c12	828200.0
tauS_c2	91075.0
tauS_c3	239025.0
tauS_c4	27050.0
tauS_c5	76625.0
tauS_c6	12575.0
tauS_c7	882500.0
tauS_c8	60100.0
tauS_c9	68825.0
tauS_d0	0.0
tauS_dN	987500.0
x_c10_c9	1.0
x_c11_c1	1.0
x_c12_c6	1.0
x_c1_c7	1.0
x_c2_c4	1.0
x_c3_dN	1.0
x_c4_dN	1.0
x_c5_c12	1.0
x_c6_dN	1.0
x_c7_c3	1.0
x_c8_c11	1.0
x_c9_c2	1.0
x_d0_c10	1.0
x_d0_c5	1.0
x_d0_c8	1.0
z_c10_c3	1.0
z_c3_dN	1.0
z_d0_c10	1.0
