
Gurobi 6.0.4 (win64) logging started 06/16/15 21:42:06

Read LP format model from file E:\Eigene Dateien\Downloads\Michi shit\VRPTWMS-master\VRPTWMS\instances\mip\fuel\N12-C_DV100-C_SV25_F5_3_No_1.lp
Reading time = 0.02 seconds
(null): 865 rows, 404 columns, 3771 nonzeros
Optimize a model with 865 rows, 404 columns and 3771 nonzeros
Model has 1872 quadratic constraints
WARNING: Only barrier available for SOCP models
Coefficient statistics:
  Matrix range    [1e+00, 1e+06]
  Objective range [1e+04, 1e+07]
  Bounds range    [1e+00, 1e+06]
  RHS range       [1e+00, 1e+06]
Presolve removed 79 rows and 45 columns
Presolve time: 0.17s
Presolved: 3838 rows, 1937 columns, 19517 nonzeros
Variable types: 1474 continuous, 463 integer (400 binary)
Found heuristic solution: objective 1.243656e+08
Optimize a model with 3838 rows, 1937 columns and 19517 nonzeros
Coefficient statistics:
  Matrix range    [1e+00, 1e+06]
  Objective range [1e+04, 1e+07]
  Bounds range    [1e+00, 1e+06]
  RHS range       [1e+00, 1e+06]

Concurrent LP optimizer: dual simplex and barrier
Showing barrier log only...

Presolve removed 313 rows and 204 columns
Presolved: 3525 rows, 1734 columns, 18074 nonzeros

Root barrier log...

Ordering time: 0.02s

Barrier performed 0 iterations in 0.20 seconds
Barrier solve interrupted - model solved by another algorithm


Solved with dual simplex
Solved in 109 iterations and 0.20 seconds
Optimal objective  2.069430915e+06

Root relaxation: objective 2.069431e+06, 109 iterations, 0.03 seconds

    Nodes    |    Current Node    |     Objective Bounds      |     Work
 Expl Unexpl |  Obj  Depth IntInf | Incumbent    BestBd   Gap | It/Node Time

     0     0 2069430.91    0   38 1.2437e+08 2069430.91  98.3%     -    0s
H    0     0                    1.039461e+08 2069430.91  98.0%     -    0s
     0     0 1.1988e+07    0   37 1.0395e+08 1.1988e+07  88.5%     -    0s
H    0     0                    9.347590e+07 1.1988e+07  87.2%     -    0s
     0     0 1.2000e+07    0   39 9.3476e+07 1.2000e+07  87.2%     -    0s
     0     0 1.2015e+07    0   37 9.3476e+07 1.2015e+07  87.1%     -    0s
     0     0 1.2034e+07    0   39 9.3476e+07 1.2034e+07  87.1%     -    0s
     0     0 1.2039e+07    0   35 9.3476e+07 1.2039e+07  87.1%     -    0s
     0     0 1.2039e+07    0   39 9.3476e+07 1.2039e+07  87.1%     -    0s
     0     0 1.2039e+07    0   38 9.3476e+07 1.2039e+07  87.1%     -    0s
     0     0 1.2039e+07    0   38 9.3476e+07 1.2039e+07  87.1%     -    0s
H    0     0                    8.318740e+07 1.2039e+07  85.5%     -    0s
H    0     0                    4.389210e+07 1.2039e+07  72.6%     -    0s
     0     0 1.2039e+07    0   33 4.3892e+07 1.2039e+07  72.6%     -    0s
     0     2 1.2039e+07    0   32 4.3892e+07 1.2039e+07  72.6%     -    0s
H   33    36                    4.365540e+07 1.2085e+07  72.3%  31.7    0s
H   96    90                    4.348520e+07 1.2085e+07  72.2%  24.5    0s
H  252   222                    4.301910e+07 1.2086e+07  71.9%  27.3    0s
H  548   395                    4.295590e+07 1.2086e+07  71.9%  33.5    1s
H  670   471                    4.227160e+07 1.2256e+07  71.0%  33.1    1s
H 1024   635                    3.345370e+07 1.2409e+07  62.9%  32.3    2s
H 1029   606                    3.284370e+07 1.2409e+07  62.2%  32.1    2s
H 1030   576                    3.280340e+07 1.2409e+07  62.2%  32.1    2s
H 1039   553                    3.278060e+07 1.2409e+07  62.1%  31.8    4s
  1042   555 2.1863e+07   14   92 3.2781e+07 1.2409e+07  62.1%  31.7    5s
  1070   576 1.2409e+07   15   87 3.2781e+07 1.2409e+07  62.1%  39.6   10s
  2585   827 2.2713e+07   27   40 3.2781e+07 1.2714e+07  61.2%  62.3   15s
  3981  1407 2.3731e+07   39   63 3.2781e+07 1.2981e+07  60.4%  71.8   20s
  5938  1932     cutoff   47      3.2781e+07 1.3362e+07  59.2%  85.4   25s
  7708  2175 2.3518e+07   42   49 3.2781e+07 1.4515e+07  55.7%  94.8   30s
  9541  2578 2.2882e+07   29   25 3.2781e+07 2.1687e+07  33.8%  95.1   35s
 11869  3518 3.2428e+07   30   37 3.2781e+07 2.1953e+07  33.0%  91.8   40s
 14390  4622 3.2648e+07   37   15 3.2781e+07 2.2058e+07  32.7%  85.8   45s
H17763  5587                    3.262430e+07 2.2330e+07  31.6%  81.3   49s
 17866  5608 2.2947e+07   37   56 3.2624e+07 2.2342e+07  31.5%  81.2   50s
 19700  6003 infeasible   40      3.2624e+07 2.2390e+07  31.4%  80.9   55s
*20399  6093              47    3.259090e+07 2.2401e+07  31.3%  80.5   56s
 20791  6245 2.2476e+07   25   33 3.2591e+07 2.2404e+07  31.3%  80.5   62s
 20798  6250 2.3179e+07   38   83 3.2591e+07 2.2404e+07  31.3%  80.5   65s
 20807  6256 2.3591e+07   39  100 3.2591e+07 2.2404e+07  31.3%  80.5   70s
 20823  6268 2.2404e+07   32   50 3.2591e+07 2.2404e+07  31.3%  79.1   75s
 21843  6533 2.4940e+07   56   41 3.2591e+07 2.2404e+07  31.3%  78.7   81s
 24045  7067     cutoff   61      3.2591e+07 2.2404e+07  31.3%  77.6   86s
 26974  7582 2.3115e+07   41   42 3.2591e+07 2.2404e+07  31.3%  76.1   91s
 30049  7938 2.3441e+07   54   22 3.2591e+07 2.2404e+07  31.3%  75.1   96s
 33631  8322 2.4172e+07   53   64 3.2591e+07 2.2404e+07  31.3%  73.3  101s
 36319  8515     cutoff   51      3.2591e+07 2.2404e+07  31.3%  72.6  105s
 40315  9234     cutoff   52      3.2591e+07 2.2435e+07  31.2%  71.4  111s
 43647 10478 3.2173e+07   41   11 3.2591e+07 2.2473e+07  31.0%  70.9  116s
 46242 11544 2.3201e+07   61   42 3.2591e+07 2.2509e+07  30.9%  70.8  120s
 49215 12633     cutoff   52      3.2591e+07 2.2540e+07  30.8%  71.1  126s
 51420 13315 2.3066e+07   51   80 3.2591e+07 2.2561e+07  30.8%  71.3  130s
 54257 14352 2.2988e+07   51   57 3.2591e+07 2.2583e+07  30.7%  71.6  135s
 56946 15249 2.4097e+07   60   65 3.2591e+07 2.2599e+07  30.7%  71.9  140s
 60015 16320 2.3683e+07   62   63 3.2591e+07 2.2621e+07  30.6%  71.9  145s
 62976 17240 2.7032e+07   49   51 3.2591e+07 2.2645e+07  30.5%  72.4  150s
 65383 17992 2.4425e+07   46   45 3.2591e+07 2.2660e+07  30.5%  72.6  155s
 68334 18767 2.3092e+07   46   42 3.2591e+07 2.2678e+07  30.4%  73.0  160s
 71249 19678     cutoff   43      3.2591e+07 2.2697e+07  30.4%  73.3  166s
 73543 20271 infeasible   55      3.2591e+07 2.2707e+07  30.3%  73.5  170s
 76239 20920 2.2803e+07   54   26 3.2591e+07 2.2723e+07  30.3%  73.9  175s
 79022 21709     cutoff   58      3.2591e+07 2.2738e+07  30.2%  74.1  180s
 80958 22236 2.3160e+07   55   35 3.2591e+07 2.2746e+07  30.2%  74.4  185s
 83559 22993     cutoff   55      3.2591e+07 2.2758e+07  30.2%  74.7  190s
 86223 23562 2.3007e+07   43   41 3.2591e+07 2.2773e+07  30.1%  75.0  195s
 89122 24298 2.6302e+07   64   56 3.2591e+07 2.2788e+07  30.1%  75.3  200s
 91696 24895 2.2880e+07   55   39 3.2591e+07 2.2798e+07  30.0%  75.6  205s
 94289 25645 2.3439e+07   46   60 3.2591e+07 2.2812e+07  30.0%  75.8  210s
 96920 26327     cutoff   53      3.2591e+07 2.2825e+07  30.0%  75.9  215s
 99288 27004     cutoff   46      3.2591e+07 2.2836e+07  29.9%  76.2  220s
 101551 27514 2.6176e+07   48   47 3.2591e+07 2.2845e+07  29.9%  76.4  225s
 104420 28117 2.5617e+07   55   48 3.2591e+07 2.2857e+07  29.9%  76.7  230s
 106838 28595 2.4143e+07   51   68 3.2591e+07 2.2869e+07  29.8%  76.9  235s
 109169 29109 2.4558e+07   49   63 3.2591e+07 2.2876e+07  29.8%  77.2  240s
 112148 29748     cutoff   49      3.2591e+07 2.2889e+07  29.8%  77.4  245s
 114343 30171     cutoff   48      3.2591e+07 2.2897e+07  29.7%  77.7  250s
 117028 30725 2.3613e+07   47   59 3.2591e+07 2.2908e+07  29.7%  78.0  255s
 119242 31241 infeasible   63      3.2591e+07 2.2915e+07  29.7%  78.2  260s
 121463 31675     cutoff   50      3.2591e+07 2.2923e+07  29.7%  78.4  265s
 124228 32193     cutoff   51      3.2591e+07 2.2933e+07  29.6%  78.6  270s
 126961 32758 2.3708e+07   46   52 3.2591e+07 2.2943e+07  29.6%  78.9  275s
 129128 33246     cutoff   68      3.2591e+07 2.2951e+07  29.6%  79.1  280s
 131754 33695     cutoff   48      3.2591e+07 2.2960e+07  29.6%  79.4  285s
 133837 34032 2.5652e+07   58   76 3.2591e+07 2.2968e+07  29.5%  79.6  290s
 136453 34483     cutoff   57      3.2591e+07 2.2978e+07  29.5%  79.8  295s
 138678 34831 2.7765e+07   56   60 3.2591e+07 2.2986e+07  29.5%  80.0  300s
 141202 35218 2.3251e+07   58   88 3.2591e+07 2.2995e+07  29.4%  80.3  305s
 143653 35635     cutoff   53      3.2591e+07 2.3003e+07  29.4%  80.6  310s
 146046 36079 2.3331e+07   45   23 3.2591e+07 2.3012e+07  29.4%  80.8  315s
 148193 36279     cutoff   47      3.2591e+07 2.3020e+07  29.4%  81.0  320s
 150669 36742     cutoff   55      3.2591e+07 2.3028e+07  29.3%  81.2  325s
 152846 37031 2.3722e+07   54   54 3.2591e+07 2.3036e+07  29.3%  81.3  330s
 155474 37480     cutoff   55      3.2591e+07 2.3043e+07  29.3%  81.5  335s
 157452 37749     cutoff   64      3.2591e+07 2.3050e+07  29.3%  81.7  340s
 160057 38166 2.3722e+07   50   40 3.2591e+07 2.3059e+07  29.2%  81.9  345s
 162577 38579     cutoff   46      3.2591e+07 2.3066e+07  29.2%  82.0  351s
 164605 38847     cutoff   60      3.2591e+07 2.3073e+07  29.2%  82.2  355s
 167090 39136     cutoff   57      3.2591e+07 2.3082e+07  29.2%  82.4  360s
 169207 39436     cutoff   65      3.2591e+07 2.3090e+07  29.2%  82.5  365s
 171712 39757     cutoff   42      3.2591e+07 2.3097e+07  29.1%  82.7  370s
 174241 40188     cutoff   55      3.2591e+07 2.3105e+07  29.1%  82.8  375s
 176607 40503     cutoff   50      3.2591e+07 2.3112e+07  29.1%  83.0  380s
 178607 40761 2.3368e+07   65   51 3.2591e+07 2.3118e+07  29.1%  83.2  385s
 181041 40982 2.4925e+07   51   81 3.2591e+07 2.3125e+07  29.0%  83.4  390s
 183488 41297     cutoff   53      3.2591e+07 2.3132e+07  29.0%  83.5  395s
 185935 41524 2.4372e+07   61   68 3.2591e+07 2.3140e+07  29.0%  83.7  400s
 188065 41742     cutoff   59      3.2591e+07 2.3147e+07  29.0%  83.9  405s
 190414 42011 2.3996e+07   68   53 3.2591e+07 2.3153e+07  29.0%  84.1  410s
 193033 42465     cutoff   67      3.2591e+07 2.3160e+07  28.9%  84.2  415s
 195614 42819     cutoff   46      3.2591e+07 2.3169e+07  28.9%  84.3  420s
 197970 43080 2.3955e+07   44   66 3.2591e+07 2.3176e+07  28.9%  84.5  425s
 200208 43256 2.5399e+07   61   72 3.2591e+07 2.3182e+07  28.9%  84.7  430s
 202335 43510 2.3307e+07   46   57 3.2591e+07 2.3187e+07  28.9%  84.8  435s
 204716 43774 2.7040e+07   64   69 3.2591e+07 2.3194e+07  28.8%  84.9  440s
 207053 44021 2.3281e+07   58   43 3.2591e+07 2.3200e+07  28.8%  85.1  445s
 209397 44240 2.5507e+07   56   85 3.2591e+07 2.3207e+07  28.8%  85.3  450s
 211841 44485     cutoff   56      3.2591e+07 2.3214e+07  28.8%  85.4  455s
 214156 44613     cutoff   59      3.2591e+07 2.3222e+07  28.7%  85.6  460s
 216519 44807     cutoff   55      3.2591e+07 2.3229e+07  28.7%  85.7  465s
 218962 45016 2.3697e+07   53   52 3.2591e+07 2.3235e+07  28.7%  85.9  470s
 220969 45187     cutoff   52      3.2591e+07 2.3241e+07  28.7%  86.0  475s
 223297 45402 2.3322e+07   48   38 3.2591e+07 2.3248e+07  28.7%  86.1  480s
 225588 45582 2.4065e+07   69   74 3.2591e+07 2.3254e+07  28.6%  86.3  485s
 227875 45795 2.4039e+07   61   84 3.2591e+07 2.3261e+07  28.6%  86.5  490s
 230300 45981     cutoff   59      3.2591e+07 2.3268e+07  28.6%  86.6  495s
 232817 46248 2.6986e+07   48   67 3.2591e+07 2.3274e+07  28.6%  86.7  500s
 235033 46364     cutoff   61      3.2591e+07 2.3280e+07  28.6%  86.9  505s
 236972 46548 2.3623e+07   55   73 3.2591e+07 2.3285e+07  28.6%  87.0  510s
 238487 46612 2.5054e+07   60   29 3.2591e+07 2.3291e+07  28.5%  87.1  515s
 240475 46751 2.3457e+07   41   73 3.2591e+07 2.3297e+07  28.5%  87.2  521s
 242148 46963 2.4471e+07   57   44 3.2591e+07 2.3301e+07  28.5%  87.3  525s
 243646 46975 2.3413e+07   55   52 3.2591e+07 2.3305e+07  28.5%  87.4  530s
 245539 47131 2.4035e+07   63   38 3.2591e+07 2.3311e+07  28.5%  87.5  535s
 247081 47222     cutoff   53      3.2591e+07 2.3315e+07  28.5%  87.6  540s
 249113 47479     cutoff   54      3.2591e+07 2.3320e+07  28.4%  87.7  546s
 250607 47496     cutoff   60      3.2591e+07 2.3324e+07  28.4%  87.8  550s
 252178 47573     cutoff   64      3.2591e+07 2.3328e+07  28.4%  87.9  555s
 254049 47711 2.3561e+07   67   69 3.2591e+07 2.3333e+07  28.4%  88.0  561s
 255564 47768 2.4754e+07   55   48 3.2591e+07 2.3338e+07  28.4%  88.1  565s
 257041 47855 2.3349e+07   52   67 3.2591e+07 2.3342e+07  28.4%  88.1  570s
 258934 47964 2.3890e+07   57   39 3.2591e+07 2.3347e+07  28.4%  88.2  575s
 260412 48043 2.3555e+07   56   73 3.2591e+07 2.3352e+07  28.3%  88.3  580s
 261918 48077     cutoff   65      3.2591e+07 2.3356e+07  28.3%  88.4  585s
 263844 48130     cutoff   68      3.2591e+07 2.3361e+07  28.3%  88.5  590s
 265288 48096     cutoff   62      3.2591e+07 2.3366e+07  28.3%  88.6  595s
 267262 48209     cutoff   62      3.2591e+07 2.3372e+07  28.3%  88.7  600s
 268771 48262 2.9048e+07   58   41 3.2591e+07 2.3376e+07  28.3%  88.8  605s
 270664 48365     cutoff   64      3.2591e+07 2.3380e+07  28.3%  89.0  611s
 272164 48479 2.3577e+07   57   43 3.2591e+07 2.3384e+07  28.2%  89.0  615s
 273676 48581     cutoff   53      3.2591e+07 2.3388e+07  28.2%  89.1  620s
 275536 48693     cutoff   68      3.2591e+07 2.3394e+07  28.2%  89.2  625s
 277034 48734     cutoff   60      3.2591e+07 2.3398e+07  28.2%  89.3  630s
 278913 48766     cutoff   58      3.2591e+07 2.3403e+07  28.2%  89.4  635s
 280399 48826 2.3702e+07   61   51 3.2591e+07 2.3407e+07  28.2%  89.5  640s
 281966 48912     cutoff   61      3.2591e+07 2.3410e+07  28.2%  89.6  645s
 283810 48906 2.4623e+07   53   62 3.2591e+07 2.3416e+07  28.2%  89.7  650s
 285369 48938     cutoff   50      3.2591e+07 2.3421e+07  28.1%  89.8  655s
 286864 49010 2.4044e+07   53   49 3.2591e+07 2.3425e+07  28.1%  89.9  660s
 288691 49055 2.3447e+07   50   45 3.2591e+07 2.3429e+07  28.1%  90.0  665s
 290519 49123 2.4912e+07   64   54 3.2591e+07 2.3434e+07  28.1%  90.1  671s
 292055 49109 2.5921e+07   61   57 3.2591e+07 2.3438e+07  28.1%  90.2  675s
 293646 49175 2.5324e+07   51   54 3.2591e+07 2.3442e+07  28.1%  90.3  680s
 295210 49238 2.3645e+07   55   51 3.2591e+07 2.3446e+07  28.1%  90.3  685s
 297025 49289 2.3773e+07   61   59 3.2591e+07 2.3452e+07  28.0%  90.4  690s
 298433 49315     cutoff   56      3.2591e+07 2.3455e+07  28.0%  90.5  695s
 300336 49480 2.3933e+07   66   61 3.2591e+07 2.3460e+07  28.0%  90.6  700s
 301820 49568     cutoff   72      3.2591e+07 2.3464e+07  28.0%  90.7  705s
 303703 49579     cutoff   53      3.2591e+07 2.3469e+07  28.0%  90.7  710s
 305466 49624 2.4236e+07   67   64 3.2591e+07 2.3474e+07  28.0%  90.9  716s
 306906 49608     cutoff   63      3.2591e+07 2.3478e+07  28.0%  91.0  720s
 308661 49545     cutoff   45      3.2591e+07 2.3484e+07  27.9%  91.1  725s
 310075 49609 2.4416e+07   67   44 3.2591e+07 2.3487e+07  27.9%  91.1  730s
 311729 49562 2.5062e+07   54   73 3.2591e+07 2.3492e+07  27.9%  91.3  735s
 313139 49526     cutoff   64      3.2591e+07 2.3497e+07  27.9%  91.4  740s
 314885 49540 2.4522e+07   58   67 3.2591e+07 2.3502e+07  27.9%  91.5  745s
 316348 49523     cutoff   50      3.2591e+07 2.3505e+07  27.9%  91.5  750s
 317740 49552 2.6143e+07   52   63 3.2591e+07 2.3509e+07  27.9%  91.6  755s
 319596 49642     cutoff   57      3.2591e+07 2.3513e+07  27.9%  91.7  760s
 321105 49702 2.4422e+07   51   67 3.2591e+07 2.3517e+07  27.8%  91.8  765s
 322881 49762 2.5391e+07   58   47 3.2591e+07 2.3522e+07  27.8%  91.9  770s
 324278 49749 2.5927e+07   62   83 3.2591e+07 2.3526e+07  27.8%  92.0  775s
 326113 49731     cutoff   54      3.2591e+07 2.3531e+07  27.8%  92.1  780s
 327418 49717 2.3868e+07   56   66 3.2591e+07 2.3535e+07  27.8%  92.2  785s
 328777 49650     cutoff   51      3.2591e+07 2.3539e+07  27.8%  92.3  790s
 330600 49668     cutoff   51      3.2591e+07 2.3545e+07  27.8%  92.4  795s
 331966 49583 2.3770e+07   60   50 3.2591e+07 2.3549e+07  27.7%  92.5  800s
 333705 49556     cutoff   70      3.2591e+07 2.3554e+07  27.7%  92.6  805s
 335099 49580     cutoff   51      3.2591e+07 2.3558e+07  27.7%  92.7  810s
 336821 49585 2.3576e+07   57   28 3.2591e+07 2.3563e+07  27.7%  92.8  815s
 338255 49602 2.4589e+07   47   73 3.2591e+07 2.3567e+07  27.7%  92.9  820s
 339957 49575 2.5833e+07   61   55 3.2591e+07 2.3571e+07  27.7%  93.0  825s
 341646 49473     cutoff   71      3.2591e+07 2.3576e+07  27.7%  93.1  831s
 343113 49464 2.4144e+07   44   59 3.2591e+07 2.3581e+07  27.6%  93.2  835s
 344583 49430     cutoff   56      3.2591e+07 2.3585e+07  27.6%  93.2  840s
 346420 49501     cutoff   68      3.2591e+07 2.3590e+07  27.6%  93.3  845s
 347799 49432     cutoff   47      3.2591e+07 2.3594e+07  27.6%  93.4  850s
 349528 49356 2.3903e+07   53   49 3.2591e+07 2.3601e+07  27.6%  93.5  855s
 350899 49228     cutoff   63      3.2591e+07 2.3605e+07  27.6%  93.6  860s
 352674 49177 2.5571e+07   72   66 3.2591e+07 2.3611e+07  27.6%  93.7  865s
 354105 49141 2.4662e+07   66   70 3.2591e+07 2.3615e+07  27.5%  93.8  870s
 355769 49014 2.7293e+07   61   61 3.2591e+07 2.3621e+07  27.5%  93.9  876s
 357173 48957     cutoff   84      3.2591e+07 2.3625e+07  27.5%  94.0  880s
 358580 48906 2.3637e+07   56   55 3.2591e+07 2.3630e+07  27.5%  94.0  885s
 360343 48847     cutoff   53      3.2591e+07 2.3636e+07  27.5%  94.1  890s
 361834 48831     cutoff   49      3.2591e+07 2.3640e+07  27.5%  94.2  895s
 363518 48676     cutoff   59      3.2591e+07 2.3646e+07  27.4%  94.3  900s
 364920 48642     cutoff   60      3.2591e+07 2.3651e+07  27.4%  94.4  905s
 366752 48536     cutoff   51      3.2591e+07 2.3657e+07  27.4%  94.4  910s
 368120 48415 2.4478e+07   60   66 3.2591e+07 2.3661e+07  27.4%  94.5  915s
 369741 48229     cutoff   71      3.2591e+07 2.3667e+07  27.4%  94.6  920s
 371050 48103 2.4352e+07   60   53 3.2591e+07 2.3672e+07  27.4%  94.7  925s
 372850 47984     cutoff   54      3.2591e+07 2.3678e+07  27.3%  94.8  930s
 374472 47837 2.4967e+07   58   59 3.2591e+07 2.3684e+07  27.3%  94.9  935s
 376157 47659 2.4420e+07   57   71 3.2591e+07 2.3690e+07  27.3%  95.0  940s
 377441 47493     cutoff   72      3.2591e+07 2.3695e+07  27.3%  95.1  945s
 379113 47345 2.4181e+07   63   65 3.2591e+07 2.3701e+07  27.3%  95.2  950s
 380794 47154 2.3841e+07   61   37 3.2591e+07 2.3706e+07  27.3%  95.3  955s
 382068 46976 2.4977e+07   57   53 3.2591e+07 2.3711e+07  27.2%  95.4  960s
 383729 46789     cutoff   58      3.2591e+07 2.3717e+07  27.2%  95.5  965s
 385507 46628 2.6664e+07   62   67 3.2591e+07 2.3723e+07  27.2%  95.6  970s
 386880 46472     cutoff   67      3.2591e+07 2.3729e+07  27.2%  95.6  975s
 388428 46293 2.5563e+07   49   57 3.2591e+07 2.3735e+07  27.2%  95.7  980s
 389885 46200 2.4982e+07   55   81 3.2591e+07 2.3741e+07  27.2%  95.8  985s
 391809 45898     cutoff   67      3.2591e+07 2.3749e+07  27.1%  95.9  990s
 393053 45737     cutoff   54      3.2591e+07 2.3754e+07  27.1%  96.0  995s
 394654 45543     cutoff   48      3.2591e+07 2.3761e+07  27.1%  96.1 1000s
 396394 45429     cutoff   60      3.2591e+07 2.3767e+07  27.1%  96.2 1005s
 397718 45289     cutoff   58      3.2591e+07 2.3773e+07  27.1%  96.3 1010s
 399324 45094     cutoff   66      3.2591e+07 2.3780e+07  27.0%  96.4 1015s
 400931 44991 infeasible   67      3.2591e+07 2.3786e+07  27.0%  96.5 1021s
 402264 44842     cutoff   55      3.2591e+07 2.3793e+07  27.0%  96.6 1025s
 404101 44516 infeasible   52      3.2591e+07 2.3802e+07  27.0%  96.7 1030s
 405378 44424 2.3820e+07   47   57 3.2591e+07 2.3808e+07  27.0%  96.8 1035s
 407009 44257 infeasible   62      3.2591e+07 2.3815e+07  26.9%  96.8 1040s
 408509 43989 2.4338e+07   63   75 3.2591e+07 2.3824e+07  26.9%  96.9 1045s
 410132 43816 2.5036e+07   59   64 3.2591e+07 2.3832e+07  26.9%  97.0 1050s
 411595 43569 2.3840e+07   54   78 3.2591e+07 2.3840e+07  26.9%  97.1 1055s
 412891 43442     cutoff   59      3.2591e+07 2.3844e+07  26.8%  97.2 1060s
 414444 43286 2.4164e+07   64   60 3.2591e+07 2.3854e+07  26.8%  97.3 1065s
 416073 43104     cutoff   56      3.2591e+07 2.3862e+07  26.8%  97.4 1070s
 417659 42904 2.3872e+07   51   53 3.2591e+07 2.3871e+07  26.8%  97.5 1075s
 419185 42666 infeasible   52      3.2591e+07 2.3879e+07  26.7%  97.6 1080s
 420421 42442     cutoff   60      3.2591e+07 2.3887e+07  26.7%  97.7 1085s
 421987 42252     cutoff   64      3.2591e+07 2.3895e+07  26.7%  97.8 1090s
 423175 42056 2.5363e+07   65   49 3.2591e+07 2.3903e+07  26.7%  97.8 1095s
 424640 41746 2.7808e+07   56   58 3.2591e+07 2.3912e+07  26.6%  97.9 1100s
 426227 41499     cutoff   57      3.2591e+07 2.3923e+07  26.6%  98.0 1105s
 427839 41272 2.6932e+07   70   74 3.2591e+07 2.3932e+07  26.6%  98.1 1110s
 429317 41037 2.5786e+07   71   73 3.2591e+07 2.3942e+07  26.5%  98.2 1115s
 431174 40750 3.0399e+07   42   49 3.2591e+07 2.3956e+07  26.5%  98.3 1120s
 432632 40480     cutoff   51      3.2591e+07 2.3967e+07  26.5%  98.4 1125s
 433904 40302     cutoff   64      3.2591e+07 2.3975e+07  26.4%  98.5 1130s
 435474 40035 2.4820e+07   76   45 3.2591e+07 2.3985e+07  26.4%  98.5 1135s
 436884 39734     cutoff   56      3.2591e+07 2.3996e+07  26.4%  98.6 1140s
 438356 39444 2.5748e+07   65   84 3.2591e+07 2.4011e+07  26.3%  98.7 1145s
 440036 39057     cutoff   54      3.2591e+07 2.4026e+07  26.3%  98.8 1151s
 441265 38846     cutoff   59      3.2591e+07 2.4035e+07  26.3%  98.9 1155s
 442779 38554     cutoff   60      3.2591e+07 2.4048e+07  26.2%  99.0 1160s
 444558 38232     cutoff   77      3.2591e+07 2.4066e+07  26.2%  99.1 1165s
 446016 37962     cutoff   71      3.2591e+07 2.4081e+07  26.1%  99.1 1170s
 447441 37661     cutoff   66      3.2591e+07 2.4095e+07  26.1%  99.2 1175s
 449177 37324     cutoff   67      3.2591e+07 2.4116e+07  26.0%  99.3 1180s
 450574 36995 2.7243e+07   68   82 3.2591e+07 2.4132e+07  26.0%  99.4 1185s
 451864 36646     cutoff   62      3.2591e+07 2.4150e+07  25.9%  99.5 1190s
 453271 36309     cutoff   62      3.2591e+07 2.4170e+07  25.8%   100 1195s
 454644 35988     cutoff   59      3.2591e+07 2.4191e+07  25.8%   100 1200s
 456165 35555 infeasible   47      3.2591e+07 2.4216e+07  25.7%   100 1205s
 457591 35256     cutoff   60      3.2591e+07 2.4239e+07  25.6%   100 1210s
 459228 34822 2.5699e+07   60   43 3.2591e+07 2.4267e+07  25.5%   100 1215s
 460940 34417 3.1209e+07   63   49 3.2591e+07 2.4296e+07  25.5%   100 1220s
 462439 33948     cutoff   61      3.2591e+07 2.4326e+07  25.4%   100 1225s
 464181 33423 2.5136e+07   54   56 3.2591e+07 2.4366e+07  25.2%   100 1230s
 465558 33070 2.6516e+07   69   54 3.2591e+07 2.4397e+07  25.1%   100 1235s
 467243 32517     cutoff   44      3.2591e+07 2.4443e+07  25.0%   100 1240s
 468926 31959 2.4501e+07   59   78 3.2591e+07 2.4501e+07  24.8%   100 1245s
 470622 31410     cutoff   79      3.2591e+07 2.4561e+07  24.6%   100 1250s
 472340 30885     cutoff   39      3.2591e+07 2.4627e+07  24.4%   100 1255s
 474167 30235     cutoff   59      3.2591e+07 2.4704e+07  24.2%   100 1260s
 475856 29597     cutoff   48      3.2591e+07 2.4789e+07  23.9%   100 1265s
 477858 28954     cutoff   52      3.2591e+07 2.4881e+07  23.7%   100 1270s
 479625 28210 2.5250e+07   60   52 3.2591e+07 2.4984e+07  23.3%   100 1275s
 481299 27550     cutoff   59      3.2591e+07 2.5076e+07  23.1%   100 1280s
 483244 26718     cutoff   65      3.2591e+07 2.5202e+07  22.7%   100 1285s
 485011 25975     cutoff   46      3.2591e+07 2.5323e+07  22.3%   100 1290s
 486786 25222     cutoff   60      3.2591e+07 2.5444e+07  21.9%   100 1295s
 488771 24391 2.6365e+07   48   76 3.2591e+07 2.5583e+07  21.5%   100 1300s
 490668 23563 2.5736e+07   72   50 3.2591e+07 2.5729e+07  21.1%   100 1305s
 492298 22834 2.6375e+07   62   30 3.2591e+07 2.5887e+07  20.6%   100 1310s
 493968 22011 2.6071e+07   58   39 3.2591e+07 2.6071e+07  20.0%   100 1315s
 495774 21118 2.9967e+07   63   40 3.2591e+07 2.6280e+07  19.4%   100 1320s
 497495 20203     cutoff   71      3.2591e+07 2.6517e+07  18.6%   100 1325s
 499227 19210     cutoff   72      3.2591e+07 2.6786e+07  17.8%   101 1330s
 501006 18136     cutoff   51      3.2591e+07 2.7108e+07  16.8%   101 1335s
 502567 17061     cutoff   51      3.2591e+07 2.7445e+07  15.8%   101 1340s
 504422 15852     cutoff   72      3.2591e+07 2.7867e+07  14.5%   101 1345s
 506021 14684     cutoff   61      3.2591e+07 2.8307e+07  13.1%   101 1350s
 507861 13278 3.0963e+07   63   59 3.2591e+07 2.8835e+07  11.5%   101 1355s
 509611 12016     cutoff   57      3.2591e+07 2.9435e+07  9.68%   101 1360s
 511293 10625     cutoff   67      3.2591e+07 3.0171e+07  7.43%   101 1365s
 513063  9291     cutoff   68      3.2591e+07 3.0850e+07  5.34%   101 1370s
 515028  8030 3.2162e+07   35   11 3.2591e+07 3.1418e+07  3.60%   101 1375s
 517180  6752     cutoff   47      3.2591e+07 3.1932e+07  2.02%   101 1380s
 520028  6687     cutoff   77      3.2591e+07 3.2148e+07  1.36%   101 1385s
 523717  7441     cutoff   76      3.2591e+07 3.2203e+07  1.19%   100 1390s
 527421  8100     cutoff   55      3.2591e+07 3.2241e+07  1.07%   100 1395s
 531137  8642 3.2567e+07   47   25 3.2591e+07 3.2271e+07  0.98%   100 1400s
 535355  9288     cutoff   57      3.2591e+07 3.2298e+07  0.90%  99.2 1405s
 538682  9725 3.2463e+07   46   22 3.2591e+07 3.2318e+07  0.84%  98.8 1410s
 542294 10058     cutoff   64      3.2591e+07 3.2338e+07  0.78%  98.5 1415s
 545836 10197 3.2373e+07   47   19 3.2591e+07 3.2358e+07  0.72%  98.1 1420s
 549415 10380     cutoff   55      3.2591e+07 3.2376e+07  0.66%  97.8 1425s
 553227 10453     cutoff   44      3.2591e+07 3.2395e+07  0.60%  97.4 1430s
 556322 10381     cutoff   52      3.2591e+07 3.2411e+07  0.55%  97.1 1435s
*558075  7612              59    3.254330e+07 3.2419e+07  0.38%  96.9 1437s
 559507  6796     cutoff   59      3.2543e+07 3.2433e+07  0.34%  96.8 1440s
 560804  5995     cutoff   52      3.2543e+07 3.2448e+07  0.29%  96.7 1445s
 560927  5899 3.2495e+07   61   28 3.2543e+07 3.2448e+07  0.29%  96.7 1451s
 561178  5800     cutoff   54      3.2543e+07 3.2451e+07  0.29%  96.7 1456s
 561579  5467     cutoff   56      3.2543e+07 3.2456e+07  0.27%  96.7 1460s
 562414  4920     cutoff   53      3.2543e+07 3.2465e+07  0.24%  96.6 1466s
 563065  4420 3.2473e+07   50   17 3.2543e+07 3.2473e+07  0.22%  96.6 1470s
 563847  3908     cutoff   54      3.2543e+07 3.2483e+07  0.19%  96.5 1476s
 564310  3498 infeasible   41      3.2543e+07 3.2488e+07  0.17%  96.5 1480s
 565026  2932 3.2504e+07   44   27 3.2543e+07 3.2497e+07  0.14%  96.5 1485s
 565621  2455     cutoff   59      3.2543e+07 3.2504e+07  0.12%  96.4 1490s
 566231  1960     cutoff   63      3.2543e+07 3.2512e+07  0.10%  96.4 1496s
 566883  1390     cutoff   62      3.2543e+07 3.2521e+07  0.07%  96.3 1500s
 567500   834     cutoff   62      3.2543e+07 3.2530e+07  0.04%  96.3 1505s

Cutting planes:
  Learned: 1
  Gomory: 2
  Cover: 3
  Implied bound: 72
  Clique: 7
  MIR: 22
  Flow cover: 22
  GUB cover: 5
  Zero half: 21

Explored 568287 nodes (54737024 simplex iterations) in 1509.19 seconds
Thread count was 4 (of 4 available processors)

Optimal solution found (tolerance 1.00e-04)
Best objective 3.254330000000e+07, best bound 3.254100182929e+07, gap 0.0071%
k_c1	890000.0
k_c10	940000.0
k_c11	980000.0
k_c12	1000000.0
k_c2	40000.0
k_c3	40000.0
k_c4	910000.0
k_c5	1000000.0
k_c6	960000.0
k_c7	70000.0
k_c8	870000.0
k_c9	950000.0
k_dN	0.0
o_1	0.0
o_10	0.0
o_11	0.0
o_12	0.0
o_2	0.0
o_3	0.0
o_4	0.0
o_5	0.0
o_6	0.0
o_7	0.0
o_8	0.0
o_9	0.0
p_1	1.0
p_10	1.0
p_11	0.0
p_12	0.0
p_2	0.0
p_3	0.0
p_4	0.0
p_5	0.0
p_6	0.0
p_7	0.0
p_8	0.0
p_9	0.0
phi_c1	0.0
phi_c10	949.0
phi_c11	32834.0
phi_c12	47244.0
phi_c2	33730.0
phi_c3	4489.0
phi_c4	11145.0
phi_c5	28706.0
phi_c6	13065.0
phi_c7	13882.0
phi_c8	40420.0
phi_c9	22538.0
phi_dN	0.0
pi_c1	50000.0
pi_c10	99051.0
pi_c11	0.0
pi_c12	0.0
pi_c2	0.0
pi_c3	0.0
pi_c4	0.0
pi_c5	0.0
pi_c6	0.0
pi_c7	0.0
pi_c8	0.0
pi_c9	0.0
pi_dN	0.0
tauD_c1	648600.0
tauD_c10	543550.0
tauD_c11	243850.0
tauD_c12	100000.0
tauD_c2	800000.0
tauD_c3	913225.0
tauD_c4	568450.0
tauD_c5	79575.0
tauD_c6	428275.0
tauD_c7	818125.0
tauD_c8	699350.0
tauD_c9	450000.0
tauD_d0	0.0
tauD_dN	1000000.0
tauS_c1	718600.0
tauS_c10	99025.0
tauS_c11	106950.0
tauS_c12	909700.0
tauS_c2	884200.0
tauS_c3	903225.0
tauS_c4	100725.0
tauS_c5	840425.0
tauS_c6	858150.0
tauS_c7	98325.0
tauS_c8	867500.0
tauS_c9	858975.0
tauS_d0	0.0
tauS_dN	837725.0
x_c10_c8	1.0
x_c11_c6	1.0
x_c12_c11	1.0
x_c1_c7	1.0
x_c2_dN	1.0
x_c3_dN	1.0
x_c4_c1	1.0
x_c5_c9	1.0
x_c6_c10	1.0
x_c7_c3	1.0
x_c8_c2	1.0
x_c9_c4	1.0
x_d0_c12	1.0
x_d0_c5	1.0
z_c10_c1	1.0
z_c1_dN	1.0
z_d0_c10	1.0
