
Gurobi 6.0.4 (win64) logging started 06/12/15 18:53:45

Read LP format model from file E:\Eigene Dateien\Downloads\Michi shit\VRPTWMS-master\VRPTWMS\instances\mip\fuel\N12-C_DV100-C_SV25_F5_12_No_1.lp
Reading time = 0.02 seconds
(null): 865 rows, 404 columns, 3771 nonzeros
Optimize a model with 865 rows, 404 columns and 3771 nonzeros
Model has 1872 quadratic constraints
WARNING: Only barrier available for SOCP models
Coefficient statistics:
  Matrix range    [1e+00, 1e+02]
  Objective range [2e+00, 1e+03]
  Bounds range    [1e+00, 1e+02]
  RHS range       [1e+00, 1e+02]
Presolve removed 90 rows and 57 columns
Presolve time: 0.11s
Presolved: 3528 rows, 1770 columns, 18217 nonzeros
Variable types: 1330 continuous, 440 integer (377 binary)
Optimize a model with 3528 rows, 1770 columns and 18217 nonzeros
Coefficient statistics:
  Matrix range    [6e-01, 1e+02]
  Objective range [2e+00, 1e+03]
  Bounds range    [4e-01, 1e+02]
  RHS range       [1e+00, 1e+02]

Concurrent LP optimizer: dual simplex and barrier
Showing barrier log only...

Presolve removed 313 rows and 199 columns
Presolved: 3215 rows, 1574 columns, 16877 nonzeros

Root barrier log...

Ordering time: 0.02s

Barrier performed 0 iterations in 0.16 seconds
Barrier solve interrupted - model solved by another algorithm


Solved with dual simplex
Solved in 142 iterations and 0.16 seconds
Optimal objective  1.159057114e+03

Root relaxation: objective 1.159057e+03, 142 iterations, 0.03 seconds

    Nodes    |    Current Node    |     Objective Bounds      |     Work
 Expl Unexpl |  Obj  Depth IntInf | Incumbent    BestBd   Gap | It/Node Time

     0     0 1159.05711    0   32          - 1159.05711      -     -    0s
     0     0 1289.89255    0   62          - 1289.89255      -     -    0s
     0     0 1674.62926    0   59          - 1674.62926      -     -    0s
     0     0 1720.45742    0   51          - 1720.45742      -     -    0s
     0     0 1725.05107    0   48          - 1725.05107      -     -    0s
     0     0 1726.11161    0   61          - 1726.11161      -     -    0s
     0     0 1726.11161    0   65          - 1726.11161      -     -    0s
     0     0 1726.11161    0   57          - 1726.11161      -     -    0s
     0     0 1726.11161    0   54          - 1726.11161      -     -    0s
     0     0 1726.11161    0   56          - 1726.11161      -     -    0s
     0     0 1726.11161    0   58          - 1726.11161      -     -    0s
H    0     0                    15778.760000 1726.11161  89.1%     -    0s
     0     0 1726.11161    0   57 15778.7600 1726.11161  89.1%     -    0s
H    0     0                    11647.010000 1726.11161  85.2%     -    0s
     0     2 1726.11161    0   57 11647.0100 1726.11161  85.2%     -    0s
H   27    27                    10646.940000 2212.46346  79.2%  45.0    0s
H   31    32                    9556.7600000 2212.46346  76.8%  41.6    0s
H   86    71                    8540.7300000 2212.46346  74.1%  37.5    0s
H  209   182                    7597.4400000 2212.46346  70.9%  40.0    0s
H  231   184                    6417.5700000 2212.46346  65.5%  37.8    0s
H  408   329                    5386.4700000 2216.70840  58.8%  37.6    0s
  1827   971 2354.25771   32   57 5386.47000 2242.41703  58.4%  55.2    5s
H 1887   920                    4467.6200000 2244.78922  49.8%  55.6    5s
H 2213   987                    4437.9000000 2247.39087  49.4%  58.0    5s
H 2389   994                    4433.4200000 2253.84155  49.2%  61.1    6s
H 2598  1032                    4414.0300000 2256.16366  48.9%  60.5    6s
H 2757  1042                    4377.2600000 2257.75038  48.4%  62.3    7s
H 2787  1030                    4350.2800000 2258.15068  48.1%  62.2    7s
  3109  1240 2481.82992   37   63 4350.28000 2261.72743  48.0%  64.0   11s
  4672  1985 infeasible   27      4350.28000 2278.61751  47.6%  74.1   15s
  7164  3050 3590.08676   51   69 4350.28000 2294.83086  47.2%  80.5   20s
  8917  3681 3358.92304   53   37 4350.28000 2304.86344  47.0%  85.2   25s
 10364  4150 infeasible   38      4350.28000 2311.87426  46.9%  88.0   30s
 11867  4631 2449.18465   33   90 4350.28000 2320.70705  46.7%  90.5   35s
 13423  5114     cutoff   60      4350.28000 2331.81689  46.4%  92.6   40s
 15479  5765 infeasible   40      4350.28000 2343.99500  46.1%  94.2   45s
 16390  6061 3738.15740   63   85 4350.28000 2347.20610  46.0%  94.6   50s
 17763  6367 infeasible   30      4350.28000 2353.62620  45.9%  96.3   55s
 19042  6662 infeasible   38      4350.28000 2360.80677  45.7%  97.2   60s
 20446  6946 3391.17877   23   57 4350.28000 2367.50694  45.6%  98.0   65s
 20861  7062 3415.04216   34   57 4350.28000 2369.99000  45.5%  98.3   71s
 20872  7069 3375.34968   29   55 4350.28000 2369.99000  45.5%  98.2   75s
 20884  7077 2411.63619   37   36 4350.28000 2369.99000  45.5%  98.1   80s
 20895  7085 2932.74997   49   99 4350.28000 2369.99000  45.5%  98.1   85s
 20905  7091 2889.00731   27   93 4350.28000 2369.99000  45.5%  98.0   90s
 20915  7098 2932.74997   49  118 4350.28000 2369.99000  45.5%  98.0   95s
 20925  7105 2889.00731   27  116 4350.28000 2369.99000  45.5%  98.0  100s
 20935  7111 2932.74997   49  112 4350.28000 2369.99000  45.5%  97.9  105s
 20944  7117 2411.63619   37  116 4350.28000 2369.99000  45.5%  97.9  110s
 20957  7130 2369.99000   30   51 4350.28000 2369.99000  45.5%  98.5  115s
 21283  7258 3543.47917   67   56 4350.28000 2369.99000  45.5%  98.3  120s
 22596  7530 3505.64176   69   96 4350.28000 2369.99000  45.5%  98.2  125s
 24545  7850 2796.81500   32   33 4350.28000 2369.99000  45.5%  98.4  131s
 25089  7879 2381.19889   42   65 4350.28000 2369.99000  45.5%  98.4  135s
 26647  7996 2375.60084   37   63 4350.28000 2369.99000  45.5%  99.3  142s
 27773  8116 infeasible   36      4350.28000 2369.99000  45.5%   100  146s
 29978  8268 4073.11197   51  117 4350.28000 2369.99000  45.5%   101  153s
 31101  8242 2518.64924   46   74 4350.28000 2369.99000  45.5%   101  158s
 32256  8250 3364.45687   47   69 4350.28000 2369.99000  45.5%   102  162s
 33411  8370 2917.97640   48  110 4350.28000 2369.99000  45.5%   102  166s
 35351  8366 infeasible   55      4350.28000 2369.99000  45.5%   103  173s
 36181  8328 3393.02802   48   44 4350.28000 2369.99000  45.5%   103  177s
 36859  8289 2441.40999   48  120 4350.28000 2369.99000  45.5%   103  180s
 38514  8267 infeasible   39      4350.28000 2369.99000  45.5%   104  186s
 40185  8178     cutoff   43      4350.28000 2369.99000  45.5%   104  192s
 40970  8186 3647.77584   60   79 4350.28000 2369.99000  45.5%   104  195s
 42388  8163 infeasible   42      4350.28000 2369.99000  45.5%   105  201s
 43498  8496 3350.82787   46   78 4350.28000 2369.99000  45.5%   105  207s
 44372  8741 infeasible   46      4350.28000 2369.99000  45.5%   105  210s
 45932  9196 2936.05070   49   90 4350.28000 2369.99000  45.5%   105  215s
 47401  9708     cutoff   59      4350.28000 2372.42688  45.5%   105  220s
 48763 10038     cutoff   38      4350.28000 2376.66497  45.4%   106  225s
 50094 10368 infeasible   60      4350.28000 2380.01680  45.3%   106  231s
 51220 10652 2983.89000   57   85 4350.28000 2382.61840  45.2%   106  235s
 52483 10994 3004.34948   56   94 4350.28000 2385.28350  45.2%   106  241s
 53642 11220 3434.16619   52   77 4350.28000 2388.71769  45.1%   106  246s
 54978 11565 3558.29413   56   67 4350.28000 2391.65767  45.0%   106  251s
 56218 11823 2925.44602   56   67 4350.28000 2394.17458  45.0%   107  256s
 57488 12097     cutoff   45      4350.28000 2397.36371  44.9%   107  260s
 58737 12367     cutoff   51      4350.28000 2400.14908  44.8%   107  265s
 60421 12745 3621.46946   56   47 4350.28000 2404.45724  44.7%   107  271s
 61496 12952 infeasible   47      4350.28000 2407.19966  44.7%   107  276s
 62636 13138 3467.61212   55   88 4350.28000 2409.88924  44.6%   107  280s
H62815 13163                    4333.1600000 2409.97368  44.4%   107  280s
 64319 13393     cutoff   48      4333.16000 2413.80292  44.3%   107  285s
 65813 13625 2644.47957   49  109 4333.16000 2417.40081  44.2%   108  290s
 66777 13869 2808.07355   45   93 4333.16000 2419.38199  44.2%   108  295s
 68369 14094 3570.19641   48  118 4333.16000 2423.10212  44.1%   108  300s
 70572 14402 infeasible   67      4333.16000 2428.93000  43.9%   108  306s
 71650 14643 infeasible   53      4333.16000 2431.36598  43.9%   108  310s
 72998 14857 infeasible   53      4333.16000 2434.40685  43.8%   108  316s
 74532 15061 3199.11326   65  103 4333.16000 2438.10741  43.7%   109  321s
 75551 15220     cutoff   58      4333.16000 2441.32930  43.7%   109  325s
 77070 15387     cutoff   52      4333.16000 2444.90717  43.6%   109  330s
 78465 15505 3427.27777   43   51 4333.16000 2448.76350  43.5%   109  335s
 80399 15646 3478.32261   57   80 4333.16000 2454.53056  43.4%   110  340s
 81878 15775     cutoff   48      4333.16000 2459.03602  43.3%   110  346s
 83434 15899     cutoff   62      4333.16000 2464.09235  43.1%   110  351s
 84870 16048 3512.22907   66  129 4333.16000 2469.30245  43.0%   110  356s
 86353 16146 infeasible   56      4333.16000 2473.88106  42.9%   110  361s
 87862 16244 3053.15898   51   91 4333.16000 2480.11568  42.8%   111  366s
 89309 16321     cutoff   60      4333.16000 2485.16414  42.6%   111  370s
 90781 16437 infeasible   46      4333.16000 2491.12437  42.5%   111  377s
 91338 16422 3086.98324   53   97 4333.16000 2493.44006  42.5%   111  380s
 92881 16534 3415.84574   52   95 4333.16000 2499.04120  42.3%   111  385s
 94293 16561 2715.72788   44  122 4333.16000 2505.90425  42.2%   111  390s
 96319 16632     cutoff   54      4333.16000 2514.91030  42.0%   111  396s
 97875 16693 infeasible   48      4333.16000 2522.54504  41.8%   111  400s
 99414 16794 3265.78208   56  123 4333.16000 2528.87646  41.6%   111  405s
 101453 16918 infeasible   50      4333.16000 2536.94159  41.5%   111  411s
 102948 16964 3379.20834   62  105 4333.16000 2544.41199  41.3%   111  415s
 104499 17088 infeasible   50      4333.16000 2551.84350  41.1%   111  420s
 106471 17089 2662.23266   48  128 4333.16000 2563.51286  40.8%   112  426s
 107961 17138 2868.69235   59   92 4333.16000 2571.55993  40.7%   112  430s
 109913 17197 infeasible   47      4333.16000 2580.82843  40.4%   112  436s
 111323 17253 infeasible   58      4333.16000 2586.39695  40.3%   112  440s
 113383 17363 3209.13500   48   89 4333.16000 2596.60200  40.1%   112  446s
 114924 17361 3425.90715   60   86 4333.16000 2605.09271  39.9%   112  450s
 116470 17413 2623.26320   51  113 4333.16000 2612.35247  39.7%   112  455s
 118555 17413 infeasible   45      4333.16000 2622.92297  39.5%   112  460s
 120018 17331     cutoff   50      4333.16000 2632.52288  39.2%   112  465s
 121822 17268 3727.05026   62   96 4333.16000 2644.20036  39.0%   112  470s
 123675 17253 4116.16857   43   80 4333.16000 2656.84489  38.7%   112  476s
 125068 17228 infeasible   55      4333.16000 2665.45545  38.5%   112  480s
 126940 17184 3369.99952   37   13 4333.16000 2680.77853  38.1%   112  486s
 128453 17220 infeasible   49      4333.16000 2689.51761  37.9%   112  490s
 129981 17251 3076.30167   55   90 4333.16000 2699.68017  37.7%   112  495s
 131843 17279     cutoff   58      4333.16000 2709.52259  37.5%   112  501s
 133262 17284 infeasible   56      4333.16000 2718.39024  37.3%   112  505s
 135108 17231     cutoff   40      4333.16000 2729.13837  37.0%   112  511s
 136507 17180 infeasible   50      4333.16000 2737.42787  36.8%   112  515s
 137992 17116 infeasible   51      4333.16000 2745.75746  36.6%   112  520s
 139805 16991 infeasible   59      4333.16000 2755.08585  36.4%   112  525s
 141545 16849     cutoff   41      4333.16000 2766.43583  36.2%   112  530s
 142706 16693     cutoff   44      4333.16000 2773.73218  36.0%   112  535s
 144507 16569     cutoff   47      4333.16000 2786.47203  35.7%   112  541s
 145726 16467 infeasible   42      4333.16000 2796.38202  35.5%   112  545s
 147383 16300 2824.26148   52   68 4333.16000 2808.89400  35.2%   112  551s
 148698 16233 infeasible   47      4333.16000 2818.37786  35.0%   112  555s
 150344 16106 2899.66943   41   88 4333.16000 2832.66182  34.6%   112  561s
 152041 15995 3266.87150   59  112 4333.16000 2847.64099  34.3%   112  566s
 153395 15965 2950.15929   48   82 4333.16000 2857.75922  34.0%   112  570s
 154575 15862 3712.43435   49   51 4333.16000 2867.33653  33.8%   112  575s
 156047 15886 3060.09331   57  140 4333.16000 2876.10418  33.6%   112  580s
 157852 15882     cutoff   53      4333.16000 2887.46626  33.4%   112  586s
 159201 15850 infeasible   47      4333.16000 2895.92791  33.2%   112  590s
 161125 15836     cutoff   48      4333.16000 2906.54566  32.9%   112  595s
 163025 15694 3432.88324   60   71 4333.16000 2918.96808  32.6%   112  601s
 164674 15581 3975.84154   52   60 4333.16000 2927.90250  32.4%   112  606s
 165215 15546 infeasible   56      4333.16000 2930.25073  32.4%   112  610s
 166924 15438 3458.22872   51   76 4333.16000 2940.57821  32.1%   112  615s
 168532 15295 infeasible   60      4333.16000 2950.08877  31.9%   112  621s
 170193 15185 infeasible   45      4333.16000 2959.65046  31.7%   112  626s
 171419 15124     cutoff   54      4333.16000 2967.10710  31.5%   112  630s
 172675 14988 3788.02503   54   97 4333.16000 2973.56164  31.4%   112  635s
 174386 14842     cutoff   47      4333.16000 2982.76612  31.2%   112  640s
 176100 14754 3216.67758   57  111 4333.16000 2992.66470  30.9%   112  646s
 177722 14624 3053.57795   58  123 4333.16000 3001.50465  30.7%   112  651s
 179183 14437 3815.21516   46   79 4333.16000 3011.75881  30.5%   112  655s
 180863 14164 3049.77451   53  147 4333.16000 3026.86419  30.1%   112  660s
 182309 13950     cutoff   51      4333.16000 3040.71548  29.8%   112  665s
 183945 13652 3357.86013   61  133 4333.16000 3060.06667  29.4%   112  670s
 185542 13351 3382.83757   50   72 4333.16000 3085.46275  28.8%   112  675s
 186933 13179 3312.88458   55   98 4333.16000 3107.85951  28.3%   112  680s
 188472 12881 3568.19297   51   88 4333.16000 3135.76128  27.6%   112  685s
 190112 12613 3697.71744   58   84 4333.16000 3166.89721  26.9%   112  690s
 191655 12332 3469.56693   54   80 4333.16000 3199.35197  26.2%   112  695s
 193116 12194 3353.98347   52   66 4333.16000 3227.29567  25.5%   112  700s
 194749 12183 infeasible   58      4333.16000 3233.09718  25.4%   112  705s
 196164 12039 3274.97630   65  102 4333.16000 3252.65473  24.9%   112  710s
 197707 11949 3579.57842   56  127 4333.16000 3270.10019  24.5%   112  715s
 199506 12243 3285.68778   41   61 4333.16000 3283.31529  24.2%   112  720s
 201421 12682     cutoff   41      4333.16000 3293.34118  24.0%   111  727s
 202799 12868 3922.32969   54   73 4333.16000 3295.73591  23.9%   111  731s
 204649 13035 3451.07615   44   67 4333.16000 3304.34422  23.7%   111  736s
 206393 13170 infeasible   51      4333.16000 3309.15905  23.6%   111  740s
 208153 13409     cutoff   44      4333.16000 3313.38000  23.5%   111  745s
 209810 13504 3852.64312   53   56 4333.16000 3317.38500  23.4%   111  750s
 211290 13478 3334.38355   41   32 4333.16000 3321.08388  23.4%   111  755s
 212832 13483 3341.77942   43   85 4333.16000 3324.39888  23.3%   111  760s
 214223 13455 infeasible   39      4333.16000 3327.06583  23.2%   111  765s
 215896 13401 3366.30556   56   59 4333.16000 3330.80680  23.1%   111  771s
 217147 13331 3362.09208   45   68 4333.16000 3334.01559  23.1%   111  775s
 218884 13241 3354.79490   45   59 4333.16000 3337.96268  23.0%   111  780s
 220322 13101 3356.79542   40   48 4333.16000 3341.49338  22.9%   111  785s
 221993 12928 3385.59355   46   45 4333.16000 3345.49065  22.8%   111  790s
 223452 12670 3387.32547   45   88 4333.16000 3349.86277  22.7%   112  795s
 224960 12422 3365.15889   43  102 4333.16000 3353.78000  22.6%   112  800s
 226584 12239     cutoff   54      4333.16000 3357.81665  22.5%   112  805s
 227862 12061 infeasible   49      4333.16000 3361.21667  22.4%   112  810s
 229575 11750 infeasible   52      4333.16000 3366.65769  22.3%   112  815s
 230995 11508 infeasible   46      4333.16000 3371.57834  22.2%   112  820s
 232394 11100     cutoff   58      4333.16000 3377.04508  22.1%   112  825s
 233826 10839     cutoff   49      4333.16000 3381.51971  22.0%   112  830s
 235420 10544     cutoff   51      4333.16000 3386.59860  21.8%   112  835s
 237020 10231 infeasible   54      4333.16000 3391.83250  21.7%   112  840s
 238307  9867 3397.51927   42   66 4333.16000 3397.11191  21.6%   112  845s
 239852  9496 infeasible   53      4333.16000 3402.26975  21.5%   112  850s
 241014  9201 infeasible   57      4333.16000 3406.27446  21.4%   112  855s
 242674  8855 3418.55033   48   69 4333.16000 3413.02485  21.2%   112  860s
 244100  8509 infeasible   50      4333.16000 3418.21516  21.1%   112  865s
 245559  8176 3433.46682   60  100 4333.16000 3423.79872  21.0%   112  870s
 246541  7972 3427.82427   57   79 4333.16000 3427.05835  20.9%   112  875s
 248147  7562 infeasible   41      4333.16000 3434.01742  20.8%   112  880s
 249735  7119 3802.77851   53   48 4333.16000 3442.57559  20.6%   112  885s
 251087  6756 infeasible   48      4333.16000 3450.30212  20.4%   112  890s
 252718  6318 infeasible   45      4333.16000 3460.56504  20.1%   112  895s
 254510  5816     cutoff   51      4333.16000 3473.30506  19.8%   112  900s
 256277  5448 infeasible   60      4333.16000 3485.98621  19.6%   112  905s
 257924  5026     cutoff   51      4333.16000 3499.70600  19.2%   112  910s
 258717  4832 3538.01980   56   97 4333.16000 3507.95332  19.0%   112  915s
 260079  4353 infeasible   49      4333.16000 3527.42708  18.6%   112  920s
 262021  3935 infeasible   68      4333.16000 3551.94140  18.0%   112  925s
 263747  3516     cutoff   52      4333.16000 3576.95198  17.5%   112  930s
 265316  3103     cutoff   61      4333.16000 3608.67758  16.7%   111  935s
 267239  2492     cutoff   58      4333.16000 3661.02155  15.5%   111  940s
 269202  1883     cutoff   59      4333.16000 3737.95602  13.7%   111  945s
 271380   890 3920.98984   57  113 4333.16000 3920.98984  9.51%   111  950s

Cutting planes:
  Learned: 11
  Gomory: 33
  Cover: 591
  Implied bound: 468
  Clique: 15
  MIR: 210
  Flow cover: 267
  GUB cover: 19
  Zero half: 127
  Network: 1

Explored 273856 nodes (30145242 simplex iterations) in 954.36 seconds
Thread count was 4 (of 4 available processors)

Optimal solution found (tolerance 1.00e-04)
Best objective 4.333160000000e+03, best bound 4.333160000000e+03, gap 0.0%
k_c1	91.0
k_c10	96.0
k_c11	89.0
k_c12	85.0
k_c2	100.0
k_c3	83.0
k_c4	100.0
k_c5	97.0
k_c6	94.0
k_c7	100.0
k_c8	94.0
k_c9	78.0
k_dN	0.0
o_1	0.0
o_10	0.0
o_11	0.0
o_12	1.0
o_2	0.0
o_3	0.0
o_4	0.0
o_5	0.0
o_6	0.0
o_7	1.0
o_8	0.0
o_9	0.0
p_1	0.0
p_10	0.0
p_11	0.0
p_12	1.0
p_2	0.0
p_3	0.0
p_4	0.0
p_5	0.0
p_6	0.0
p_7	1.0
p_8	1.0
p_9	0.0
phi_c1	1.0
phi_c10	4.0
phi_c11	3.0
phi_c12	1.0
phi_c2	3.0
phi_c3	3.0
phi_c4	4.0
phi_c5	2.0
phi_c6	3.0
phi_c7	2.0
phi_c8	0.0
phi_c9	2.0
phi_dN	0.0
pi_c1	25.0
pi_c10	20.0
pi_c11	20.0
pi_c12	22.0
pi_c2	25.0
pi_c3	25.0
pi_c4	20.0
pi_c5	25.0
pi_c6	20.0
pi_c7	25.0
pi_c8	5.0
pi_c9	20.0
pi_dN	0.0
tauD_c1	58.0
tauD_c10	25.0
tauD_c11	31.0
tauD_c12	57.0
tauD_c2	23.0
tauD_c3	76.0
tauD_c4	15.0
tauD_c5	65.0
tauD_c6	45.0
tauD_c7	7.0
tauD_c8	82.0
tauD_c9	85.0
tauD_d0	0.0
tauD_dN	100.0
tauS_c1	89.0
tauS_c10	24.0
tauS_c11	42.0
tauS_c12	21.0
tauS_c2	46.0
tauS_c3	89.0
tauS_c4	24.0
tauS_c5	83.0
tauS_c6	24.0
tauS_c7	7.0
tauS_c8	67.0
tauS_c9	12.0
tauS_d0	0.0
tauS_dN	100.0
x_c10_c11	1.0
x_c11_c12	1.0
x_c12_c3	1.0
x_c1_dN	1.0
x_c2_c5	1.0
x_c3_c9	1.0
x_c4_c6	1.0
x_c5_c8	1.0
x_c6_c1	1.0
x_c7_c10	1.0
x_c8_dN	1.0
x_c9_dN	1.0
x_d0_c2	1.0
x_d0_c4	1.0
x_d0_c7	1.0
z_c12_c8	1.0
z_c7_c12	1.0
z_c8_dN	1.0
z_d0_c7	1.0
