
Gurobi 6.0.4 (win64) logging started 06/20/15 16:12:34

Read LP format model from file C:\MT\repository\VRPTWMS\instances\mip\fuel\N12-C_DV100-C_SV30_F6_2_No_1.lp
Reading time = 0.02 seconds
(null): 865 rows, 404 columns, 3771 nonzeros
Optimize a model with 865 rows, 404 columns and 3771 nonzeros
Model has 1872 quadratic constraints
Coefficient statistics:
  Matrix range    [1e+00, 1e+06]
  Objective range [1e+04, 1e+07]
  Bounds range    [1e+00, 1e+06]
  RHS range       [1e+00, 1e+06]
Presolve removed 73 rows and 45 columns
Presolve time: 0.80s
Presolved: 3829 rows, 1930 columns, 19684 nonzeros
Variable types: 1466 continuous, 464 integer (401 binary)
Found heuristic solution: objective 1.246366e+08

Root relaxation: objective 2.255028e+06, 221 iterations, 0.01 seconds

    Nodes    |    Current Node    |     Objective Bounds      |     Work
 Expl Unexpl |  Obj  Depth IntInf | Incumbent    BestBd   Gap | It/Node Time

     0     0 2255027.84    0   34 1.2464e+08 2255027.84  98.2%     -    0s
H    0     0                    6.268190e+07 2255027.84  96.4%     -    0s
     0     0 1.2007e+07    0   44 6.2682e+07 1.2007e+07  80.8%     -    0s
H    0     0                    5.234410e+07 1.2007e+07  77.1%     -    0s
     0     0 1.2756e+07    0   54 5.2344e+07 1.2756e+07  75.6%     -    0s
H    0     0                    4.230590e+07 1.2756e+07  69.8%     -    0s
     0     0 1.2776e+07    0   56 4.2306e+07 1.2776e+07  69.8%     -    0s
     0     0 1.4529e+07    0   45 4.2306e+07 1.4529e+07  65.7%     -    1s
H    0     0                    3.230580e+07 1.4529e+07  55.0%     -    1s
     0     0 1.4650e+07    0   37 3.2306e+07 1.4650e+07  54.7%     -    1s
H    0     0                    3.223760e+07 1.4650e+07  54.6%     -    1s
     0     0 1.4693e+07    0   39 3.2238e+07 1.4693e+07  54.4%     -    1s
     0     0 1.4695e+07    0   48 3.2238e+07 1.4695e+07  54.4%     -    1s
     0     0 1.4697e+07    0   41 3.2238e+07 1.4697e+07  54.4%     -    1s
     0     0 1.4697e+07    0   43 3.2238e+07 1.4697e+07  54.4%     -    1s
     0     0 1.4697e+07    0   44 3.2238e+07 1.4697e+07  54.4%     -    1s
     0     0 1.4697e+07    0   38 3.2238e+07 1.4697e+07  54.4%     -    1s
     0     0 1.4697e+07    0   42 3.2238e+07 1.4697e+07  54.4%     -    1s
     0     0 1.4697e+07    0   42 3.2238e+07 1.4697e+07  54.4%     -    1s
H    0     0                    3.207380e+07 1.4697e+07  54.2%     -    1s
     0     2 1.4697e+07    0   41 3.2074e+07 1.4697e+07  54.2%     -    1s
   800   446 2.2879e+07   27   23 3.2074e+07 2.2259e+07  30.6%  24.3    5s
  1927   688 2.2779e+07   28   70 3.2074e+07 2.2327e+07  30.4%  39.0   10s
H 2014   687                    3.206990e+07 2.2335e+07  30.4%  40.3   10s
  2602   899 2.2561e+07   22   53 3.2070e+07 2.2360e+07  30.3%  47.8   15s
  3417  1161 infeasible   31      3.2070e+07 2.2394e+07  30.2%  54.3   20s
  4149  1359 infeasible   36      3.2070e+07 2.2419e+07  30.1%  58.4   25s
  4851  1552 2.3033e+07   29   12 3.2070e+07 2.2443e+07  30.0%  62.0   30s
  5626  1755 2.2898e+07   24   50 3.2070e+07 2.2470e+07  29.9%  65.3   35s
  6395  1927 2.3610e+07   30   39 3.2070e+07 2.2486e+07  29.9%  68.1   40s
  7010  2076 2.3374e+07   23   36 3.2070e+07 2.2499e+07  29.8%  69.8   45s
  7411  2164 infeasible   55      3.2070e+07 2.2503e+07  29.8%  68.2   50s
  8432  2421     cutoff   41      3.2070e+07 2.2503e+07  29.8%  66.4   55s
  9445  2574     cutoff   47      3.2070e+07 2.2503e+07  29.8%  66.9   60s
 10579  2766 infeasible   46      3.2070e+07 2.2503e+07  29.8%  67.4   65s
 11785  2940 2.3213e+07   41   54 3.2070e+07 2.2503e+07  29.8%  67.8   71s
 12839  3062 2.2736e+07   31   27 3.2070e+07 2.2503e+07  29.8%  68.2   76s
 13770  3194     cutoff   53      3.2070e+07 2.2503e+07  29.8%  68.1   80s
 14626  3590 2.2631e+07   34   42 3.2070e+07 2.2503e+07  29.8%  68.7   89s
 14630  3593 2.2881e+07   39   40 3.2070e+07 2.2503e+07  29.8%  68.7   90s
 14640  3599 2.2905e+07   32   59 3.2070e+07 2.2503e+07  29.8%  68.6   95s
 14749  3651     cutoff   65      3.2070e+07 2.2503e+07  29.8%  68.6  101s
 15425  3807     cutoff   73      3.2070e+07 2.2503e+07  29.8%  68.1  106s
 16098  3971     cutoff   67      3.2070e+07 2.2503e+07  29.8%  68.3  110s
 17243  4224 2.2503e+07   40   27 3.2070e+07 2.2503e+07  29.8%  68.1  115s
 18076  4359 2.2536e+07   47   47 3.2070e+07 2.2503e+07  29.8%  68.1  120s
 19241  4574 2.3185e+07   62   29 3.2070e+07 2.2503e+07  29.8%  68.4  126s
 20085  4776 2.2836e+07   56   39 3.2070e+07 2.2503e+07  29.8%  68.5  131s
 20923  4844 2.3390e+07   45   86 3.2070e+07 2.2503e+07  29.8%  69.1  135s
 21880  5014 infeasible   59      3.2070e+07 2.2503e+07  29.8%  69.1  141s
 22905  5157 infeasible   68      3.2070e+07 2.2503e+07  29.8%  69.2  147s
 23865  5283 2.3390e+07   51   77 3.2070e+07 2.2503e+07  29.8%  69.3  152s
 24898  5421     cutoff   62      3.2070e+07 2.2503e+07  29.8%  69.5  156s
 25809  5679 2.6960e+07   69   72 3.2070e+07 2.2503e+07  29.8%  69.8  161s
 26718  6105 2.3541e+07   53   55 3.2070e+07 2.2503e+07  29.8%  70.0  166s
 27623  6573     cutoff   65      3.2070e+07 2.2503e+07  29.8%  70.0  170s
 28866  7163 2.2910e+07   60   29 3.2070e+07 2.2503e+07  29.8%  70.2  176s
 29779  7627 2.3205e+07   68   78 3.2070e+07 2.2503e+07  29.8%  70.1  181s
 30581  8053 2.2723e+07   53   24 3.2070e+07 2.2503e+07  29.8%  70.0  185s
 31657  8529     cutoff   57      3.2070e+07 2.2503e+07  29.8%  70.2  191s
 32418  8871     cutoff   53      3.2070e+07 2.2506e+07  29.8%  70.4  195s
 33465  9351 infeasible   84      3.2070e+07 2.2513e+07  29.8%  70.4  201s
 34453  9771 infeasible   59      3.2070e+07 2.2521e+07  29.8%  70.7  206s
 35213 10124 2.3883e+07   53   58 3.2070e+07 2.2526e+07  29.8%  70.8  210s
 36258 10591     cutoff   77      3.2070e+07 2.2533e+07  29.7%  70.9  215s
 37204 10913 infeasible   76      3.2070e+07 2.2540e+07  29.7%  71.2  220s
 38096 11217     cutoff   55      3.2070e+07 2.2548e+07  29.7%  71.6  225s
 38954 11523 2.3327e+07   52   65 3.2070e+07 2.2554e+07  29.7%  71.8  230s
 39815 11853 2.7921e+07   77   74 3.2070e+07 2.2559e+07  29.7%  72.2  235s
 40683 12196     cutoff   63      3.2070e+07 2.2563e+07  29.6%  72.5  240s
 41669 12623     cutoff   69      3.2070e+07 2.2569e+07  29.6%  72.7  245s
 42573 13042 2.2899e+07   53   15 3.2070e+07 2.2573e+07  29.6%  72.8  250s
 43398 13404     cutoff   79      3.2070e+07 2.2578e+07  29.6%  73.0  255s
 44265 13687     cutoff   56      3.2070e+07 2.2584e+07  29.6%  73.2  260s
 45361 14070     cutoff   51      3.2070e+07 2.2592e+07  29.6%  73.4  266s
 46247 14451 2.3772e+07   70   48 3.2070e+07 2.2596e+07  29.5%  73.6  271s
 47192 14890 2.4245e+07   67   76 3.2070e+07 2.2600e+07  29.5%  73.5  276s
 47965 15164 2.3027e+07   75   62 3.2070e+07 2.2605e+07  29.5%  73.7  280s
 49073 15624 infeasible   60      3.2070e+07 2.2610e+07  29.5%  73.8  286s
 49858 15911 2.2810e+07   59   68 3.2070e+07 2.2615e+07  29.5%  74.0  290s
 50644 16209 infeasible   62      3.2070e+07 2.2620e+07  29.5%  74.2  295s
 51741 16628 2.3346e+07   61   87 3.2070e+07 2.2627e+07  29.4%  74.3  301s
 52505 16919     cutoff   55      3.2070e+07 2.2631e+07  29.4%  74.5  305s
 53593 17380     cutoff   46      3.2070e+07 2.2636e+07  29.4%  74.7  311s
 54314 17625     cutoff   55      3.2070e+07 2.2640e+07  29.4%  74.8  315s
 55343 18020 2.3121e+07   62   22 3.2070e+07 2.2646e+07  29.4%  75.0  321s
 56024 18292 2.2877e+07   51   31 3.2070e+07 2.2649e+07  29.4%  75.2  325s
 57108 18743 2.3421e+07   63   42 3.2070e+07 2.2654e+07  29.4%  75.4  331s
 57760 19010 2.4392e+07   67   59 3.2070e+07 2.2657e+07  29.4%  75.6  335s
 58768 19374     cutoff   59      3.2070e+07 2.2663e+07  29.3%  75.8  341s
 59498 19614 2.3137e+07   62   33 3.2070e+07 2.2666e+07  29.3%  76.0  345s
 60499 20000     cutoff   77      3.2070e+07 2.2671e+07  29.3%  76.2  351s
 61258 20272     cutoff   83      3.2070e+07 2.2674e+07  29.3%  76.3  355s
 62270 20592 2.2851e+07   53   14 3.2070e+07 2.2681e+07  29.3%  76.5  360s
 62922 20816     cutoff   73      3.2070e+07 2.2684e+07  29.3%  76.7  365s
 63899 21147 infeasible   83      3.2070e+07 2.2689e+07  29.3%  76.8  370s
 64856 21512 infeasible   64      3.2070e+07 2.2694e+07  29.2%  77.0  376s
 65507 21721 2.3064e+07   81   51 3.2070e+07 2.2698e+07  29.2%  77.2  380s
 66432 22041 infeasible   64      3.2070e+07 2.2702e+07  29.2%  77.4  385s
 67097 22273 2.3316e+07   58   35 3.2070e+07 2.2705e+07  29.2%  77.6  390s
 68041 22590 2.3256e+07   50   45 3.2070e+07 2.2710e+07  29.2%  77.8  395s
 68960 22881     cutoff   65      3.2070e+07 2.2714e+07  29.2%  77.9  401s
 69687 23121 2.3349e+07   65   58 3.2070e+07 2.2716e+07  29.2%  78.1  405s
 70653 23466 2.3256e+07   62   20 3.2070e+07 2.2721e+07  29.2%  78.2  410s
 71401 23734 2.2889e+07   50   20 3.2070e+07 2.2724e+07  29.1%  78.2  415s
 72391 24050 2.3235e+07   47   63 3.2070e+07 2.2729e+07  29.1%  78.3  420s
 73233 24286 2.4036e+07   76   74 3.2070e+07 2.2734e+07  29.1%  78.6  426s
 73900 24539 infeasible   77      3.2070e+07 2.2737e+07  29.1%  78.7  430s
 74815 24866     cutoff   58      3.2070e+07 2.2740e+07  29.1%  78.9  435s
 75664 25147 2.8330e+07   67   18 3.2070e+07 2.2744e+07  29.1%  79.0  441s
 76338 25377 2.3694e+07   59   49 3.2070e+07 2.2748e+07  29.1%  79.1  445s
 77187 25628 2.3582e+07   72   35 3.2070e+07 2.2752e+07  29.1%  79.3  450s
 78053 25922     cutoff   49      3.2070e+07 2.2757e+07  29.0%  79.5  455s
 78933 26226 infeasible   49      3.2070e+07 2.2760e+07  29.0%  79.6  461s
 79602 26469 2.7582e+07   58   88 3.2070e+07 2.2762e+07  29.0%  79.7  465s
 80411 26755 2.8347e+07   63   38 3.2070e+07 2.2766e+07  29.0%  79.9  470s
 81111 27024 2.5175e+07   72   64 3.2070e+07 2.2769e+07  29.0%  79.9  475s
 82008 27317 2.2786e+07   59   37 3.2070e+07 2.2773e+07  29.0%  80.0  480s
 82857 27630 2.3236e+07   61   65 3.2070e+07 2.2776e+07  29.0%  80.2  485s
 83719 27945 2.3657e+07   64   83 3.2070e+07 2.2779e+07  29.0%  80.3  490s
 84367 28158     cutoff   65      3.2070e+07 2.2782e+07  29.0%  80.4  495s
 85205 28424 2.3787e+07   61   35 3.2070e+07 2.2786e+07  28.9%  80.6  500s
 86089 28676 2.3539e+07   69   70 3.2070e+07 2.2790e+07  28.9%  80.7  505s
 86974 28950 infeasible   66      3.2070e+07 2.2794e+07  28.9%  80.8  510s
 87797 29193     cutoff   51      3.2070e+07 2.2798e+07  28.9%  81.0  516s
 88487 29437 infeasible   69      3.2070e+07 2.2800e+07  28.9%  81.0  520s
 89322 29667 infeasible   57      3.2070e+07 2.2804e+07  28.9%  81.2  525s
 90179 29918 2.3256e+07   79   70 3.2070e+07 2.2808e+07  28.9%  81.3  530s
 91010 30091 infeasible   66      3.2070e+07 2.2812e+07  28.9%  81.5  535s
 91798 30314 2.3156e+07   51   69 3.2070e+07 2.2814e+07  28.9%  81.6  541s
 92410 30482 2.3279e+07   52   26 3.2070e+07 2.2816e+07  28.9%  81.7  545s
 93201 30703     cutoff   66      3.2070e+07 2.2819e+07  28.8%  81.9  550s
 94033 30932     cutoff   65      3.2070e+07 2.2822e+07  28.8%  82.0  555s
 94819 31087 2.3308e+07   62   39 3.2070e+07 2.2825e+07  28.8%  82.1  561s
 95434 31281     cutoff   74      3.2070e+07 2.2826e+07  28.8%  82.2  565s
 96294 31538 2.2858e+07   75   51 3.2070e+07 2.2830e+07  28.8%  82.3  571s
 96935 31754 2.3217e+07   57   47 3.2070e+07 2.2831e+07  28.8%  82.4  575s
 97826 32087     cutoff   60      3.2070e+07 2.2834e+07  28.8%  82.5  580s
 98676 32379 2.3682e+07   85   22 3.2070e+07 2.2836e+07  28.8%  82.5  585s
 99562 32703 2.4179e+07   81   50 3.2070e+07 2.2839e+07  28.8%  82.6  590s
 100320 32901     cutoff   68      3.2070e+07 2.2842e+07  28.8%  82.7  596s
 100914 33100     cutoff   57      3.2070e+07 2.2844e+07  28.8%  82.8  600s
 101738 33343 2.3940e+07   89   51 3.2070e+07 2.2846e+07  28.8%  83.0  605s
 102533 33557 infeasible   83      3.2070e+07 2.2848e+07  28.8%  83.1  610s
 103322 33786     cutoff   68      3.2070e+07 2.2851e+07  28.7%  83.2  616s
 103933 33975     cutoff   71      3.2070e+07 2.2852e+07  28.7%  83.3  620s
 104667 34157     cutoff   62      3.2070e+07 2.2854e+07  28.7%  83.5  625s
 105476 34446     cutoff   62      3.2070e+07 2.2856e+07  28.7%  83.6  630s
 106248 34605     cutoff   68      3.2070e+07 2.2859e+07  28.7%  83.7  635s
 107045 34853 infeasible   68      3.2070e+07 2.2862e+07  28.7%  83.8  641s
 107871 35028 2.3256e+07   53   65 3.2070e+07 2.2865e+07  28.7%  83.9  646s
 108438 35159 2.3652e+07   62   43 3.2070e+07 2.2867e+07  28.7%  84.0  650s
 109202 35340 2.3537e+07   69   36 3.2070e+07 2.2869e+07  28.7%  84.2  655s
 110038 35576 2.3440e+07   69   68 3.2070e+07 2.2872e+07  28.7%  84.2  661s
 110678 35768     cutoff   72      3.2070e+07 2.2874e+07  28.7%  84.3  665s
 111486 35964 infeasible   60      3.2070e+07 2.2876e+07  28.7%  84.4  670s
 112270 36201 2.2919e+07   55   21 3.2070e+07 2.2878e+07  28.7%  84.5  675s
 113105 36413 2.3231e+07   63   14 3.2070e+07 2.2880e+07  28.7%  84.6  681s
 113686 36618 2.3172e+07   48   49 3.2070e+07 2.2882e+07  28.6%  84.6  685s
 114494 36826     cutoff   52      3.2070e+07 2.2884e+07  28.6%  84.8  690s
 115336 37051 2.3490e+07   58  109 3.2070e+07 2.2886e+07  28.6%  84.9  695s
 116101 37244     cutoff   75      3.2070e+07 2.2888e+07  28.6%  85.0  700s
 116885 37411     cutoff   65      3.2070e+07 2.2891e+07  28.6%  85.2  706s
 117447 37526     cutoff   65      3.2070e+07 2.2893e+07  28.6%  85.2  710s
 118216 37713     cutoff   77      3.2070e+07 2.2895e+07  28.6%  85.4  715s
 118998 37923 infeasible   62      3.2070e+07 2.2898e+07  28.6%  85.4  721s
 119595 38076 2.3164e+07   72   69 3.2070e+07 2.2899e+07  28.6%  85.5  725s
 120427 38299 2.3334e+07   69   38 3.2070e+07 2.2902e+07  28.6%  85.6  730s
 121011 38392 2.3055e+07   63   44 3.2070e+07 2.2904e+07  28.6%  85.7  735s
 121771 38611 2.4125e+07   68   40 3.2070e+07 2.2906e+07  28.6%  85.8  740s
 122594 38876     cutoff   63      3.2070e+07 2.2908e+07  28.6%  85.9  745s
 123119 38992     cutoff   61      3.2070e+07 2.2910e+07  28.6%  86.0  750s
 123868 39146 2.2990e+07   62   33 3.2070e+07 2.2912e+07  28.6%  86.1  755s
 124669 39391 2.2931e+07   53   43 3.2070e+07 2.2914e+07  28.5%  86.2  760s
 125391 39585 2.3420e+07   45   32 3.2070e+07 2.2916e+07  28.5%  86.4  766s
 126004 39771 2.3863e+07   66   55 3.2070e+07 2.2917e+07  28.5%  86.4  770s
 126712 39936     cutoff   62      3.2070e+07 2.2919e+07  28.5%  86.6  775s
 127411 40135 2.4061e+07   55   47 3.2070e+07 2.2921e+07  28.5%  86.7  780s
 128072 40261     cutoff   69      3.2070e+07 2.2923e+07  28.5%  86.9  786s
 128613 40366 2.3187e+07   44   59 3.2070e+07 2.2924e+07  28.5%  87.0  790s
 129419 40594 2.4332e+07   67   49 3.2070e+07 2.2927e+07  28.5%  87.1  795s
 130198 40813     cutoff   74      3.2070e+07 2.2929e+07  28.5%  87.2  801s
 130809 40978     cutoff   76      3.2070e+07 2.2930e+07  28.5%  87.3  805s
 131560 41155     cutoff   86      3.2070e+07 2.2932e+07  28.5%  87.4  810s
 132336 41402 2.3352e+07   54   43 3.2070e+07 2.2934e+07  28.5%  87.5  815s
 133132 41665 2.3048e+07   74   71 3.2070e+07 2.2936e+07  28.5%  87.5  821s
 133714 41819 infeasible   64      3.2070e+07 2.2937e+07  28.5%  87.6  825s
 134575 42130 infeasible   96      3.2070e+07 2.2939e+07  28.5%  87.6  830s
 135169 42296 2.3150e+07   54   54 3.2070e+07 2.2941e+07  28.5%  87.7  835s
 135927 42525 2.5893e+07   74   57 3.2070e+07 2.2942e+07  28.5%  87.8  840s
 136658 42683     cutoff   81      3.2070e+07 2.2944e+07  28.5%  87.9  845s
 137220 42803 2.3339e+07   65   56 3.2070e+07 2.2946e+07  28.5%  88.0  850s
 137998 42995 infeasible   50      3.2070e+07 2.2948e+07  28.4%  88.1  855s
 138600 43114 infeasible   55      3.2070e+07 2.2950e+07  28.4%  88.1  860s
 139369 43275     cutoff   61      3.2070e+07 2.2952e+07  28.4%  88.2  865s
 140107 43443     cutoff   70      3.2070e+07 2.2954e+07  28.4%  88.3  870s
 140643 43558 2.3216e+07   70   47 3.2070e+07 2.2956e+07  28.4%  88.4  875s
 141418 43781 2.5317e+07   77   73 3.2070e+07 2.2957e+07  28.4%  88.5  880s
 142173 43945 2.3735e+07   71   53 3.2070e+07 2.2959e+07  28.4%  88.6  885s
 142928 44160 2.3196e+07   53   24 3.2070e+07 2.2960e+07  28.4%  88.7  891s
 143539 44299 2.3164e+07   63   34 3.2070e+07 2.2962e+07  28.4%  88.7  895s
 144271 44455 infeasible   62      3.2070e+07 2.2964e+07  28.4%  88.8  900s
 145015 44604 2.3944e+07   54   25 3.2070e+07 2.2966e+07  28.4%  88.9  906s
 145768 44765 infeasible   77      3.2070e+07 2.2968e+07  28.4%  89.0  911s
 146360 44928     cutoff   65      3.2070e+07 2.2969e+07  28.4%  89.0  915s
 147187 45163 2.3767e+07   54   43 3.2070e+07 2.2970e+07  28.4%  89.1  920s
 147893 45275     cutoff   89      3.2070e+07 2.2973e+07  28.4%  89.2  926s
 148452 45384     cutoff   69      3.2070e+07 2.2974e+07  28.4%  89.2  930s
 149287 45638 infeasible   78      3.2070e+07 2.2976e+07  28.4%  89.3  936s
 149858 45806 2.3773e+07   87   58 3.2070e+07 2.2977e+07  28.4%  89.3  940s
 150657 46047     cutoff   54      3.2070e+07 2.2978e+07  28.4%  89.4  945s
 151249 46179 infeasible   57      3.2070e+07 2.2979e+07  28.3%  89.4  950s
 151958 46277     cutoff   83      3.2070e+07 2.2982e+07  28.3%  89.5  955s
 152711 46416     cutoff   75      3.2070e+07 2.2984e+07  28.3%  89.6  961s
 153234 46559 infeasible   85      3.2070e+07 2.2985e+07  28.3%  89.7  965s
 154003 46742     cutoff   55      3.2070e+07 2.2987e+07  28.3%  89.8  971s
 154525 46830 2.3393e+07   60   42 3.2070e+07 2.2988e+07  28.3%  89.8  975s
 155212 46957 2.3241e+07   52   54 3.2070e+07 2.2990e+07  28.3%  90.0  980s
 155767 47050     cutoff   76      3.2070e+07 2.2992e+07  28.3%  90.0  985s
 156496 47198 infeasible   59      3.2070e+07 2.2993e+07  28.3%  90.1  990s
 157248 47345 infeasible   68      3.2070e+07 2.2995e+07  28.3%  90.2  995s
 157726 47461     cutoff   70      3.2070e+07 2.2996e+07  28.3%  90.3 1000s
 158425 47537 infeasible   69      3.2070e+07 2.2998e+07  28.3%  90.4 1005s
 158884 47640 2.3442e+07   76   65 3.2070e+07 2.2999e+07  28.3%  90.5 1010s
 159587 47764 2.3079e+07   64   23 3.2070e+07 2.3001e+07  28.3%  90.6 1015s
 160348 47964 2.3817e+07   75   40 3.2070e+07 2.3003e+07  28.3%  90.7 1020s
 160920 48078 2.3027e+07   68   36 3.2070e+07 2.3004e+07  28.3%  90.7 1025s
 161639 48222     cutoff   62      3.2070e+07 2.3006e+07  28.3%  90.8 1030s
 162379 48304 2.3076e+07   46   23 3.2070e+07 2.3007e+07  28.3%  90.9 1036s
 162911 48368 infeasible   67      3.2070e+07 2.3009e+07  28.3%  91.0 1040s
 163640 48506 2.3102e+07   61   25 3.2070e+07 2.3011e+07  28.2%  91.1 1045s
 164394 48705     cutoff   68      3.2070e+07 2.3012e+07  28.2%  91.2 1050s
 164897 48823     cutoff   70      3.2070e+07 2.3013e+07  28.2%  91.2 1055s
 165619 48914 2.3308e+07   48   85 3.2070e+07 2.3015e+07  28.2%  91.3 1060s
 166299 49055 infeasible   61      3.2070e+07 2.3016e+07  28.2%  91.4 1065s
 167002 49126 2.3357e+07   68   31 3.2070e+07 2.3018e+07  28.2%  91.5 1071s
 167572 49233 2.3607e+07   60   37 3.2070e+07 2.3019e+07  28.2%  91.6 1075s
 168260 49328     cutoff   61      3.2070e+07 2.3021e+07  28.2%  91.7 1080s
 169025 49515 2.3369e+07   53   61 3.2070e+07 2.3023e+07  28.2%  91.8 1086s
 169603 49628 2.3331e+07   69   79 3.2070e+07 2.3024e+07  28.2%  91.8 1090s
 170307 49776 2.9064e+07   71   41 3.2070e+07 2.3025e+07  28.2%  91.9 1095s
 171042 49920 2.3326e+07   58   34 3.2070e+07 2.3027e+07  28.2%  92.0 1100s
 171792 50056     cutoff   61      3.2070e+07 2.3029e+07  28.2%  92.0 1105s
 172448 50161 2.3363e+07   61   39 3.2070e+07 2.3030e+07  28.2%  92.2 1111s
 172949 50255 infeasible   69      3.2070e+07 2.3031e+07  28.2%  92.2 1115s
 173611 50302     cutoff   55      3.2070e+07 2.3033e+07  28.2%  92.3 1120s
 174345 50461 2.3318e+07   50   12 3.2070e+07 2.3035e+07  28.2%  92.4 1125s
 175060 50533     cutoff   56      3.2070e+07 2.3037e+07  28.2%  92.5 1131s
 175590 50596     cutoff   60      3.2070e+07 2.3038e+07  28.2%  92.6 1135s
 176316 50759 2.3205e+07   70   22 3.2070e+07 2.3039e+07  28.2%  92.7 1141s
 176822 50806 infeasible   50      3.2070e+07 2.3041e+07  28.2%  92.7 1145s
 177355 50891     cutoff   68      3.2070e+07 2.3042e+07  28.2%  92.8 1150s
 178072 51022 2.3343e+07   70   72 3.2070e+07 2.3043e+07  28.1%  92.9 1155s
 178681 51154 2.3535e+07   54   52 3.2070e+07 2.3045e+07  28.1%  92.9 1160s
 179210 51215 2.3510e+07   64   46 3.2070e+07 2.3046e+07  28.1%  93.0 1165s
 179905 51301     cutoff   53      3.2070e+07 2.3048e+07  28.1%  93.1 1170s
 180444 51354 2.3202e+07   54   26 3.2070e+07 2.3049e+07  28.1%  93.1 1175s
 181105 51371 2.3305e+07   52   15 3.2070e+07 2.3051e+07  28.1%  93.3 1181s
 181644 51469 2.8760e+07   60   53 3.2070e+07 2.3052e+07  28.1%  93.3 1185s
 182392 51596 2.3123e+07   60   21 3.2070e+07 2.3054e+07  28.1%  93.4 1191s
 182911 51709 infeasible   68      3.2070e+07 2.3054e+07  28.1%  93.5 1195s
 183450 51813 2.4303e+07   63   78 3.2070e+07 2.3056e+07  28.1%  93.5 1200s
 184164 51951 infeasible   61      3.2070e+07 2.3057e+07  28.1%  93.6 1205s
 184634 51995     cutoff   72      3.2070e+07 2.3058e+07  28.1%  93.7 1210s
 185349 52116 2.3539e+07   57   24 3.2070e+07 2.3059e+07  28.1%  93.7 1216s
 185913 52216 2.3405e+07   62   48 3.2070e+07 2.3060e+07  28.1%  93.8 1220s
 186480 52321 2.3498e+07   77   47 3.2070e+07 2.3061e+07  28.1%  93.9 1225s
 187189 52415     cutoff   64      3.2070e+07 2.3063e+07  28.1%  93.9 1230s
 187726 52493 2.4069e+07   57   84 3.2070e+07 2.3064e+07  28.1%  94.0 1235s
 188466 52584 2.4495e+07   62   54 3.2070e+07 2.3065e+07  28.1%  94.1 1241s
 188992 52665 2.3665e+07   56   56 3.2070e+07 2.3067e+07  28.1%  94.1 1246s
 189505 52745 2.3683e+07   61   70 3.2070e+07 2.3067e+07  28.1%  94.2 1250s
 190220 52871 infeasible   65      3.2070e+07 2.3069e+07  28.1%  94.3 1255s
 190891 52959 2.3606e+07   55   60 3.2070e+07 2.3070e+07  28.1%  94.4 1260s
 191369 53009 2.8939e+07   62   47 3.2070e+07 2.3072e+07  28.1%  94.5 1265s
 191881 53056 2.3674e+07   62   43 3.2070e+07 2.3073e+07  28.1%  94.5 1270s
 192572 53137 2.3410e+07   58   61 3.2070e+07 2.3074e+07  28.1%  94.6 1276s
 193083 53169 infeasible   70      3.2070e+07 2.3075e+07  28.0%  94.7 1280s
 193599 53232     cutoff   75      3.2070e+07 2.3077e+07  28.0%  94.8 1285s
 194394 53444 infeasible   84      3.2070e+07 2.3078e+07  28.0%  94.8 1291s
 194923 53564     cutoff   78      3.2070e+07 2.3079e+07  28.0%  94.9 1295s
 195577 53579     cutoff   70      3.2070e+07 2.3081e+07  28.0%  95.0 1301s
 196086 53658 2.3527e+07   63   29 3.2070e+07 2.3082e+07  28.0%  95.0 1305s
 196725 53672 2.3320e+07   69   28 3.2070e+07 2.3084e+07  28.0%  95.1 1311s
 197216 53746 2.5940e+07   67   77 3.2070e+07 2.3085e+07  28.0%  95.2 1315s
 197811 53915 2.3474e+07   47   57 3.2070e+07 2.3086e+07  28.0%  95.2 1320s
 198440 53985 2.3738e+07   62   69 3.2070e+07 2.3087e+07  28.0%  95.3 1325s
 199104 54081 infeasible   56      3.2070e+07 2.3089e+07  28.0%  95.4 1331s
 199678 54212 2.3688e+07   62   20 3.2070e+07 2.3090e+07  28.0%  95.4 1335s
 200228 54279 infeasible   80      3.2070e+07 2.3091e+07  28.0%  95.5 1340s
 200926 54349 2.4307e+07   61   80 3.2070e+07 2.3093e+07  28.0%  95.6 1345s
 201442 54414 2.3105e+07   65   28 3.2070e+07 2.3094e+07  28.0%  95.6 1350s
 202247 54613 2.3281e+07   70   30 3.2070e+07 2.3096e+07  28.0%  95.7 1356s
 202756 54686 infeasible   67      3.2070e+07 2.3096e+07  28.0%  95.7 1360s
 203485 54792     cutoff   63      3.2070e+07 2.3098e+07  28.0%  95.8 1366s
 203965 54823 infeasible   51      3.2070e+07 2.3099e+07  28.0%  95.9 1370s
 204526 54932 2.3349e+07   64   69 3.2070e+07 2.3100e+07  28.0%  95.9 1375s
 205022 55003     cutoff   78      3.2070e+07 2.3101e+07  28.0%  96.0 1380s
 205511 55092 infeasible   72      3.2070e+07 2.3102e+07  28.0%  96.0 1386s
 205892 55165     cutoff   80      3.2070e+07 2.3103e+07  28.0%  96.0 1390s
 206414 55182     cutoff   57      3.2070e+07 2.3104e+07  28.0%  96.1 1396s
 206775 55240 2.3343e+07   68   45 3.2070e+07 2.3105e+07  28.0%  96.1 1400s
 207316 55328     cutoff   63      3.2070e+07 2.3106e+07  28.0%  96.2 1405s
 207887 55460 2.4032e+07   79   51 3.2070e+07 2.3107e+07  27.9%  96.2 1410s
 208642 55624 2.4581e+07   73   85 3.2070e+07 2.3108e+07  27.9%  96.2 1416s
 209138 55705 2.3824e+07   63   49 3.2070e+07 2.3109e+07  27.9%  96.3 1421s
 209743 55815 2.3356e+07   73   41 3.2070e+07 2.3110e+07  27.9%  96.3 1426s
 210130 55869 2.3339e+07   48   82 3.2070e+07 2.3110e+07  27.9%  96.3 1430s
 210703 55962 infeasible   73      3.2070e+07 2.3111e+07  27.9%  96.3 1435s
 211289 56093     cutoff   63      3.2070e+07 2.3112e+07  27.9%  96.4 1440s
 211842 56156 2.3852e+07   48   53 3.2070e+07 2.3113e+07  27.9%  96.4 1445s
 212372 56206 2.3333e+07   61   64 3.2070e+07 2.3115e+07  27.9%  96.5 1451s
 212901 56259     cutoff   81      3.2070e+07 2.3116e+07  27.9%  96.5 1456s
 213259 56292 2.4076e+07   67  104 3.2070e+07 2.3117e+07  27.9%  96.5 1460s
 213736 56341 2.3642e+07   65   44 3.2070e+07 2.3117e+07  27.9%  96.6 1466s
 214066 56377 2.3491e+07   60   67 3.2070e+07 2.3119e+07  27.9%  96.6 1470s
 214584 56416 2.3460e+07   64    9 3.2070e+07 2.3120e+07  27.9%  96.7 1475s
 215176 56526 2.3311e+07   53   69 3.2070e+07 2.3121e+07  27.9%  96.7 1481s
 215507 56559 2.3865e+07   60   54 3.2070e+07 2.3121e+07  27.9%  96.8 1485s
 216242 56674 infeasible   92      3.2070e+07 2.3123e+07  27.9%  96.8 1491s
 216770 56723 2.3676e+07   58   29 3.2070e+07 2.3124e+07  27.9%  96.9 1495s
 217266 56778     cutoff   59      3.2070e+07 2.3125e+07  27.9%  96.9 1500s
 217958 56823 2.3179e+07   60   28 3.2070e+07 2.3127e+07  27.9%  97.0 1506s
 218549 56961     cutoff   74      3.2070e+07 2.3128e+07  27.9%  97.0 1511s
 219116 57035     cutoff   73      3.2070e+07 2.3130e+07  27.9%  97.1 1515s
 219840 57156 2.3279e+07   68   14 3.2070e+07 2.3131e+07  27.9%  97.1 1520s
 220322 57196 2.3401e+07   54   33 3.2070e+07 2.3132e+07  27.9%  97.2 1525s
 220928 57255 infeasible   78      3.2070e+07 2.3133e+07  27.9%  97.3 1530s
 221589 57323 2.3360e+07   69   32 3.2070e+07 2.3135e+07  27.9%  97.4 1535s
 222260 57323 2.3164e+07   55   43 3.2070e+07 2.3137e+07  27.9%  97.4 1541s
 222796 57400 2.3586e+07   67   66 3.2070e+07 2.3138e+07  27.9%  97.5 1545s
 223276 57450 infeasible   68      3.2070e+07 2.3138e+07  27.9%  97.5 1550s
 223938 57548 2.3688e+07   72   51 3.2070e+07 2.3139e+07  27.8%  97.6 1556s
 224418 57619 infeasible   90      3.2070e+07 2.3140e+07  27.8%  97.6 1561s
 224950 57680 infeasible   51      3.2070e+07 2.3142e+07  27.8%  97.7 1565s
 225626 57721 2.3649e+07   66   38 3.2070e+07 2.3143e+07  27.8%  97.8 1571s
 226164 57820 2.3668e+07   76   37 3.2070e+07 2.3144e+07  27.8%  97.8 1575s
 226734 57947 2.4485e+07   69   49 3.2070e+07 2.3145e+07  27.8%  97.8 1580s
 227368 57999     cutoff   64      3.2070e+07 2.3146e+07  27.8%  97.9 1586s
 227846 58046 infeasible   59      3.2070e+07 2.3147e+07  27.8%  98.0 1590s
 228380 58156 2.3552e+07   64   35 3.2070e+07 2.3148e+07  27.8%  98.0 1595s
 229078 58227     cutoff   56      3.2070e+07 2.3149e+07  27.8%  98.1 1601s
 229625 58323     cutoff   59      3.2070e+07 2.3150e+07  27.8%  98.1 1605s
 230118 58350 2.3539e+07   84   61 3.2070e+07 2.3151e+07  27.8%  98.2 1610s
 230712 58482 infeasible   66      3.2070e+07 2.3152e+07  27.8%  98.2 1615s
 231391 58607 2.4761e+07   69   64 3.2070e+07 2.3153e+07  27.8%  98.3 1621s
 231850 58623 2.3255e+07   49   16 3.2070e+07 2.3154e+07  27.8%  98.4 1625s
 232365 58664 infeasible   65      3.2070e+07 2.3156e+07  27.8%  98.4 1630s
 233071 58834 2.3961e+07   52   45 3.2070e+07 2.3156e+07  27.8%  98.5 1636s
 233619 58887 2.3855e+07   65   82 3.2070e+07 2.3157e+07  27.8%  98.5 1640s
 234131 58918 2.3542e+07   61   56 3.2070e+07 2.3158e+07  27.8%  98.6 1645s
 234831 59063 2.3159e+07   57   42 3.2070e+07 2.3159e+07  27.8%  98.6 1651s
 235333 59077 2.3694e+07   73   53 3.2070e+07 2.3160e+07  27.8%  98.7 1655s
 235885 59151 2.3965e+07   75   60 3.2070e+07 2.3161e+07  27.8%  98.7 1660s
 236641 59286     cutoff   51      3.2070e+07 2.3162e+07  27.8%  98.7 1666s
 237110 59293 infeasible   58      3.2070e+07 2.3163e+07  27.8%  98.8 1671s
 237660 59394 2.3164e+07   43   62 3.2070e+07 2.3164e+07  27.8%  98.8 1675s
 238171 59431     cutoff   75      3.2070e+07 2.3165e+07  27.8%  98.9 1680s
 238835 59463     cutoff   64      3.2070e+07 2.3167e+07  27.8%  99.0 1685s
 239550 59547 infeasible   68      3.2070e+07 2.3168e+07  27.8%  99.0 1691s
 240073 59629     cutoff   70      3.2070e+07 2.3169e+07  27.8%  99.1 1695s
 240790 59704 2.3735e+07   66   52 3.2070e+07 2.3170e+07  27.8%  99.1 1700s
 241443 59698     cutoff   69      3.2070e+07 2.3172e+07  27.7%  99.2 1706s
 242040 59826     cutoff   77      3.2070e+07 2.3173e+07  27.7%  99.2 1710s
 242744 59869 2.3195e+07   67   45 3.2070e+07 2.3174e+07  27.7%  99.3 1716s
 243418 59929 2.3705e+07   61   45 3.2070e+07 2.3176e+07  27.7%  99.3 1721s
 243900 59943 infeasible   66      3.2070e+07 2.3176e+07  27.7%  99.4 1725s
 244694 60097 2.3640e+07   74   23 3.2070e+07 2.3178e+07  27.7%  99.4 1730s
 245247 60171 infeasible   58      3.2070e+07 2.3178e+07  27.7%  99.5 1735s
 245892 60249 2.3406e+07   53   38 3.2070e+07 2.3179e+07  27.7%   100 1740s
 246544 60266 infeasible   76      3.2070e+07 2.3181e+07  27.7%   100 1745s
 247230 60334     cutoff   72      3.2070e+07 2.3182e+07  27.7%   100 1751s
 247684 60358 infeasible   63      3.2070e+07 2.3183e+07  27.7%   100 1755s
 248340 60447 2.3465e+07   68   56 3.2070e+07 2.3184e+07  27.7%   100 1760s
 249016 60561 infeasible   74      3.2070e+07 2.3185e+07  27.7%   100 1765s
 249792 60693 2.3678e+07   68   44 3.2070e+07 2.3186e+07  27.7%   100 1771s
 250340 60742 2.4303e+07   67   74 3.2070e+07 2.3187e+07  27.7%   100 1775s
 251027 60826 2.3677e+07   56   24 3.2070e+07 2.3188e+07  27.7%   100 1780s
 251720 60836     cutoff   60      3.2070e+07 2.3189e+07  27.7%   100 1785s
 252350 60853 infeasible   66      3.2070e+07 2.3191e+07  27.7%   100 1790s
 252913 60925     cutoff   71      3.2070e+07 2.3192e+07  27.7%   100 1795s
 253616 61018 infeasible   74      3.2070e+07 2.3193e+07  27.7%   100 1801s
 254159 61091 infeasible   72      3.2070e+07 2.3194e+07  27.7%   100 1806s
 254670 61129 infeasible   59      3.2070e+07 2.3194e+07  27.7%   100 1810s
 255191 61197     cutoff   59      3.2070e+07 2.3195e+07  27.7%   100 1815s
 255857 61233     cutoff   64      3.2070e+07 2.3197e+07  27.7%   100 1821s
 256325 61259     cutoff   56      3.2070e+07 2.3198e+07  27.7%   100 1826s
 256879 61307 2.4931e+07   54   40 3.2070e+07 2.3199e+07  27.7%   101 1830s
 257409 61309     cutoff   72      3.2070e+07 2.3200e+07  27.7%   101 1835s
 258111 61361 2.3900e+07   69   66 3.2070e+07 2.3201e+07  27.7%   101 1841s
 258585 61378     cutoff   59      3.2070e+07 2.3202e+07  27.7%   101 1845s
 259230 61394     cutoff   73      3.2070e+07 2.3203e+07  27.6%   101 1851s
 259868 61406 infeasible   55      3.2070e+07 2.3205e+07  27.6%   101 1856s
 260521 61466 2.3392e+07   68   44 3.2070e+07 2.3206e+07  27.6%   101 1861s
 261044 61520     cutoff   61      3.2070e+07 2.3207e+07  27.6%   101 1865s
 261739 61570 2.3712e+07   76   68 3.2070e+07 2.3208e+07  27.6%   101 1870s
 262398 61611 infeasible   81      3.2070e+07 2.3209e+07  27.6%   101 1875s
 262922 61661     cutoff   64      3.2070e+07 2.3210e+07  27.6%   101 1880s
 263633 61752 2.3466e+07   55   39 3.2070e+07 2.3212e+07  27.6%   101 1886s
 264152 61793     cutoff   65      3.2070e+07 2.3212e+07  27.6%   101 1890s
 264610 61822 2.4510e+07   57   83 3.2070e+07 2.3213e+07  27.6%   101 1895s
 265295 61911 infeasible   68      3.2070e+07 2.3214e+07  27.6%   101 1901s
 265834 61914 infeasible   62      3.2070e+07 2.3215e+07  27.6%   101 1905s
 266497 61946     cutoff   65      3.2070e+07 2.3217e+07  27.6%   101 1910s
 267171 61993 infeasible   79      3.2070e+07 2.3218e+07  27.6%   101 1916s
 267628 61994 2.3811e+07   66   79 3.2070e+07 2.3219e+07  27.6%   102 1920s
 268122 61993 infeasible   63      3.2070e+07 2.3220e+07  27.6%   102 1925s
 268759 62032     cutoff   65      3.2070e+07 2.3222e+07  27.6%   102 1931s
 269287 62075 infeasible   57      3.2070e+07 2.3223e+07  27.6%   102 1936s
 269784 62113 2.3419e+07   62   48 3.2070e+07 2.3223e+07  27.6%   102 1940s
 270294 62157 2.3751e+07   70   20 3.2070e+07 2.3224e+07  27.6%   102 1945s
 270816 62200     cutoff   59      3.2070e+07 2.3225e+07  27.6%   102 1950s
 271547 62265     cutoff   74      3.2070e+07 2.3227e+07  27.6%   102 1956s
 272100 62322 2.3549e+07   74   26 3.2070e+07 2.3227e+07  27.6%   102 1961s
 272591 62329     cutoff   68      3.2070e+07 2.3229e+07  27.6%   102 1965s
 273067 62315 2.3577e+07   67   38 3.2070e+07 2.3230e+07  27.6%   102 1970s
 273756 62399 infeasible   72      3.2070e+07 2.3231e+07  27.6%   102 1976s
 274277 62428 infeasible   72      3.2070e+07 2.3232e+07  27.6%   102 1981s
 274764 62441     cutoff   53      3.2070e+07 2.3233e+07  27.6%   102 1986s
 275263 62511     cutoff   52      3.2070e+07 2.3233e+07  27.6%   102 1991s
 275816 62568     cutoff   54      3.2070e+07 2.3234e+07  27.6%   102 1995s
 276323 62598 2.7119e+07   61   78 3.2070e+07 2.3235e+07  27.5%   102 2000s
 276807 62619 infeasible   74      3.2070e+07 2.3236e+07  27.5%   102 2005s
 277342 62631 2.3256e+07   54   47 3.2070e+07 2.3237e+07  27.5%   102 2010s
 277854 62657     cutoff   69      3.2070e+07 2.3238e+07  27.5%   102 2015s
 278414 62687     cutoff   65      3.2070e+07 2.3239e+07  27.5%   102 2020s
 279060 62687     cutoff   55      3.2070e+07 2.3240e+07  27.5%   103 2026s
 279549 62707 infeasible   68      3.2070e+07 2.3241e+07  27.5%   103 2031s
 280018 62693     cutoff   64      3.2070e+07 2.3242e+07  27.5%   103 2035s
 280542 62711     cutoff   71      3.2070e+07 2.3243e+07  27.5%   103 2040s
 281025 62712     cutoff   74      3.2070e+07 2.3243e+07  27.5%   103 2045s
 281420 62678 2.3590e+07   72   97 3.2070e+07 2.3245e+07  27.5%   103 2050s
 282101 62721 2.3825e+07   72   85 3.2070e+07 2.3246e+07  27.5%   103 2056s
 282589 62708 2.3629e+07   61   47 3.2070e+07 2.3247e+07  27.5%   103 2060s
 283061 62718 infeasible   73      3.2070e+07 2.3248e+07  27.5%   103 2065s
 283570 62704 infeasible   61      3.2070e+07 2.3249e+07  27.5%   103 2070s
 284051 62694 infeasible   60      3.2070e+07 2.3250e+07  27.5%   103 2075s
 284709 62673     cutoff   80      3.2070e+07 2.3251e+07  27.5%   103 2081s
 285236 62687 infeasible   55      3.2070e+07 2.3252e+07  27.5%   103 2086s
 285713 62723     cutoff   75      3.2070e+07 2.3253e+07  27.5%   103 2090s
 286222 62748 2.4308e+07   67   71 3.2070e+07 2.3254e+07  27.5%   103 2095s
 286850 62768     cutoff   68      3.2070e+07 2.3255e+07  27.5%   103 2101s
 287333 62770 2.7409e+07   62   47 3.2070e+07 2.3256e+07  27.5%   103 2105s
 287843 62781 2.3380e+07   62   40 3.2070e+07 2.3256e+07  27.5%   103 2110s
 288438 62767 2.3699e+07   76   78 3.2070e+07 2.3258e+07  27.5%   103 2116s
 288944 62799 2.3259e+07   57   15 3.2070e+07 2.3259e+07  27.5%   104 2120s
 289619 62787 infeasible   63      3.2070e+07 2.3260e+07  27.5%   104 2126s
 290116 62793 infeasible   60      3.2070e+07 2.3261e+07  27.5%   104 2130s
 290785 62819 2.5875e+07   61   72 3.2070e+07 2.3262e+07  27.5%   104 2135s
 291380 62796 infeasible   66      3.2070e+07 2.3263e+07  27.5%   104 2141s
 291846 62748 infeasible   56      3.2070e+07 2.3264e+07  27.5%   104 2145s
 292478 62712 2.3796e+07   68   41 3.2070e+07 2.3265e+07  27.5%   104 2151s
 293005 62757     cutoff   80      3.2070e+07 2.3266e+07  27.5%   104 2155s
 293492 62765     cutoff   76      3.2070e+07 2.3267e+07  27.4%   104 2160s
 294166 62757     cutoff   59      3.2070e+07 2.3268e+07  27.4%   104 2166s
 294682 62807 2.3595e+07   66   68 3.2070e+07 2.3269e+07  27.4%   104 2171s
 295148 62807 2.3594e+07   58   27 3.2070e+07 2.3270e+07  27.4%   104 2175s
 295658 62841     cutoff   74      3.2070e+07 2.3271e+07  27.4%   104 2180s
 296302 62834     cutoff   55      3.2070e+07 2.3272e+07  27.4%   104 2186s
 296804 62849 2.3277e+07   53   46 3.2070e+07 2.3273e+07  27.4%   104 2190s
 297412 62867 infeasible   64      3.2070e+07 2.3274e+07  27.4%   104 2196s
 297899 62855     cutoff   62      3.2070e+07 2.3275e+07  27.4%   104 2200s
 298406 62834 2.6316e+07   52   40 3.2070e+07 2.3276e+07  27.4%   104 2205s
 299087 62842     cutoff   71      3.2070e+07 2.3277e+07  27.4%   104 2211s
 299524 62828     cutoff   58      3.2070e+07 2.3278e+07  27.4%   105 2215s
 300176 62858     cutoff   74      3.2070e+07 2.3279e+07  27.4%   105 2221s
 300599 62802     cutoff   63      3.2070e+07 2.3280e+07  27.4%   105 2225s
 301120 62780     cutoff   63      3.2070e+07 2.3282e+07  27.4%   105 2230s
 301752 62800 2.3397e+07   61   35 3.2070e+07 2.3283e+07  27.4%   105 2236s
 302221 62746 2.3854e+07   57  108 3.2070e+07 2.3284e+07  27.4%   105 2240s
 302663 62702     cutoff   69      3.2070e+07 2.3285e+07  27.4%   105 2245s
 303183 62718 2.3870e+07   68   56 3.2070e+07 2.3286e+07  27.4%   105 2250s
 303870 62726 infeasible   52      3.2070e+07 2.3287e+07  27.4%   105 2256s
 304380 62742 infeasible   58      3.2070e+07 2.3288e+07  27.4%   105 2260s
 304900 62762     cutoff   75      3.2070e+07 2.3288e+07  27.4%   105 2265s
 305492 62724     cutoff   74      3.2070e+07 2.3290e+07  27.4%   105 2271s
 305991 62734 2.4047e+07   57   68 3.2070e+07 2.3291e+07  27.4%   105 2275s
 306461 62716 2.3791e+07   66   11 3.2070e+07 2.3292e+07  27.4%   105 2280s
 307117 62724 infeasible   71      3.2070e+07 2.3293e+07  27.4%   105 2286s
 307451 62710 infeasible   62      3.2070e+07 2.3293e+07  27.4%   105 2290s
 307932 62711 infeasible   55      3.2070e+07 2.3294e+07  27.4%   105 2295s
 308522 62707 infeasible   57      3.2070e+07 2.3295e+07  27.4%   105 2300s
 309003 62704 2.3760e+07   73   68 3.2070e+07 2.3296e+07  27.4%   105 2305s
 309444 62655 2.3654e+07   80   28 3.2070e+07 2.3297e+07  27.4%   105 2310s
 309920 62637 infeasible   64      3.2070e+07 2.3298e+07  27.4%   105 2315s
 310413 62624 infeasible   60      3.2070e+07 2.3299e+07  27.3%   106 2321s
 310749 62622 infeasible   65      3.2070e+07 2.3300e+07  27.3%   106 2326s
 311058 62654 2.3619e+07   56   17 3.2070e+07 2.3300e+07  27.3%   106 2330s
 311452 62594 infeasible   54      3.2070e+07 2.3301e+07  27.3%   106 2336s
 311768 62561 infeasible   68      3.2070e+07 2.3302e+07  27.3%   106 2340s
 312259 62532 infeasible   59      3.2070e+07 2.3303e+07  27.3%   106 2345s
 312699 62495 infeasible   67      3.2070e+07 2.3304e+07  27.3%   106 2352s
 313049 62492 infeasible   74      3.2070e+07 2.3304e+07  27.3%   106 2356s
 313372 62511     cutoff   79      3.2070e+07 2.3305e+07  27.3%   106 2360s
 313694 62524 2.6768e+07   56   90 3.2070e+07 2.3306e+07  27.3%   106 2365s
 314194 62533     cutoff   59      3.2070e+07 2.3306e+07  27.3%   106 2372s
 314550 62566 2.3447e+07   59   60 3.2070e+07 2.3307e+07  27.3%   106 2376s
 314896 62592 2.4342e+07   65  116 3.2070e+07 2.3308e+07  27.3%   106 2380s
 315221 62581 infeasible   69      3.2070e+07 2.3308e+07  27.3%   106 2385s
 315818 62650 2.5131e+07   64   74 3.2070e+07 2.3309e+07  27.3%   106 2392s
 316144 62647 2.3842e+07   55   36 3.2070e+07 2.3310e+07  27.3%   106 2396s
 316539 62708     cutoff   48      3.2070e+07 2.3310e+07  27.3%   106 2400s
 317069 62721 2.4569e+07   65   84 3.2070e+07 2.3311e+07  27.3%   106 2406s
 317386 62727 2.5412e+07   69   36 3.2070e+07 2.3312e+07  27.3%   106 2410s
 317857 62733 infeasible   72      3.2070e+07 2.3313e+07  27.3%   106 2416s
 318156 62738 2.3737e+07   70   48 3.2070e+07 2.3313e+07  27.3%   106 2420s
 318690 62745     cutoff   51      3.2070e+07 2.3314e+07  27.3%   106 2426s
 318963 62715 2.4000e+07   72   87 3.2070e+07 2.3315e+07  27.3%   106 2430s
 319437 62707 2.4406e+07   67   96 3.2070e+07 2.3316e+07  27.3%   106 2436s
 319732 62671 2.4127e+07   73   59 3.2070e+07 2.3316e+07  27.3%   106 2440s
 320213 62637 2.3908e+07   63   26 3.2070e+07 2.3317e+07  27.3%   106 2446s
 320584 62673 2.3498e+07   62   64 3.2070e+07 2.3318e+07  27.3%   106 2450s
 321024 62661     cutoff   82      3.2070e+07 2.3319e+07  27.3%   106 2455s
 321487 62657     cutoff   74      3.2070e+07 2.3320e+07  27.3%   106 2461s
 321843 62665     cutoff   75      3.2070e+07 2.3321e+07  27.3%   106 2465s
 322289 62652 2.3540e+07   65   55 3.2070e+07 2.3322e+07  27.3%   106 2471s
 322677 62632 2.3738e+07   65   66 3.2070e+07 2.3322e+07  27.3%   107 2476s
 322987 62636     cutoff   58      3.2070e+07 2.3323e+07  27.3%   107 2480s
 323474 62621 infeasible   66      3.2070e+07 2.3324e+07  27.3%   107 2486s
 323795 62623     cutoff   63      3.2070e+07 2.3324e+07  27.3%   107 2490s
 324302 62643     cutoff   53      3.2070e+07 2.3325e+07  27.3%   107 2496s
 324758 62638 2.5073e+07   69   76 3.2070e+07 2.3326e+07  27.3%   107 2502s
 325072 62631 infeasible   61      3.2070e+07 2.3326e+07  27.3%   107 2506s
 325555 62611     cutoff   55      3.2070e+07 2.3327e+07  27.3%   107 2511s
 326029 62618 2.3719e+07   59  104 3.2070e+07 2.3328e+07  27.3%   107 2516s
 326382 62626 2.3580e+07   68   33 3.2070e+07 2.3329e+07  27.3%   107 2520s
 326859 62591 2.3805e+07   64   28 3.2070e+07 2.3330e+07  27.3%   107 2526s
 327178 62566     cutoff   62      3.2070e+07 2.3330e+07  27.3%   107 2530s
 327642 62566 2.3357e+07   53   40 3.2070e+07 2.3331e+07  27.2%   107 2535s
 328105 62539     cutoff   96      3.2070e+07 2.3332e+07  27.2%   107 2541s
 328570 62554 2.3892e+07   57   79 3.2070e+07 2.3333e+07  27.2%   107 2546s
 328892 62580 2.3868e+07   66   46 3.2070e+07 2.3333e+07  27.2%   107 2550s
 329388 62573     cutoff   55      3.2070e+07 2.3334e+07  27.2%   107 2556s
 329645 62535 2.3815e+07   73   36 3.2070e+07 2.3335e+07  27.2%   107 2560s
 330078 62528 infeasible   63      3.2070e+07 2.3336e+07  27.2%   107 2565s
 330588 62510 infeasible   63      3.2070e+07 2.3337e+07  27.2%   107 2571s
 330914 62494 2.3807e+07   63   33 3.2070e+07 2.3337e+07  27.2%   107 2575s
 331400 62480 infeasible   57      3.2070e+07 2.3338e+07  27.2%   107 2580s
 331859 62475 infeasible   60      3.2070e+07 2.3339e+07  27.2%   107 2586s
 332187 62491 2.5306e+07   69   81 3.2070e+07 2.3340e+07  27.2%   107 2590s
 332624 62456     cutoff   88      3.2070e+07 2.3341e+07  27.2%   107 2596s
 333065 62428 2.3813e+07   52   47 3.2070e+07 2.3341e+07  27.2%   107 2601s
 333381 62413 2.4055e+07   59   46 3.2070e+07 2.3342e+07  27.2%   107 2605s
 333799 62359 2.3554e+07   53   59 3.2070e+07 2.3343e+07  27.2%   107 2611s
 334300 62304     cutoff   72      3.2070e+07 2.3344e+07  27.2%   108 2616s
 334603 62266 2.3493e+07   61   24 3.2070e+07 2.3345e+07  27.2%   108 2620s
 335095 62242 2.5905e+07   73   47 3.2070e+07 2.3346e+07  27.2%   108 2626s
 335560 62223 infeasible   66      3.2070e+07 2.3347e+07  27.2%   108 2631s
 335918 62259 2.3446e+07   69   58 3.2070e+07 2.3347e+07  27.2%   108 2635s
 336390 62268 2.3386e+07   51   72 3.2070e+07 2.3348e+07  27.2%   108 2641s
 336701 62274 2.3594e+07   58   44 3.2070e+07 2.3349e+07  27.2%   108 2645s
 337172 62247 infeasible   86      3.2070e+07 2.3349e+07  27.2%   108 2651s
 337496 62199 2.4662e+07   62   49 3.2070e+07 2.3350e+07  27.2%   108 2655s
 337950 62187 2.3916e+07   57   61 3.2070e+07 2.3351e+07  27.2%   108 2660s
 338447 62193     cutoff   71      3.2070e+07 2.3352e+07  27.2%   108 2666s
 338786 62227     cutoff   63      3.2070e+07 2.3352e+07  27.2%   108 2670s
 339202 62191 infeasible   76      3.2070e+07 2.3353e+07  27.2%   108 2676s
 339534 62166 infeasible   61      3.2070e+07 2.3354e+07  27.2%   108 2681s
 339811 62141 2.3713e+07   54   75 3.2070e+07 2.3355e+07  27.2%   108 2685s
 340276 62147 infeasible   59      3.2070e+07 2.3356e+07  27.2%   108 2690s
 340738 62132 2.3356e+07   54   33 3.2070e+07 2.3356e+07  27.2%   108 2696s
 341059 62126     cutoff   58      3.2070e+07 2.3357e+07  27.2%   108 2700s
 341517 62120 2.3609e+07   70   38 3.2070e+07 2.3358e+07  27.2%   108 2706s
 341847 62095     cutoff   63      3.2070e+07 2.3358e+07  27.2%   108 2710s
 342395 62034 infeasible   66      3.2070e+07 2.3360e+07  27.2%   108 2716s
 342671 62018 2.3542e+07   66   49 3.2070e+07 2.3360e+07  27.2%   108 2720s
 343146 62014 2.3776e+07   68   85 3.2070e+07 2.3361e+07  27.2%   108 2726s
 343456 61980 infeasible   71      3.2070e+07 2.3362e+07  27.2%   108 2731s
 343812 62008     cutoff   87      3.2070e+07 2.3362e+07  27.2%   108 2735s
 344314 62009     cutoff   64      3.2070e+07 2.3363e+07  27.1%   108 2741s
 344639 61992 infeasible   65      3.2070e+07 2.3364e+07  27.1%   108 2745s
 345135 61975 2.4060e+07   52   49 3.2070e+07 2.3365e+07  27.1%   108 2751s
 345432 61961     cutoff   79      3.2070e+07 2.3365e+07  27.1%   108 2755s
 345863 61938 2.3502e+07   61   50 3.2070e+07 2.3366e+07  27.1%   108 2760s
 346349 61909 infeasible   61      3.2070e+07 2.3367e+07  27.1%   108 2766s
 346658 61890 2.3824e+07   95   73 3.2070e+07 2.3367e+07  27.1%   109 2770s
 347110 61835 2.3812e+07   68   28 3.2070e+07 2.3368e+07  27.1%   109 2776s
 347556 61792     cutoff   56      3.2070e+07 2.3369e+07  27.1%   109 2781s
 347865 61784     cutoff   72      3.2070e+07 2.3370e+07  27.1%   109 2785s
 348301 61727     cutoff   57      3.2070e+07 2.3371e+07  27.1%   109 2790s
 348601 61714 2.3691e+07   70   31 3.2070e+07 2.3371e+07  27.1%   109 2795s
 349213 61682     cutoff   60      3.2070e+07 2.3373e+07  27.1%   109 2801s
 349527 61649 infeasible   83      3.2070e+07 2.3373e+07  27.1%   109 2805s
 349959 61632 2.8277e+07   58   75 3.2070e+07 2.3374e+07  27.1%   109 2811s
 350288 61618 infeasible   56      3.2070e+07 2.3375e+07  27.1%   109 2815s
 350732 61552 2.3574e+07   59   46 3.2070e+07 2.3376e+07  27.1%   109 2820s
 351149 61509     cutoff   70      3.2070e+07 2.3377e+07  27.1%   109 2825s
 351618 61480     cutoff   73      3.2070e+07 2.3378e+07  27.1%   109 2831s
 351889 61458 2.4435e+07   60   63 3.2070e+07 2.3378e+07  27.1%   109 2835s
 352489 61445     cutoff   60      3.2070e+07 2.3379e+07  27.1%   109 2842s
 352787 61427 2.3457e+07   63   42 3.2070e+07 2.3380e+07  27.1%   109 2845s
 353089 61432     cutoff   65      3.2070e+07 2.3380e+07  27.1%   109 2850s
 353536 61403 infeasible   68      3.2070e+07 2.3381e+07  27.1%   109 2855s
 353950 61343 infeasible   69      3.2070e+07 2.3382e+07  27.1%   109 2860s
 354279 61330 2.3674e+07   64   37 3.2070e+07 2.3383e+07  27.1%   109 2865s
 354721 61301 2.3473e+07   70   55 3.2070e+07 2.3384e+07  27.1%   109 2870s
 355162 61252     cutoff   66      3.2070e+07 2.3385e+07  27.1%   109 2875s
 355621 61247     cutoff   56      3.2070e+07 2.3386e+07  27.1%   109 2881s
 356122 61256 2.3651e+07   66   51 3.2070e+07 2.3386e+07  27.1%   109 2886s
 356421 61213 2.3730e+07   72   62 3.2070e+07 2.3387e+07  27.1%   109 2890s
 356905 61180 infeasible   54      3.2070e+07 2.3388e+07  27.1%   109 2896s
 357158 61127 infeasible   69      3.2070e+07 2.3389e+07  27.1%   109 2900s
 357608 61101 2.3593e+07   68   59 3.2070e+07 2.3390e+07  27.1%   110 2905s
 358128 61134     cutoff   74      3.2070e+07 2.3390e+07  27.1%   110 2911s
 358448 61126 infeasible   58      3.2070e+07 2.3391e+07  27.1%   110 2915s
 358955 61119 infeasible   64      3.2070e+07 2.3392e+07  27.1%   110 2921s
 359218 61095     cutoff   58      3.2070e+07 2.3392e+07  27.1%   110 2925s
 359678 61079 infeasible   54      3.2070e+07 2.3393e+07  27.1%   110 2930s
 360126 61078 2.5822e+07   72   77 3.2070e+07 2.3394e+07  27.1%   110 2936s
 360491 61078     cutoff   68      3.2070e+07 2.3395e+07  27.1%   110 2940s
 360930 61045 2.3494e+07   54   55 3.2070e+07 2.3396e+07  27.0%   110 2945s
 361374 61003 infeasible   64      3.2070e+07 2.3396e+07  27.0%   110 2951s
 361618 60961 2.4365e+07   62   90 3.2070e+07 2.3397e+07  27.0%   110 2955s
 362162 60982 infeasible   70      3.2070e+07 2.3398e+07  27.0%   110 2960s
 362663 60960     cutoff   48      3.2070e+07 2.3399e+07  27.0%   110 2966s
 363015 60962 2.8421e+07   69   26 3.2070e+07 2.3399e+07  27.0%   110 2970s
 363434 60926     cutoff   74      3.2070e+07 2.3400e+07  27.0%   110 2976s
 363900 60929     cutoff   83      3.2070e+07 2.3401e+07  27.0%   110 2981s
 364232 60891     cutoff   79      3.2070e+07 2.3402e+07  27.0%   110 2985s
 364724 60875 2.3594e+07   67   70 3.2070e+07 2.3402e+07  27.0%   110 2990s
 365110 60829     cutoff   77      3.2070e+07 2.3403e+07  27.0%   110 2995s
 365654 60847     cutoff   65      3.2070e+07 2.3404e+07  27.0%   110 3001s
 365979 60845 2.3611e+07   70   59 3.2070e+07 2.3405e+07  27.0%   110 3005s
 366396 60799 2.3999e+07   60   37 3.2070e+07 2.3406e+07  27.0%   110 3010s
 366851 60774     cutoff   61      3.2070e+07 2.3406e+07  27.0%   110 3015s
 367391 60769 2.3762e+07   66   59 3.2070e+07 2.3407e+07  27.0%   110 3021s
 367723 60760     cutoff   59      3.2070e+07 2.3408e+07  27.0%   110 3025s
 368155 60718 2.4376e+07   62   97 3.2070e+07 2.3409e+07  27.0%   110 3031s
 368536 60735 2.6694e+07   70   61 3.2070e+07 2.3409e+07  27.0%   110 3035s
 369004 60690     cutoff   53      3.2070e+07 2.3410e+07  27.0%   110 3040s
 369495 60654 2.3652e+07   64   53 3.2070e+07 2.3411e+07  27.0%   110 3046s
 369756 60614 2.3429e+07   71   36 3.2070e+07 2.3412e+07  27.0%   110 3050s
 370091 60583 infeasible   66      3.2070e+07 2.3412e+07  27.0%   110 3055s
 370554 60585 2.3957e+07   49   32 3.2070e+07 2.3413e+07  27.0%   110 3060s
 371103 60522     cutoff   68      3.2070e+07 2.3414e+07  27.0%   110 3066s
 371410 60517     cutoff   56      3.2070e+07 2.3415e+07  27.0%   110 3070s
 371845 60474 2.3734e+07   63   90 3.2070e+07 2.3416e+07  27.0%   111 3076s
 372169 60486 infeasible   66      3.2070e+07 2.3416e+07  27.0%   111 3080s
 372683 60516 2.3629e+07   69   30 3.2070e+07 2.3417e+07  27.0%   111 3086s
 372992 60508     cutoff   69      3.2070e+07 2.3418e+07  27.0%   111 3090s
 373473 60500 2.6843e+07   74   46 3.2070e+07 2.3418e+07  27.0%   111 3096s
 373833 60505     cutoff   70      3.2070e+07 2.3419e+07  27.0%   111 3101s
 374128 60491     cutoff   71      3.2070e+07 2.3420e+07  27.0%   111 3105s
 374446 60460     cutoff   80      3.2070e+07 2.3420e+07  27.0%   111 3110s
 374896 60407 infeasible   65      3.2070e+07 2.3421e+07  27.0%   111 3115s
 375400 60411 2.4557e+07   58   78 3.2070e+07 2.3422e+07  27.0%   111 3121s
 375729 60403     cutoff   52      3.2070e+07 2.3423e+07  27.0%   111 3125s
 376192 60391     cutoff   67      3.2070e+07 2.3424e+07  27.0%   111 3131s
 376516 60357 infeasible   61      3.2070e+07 2.3424e+07  27.0%   111 3135s
 376915 60314 2.3628e+07   53   42 3.2070e+07 2.3425e+07  27.0%   111 3140s
 377330 60241 2.3426e+07   75   37 3.2070e+07 2.3426e+07  27.0%   111 3145s
 377799 60218 2.3622e+07   54   49 3.2070e+07 2.3427e+07  27.0%   111 3151s
 378119 60207 infeasible   62      3.2070e+07 2.3427e+07  26.9%   111 3155s
 378526 60122     cutoff   60      3.2070e+07 2.3428e+07  26.9%   111 3161s
 378958 60059 infeasible   69      3.2070e+07 2.3429e+07  26.9%   111 3166s
 379259 60024     cutoff   64      3.2070e+07 2.3429e+07  26.9%   111 3170s
 379707 59996 infeasible   73      3.2070e+07 2.3430e+07  26.9%   111 3176s
 380008 59950     cutoff   56      3.2070e+07 2.3431e+07  26.9%   111 3180s
 380576 59868 2.4122e+07   71   38 3.2070e+07 2.3432e+07  26.9%   111 3186s
 381011 59841 2.7775e+07   57   53 3.2070e+07 2.3433e+07  26.9%   111 3191s
 381300 59801 2.3807e+07   64   72 3.2070e+07 2.3434e+07  26.9%   111 3195s
 381737 59749 2.3692e+07   84   56 3.2070e+07 2.3434e+07  26.9%   111 3200s
 382027 59706     cutoff   63      3.2070e+07 2.3435e+07  26.9%   111 3205s
 382457 59666 2.3443e+07   61   53 3.2070e+07 2.3436e+07  26.9%   111 3210s
 382947 59658     cutoff   65      3.2070e+07 2.3437e+07  26.9%   111 3215s
 383383 59640 2.4701e+07   56   79 3.2070e+07 2.3438e+07  26.9%   111 3221s
 383843 59618 2.5617e+07   61   93 3.2070e+07 2.3439e+07  26.9%   111 3227s
 384169 59597 infeasible   63      3.2070e+07 2.3439e+07  26.9%   111 3230s
 384653 59568 2.3849e+07   57   29 3.2070e+07 2.3440e+07  26.9%   112 3236s
 384942 59547     cutoff   65      3.2070e+07 2.3441e+07  26.9%   112 3240s
 385342 59473 infeasible   65      3.2070e+07 2.3442e+07  26.9%   112 3245s
 385855 59446     cutoff   55      3.2070e+07 2.3443e+07  26.9%   112 3251s
 386116 59387 infeasible   68      3.2070e+07 2.3443e+07  26.9%   112 3255s
 386612 59337 2.8413e+07   53   26 3.2070e+07 2.3444e+07  26.9%   112 3260s
 387005 59288 2.3700e+07   60   55 3.2070e+07 2.3445e+07  26.9%   112 3265s
 387467 59256     cutoff   63      3.2070e+07 2.3446e+07  26.9%   112 3271s
 387789 59260 2.3650e+07   59   74 3.2070e+07 2.3447e+07  26.9%   112 3275s
 388228 59216 infeasible   77      3.2070e+07 2.3447e+07  26.9%   112 3280s
 388515 59189 infeasible   68      3.2070e+07 2.3448e+07  26.9%   112 3285s
 388904 59178     cutoff   67      3.2070e+07 2.3449e+07  26.9%   112 3290s
 389315 59148 2.4399e+07   70  107 3.2070e+07 2.3449e+07  26.9%   112 3296s
 389612 59132     cutoff   63      3.2070e+07 2.3450e+07  26.9%   112 3300s
 390061 59114 2.4015e+07   75   82 3.2070e+07 2.3451e+07  26.9%   112 3306s
 390363 59087     cutoff   95      3.2070e+07 2.3451e+07  26.9%   112 3310s
 390784 59032 2.3452e+07   75   51 3.2070e+07 2.3452e+07  26.9%   112 3315s
 391165 58981 infeasible   70      3.2070e+07 2.3453e+07  26.9%   112 3320s
 391560 58922     cutoff   57      3.2070e+07 2.3454e+07  26.9%   112 3325s
 392031 58920 2.3743e+07   57   68 3.2070e+07 2.3455e+07  26.9%   112 3331s
 392457 58871 2.3976e+07   63   74 3.2070e+07 2.3456e+07  26.9%   112 3336s
 392746 58852     cutoff   67      3.2070e+07 2.3456e+07  26.9%   112 3340s
 393156 58814     cutoff   65      3.2070e+07 2.3457e+07  26.9%   112 3345s
 393615 58792 infeasible   53      3.2070e+07 2.3458e+07  26.9%   112 3351s
 393914 58776 2.3461e+07   78   25 3.2070e+07 2.3459e+07  26.9%   112 3355s
 394376 58771 infeasible   66      3.2070e+07 2.3459e+07  26.8%   112 3361s
 394784 58737 2.3840e+07   65   70 3.2070e+07 2.3460e+07  26.8%   112 3365s
 395135 58670 2.3499e+07   65   15 3.2070e+07 2.3461e+07  26.8%   112 3371s
 395489 58592 2.8568e+07   63   20 3.2070e+07 2.3462e+07  26.8%   112 3376s
 395882 58555 2.4036e+07   66   78 3.2070e+07 2.3463e+07  26.8%   112 3380s
 396321 58495 2.3646e+07   61   53 3.2070e+07 2.3464e+07  26.8%   112 3386s
 396748 58411     cutoff   62      3.2070e+07 2.3465e+07  26.8%   112 3391s
 397039 58403     cutoff   61      3.2070e+07 2.3465e+07  26.8%   113 3395s
 397491 58353 2.3657e+07   55   26 3.2070e+07 2.3466e+07  26.8%   113 3400s
 397938 58318     cutoff   60      3.2070e+07 2.3467e+07  26.8%   113 3405s
 398307 58282     cutoff   55      3.2070e+07 2.3468e+07  26.8%   113 3410s
 398733 58261 2.3909e+07   57   34 3.2070e+07 2.3469e+07  26.8%   113 3415s
 399166 58195 infeasible   73      3.2070e+07 2.3470e+07  26.8%   113 3421s
 399554 58143 infeasible   60      3.2070e+07 2.3471e+07  26.8%   113 3427s
 399825 58159 2.4373e+07   61   45 3.2070e+07 2.3472e+07  26.8%   113 3430s
 400157 58150 infeasible   54      3.2070e+07 2.3472e+07  26.8%   113 3435s
 400620 58105 2.3745e+07   69   60 3.2070e+07 2.3473e+07  26.8%   113 3440s
 400999 58033     cutoff   51      3.2070e+07 2.3474e+07  26.8%   113 3446s
 401432 58006     cutoff   81      3.2070e+07 2.3475e+07  26.8%   113 3451s
 401798 57924     cutoff   58      3.2070e+07 2.3476e+07  26.8%   113 3456s
 402083 57905 2.6548e+07   65   98 3.2070e+07 2.3477e+07  26.8%   113 3460s
 402414 57909 infeasible   76      3.2070e+07 2.3477e+07  26.8%   113 3465s
 402903 57879 2.4194e+07   70   74 3.2070e+07 2.3478e+07  26.8%   113 3471s
 403297 57822 2.8486e+07   63   34 3.2070e+07 2.3479e+07  26.8%   113 3476s
 403659 57738     cutoff   79      3.2070e+07 2.3480e+07  26.8%   113 3481s
 404064 57673 infeasible   72      3.2070e+07 2.3481e+07  26.8%   113 3486s
 404449 57605 2.3770e+07   82   62 3.2070e+07 2.3482e+07  26.8%   113 3491s
 404855 57541 2.3762e+07   54   69 3.2070e+07 2.3483e+07  26.8%   113 3496s
 405173 57538 2.6450e+07   71   70 3.2070e+07 2.3484e+07  26.8%   113 3500s
 405627 57495     cutoff   59      3.2070e+07 2.3485e+07  26.8%   113 3506s
 406022 57441 2.3612e+07   53   35 3.2070e+07 2.3485e+07  26.8%   113 3511s
 406390 57356     cutoff   64      3.2070e+07 2.3486e+07  26.8%   113 3516s
 406671 57349 infeasible   55      3.2070e+07 2.3487e+07  26.8%   113 3520s
 407133 57310 infeasible   62      3.2070e+07 2.3488e+07  26.8%   113 3525s
 407530 57230     cutoff   64      3.2070e+07 2.3489e+07  26.8%   113 3530s
 407889 57143 2.3880e+07   63   73 3.2070e+07 2.3490e+07  26.8%   113 3535s
 408300 57073 infeasible   58      3.2070e+07 2.3491e+07  26.8%   113 3541s
 408604 57039 infeasible   76      3.2070e+07 2.3491e+07  26.8%   113 3545s
 408974 56977 2.6205e+07   62   49 3.2070e+07 2.3492e+07  26.7%   114 3550s
 409500 56990 infeasible   58      3.2070e+07 2.3493e+07  26.7%   114 3556s
 409821 56992 2.3497e+07   56   58 3.2070e+07 2.3493e+07  26.7%   114 3560s
 410178 56926     cutoff   73      3.2070e+07 2.3494e+07  26.7%   114 3565s
 410576 56843 infeasible   61      3.2070e+07 2.3495e+07  26.7%   114 3571s
 410966 56774     cutoff   72      3.2070e+07 2.3497e+07  26.7%   114 3575s
 411389 56693 infeasible   64      3.2070e+07 2.3497e+07  26.7%   114 3581s
 411737 56607 2.3502e+07   66   62 3.2070e+07 2.3498e+07  26.7%   114 3586s
 412158 56573     cutoff   71      3.2070e+07 2.3499e+07  26.7%   114 3591s
 412440 56547 2.3560e+07   76   40 3.2070e+07 2.3500e+07  26.7%   114 3595s
 412913 56490     cutoff   77      3.2070e+07 2.3501e+07  26.7%   114 3600s
 413331 56432 infeasible   72      3.2070e+07 2.3502e+07  26.7%   114 3606s
 413748 56349 infeasible   70      3.2070e+07 2.3503e+07  26.7%   114 3611s
 414167 56292 2.3575e+07   63   76 3.2070e+07 2.3504e+07  26.7%   114 3616s
 414612 56250 2.3519e+07   80   52 3.2070e+07 2.3505e+07  26.7%   114 3621s
 414968 56245 infeasible   59      3.2070e+07 2.3505e+07  26.7%   114 3626s
 415435 56215 infeasible   65      3.2070e+07 2.3506e+07  26.7%   114 3631s
 415710 56201     cutoff   50      3.2070e+07 2.3507e+07  26.7%   114 3635s
 416191 56167 infeasible   58      3.2070e+07 2.3508e+07  26.7%   114 3641s
 416581 56097 2.3597e+07   54   59 3.2070e+07 2.3509e+07  26.7%   114 3646s
 417027 56056 2.4799e+07   77   84 3.2070e+07 2.3510e+07  26.7%   114 3651s
 417417 56007 2.9046e+07   60   60 3.2070e+07 2.3511e+07  26.7%   114 3656s
 417784 55923 2.3517e+07   78   42 3.2070e+07 2.3512e+07  26.7%   114 3660s
 418192 55896     cutoff   78      3.2070e+07 2.3512e+07  26.7%   114 3665s
 418564 55837 infeasible   71      3.2070e+07 2.3513e+07  26.7%   114 3670s
 418965 55764     cutoff   64      3.2070e+07 2.3514e+07  26.7%   114 3675s
 419390 55717 2.3745e+07   75   56 3.2070e+07 2.3515e+07  26.7%   114 3680s
 419773 55657 infeasible   61      3.2070e+07 2.3516e+07  26.7%   114 3685s
 420150 55581 2.3526e+07   59   32 3.2070e+07 2.3517e+07  26.7%   114 3690s
 420659 55469 infeasible   58      3.2070e+07 2.3518e+07  26.7%   114 3696s
 421024 55376 2.3738e+07   60   55 3.2070e+07 2.3519e+07  26.7%   114 3701s
 421508 55351     cutoff   57      3.2070e+07 2.3520e+07  26.7%   114 3706s
 421881 55258 2.3557e+07   50   84 3.2070e+07 2.3521e+07  26.7%   115 3711s
 422151 55232     cutoff   58      3.2070e+07 2.3522e+07  26.7%   115 3715s
 422565 55174 infeasible   70      3.2070e+07 2.3523e+07  26.7%   115 3721s
 422994 55137 infeasible   61      3.2070e+07 2.3524e+07  26.6%   115 3726s
 423411 55078 2.4055e+07   68   56 3.2070e+07 2.3525e+07  26.6%   115 3731s
 423705 55038 infeasible   59      3.2070e+07 2.3525e+07  26.6%   115 3735s
 424089 54950     cutoff   53      3.2070e+07 2.3526e+07  26.6%   115 3740s
 424497 54893 2.3616e+07   58   40 3.2070e+07 2.3527e+07  26.6%   115 3745s
 424833 54814 infeasible   81      3.2070e+07 2.3528e+07  26.6%   115 3750s
 425296 54794 2.3631e+07   76   74 3.2070e+07 2.3529e+07  26.6%   115 3756s
 425710 54739 2.4177e+07   58   31 3.2070e+07 2.3530e+07  26.6%   115 3760s
 426152 54680     cutoff   64      3.2070e+07 2.3531e+07  26.6%   115 3766s
 426442 54674 infeasible   66      3.2070e+07 2.3532e+07  26.6%   115 3770s
 426937 54582 2.3758e+07   62   40 3.2070e+07 2.3533e+07  26.6%   115 3776s
 427198 54544 infeasible   76      3.2070e+07 2.3534e+07  26.6%   115 3780s
 427581 54465 2.3537e+07   73   70 3.2070e+07 2.3535e+07  26.6%   115 3785s
 428011 54425     cutoff   62      3.2070e+07 2.3536e+07  26.6%   115 3790s
 428397 54353 infeasible   65      3.2070e+07 2.3537e+07  26.6%   115 3795s
 428771 54262     cutoff   71      3.2070e+07 2.3538e+07  26.6%   115 3800s
 429103 54168 infeasible   69      3.2070e+07 2.3539e+07  26.6%   115 3805s
 429556 54150     cutoff   75      3.2070e+07 2.3540e+07  26.6%   115 3810s
 429927 54070 infeasible   61      3.2070e+07 2.3541e+07  26.6%   115 3815s
 430384 54017     cutoff   61      3.2070e+07 2.3542e+07  26.6%   115 3821s
 430818 53964 infeasible   76      3.2070e+07 2.3543e+07  26.6%   115 3826s
 431205 53911     cutoff   55      3.2070e+07 2.3544e+07  26.6%   115 3830s
 431585 53825 infeasible   70      3.2070e+07 2.3545e+07  26.6%   115 3836s
 432013 53781     cutoff   58      3.2070e+07 2.3546e+07  26.6%   115 3841s
 432259 53723 2.3739e+07   69   64 3.2070e+07 2.3547e+07  26.6%   115 3845s
 432730 53721 infeasible   72      3.2070e+07 2.3548e+07  26.6%   115 3850s
 433246 53624 2.4086e+07   67   70 3.2070e+07 2.3549e+07  26.6%   115 3856s
 433515 53584     cutoff   65      3.2070e+07 2.3550e+07  26.6%   115 3860s
 434037 53569     cutoff   75      3.2070e+07 2.3551e+07  26.6%   115 3865s
 434430 53523 2.3630e+07   67   85 3.2070e+07 2.3552e+07  26.6%   115 3870s
 434859 53475     cutoff   61      3.2070e+07 2.3552e+07  26.6%   115 3875s
 435206 53386 infeasible   65      3.2070e+07 2.3554e+07  26.6%   116 3880s
 435624 53343     cutoff   66      3.2070e+07 2.3554e+07  26.6%   116 3885s
 435969 53260     cutoff   57      3.2070e+07 2.3556e+07  26.5%   116 3890s
 436439 53190 2.3569e+07   63   81 3.2070e+07 2.3556e+07  26.5%   116 3896s
 436833 53128     cutoff   70      3.2070e+07 2.3557e+07  26.5%   116 3901s
 437158 53114 infeasible   60      3.2070e+07 2.3558e+07  26.5%   116 3905s
 437448 53077 infeasible   60      3.2070e+07 2.3558e+07  26.5%   116 3910s
 437985 52990 2.3648e+07   61   27 3.2070e+07 2.3560e+07  26.5%   116 3916s
 438269 52939 infeasible   60      3.2070e+07 2.3560e+07  26.5%   116 3920s
 438684 52906 2.3782e+07   73   53 3.2070e+07 2.3561e+07  26.5%   116 3925s
 439177 52795     cutoff   58      3.2070e+07 2.3563e+07  26.5%   116 3931s
 439564 52730 infeasible   70      3.2070e+07 2.3563e+07  26.5%   116 3936s
 439945 52647     cutoff   58      3.2070e+07 2.3564e+07  26.5%   116 3940s
 440363 52563 2.3837e+07   79   87 3.2070e+07 2.3565e+07  26.5%   116 3946s
 440752 52477     cutoff   55      3.2070e+07 2.3566e+07  26.5%   116 3951s
 441155 52414 infeasible   77      3.2070e+07 2.3567e+07  26.5%   116 3956s
 441536 52341 2.3584e+07   64   37 3.2070e+07 2.3569e+07  26.5%   116 3960s
 441986 52299 infeasible   56      3.2070e+07 2.3570e+07  26.5%   116 3966s
 442272 52258 infeasible   64      3.2070e+07 2.3570e+07  26.5%   116 3970s
 442718 52217     cutoff   67      3.2070e+07 2.3571e+07  26.5%   116 3976s
 443110 52178 2.4164e+07   76   83 3.2070e+07 2.3572e+07  26.5%   116 3981s
 443511 52109 infeasible   62      3.2070e+07 2.3573e+07  26.5%   116 3986s
 443858 52033     cutoff   57      3.2070e+07 2.3574e+07  26.5%   116 3990s
 444257 51975 2.3691e+07   78   86 3.2070e+07 2.3575e+07  26.5%   116 3995s
 444625 51914     cutoff   73      3.2070e+07 2.3576e+07  26.5%   116 4000s
 445045 51867     cutoff   69      3.2070e+07 2.3577e+07  26.5%   116 4005s
 445450 51779 infeasible   74      3.2070e+07 2.3578e+07  26.5%   116 4010s
 445880 51731     cutoff   80      3.2070e+07 2.3579e+07  26.5%   116 4016s
 446332 51671 infeasible   67      3.2070e+07 2.3580e+07  26.5%   116 4021s
 446588 51620 2.3741e+07   64   23 3.2070e+07 2.3581e+07  26.5%   116 4025s
 446978 51558 2.4466e+07   83   86 3.2070e+07 2.3582e+07  26.5%   116 4031s
 447331 51486 infeasible   62      3.2070e+07 2.3583e+07  26.5%   116 4035s
 447759 51429 infeasible   61      3.2070e+07 2.3584e+07  26.5%   116 4040s
 448145 51367 2.3646e+07   59   48 3.2070e+07 2.3585e+07  26.5%   116 4045s
 448525 51301 2.4680e+07   61   73 3.2070e+07 2.3586e+07  26.5%   117 4051s
 448934 51249 2.3642e+07   63   59 3.2070e+07 2.3587e+07  26.5%   117 4056s
 449224 51220 infeasible   61      3.2070e+07 2.3587e+07  26.5%   117 4060s
 449598 51126 2.6357e+07   78   79 3.2070e+07 2.3588e+07  26.4%   117 4065s
 449960 51042 2.4221e+07   67   95 3.2070e+07 2.3589e+07  26.4%   117 4071s
 450354 50970     cutoff   70      3.2070e+07 2.3590e+07  26.4%   117 4076s
 450736 50883     cutoff   61      3.2070e+07 2.3591e+07  26.4%   117 4081s
 451000 50830 2.4008e+07   75   79 3.2070e+07 2.3592e+07  26.4%   117 4085s
 451438 50804     cutoff   67      3.2070e+07 2.3592e+07  26.4%   117 4091s
 451779 50715 2.4415e+07   92   67 3.2070e+07 2.3593e+07  26.4%   117 4096s
 452230 50673 infeasible   82      3.2070e+07 2.3594e+07  26.4%   117 4101s
 452591 50593 infeasible   59      3.2070e+07 2.3595e+07  26.4%   117 4105s
 452967 50503 2.5108e+07   64   68 3.2070e+07 2.3596e+07  26.4%   117 4110s
 453308 50414     cutoff   65      3.2070e+07 2.3598e+07  26.4%   117 4115s
 453580 50359     cutoff   72      3.2070e+07 2.3598e+07  26.4%   117 4120s
 453938 50271 2.4524e+07   65   70 3.2070e+07 2.3599e+07  26.4%   117 4125s
 454330 50237     cutoff   62      3.2070e+07 2.3600e+07  26.4%   117 4130s
 454785 50140 2.3830e+07   68   42 3.2070e+07 2.3602e+07  26.4%   117 4135s
 455225 50119 2.3795e+07   71   56 3.2070e+07 2.3602e+07  26.4%   117 4141s
 455638 50077 2.3932e+07   52   41 3.2070e+07 2.3604e+07  26.4%   117 4146s
 455895 50027     cutoff   54      3.2070e+07 2.3604e+07  26.4%   117 4150s
 456237 49933 2.3837e+07   64   37 3.2070e+07 2.3605e+07  26.4%   117 4155s
 456576 49860 2.3945e+07   59   57 3.2070e+07 2.3606e+07  26.4%   117 4160s
 456970 49814     cutoff   63      3.2070e+07 2.3607e+07  26.4%   117 4165s
 457324 49753 2.5556e+07   61   89 3.2070e+07 2.3608e+07  26.4%   117 4170s
 457709 49662     cutoff   81      3.2070e+07 2.3609e+07  26.4%   117 4175s
 458086 49594 2.3828e+07   64   42 3.2070e+07 2.3610e+07  26.4%   117 4180s
 458497 49543 2.4175e+07   67   50 3.2070e+07 2.3611e+07  26.4%   117 4185s
 458872 49462 infeasible   65      3.2070e+07 2.3612e+07  26.4%   117 4190s
 459248 49388     cutoff   63      3.2070e+07 2.3613e+07  26.4%   117 4195s
 459633 49312     cutoff   51      3.2070e+07 2.3614e+07  26.4%   117 4200s
 460035 49239     cutoff   68      3.2070e+07 2.3615e+07  26.4%   117 4205s
 460456 49167 infeasible   67      3.2070e+07 2.3617e+07  26.4%   117 4211s
 460732 49149     cutoff   64      3.2070e+07 2.3617e+07  26.4%   117 4215s
 461129 49060 infeasible   85      3.2070e+07 2.3618e+07  26.4%   118 4221s
 461492 48979 infeasible   78      3.2070e+07 2.3619e+07  26.4%   118 4225s
 461838 48905     cutoff   74      3.2070e+07 2.3620e+07  26.3%   118 4230s
 462095 48858 infeasible   63      3.2070e+07 2.3621e+07  26.3%   118 4235s
 462340 48801 infeasible   73      3.2070e+07 2.3621e+07  26.3%   118 4240s
 462918 48735 2.9407e+07   73   59 3.2070e+07 2.3623e+07  26.3%   118 4246s
 463142 48678 infeasible   69      3.2070e+07 2.3623e+07  26.3%   118 4250s
 463505 48597 infeasible   69      3.2070e+07 2.3624e+07  26.3%   118 4255s
 463991 48493 2.3942e+07   76   81 3.2070e+07 2.3625e+07  26.3%   118 4260s
 464336 48414 infeasible   61      3.2070e+07 2.3626e+07  26.3%   118 4266s
 464741 48351 infeasible   59      3.2070e+07 2.3627e+07  26.3%   118 4270s
 465125 48237 2.3679e+07   60   58 3.2070e+07 2.3629e+07  26.3%   118 4276s
 465500 48143     cutoff   61      3.2070e+07 2.3630e+07  26.3%   118 4281s
 465782 48117 2.3638e+07   66   57 3.2070e+07 2.3631e+07  26.3%   118 4285s
 466189 48060 infeasible   67      3.2070e+07 2.3631e+07  26.3%   118 4290s
 466650 47937 infeasible   59      3.2070e+07 2.3633e+07  26.3%   118 4296s
 466871 47874 infeasible   58      3.2070e+07 2.3633e+07  26.3%   118 4300s
 467256 47803 infeasible   65      3.2070e+07 2.3634e+07  26.3%   118 4305s
 467535 47691     cutoff   69      3.2070e+07 2.3635e+07  26.3%   118 4310s
 467878 47604     cutoff   63      3.2070e+07 2.3637e+07  26.3%   118 4315s
 468307 47476 2.3655e+07   64   57 3.2070e+07 2.3638e+07  26.3%   118 4321s
 468590 47452 2.3648e+07   57   54 3.2070e+07 2.3639e+07  26.3%   118 4325s
 469017 47379     cutoff   66      3.2070e+07 2.3640e+07  26.3%   118 4330s
 469462 47247 2.3921e+07   76   35 3.2070e+07 2.3641e+07  26.3%   118 4336s
 469712 47189 infeasible   74      3.2070e+07 2.3642e+07  26.3%   118 4340s
 470219 47096 2.3850e+07   66   29 3.2070e+07 2.3643e+07  26.3%   118 4346s
 470477 47034 2.3655e+07   86   54 3.2070e+07 2.3644e+07  26.3%   118 4350s
 470937 46995     cutoff   62      3.2070e+07 2.3645e+07  26.3%   118 4356s
 471212 46938 2.7166e+07   79   56 3.2070e+07 2.3646e+07  26.3%   118 4360s
 471653 46886 infeasible   75      3.2070e+07 2.3647e+07  26.3%   118 4366s
 472054 46828 2.4159e+07   59   56 3.2070e+07 2.3648e+07  26.3%   118 4371s
 472325 46788     cutoff   63      3.2070e+07 2.3648e+07  26.3%   118 4375s
 472716 46708 infeasible   67      3.2070e+07 2.3649e+07  26.3%   118 4380s
 473132 46573     cutoff   65      3.2070e+07 2.3651e+07  26.3%   118 4385s
 473597 46444     cutoff   69      3.2070e+07 2.3652e+07  26.2%   118 4391s
 473821 46390     cutoff   70      3.2070e+07 2.3653e+07  26.2%   118 4395s
 474217 46313 infeasible   52      3.2070e+07 2.3654e+07  26.2%   119 4400s
 474585 46230     cutoff   59      3.2070e+07 2.3655e+07  26.2%   119 4405s
 474947 46155     cutoff   60      3.2070e+07 2.3656e+07  26.2%   119 4410s
 475384 46041 2.4541e+07   69   64 3.2070e+07 2.3657e+07  26.2%   119 4415s
 475672 46010     cutoff   65      3.2070e+07 2.3658e+07  26.2%   119 4420s
 476074 45927 2.8871e+07   57   44 3.2070e+07 2.3659e+07  26.2%   119 4425s
 476418 45858 2.8485e+07   57   31 3.2070e+07 2.3660e+07  26.2%   119 4430s
 476643 45805     cutoff   58      3.2070e+07 2.3660e+07  26.2%   119 4435s
 477070 45694     cutoff   65      3.2070e+07 2.3661e+07  26.2%   119 4441s
 477448 45622 infeasible   65      3.2070e+07 2.3663e+07  26.2%   119 4446s
 477804 45551 2.3780e+07   64   23 3.2070e+07 2.3664e+07  26.2%   119 4450s
 478140 45488 infeasible   59      3.2070e+07 2.3665e+07  26.2%   119 4456s
 478525 45421 infeasible   74      3.2070e+07 2.3665e+07  26.2%   119 4460s
 478848 45337 2.4994e+07   60   36 3.2070e+07 2.3667e+07  26.2%   119 4466s
 479241 45268 infeasible   84      3.2070e+07 2.3668e+07  26.2%   119 4471s
 479572 45252 infeasible   68      3.2070e+07 2.3668e+07  26.2%   119 4475s
 479889 45163     cutoff   66      3.2070e+07 2.3669e+07  26.2%   119 4480s
 480265 45073     cutoff   82      3.2070e+07 2.3670e+07  26.2%   119 4486s
 480541 45050     cutoff   57      3.2070e+07 2.3671e+07  26.2%   119 4490s
 481013 44937 infeasible   72      3.2070e+07 2.3672e+07  26.2%   119 4496s
 481368 44864     cutoff   61      3.2070e+07 2.3673e+07  26.2%   119 4500s
 481732 44770 infeasible   64      3.2070e+07 2.3674e+07  26.2%   119 4506s
 481936 44699 infeasible   71      3.2070e+07 2.3675e+07  26.2%   119 4510s
 482214 44662     cutoff   78      3.2070e+07 2.3676e+07  26.2%   119 4515s
 482548 44563 infeasible   63      3.2070e+07 2.3677e+07  26.2%   119 4520s
 482975 44443 infeasible   60      3.2070e+07 2.3678e+07  26.2%   119 4526s
 483273 44426 infeasible   70      3.2070e+07 2.3679e+07  26.2%   119 4530s
 483657 44334     cutoff   64      3.2070e+07 2.3680e+07  26.2%   119 4535s
 483983 44253     cutoff   66      3.2070e+07 2.3681e+07  26.2%   119 4540s
 484360 44194 2.4012e+07   73   31 3.2070e+07 2.3682e+07  26.2%   119 4545s
 484753 44138     cutoff   65      3.2070e+07 2.3684e+07  26.2%   119 4552s
 485065 44120 infeasible   52      3.2070e+07 2.3684e+07  26.1%   119 4556s
 485257 44054 infeasible   59      3.2070e+07 2.3685e+07  26.1%   119 4560s
 485653 43984 infeasible   56      3.2070e+07 2.3686e+07  26.1%   119 4565s
 485946 43880 2.3862e+07   57   29 3.2070e+07 2.3687e+07  26.1%   119 4571s
 486280 43798     cutoff   59      3.2070e+07 2.3688e+07  26.1%   120 4576s
 486591 43702 infeasible   69      3.2070e+07 2.3689e+07  26.1%   120 4581s
 486805 43652     cutoff   63      3.2070e+07 2.3690e+07  26.1%   120 4585s
 487156 43569 infeasible   74      3.2070e+07 2.3691e+07  26.1%   120 4590s
 487476 43491 infeasible   83      3.2070e+07 2.3692e+07  26.1%   120 4595s
 487852 43432 2.3822e+07   68   55 3.2070e+07 2.3693e+07  26.1%   120 4600s
 488325 43311 2.3696e+07   58   97 3.2070e+07 2.3695e+07  26.1%   120 4606s
 488639 43208 2.3720e+07   62   59 3.2070e+07 2.3696e+07  26.1%   120 4610s
 489151 43118 infeasible   63      3.2070e+07 2.3697e+07  26.1%   120 4616s
 489393 43056 infeasible   68      3.2070e+07 2.3698e+07  26.1%   120 4620s
 489769 42971 2.4466e+07   56  105 3.2070e+07 2.3699e+07  26.1%   120 4625s
 490082 42876 infeasible   64      3.2070e+07 2.3700e+07  26.1%   120 4630s
 490558 42840     cutoff   63      3.2070e+07 2.3701e+07  26.1%   120 4636s
 490807 42819     cutoff   64      3.2070e+07 2.3702e+07  26.1%   120 4640s
 491234 42759     cutoff   55      3.2070e+07 2.3703e+07  26.1%   120 4645s
 491654 42613 infeasible   60      3.2070e+07 2.3705e+07  26.1%   120 4651s
 491939 42573 infeasible   75      3.2070e+07 2.3705e+07  26.1%   120 4655s
 492341 42497     cutoff   61      3.2070e+07 2.3706e+07  26.1%   120 4660s
 492700 42412     cutoff   73      3.2070e+07 2.3707e+07  26.1%   120 4665s
 493043 42321     cutoff   70      3.2070e+07 2.3709e+07  26.1%   120 4670s
 493367 42243 2.3891e+07   75  123 3.2070e+07 2.3710e+07  26.1%   120 4676s
 493704 42145     cutoff   65      3.2070e+07 2.3711e+07  26.1%   120 4680s
 493969 42033     cutoff   86      3.2070e+07 2.3712e+07  26.1%   120 4685s
 494390 41907 2.4108e+07   68   32 3.2070e+07 2.3713e+07  26.1%   120 4691s
 494688 41850     cutoff   73      3.2070e+07 2.3714e+07  26.1%   120 4695s
 495140 41725 infeasible   80      3.2070e+07 2.3716e+07  26.1%   120 4700s
 495530 41637 2.4036e+07   56   76 3.2070e+07 2.3717e+07  26.0%   120 4706s
 495892 41554     cutoff   66      3.2070e+07 2.3718e+07  26.0%   120 4711s
 496228 41445 infeasible   66      3.2070e+07 2.3719e+07  26.0%   120 4716s
 496625 41368     cutoff   71      3.2070e+07 2.3720e+07  26.0%   120 4721s
 496914 41318 infeasible   73      3.2070e+07 2.3721e+07  26.0%   120 4725s
 497282 41171     cutoff   70      3.2070e+07 2.3723e+07  26.0%   120 4731s
 497643 41093 2.4132e+07   68   88 3.2070e+07 2.3724e+07  26.0%   120 4736s
 497829 41025     cutoff   71      3.2070e+07 2.3725e+07  26.0%   120 4740s
 498275 40912     cutoff   61      3.2070e+07 2.3726e+07  26.0%   121 4746s
 498675 40863     cutoff   61      3.2070e+07 2.3728e+07  26.0%   121 4751s
 499048 40774     cutoff   68      3.2070e+07 2.3729e+07  26.0%   121 4756s
 499287 40730     cutoff   74      3.2070e+07 2.3729e+07  26.0%   121 4760s
 499766 40608 2.3802e+07   72   29 3.2070e+07 2.3731e+07  26.0%   121 4765s
 500112 40524 2.4239e+07   54   31 3.2070e+07 2.3732e+07  26.0%   121 4770s
 500445 40440 2.5773e+07   70   82 3.2070e+07 2.3733e+07  26.0%   121 4775s
 500856 40333     cutoff   59      3.2070e+07 2.3735e+07  26.0%   121 4781s
 501206 40238 2.6524e+07   63   93 3.2070e+07 2.3736e+07  26.0%   121 4785s
 501623 40126     cutoff   56      3.2070e+07 2.3738e+07  26.0%   121 4791s
 501987 40055 2.3995e+07   60   65 3.2070e+07 2.3739e+07  26.0%   121 4795s
 502380 40025 2.4048e+07   72   42 3.2070e+07 2.3740e+07  26.0%   121 4800s
 502821 39910 2.4053e+07   58   76 3.2070e+07 2.3741e+07  26.0%   121 4806s
 503083 39849     cutoff   72      3.2070e+07 2.3742e+07  26.0%   121 4810s
 503556 39748 2.3916e+07   64   45 3.2070e+07 2.3744e+07  26.0%   121 4816s
 503838 39709     cutoff   58      3.2070e+07 2.3744e+07  26.0%   121 4820s
 504181 39624 2.3985e+07   65   69 3.2070e+07 2.3745e+07  26.0%   121 4825s
 504512 39532     cutoff   64      3.2070e+07 2.3746e+07  26.0%   121 4831s
 504909 39479 2.3887e+07   70   80 3.2070e+07 2.3748e+07  25.9%   121 4835s
 505217 39386 2.3755e+07   69   60 3.2070e+07 2.3749e+07  25.9%   121 4840s
 505643 39242 infeasible   75      3.2070e+07 2.3751e+07  25.9%   121 4846s
 505977 39137 2.3866e+07   70   65 3.2070e+07 2.3752e+07  25.9%   121 4850s
 506266 39032 infeasible   67      3.2070e+07 2.3753e+07  25.9%   121 4855s
 506654 38905     cutoff   69      3.2070e+07 2.3754e+07  25.9%   121 4860s
 506924 38791 infeasible   59      3.2070e+07 2.3755e+07  25.9%   121 4865s
 507369 38668     cutoff   80      3.2070e+07 2.3757e+07  25.9%   121 4871s
 507687 38572     cutoff   52      3.2070e+07 2.3758e+07  25.9%   121 4875s
 508005 38480 2.3958e+07   79   61 3.2070e+07 2.3759e+07  25.9%   121 4880s
 508365 38376 2.4665e+07   87  115 3.2070e+07 2.3761e+07  25.9%   121 4885s
 508721 38299 infeasible   67      3.2070e+07 2.3762e+07  25.9%   121 4890s
 509121 38164     cutoff   67      3.2070e+07 2.3764e+07  25.9%   121 4895s
 509600 38041 infeasible   80      3.2070e+07 2.3765e+07  25.9%   121 4901s
 509934 37937 infeasible   62      3.2070e+07 2.3766e+07  25.9%   121 4906s
 510204 37888 2.3846e+07   61   38 3.2070e+07 2.3767e+07  25.9%   122 4910s
 510576 37809 infeasible   64      3.2070e+07 2.3768e+07  25.9%   122 4915s
 510900 37740     cutoff   58      3.2070e+07 2.3769e+07  25.9%   122 4920s
 511217 37657 infeasible   81      3.2070e+07 2.3771e+07  25.9%   122 4925s
 511590 37576 infeasible   55      3.2070e+07 2.3772e+07  25.9%   122 4930s
 512013 37527     cutoff   55      3.2070e+07 2.3773e+07  25.9%   122 4935s
 512346 37421 infeasible   55      3.2070e+07 2.3774e+07  25.9%   122 4940s
 512771 37287 infeasible   69      3.2070e+07 2.3776e+07  25.9%   122 4946s
 513070 37185     cutoff   59      3.2070e+07 2.3777e+07  25.9%   122 4951s
 513395 37090     cutoff   75      3.2070e+07 2.3778e+07  25.9%   122 4955s
 513726 37009     cutoff   68      3.2070e+07 2.3779e+07  25.9%   122 4960s
 514036 36908 2.3917e+07   69   21 3.2070e+07 2.3780e+07  25.8%   122 4965s
 514423 36756 infeasible   67      3.2070e+07 2.3782e+07  25.8%   122 4970s
 514681 36632     cutoff   69      3.2070e+07 2.3783e+07  25.8%   122 4975s
 515122 36506 2.7391e+07   56   70 3.2070e+07 2.3785e+07  25.8%   122 4981s
 515464 36405 infeasible   68      3.2070e+07 2.3786e+07  25.8%   122 4985s
 515766 36303     cutoff   64      3.2070e+07 2.3788e+07  25.8%   122 4990s
 516154 36173 2.3979e+07   70   32 3.2070e+07 2.3789e+07  25.8%   122 4995s
 516561 36094     cutoff   71      3.2070e+07 2.3791e+07  25.8%   122 5002s
 516802 36034     cutoff   72      3.2070e+07 2.3792e+07  25.8%   122 5005s
 517233 35940 infeasible   90      3.2070e+07 2.3794e+07  25.8%   122 5011s
 517620 35866     cutoff   76      3.2070e+07 2.3795e+07  25.8%   122 5016s
 517881 35813 2.5254e+07   69   56 3.2070e+07 2.3796e+07  25.8%   122 5020s
 518303 35738     cutoff   79      3.2070e+07 2.3797e+07  25.8%   122 5025s
 518601 35634     cutoff   63      3.2070e+07 2.3798e+07  25.8%   122 5030s
 518930 35528     cutoff   60      3.2070e+07 2.3800e+07  25.8%   122 5035s
 519399 35398 infeasible   54      3.2070e+07 2.3802e+07  25.8%   122 5041s
 519689 35290     cutoff   67      3.2070e+07 2.3803e+07  25.8%   122 5045s
 519951 35169     cutoff   64      3.2070e+07 2.3804e+07  25.8%   122 5050s
 520282 35077     cutoff   60      3.2070e+07 2.3806e+07  25.8%   122 5055s
 520631 34986 infeasible   82      3.2070e+07 2.3807e+07  25.8%   122 5061s
 520958 34903     cutoff   63      3.2070e+07 2.3808e+07  25.8%   122 5066s
 521268 34797 infeasible   73      3.2070e+07 2.3810e+07  25.8%   122 5070s
 521612 34701 2.4375e+07   62  104 3.2070e+07 2.3811e+07  25.8%   122 5075s
 521987 34559     cutoff   51      3.2070e+07 2.3813e+07  25.7%   122 5080s
 522325 34474 2.4142e+07   63   60 3.2070e+07 2.3814e+07  25.7%   122 5085s
 522700 34331     cutoff   67      3.2070e+07 2.3816e+07  25.7%   123 5090s
 523015 34242 infeasible   63      3.2070e+07 2.3817e+07  25.7%   123 5095s
 523401 34095     cutoff   59      3.2070e+07 2.3819e+07  25.7%   123 5100s
 523765 33946     cutoff   65      3.2070e+07 2.3821e+07  25.7%   123 5106s
 524081 33853 2.4872e+07   69   75 3.2070e+07 2.3822e+07  25.7%   123 5110s
 524357 33739 infeasible   76      3.2070e+07 2.3824e+07  25.7%   123 5115s
 524727 33585 infeasible   66      3.2070e+07 2.3826e+07  25.7%   123 5120s
 525121 33444     cutoff   64      3.2070e+07 2.3827e+07  25.7%   123 5126s
 525465 33346 2.3940e+07   59   59 3.2070e+07 2.3829e+07  25.7%   123 5131s
 525777 33248 infeasible   69      3.2070e+07 2.3830e+07  25.7%   123 5136s
 526118 33100 infeasible   64      3.2070e+07 2.3832e+07  25.7%   123 5141s
 526372 32994 infeasible   75      3.2070e+07 2.3834e+07  25.7%   123 5145s
 526699 32911 infeasible   49      3.2070e+07 2.3835e+07  25.7%   123 5150s
 527181 32794 2.3840e+07   71   85 3.2070e+07 2.3837e+07  25.7%   123 5156s
 527483 32709 infeasible   59      3.2070e+07 2.3838e+07  25.7%   123 5160s
 527882 32619 infeasible   74      3.2070e+07 2.3840e+07  25.7%   123 5165s
 528235 32526     cutoff   63      3.2070e+07 2.3841e+07  25.7%   123 5170s
 528554 32432 infeasible   68      3.2070e+07 2.3842e+07  25.7%   123 5175s
 528971 32315 infeasible   70      3.2070e+07 2.3844e+07  25.6%   123 5180s
 529274 32233     cutoff   57      3.2070e+07 2.3846e+07  25.6%   123 5185s
 529603 32075     cutoff   70      3.2070e+07 2.3848e+07  25.6%   123 5190s
 529935 31975     cutoff   64      3.2070e+07 2.3850e+07  25.6%   123 5195s
 530273 31891     cutoff   74      3.2070e+07 2.3851e+07  25.6%   123 5200s
 530681 31754 infeasible   64      3.2070e+07 2.3853e+07  25.6%   123 5205s
 530983 31646 infeasible   58      3.2070e+07 2.3855e+07  25.6%   123 5210s
 531324 31556 2.3856e+07   70   70 3.2070e+07 2.3856e+07  25.6%   123 5215s
 531753 31430 2.4037e+07   67   43 3.2070e+07 2.3859e+07  25.6%   123 5221s
 532047 31320     cutoff   76      3.2070e+07 2.3860e+07  25.6%   123 5225s
 532438 31182 infeasible   55      3.2070e+07 2.3862e+07  25.6%   123 5231s
 532717 31067 infeasible   66      3.2070e+07 2.3864e+07  25.6%   123 5235s
 533134 30926 infeasible   53      3.2070e+07 2.3866e+07  25.6%   123 5241s
 533496 30782     cutoff   64      3.2070e+07 2.3868e+07  25.6%   123 5246s
 533829 30688 2.4684e+07   68   59 3.2070e+07 2.3869e+07  25.6%   123 5251s
 534163 30615     cutoff   81      3.2070e+07 2.3871e+07  25.6%   124 5255s
 534575 30504     cutoff   65      3.2070e+07 2.3873e+07  25.6%   124 5260s
 534862 30392     cutoff   67      3.2070e+07 2.3874e+07  25.6%   124 5265s
 535193 30299 2.4114e+07   75   43 3.2070e+07 2.3876e+07  25.5%   124 5270s
 535582 30151 infeasible   61      3.2070e+07 2.3878e+07  25.5%   124 5275s
 535871 30043 infeasible   79      3.2070e+07 2.3880e+07  25.5%   124 5280s
 536237 29951 infeasible   57      3.2070e+07 2.3881e+07  25.5%   124 5285s
 536573 29798     cutoff   66      3.2070e+07 2.3883e+07  25.5%   124 5290s
 536916 29642     cutoff   58      3.2070e+07 2.3886e+07  25.5%   124 5295s
 537305 29500     cutoff   72      3.2070e+07 2.3888e+07  25.5%   124 5301s
 537621 29406 2.4295e+07   77   70 3.2070e+07 2.3889e+07  25.5%   124 5305s
 537949 29276     cutoff   66      3.2070e+07 2.3892e+07  25.5%   124 5310s
 538281 29127 infeasible   86      3.2070e+07 2.3894e+07  25.5%   124 5315s
 538632 28992 2.7439e+07   66   38 3.2070e+07 2.3896e+07  25.5%   124 5320s
 539044 28866     cutoff   74      3.2070e+07 2.3898e+07  25.5%   124 5326s
 539309 28761     cutoff   61      3.2070e+07 2.3900e+07  25.5%   124 5330s
 539688 28623 2.9729e+07   69   54 3.2070e+07 2.3902e+07  25.5%   124 5336s
 540001 28469 infeasible   61      3.2070e+07 2.3904e+07  25.5%   124 5340s
 540340 28313     cutoff   72      3.2070e+07 2.3906e+07  25.5%   124 5345s
 540726 28162 2.4498e+07   69   96 3.2070e+07 2.3908e+07  25.4%   124 5350s
 541021 28048 infeasible   68      3.2070e+07 2.3910e+07  25.4%   124 5355s
 541451 27931 infeasible   74      3.2070e+07 2.3912e+07  25.4%   124 5360s
 541787 27839     cutoff   73      3.2070e+07 2.3914e+07  25.4%   124 5365s
 542277 27670 infeasible   57      3.2070e+07 2.3917e+07  25.4%   124 5371s
 542562 27573     cutoff   79      3.2070e+07 2.3919e+07  25.4%   124 5376s
 542814 27524 2.4019e+07   56   37 3.2070e+07 2.3920e+07  25.4%   124 5380s
 543199 27377 infeasible   58      3.2070e+07 2.3923e+07  25.4%   124 5385s
 543558 27231 infeasible   66      3.2070e+07 2.3925e+07  25.4%   124 5390s
 543898 27145 infeasible   70      3.2070e+07 2.3927e+07  25.4%   124 5395s
 544189 27034 infeasible   74      3.2070e+07 2.3929e+07  25.4%   124 5400s
 544582 26897 infeasible   57      3.2070e+07 2.3931e+07  25.4%   124 5405s
 545029 26722     cutoff   58      3.2070e+07 2.3934e+07  25.4%   124 5410s
 545388 26575     cutoff   68      3.2070e+07 2.3937e+07  25.4%   124 5416s
 545731 26467 infeasible   72      3.2070e+07 2.3939e+07  25.4%   125 5421s
 546003 26357 2.3965e+07   80   47 3.2070e+07 2.3941e+07  25.3%   125 5425s
 546365 26216 infeasible   67      3.2070e+07 2.3943e+07  25.3%   125 5431s
 546666 26111     cutoff   63      3.2070e+07 2.3945e+07  25.3%   125 5435s
 547118 25976 infeasible   65      3.2070e+07 2.3948e+07  25.3%   125 5440s
 547418 25858 infeasible   71      3.2070e+07 2.3950e+07  25.3%   125 5445s
 547757 25705     cutoff   84      3.2070e+07 2.3953e+07  25.3%   125 5450s
 548157 25561     cutoff   76      3.2070e+07 2.3955e+07  25.3%   125 5455s
 548506 25466     cutoff   77      3.2070e+07 2.3957e+07  25.3%   125 5460s
 548884 25317 2.4198e+07   69   54 3.2070e+07 2.3960e+07  25.3%   125 5465s
 549192 25199 infeasible   69      3.2070e+07 2.3962e+07  25.3%   125 5470s
 549524 25044 infeasible   72      3.2070e+07 2.3965e+07  25.3%   125 5475s
 549916 24846 2.4982e+07   69   45 3.2070e+07 2.3968e+07  25.3%   125 5480s
 550271 24685 2.8850e+07   65   70 3.2070e+07 2.3971e+07  25.3%   125 5486s
 550591 24529 2.4183e+07   64   66 3.2070e+07 2.3974e+07  25.2%   125 5491s
 550862 24412     cutoff   71      3.2070e+07 2.3976e+07  25.2%   125 5495s
 551232 24209 infeasible   67      3.2070e+07 2.3980e+07  25.2%   125 5500s
 551599 24055 infeasible   48      3.2070e+07 2.3983e+07  25.2%   125 5505s
 551973 23911 2.4134e+07   72   79 3.2070e+07 2.3986e+07  25.2%   125 5510s
 552282 23797 infeasible   63      3.2070e+07 2.3987e+07  25.2%   125 5515s
 552673 23652     cutoff   66      3.2070e+07 2.3990e+07  25.2%   125 5520s
 553071 23540 infeasible   59      3.2070e+07 2.3993e+07  25.2%   125 5526s
 553354 23428 infeasible   57      3.2070e+07 2.3995e+07  25.2%   125 5530s
 553755 23246 infeasible   69      3.2070e+07 2.3999e+07  25.2%   125 5535s
 554064 23088     cutoff   80      3.2070e+07 2.4003e+07  25.2%   125 5540s
 554456 22956     cutoff   66      3.2070e+07 2.4006e+07  25.1%   125 5546s
 554757 22865 2.4819e+07   73   71 3.2070e+07 2.4008e+07  25.1%   125 5551s
 555062 22770 infeasible   77      3.2070e+07 2.4010e+07  25.1%   125 5555s
 555373 22610 infeasible   83      3.2070e+07 2.4013e+07  25.1%   125 5560s
 555789 22472 2.9208e+07   69   70 3.2070e+07 2.4017e+07  25.1%   125 5565s
 556120 22329     cutoff   50      3.2070e+07 2.4020e+07  25.1%   125 5570s
 556455 22233 2.4024e+07   57   46 3.2070e+07 2.4023e+07  25.1%   125 5575s
 556758 22117 infeasible   77      3.2070e+07 2.4025e+07  25.1%   126 5580s
 557086 21973 infeasible   61      3.2070e+07 2.4028e+07  25.1%   126 5585s
 557383 21864     cutoff   72      3.2070e+07 2.4031e+07  25.1%   126 5590s
 557656 21753 infeasible   79      3.2070e+07 2.4034e+07  25.1%   126 5596s
 558002 21610     cutoff   66      3.2070e+07 2.4037e+07  25.0%   126 5601s
 558355 21470     cutoff   68      3.2070e+07 2.4040e+07  25.0%   126 5606s
 558699 21325 2.4150e+07   74  105 3.2070e+07 2.4044e+07  25.0%   126 5610s
 559016 21167     cutoff   73      3.2070e+07 2.4047e+07  25.0%   126 5616s
 559314 21058     cutoff   71      3.2070e+07 2.4050e+07  25.0%   126 5620s
 559649 20901     cutoff   72      3.2070e+07 2.4053e+07  25.0%   126 5625s
 559930 20801     cutoff   64      3.2070e+07 2.4056e+07  25.0%   126 5630s
 560377 20632     cutoff   70      3.2070e+07 2.4061e+07  25.0%   126 5636s
 560698 20483     cutoff   70      3.2070e+07 2.4064e+07  25.0%   126 5640s
 560985 20321     cutoff   62      3.2070e+07 2.4068e+07  25.0%   126 5645s
 561324 20178     cutoff   67      3.2070e+07 2.4072e+07  24.9%   126 5650s
 561724 19985 infeasible   63      3.2070e+07 2.4076e+07  24.9%   126 5656s
 562071 19842 infeasible   53      3.2070e+07 2.4081e+07  24.9%   126 5660s
 562367 19685     cutoff   66      3.2070e+07 2.4084e+07  24.9%   126 5665s
 562591 19567     cutoff   69      3.2070e+07 2.4087e+07  24.9%   126 5670s
 562949 19413 2.4097e+07   56   80 3.2070e+07 2.4091e+07  24.9%   126 5676s
 563212 19304     cutoff   74      3.2070e+07 2.4094e+07  24.9%   126 5680s
 563509 19140     cutoff   59      3.2070e+07 2.4099e+07  24.9%   126 5685s
 563836 18998 infeasible   83      3.2070e+07 2.4103e+07  24.8%   126 5690s
 564149 18843     cutoff   65      3.2070e+07 2.4107e+07  24.8%   126 5695s
 564556 18648     cutoff   69      3.2070e+07 2.4112e+07  24.8%   126 5700s
 564850 18483     cutoff   61      3.2070e+07 2.4117e+07  24.8%   126 5705s
 565206 18342 2.4419e+07   62   86 3.2070e+07 2.4121e+07  24.8%   126 5710s
 565552 18139 infeasible   73      3.2070e+07 2.4127e+07  24.8%   126 5715s
 565825 17974     cutoff   71      3.2070e+07 2.4132e+07  24.8%   126 5720s
 566153 17825     cutoff   64      3.2070e+07 2.4136e+07  24.7%   126 5725s
 566460 17667     cutoff   83      3.2070e+07 2.4142e+07  24.7%   126 5730s
 566863 17476 2.4214e+07   75   62 3.2070e+07 2.4147e+07  24.7%   126 5736s
 567138 17318 infeasible   66      3.2070e+07 2.4152e+07  24.7%   127 5740s
 567483 17167     cutoff   68      3.2070e+07 2.4157e+07  24.7%   127 5746s
 567740 17052     cutoff   66      3.2070e+07 2.4162e+07  24.7%   127 5750s
 568026 16886 2.4259e+07   53  110 3.2070e+07 2.4167e+07  24.6%   127 5755s
 568334 16732     cutoff   69      3.2070e+07 2.4174e+07  24.6%   127 5760s
 568638 16566     cutoff   59      3.2070e+07 2.4179e+07  24.6%   127 5765s
 568912 16476     cutoff   70      3.2070e+07 2.4184e+07  24.6%   127 5771s
 569232 16326     cutoff   70      3.2070e+07 2.4189e+07  24.6%   127 5775s
 569525 16168 2.4502e+07   56   61 3.2070e+07 2.4195e+07  24.6%   127 5780s
 569919 15968     cutoff   52      3.2070e+07 2.4203e+07  24.5%   127 5786s
 570185 15856 2.4282e+07   66   56 3.2070e+07 2.4208e+07  24.5%   127 5791s
 570444 15743 2.4592e+07   64   91 3.2070e+07 2.4212e+07  24.5%   127 5795s
 570819 15534 3.0100e+07   69   67 3.2070e+07 2.4221e+07  24.5%   127 5800s
 571198 15330 2.4230e+07   74   70 3.2070e+07 2.4230e+07  24.4%   127 5805s
 571646 15150 2.4239e+07   52   79 3.2070e+07 2.4239e+07  24.4%   127 5811s
 571973 14994     cutoff   60      3.2070e+07 2.4247e+07  24.4%   127 5815s
 572269 14836 2.6617e+07   63   57 3.2070e+07 2.4255e+07  24.4%   127 5820s
 572603 14676     cutoff   77      3.2070e+07 2.4263e+07  24.3%   127 5825s
 572912 14528     cutoff   78      3.2070e+07 2.4272e+07  24.3%   127 5830s
 573255 14335     cutoff   77      3.2070e+07 2.4282e+07  24.3%   127 5836s
 573605 14186 2.5384e+07   66   79 3.2070e+07 2.4292e+07  24.3%   127 5840s
 573991 13982 2.4405e+07   61   80 3.2070e+07 2.4304e+07  24.2%   127 5846s
 574315 13826     cutoff   59      3.2070e+07 2.4311e+07  24.2%   127 5850s
 574674 13625 2.6767e+07   71   97 3.2070e+07 2.4322e+07  24.2%   127 5855s
 575082 13381 infeasible   72      3.2070e+07 2.4339e+07  24.1%   127 5861s
 575430 13181     cutoff   73      3.2070e+07 2.4353e+07  24.1%   127 5866s
 575743 13032     cutoff   72      3.2070e+07 2.4364e+07  24.0%   127 5870s
 576031 12880     cutoff   74      3.2070e+07 2.4376e+07  24.0%   127 5875s
 576377 12639     cutoff   66      3.2070e+07 2.4395e+07  23.9%   127 5880s
 576722 12435 infeasible   72      3.2070e+07 2.4413e+07  23.9%   127 5886s
 577010 12283     cutoff   56      3.2070e+07 2.4428e+07  23.8%   127 5890s
 577325 12136 infeasible   76      3.2070e+07 2.4441e+07  23.8%   127 5895s
 577742 11888     cutoff   85      3.2070e+07 2.4466e+07  23.7%   127 5900s
 578102 11686     cutoff   74      3.2070e+07 2.4486e+07  23.6%   127 5905s
 578453 11484 3.0648e+07   65   67 3.2070e+07 2.4510e+07  23.6%   127 5910s
 578832 11293 2.4849e+07   49   61 3.2070e+07 2.4533e+07  23.5%   127 5915s
 579242 11101 infeasible   80      3.2070e+07 2.4557e+07  23.4%   128 5920s
 579619 10904 infeasible   61      3.2070e+07 2.4583e+07  23.3%   128 5925s
 579979 10706 infeasible   71      3.2070e+07 2.4609e+07  23.3%   128 5930s
 580417 10473     cutoff   55      3.2070e+07 2.4646e+07  23.1%   128 5936s
 580782 10292     cutoff   67      3.2070e+07 2.4679e+07  23.0%   128 5940s
 581158 10048     cutoff   62      3.2070e+07 2.4725e+07  22.9%   128 5945s
 581474  9846 infeasible   68      3.2070e+07 2.4763e+07  22.8%   128 5950s
 581903  9619     cutoff   67      3.2070e+07 2.4816e+07  22.6%   128 5955s
 582286  9370     cutoff   48      3.2070e+07 2.4876e+07  22.4%   128 5960s
 582620  9169     cutoff   58      3.2070e+07 2.4927e+07  22.3%   128 5965s
 582972  8925     cutoff   66      3.2070e+07 2.4990e+07  22.1%   128 5970s
 583412  8638     cutoff   61      3.2070e+07 2.5068e+07  21.8%   128 5975s
 583796  8346     cutoff   68      3.2070e+07 2.5157e+07  21.6%   128 5980s
 584311  7972 infeasible   68      3.2070e+07 2.5290e+07  21.1%   128 5985s
 584790  7698     cutoff   58      3.2070e+07 2.5388e+07  20.8%   128 5990s
 585370  7338     cutoff   78      3.2070e+07 2.5551e+07  20.3%   128 5995s
 585814  7054     cutoff   65      3.2070e+07 2.5677e+07  19.9%   128 6000s
 586317  6681     cutoff   87      3.2070e+07 2.5887e+07  19.3%   128 6005s
 586800  6346     cutoff   55      3.2070e+07 2.6118e+07  18.6%   128 6010s
 587242  5972 infeasible   77      3.2070e+07 2.6339e+07  17.9%   128 6015s
 587716  5650 infeasible   64      3.2070e+07 2.6581e+07  17.1%   128 6020s
 588286  5287     cutoff   65      3.2070e+07 2.6870e+07  16.2%   128 6025s
 588745  4912 infeasible   56      3.2070e+07 2.7148e+07  15.3%   128 6030s
 589319  4451     cutoff   67      3.2070e+07 2.7519e+07  14.2%   128 6035s
 589892  3947 infeasible   59      3.2070e+07 2.8034e+07  12.6%   128 6040s
 590432  3443     cutoff   62      3.2070e+07 2.8429e+07  11.4%   128 6045s
 591063  2942     cutoff   60      3.2070e+07 2.8779e+07  10.3%   128 6050s
 591603  2439     cutoff   74      3.2070e+07 2.9085e+07  9.31%   128 6055s
 592080  1977     cutoff   48      3.2070e+07 2.9523e+07  7.94%   128 6060s
 592488  1600     cutoff   68      3.2070e+07 3.0066e+07  6.25%   128 6065s
 592917  1222     cutoff   48      3.2070e+07 3.0575e+07  4.66%   128 6070s
 593434   718     cutoff   53      3.2070e+07 3.1215e+07  2.66%   128 6075s
 594022   130     cutoff   68      3.2070e+07 3.1905e+07  0.51%   128 6080s

Cutting planes:
  Learned: 12
  Gomory: 15
  Cover: 894
  Implied bound: 632
  Clique: 20
  MIR: 60
  Flow cover: 163
  GUB cover: 7
  Zero half: 15

Explored 594194 nodes (75825769 simplex iterations) in 6081.43 seconds
Thread count was 2 (of 4 available processors)

Optimal solution found (tolerance 1.00e-04)
Best objective 3.206990000000e+07, best bound 3.206990000000e+07, gap 0.0%
k_c1	30000.0
k_c10	160000.0
k_c11	130000.0
k_c12	940000.0
k_c2	940000.0
k_c3	920000.0
k_c4	90000.0
k_c5	50000.0
k_c6	840000.0
k_c7	1000000.0
k_c8	880000.0
k_c9	80000.0
k_dN	0.0
o_1	0.0
o_10	0.0
o_11	0.0
o_12	0.0
o_2	0.0
o_3	0.0
o_4	0.0
o_5	0.0
o_6	0.0
o_7	0.0
o_8	0.0
o_9	0.0
p_1	0.0
p_10	0.0
p_11	0.0
p_12	0.0
p_2	0.0
p_3	0.0
p_4	0.0
p_5	0.0
p_6	0.0
p_7	0.0
p_8	0.0
p_9	0.0
phi_c1	2676.0
phi_c10	29395.0
phi_c11	23682.0
phi_c12	41415.0
phi_c2	38853.0
phi_c3	37196.0
phi_c4	10155.0
phi_c5	19448.0
phi_c6	29293.0
phi_c7	39522.0
phi_c8	34023.0
phi_c9	26840.0
phi_dN	0.0
pi_c1	0.0
pi_c10	240000.0
pi_c11	240000.0
pi_c12	240000.0
pi_c2	240000.0
pi_c3	0.0
pi_c4	240000.0
pi_c5	240000.0
pi_c6	240000.0
pi_c7	240000.0
pi_c8	240000.0
pi_c9	240000.0
pi_dN	0.0
tauD_c1	837332.0
tauD_c10	384874.0
tauD_c11	446224.0
tauD_c12	69450.0
tauD_c2	144000.0
tauD_c3	250000.0
tauD_c4	566774.0
tauD_c5	650000.0
tauD_c6	274750.0
tauD_c7	76525.0
tauD_c8	187075.0
tauD_c9	553500.0
tauD_d0	0.0
tauD_dN	1000000.0
tauS_c1	887975.0
tauS_c10	877175.0
tauS_c11	880950.0
tauS_c12	139875.0
tauS_c2	154300.0
tauS_c3	138825.0
tauS_c4	125400.0
tauS_c5	152325.0
tauS_c6	141025.0
tauS_c7	155975.0
tauS_c8	141000.0
tauS_c9	137425.0
tauS_d0	0.0
tauS_dN	965975.0
x_c10_c11	1.0
x_c11_c4	1.0
x_c12_c8	1.0
x_c1_dN	1.0
x_c2_c9	1.0
x_c3_c10	1.0
x_c4_c1	1.0
x_c5_dN	1.0
x_c6_dN	1.0
x_c7_c2	1.0
x_c8_c6	1.0
x_c9_c5	1.0
x_d0_c12	1.0
x_d0_c3	1.0
x_d0_c7	1.0
