
Gurobi 6.0.4 (win64) logging started 06/21/15 10:45:09

Read LP format model from file C:\MT\repository\VRPTWMS\instances\mip\fuel\N12-C_DV100-C_SV30_F6_8_No_1.lp
Reading time = 0.02 seconds
(null): 865 rows, 404 columns, 3771 nonzeros
Optimize a model with 865 rows, 404 columns and 3771 nonzeros
Model has 1872 quadratic constraints
Coefficient statistics:
  Matrix range    [1e+00, 1e+06]
  Objective range [6e+04, 1e+07]
  Bounds range    [1e+00, 1e+06]
  RHS range       [1e+00, 1e+06]
Presolve removed 68 rows and 41 columns
Presolve time: 0.75s
Presolved: 3995 rows, 2016 columns, 20335 nonzeros
Variable types: 1545 continuous, 471 integer (408 binary)
Found heuristic solution: objective 1.259132e+08

Root relaxation: objective 2.089059e+06, 189 iterations, 0.01 seconds

    Nodes    |    Current Node    |     Objective Bounds      |     Work
 Expl Unexpl |  Obj  Depth IntInf | Incumbent    BestBd   Gap | It/Node Time

     0     0 2089059.33    0   38 1.2591e+08 2089059.33  98.3%     -    0s
H    0     0                    8.483590e+07 2089059.33  97.5%     -    0s
     0     0 2292746.26    0   55 8.4836e+07 2292746.26  97.3%     -    0s
     0     0 2972808.69    0   68 8.4836e+07 2972808.69  96.5%     -    0s
     0     0 3865819.73    0   77 8.4836e+07 3865819.73  95.4%     -    0s
     0     0 5397003.14    0   50 8.4836e+07 5397003.14  93.6%     -    0s
     0     0 5478100.00    0   46 8.4836e+07 5478100.00  93.5%     -    1s
H    0     0                    7.428750e+07 5478100.00  92.6%     -    1s
     0     0 5478100.00    0   45 7.4288e+07 5478100.00  92.6%     -    1s
     0     0 5478100.00    0   44 7.4288e+07 5478100.00  92.6%     -    1s
     0     0 5478100.00    0   39 7.4288e+07 5478100.00  92.6%     -    1s
     0     2 5478100.00    0   39 7.4288e+07 5478100.00  92.6%     -    1s
H   63    63                    6.427230e+07 5688225.00  91.1%  39.4    1s
H  202   167                    5.392580e+07 6290682.56  88.3%  31.0    1s
H  203   167                    5.385610e+07 6290682.56  88.3%  30.9    1s
H  204   169                    5.373600e+07 6290682.56  88.3%  30.9    1s
H  241   205                    5.371980e+07 6290682.56  88.3%  30.1    1s
H  324   264                    5.352630e+07 6290682.56  88.2%  28.2    1s
H  353   274                    4.409140e+07 7220100.00  83.6%  29.3    1s
H  677   500                    4.404920e+07 7914950.00  82.0%  28.2    2s
H  737   517                    4.384540e+07 1.2249e+07  72.1%  28.6    3s
H  741   493                    3.361190e+07 1.2466e+07  62.9%  28.5    3s
   748   500 1.2518e+07   12   57 3.3612e+07 1.2518e+07  62.8%  31.0    5s
  1317   719 2.5333e+07   27   48 3.3612e+07 1.2740e+07  62.1%  44.7   10s
  2201   938     cutoff   46      3.3612e+07 1.3342e+07  60.3%  54.9   15s
H 2433  1022                    3.350530e+07 1.3423e+07  59.9%  57.7   17s
  2609  1100 1.8355e+07   20   50 3.3505e+07 1.3778e+07  58.9%  60.1   20s
  3571  1582 2.3775e+07   22   71 3.3505e+07 1.5534e+07  53.6%  63.7   25s
  4232  1833 2.3484e+07   34   99 3.3505e+07 1.6822e+07  49.8%  67.5   30s
H 4854  2058                    3.348600e+07 1.8759e+07  44.0%  68.5   33s
  5144  2135 2.3816e+07   43   25 3.3486e+07 1.9955e+07  40.4%  69.5   35s
  5896  2533     cutoff   58      3.3486e+07 2.2538e+07  32.7%  68.4   40s
* 7057  3152              41    3.346760e+07 2.2616e+07  32.4%  66.6   44s
  7147  3199 infeasible   41      3.3468e+07 2.2624e+07  32.4%  66.2   45s
* 7709  3403              37    3.346360e+07 2.2644e+07  32.3%  65.1   47s
  8483  3880 2.2749e+07   25   61 3.3464e+07 2.2668e+07  32.3%  64.1   50s
H 9230  4107                    3.325230e+07 2.2684e+07  31.8%  63.6   53s
  9570  4234 2.2854e+07   30   16 3.3252e+07 2.2697e+07  31.7%  63.0   56s
* 9948  4294              45    3.317540e+07 2.2707e+07  31.6%  62.6   58s
 10339  4457 2.3130e+07   26   39 3.3175e+07 2.2721e+07  31.5%  62.8   60s
 11643  4969 2.3528e+07   41   39 3.3175e+07 2.2746e+07  31.4%  62.2   65s
H11931  4886                    3.306280e+07 2.2751e+07  31.2%  62.2   66s
 12768  5215 2.3104e+07   46   50 3.3063e+07 2.2763e+07  31.2%  62.4   70s
 13614  5495 2.4028e+07   34   51 3.3063e+07 2.2776e+07  31.1%  62.7   75s
 14498  5791 2.3113e+07   22   53 3.3063e+07 2.2788e+07  31.1%  63.4   80s
 14755  5885 2.5313e+07   37   38 3.3063e+07 2.2793e+07  31.1%  63.4   90s
 15570  6152 2.2813e+07   45   55 3.3063e+07 2.2805e+07  31.0%  64.0   95s
*16033  6229              63    3.301180e+07 2.2811e+07  30.9%  64.0   97s
 16518  6417 2.8906e+07   29   42 3.3012e+07 2.2817e+07  30.9%  64.4  100s
 17488  6747 2.4101e+07   47   70 3.3012e+07 2.2828e+07  30.8%  65.1  105s
 18421  7087 2.3259e+07   28   36 3.3012e+07 2.2838e+07  30.8%  65.7  110s
 19184  7374 2.5596e+07   56   99 3.3012e+07 2.2846e+07  30.8%  66.2  115s
 20141  7723 2.3247e+07   42   48 3.3012e+07 2.2857e+07  30.8%  66.8  120s
 20973  8008 2.3039e+07   33   28 3.3012e+07 2.2868e+07  30.7%  67.2  125s
 21863  8266 2.3093e+07   23   67 3.3012e+07 2.2878e+07  30.7%  68.2  130s
 22601  8503     cutoff   43      3.3012e+07 2.2886e+07  30.7%  68.6  135s
H23113  8677                    3.299590e+07 2.2890e+07  30.6%  68.9  138s
 23322  8733 3.0859e+07   49   83 3.2996e+07 2.2891e+07  30.6%  69.1  141s
 24015  8977 2.4291e+07   27   66 3.2996e+07 2.2898e+07  30.6%  69.7  145s
 24895  9256 2.3451e+07   25   68 3.2996e+07 2.2906e+07  30.6%  70.3  150s
 25649  9514     cutoff   44      3.2996e+07 2.2913e+07  30.6%  70.7  155s
 26605  9803 2.5014e+07   52   58 3.2996e+07 2.2922e+07  30.5%  71.2  160s
 27313 10055     cutoff   36      3.2996e+07 2.2928e+07  30.5%  71.5  165s
 28255 10372     cutoff   26      3.2996e+07 2.2934e+07  30.5%  72.0  170s
 29011 10593 2.4873e+07   31   48 3.2996e+07 2.2940e+07  30.5%  72.3  175s
 29858 10793 2.3460e+07   32   21 3.2996e+07 2.2948e+07  30.5%  72.8  180s
 30572 10994 infeasible   37      3.2996e+07 2.2953e+07  30.4%  73.3  185s
 31184 11140 infeasible   34      3.2996e+07 2.2957e+07  30.4%  73.7  190s
 32070 11380 2.4900e+07   58   48 3.2996e+07 2.2963e+07  30.4%  74.2  195s
 32834 11595 2.3057e+07   31   50 3.2996e+07 2.2969e+07  30.4%  74.5  201s
 33605 11767 infeasible   39      3.2996e+07 2.2974e+07  30.4%  74.8  205s
 34449 11992 2.5103e+07   41   80 3.2996e+07 2.2983e+07  30.3%  74.8  210s
 35292 12158 2.3563e+07   47   23 3.2996e+07 2.2988e+07  30.3%  75.3  215s
 35656 12250 2.3222e+07   32   40 3.2996e+07 2.2991e+07  30.3%  75.6  220s
 36446 12467 infeasible   58      3.2996e+07 2.2995e+07  30.3%  75.7  225s
 37139 12616 2.4084e+07   42   58 3.2996e+07 2.3002e+07  30.3%  76.1  230s
 37895 12813 2.3384e+07   42   55 3.2996e+07 2.3006e+07  30.3%  76.4  235s
 38813 13053     cutoff   37      3.2996e+07 2.3011e+07  30.3%  76.6  240s
 39560 13248 2.3374e+07   48   46 3.2996e+07 2.3017e+07  30.2%  76.8  245s
 40471 13444     cutoff   36      3.2996e+07 2.3023e+07  30.2%  77.1  250s
 41205 13610 infeasible   25      3.2996e+07 2.3028e+07  30.2%  77.3  255s
 42196 13884     cutoff   41      3.2996e+07 2.3035e+07  30.2%  77.4  260s
 42949 14098 2.3501e+07   40   54 3.2996e+07 2.3039e+07  30.2%  77.6  265s
 43851 14262 2.4435e+07   35   74 3.2996e+07 2.3045e+07  30.2%  78.0  271s
 44593 14447     cutoff   54      3.2996e+07 2.3049e+07  30.1%  78.2  275s
 45536 14681 infeasible   55      3.2996e+07 2.3056e+07  30.1%  78.4  281s
 46283 14803 2.3605e+07   38   44 3.2996e+07 2.3060e+07  30.1%  78.6  285s
 47000 14973 2.4251e+07   51   82 3.2996e+07 2.3063e+07  30.1%  78.8  290s
 47842 15110 2.3670e+07   58   94 3.2996e+07 2.3069e+07  30.1%  79.2  295s
 48558 15254 2.3146e+07   19   15 3.2996e+07 2.3074e+07  30.1%  79.4  300s
 49243 15418 infeasible   29      3.2996e+07 2.3077e+07  30.1%  79.7  305s
 50124 15540 2.3189e+07   31   31 3.2996e+07 2.3083e+07  30.0%  80.0  310s
 50854 15686 2.8063e+07   43   25 3.2996e+07 2.3087e+07  30.0%  80.2  315s
 51520 15772 infeasible   44      3.2996e+07 2.3092e+07  30.0%  80.5  320s
 52081 15898 2.8422e+07   56   38 3.2996e+07 2.3094e+07  30.0%  80.7  326s
 52622 16050 infeasible   28      3.2996e+07 2.3096e+07  30.0%  80.9  331s
 53260 16171 2.3375e+07   42   53 3.2996e+07 2.3100e+07  30.0%  81.0  335s
 54013 16355     cutoff   63      3.2996e+07 2.3104e+07  30.0%  81.2  340s
 54770 16488     cutoff   42      3.2996e+07 2.3108e+07  30.0%  81.4  345s
 55709 16671 2.9578e+07   54   78 3.2996e+07 2.3112e+07  30.0%  81.5  351s
 56471 16798 2.3325e+07   36   37 3.2996e+07 2.3116e+07  29.9%  81.7  356s
 57199 16980 2.8354e+07   38   42 3.2996e+07 2.3120e+07  29.9%  81.8  360s
 57944 17101     cutoff   48      3.2996e+07 2.3123e+07  29.9%  82.0  365s
 58807 17254 infeasible   36      3.2996e+07 2.3128e+07  29.9%  82.3  371s
 59512 17392     cutoff   37      3.2996e+07 2.3132e+07  29.9%  82.5  375s
 60228 17485 infeasible   36      3.2996e+07 2.3135e+07  29.9%  82.6  380s
 60919 17557     cutoff   26      3.2996e+07 2.3138e+07  29.9%  82.8  385s
 61877 17731 infeasible   35      3.2996e+07 2.3144e+07  29.9%  82.9  390s
 62606 17834 2.4107e+07   51   66 3.2996e+07 2.3147e+07  29.8%  83.1  395s
 63319 17965 2.9919e+07   36   44 3.2996e+07 2.3150e+07  29.8%  83.2  400s
 63992 18086     cutoff   32      3.2996e+07 2.3153e+07  29.8%  83.3  405s
 64968 18314 2.3601e+07   33   41 3.2996e+07 2.3158e+07  29.8%  83.4  410s
 65685 18466 2.4220e+07   30   81 3.2996e+07 2.3162e+07  29.8%  83.6  415s
 66318 18564     cutoff   47      3.2996e+07 2.3165e+07  29.8%  83.8  420s
 67175 18684     cutoff   37      3.2996e+07 2.3169e+07  29.8%  84.0  425s
 67667 18802 2.4087e+07   31   15 3.2996e+07 2.3171e+07  29.8%  84.1  430s
 68358 18958 2.3560e+07   53   43 3.2996e+07 2.3174e+07  29.8%  84.2  435s
 69248 19078 2.3259e+07   55   52 3.2996e+07 2.3178e+07  29.8%  84.4  440s
 70039 19208 2.3347e+07   37   66 3.2996e+07 2.3181e+07  29.7%  84.5  445s
 70748 19296 2.5117e+07   52   50 3.2996e+07 2.3185e+07  29.7%  84.6  450s
 71528 19417 infeasible   31      3.2996e+07 2.3189e+07  29.7%  84.6  455s
 72396 19518     cutoff   42      3.2996e+07 2.3193e+07  29.7%  84.8  460s
 73079 19626 2.3741e+07   52   18 3.2996e+07 2.3195e+07  29.7%  85.0  465s
 73889 19725 2.3370e+07   40   42 3.2996e+07 2.3198e+07  29.7%  85.2  471s
 74610 19792 2.3580e+07   35   35 3.2996e+07 2.3202e+07  29.7%  85.3  475s
 75238 19872 2.3524e+07   29   33 3.2996e+07 2.3205e+07  29.7%  85.5  480s
 75894 19944 2.3628e+07   36   56 3.2996e+07 2.3208e+07  29.7%  85.7  485s
 76650 20045     cutoff   38      3.2996e+07 2.3213e+07  29.7%  85.9  491s
 77405 20160 2.8739e+07   40   44 3.2996e+07 2.3216e+07  29.6%  86.0  495s
 78004 20265     cutoff   50      3.2996e+07 2.3219e+07  29.6%  86.1  500s
 78638 20353     cutoff   30      3.2996e+07 2.3221e+07  29.6%  86.2  505s
 79338 20451 2.4263e+07   37   94 3.2996e+07 2.3224e+07  29.6%  86.4  510s
 80064 20560     cutoff   38      3.2996e+07 2.3227e+07  29.6%  86.5  515s
 80884 20626 2.3596e+07   38   52 3.2996e+07 2.3232e+07  29.6%  86.7  520s
 81599 20728 infeasible   53      3.2996e+07 2.3235e+07  29.6%  86.8  525s
 82189 20763 infeasible   36      3.2996e+07 2.3238e+07  29.6%  87.0  530s
 83094 20886 2.4201e+07   55   53 3.2996e+07 2.3242e+07  29.6%  87.1  535s
 83796 20997 2.3479e+07   34   32 3.2996e+07 2.3246e+07  29.5%  87.2  540s
 84379 21107 2.3322e+07   36   37 3.2996e+07 2.3249e+07  29.5%  87.3  545s
 85084 21215 2.4014e+07   34   91 3.2996e+07 2.3252e+07  29.5%  87.4  551s
 85731 21308     cutoff   48      3.2996e+07 2.3255e+07  29.5%  87.4  555s
 86379 21368 2.5776e+07   42   57 3.2996e+07 2.3257e+07  29.5%  87.6  560s
 87079 21432 2.5853e+07   29   67 3.2996e+07 2.3260e+07  29.5%  87.7  565s
 87993 21579     cutoff   53      3.2996e+07 2.3263e+07  29.5%  87.9  571s
 88692 21628 2.3916e+07   39   20 3.2996e+07 2.3266e+07  29.5%  88.0  575s
 89130 21723 2.4557e+07   57   79 3.2996e+07 2.3267e+07  29.5%  88.1  580s
 90023 21833     cutoff   47      3.2996e+07 2.3270e+07  29.5%  88.2  586s
 90686 21915 2.4700e+07   33   55 3.2996e+07 2.3273e+07  29.5%  88.3  590s
 91345 21971     cutoff   46      3.2996e+07 2.3276e+07  29.5%  88.5  595s
 92121 22075 infeasible   52      3.2996e+07 2.3279e+07  29.4%  88.5  600s
 92811 22132 infeasible   40      3.2996e+07 2.3283e+07  29.4%  88.6  605s
 93535 22213 2.3471e+07   52   33 3.2996e+07 2.3286e+07  29.4%  88.7  610s
 94232 22281     cutoff   36      3.2996e+07 2.3288e+07  29.4%  88.8  615s
 95046 22389     cutoff   38      3.2996e+07 2.3291e+07  29.4%  89.0  621s
 95680 22438 infeasible   47      3.2996e+07 2.3294e+07  29.4%  89.1  626s
 96491 22600 2.3475e+07   53   51 3.2996e+07 2.3297e+07  29.4%  89.1  631s
 97171 22638     cutoff   29      3.2996e+07 2.3301e+07  29.4%  89.2  635s
 97795 22666     cutoff   45      3.2996e+07 2.3304e+07  29.4%  89.4  641s
 98226 22711     cutoff   51      3.2996e+07 2.3305e+07  29.4%  89.4  645s
 99138 22840     cutoff   54      3.2996e+07 2.3310e+07  29.4%  89.5  650s
 99861 22971 3.0903e+07   45   34 3.2996e+07 2.3313e+07  29.3%  89.6  655s
 100519 22990     cutoff   44      3.2996e+07 2.3316e+07  29.3%  89.7  660s
 101207 23020 infeasible   43      3.2996e+07 2.3319e+07  29.3%  89.8  665s
 102077 23058     cutoff   43      3.2996e+07 2.3323e+07  29.3%  90.0  671s
 102542 23092     cutoff   50      3.2996e+07 2.3325e+07  29.3%  90.0  675s
 103233 23185 2.8557e+07   54   40 3.2996e+07 2.3328e+07  29.3%  90.1  680s
 104079 23300 2.3563e+07   37   17 3.2996e+07 2.3331e+07  29.3%  90.2  685s
 104873 23389 2.4217e+07   48   57 3.2996e+07 2.3334e+07  29.3%  90.3  690s
 105254 23425     cutoff   33      3.2996e+07 2.3336e+07  29.3%  90.4  695s
 105974 23507 infeasible   69      3.2996e+07 2.3339e+07  29.3%  90.5  700s
 106663 23544 2.3357e+07   38   36 3.2996e+07 2.3342e+07  29.3%  90.6  705s
 107606 23668 infeasible   47      3.2996e+07 2.3345e+07  29.2%  90.7  711s
 108399 23795 2.3667e+07   42   67 3.2996e+07 2.3348e+07  29.2%  90.7  715s
 109123 23860 2.4002e+07   28   37 3.2996e+07 2.3350e+07  29.2%  90.8  720s
 109847 23918 2.3941e+07   45   36 3.2996e+07 2.3353e+07  29.2%  90.9  726s
 110524 23945     cutoff   53      3.2996e+07 2.3357e+07  29.2%  91.0  731s
 111155 24013     cutoff   40      3.2996e+07 2.3359e+07  29.2%  91.1  735s
 111815 24062 2.3660e+07   31   27 3.2996e+07 2.3362e+07  29.2%  91.2  741s
 112371 24139 infeasible   33      3.2996e+07 2.3365e+07  29.2%  91.3  745s
 113004 24164 2.3469e+07   49   31 3.2996e+07 2.3367e+07  29.2%  91.4  750s
 113699 24208 2.4580e+07   50   54 3.2996e+07 2.3370e+07  29.2%  91.5  755s
 114446 24291 2.4244e+07   37   35 3.2996e+07 2.3373e+07  29.2%  91.5  760s
 115220 24367 2.3414e+07   35   40 3.2996e+07 2.3376e+07  29.2%  91.6  765s
 115962 24423 2.4536e+07   57   80 3.2996e+07 2.3379e+07  29.1%  91.6  770s
 116635 24470     cutoff   40      3.2996e+07 2.3381e+07  29.1%  91.8  775s
 117270 24515 2.3906e+07   23   27 3.2996e+07 2.3384e+07  29.1%  91.9  781s
 117712 24536 2.4895e+07   41   60 3.2996e+07 2.3386e+07  29.1%  91.9  785s
 118426 24559 2.3603e+07   42   37 3.2996e+07 2.3389e+07  29.1%  92.0  790s
 119101 24575 2.5702e+07   47   48 3.2996e+07 2.3392e+07  29.1%  92.2  795s
 119809 24649 2.4612e+07   36   76 3.2996e+07 2.3394e+07  29.1%  92.3  800s
 120421 24662 infeasible   46      3.2996e+07 2.3397e+07  29.1%  92.3  806s
 120909 24750     cutoff   55      3.2996e+07 2.3399e+07  29.1%  92.4  810s
 121629 24832 infeasible   33      3.2996e+07 2.3403e+07  29.1%  92.4  815s
 122397 24966 2.3876e+07   46   38 3.2996e+07 2.3404e+07  29.1%  92.5  820s
 123042 24968 2.4536e+07   45   72 3.2996e+07 2.3408e+07  29.1%  92.6  825s
 123800 24992     cutoff   55      3.2996e+07 2.3411e+07  29.0%  92.7  830s
 124396 24979 infeasible   24      3.2996e+07 2.3413e+07  29.0%  92.7  836s
 124940 25016     cutoff   29      3.2996e+07 2.3415e+07  29.0%  92.8  840s
 125676 25122 2.4232e+07   43   53 3.2996e+07 2.3418e+07  29.0%  92.8  845s
 126333 25136     cutoff   24      3.2996e+07 2.3421e+07  29.0%  92.9  850s
 127048 25200 infeasible   41      3.2996e+07 2.3425e+07  29.0%  93.0  855s
 127761 25232 infeasible   21      3.2996e+07 2.3427e+07  29.0%  93.1  860s
 128520 25258 2.3451e+07   46   53 3.2996e+07 2.3431e+07  29.0%  93.1  865s
 129252 25287     cutoff   32      3.2996e+07 2.3434e+07  29.0%  93.2  870s
 129970 25318 2.4491e+07   47   93 3.2996e+07 2.3437e+07  29.0%  93.3  875s
 130606 25344     cutoff   41      3.2996e+07 2.3440e+07  29.0%  93.4  880s
 131339 25396 2.4199e+07   38   68 3.2996e+07 2.3443e+07  29.0%  93.5  886s
 131900 25455 infeasible   38      3.2996e+07 2.3445e+07  28.9%  93.5  890s
 132622 25495 2.3672e+07   30   61 3.2996e+07 2.3447e+07  28.9%  93.5  895s
 133047 25537     cutoff   36      3.2996e+07 2.3448e+07  28.9%  93.5  900s
 133748 25536     cutoff   44      3.2996e+07 2.3451e+07  28.9%  93.6  905s
 134472 25624 2.4270e+07   44   21 3.2996e+07 2.3454e+07  28.9%  93.7  911s
 134981 25640 2.3814e+07   30   59 3.2996e+07 2.3457e+07  28.9%  93.8  915s
 135677 25636     cutoff   31      3.2996e+07 2.3460e+07  28.9%  93.9  920s
 136421 25647     cutoff   43      3.2996e+07 2.3463e+07  28.9%  93.9  925s
 137162 25738     cutoff   52      3.2996e+07 2.3465e+07  28.9%  93.9  930s
 137715 25743 2.4339e+07   45   51 3.2996e+07 2.3468e+07  28.9%  94.0  935s
 138388 25796 2.3786e+07   35   38 3.2996e+07 2.3470e+07  28.9%  94.1  940s
 139085 25792     cutoff   38      3.2996e+07 2.3473e+07  28.9%  94.2  946s
 139569 25805 2.3959e+07   45  119 3.2996e+07 2.3474e+07  28.9%  94.3  950s
 140261 25827     cutoff   60      3.2996e+07 2.3477e+07  28.8%  94.3  955s
 141007 25870 infeasible   42      3.2996e+07 2.3480e+07  28.8%  94.4  960s
 141549 25947 infeasible   43      3.2996e+07 2.3482e+07  28.8%  94.4  965s
 142265 25980 2.4307e+07   60   95 3.2996e+07 2.3485e+07  28.8%  94.5  970s
 142958 26031     cutoff   54      3.2996e+07 2.3487e+07  28.8%  94.5  976s
 143418 26051 2.4280e+07   32   14 3.2996e+07 2.3489e+07  28.8%  94.6  980s
 144152 26100 2.7782e+07   56   56 3.2996e+07 2.3492e+07  28.8%  94.7  986s
 144757 26069 2.3794e+07   33   51 3.2996e+07 2.3495e+07  28.8%  94.8  991s
 145322 26103     cutoff   40      3.2996e+07 2.3497e+07  28.8%  94.8  995s
 145991 26139 2.3989e+07   50   37 3.2996e+07 2.3499e+07  28.8%  94.9 1001s
 146520 26138 2.6514e+07   51   59 3.2996e+07 2.3501e+07  28.8%  94.9 1005s
 147232 26160 2.3833e+07   52   82 3.2996e+07 2.3504e+07  28.8%  95.0 1010s
 147603 26169     cutoff   29      3.2996e+07 2.3505e+07  28.8%  95.0 1015s
 148391 26226 infeasible   40      3.2996e+07 2.3508e+07  28.8%  95.0 1020s
 149107 26231 2.3770e+07   37   47 3.2996e+07 2.3511e+07  28.7%  95.1 1026s
 149596 26217 infeasible   43      3.2996e+07 2.3514e+07  28.7%  95.2 1030s
 150337 26289 2.3904e+07   40   37 3.2996e+07 2.3516e+07  28.7%  95.2 1035s
 150997 26304 2.8916e+07   32   42 3.2996e+07 2.3519e+07  28.7%  95.3 1041s
 151518 26319 2.3696e+07   41   34 3.2996e+07 2.3521e+07  28.7%  95.4 1045s
 152231 26371 infeasible   27      3.2996e+07 2.3524e+07  28.7%  95.4 1050s
 152874 26374 infeasible   25      3.2996e+07 2.3526e+07  28.7%  95.5 1056s
 153420 26375 2.3878e+07   45   58 3.2996e+07 2.3529e+07  28.7%  95.6 1060s
 154064 26351 infeasible   57      3.2996e+07 2.3532e+07  28.7%  95.6 1065s
 154623 26405 2.4757e+07   29   70 3.2996e+07 2.3534e+07  28.7%  95.6 1070s
 155370 26426 2.3845e+07   41   98 3.2996e+07 2.3537e+07  28.7%  95.7 1076s
 155748 26431     cutoff   32      3.2996e+07 2.3539e+07  28.7%  95.8 1080s
 156296 26433 infeasible   42      3.2996e+07 2.3541e+07  28.7%  95.8 1085s
 156992 26456 2.4508e+07   36   25 3.2996e+07 2.3544e+07  28.6%  95.9 1090s
 157621 26450     cutoff   42      3.2996e+07 2.3547e+07  28.6%  95.9 1095s
 158272 26429 infeasible   36      3.2996e+07 2.3549e+07  28.6%  96.0 1101s
 158849 26468     cutoff   37      3.2996e+07 2.3552e+07  28.6%  96.1 1105s
 159497 26492 2.8736e+07   41   38 3.2996e+07 2.3554e+07  28.6%  96.1 1110s
 160113 26475 2.3907e+07   49   42 3.2996e+07 2.3557e+07  28.6%  96.2 1116s
 160675 26521 2.7138e+07   40   52 3.2996e+07 2.3559e+07  28.6%  96.2 1120s
 161272 26511     cutoff   58      3.2996e+07 2.3562e+07  28.6%  96.3 1126s
 161860 26554 2.4542e+07   45   82 3.2996e+07 2.3564e+07  28.6%  96.3 1130s
 162556 26528 2.4016e+07   34   40 3.2996e+07 2.3566e+07  28.6%  96.4 1135s
 163124 26529 infeasible   43      3.2996e+07 2.3569e+07  28.6%  96.5 1140s
 163826 26514 2.4281e+07   42   30 3.2996e+07 2.3572e+07  28.6%  96.5 1145s
 164528 26482     cutoff   32      3.2996e+07 2.3575e+07  28.6%  96.6 1150s
 165011 26543     cutoff   48      3.2996e+07 2.3576e+07  28.5%  96.6 1155s
 165700 26492 2.4038e+07   46   52 3.2996e+07 2.3580e+07  28.5%  96.7 1160s
 166413 26490 2.3750e+07   41   51 3.2996e+07 2.3583e+07  28.5%  96.7 1166s
 166978 26511     cutoff   48      3.2996e+07 2.3585e+07  28.5%  96.8 1170s
 167689 26523 infeasible   35      3.2996e+07 2.3588e+07  28.5%  96.8 1176s
 168211 26517 infeasible   26      3.2996e+07 2.3590e+07  28.5%  96.9 1180s
 168901 26561 infeasible   59      3.2996e+07 2.3592e+07  28.5%  96.9 1185s
 169649 26559 2.4124e+07   31   35 3.2996e+07 2.3595e+07  28.5%  96.9 1191s
 170201 26566 infeasible   31      3.2996e+07 2.3597e+07  28.5%  97.0 1195s
 170856 26545 infeasible   43      3.2996e+07 2.3600e+07  28.5%  97.1 1200s
 171526 26532     cutoff   44      3.2996e+07 2.3603e+07  28.5%  97.2 1206s
 171878 26507     cutoff   57      3.2996e+07 2.3604e+07  28.5%  97.2 1210s
 172531 26482 infeasible   34      3.2996e+07 2.3607e+07  28.5%  97.3 1215s
 173236 26469 infeasible   51      3.2996e+07 2.3609e+07  28.4%  97.3 1220s
 173928 26483 2.5315e+07   52   61 3.2996e+07 2.3612e+07  28.4%  97.4 1226s
 174444 26481     cutoff   51      3.2996e+07 2.3614e+07  28.4%  97.5 1230s
 175096 26449 2.3992e+07   32   83 3.2996e+07 2.3617e+07  28.4%  97.5 1235s
 175667 26466     cutoff   58      3.2996e+07 2.3619e+07  28.4%  97.6 1240s
 176383 26436     cutoff   45      3.2996e+07 2.3622e+07  28.4%  97.6 1245s
 177014 26429 infeasible   50      3.2996e+07 2.3626e+07  28.4%  97.7 1251s
 177552 26430 infeasible   40      3.2996e+07 2.3628e+07  28.4%  97.7 1255s
 178196 26394 2.4811e+07   39   86 3.2996e+07 2.3631e+07  28.4%  97.8 1261s
 178703 26365 2.3885e+07   34  123 3.2996e+07 2.3633e+07  28.4%  97.9 1265s
 179362 26337     cutoff   36      3.2996e+07 2.3636e+07  28.4%  97.9 1270s
 180135 26379     cutoff   33      3.2996e+07 2.3640e+07  28.4%  97.9 1276s
 180460 26328 infeasible   44      3.2996e+07 2.3641e+07  28.4%  98.0 1280s
 181206 26312     cutoff   31      3.2996e+07 2.3644e+07  28.3%  98.0 1285s
 181899 26327 infeasible   46      3.2996e+07 2.3647e+07  28.3%  98.1 1290s
 182410 26322 infeasible   51      3.2996e+07 2.3650e+07  28.3%  98.2 1295s
 183039 26331 2.4168e+07   64  113 3.2996e+07 2.3652e+07  28.3%  98.2 1300s
 183668 26293     cutoff   37      3.2996e+07 2.3655e+07  28.3%  98.3 1305s
 184231 26226 infeasible   44      3.2996e+07 2.3658e+07  28.3%  98.3 1310s
 184977 26206 2.4540e+07   36   79 3.2996e+07 2.3661e+07  28.3%  98.4 1315s
 185626 26178 2.6098e+07   49   49 3.2996e+07 2.3664e+07  28.3%  98.4 1321s
 186129 26157     cutoff   28      3.2996e+07 2.3667e+07  28.3%  98.5 1325s
 186809 26125 2.4023e+07   45   40 3.2996e+07 2.3670e+07  28.3%  98.5 1331s
 187254 26076 2.3729e+07   48   58 3.2996e+07 2.3671e+07  28.3%  98.6 1335s
 187836 25987 infeasible   43      3.2996e+07 2.3675e+07  28.2%  98.7 1341s
 188353 25964 infeasible   31      3.2996e+07 2.3677e+07  28.2%  98.7 1345s
 189080 25930     cutoff   49      3.2996e+07 2.3680e+07  28.2%  98.8 1350s
 189670 25863 infeasible   43      3.2996e+07 2.3682e+07  28.2%  98.9 1355s
 190313 25813     cutoff   54      3.2996e+07 2.3685e+07  28.2%  98.9 1361s
 190815 25800     cutoff   44      3.2996e+07 2.3688e+07  28.2%  99.0 1365s
 191443 25796 2.3792e+07   46   40 3.2996e+07 2.3691e+07  28.2%  99.1 1370s
 192087 25750 infeasible   46      3.2996e+07 2.3694e+07  28.2%  99.1 1375s
 192756 25735 infeasible   36      3.2996e+07 2.3696e+07  28.2%  99.2 1381s
 193291 25728 2.4254e+07   33   75 3.2996e+07 2.3698e+07  28.2%  99.2 1385s
 193921 25670 infeasible   48      3.2996e+07 2.3702e+07  28.2%  99.3 1390s
 194520 25622     cutoff   43      3.2996e+07 2.3704e+07  28.2%  99.4 1396s
 194987 25594     cutoff   37      3.2996e+07 2.3706e+07  28.2%  99.4 1400s
 195619 25532     cutoff   57      3.2996e+07 2.3709e+07  28.1%   100 1405s
 196283 25478 2.3867e+07   54   22 3.2996e+07 2.3712e+07  28.1%   100 1410s
 196725 25432 infeasible   24      3.2996e+07 2.3715e+07  28.1%   100 1415s
 197342 25381 infeasible   40      3.2996e+07 2.3717e+07  28.1%   100 1420s
 197827 25365 infeasible   36      3.2996e+07 2.3720e+07  28.1%   100 1425s
 198335 25323 2.4027e+07   37   31 3.2996e+07 2.3722e+07  28.1%   100 1430s
 198929 25255 infeasible   29      3.2996e+07 2.3725e+07  28.1%   100 1435s
 199589 25228     cutoff   47      3.2996e+07 2.3728e+07  28.1%   100 1441s
 199968 25184 2.4343e+07   40   46 3.2996e+07 2.3730e+07  28.1%   100 1445s
 200656 25152     cutoff   36      3.2996e+07 2.3732e+07  28.1%   100 1450s
 201303 25083     cutoff   36      3.2996e+07 2.3736e+07  28.1%   100 1455s
 201973 25006     cutoff   48      3.2996e+07 2.3739e+07  28.1%   100 1461s
 202614 24963     cutoff   40      3.2996e+07 2.3742e+07  28.0%   100 1466s
 203123 24918 2.3929e+07   36   52 3.2996e+07 2.3745e+07  28.0%   100 1470s
 203736 24872 2.3807e+07   40   20 3.2996e+07 2.3748e+07  28.0%   100 1475s
 204184 24859     cutoff   31      3.2996e+07 2.3750e+07  28.0%   100 1480s
 204834 24823 2.4139e+07   35   63 3.2996e+07 2.3753e+07  28.0%   100 1485s
 205442 24736 2.4063e+07   57   95 3.2996e+07 2.3756e+07  28.0%   101 1490s
 206062 24695 2.3839e+07   51   41 3.2996e+07 2.3759e+07  28.0%   101 1496s
 206681 24643 2.3898e+07   34   52 3.2996e+07 2.3762e+07  28.0%   101 1501s
 207196 24613 infeasible   46      3.2996e+07 2.3765e+07  28.0%   101 1505s
 207843 24539     cutoff   46      3.2996e+07 2.3768e+07  28.0%   101 1510s
 208461 24463 2.4706e+07   37   97 3.2996e+07 2.3771e+07  28.0%   101 1515s
 208971 24370 2.3782e+07   44   46 3.2996e+07 2.3774e+07  27.9%   101 1521s
 209576 24263 2.3777e+07   45   36 3.2996e+07 2.3777e+07  27.9%   101 1525s
 210091 24180     cutoff   46      3.2996e+07 2.3780e+07  27.9%   101 1530s
 210753 24113 2.3982e+07   52   44 3.2996e+07 2.3783e+07  27.9%   101 1536s
 211220 24073 2.9468e+07   35   35 3.2996e+07 2.3785e+07  27.9%   101 1540s
 211841 23997     cutoff   43      3.2996e+07 2.3788e+07  27.9%   101 1545s
 212243 23928     cutoff   47      3.2996e+07 2.3791e+07  27.9%   101 1550s
 212721 23855 infeasible   53      3.2996e+07 2.3793e+07  27.9%   101 1555s
 213286 23767     cutoff   39      3.2996e+07 2.3796e+07  27.9%   101 1561s
 213846 23646 2.4337e+07   49   53 3.2996e+07 2.3800e+07  27.9%   101 1565s
 214466 23581 infeasible   49      3.2996e+07 2.3804e+07  27.9%   101 1571s
 215076 23527     cutoff   35      3.2996e+07 2.3806e+07  27.9%   102 1575s
 215664 23464     cutoff   53      3.2996e+07 2.3810e+07  27.8%   102 1581s
 216246 23394     cutoff   39      3.2996e+07 2.3813e+07  27.8%   102 1585s
 216892 23332 2.3854e+07   30   41 3.2996e+07 2.3816e+07  27.8%   102 1591s
 217513 23299 2.3887e+07   19   41 3.2996e+07 2.3819e+07  27.8%   102 1596s
 217912 23262 2.3824e+07   45   91 3.2996e+07 2.3821e+07  27.8%   102 1600s
 218466 23175 infeasible   48      3.2996e+07 2.3824e+07  27.8%   102 1605s
 218904 23127 2.4038e+07   31   30 3.2996e+07 2.3826e+07  27.8%   102 1610s
 219366 23051 2.3891e+07   43   52 3.2996e+07 2.3828e+07  27.8%   102 1615s
 219729 22970 2.4168e+07   34   21 3.2996e+07 2.3831e+07  27.8%   102 1620s
 220145 22916     cutoff   36      3.2996e+07 2.3833e+07  27.8%   102 1625s
 220666 22827 2.3842e+07   33   27 3.2996e+07 2.3837e+07  27.8%   102 1631s
 220931 22772 infeasible   40      3.2996e+07 2.3839e+07  27.8%   102 1635s
 221365 22705 2.4856e+07   59  105 3.2996e+07 2.3841e+07  27.7%   102 1640s
 221816 22664 infeasible   47      3.2996e+07 2.3843e+07  27.7%   102 1645s
 222309 22621 2.4370e+07   50   48 3.2996e+07 2.3845e+07  27.7%   102 1651s
 222801 22596     cutoff   47      3.2996e+07 2.3848e+07  27.7%   102 1656s
 223073 22560 infeasible   52      3.2996e+07 2.3849e+07  27.7%   102 1660s
 223504 22507     cutoff   60      3.2996e+07 2.3851e+07  27.7%   102 1665s
 224085 22417 infeasible   41      3.2996e+07 2.3855e+07  27.7%   102 1671s
 224515 22336 2.4267e+07   53   84 3.2996e+07 2.3857e+07  27.7%   102 1675s
 224942 22282     cutoff   40      3.2996e+07 2.3859e+07  27.7%   103 1681s
 225314 22218     cutoff   36      3.2996e+07 2.3861e+07  27.7%   103 1685s
 225787 22168 2.4255e+07   32   53 3.2996e+07 2.3864e+07  27.7%   103 1691s
 226073 22128 2.4419e+07   36   37 3.2996e+07 2.3866e+07  27.7%   103 1695s
 226518 22078     cutoff   47      3.2996e+07 2.3868e+07  27.7%   103 1701s
 226963 22011     cutoff   45      3.2996e+07 2.3870e+07  27.7%   103 1706s
 227361 21912 2.4061e+07   48   30 3.2996e+07 2.3873e+07  27.6%   103 1711s
 227796 21832 2.3896e+07   48   48 3.2996e+07 2.3875e+07  27.6%   103 1715s
 228205 21781     cutoff   43      3.2996e+07 2.3878e+07  27.6%   103 1721s
 228540 21700 2.4423e+07   31   52 3.2996e+07 2.3880e+07  27.6%   103 1726s
 228982 21616 2.6106e+07   32   41 3.2996e+07 2.3882e+07  27.6%   103 1731s
 229392 21543     cutoff   54      3.2996e+07 2.3884e+07  27.6%   103 1735s
 229774 21457 infeasible   45      3.2996e+07 2.3887e+07  27.6%   103 1740s
 230192 21378 infeasible   60      3.2996e+07 2.3890e+07  27.6%   103 1745s
 230739 21286 2.8750e+07   46   38 3.2996e+07 2.3893e+07  27.6%   103 1751s
 231155 21221 2.4264e+07   28   74 3.2996e+07 2.3896e+07  27.6%   103 1755s
 231623 21103 2.3913e+07   29   61 3.2996e+07 2.3899e+07  27.6%   103 1761s
 231922 21089     cutoff   34      3.2996e+07 2.3900e+07  27.6%   103 1765s
 232497 20967     cutoff   30      3.2996e+07 2.3904e+07  27.6%   103 1771s
 232902 20904 2.4138e+07   58  112 3.2996e+07 2.3906e+07  27.5%   103 1775s
 233249 20806 2.4832e+07   40   71 3.2996e+07 2.3909e+07  27.5%   103 1780s
 233835 20745     cutoff   35      3.2996e+07 2.3912e+07  27.5%   103 1786s
 234033 20685 2.3940e+07   38   37 3.2996e+07 2.3913e+07  27.5%   103 1790s
 234543 20582 2.3966e+07   45   51 3.2996e+07 2.3917e+07  27.5%   104 1795s
 235009 20496 infeasible   51      3.2996e+07 2.3920e+07  27.5%   104 1801s
 235450 20421 2.5551e+07   40   81 3.2996e+07 2.3922e+07  27.5%   104 1805s
 235853 20349 infeasible   52      3.2996e+07 2.3925e+07  27.5%   104 1811s
 236280 20279     cutoff   52      3.2996e+07 2.3928e+07  27.5%   104 1816s
 236740 20219 2.4159e+07   36   63 3.2996e+07 2.3931e+07  27.5%   104 1821s
 237029 20165     cutoff   45      3.2996e+07 2.3933e+07  27.5%   104 1825s
 237516 20041     cutoff   46      3.2996e+07 2.3936e+07  27.5%   104 1831s
 237871 19954     cutoff   39      3.2996e+07 2.3939e+07  27.4%   104 1835s
 238228 19852 2.9162e+07   48   46 3.2996e+07 2.3942e+07  27.4%   104 1840s
 238702 19727 infeasible   44      3.2996e+07 2.3946e+07  27.4%   104 1847s
 239045 19638     cutoff   51      3.2996e+07 2.3949e+07  27.4%   104 1851s
 239438 19568     cutoff   53      3.2996e+07 2.3952e+07  27.4%   104 1856s
 239736 19531 infeasible   46      3.2996e+07 2.3953e+07  27.4%   104 1860s
 240121 19434 2.7974e+07   44   32 3.2996e+07 2.3957e+07  27.4%   104 1865s
 240498 19345 2.4091e+07   46   30 3.2996e+07 2.3960e+07  27.4%   104 1871s
 240856 19255 2.4443e+07   49   79 3.2996e+07 2.3962e+07  27.4%   104 1875s
 241248 19164 infeasible   43      3.2996e+07 2.3965e+07  27.4%   104 1880s
 241732 19024 2.5886e+07   50   83 3.2996e+07 2.3970e+07  27.4%   104 1886s
 242118 18929 infeasible   59      3.2996e+07 2.3973e+07  27.3%   104 1891s
 242392 18870 2.4504e+07   44   79 3.2996e+07 2.3975e+07  27.3%   104 1895s
 242822 18793 2.4056e+07   38   90 3.2996e+07 2.3978e+07  27.3%   104 1900s
 243258 18732 infeasible   55      3.2996e+07 2.3981e+07  27.3%   105 1905s
 243741 18615 2.4027e+07   37   67 3.2996e+07 2.3984e+07  27.3%   105 1911s
 244002 18540 2.4255e+07   33   64 3.2996e+07 2.3987e+07  27.3%   105 1915s
 244335 18430 2.5955e+07   35   57 3.2996e+07 2.3990e+07  27.3%   105 1920s
 244697 18342 2.4043e+07   46   49 3.2996e+07 2.3993e+07  27.3%   105 1925s
 245196 18209     cutoff   46      3.2996e+07 2.3997e+07  27.3%   105 1930s
 245674 18091 infeasible   51      3.2996e+07 2.4001e+07  27.3%   105 1936s
 246093 18005 infeasible   25      3.2996e+07 2.4005e+07  27.2%   105 1940s
 246331 17914 2.4126e+07   38   44 3.2996e+07 2.4007e+07  27.2%   105 1945s
 246834 17774 2.4320e+07   36   38 3.2996e+07 2.4011e+07  27.2%   105 1951s
 247113 17716 2.4195e+07   49   63 3.2996e+07 2.4013e+07  27.2%   105 1955s
 247556 17576 2.4233e+07   42   33 3.2996e+07 2.4017e+07  27.2%   105 1960s
 247989 17444 2.4684e+07   48   39 3.2996e+07 2.4021e+07  27.2%   105 1966s
 248351 17352 infeasible   37      3.2996e+07 2.4025e+07  27.2%   105 1970s
 248713 17255 2.4102e+07   37   63 3.2996e+07 2.4028e+07  27.2%   105 1975s
 249180 17191 infeasible   53      3.2996e+07 2.4030e+07  27.2%   105 1980s
 249576 17110 2.4195e+07   55   27 3.2996e+07 2.4034e+07  27.2%   105 1985s
 250075 16981     cutoff   42      3.2996e+07 2.4038e+07  27.1%   105 1991s
 250370 16873     cutoff   42      3.2996e+07 2.4042e+07  27.1%   105 1995s
 250783 16792 infeasible   35      3.2996e+07 2.4044e+07  27.1%   105 2000s
 251177 16712 infeasible   29      3.2996e+07 2.4048e+07  27.1%   105 2006s
 251556 16611     cutoff   57      3.2996e+07 2.4051e+07  27.1%   106 2010s
 251937 16529 2.4373e+07   34   79 3.2996e+07 2.4054e+07  27.1%   106 2015s
 252298 16448 infeasible   31      3.2996e+07 2.4058e+07  27.1%   106 2021s
 252694 16362 2.4085e+07   43   86 3.2996e+07 2.4061e+07  27.1%   106 2026s
 253079 16266 infeasible   55      3.2996e+07 2.4064e+07  27.1%   106 2031s
 253437 16174 infeasible   46      3.2996e+07 2.4068e+07  27.1%   106 2035s
 253771 16066 2.4162e+07   54   34 3.2996e+07 2.4071e+07  27.0%   106 2040s
 254132 15973 2.4609e+07   52   81 3.2996e+07 2.4074e+07  27.0%   106 2045s
 254673 15862 2.8778e+07   64   75 3.2996e+07 2.4079e+07  27.0%   106 2051s
 255007 15760 2.4794e+07   44   98 3.2996e+07 2.4083e+07  27.0%   106 2056s
 255327 15647 2.4090e+07   52   67 3.2996e+07 2.4087e+07  27.0%   106 2060s
 255662 15537 infeasible   42      3.2996e+07 2.4090e+07  27.0%   106 2065s
 256022 15447 infeasible   47      3.2996e+07 2.4093e+07  27.0%   106 2070s
 256435 15316 2.4388e+07   40   42 3.2996e+07 2.4098e+07  27.0%   106 2076s
 256895 15180     cutoff   52      3.2996e+07 2.4102e+07  27.0%   106 2081s
 257268 15084 2.8948e+07   53   43 3.2996e+07 2.4106e+07  26.9%   106 2085s
 257508 15011     cutoff   38      3.2996e+07 2.4108e+07  26.9%   106 2090s
 257954 14869 infeasible   52      3.2996e+07 2.4113e+07  26.9%   106 2096s
 258302 14764 infeasible   50      3.2996e+07 2.4117e+07  26.9%   106 2100s
 258726 14629 infeasible   37      3.2996e+07 2.4121e+07  26.9%   106 2106s
 259067 14517 2.5968e+07   50   54 3.2996e+07 2.4125e+07  26.9%   106 2110s
 259449 14377 infeasible   35      3.2996e+07 2.4130e+07  26.9%   106 2115s
 259826 14275 infeasible   39      3.2996e+07 2.4134e+07  26.9%   106 2120s
 260266 14180 infeasible   36      3.2996e+07 2.4138e+07  26.8%   106 2125s
 260593 14071     cutoff   54      3.2996e+07 2.4141e+07  26.8%   107 2130s
 261076 13948     cutoff   46      3.2996e+07 2.4146e+07  26.8%   107 2136s
 261460 13844     cutoff   48      3.2996e+07 2.4149e+07  26.8%   107 2140s
 261833 13743 infeasible   50      3.2996e+07 2.4154e+07  26.8%   107 2145s
 262256 13598 2.4324e+07   58   45 3.2996e+07 2.4160e+07  26.8%   107 2151s
 262578 13499 2.4715e+07   30   55 3.2996e+07 2.4164e+07  26.8%   107 2155s
 262993 13353     cutoff   51      3.2996e+07 2.4170e+07  26.7%   107 2160s
 263478 13171     cutoff   45      3.2996e+07 2.4176e+07  26.7%   107 2166s
 263780 13061     cutoff   51      3.2996e+07 2.4181e+07  26.7%   107 2170s
 264246 12931     cutoff   34      3.2996e+07 2.4186e+07  26.7%   107 2175s
 264659 12790 2.5870e+07   39   61 3.2996e+07 2.4192e+07  26.7%   107 2181s
 264957 12677 2.4197e+07   34   14 3.2996e+07 2.4197e+07  26.7%   107 2185s
 265386 12530     cutoff   42      3.2996e+07 2.4203e+07  26.6%   107 2191s
 265710 12425 infeasible   42      3.2996e+07 2.4207e+07  26.6%   107 2195s
 266129 12280 infeasible   56      3.2996e+07 2.4213e+07  26.6%   107 2201s
 266533 12149 infeasible   46      3.2996e+07 2.4218e+07  26.6%   107 2205s
 266748 12077 infeasible   55      3.2996e+07 2.4221e+07  26.6%   107 2210s
 267234 11930     cutoff   49      3.2996e+07 2.4228e+07  26.6%   107 2216s
 267549 11822     cutoff   61      3.2996e+07 2.4232e+07  26.6%   107 2220s
 267940 11679 2.6679e+07   31   41 3.2996e+07 2.4239e+07  26.5%   108 2225s
 268371 11552     cutoff   61      3.2996e+07 2.4245e+07  26.5%   108 2230s
 268639 11430 2.4406e+07   55   41 3.2996e+07 2.4251e+07  26.5%   108 2235s
 269096 11284 2.4819e+07   49   91 3.2996e+07 2.4258e+07  26.5%   108 2240s
 269441 11183 2.6561e+07   52   41 3.2996e+07 2.4262e+07  26.5%   108 2245s
 269775 11073 infeasible   47      3.2996e+07 2.4268e+07  26.5%   108 2250s
 270178 10928     cutoff   47      3.2996e+07 2.4274e+07  26.4%   108 2255s
 270522 10767     cutoff   59      3.2996e+07 2.4281e+07  26.4%   108 2260s
 270747 10670     cutoff   50      3.2996e+07 2.4285e+07  26.4%   108 2266s
 271093 10565 2.4545e+07   46   21 3.2996e+07 2.4291e+07  26.4%   108 2270s
 271533 10415 2.4630e+07   59   72 3.2996e+07 2.4298e+07  26.4%   108 2275s
 271823 10303 2.4887e+07   28   58 3.2996e+07 2.4303e+07  26.3%   108 2280s
 272224 10148     cutoff   58      3.2996e+07 2.4311e+07  26.3%   108 2285s
 272606 10008 2.9169e+07   37   48 3.2996e+07 2.4319e+07  26.3%   108 2290s
 272943  9851 infeasible   48      3.2996e+07 2.4327e+07  26.3%   108 2295s
 273360  9692 infeasible   50      3.2996e+07 2.4334e+07  26.3%   108 2301s
 273747  9539     cutoff   49      3.2996e+07 2.4343e+07  26.2%   108 2305s
 274071  9384 2.9846e+07   31   48 3.2996e+07 2.4351e+07  26.2%   108 2310s
 274426  9232 infeasible   38      3.2996e+07 2.4358e+07  26.2%   108 2316s
 274838  9094 2.4498e+07   44   42 3.2996e+07 2.4367e+07  26.2%   108 2320s
 275278  8901     cutoff   46      3.2996e+07 2.4377e+07  26.1%   108 2326s
 275625  8782     cutoff   41      3.2996e+07 2.4385e+07  26.1%   108 2330s
 275929  8664 infeasible   55      3.2996e+07 2.4392e+07  26.1%   109 2335s
 276310  8513 infeasible   49      3.2996e+07 2.4401e+07  26.0%   109 2341s
 276625  8359     cutoff   37      3.2996e+07 2.4411e+07  26.0%   109 2345s
 276972  8192 2.4919e+07   42   79 3.2996e+07 2.4422e+07  26.0%   109 2350s
 277317  8028     cutoff   49      3.2996e+07 2.4432e+07  26.0%   109 2355s
 277716  7849 infeasible   39      3.2996e+07 2.4445e+07  25.9%   109 2361s
 277928  7726 2.4494e+07   59   65 3.2996e+07 2.4450e+07  25.9%   109 2365s
 278364  7527     cutoff   41      3.2996e+07 2.4464e+07  25.9%   109 2370s
 278763  7336     cutoff   45      3.2996e+07 2.4479e+07  25.8%   109 2375s
 279159  7193     cutoff   34      3.2996e+07 2.4492e+07  25.8%   109 2381s
 279523  7036 infeasible   40      3.2996e+07 2.4504e+07  25.7%   109 2385s
 279919  6834 infeasible   41      3.2996e+07 2.4522e+07  25.7%   109 2390s
 280331  6628 2.4668e+07   32   40 3.2996e+07 2.4541e+07  25.6%   109 2396s
 280704  6467     cutoff   40      3.2996e+07 2.4557e+07  25.6%   109 2400s
 281129  6222 infeasible   34      3.2996e+07 2.4584e+07  25.5%   109 2406s
 281461  6063 2.4719e+07   34   65 3.2996e+07 2.4601e+07  25.4%   109 2410s
 281820  5901     cutoff   51      3.2996e+07 2.4623e+07  25.4%   109 2415s
 282128  5737 2.5162e+07   60   93 3.2996e+07 2.4647e+07  25.3%   109 2420s
 282592  5499 infeasible   47      3.2996e+07 2.4685e+07  25.2%   109 2425s
 282934  5296     cutoff   43      3.2996e+07 2.4718e+07  25.1%   109 2430s
 283336  5092 infeasible   61      3.2996e+07 2.4757e+07  25.0%   110 2435s
 283785  4846 2.5451e+07   58   90 3.2996e+07 2.4813e+07  24.8%   110 2441s
 284092  4683 infeasible   58      3.2996e+07 2.4850e+07  24.7%   110 2445s
 284647  4439     cutoff   29      3.2996e+07 2.4910e+07  24.5%   110 2450s
 285179  4151 2.9035e+07   47   72 3.2996e+07 2.5005e+07  24.2%   110 2455s
 285645  3867     cutoff   51      3.2996e+07 2.5158e+07  23.8%   110 2460s
 286085  3631 3.2990e+07   34   21 3.2996e+07 2.5314e+07  23.3%   110 2465s
 286638  3299 2.7551e+07   47   49 3.2996e+07 2.5585e+07  22.5%   110 2470s
 287125  3005     cutoff   50      3.2996e+07 2.5870e+07  21.6%   110 2475s
 287580  2719     cutoff   58      3.2996e+07 2.6250e+07  20.4%   110 2480s
 288213  2346 2.9171e+07   36   16 3.2996e+07 2.6844e+07  18.6%   110 2485s
 288700  1991 2.7692e+07   32   42 3.2996e+07 2.7682e+07  16.1%   110 2490s
 289322  1534     cutoff   33      3.2996e+07 2.8679e+07  13.1%   110 2495s
 289823  1118     cutoff   39      3.2996e+07 3.0087e+07  8.81%   110 2500s
 290234   799     cutoff   59      3.2996e+07 3.1427e+07  4.75%   110 2505s
 290903   356 3.2945e+07   43   10 3.2996e+07 3.2731e+07  0.80%   110 2510s

Cutting planes:
  Learned: 14
  Gomory: 19
  Cover: 750
  Implied bound: 720
  Clique: 29
  MIR: 70
  Flow cover: 219
  GUB cover: 21
  Zero half: 39

Explored 291807 nodes (31921774 simplex iterations) in 2514.59 seconds
Thread count was 2 (of 4 available processors)

Optimal solution found (tolerance 1.00e-04)
Best objective 3.299590000000e+07, best bound 3.299590000000e+07, gap 0.0%
k_c1	950000.0
k_c10	949999.0
k_c11	40001.0
k_c12	60001.0
k_c2	1000000.0
k_c3	110000.0
k_c4	1000000.0
k_c5	90000.0
k_c6	70001.0
k_c7	110001.0
k_c8	899998.0
k_c9	40000.0
k_dN	0.0
o_1	0.0
o_10	0.0
o_11	0.0
o_12	0.0
o_2	0.0
o_3	0.0
o_4	0.0
o_5	0.0
o_6	0.0
o_7	0.0
o_8	0.0
o_9	0.0
p_1	0.0
p_10	0.0
p_11	0.0
p_12	0.0
p_2	0.0
p_3	1.0
p_4	0.0
p_5	0.0
p_6	1.0
p_7	0.0
p_8	0.0
p_9	0.0
phi_c1	21519.0
phi_c10	37521.0
phi_c11	5098.0
phi_c12	22492.0
phi_c2	31554.0
phi_c3	0.0
phi_c4	43830.0
phi_c5	28579.0
phi_c6	21298.0
phi_c7	27466.0
phi_c8	16696.0
phi_c9	7827.0
phi_dN	0.0
pi_c1	240000.0
pi_c10	240000.0
pi_c11	300000.0
pi_c12	240000.0
pi_c2	240000.0
pi_c3	245098.0
pi_c4	240000.0
pi_c5	240000.0
pi_c6	185097.0
pi_c7	240000.0
pi_c8	240000.0
pi_c9	240000.0
pi_dN	0.0
tauD_c1	181975.0
tauD_c10	332424.0
tauD_c11	950950.0
tauD_c12	795950.0
tauD_c2	106300.0
tauD_c3	358076.0
tauD_c4	250000.0
tauD_c5	600000.0
tauD_c6	585650.0
tauD_c7	450000.0
tauD_c8	250000.0
tauD_c9	800000.0
tauD_d0	0.0
tauD_dN	1000000.0
tauS_c1	833650.0
tauS_c10	852325.0
tauS_c11	900949.0
tauS_c12	840225.0
tauS_c2	732601.0
tauS_c3	472575.0
tauS_c4	859575.0
tauS_c5	861425.0
tauS_c6	592650.0
tauS_c7	842825.0
tauS_c8	376050.0
tauS_c9	465900.0
tauS_d0	0.0
tauS_dN	810525.0
x_c10_c7	1.0
x_c11_dN	1.0
x_c12_c11	1.0
x_c1_c8	1.0
x_c2_c1	1.0
x_c3_c5	1.0
x_c4_c10	1.0
x_c5_c9	1.0
x_c6_c12	1.0
x_c7_c6	1.0
x_c8_c3	1.0
x_c9_dN	1.0
x_d0_c2	1.0
x_d0_c4	1.0
z_c3_c6	1.0
z_c6_dN	1.0
z_d0_c3	1.0
