
Gurobi 6.0.4 (win64) logging started 06/20/15 21:36:08

Read LP format model from file C:\MT\repository\VRPTWMS\instances\mip\fuel\N12-C_DV100-C_SV30_F6_6_No_1.lp
Reading time = 0.02 seconds
(null): 865 rows, 404 columns, 3771 nonzeros
Optimize a model with 865 rows, 404 columns and 3771 nonzeros
Model has 1872 quadratic constraints
Coefficient statistics:
  Matrix range    [1e+00, 1e+06]
  Objective range [3e+04, 1e+07]
  Bounds range    [1e+00, 1e+06]
  RHS range       [1e+00, 1e+06]
Presolve removed 63 rows and 41 columns
Presolve time: 0.97s
Presolved: 4064 rows, 2048 columns, 20407 nonzeros
Variable types: 1577 continuous, 471 integer (408 binary)
Found heuristic solution: objective 1.250250e+08

Root relaxation: objective 1.889243e+06, 195 iterations, 0.01 seconds

    Nodes    |    Current Node    |     Objective Bounds      |     Work
 Expl Unexpl |  Obj  Depth IntInf | Incumbent    BestBd   Gap | It/Node Time

     0     0 1889242.64    0   43 1.2503e+08 1889242.64  98.5%     -    1s
H    0     0                    6.331390e+07 1889242.64  97.0%     -    1s
     0     0 2901640.61    0   67 6.3314e+07 2901640.61  95.4%     -    1s
     0     0 7056332.72    0   53 6.3314e+07 7056332.72  88.9%     -    1s
H    0     0                    6.310500e+07 7056332.72  88.8%     -    1s
     0     0 7131571.76    0   53 6.3105e+07 7131571.76  88.7%     -    1s
     0     0 7149360.00    0   41 6.3105e+07 7149360.00  88.7%     -    1s
     0     0 7228243.12    0   37 6.3105e+07 7228243.12  88.5%     -    1s
     0     0 7335604.43    0   40 6.3105e+07 7335604.43  88.4%     -    1s
     0     0 7343045.13    0   45 6.3105e+07 7343045.13  88.4%     -    1s
     0     0 7376544.35    0   40 6.3105e+07 7376544.35  88.3%     -    1s
     0     0 7376544.35    0   47 6.3105e+07 7376544.35  88.3%     -    1s
     0     0 7376544.35    0   45 6.3105e+07 7376544.35  88.3%     -    1s
H    0     0                    5.316440e+07 7376544.35  86.1%     -    1s
     0     0 7376544.35    0   42 5.3164e+07 7376544.35  86.1%     -    1s
     0     0 7376544.35    0   42 5.3164e+07 7376544.35  86.1%     -    1s
H    0     0                    4.347830e+07 7376544.35  83.0%     -    1s
     0     0 7376544.35    0   42 4.3478e+07 7376544.35  83.0%     -    1s
     0     0 7376544.35    0   42 4.3478e+07 7376544.35  83.0%     -    1s
     0     2 7376544.35    0   42 4.3478e+07 7376544.35  83.0%     -    1s
H  707   474                    4.341820e+07 1.2245e+07  71.8%  26.1    3s
H  725   468                    4.308700e+07 1.2245e+07  71.6%  26.1    3s
H  730   447                    4.282950e+07 1.7187e+07  59.9%  26.0    4s
H  731   426                    4.281560e+07 2.2048e+07  48.5%  25.9    4s
   736   429 2.2736e+07   12   52 4.2816e+07 2.2123e+07  48.3%  25.8    5s
H  769   429                    4.272170e+07 2.2172e+07  48.1%  28.5    6s
H 1255   631                    4.265740e+07 2.2191e+07  48.0%  39.1    8s
H 1304   488                    3.243120e+07 2.2193e+07  31.6%  39.7    9s
H 1473   527                    3.240990e+07 2.2199e+07  31.5%  39.4    9s
  1507   530     cutoff   56      3.2410e+07 2.2199e+07  31.5%  39.9   10s
  2396   919 2.2656e+07   24   27 3.2410e+07 2.2257e+07  31.3%  44.8   15s
  3048  1199 2.2702e+07   30   22 3.2410e+07 2.2280e+07  31.3%  46.1   20s
  4320  1721 2.2326e+07   26   14 3.2410e+07 2.2325e+07  31.1%  48.0   25s
  5389  2132 2.2360e+07   23   24 3.2410e+07 2.2347e+07  31.0%  48.8   30s
  6274  2418 2.8072e+07   34   39 3.2410e+07 2.2363e+07  31.0%  50.2   35s
  7452  2818 2.2794e+07   26   33 3.2410e+07 2.2383e+07  30.9%  51.8   40s
  8486  3158 infeasible   39      3.2410e+07 2.2399e+07  30.9%  53.2   45s
  9200  3382     cutoff   29      3.2410e+07 2.2409e+07  30.9%  54.3   50s
 10130  3588 2.3648e+07   35   48 3.2410e+07 2.2423e+07  30.8%  55.7   55s
 11014  3775     cutoff   43      3.2410e+07 2.2432e+07  30.8%  56.6   60s
 11784  3958 2.3072e+07   35   45 3.2410e+07 2.2443e+07  30.8%  57.2   65s
 12694  4185 infeasible   39      3.2410e+07 2.2452e+07  30.7%  57.9   70s
 13614  4315 infeasible   46      3.2410e+07 2.2462e+07  30.7%  58.8   75s
 14020  4439 2.2939e+07   32   37 3.2410e+07 2.2467e+07  30.7%  59.0   80s
 14659  4560 2.2613e+07   34   42 3.2410e+07 2.2475e+07  30.7%  59.7   90s
 14670  4567 2.2712e+07   31   63 3.2410e+07 2.2475e+07  30.7%  59.7   95s
 14688  4579 2.2475e+07   30   32 3.2410e+07 2.2475e+07  30.7%  58.5  101s
 14952  4636 2.2627e+07   47   41 3.2410e+07 2.2475e+07  30.7%  58.2  106s
 16047  4884 2.2799e+07   36   31 3.2410e+07 2.2475e+07  30.7%  57.0  111s
 17845  5302 2.3661e+07   45   43 3.2410e+07 2.2475e+07  30.7%  55.2  116s
 18719  5450 2.3333e+07   49   33 3.2410e+07 2.2475e+07  30.7%  55.1  120s
 20254  5676 2.5479e+07   52   55 3.2410e+07 2.2475e+07  30.7%  54.7  126s
 21552  5829     cutoff   46      3.2410e+07 2.2475e+07  30.7%  54.1  130s
 22633  5949 2.2890e+07   42   75 3.2410e+07 2.2475e+07  30.7%  54.0  135s
 23694  5993 2.2923e+07   50   34 3.2410e+07 2.2475e+07  30.7%  54.1  140s
 25428  6103 2.7797e+07   41   11 3.2410e+07 2.2475e+07  30.7%  54.0  146s
 26379  6129 2.2778e+07   42   28 3.2410e+07 2.2475e+07  30.7%  54.3  151s
 27306  6204 2.4541e+07   52  105 3.2410e+07 2.2475e+07  30.7%  54.5  155s
 28528  6269 2.2655e+07   38   13 3.2410e+07 2.2475e+07  30.7%  54.9  160s
 29775  6686 2.3015e+07   57   42 3.2410e+07 2.2475e+07  30.7%  55.2  166s
 30623  6909 2.3064e+07   46   78 3.2410e+07 2.2481e+07  30.6%  55.3  170s
 31891  7332 2.2672e+07   38   31 3.2410e+07 2.2494e+07  30.6%  55.3  175s
 32974  7699     cutoff   47      3.2410e+07 2.2505e+07  30.6%  55.5  180s
 34093  8040 2.3268e+07   51   38 3.2410e+07 2.2515e+07  30.5%  55.6  185s
 35407  8468 2.2764e+07   53   19 3.2410e+07 2.2523e+07  30.5%  55.9  191s
 36386  8806 2.3081e+07   51   34 3.2410e+07 2.2531e+07  30.5%  56.2  195s
 37298  9092     cutoff   46      3.2410e+07 2.2538e+07  30.5%  56.5  200s
 38449  9370     cutoff   46      3.2410e+07 2.2545e+07  30.4%  56.8  206s
 39306  9591 2.2646e+07   47   29 3.2410e+07 2.2550e+07  30.4%  57.1  210s
 40132  9781 2.4019e+07   42   50 3.2410e+07 2.2556e+07  30.4%  57.3  215s
 41277 10077     cutoff   58      3.2410e+07 2.2564e+07  30.4%  57.6  220s
 42130 10283 2.3000e+07   58   22 3.2410e+07 2.2570e+07  30.4%  57.8  225s
 43175 10478     cutoff   44      3.2410e+07 2.2578e+07  30.3%  58.2  230s
 43982 10666     cutoff   46      3.2410e+07 2.2584e+07  30.3%  58.3  235s
 45057 10825 2.3484e+07   51   32 3.2410e+07 2.2592e+07  30.3%  58.6  240s
 46104 11050     cutoff   43      3.2410e+07 2.2599e+07  30.3%  58.8  246s
 46923 11237 2.3060e+07   52   28 3.2410e+07 2.2605e+07  30.3%  59.0  250s
 48004 11525 2.3536e+07   43   53 3.2410e+07 2.2613e+07  30.2%  59.2  255s
 48998 11689 2.3662e+07   50   36 3.2410e+07 2.2621e+07  30.2%  59.5  261s
 49751 11753     cutoff   41      3.2410e+07 2.2627e+07  30.2%  59.7  265s
 50752 11952 2.3548e+07   68   37 3.2410e+07 2.2635e+07  30.2%  59.8  270s
 51793 12201 2.5425e+07   56   91 3.2410e+07 2.2642e+07  30.1%  60.0  275s
 52748 12379     cutoff   31      3.2410e+07 2.2649e+07  30.1%  60.2  280s
 53716 12532 2.3178e+07   53   41 3.2410e+07 2.2656e+07  30.1%  60.4  286s
 54744 12734     cutoff   54      3.2410e+07 2.2661e+07  30.1%  60.6  291s
 55639 12815 2.3142e+07   48   61 3.2410e+07 2.2667e+07  30.1%  60.8  296s
 56608 13026     cutoff   47      3.2410e+07 2.2674e+07  30.0%  61.0  301s
 57297 13146 2.2996e+07   50   65 3.2410e+07 2.2677e+07  30.0%  61.2  305s
 58195 13296 2.2960e+07   50   38 3.2410e+07 2.2683e+07  30.0%  61.4  310s
 59153 13506 2.4278e+07   43   75 3.2410e+07 2.2689e+07  30.0%  61.6  315s
 60057 13632     cutoff   51      3.2410e+07 2.2695e+07  30.0%  61.8  320s
 61039 13786     cutoff   45      3.2410e+07 2.2702e+07  30.0%  61.9  325s
 61992 13964     cutoff   46      3.2410e+07 2.2707e+07  29.9%  62.1  330s
 62855 14123 2.4671e+07   52   49 3.2410e+07 2.2713e+07  29.9%  62.3  336s
 63599 14285     cutoff   45      3.2410e+07 2.2717e+07  29.9%  62.4  340s
 64497 14449 2.3806e+07   42   67 3.2410e+07 2.2724e+07  29.9%  62.5  345s
 65390 14619 2.3304e+07   42   59 3.2410e+07 2.2728e+07  29.9%  62.7  350s
 66374 14809     cutoff   55      3.2410e+07 2.2735e+07  29.9%  62.8  355s
 67337 14910 2.3671e+07   65   64 3.2410e+07 2.2742e+07  29.8%  62.9  360s
 68217 15030 2.2997e+07   48   40 3.2410e+07 2.2749e+07  29.8%  63.1  365s
 69106 15166     cutoff   51      3.2410e+07 2.2755e+07  29.8%  63.2  370s
 69971 15325 2.5031e+07   61   59 3.2410e+07 2.2761e+07  29.8%  63.4  375s
 70899 15497 2.4068e+07   49   55 3.2410e+07 2.2766e+07  29.8%  63.5  380s
 71729 15611 2.3980e+07   57   72 3.2410e+07 2.2771e+07  29.7%  63.7  385s
 72538 15713 2.3178e+07   54   31 3.2410e+07 2.2777e+07  29.7%  64.0  390s
 73336 15780     cutoff   40      3.2410e+07 2.2783e+07  29.7%  64.2  395s
 74193 15874     cutoff   53      3.2410e+07 2.2790e+07  29.7%  64.4  401s
 75006 15983     cutoff   49      3.2410e+07 2.2795e+07  29.7%  64.6  406s
 75856 16071 infeasible   41      3.2410e+07 2.2801e+07  29.6%  64.8  411s
 76641 16139 2.3450e+07   47   33 3.2410e+07 2.2807e+07  29.6%  65.0  416s
 77297 16240     cutoff   41      3.2410e+07 2.2811e+07  29.6%  65.1  420s
 78111 16340 2.3398e+07   51   53 3.2410e+07 2.2817e+07  29.6%  65.3  425s
 78967 16427     cutoff   52      3.2410e+07 2.2822e+07  29.6%  65.4  430s
 79808 16550 2.3160e+07   52   31 3.2410e+07 2.2827e+07  29.6%  65.6  435s
 80642 16677 2.4080e+07   48   79 3.2410e+07 2.2834e+07  29.5%  65.7  440s
 81471 16803 2.3678e+07   55   66 3.2410e+07 2.2839e+07  29.5%  65.8  445s
 82276 16939 2.3432e+07   55   66 3.2410e+07 2.2844e+07  29.5%  66.0  450s
 83092 17071 2.2898e+07   46   43 3.2410e+07 2.2848e+07  29.5%  66.1  455s
 84097 17177 2.3604e+07   56   56 3.2410e+07 2.2855e+07  29.5%  66.3  460s
 84868 17254     cutoff   50      3.2410e+07 2.2860e+07  29.5%  66.5  465s
 85637 17286     cutoff   57      3.2410e+07 2.2867e+07  29.4%  66.7  470s
 86470 17382 2.4100e+07   45   81 3.2410e+07 2.2872e+07  29.4%  66.8  475s
 87257 17433 2.3929e+07   44   42 3.2410e+07 2.2877e+07  29.4%  67.0  480s
 88062 17483     cutoff   52      3.2410e+07 2.2882e+07  29.4%  67.2  485s
 88880 17605     cutoff   56      3.2410e+07 2.2887e+07  29.4%  67.3  490s
 89674 17687     cutoff   44      3.2410e+07 2.2893e+07  29.4%  67.5  495s
 90420 17729 2.3190e+07   57   51 3.2410e+07 2.2897e+07  29.4%  67.6  500s
 91479 17878     cutoff   55      3.2410e+07 2.2904e+07  29.3%  67.8  505s
 92297 18004     cutoff   50      3.2410e+07 2.2907e+07  29.3%  67.9  510s
 93045 18110     cutoff   48      3.2410e+07 2.2911e+07  29.3%  68.1  515s
 93871 18192 2.8596e+07   52   36 3.2410e+07 2.2915e+07  29.3%  68.2  520s
 94640 18224     cutoff   52      3.2410e+07 2.2920e+07  29.3%  68.4  525s
 95451 18324 2.5380e+07   58   64 3.2410e+07 2.2925e+07  29.3%  68.5  530s
 96202 18384 2.3314e+07   35   76 3.2410e+07 2.2929e+07  29.3%  68.6  535s
 96993 18431     cutoff   54      3.2410e+07 2.2934e+07  29.2%  68.8  540s
 97780 18457 2.3012e+07   49   63 3.2410e+07 2.2939e+07  29.2%  68.9  545s
 98677 18541     cutoff   37      3.2410e+07 2.2945e+07  29.2%  69.1  550s
 99522 18663 2.4898e+07   45   45 3.2410e+07 2.2949e+07  29.2%  69.2  555s
 100309 18720 2.3545e+07   52   50 3.2410e+07 2.2954e+07  29.2%  69.3  560s
 101145 18759 2.4581e+07   35   38 3.2410e+07 2.2961e+07  29.2%  69.5  565s
 101910 18781     cutoff   50      3.2410e+07 2.2966e+07  29.1%  69.6  570s
 102703 18882 2.4653e+07   56   54 3.2410e+07 2.2970e+07  29.1%  69.8  575s
 103449 18850 2.7811e+07   47    9 3.2410e+07 2.2976e+07  29.1%  69.9  580s
 104379 18870     cutoff   47      3.2410e+07 2.2982e+07  29.1%  70.1  586s
 105136 18969 2.5762e+07   68   75 3.2410e+07 2.2986e+07  29.1%  70.2  591s
 105846 19020     cutoff   40      3.2410e+07 2.2991e+07  29.1%  70.3  595s
 106599 19082     cutoff   45      3.2410e+07 2.2996e+07  29.0%  70.5  600s
 107300 19121 2.3157e+07   43   55 3.2410e+07 2.3001e+07  29.0%  70.6  605s
 108073 19242 2.5473e+07   52   46 3.2410e+07 2.3006e+07  29.0%  70.7  610s
 108835 19248 2.3594e+07   50   57 3.2410e+07 2.3012e+07  29.0%  70.8  615s
 109552 19302     cutoff   65      3.2410e+07 2.3017e+07  29.0%  71.0  620s
 110410 19330 2.9012e+07   65   43 3.2410e+07 2.3023e+07  29.0%  71.2  626s
 111174 19382 2.5373e+07   50   83 3.2410e+07 2.3029e+07  28.9%  71.4  630s
 111879 19365 2.3608e+07   47   61 3.2410e+07 2.3034e+07  28.9%  71.5  635s
 112641 19421 2.6977e+07   42   57 3.2410e+07 2.3040e+07  28.9%  71.6  640s
 113215 19489 2.3274e+07   68   43 3.2410e+07 2.3043e+07  28.9%  71.7  645s
 113927 19524 2.3274e+07   43   56 3.2410e+07 2.3048e+07  28.9%  71.8  650s
 114642 19547 2.6859e+07   61   58 3.2410e+07 2.3052e+07  28.9%  72.0  655s
 115576 19550     cutoff   54      3.2410e+07 2.3059e+07  28.9%  72.2  661s
 116119 19561     cutoff   44      3.2410e+07 2.3063e+07  28.8%  72.3  665s
 116858 19595     cutoff   70      3.2410e+07 2.3067e+07  28.8%  72.4  670s
 117599 19613 2.3403e+07   48   62 3.2410e+07 2.3073e+07  28.8%  72.6  675s
 118396 19670 2.3094e+07   55   51 3.2410e+07 2.3078e+07  28.8%  72.7  680s
 119125 19751 2.3712e+07   63   57 3.2410e+07 2.3082e+07  28.8%  72.8  685s
 120112 19873     cutoff   57      3.2410e+07 2.3089e+07  28.8%  72.9  691s
 120848 19912 2.3364e+07   55   33 3.2410e+07 2.3094e+07  28.7%  73.0  695s
 121575 19969     cutoff   67      3.2410e+07 2.3098e+07  28.7%  73.1  700s
 122276 19992     cutoff   46      3.2410e+07 2.3103e+07  28.7%  73.2  705s
 123011 20067 2.3293e+07   66   18 3.2410e+07 2.3108e+07  28.7%  73.4  710s
 123738 20102     cutoff   54      3.2410e+07 2.3112e+07  28.7%  73.5  715s
 124458 20126     cutoff   43      3.2410e+07 2.3117e+07  28.7%  73.6  720s
 125157 20150     cutoff   51      3.2410e+07 2.3123e+07  28.7%  73.7  725s
 125919 20192 2.3315e+07   51   54 3.2410e+07 2.3128e+07  28.6%  73.8  730s
 126685 20232 2.3195e+07   45   52 3.2410e+07 2.3135e+07  28.6%  73.9  735s
 127507 20193     cutoff   60      3.2410e+07 2.3142e+07  28.6%  74.1  741s
 128283 20261 2.3388e+07   54   59 3.2410e+07 2.3146e+07  28.6%  74.2  746s
 128969 20260 2.4008e+07   49   58 3.2410e+07 2.3150e+07  28.6%  74.3  750s
 129650 20229     cutoff   53      3.2410e+07 2.3157e+07  28.6%  74.5  755s
 130385 20274     cutoff   60      3.2410e+07 2.3161e+07  28.5%  74.6  760s
 131135 20314 2.3381e+07   55   33 3.2410e+07 2.3166e+07  28.5%  74.7  765s
 131807 20261     cutoff   62      3.2410e+07 2.3172e+07  28.5%  74.8  770s
 132530 20286 2.3341e+07   52   50 3.2410e+07 2.3177e+07  28.5%  75.0  775s
 133215 20292 2.4744e+07   51   48 3.2410e+07 2.3182e+07  28.5%  75.1  780s
 133914 20262 2.8526e+07   54   36 3.2410e+07 2.3188e+07  28.5%  75.2  785s
 134698 20276     cutoff   54      3.2410e+07 2.3194e+07  28.4%  75.3  790s
 135389 20253 2.3417e+07   45   56 3.2410e+07 2.3201e+07  28.4%  75.4  795s
 136043 20187     cutoff   48      3.2410e+07 2.3207e+07  28.4%  75.6  800s
 136777 20216     cutoff   54      3.2410e+07 2.3213e+07  28.4%  75.7  805s
 137485 20190 2.3672e+07   58   57 3.2410e+07 2.3218e+07  28.4%  75.8  810s
 138223 20197     cutoff   52      3.2410e+07 2.3223e+07  28.3%  75.9  815s
 139046 20169 2.3578e+07   34   22 3.2410e+07 2.3230e+07  28.3%  76.1  821s
 139777 20178 2.3494e+07   61   49 3.2410e+07 2.3235e+07  28.3%  76.2  825s
 140434 20224     cutoff   63      3.2410e+07 2.3240e+07  28.3%  76.3  830s
 141104 20248     cutoff   60      3.2410e+07 2.3244e+07  28.3%  76.5  835s
 141914 20228 2.3555e+07   63   49 3.2410e+07 2.3250e+07  28.3%  76.7  841s
 142560 20229     cutoff   61      3.2410e+07 2.3254e+07  28.2%  76.8  845s
 143241 20225     cutoff   48      3.2410e+07 2.3260e+07  28.2%  76.9  850s
 143941 20237 2.3265e+07   53   40 3.2410e+07 2.3265e+07  28.2%  77.0  855s
 144693 20217     cutoff   48      3.2410e+07 2.3270e+07  28.2%  77.2  861s
 145327 20187     cutoff   60      3.2410e+07 2.3276e+07  28.2%  77.3  865s
 146013 20150 infeasible   51      3.2410e+07 2.3281e+07  28.2%  77.4  870s
 146651 20160 2.3346e+07   57   60 3.2410e+07 2.3286e+07  28.2%  77.5  875s
 147365 20197     cutoff   55      3.2410e+07 2.3291e+07  28.1%  77.6  880s
 148006 20171 2.4822e+07   57   51 3.2410e+07 2.3297e+07  28.1%  77.8  885s
 148708 20208     cutoff   54      3.2410e+07 2.3303e+07  28.1%  77.9  890s
 149298 20098 2.3590e+07   58   50 3.2410e+07 2.3309e+07  28.1%  78.0  895s
 150019 20143 2.3327e+07   50   94 3.2410e+07 2.3314e+07  28.1%  78.1  900s
 150682 20080 2.4280e+07   61   68 3.2410e+07 2.3319e+07  28.0%  78.2  905s
 151358 20059     cutoff   61      3.2410e+07 2.3325e+07  28.0%  78.4  910s
 152160 20010     cutoff   52      3.2410e+07 2.3331e+07  28.0%  78.5  916s
 152833 19999 2.3875e+07   68   53 3.2410e+07 2.3336e+07  28.0%  78.6  920s
 153471 19958 2.3938e+07   60   54 3.2410e+07 2.3341e+07  28.0%  78.8  925s
 154076 19905 2.3558e+07   64   39 3.2410e+07 2.3346e+07  28.0%  78.9  930s
 154850 19844 2.3867e+07   51   76 3.2410e+07 2.3354e+07  27.9%  79.1  936s
 155541 19800     cutoff   40      3.2410e+07 2.3360e+07  27.9%  79.2  941s
 156243 19823     cutoff   45      3.2410e+07 2.3366e+07  27.9%  79.3  946s
 156880 19788 2.3646e+07   52   27 3.2410e+07 2.3371e+07  27.9%  79.4  951s
 157521 19773     cutoff   65      3.2410e+07 2.3376e+07  27.9%  79.6  956s
 158011 19729 infeasible   60      3.2410e+07 2.3380e+07  27.9%  79.6  960s
 158585 19690 2.8370e+07   59   40 3.2410e+07 2.3386e+07  27.8%  79.8  965s
 159212 19617 2.3392e+07   52   26 3.2410e+07 2.3392e+07  27.8%  79.9  970s
 159856 19597     cutoff   68      3.2410e+07 2.3397e+07  27.8%  80.0  976s
 160266 19568     cutoff   68      3.2410e+07 2.3401e+07  27.8%  80.1  980s
 160870 19552     cutoff   71      3.2410e+07 2.3406e+07  27.8%  80.2  985s
 161514 19548 2.3869e+07   68   51 3.2410e+07 2.3411e+07  27.8%  80.3  990s
 162086 19485     cutoff   54      3.2410e+07 2.3417e+07  27.7%  80.5  996s
 162587 19447     cutoff   60      3.2410e+07 2.3422e+07  27.7%  80.5 1000s
 163148 19341 2.4131e+07   57   64 3.2410e+07 2.3428e+07  27.7%  80.7 1005s
 163773 19290 2.3970e+07   60   66 3.2410e+07 2.3433e+07  27.7%  80.8 1010s
 164400 19218 2.3451e+07   48   70 3.2410e+07 2.3440e+07  27.7%  80.9 1016s
 164994 19144 2.3695e+07   61   49 3.2410e+07 2.3447e+07  27.7%  81.0 1021s
 165487 19125 infeasible   49      3.2410e+07 2.3451e+07  27.6%  81.1 1025s
 166064 19041 2.4439e+07   54   49 3.2410e+07 2.3458e+07  27.6%  81.2 1030s
 166691 19009     cutoff   61      3.2410e+07 2.3463e+07  27.6%  81.3 1036s
 167153 18954 2.3481e+07   55   70 3.2410e+07 2.3467e+07  27.6%  81.4 1040s
 167720 18885 infeasible   70      3.2410e+07 2.3473e+07  27.6%  81.5 1045s
 168342 18813     cutoff   56      3.2410e+07 2.3479e+07  27.6%  81.6 1050s
 168905 18707 2.4583e+07   68   60 3.2410e+07 2.3486e+07  27.5%  81.8 1055s
 169531 18651 2.3493e+07   55   69 3.2410e+07 2.3493e+07  27.5%  81.9 1061s
 170006 18607 2.3497e+07   47   65 3.2410e+07 2.3497e+07  27.5%  82.0 1065s
 170551 18518     cutoff   62      3.2410e+07 2.3504e+07  27.5%  82.1 1070s
 171112 18423     cutoff   62      3.2410e+07 2.3512e+07  27.5%  82.2 1075s
 171658 18318 2.3809e+07   66   44 3.2410e+07 2.3517e+07  27.4%  82.4 1081s
 172142 18285     cutoff   66      3.2410e+07 2.3522e+07  27.4%  82.4 1086s
 172603 18253 2.5124e+07   69   94 3.2410e+07 2.3527e+07  27.4%  82.5 1091s
 173123 18151 3.1496e+07   68   73 3.2410e+07 2.3533e+07  27.4%  82.6 1095s
 173685 18040     cutoff   54      3.2410e+07 2.3541e+07  27.4%  82.7 1100s
 174100 17940 2.4334e+07   55   38 3.2410e+07 2.3546e+07  27.3%  82.8 1105s
 174441 17838 2.5664e+07   63   59 3.2410e+07 2.3552e+07  27.3%  82.9 1110s
 175038 17739     cutoff   67      3.2410e+07 2.3558e+07  27.3%  83.0 1115s
 175480 17677     cutoff   46      3.2410e+07 2.3563e+07  27.3%  83.1 1120s
 176090 17653     cutoff   48      3.2410e+07 2.3569e+07  27.3%  83.2 1125s
 176470 17577 2.3576e+07   53   44 3.2410e+07 2.3575e+07  27.3%  83.3 1130s
 176871 17512     cutoff   65      3.2410e+07 2.3581e+07  27.2%  83.4 1135s
 177326 17464 infeasible   66      3.2410e+07 2.3586e+07  27.2%  83.5 1140s
 177925 17379 2.3975e+07   61   79 3.2410e+07 2.3594e+07  27.2%  83.5 1146s
 178411 17316 2.4203e+07   66   66 3.2410e+07 2.3600e+07  27.2%  83.6 1151s
 178821 17232 2.3867e+07   50   29 3.2410e+07 2.3606e+07  27.2%  83.7 1155s
 179359 17110     cutoff   57      3.2410e+07 2.3615e+07  27.1%  83.8 1160s
 179803 17071 2.4007e+07   52   59 3.2410e+07 2.3621e+07  27.1%  83.9 1165s
 180225 17018 2.3737e+07   43   22 3.2410e+07 2.3626e+07  27.1%  84.0 1171s
 180646 16938     cutoff   64      3.2410e+07 2.3632e+07  27.1%  84.0 1175s
 181083 16793 2.3843e+07   56   38 3.2410e+07 2.3640e+07  27.1%  84.2 1180s
 181571 16648 2.3652e+07   63   36 3.2410e+07 2.3648e+07  27.0%  84.3 1186s
 182000 16598 infeasible   65      3.2410e+07 2.3653e+07  27.0%  84.4 1190s
 182511 16508 2.3907e+07   54   42 3.2410e+07 2.3662e+07  27.0%  84.5 1195s
 183006 16394     cutoff   51      3.2410e+07 2.3670e+07  27.0%  84.6 1201s
 183433 16314     cutoff   58      3.2410e+07 2.3675e+07  27.0%  84.7 1205s
 183966 16200     cutoff   56      3.2410e+07 2.3684e+07  26.9%  84.8 1211s
 184372 16119 2.3690e+07   60   29 3.2410e+07 2.3690e+07  26.9%  84.9 1216s
 184740 16030     cutoff   56      3.2410e+07 2.3698e+07  26.9%  85.0 1221s
 185121 15918 infeasible   62      3.2410e+07 2.3705e+07  26.9%  85.1 1225s
 185600 15798     cutoff   62      3.2410e+07 2.3713e+07  26.8%  85.1 1231s
 186009 15709 2.3724e+07   67   65 3.2410e+07 2.3721e+07  26.8%  85.2 1235s
 186516 15598 2.3747e+07   43   64 3.2410e+07 2.3730e+07  26.8%  85.3 1241s
 186901 15500     cutoff   60      3.2410e+07 2.3739e+07  26.8%  85.4 1245s
 187292 15402 infeasible   62      3.2410e+07 2.3746e+07  26.7%  85.5 1250s
 187652 15322     cutoff   51      3.2410e+07 2.3752e+07  26.7%  85.5 1255s
 188140 15218     cutoff   59      3.2410e+07 2.3763e+07  26.7%  85.6 1260s
 188704 15109 2.4090e+07   56   55 3.2410e+07 2.3773e+07  26.6%  85.7 1265s
 189173 14989     cutoff   61      3.2410e+07 2.3783e+07  26.6%  85.8 1270s
 189683 14849 2.3881e+07   72   29 3.2410e+07 2.3796e+07  26.6%  86.0 1275s
 190160 14711 2.4948e+07   70   92 3.2410e+07 2.3809e+07  26.5%  86.1 1280s
 190627 14567     cutoff   63      3.2410e+07 2.3821e+07  26.5%  86.2 1285s
 191126 14446     cutoff   62      3.2410e+07 2.3836e+07  26.5%  86.2 1290s
 191584 14323 2.5721e+07   55   74 3.2410e+07 2.3849e+07  26.4%  86.4 1295s
 192060 14189 2.6723e+07   50   62 3.2410e+07 2.3860e+07  26.4%  86.4 1300s
 192565 14043     cutoff   54      3.2410e+07 2.3874e+07  26.3%  86.5 1305s
 193064 13900 2.4044e+07   47   68 3.2410e+07 2.3889e+07  26.3%  86.6 1310s
 193576 13747     cutoff   72      3.2410e+07 2.3906e+07  26.2%  86.7 1315s
 193955 13647 2.4413e+07   47   60 3.2410e+07 2.3918e+07  26.2%  86.8 1320s
 194596 13413 2.4355e+07   62   68 3.2410e+07 2.3946e+07  26.1%  86.9 1325s
 195013 13256     cutoff   55      3.2410e+07 2.3966e+07  26.1%  86.9 1330s
 195531 13111     cutoff   66      3.2410e+07 2.3987e+07  26.0%  87.0 1335s
 196065 12910     cutoff   60      3.2410e+07 2.4013e+07  25.9%  87.0 1340s
 196529 12748     cutoff   67      3.2410e+07 2.4031e+07  25.9%  87.1 1346s
 196986 12606     cutoff   55      3.2410e+07 2.4050e+07  25.8%  87.1 1351s
 197414 12453 2.4285e+07   67   56 3.2410e+07 2.4070e+07  25.7%  87.2 1355s
 197898 12301 2.4101e+07   58   54 3.2410e+07 2.4093e+07  25.7%  87.3 1360s
 198347 12137 2.4295e+07   66   31 3.2410e+07 2.4118e+07  25.6%  87.3 1366s
 198603 12057 2.8294e+07   50   33 3.2410e+07 2.4132e+07  25.5%  87.3 1370s
 199100 11913 2.7029e+07   63   82 3.2410e+07 2.4163e+07  25.4%  87.4 1375s
 199529 11752 2.4195e+07   64   45 3.2410e+07 2.4190e+07  25.4%  87.4 1380s
 199967 11590 2.4875e+07   61   86 3.2410e+07 2.4224e+07  25.3%  87.5 1385s
 200292 11471     cutoff   52      3.2410e+07 2.4246e+07  25.2%  87.5 1390s
 200846 11276 2.4941e+07   62   74 3.2410e+07 2.4291e+07  25.0%  87.6 1396s
 201290 11110 2.4572e+07   55   56 3.2410e+07 2.4324e+07  25.0%  87.6 1401s
 201728 10945 2.4409e+07   53   42 3.2410e+07 2.4362e+07  24.8%  87.6 1405s
 202175 10784 2.4408e+07   62   48 3.2410e+07 2.4405e+07  24.7%  87.7 1411s
 202538 10666 2.4432e+07   44   47 3.2410e+07 2.4432e+07  24.6%  87.7 1415s
 203219 10418     cutoff   53      3.2410e+07 2.4502e+07  24.4%  87.7 1420s
 203734 10212 infeasible   48      3.2410e+07 2.4565e+07  24.2%  87.7 1425s
 204360  9966 2.6078e+07   42   44 3.2410e+07 2.4652e+07  23.9%  87.6 1430s
 205007  9673 2.5808e+07   47   39 3.2410e+07 2.4759e+07  23.6%  87.6 1436s
 205544  9464     cutoff   72      3.2410e+07 2.4834e+07  23.4%  87.6 1440s
 206219  9170     cutoff   46      3.2410e+07 2.4974e+07  22.9%  87.6 1445s
 206915  8877     cutoff   50      3.2410e+07 2.5135e+07  22.4%  87.5 1450s
 207481  8625     cutoff   42      3.2410e+07 2.5264e+07  22.0%  87.5 1455s
 208151  8332     cutoff   67      3.2410e+07 2.5424e+07  21.6%  87.5 1460s
 208742  8040     cutoff   48      3.2410e+07 2.5611e+07  21.0%  87.5 1465s
 209260  7788     cutoff   46      3.2410e+07 2.5801e+07  20.4%  87.5 1470s
 209960  7453 2.6080e+07   45   22 3.2410e+07 2.6080e+07  19.5%  87.4 1475s
 210665  7075     cutoff   54      3.2410e+07 2.6425e+07  18.5%  87.4 1480s
 211341  6697     cutoff   52      3.2410e+07 2.6819e+07  17.3%  87.4 1485s
 211915  6319     cutoff   52      3.2410e+07 2.7398e+07  15.5%  87.4 1490s
 212565  5943 2.7980e+07   40   13 3.2410e+07 2.7953e+07  13.8%  87.4 1495s
 213492  5483     cutoff   47      3.2410e+07 2.8439e+07  12.3%  87.2 1500s
 214038  5105     cutoff   63      3.2410e+07 2.8963e+07  10.6%  87.2 1505s
 214591  4685     cutoff   40      3.2410e+07 2.9855e+07  7.88%  87.3 1510s
 215173  4139     cutoff   64      3.2410e+07 3.1035e+07  4.24%  87.4 1515s
 215792  3553     cutoff   52      3.2410e+07 3.1944e+07  1.44%  87.4 1520s
 216584  2801     cutoff   60      3.2410e+07 3.2151e+07  0.80%  87.4 1525s
 217133  2255     cutoff   57      3.2410e+07 3.2151e+07  0.80%  87.5 1530s
 217526  1880     cutoff   56      3.2410e+07 3.2151e+07  0.80%  87.6 1535s
 218171  1250     cutoff   44      3.2410e+07 3.2316e+07  0.29%  87.6 1540s
 218769   662     cutoff   48      3.2410e+07 3.2345e+07  0.20%  87.6 1545s
 219231   200     cutoff   54      3.2410e+07 3.2345e+07  0.20%  87.7 1550s

Cutting planes:
  Learned: 11
  Gomory: 25
  Cover: 976
  Implied bound: 697
  Clique: 21
  MIR: 85
  Flow cover: 179
  GUB cover: 21
  Zero half: 38

Explored 219585 nodes (19272484 simplex iterations) in 1551.97 seconds
Thread count was 2 (of 4 available processors)

Optimal solution found (tolerance 1.00e-04)
Best objective 3.240990000000e+07, best bound 3.240940000000e+07, gap 0.0015%
k_c1	50000.0
k_c10	899998.0
k_c11	90000.0
k_c12	960000.0
k_c2	150000.0
k_c3	849998.0
k_c4	190000.0
k_c5	1000000.0
k_c6	970000.0
k_c7	940000.0
k_c8	1000000.0
k_c9	899998.0
k_dN	0.0
o_1	0.0
o_10	0.0
o_11	0.0
o_12	0.0
o_2	0.0
o_3	0.0
o_4	0.0
o_5	0.0
o_6	0.0
o_7	0.0
o_8	0.0
o_9	0.0
p_1	0.0
p_10	0.0
p_11	0.0
p_12	0.0
p_2	0.0
p_3	0.0
p_4	0.0
p_5	0.0
p_6	0.0
p_7	0.0
p_8	0.0
p_9	0.0
phi_c1	15144.0
phi_c10	25977.0
phi_c11	17258.0
phi_c12	39094.0
phi_c2	9460.0
phi_c3	15400.0
phi_c4	21796.0
phi_c5	48092.0
phi_c6	41337.0
phi_c7	36467.0
phi_c8	53410.0
phi_c9	32110.0
phi_dN	0.0
pi_c1	300000.0
pi_c10	240000.0
pi_c11	240000.0
pi_c12	300000.0
pi_c2	240000.0
pi_c3	300000.0
pi_c4	300000.0
pi_c5	240000.0
pi_c6	240000.0
pi_c7	240000.0
pi_c8	240000.0
pi_c9	300000.0
pi_dN	0.0
tauD_c1	748500.0
tauD_c10	329850.0
tauD_c11	650000.0
tauD_c12	128125.0
tauD_c2	650000.0
tauD_c3	469375.0
tauD_c4	563900.0
tauD_c5	44500.0
tauD_c6	172700.0
tauD_c7	260900.0
tauD_c8	50000.0
tauD_c9	279000.0
tauD_d0	0.0
tauD_dN	1000000.0
tauS_c1	864950.0
tauS_c10	306450.0
tauS_c11	301950.0
tauS_c12	841900.0
tauS_c2	369299.0
tauS_c3	318024.0
tauS_c4	827375.0
tauS_c5	0.0
tauS_c6	0.0
tauS_c7	0.0
tauS_c8	288025.0
tauS_c9	848025.0
tauS_d0	0.0
tauS_dN	1000000.0
x_c10_c3	1.0
x_c11_c1	1.0
x_c12_c9	1.0
x_c1_dN	1.0
x_c2_dN	1.0
x_c3_dN	1.0
x_c4_c2	1.0
x_c5_c12	1.0
x_c6_c7	1.0
x_c7_c4	1.0
x_c8_c10	1.0
x_c9_c11	1.0
x_d0_c5	1.0
x_d0_c6	1.0
x_d0_c8	1.0
