
Gurobi 6.0.4 (win64) logging started 06/12/15 22:15:58

Read LP format model from file E:\Eigene Dateien\Downloads\Michi shit\VRPTWMS-master\VRPTWMS\instances\mip\fuel\N12-C_DV100-C_SV25_F5_6_No_1.lp
Reading time = 0.00 seconds
(null): 865 rows, 404 columns, 3771 nonzeros
Optimize a model with 865 rows, 404 columns and 3771 nonzeros
Model has 1872 quadratic constraints
WARNING: Only barrier available for SOCP models
Coefficient statistics:
  Matrix range    [1e+00, 1e+02]
  Objective range [4e+00, 1e+03]
  Bounds range    [1e+00, 1e+02]
  RHS range       [1e+00, 1e+02]
Presolve removed 61 rows and 37 columns
Presolve time: 0.17s
Presolved: 4140 rows, 2091 columns, 21085 nonzeros
Variable types: 1612 continuous, 479 integer (416 binary)
Optimize a model with 4140 rows, 2091 columns and 21085 nonzeros
Coefficient statistics:
  Matrix range    [1e+00, 1e+02]
  Objective range [4e+00, 1e+03]
  Bounds range    [9e-01, 1e+02]
  RHS range       [1e+00, 1e+02]

Concurrent LP optimizer: dual simplex and barrier
Showing barrier log only...

Presolve removed 297 rows and 201 columns
Presolved: 3843 rows, 1892 columns, 19786 nonzeros

Root barrier log...

Ordering time: 0.00s

Barrier performed 0 iterations in 0.20 seconds
Barrier solve interrupted - model solved by another algorithm


Solved with dual simplex
Solved in 207 iterations and 0.20 seconds
Optimal objective  4.288124939e+02

Root relaxation: objective 4.288125e+02, 207 iterations, 0.02 seconds

    Nodes    |    Current Node    |     Objective Bounds      |     Work
 Expl Unexpl |  Obj  Depth IntInf | Incumbent    BestBd   Gap | It/Node Time

     0     0  428.81249    0   39          -  428.81249      -     -    0s
     0     0  575.18556    0   60          -  575.18556      -     -    0s
     0     0 1201.71892    0   46          - 1201.71892      -     -    0s
     0     0 1207.75067    0   49          - 1207.75067      -     -    0s
     0     0 1212.68000    0   37          - 1212.68000      -     -    0s
     0     0 1213.00300    0   48          - 1213.00300      -     -    0s
     0     0 1214.04333    0   33          - 1214.04333      -     -    0s
     0     0 1215.29667    0   48          - 1215.29667      -     -    0s
     0     0 1215.44434    0   50          - 1215.44434      -     -    0s
     0     0 1215.45500    0   41          - 1215.45500      -     -    0s
     0     0 1215.45500    0   35          - 1215.45500      -     -    0s
     0     0 1215.51872    0   50          - 1215.51872      -     -    0s
     0     0 1215.51872    0   50          - 1215.51872      -     -    0s
H    0     0                    13577.500000 1215.51872  91.0%     -    0s
     0     0 1215.51872    0   48 13577.5000 1215.51872  91.0%     -    0s
H    0     0                    7388.9100000 1215.51872  83.5%     -    0s
     0     2 1215.51872    0   48 7388.91000 1215.51872  83.5%     -    0s
H  295   239                    6565.1800000 1278.39751  80.5%  31.2    1s
H  342   273                    6442.6200000 1278.39751  80.2%  31.0    1s
H  391   304                    6440.2100000 1278.39751  80.1%  30.1    1s
H  560   409                    5384.7700000 1495.23667  72.2%  28.3    1s
H  613   439                    5369.6800000 1683.42687  68.6%  27.9    1s
H  645   460                    5361.2700000 1683.42687  68.6%  27.3    1s
H  687   434                    4312.4900000 1683.42687  61.0%  27.7    1s
H  854   535                    4276.5600000 2169.70165  49.3%  28.2    1s
H  888   398                    3275.4700000 2169.70165  33.8%  27.9    1s
  1675   675 2275.00331   48   38 3275.47000 2228.53179  32.0%  41.3    5s
  3107  1196     cutoff   42      3275.47000 2237.70976  31.7%  52.6   10s
  5614  2557 2259.84102   27   55 3275.47000 2245.89187  31.4%  60.9   15s
  7019  3290 2371.22471   34   84 3275.47000 2248.72362  31.3%  64.5   20s
  9322  4429 2253.09555   24   52 3275.47000 2252.80667  31.2%  67.9   25s
 11198  5297 2357.81732   30   76 3275.47000 2255.85717  31.1%  71.5   30s
 12834  6056 2327.44094   48   60 3275.47000 2258.48037  31.0%  73.5   35s
 13810  6513 infeasible   53      3275.47000 2260.39753  31.0%  74.4   40s
 15372  7154 2366.14864   34   57 3275.47000 2262.44504  30.9%  76.4   45s
 16680  7719 infeasible   38      3275.47000 2264.31159  30.9%  77.9   50s
 18373  8383     cutoff   39      3275.47000 2266.24131  30.8%  79.6   55s
 19998  9052     cutoff   37      3275.47000 2268.17186  30.8%  80.2   60s
 20997  9511 2297.41312   28   48 3275.47000 2269.19931  30.7%  80.6   69s
 21002  9514 2348.85603   45   58 3275.47000 2269.19931  30.7%  80.6   70s
 21013  9522 2356.22279   34   67 3275.47000 2269.19931  30.7%  80.6   75s
 21022  9528 2348.85603   45   63 3275.47000 2269.19931  30.7%  80.5   80s
 21032  9534 2322.47153   38   62 3275.47000 2269.19931  30.7%  80.5   85s
 21042  9541 2348.85603   45   73 3275.47000 2269.19931  30.7%  80.5   90s
 21173  9587 2269.19931   27   38 3275.47000 2269.19931  30.7%  80.6   97s
 21502  9624 infeasible   39      3275.47000 2269.19931  30.7%  80.2  100s
 23482  9832 2272.78593   41   63 3275.47000 2269.19931  30.7%  79.7  106s
 25846  9969 2273.44442   33   94 3275.47000 2269.19931  30.7%  79.7  114s
 26230  9922 2274.62657   34   89 3275.47000 2269.19931  30.7%  79.7  117s
 27250  9908     cutoff   43      3275.47000 2269.19931  30.7%  80.0  121s
 29440  9895 2269.25203   36   54 3275.47000 2269.19931  30.7%  80.7  127s
 30475  9931 2276.56270   38   44 3275.47000 2270.70419  30.7%  80.8  131s
 31518  9938 2292.61069   38   43 3275.47000 2272.76220  30.6%  81.0  135s
 33597  9868 infeasible   57      3275.47000 2275.78210  30.5%  81.8  141s
 35291  9749 2290.85507   40   63 3275.47000 2278.41993  30.4%  82.5  146s
 36700  9691 2338.31724   40   64 3275.47000 2280.13996  30.4%  82.8  152s
 37420  9619     cutoff   46      3275.47000 2281.30286  30.4%  83.1  155s
 39169  9487 2421.74258   54   93 3275.47000 2283.70753  30.3%  83.9  160s
 40886  9352 2357.97566   48   68 3275.47000 2285.49154  30.2%  84.4  165s
 42508  9292     cutoff   49      3275.47000 2287.44807  30.2%  84.8  170s
 44940  9146 2336.92468   50   50 3275.47000 2289.60210  30.1%  85.4  176s
 46393  8987 2379.83986   55   96 3275.47000 2291.35491  30.0%  86.0  180s
 48328  8683 2368.48518   41   83 3275.47000 2293.66358  30.0%  86.5  186s
 49603  8580 2310.95689   42   72 3275.47000 2295.17811  29.9%  86.9  190s
 51540  9001 2302.43433   47   41 3275.47000 2296.86189  29.9%  87.6  196s
 52716  9212 2348.04765   40   63 3275.47000 2297.85501  29.8%  88.1  201s
 54047  9527 2344.88901   49   66 3275.47000 2299.07118  29.8%  88.4  205s
 55686  9788 infeasible   47      3275.47000 2300.84226  29.8%  88.9  210s
 57367 10039 2611.49059   59   67 3275.47000 2302.36280  29.7%  89.5  216s
 58556 10242 2323.59689   52   70 3275.47000 2303.52028  29.7%  89.8  220s
 60226 10619 infeasible   52      3275.47000 2304.92158  29.6%  90.2  226s
 61798 10920 infeasible   49      3275.47000 2306.25451  29.6%  90.7  231s
 62944 11124 2313.63500   45   50 3275.47000 2307.11300  29.6%  91.0  235s
 64399 11410 infeasible   41      3275.47000 2308.41175  29.5%  91.3  240s
 65961 11644 2354.80590   48   71 3275.47000 2309.51211  29.5%  91.7  246s
 66989 11858 infeasible   49      3275.47000 2310.44968  29.5%  92.0  250s
 68233 11986 2312.46212   46   51 3275.47000 2311.66017  29.4%  92.4  256s
 69271 12174 infeasible   50      3275.47000 2312.58544  29.4%  92.6  260s
 70831 12454 2342.27143   52   89 3275.47000 2313.77643  29.4%  92.9  265s
 72182 12653 2330.00202   49   56 3275.47000 2314.59400  29.3%  93.2  270s
 74037 12844 2333.63295   49   65 3275.47000 2316.06593  29.3%  93.7  276s
 75530 13088     cutoff   54      3275.47000 2317.16576  29.3%  93.9  281s
 77070 13362     cutoff   48      3275.47000 2318.13996  29.2%  94.1  286s
 77885 13445     cutoff   40      3275.47000 2318.94161  29.2%  94.4  290s
 79514 13607 2469.82766   49  100 3275.47000 2320.12142  29.2%  94.7  296s
 80829 13780     cutoff   43      3275.47000 2321.17678  29.1%  95.1  301s
 81990 13957 2446.83576   72   56 3275.47000 2322.12092  29.1%  95.3  305s
 82992 13929 infeasible   45      3275.47000 2322.92314  29.1%  95.7  310s
 84683 14072 2394.82490   49  110 3275.47000 2324.11838  29.0%  96.1  316s
 85851 14132 2347.25516   44   77 3275.47000 2325.05866  29.0%  96.5  321s
 87145 14224 2341.02520   54   34 3275.47000 2325.95979  29.0%  96.7  326s
 88185 14297 infeasible   53      3275.47000 2326.63680  29.0%  96.9  330s
 89408 14359     cutoff   56      3275.47000 2327.61053  28.9%  97.1  335s
 90710 14321 infeasible   44      3275.47000 2328.78366  28.9%  97.4  341s
 91923 14405 2347.03406   46   73 3275.47000 2329.73575  28.9%  97.6  345s
 92995 14432 2341.04291   48   57 3275.47000 2330.53987  28.8%  97.9  351s
 94097 14460 infeasible   46      3275.47000 2331.48966  28.8%  98.1  355s
 95252 14538     cutoff   60      3275.47000 2332.23171  28.8%  98.4  360s
 96557 14503 2359.37475   43   79 3275.47000 2333.35484  28.8%  98.8  365s
 97698 14535 infeasible   43      3275.47000 2334.18182  28.7%  99.1  370s
 99161 14588 2345.83327   51   56 3275.47000 2335.30854  28.7%  99.4  375s
 100577 14607 2523.07561   55   88 3275.47000 2336.40297  28.7%   100  380s
 101827 14532 infeasible   52      3275.47000 2337.43613  28.6%   100  385s
 103288 14542 infeasible   53      3275.47000 2338.46890  28.6%   100  391s
 104327 14556 infeasible   48      3275.47000 2339.34715  28.6%   100  395s
 105738 14568 infeasible   41      3275.47000 2340.26313  28.6%   101  400s
 106984 14545     cutoff   41      3275.47000 2341.23466  28.5%   101  405s
 108121 14442 infeasible   49      3275.47000 2342.33721  28.5%   101  410s
 109279 14344 2349.46021   61   71 3275.47000 2343.36236  28.5%   101  415s
 110550 14299 2362.52169   56   56 3275.47000 2344.36283  28.4%   102  420s
 111977 14122 2371.10901   63  110 3275.47000 2345.59232  28.4%   102  425s
 113097 13984 infeasible   49      3275.47000 2346.62013  28.4%   102  430s
 114288 13864 infeasible   52      3275.47000 2347.49624  28.3%   103  436s
 115488 13788     cutoff   50      3275.47000 2348.71360  28.3%   103  440s
 116537 13635 infeasible   54      3275.47000 2349.67206  28.3%   103  445s
 117902 13474 2369.41816   47   78 3275.47000 2350.98400  28.2%   103  451s
 118998 13362 2374.63455   50   67 3275.47000 2352.03775  28.2%   104  455s
 120174 13278 2353.32446   49   63 3275.47000 2353.05348  28.2%   104  460s
 121526 13124     cutoff   51      3275.47000 2354.29064  28.1%   104  466s
 122645 12980 infeasible   48      3275.47000 2355.33359  28.1%   104  470s
 123801 12777 infeasible   60      3275.47000 2356.56733  28.1%   105  475s
 125130 12630     cutoff   44      3275.47000 2357.92346  28.0%   105  480s
 126361 12417 infeasible   54      3275.47000 2359.31684  28.0%   105  485s
 127583 12199 infeasible   45      3275.47000 2360.63539  27.9%   106  490s
 128504 12006 infeasible   50      3275.47000 2361.76427  27.9%   106  495s
 129649 11875 infeasible   55      3275.47000 2362.75533  27.9%   106  500s
 130590 11705     cutoff   50      3275.47000 2363.64036  27.8%   106  505s
 131758 11480 infeasible   61      3275.47000 2364.96367  27.8%   107  510s
 132940 11208 infeasible   50      3275.47000 2366.19750  27.8%   107  515s
 134141 10972     cutoff   62      3275.47000 2367.59479  27.7%   107  520s
 135003 10748 infeasible   41      3275.47000 2368.62201  27.7%   108  525s
 136225 10505     cutoff   47      3275.47000 2369.90686  27.6%   108  530s
 137144 10299 infeasible   49      3275.47000 2371.08476  27.6%   108  535s
 138160 10113 2487.71208   56  109 3275.47000 2372.21745  27.6%   108  540s
 139213  9817 2390.26043   60   64 3275.47000 2373.61552  27.5%   109  545s
 140260  9503 2401.10474   70   76 3275.47000 2375.06902  27.5%   109  550s
 141449  9192 infeasible   47      3275.47000 2376.89241  27.4%   109  555s
 142432  8884     cutoff   50      3275.47000 2378.45516  27.4%   109  560s
 143649  8692 infeasible   53      3275.47000 2380.10015  27.3%   110  565s
 144833  8313 2437.65105   46   62 3275.47000 2381.99041  27.3%   110  570s
 145797  8012 infeasible   51      3275.47000 2383.64244  27.2%   110  575s
 146912  7745 infeasible   55      3275.47000 2385.34269  27.2%   111  580s
 147884  7459 2433.91095   68   61 3275.47000 2387.03553  27.1%   111  585s
 148960  7236 infeasible   67      3275.47000 2388.80355  27.1%   111  591s
 149993  6934 infeasible   68      3275.47000 2390.71618  27.0%   111  595s
 150999  6539 infeasible   63      3275.47000 2392.98119  26.9%   112  600s
 152021  6254 infeasible   64      3275.47000 2395.05351  26.9%   112  605s
 153168  5884 infeasible   57      3275.47000 2397.95688  26.8%   112  610s
 154235  5595 infeasible   57      3275.47000 2400.37135  26.7%   112  615s
 155202  5304 infeasible   57      3275.47000 2402.69850  26.6%   112  620s
 156346  4925     cutoff   48      3275.47000 2405.77131  26.6%   113  625s
 157419  4681 2418.03942   54   78 3275.47000 2408.72713  26.5%   113  630s
 158131  4453 infeasible   56      3275.47000 2410.72833  26.4%   113  636s
 159055  4132 infeasible   47      3275.47000 2413.57382  26.3%   113  640s
 160103  3758 infeasible   53      3275.47000 2417.33369  26.2%   114  645s
 160970  3449 2501.67036   71   78 3275.47000 2420.86474  26.1%   114  650s
 162061  3095 infeasible   74      3275.47000 2425.14500  26.0%   114  655s
 163021  2796     cutoff   56      3275.47000 2429.32972  25.8%   114  660s
 164091  2378     cutoff   63      3275.47000 2435.04482  25.7%   114  665s
 165272  1886 2473.27522   73   68 3275.47000 2443.13589  25.4%   115  670s
 166307  1460 infeasible   75      3275.47000 2452.19949  25.1%   115  675s
 167263   906 infeasible   74      3275.47000 2466.25521  24.7%   115  680s
 168052   449 infeasible   72      3275.47000 2487.77124  24.0%   115  685s

Cutting planes:
  Learned: 28
  Gomory: 47
  Cover: 899
  Implied bound: 640
  Clique: 12
  MIR: 149
  Flow cover: 135
  GUB cover: 4
  Zero half: 72
  Mod-K: 3

Explored 169980 nodes (19517604 simplex iterations) in 689.16 seconds
Thread count was 4 (of 4 available processors)

Optimal solution found (tolerance 1.00e-04)
Best objective 3.275470000000e+03, best bound 3.275470000000e+03, gap 0.0%
k_c1	3.0
k_c10	94.0
k_c11	100.0
k_c12	100.0
k_c2	4.0
k_c3	89.0
k_c4	87.0
k_c5	97.0
k_c6	6.0
k_c7	83.0
k_c8	93.0
k_c9	87.0
k_dN	0.0
o_1	0.0
o_10	0.0
o_11	0.0
o_12	0.0
o_2	0.0
o_3	0.0
o_4	0.0
o_5	0.0
o_6	0.0
o_7	0.0
o_8	0.0
o_9	0.0
p_1	0.0
p_10	0.0
p_11	0.0
p_12	0.0
p_2	0.0
p_3	1.0
p_4	0.0
p_5	0.0
p_6	0.0
p_7	0.0
p_8	1.0
p_9	0.0
phi_c1	2.0
phi_c10	1.0
phi_c11	3.0
phi_c12	4.0
phi_c2	1.0
phi_c3	0.0
phi_c4	3.0
phi_c5	2.0
phi_c6	2.0
phi_c7	3.0
phi_c8	0.0
phi_c9	4.0
phi_dN	0.0
pi_c1	20.0
pi_c10	20.0
pi_c11	20.0
pi_c12	0.0
pi_c2	20.0
pi_c3	20.0
pi_c4	20.0
pi_c5	20.0
pi_c6	20.0
pi_c7	0.0
pi_c8	5.0
pi_c9	20.0
pi_dN	0.0
tauD_c1	82.0
tauD_c10	24.0
tauD_c11	7.0
tauD_c12	3.0
tauD_c2	78.0
tauD_c3	36.0
tauD_c4	75.0
tauD_c5	25.0
tauD_c6	70.0
tauD_c7	60.0
tauD_c8	50.0
tauD_c9	52.0
tauD_d0	0.0
tauD_dN	100.0
tauS_c1	86.0
tauS_c10	83.0
tauS_c11	85.0
tauS_c12	9.0
tauS_c2	8.0
tauS_c3	8.0
tauS_c4	86.0
tauS_c5	85.0
tauS_c6	86.0
tauS_c7	10.0
tauS_c8	55.0
tauS_c9	84.0
tauS_d0	0.0
tauS_dN	69.0
x_c10_c3	1.0
x_c11_c10	1.0
x_c12_c5	1.0
x_c1_dN	1.0
x_c2_dN	1.0
x_c3_c9	1.0
x_c4_c1	1.0
x_c5_c8	1.0
x_c6_c2	1.0
x_c7_c6	1.0
x_c8_c4	1.0
x_c9_c7	1.0
x_d0_c11	1.0
x_d0_c12	1.0
z_c3_c8	1.0
z_c8_dN	1.0
z_d0_c3	1.0
