
Gurobi 6.0.4 (win64) logging started 06/20/15 17:53:56

Read LP format model from file C:\MT\repository\VRPTWMS\instances\mip\fuel\N12-C_DV100-C_SV30_F6_3_No_1.lp
Reading time = 0.02 seconds
(null): 865 rows, 404 columns, 3771 nonzeros
Optimize a model with 865 rows, 404 columns and 3771 nonzeros
Model has 1872 quadratic constraints
Coefficient statistics:
  Matrix range    [1e+00, 1e+06]
  Objective range [3e+04, 1e+07]
  Bounds range    [1e+00, 1e+06]
  RHS range       [1e+00, 1e+06]
Presolve removed 71 rows and 44 columns
Presolve time: 0.98s
Presolved: 3924 rows, 1978 columns, 20013 nonzeros
Variable types: 1512 continuous, 466 integer (403 binary)
Found heuristic solution: objective 1.241270e+08

Root relaxation: objective 5.953160e+06, 169 iterations, 0.01 seconds

    Nodes    |    Current Node    |     Objective Bounds      |     Work
 Expl Unexpl |  Obj  Depth IntInf | Incumbent    BestBd   Gap | It/Node Time

     0     0 5953159.57    0   36 1.2413e+08 5953159.57  95.2%     -    1s
H    0     0                    1.035260e+08 5953159.57  94.2%     -    1s
     0     0 1.1932e+07    0   43 1.0353e+08 1.1932e+07  88.5%     -    1s
H    0     0                    9.340640e+07 1.1932e+07  87.2%     -    1s
     0     0 1.2018e+07    0   41 9.3406e+07 1.2018e+07  87.1%     -    1s
     0     0 1.2054e+07    0   25 9.3406e+07 1.2054e+07  87.1%     -    1s
H    0     0                    5.276080e+07 1.2054e+07  77.2%     -    1s
     0     0 1.2056e+07    0   31 5.2761e+07 1.2056e+07  77.2%     -    1s
H    0     0                    4.250920e+07 1.2056e+07  71.6%     -    1s
     0     0 1.2056e+07    0   28 4.2509e+07 1.2056e+07  71.6%     -    1s
     0     0 1.2056e+07    0   29 4.2509e+07 1.2056e+07  71.6%     -    1s
     0     0 1.2056e+07    0   30 4.2509e+07 1.2056e+07  71.6%     -    1s
     0     0 1.2056e+07    0   28 4.2509e+07 1.2056e+07  71.6%     -    1s
     0     0 1.2056e+07    0   28 4.2509e+07 1.2056e+07  71.6%     -    1s
     0     0 1.2056e+07    0   28 4.2509e+07 1.2056e+07  71.6%     -    1s
     0     2 1.2056e+07    0   28 4.2509e+07 1.2056e+07  71.6%     -    1s
H   27    26                    4.227910e+07 1.2147e+07  71.3%  23.6    1s
H  188   137                    3.226770e+07 1.2148e+07  62.4%  16.8    2s
   733   439 2.2579e+07   17   47 3.2268e+07 2.1924e+07  32.1%  21.3    5s
H  874   477                    3.220980e+07 2.2074e+07  31.5%  28.7    9s
   906   481     cutoff   40      3.2210e+07 2.2074e+07  31.5%  30.4   10s
  1644   581     cutoff   33      3.2210e+07 2.2120e+07  31.3%  44.0   15s
  2362   764 2.5288e+07   46   59 3.2210e+07 2.2154e+07  31.2%  52.7   21s
  2882   950 infeasible   45      3.2210e+07 2.2172e+07  31.2%  56.8   25s
  3580  1216 2.2348e+07   28   42 3.2210e+07 2.2191e+07  31.1%  60.3   30s
  4114  1405 2.2458e+07   27   39 3.2210e+07 2.2213e+07  31.0%  62.2   35s
  5022  1717 infeasible   61      3.2210e+07 2.2229e+07  31.0%  64.7   40s
  5554  1898     cutoff   41      3.2210e+07 2.2240e+07  31.0%  66.6   45s
  6439  2140 2.2383e+07   37   38 3.2210e+07 2.2258e+07  30.9%  69.3   50s
  7126  2343     cutoff   62      3.2210e+07 2.2271e+07  30.9%  70.0   55s
  7954  2606 2.3358e+07   35   55 3.2210e+07 2.2281e+07  30.8%  71.3   60s
  8432  2756 2.3218e+07   31   62 3.2210e+07 2.2285e+07  30.8%  71.7   65s
  9165  2967 2.2654e+07   35   51 3.2210e+07 2.2294e+07  30.8%  72.4   70s
  9926  3167 2.4396e+07   54   68 3.2210e+07 2.2303e+07  30.8%  72.9   75s
 10767  3405 2.2956e+07   54   53 3.2210e+07 2.2312e+07  30.7%  72.9   81s
 11348  3558 infeasible   46      3.2210e+07 2.2320e+07  30.7%  73.3   86s
 11929  3679 2.3356e+07   37   57 3.2210e+07 2.2328e+07  30.7%  73.5   90s
 12501  3827 2.2548e+07   32   77 3.2210e+07 2.2334e+07  30.7%  74.0   95s
 13260  3984 2.2535e+07   33   27 3.2210e+07 2.2345e+07  30.6%  74.5  100s
 13636  4068 2.2526e+07   25   38 3.2210e+07 2.2349e+07  30.6%  74.8  106s
 14186  4174 2.2798e+07   34   61 3.2210e+07 2.2354e+07  30.6%  75.2  110s
 14571  4283 2.2619e+07   47   28 3.2210e+07 2.2358e+07  30.6%  75.5  119s
 14574  4285 2.2709e+07   28   39 3.2210e+07 2.2358e+07  30.6%  75.5  120s
 14593  4299 2.2358e+07   31   35 3.2210e+07 2.2358e+07  30.6%  75.5  125s
 14690  4317 2.3128e+07   48   19 3.2210e+07 2.2358e+07  30.6%  75.6  131s
 15062  4402     cutoff   68      3.2210e+07 2.2358e+07  30.6%  75.3  135s
 16140  4534 2.2358e+07   42   25 3.2210e+07 2.2358e+07  30.6%  75.3  142s
 16921  4642 2.3598e+07   45   65 3.2210e+07 2.2358e+07  30.6%  75.6  146s
 17734  4708 infeasible   48      3.2210e+07 2.2358e+07  30.6%  76.0  151s
 18570  4726 2.2473e+07   38   41 3.2210e+07 2.2358e+07  30.6%  76.6  156s
 19456  4773     cutoff   69      3.2210e+07 2.2358e+07  30.6%  77.0  160s
 20243  4788     cutoff   48      3.2210e+07 2.2358e+07  30.6%  77.6  165s
 21197  4768 2.2703e+07   40   34 3.2210e+07 2.2358e+07  30.6%  78.0  171s
 22276  4788 2.2722e+07   41   41 3.2210e+07 2.2358e+07  30.6%  78.1  177s
 22773  4729 2.3382e+07   49   33 3.2210e+07 2.2358e+07  30.6%  78.4  180s
 23814  4665 2.2366e+07   38   20 3.2210e+07 2.2358e+07  30.6%  78.8  185s
 24828  4618 infeasible   46      3.2210e+07 2.2358e+07  30.6%  79.2  192s
 25280  4544 2.2533e+07   43   30 3.2210e+07 2.2358e+07  30.6%  79.6  195s
 26212  4493     cutoff   49      3.2210e+07 2.2358e+07  30.6%  79.7  201s
 27013  4433 2.2684e+07   40   31 3.2210e+07 2.2358e+07  30.6%  80.1  206s
 27635  4409 2.2726e+07   46   29 3.2210e+07 2.2358e+07  30.6%  80.6  212s
 28065  4548 2.2800e+07   47   52 3.2210e+07 2.2358e+07  30.6%  80.8  215s
 28845  4775 2.2668e+07   36   29 3.2210e+07 2.2359e+07  30.6%  81.2  220s
 29470  4909     cutoff   54      3.2210e+07 2.2365e+07  30.6%  81.4  226s
 30114  5070 2.2373e+07   42   38 3.2210e+07 2.2373e+07  30.5%  81.7  232s
 30620  5176     cutoff   42      3.2210e+07 2.2380e+07  30.5%  82.1  237s
 30990  5277 2.2940e+07   43   20 3.2210e+07 2.2383e+07  30.5%  82.2  241s
 31604  5414 2.2415e+07   46   33 3.2210e+07 2.2392e+07  30.5%  82.5  246s
 32155  5549     cutoff   60      3.2210e+07 2.2395e+07  30.5%  82.8  252s
 32523  5656 2.3550e+07   38   41 3.2210e+07 2.2398e+07  30.5%  82.9  255s
 33221  5892 2.2437e+07   42   21 3.2210e+07 2.2403e+07  30.4%  83.0  261s
 33911  6047 2.4546e+07   48   52 3.2210e+07 2.2409e+07  30.4%  83.3  266s
 34597  6201 2.2494e+07   43   31 3.2210e+07 2.2414e+07  30.4%  83.6  272s
 35233  6316 2.3241e+07   40   46 3.2210e+07 2.2419e+07  30.4%  83.9  277s
 35827  6396 2.2940e+07   38   23 3.2210e+07 2.2424e+07  30.4%  84.2  281s
 36448  6529 infeasible   59      3.2210e+07 2.2430e+07  30.4%  84.4  286s
 37032  6674 2.3594e+07   49   33 3.2210e+07 2.2436e+07  30.3%  84.6  291s
 37402  6761 2.2461e+07   43   34 3.2210e+07 2.2438e+07  30.3%  84.7  295s
 37885  6856 2.2722e+07   46   23 3.2210e+07 2.2440e+07  30.3%  84.9  300s
 38708  7055 2.3062e+07   48   41 3.2210e+07 2.2447e+07  30.3%  85.3  307s
 39154  7180 2.5501e+07   59   64 3.2210e+07 2.2451e+07  30.3%  85.5  311s
 39690  7286 2.3024e+07   42   36 3.2210e+07 2.2454e+07  30.3%  85.8  315s
 40130  7317     cutoff   41      3.2210e+07 2.2458e+07  30.3%  86.1  320s
 40779  7463 2.2749e+07   52   68 3.2210e+07 2.2464e+07  30.3%  86.3  325s
 41713  7644 2.2596e+07   37   77 3.2210e+07 2.2471e+07  30.2%  86.5  332s
 42284  7745 2.2744e+07   50   55 3.2210e+07 2.2474e+07  30.2%  86.7  336s
 42761  7866 2.3290e+07   58   37 3.2210e+07 2.2477e+07  30.2%  86.8  341s
 43403  8015     cutoff   50      3.2210e+07 2.2481e+07  30.2%  86.9  346s
 43948  8135 2.3468e+07   47   29 3.2210e+07 2.2484e+07  30.2%  87.0  351s
 44494  8265 2.2592e+07   55   45 3.2210e+07 2.2488e+07  30.2%  87.2  356s
 44929  8359 2.4277e+07   44   62 3.2210e+07 2.2490e+07  30.2%  87.4  360s
 45769  8549 infeasible   54      3.2210e+07 2.2496e+07  30.2%  87.7  366s
 46305  8685     cutoff   52      3.2210e+07 2.2499e+07  30.1%  87.7  371s
 46886  8824 infeasible   46      3.2210e+07 2.2502e+07  30.1%  87.9  375s
 47733  8980     cutoff   35      3.2210e+07 2.2507e+07  30.1%  87.9  381s
 48305  9091     cutoff   47      3.2210e+07 2.2510e+07  30.1%  88.0  385s
 48886  9239 2.2766e+07   48   17 3.2210e+07 2.2514e+07  30.1%  88.1  390s
 49243  9298     cutoff   61      3.2210e+07 2.2515e+07  30.1%  88.2  395s
 50117  9486 2.2964e+07   47   36 3.2210e+07 2.2520e+07  30.1%  88.4  401s
 50659  9560 2.3268e+07   39   76 3.2210e+07 2.2522e+07  30.1%  88.6  405s
 51195  9648     cutoff   46      3.2210e+07 2.2527e+07  30.1%  88.8  410s
 51954  9749     cutoff   52      3.2210e+07 2.2530e+07  30.1%  89.1  416s
 52393  9872     cutoff   50      3.2210e+07 2.2532e+07  30.0%  89.1  421s
 52923 10011 2.3739e+07   63   56 3.2210e+07 2.2535e+07  30.0%  89.1  425s
 53413 10090 2.3189e+07   48   45 3.2210e+07 2.2538e+07  30.0%  89.2  430s
 54121 10173 2.2653e+07   47   35 3.2210e+07 2.2542e+07  30.0%  89.6  436s
 54593 10246 infeasible   50      3.2210e+07 2.2544e+07  30.0%  89.7  441s
 54997 10336 2.3380e+07   61   38 3.2210e+07 2.2546e+07  30.0%  89.8  445s
 55740 10420 2.2668e+07   44   35 3.2210e+07 2.2550e+07  30.0%  90.1  451s
 56112 10475 2.2688e+07   39   38 3.2210e+07 2.2552e+07  30.0%  90.3  455s
 56928 10602     cutoff   54      3.2210e+07 2.2556e+07  30.0%  90.5  461s
 57433 10683     cutoff   47      3.2210e+07 2.2560e+07  30.0%  90.6  466s
 57819 10726 2.3021e+07   54   22 3.2210e+07 2.2562e+07  30.0%  90.7  470s
 58589 10910 2.3437e+07   49   39 3.2210e+07 2.2566e+07  29.9%  90.9  477s
 58892 10909 2.2573e+07   46   36 3.2210e+07 2.2567e+07  29.9%  91.0  481s
 59452 11033 infeasible   49      3.2210e+07 2.2570e+07  29.9%  91.1  486s
 59973 11119 2.8005e+07   53   22 3.2210e+07 2.2573e+07  29.9%  91.3  490s
 60723 11209 infeasible   49      3.2210e+07 2.2577e+07  29.9%  91.4  496s
 61217 11313     cutoff   45      3.2210e+07 2.2580e+07  29.9%  91.5  500s
 61925 11433 2.3022e+07   48   78 3.2210e+07 2.2584e+07  29.9%  91.6  506s
 62406 11511 2.2761e+07   44   54 3.2210e+07 2.2586e+07  29.9%  91.8  511s
 62871 11607     cutoff   57      3.2210e+07 2.2588e+07  29.9%  91.9  517s
 63126 11605 2.3267e+07   47   81 3.2210e+07 2.2589e+07  29.9%  92.0  521s
 63643 11680 2.4904e+07   56   28 3.2210e+07 2.2592e+07  29.9%  92.1  525s
 64361 11775     cutoff   51      3.2210e+07 2.2597e+07  29.8%  92.2  530s
 64999 11910 2.2833e+07   47   32 3.2210e+07 2.2600e+07  29.8%  92.3  536s
 65489 12028 2.3023e+07   51   53 3.2210e+07 2.2603e+07  29.8%  92.5  540s
 66314 12174     cutoff   43      3.2210e+07 2.2607e+07  29.8%  92.5  545s
 67074 12287 2.2611e+07   50   20 3.2210e+07 2.2610e+07  29.8%  92.8  551s
 67592 12385 2.2875e+07   43   44 3.2210e+07 2.2613e+07  29.8%  92.8  555s
 68299 12496 2.3343e+07   48   59 3.2210e+07 2.2616e+07  29.8%  93.0  560s
 69109 12646 2.2863e+07   49  100 3.2210e+07 2.2620e+07  29.8%  93.1  565s
 69784 12719     cutoff   52      3.2210e+07 2.2623e+07  29.8%  93.3  571s
 70310 12818 2.2922e+07   51   48 3.2210e+07 2.2626e+07  29.8%  93.4  575s
 71053 12922 infeasible   51      3.2210e+07 2.2629e+07  29.7%  93.6  581s
 71568 13017     cutoff   63      3.2210e+07 2.2631e+07  29.7%  93.7  585s
 72268 13083     cutoff   53      3.2210e+07 2.2635e+07  29.7%  93.9  591s
 72790 13168 infeasible   46      3.2210e+07 2.2638e+07  29.7%  93.9  595s
 73512 13277 infeasible   57      3.2210e+07 2.2642e+07  29.7%  94.0  601s
 73951 13349 infeasible   73      3.2210e+07 2.2644e+07  29.7%  94.1  605s
 74649 13423 infeasible   64      3.2210e+07 2.2647e+07  29.7%  94.3  611s
 75146 13511     cutoff   41      3.2210e+07 2.2650e+07  29.7%  94.4  615s
 75801 13595 2.2818e+07   63  100 3.2210e+07 2.2653e+07  29.7%  94.6  621s
 76302 13666     cutoff   56      3.2210e+07 2.2654e+07  29.7%  94.6  625s
 77046 13779 2.3069e+07   51   24 3.2210e+07 2.2657e+07  29.7%  94.7  631s
 77489 13840 infeasible   60      3.2210e+07 2.2659e+07  29.7%  94.8  635s
 78206 13953     cutoff   44      3.2210e+07 2.2662e+07  29.6%  95.0  641s
 78961 14062 2.3188e+07   50   48 3.2210e+07 2.2665e+07  29.6%  95.1  646s
 79431 14121 2.3006e+07   47   40 3.2210e+07 2.2667e+07  29.6%  95.2  650s
 80142 14209 2.3190e+07   57   78 3.2210e+07 2.2670e+07  29.6%  95.3  656s
 80574 14231 2.3413e+07   50   71 3.2210e+07 2.2672e+07  29.6%  95.4  661s
 81322 14346 2.3366e+07   62   25 3.2210e+07 2.2675e+07  29.6%  95.4  666s
 81776 14412 infeasible   51      3.2210e+07 2.2677e+07  29.6%  95.5  670s
 82397 14443 infeasible   53      3.2210e+07 2.2680e+07  29.6%  95.8  676s
 83217 14609 infeasible   63      3.2210e+07 2.2683e+07  29.6%  95.7  681s
 83965 14756     cutoff   52      3.2210e+07 2.2686e+07  29.6%  95.8  686s
 84700 14887 2.2965e+07   61   45 3.2210e+07 2.2688e+07  29.6%  95.9  691s
 85434 15016 2.3569e+07   62   40 3.2210e+07 2.2691e+07  29.6%  95.9  696s
 86169 15180 2.3190e+07   51   34 3.2210e+07 2.2693e+07  29.5%  95.9  701s
 86601 15210 infeasible   48      3.2210e+07 2.2695e+07  29.5%  96.0  705s
 87332 15296     cutoff   47      3.2210e+07 2.2699e+07  29.5%  96.1  710s
 88047 15444 2.2764e+07   45   39 3.2210e+07 2.2702e+07  29.5%  96.1  715s
 88775 15563 infeasible   49      3.2210e+07 2.2704e+07  29.5%  96.2  720s
 89495 15666 infeasible   54      3.2210e+07 2.2707e+07  29.5%  96.3  725s
 90233 15757 2.3178e+07   47   59 3.2210e+07 2.2710e+07  29.5%  96.4  730s
 90856 15834 2.3302e+07   68   32 3.2210e+07 2.2713e+07  29.5%  96.5  735s
 91568 15922 2.7898e+07   43   30 3.2210e+07 2.2716e+07  29.5%  96.6  740s
 92243 15983     cutoff   65      3.2210e+07 2.2720e+07  29.5%  96.7  745s
 92947 16028     cutoff   46      3.2210e+07 2.2722e+07  29.5%  96.8  750s
 93596 16090 2.2857e+07   46   25 3.2210e+07 2.2726e+07  29.4%  96.9  755s
 94289 16202 infeasible   58      3.2210e+07 2.2728e+07  29.4%  97.0  761s
 95059 16341 2.2755e+07   56   78 3.2210e+07 2.2731e+07  29.4%  97.0  766s
 95709 16379 infeasible   60      3.2210e+07 2.2734e+07  29.4%  97.1  771s
 96295 16453     cutoff   54      3.2210e+07 2.2737e+07  29.4%  97.2  776s
 96969 16535 infeasible   44      3.2210e+07 2.2740e+07  29.4%  97.3  781s
 97640 16604 2.3009e+07   44   64 3.2210e+07 2.2743e+07  29.4%  97.4  786s
 98319 16689 infeasible   47      3.2210e+07 2.2746e+07  29.4%  97.4  791s
 98809 16768     cutoff   57      3.2210e+07 2.2748e+07  29.4%  97.5  795s
 99422 16797 infeasible   52      3.2210e+07 2.2751e+07  29.4%  97.6  800s
 100065 16836 2.3061e+07   47   20 3.2210e+07 2.2754e+07  29.4%  97.7  805s
 100700 16921 2.3059e+07   55   90 3.2210e+07 2.2757e+07  29.3%  97.7  812s
 100986 16954 infeasible   49      3.2210e+07 2.2758e+07  29.3%  97.7  815s
 101517 17042 infeasible   47      3.2210e+07 2.2760e+07  29.3%  97.7  820s
 102170 17103 infeasible   58      3.2210e+07 2.2763e+07  29.3%  97.8  826s
 102870 17200 2.3111e+07   61   35 3.2210e+07 2.2766e+07  29.3%  97.9  831s
 103491 17270     cutoff   53      3.2210e+07 2.2770e+07  29.3%  98.0  836s
 103911 17316 2.3358e+07   50   47 3.2210e+07 2.2771e+07  29.3%  98.1  840s
 104627 17392 infeasible   50      3.2210e+07 2.2774e+07  29.3%  98.1  845s
 105342 17475     cutoff   53      3.2210e+07 2.2778e+07  29.3%  98.1  850s
 105981 17496 2.3969e+07   63   66 3.2210e+07 2.2781e+07  29.3%  98.2  855s
 106628 17527 infeasible   46      3.2210e+07 2.2785e+07  29.3%  98.3  860s
 107076 17569 infeasible   56      3.2210e+07 2.2787e+07  29.3%  98.3  865s
 107692 17626     cutoff   58      3.2210e+07 2.2789e+07  29.2%  98.4  870s
 108355 17672 2.2980e+07   48   63 3.2210e+07 2.2793e+07  29.2%  98.5  875s
 109007 17737 2.3018e+07   58   68 3.2210e+07 2.2796e+07  29.2%  98.5  881s
 109677 17821     cutoff   43      3.2210e+07 2.2798e+07  29.2%  98.6  886s
 110372 17901 2.3479e+07   56   30 3.2210e+07 2.2800e+07  29.2%  98.7  891s
 110803 17971 2.3558e+07   66   75 3.2210e+07 2.2802e+07  29.2%  98.7  895s
 111411 18027 2.3248e+07   62   75 3.2210e+07 2.2804e+07  29.2%  98.9  900s
 112089 18076     cutoff   60      3.2210e+07 2.2807e+07  29.2%  98.9  905s
 112603 18129 infeasible   73      3.2210e+07 2.2809e+07  29.2%  99.0  911s
 113256 18215 2.2872e+07   44   18 3.2210e+07 2.2812e+07  29.2%  99.0  916s
 113827 18186 infeasible   59      3.2210e+07 2.2816e+07  29.2%  99.1  921s
 114238 18197 2.2981e+07   40   16 3.2210e+07 2.2818e+07  29.2%  99.2  925s
 114875 18228 2.5292e+07   51   55 3.2210e+07 2.2821e+07  29.1%  99.3  930s
 115576 18296 infeasible   54      3.2210e+07 2.2823e+07  29.1%  99.3  935s
 116184 18334 2.2828e+07   45   49 3.2210e+07 2.2825e+07  29.1%  99.4  940s
 116740 18390     cutoff   49      3.2210e+07 2.2828e+07  29.1%  99.4  945s
 117392 18420 infeasible   40      3.2210e+07 2.2831e+07  29.1%  99.5  950s
 118012 18423     cutoff   49      3.2210e+07 2.2835e+07  29.1%   100  955s
 118493 18459 2.2889e+07   38   36 3.2210e+07 2.2836e+07  29.1%   100  961s
 119157 18510 2.3385e+07   51   68 3.2210e+07 2.2839e+07  29.1%   100  965s
 119769 18523     cutoff   62      3.2210e+07 2.2841e+07  29.1%   100  970s
 120345 18552     cutoff   57      3.2210e+07 2.2845e+07  29.1%   100  975s
 121020 18649 2.3473e+07   56   98 3.2210e+07 2.2847e+07  29.1%   100  980s
 121587 18710     cutoff   55      3.2210e+07 2.2849e+07  29.1%   100  985s
 122145 18747 2.2930e+07   45   51 3.2210e+07 2.2852e+07  29.1%   100  990s
 122790 18785     cutoff   54      3.2210e+07 2.2854e+07  29.0%   100  995s
 123506 18810     cutoff   46      3.2210e+07 2.2857e+07  29.0%   100 1001s
 124134 18857     cutoff   47      3.2210e+07 2.2860e+07  29.0%   100 1006s
 124483 18870     cutoff   45      3.2210e+07 2.2861e+07  29.0%   100 1010s
 125093 18904     cutoff   53      3.2210e+07 2.2863e+07  29.0%   100 1015s
 125634 18922 2.3126e+07   60   40 3.2210e+07 2.2866e+07  29.0%   100 1020s
 126221 18944     cutoff   71      3.2210e+07 2.2869e+07  29.0%   101 1027s
 126539 18947 infeasible   47      3.2210e+07 2.2871e+07  29.0%   101 1030s
 127146 18990 2.3354e+07   48   40 3.2210e+07 2.2873e+07  29.0%   101 1035s
 127755 19036     cutoff   46      3.2210e+07 2.2875e+07  29.0%   101 1041s
 128074 19044 infeasible   57      3.2210e+07 2.2877e+07  29.0%   101 1045s
 128703 19111 infeasible   62      3.2210e+07 2.2879e+07  29.0%   101 1051s
 129147 19126 2.4360e+07   57   92 3.2210e+07 2.2881e+07  29.0%   101 1055s
 129742 19174 2.3135e+07   52   22 3.2210e+07 2.2883e+07  29.0%   101 1061s
 130333 19191 2.3702e+07   52   54 3.2210e+07 2.2885e+07  28.9%   101 1066s
 130885 19183 infeasible   47      3.2210e+07 2.2887e+07  28.9%   101 1071s
 131200 19198     cutoff   53      3.2210e+07 2.2888e+07  28.9%   101 1075s
 132032 19320 infeasible   47      3.2210e+07 2.2892e+07  28.9%   101 1081s
 132673 19354 infeasible   59      3.2210e+07 2.2895e+07  28.9%   101 1086s
 132870 19357     cutoff   48      3.2210e+07 2.2896e+07  28.9%   101 1090s
 133499 19421     cutoff   51      3.2210e+07 2.2898e+07  28.9%   101 1095s
 134100 19466 infeasible   42      3.2210e+07 2.2900e+07  28.9%   101 1100s
 134727 19515 2.3146e+07   61   34 3.2210e+07 2.2902e+07  28.9%   101 1105s
 135390 19554     cutoff   49      3.2210e+07 2.2905e+07  28.9%   101 1110s
 136016 19615 2.3368e+07   50   42 3.2210e+07 2.2907e+07  28.9%   101 1115s
 136470 19648 infeasible   55      3.2210e+07 2.2908e+07  28.9%   101 1120s
 137070 19692 infeasible   63      3.2210e+07 2.2911e+07  28.9%   102 1125s
 137660 19707 2.3473e+07   56   85 3.2210e+07 2.2913e+07  28.9%   102 1130s
 138144 19691 infeasible   46      3.2210e+07 2.2915e+07  28.9%   102 1137s
 138427 19653 2.2969e+07   55   45 3.2210e+07 2.2916e+07  28.9%   102 1140s
 138973 19644 infeasible   60      3.2210e+07 2.2919e+07  28.8%   102 1145s
 139566 19693 infeasible   50      3.2210e+07 2.2921e+07  28.8%   102 1150s
 140041 19758 2.3193e+07   48   47 3.2210e+07 2.2923e+07  28.8%   102 1155s
 140597 19758     cutoff   39      3.2210e+07 2.2925e+07  28.8%   102 1161s
 141129 19753 infeasible   58      3.2210e+07 2.2928e+07  28.8%   102 1166s
 141730 19763     cutoff   46      3.2210e+07 2.2931e+07  28.8%   102 1171s
 142246 19782 2.8186e+07   64   43 3.2210e+07 2.2933e+07  28.8%   102 1176s
 142623 19829 infeasible   49      3.2210e+07 2.2935e+07  28.8%   102 1180s
 143226 19867     cutoff   57      3.2210e+07 2.2936e+07  28.8%   102 1187s
 143548 19875 2.3232e+07   53   36 3.2210e+07 2.2938e+07  28.8%   102 1190s
 144110 19954 infeasible   59      3.2210e+07 2.2940e+07  28.8%   102 1195s
 144515 19933 2.3091e+07   45   41 3.2210e+07 2.2941e+07  28.8%   102 1200s
 145175 19984 infeasible   51      3.2210e+07 2.2944e+07  28.8%   102 1205s
 145715 20005 2.3585e+07   52   73 3.2210e+07 2.2946e+07  28.8%   103 1210s
 146296 20027 infeasible   68      3.2210e+07 2.2948e+07  28.8%   103 1215s
 146746 20090 2.2952e+07   57   68 3.2210e+07 2.2949e+07  28.8%   103 1220s
 147335 20107 2.3439e+07   66   90 3.2210e+07 2.2951e+07  28.7%   103 1225s
 147947 20125 infeasible   59      3.2210e+07 2.2954e+07  28.7%   103 1230s
 148411 20141     cutoff   56      3.2210e+07 2.2956e+07  28.7%   103 1235s
 148959 20118 2.4454e+07   52   52 3.2210e+07 2.2958e+07  28.7%   103 1240s
 149552 20157     cutoff   54      3.2210e+07 2.2960e+07  28.7%   103 1245s
 150194 20214 2.3813e+07   57   19 3.2210e+07 2.2963e+07  28.7%   103 1250s
 150879 20272     cutoff   65      3.2210e+07 2.2965e+07  28.7%   103 1255s
 151381 20280 infeasible   52      3.2210e+07 2.2967e+07  28.7%   103 1261s
 151981 20295 infeasible   46      3.2210e+07 2.2969e+07  28.7%   103 1265s
 152536 20310 2.2983e+07   61   29 3.2210e+07 2.2971e+07  28.7%   103 1270s
 153064 20302 2.3283e+07   49   33 3.2210e+07 2.2973e+07  28.7%   103 1276s
 153470 20323 infeasible   63      3.2210e+07 2.2975e+07  28.7%   103 1280s
 153932 20340     cutoff   61      3.2210e+07 2.2976e+07  28.7%   103 1286s
 154465 20332     cutoff   64      3.2210e+07 2.2979e+07  28.7%   103 1291s
 155087 20372     cutoff   45      3.2210e+07 2.2981e+07  28.7%   103 1296s
 155729 20492     cutoff   54      3.2210e+07 2.2983e+07  28.6%   103 1301s
 156247 20513 infeasible   64      3.2210e+07 2.2985e+07  28.6%   103 1306s
 156776 20528 2.3252e+07   63   44 3.2210e+07 2.2987e+07  28.6%   104 1311s
 157419 20587     cutoff   46      3.2210e+07 2.2989e+07  28.6%   104 1315s
 157885 20554 2.3154e+07   41   49 3.2210e+07 2.2992e+07  28.6%   104 1320s
 158469 20613     cutoff   55      3.2210e+07 2.2994e+07  28.6%   104 1326s
 158892 20552 infeasible   48      3.2210e+07 2.2996e+07  28.6%   104 1330s
 159526 20589 2.5122e+07   64   45 3.2210e+07 2.2998e+07  28.6%   104 1336s
 159890 20620 2.3023e+07   56   49 3.2210e+07 2.2999e+07  28.6%   104 1340s
 160425 20635 2.3354e+07   51   32 3.2210e+07 2.3001e+07  28.6%   104 1345s
 160846 20614 2.3213e+07   37   47 3.2210e+07 2.3002e+07  28.6%   104 1350s
 161585 20622 infeasible   58      3.2210e+07 2.3005e+07  28.6%   104 1356s
 162027 20647     cutoff   50      3.2210e+07 2.3007e+07  28.6%   104 1360s
 162557 20679 infeasible   52      3.2210e+07 2.3008e+07  28.6%   104 1366s
 162989 20633 infeasible   57      3.2210e+07 2.3011e+07  28.6%   104 1371s
 163638 20707 infeasible   50      3.2210e+07 2.3013e+07  28.6%   104 1376s
 164271 20780     cutoff   48      3.2210e+07 2.3015e+07  28.5%   104 1381s
 164829 20775 2.3185e+07   44   34 3.2210e+07 2.3017e+07  28.5%   104 1386s
 165291 20790 infeasible   38      3.2210e+07 2.3019e+07  28.5%   104 1391s
 165847 20782     cutoff   53      3.2210e+07 2.3021e+07  28.5%   104 1396s
 166219 20763 2.5323e+07   62   59 3.2210e+07 2.3023e+07  28.5%   104 1400s
 166771 20754 2.3071e+07   42   46 3.2210e+07 2.3025e+07  28.5%   104 1405s
 167307 20721     cutoff   47      3.2210e+07 2.3027e+07  28.5%   105 1410s
 167783 20687 infeasible   61      3.2210e+07 2.3030e+07  28.5%   105 1415s
 168348 20717 infeasible   60      3.2210e+07 2.3032e+07  28.5%   105 1422s
 168643 20725 2.3685e+07   64   79 3.2210e+07 2.3032e+07  28.5%   105 1426s
 169025 20745 infeasible   47      3.2210e+07 2.3033e+07  28.5%   105 1430s
 169721 20726     cutoff   43      3.2210e+07 2.3036e+07  28.5%   105 1436s
 170205 20707 infeasible   46      3.2210e+07 2.3038e+07  28.5%   105 1440s
 170767 20712     cutoff   45      3.2210e+07 2.3041e+07  28.5%   105 1445s
 171474 20687     cutoff   67      3.2210e+07 2.3043e+07  28.5%   105 1451s
 172067 20670 2.3075e+07   49   34 3.2210e+07 2.3045e+07  28.5%   105 1455s
 172428 20632 infeasible   47      3.2210e+07 2.3047e+07  28.4%   105 1460s
 173123 20591     cutoff   57      3.2210e+07 2.3050e+07  28.4%   105 1466s
 173709 20582     cutoff   49      3.2210e+07 2.3052e+07  28.4%   105 1470s
 174194 20544 2.3327e+07   62   75 3.2210e+07 2.3054e+07  28.4%   105 1475s
 174724 20531 infeasible   68      3.2210e+07 2.3056e+07  28.4%   105 1480s
 175377 20511 infeasible   66      3.2210e+07 2.3059e+07  28.4%   105 1486s
 175973 20511     cutoff   48      3.2210e+07 2.3061e+07  28.4%   105 1491s
 176427 20525 2.3569e+07   60   63 3.2210e+07 2.3062e+07  28.4%   105 1496s
 176779 20543 2.3519e+07   47   62 3.2210e+07 2.3064e+07  28.4%   105 1500s
 177343 20572 infeasible   54      3.2210e+07 2.3065e+07  28.4%   106 1505s
 177795 20535 2.4253e+07   51   71 3.2210e+07 2.3068e+07  28.4%   106 1511s
 178222 20479 2.3120e+07   55   59 3.2210e+07 2.3070e+07  28.4%   106 1515s
 178750 20472     cutoff   56      3.2210e+07 2.3073e+07  28.4%   106 1520s
 179343 20478     cutoff   47      3.2210e+07 2.3074e+07  28.4%   106 1525s
 179819 20479     cutoff   55      3.2210e+07 2.3076e+07  28.4%   106 1530s
 180396 20503     cutoff   55      3.2210e+07 2.3079e+07  28.3%   106 1536s
 180844 20464 2.3185e+07   53   35 3.2210e+07 2.3081e+07  28.3%   106 1541s
 181216 20495     cutoff   59      3.2210e+07 2.3082e+07  28.3%   106 1545s
 181614 20443 infeasible   56      3.2210e+07 2.3083e+07  28.3%   106 1550s
 182173 20414 2.3754e+07   48   46 3.2210e+07 2.3085e+07  28.3%   106 1555s
 182730 20438     cutoff   46      3.2210e+07 2.3087e+07  28.3%   106 1560s
 183194 20403 2.4022e+07   50   64 3.2210e+07 2.3089e+07  28.3%   106 1565s
 183726 20406 2.4155e+07   51   58 3.2210e+07 2.3091e+07  28.3%   106 1570s
 184276 20398 infeasible   74      3.2210e+07 2.3093e+07  28.3%   106 1575s
 184797 20406 2.3361e+07   49   31 3.2210e+07 2.3095e+07  28.3%   106 1581s
 185307 20394     cutoff   65      3.2210e+07 2.3097e+07  28.3%   106 1586s
 185628 20362 infeasible   44      3.2210e+07 2.3098e+07  28.3%   106 1590s
 186107 20343 2.3709e+07   55   53 3.2210e+07 2.3099e+07  28.3%   106 1596s
 186617 20344 2.6731e+07   56   54 3.2210e+07 2.3101e+07  28.3%   107 1601s
 186909 20318     cutoff   55      3.2210e+07 2.3103e+07  28.3%   107 1605s
 187466 20318     cutoff   73      3.2210e+07 2.3105e+07  28.3%   107 1610s
 187956 20309 2.3603e+07   54   43 3.2210e+07 2.3107e+07  28.3%   107 1616s
 188468 20308     cutoff   59      3.2210e+07 2.3109e+07  28.3%   107 1621s
 188990 20287 2.3217e+07   56   24 3.2210e+07 2.3111e+07  28.2%   107 1626s
 189502 20269 2.3228e+07   45   55 3.2210e+07 2.3113e+07  28.2%   107 1631s
 189897 20289 2.3359e+07   56   56 3.2210e+07 2.3115e+07  28.2%   107 1635s
 190478 20289     cutoff   62      3.2210e+07 2.3117e+07  28.2%   107 1640s
 191006 20280 2.8945e+07   59   48 3.2210e+07 2.3120e+07  28.2%   107 1645s
 191551 20284 2.3516e+07   57   38 3.2210e+07 2.3121e+07  28.2%   107 1650s
 192200 20233     cutoff   57      3.2210e+07 2.3125e+07  28.2%   107 1655s
 192729 20236 infeasible   55      3.2210e+07 2.3127e+07  28.2%   107 1660s
 193277 20240     cutoff   46      3.2210e+07 2.3129e+07  28.2%   107 1665s
 193923 20201 2.3136e+07   51   20 3.2210e+07 2.3132e+07  28.2%   107 1671s
 194450 20190 2.3733e+07   48   72 3.2210e+07 2.3134e+07  28.2%   107 1675s
 195133 20242 infeasible   53      3.2210e+07 2.3136e+07  28.2%   107 1680s
 195822 20220 2.3190e+07   46   54 3.2210e+07 2.3138e+07  28.2%   107 1686s
 196250 20195     cutoff   55      3.2210e+07 2.3140e+07  28.2%   107 1691s
 196809 20215 2.3294e+07   61   30 3.2210e+07 2.3142e+07  28.2%   107 1695s
 197329 20181 2.3327e+07   51   57 3.2210e+07 2.3144e+07  28.1%   107 1700s
 198080 20187 2.3241e+07   64    9 3.2210e+07 2.3147e+07  28.1%   107 1706s
 198448 20175     cutoff   48      3.2210e+07 2.3148e+07  28.1%   108 1710s
 199041 20140 infeasible   52      3.2210e+07 2.3151e+07  28.1%   108 1716s
 199496 20106 2.3263e+07   50   53 3.2210e+07 2.3153e+07  28.1%   108 1721s
 200082 20021 infeasible   55      3.2210e+07 2.3155e+07  28.1%   108 1726s
 200626 19995 2.3358e+07   56   20 3.2210e+07 2.3158e+07  28.1%   108 1730s
 201186 19977     cutoff   59      3.2210e+07 2.3160e+07  28.1%   108 1735s
 201836 19918 2.3321e+07   56   74 3.2210e+07 2.3163e+07  28.1%   108 1740s
 202259 19872 2.4690e+07   52   53 3.2210e+07 2.3165e+07  28.1%   108 1745s
 202830 19792 2.3575e+07   59   30 3.2210e+07 2.3168e+07  28.1%   108 1750s
 203358 19784     cutoff   57      3.2210e+07 2.3169e+07  28.1%   108 1755s
 204093 19760     cutoff   54      3.2210e+07 2.3173e+07  28.1%   108 1761s
 204615 19777 infeasible   59      3.2210e+07 2.3174e+07  28.1%   108 1765s
 205194 19786 infeasible   57      3.2210e+07 2.3176e+07  28.0%   108 1770s
 205820 19741 infeasible   61      3.2210e+07 2.3180e+07  28.0%   108 1775s
 206483 19705 2.8407e+07   55   50 3.2210e+07 2.3183e+07  28.0%   108 1781s
 207001 19680 infeasible   56      3.2210e+07 2.3185e+07  28.0%   108 1785s
 207644 19642     cutoff   51      3.2210e+07 2.3188e+07  28.0%   108 1790s
 208205 19583     cutoff   41      3.2210e+07 2.3191e+07  28.0%   109 1796s
 208729 19558 2.3200e+07   44   23 3.2210e+07 2.3193e+07  28.0%   109 1800s
 209334 19473 infeasible   45      3.2210e+07 2.3196e+07  28.0%   109 1805s
 209801 19427     cutoff   54      3.2210e+07 2.3198e+07  28.0%   109 1810s
 210300 19385 infeasible   48      3.2210e+07 2.3200e+07  28.0%   109 1815s
 210827 19382     cutoff   48      3.2210e+07 2.3201e+07  28.0%   109 1820s
 211423 19304 2.4014e+07   47   63 3.2210e+07 2.3205e+07  28.0%   109 1826s
 211833 19228 2.3212e+07   50   24 3.2210e+07 2.3207e+07  28.0%   109 1830s
 212354 19211 2.3347e+07   52   68 3.2210e+07 2.3209e+07  27.9%   109 1835s
 212954 19142 2.3508e+07   54   48 3.2210e+07 2.3211e+07  27.9%   109 1840s
 213579 19061     cutoff   63      3.2210e+07 2.3214e+07  27.9%   109 1846s
 214109 19028 2.3242e+07   45   39 3.2210e+07 2.3216e+07  27.9%   109 1851s
 214669 18939 2.3303e+07   57   56 3.2210e+07 2.3219e+07  27.9%   109 1856s
 215203 18899 2.4149e+07   56   48 3.2210e+07 2.3221e+07  27.9%   109 1860s
 215697 18794 2.3238e+07   59   33 3.2210e+07 2.3224e+07  27.9%   109 1867s
 216032 18778 infeasible   58      3.2210e+07 2.3225e+07  27.9%   110 1870s
 216521 18758     cutoff   37      3.2210e+07 2.3227e+07  27.9%   110 1875s
 217255 18673     cutoff   55      3.2210e+07 2.3231e+07  27.9%   110 1881s
 217596 18592 2.3545e+07   55   54 3.2210e+07 2.3233e+07  27.9%   110 1886s
 218159 18572 2.3337e+07   50   60 3.2210e+07 2.3235e+07  27.9%   110 1890s
 218651 18526 infeasible   59      3.2210e+07 2.3237e+07  27.9%   110 1895s
 219244 18441 2.3467e+07   55   30 3.2210e+07 2.3240e+07  27.8%   110 1900s
 219781 18355     cutoff   51      3.2210e+07 2.3243e+07  27.8%   110 1906s
 220247 18321 infeasible   52      3.2210e+07 2.3245e+07  27.8%   110 1910s
 220779 18256 infeasible   55      3.2210e+07 2.3248e+07  27.8%   110 1915s
 221310 18159 2.3755e+07   54   55 3.2210e+07 2.3251e+07  27.8%   110 1921s
 221884 18067     cutoff   54      3.2210e+07 2.3253e+07  27.8%   110 1926s
 222293 17986 infeasible   69      3.2210e+07 2.3256e+07  27.8%   110 1930s
 222936 17917     cutoff   54      3.2210e+07 2.3258e+07  27.8%   110 1935s
 223524 17825     cutoff   51      3.2210e+07 2.3261e+07  27.8%   110 1940s
 223995 17797     cutoff   48      3.2210e+07 2.3264e+07  27.8%   111 1945s
 224639 17727 2.3385e+07   44   33 3.2210e+07 2.3266e+07  27.8%   111 1950s
 225103 17674     cutoff   56      3.2210e+07 2.3268e+07  27.8%   111 1955s
 225749 17654 infeasible   56      3.2210e+07 2.3271e+07  27.8%   111 1960s
 226253 17553     cutoff   47      3.2210e+07 2.3274e+07  27.7%   111 1965s
 226836 17464 2.6855e+07   49   62 3.2210e+07 2.3276e+07  27.7%   111 1970s
 227378 17373     cutoff   63      3.2210e+07 2.3279e+07  27.7%   111 1975s
 227943 17238 2.3350e+07   47   45 3.2210e+07 2.3283e+07  27.7%   111 1981s
 228341 17168 2.3517e+07   58   36 3.2210e+07 2.3285e+07  27.7%   111 1985s
 228858 17057 2.3367e+07   65   25 3.2210e+07 2.3288e+07  27.7%   111 1990s
 229306 16987     cutoff   53      3.2210e+07 2.3290e+07  27.7%   111 1995s
 229842 16886 infeasible   53      3.2210e+07 2.3293e+07  27.7%   111 2000s
 230373 16790 infeasible   48      3.2210e+07 2.3296e+07  27.7%   111 2006s
 230807 16721 2.3445e+07   53   37 3.2210e+07 2.3298e+07  27.7%   111 2010s
 231379 16629 infeasible   57      3.2210e+07 2.3301e+07  27.7%   112 2016s
 231771 16548     cutoff   59      3.2210e+07 2.3303e+07  27.7%   112 2020s
 232192 16481     cutoff   43      3.2210e+07 2.3305e+07  27.6%   112 2025s
 232694 16367     cutoff   50      3.2210e+07 2.3309e+07  27.6%   112 2031s
 233165 16309 2.3682e+07   66   21 3.2210e+07 2.3311e+07  27.6%   112 2035s
 233727 16189 2.3408e+07   56   31 3.2210e+07 2.3314e+07  27.6%   112 2041s
 234123 16111 2.3317e+07   50   52 3.2210e+07 2.3316e+07  27.6%   112 2045s
 234490 16018 2.3690e+07   64   70 3.2210e+07 2.3319e+07  27.6%   112 2050s
 234990 15888 infeasible   62      3.2210e+07 2.3322e+07  27.6%   112 2055s
 235341 15806 infeasible   61      3.2210e+07 2.3324e+07  27.6%   112 2060s
 235699 15737 2.3644e+07   63   80 3.2210e+07 2.3326e+07  27.6%   112 2065s
 236242 15626     cutoff   62      3.2210e+07 2.3330e+07  27.6%   112 2070s
 236810 15480 2.3360e+07   65   92 3.2210e+07 2.3334e+07  27.6%   112 2076s
 237349 15376 infeasible   60      3.2210e+07 2.3337e+07  27.5%   113 2081s
 237764 15309 2.5029e+07   65   80 3.2210e+07 2.3339e+07  27.5%   113 2085s
 238279 15202     cutoff   60      3.2210e+07 2.3342e+07  27.5%   113 2090s
 238860 15097 2.3346e+07   50   81 3.2210e+07 2.3345e+07  27.5%   113 2095s
 239378 15011 2.3510e+07   57   67 3.2210e+07 2.3349e+07  27.5%   113 2100s
 239883 14890 infeasible   75      3.2210e+07 2.3352e+07  27.5%   113 2105s
 240346 14758 infeasible   54      3.2210e+07 2.3356e+07  27.5%   113 2110s
 240872 14677     cutoff   46      3.2210e+07 2.3360e+07  27.5%   113 2115s
 241280 14619 2.3365e+07   57   77 3.2210e+07 2.3362e+07  27.5%   113 2120s
 241852 14549 2.3434e+07   58   74 3.2210e+07 2.3365e+07  27.5%   113 2125s
 242377 14445 infeasible   57      3.2210e+07 2.3369e+07  27.4%   113 2130s
 242872 14316 infeasible   48      3.2210e+07 2.3373e+07  27.4%   113 2135s
 243361 14196     cutoff   47      3.2210e+07 2.3376e+07  27.4%   113 2140s
 243963 14060 infeasible   59      3.2210e+07 2.3380e+07  27.4%   113 2145s
 244453 13951     cutoff   54      3.2210e+07 2.3383e+07  27.4%   113 2150s
 244962 13847 infeasible   63      3.2210e+07 2.3386e+07  27.4%   114 2155s
 245443 13764 infeasible   53      3.2210e+07 2.3389e+07  27.4%   114 2161s
 245807 13674 infeasible   50      3.2210e+07 2.3392e+07  27.4%   114 2165s
 246285 13553     cutoff   53      3.2210e+07 2.3395e+07  27.4%   114 2170s
 246679 13509     cutoff   53      3.2210e+07 2.3398e+07  27.4%   114 2175s
 247068 13373 infeasible   53      3.2210e+07 2.3401e+07  27.3%   114 2180s
 247404 13280 2.4367e+07   44   69 3.2210e+07 2.3404e+07  27.3%   114 2185s
 247951 13131 2.3430e+07   40   42 3.2210e+07 2.3408e+07  27.3%   114 2191s
 248475 13013 2.4331e+07   55   96 3.2210e+07 2.3412e+07  27.3%   114 2196s
 248956 12903 infeasible   56      3.2210e+07 2.3416e+07  27.3%   114 2200s
 249483 12794     cutoff   52      3.2210e+07 2.3420e+07  27.3%   114 2205s
 249958 12678 infeasible   53      3.2210e+07 2.3424e+07  27.3%   114 2210s
 250453 12570 2.3642e+07   54   52 3.2210e+07 2.3428e+07  27.3%   114 2215s
 250955 12445 infeasible   61      3.2210e+07 2.3432e+07  27.3%   114 2220s
 251502 12289 infeasible   55      3.2210e+07 2.3437e+07  27.2%   115 2225s
 252037 12177     cutoff   63      3.2210e+07 2.3440e+07  27.2%   115 2230s
 252519 12068     cutoff   65      3.2210e+07 2.3445e+07  27.2%   115 2235s
 252973 11939 infeasible   48      3.2210e+07 2.3448e+07  27.2%   115 2240s
 253536 11780 infeasible   59      3.2210e+07 2.3453e+07  27.2%   115 2246s
 254006 11677 infeasible   55      3.2210e+07 2.3457e+07  27.2%   115 2250s
 254496 11545     cutoff   67      3.2210e+07 2.3461e+07  27.2%   115 2255s
 255040 11390 infeasible   68      3.2210e+07 2.3466e+07  27.1%   115 2260s
 255534 11288 infeasible   49      3.2210e+07 2.3471e+07  27.1%   115 2265s
 256010 11168 2.3832e+07   60   69 3.2210e+07 2.3475e+07  27.1%   115 2270s
 256519 11059 infeasible   50      3.2210e+07 2.3479e+07  27.1%   115 2275s
 257069 10903 infeasible   58      3.2210e+07 2.3484e+07  27.1%   115 2280s
 257484 10771 infeasible   59      3.2210e+07 2.3489e+07  27.1%   115 2285s
 258032 10598     cutoff   54      3.2210e+07 2.3494e+07  27.1%   116 2290s
 258478 10448 infeasible   45      3.2210e+07 2.3499e+07  27.0%   116 2295s
 258976 10278 infeasible   71      3.2210e+07 2.3505e+07  27.0%   116 2300s
 259456 10143     cutoff   70      3.2210e+07 2.3509e+07  27.0%   116 2305s
 259972  9982 2.3679e+07   44   51 3.2210e+07 2.3515e+07  27.0%   116 2310s
 260496  9824 infeasible   46      3.2210e+07 2.3521e+07  27.0%   116 2315s
 260932  9683     cutoff   61      3.2210e+07 2.3526e+07  27.0%   116 2320s
 261424  9509 infeasible   70      3.2210e+07 2.3533e+07  26.9%   116 2325s
 262000  9356 2.3777e+07   49   41 3.2210e+07 2.3539e+07  26.9%   116 2330s
 262530  9205 infeasible   63      3.2210e+07 2.3546e+07  26.9%   116 2335s
 263036  9043 2.3742e+07   42   56 3.2210e+07 2.3553e+07  26.9%   116 2340s
 263476  8903 infeasible   67      3.2210e+07 2.3559e+07  26.9%   116 2345s
 264069  8694 2.3804e+07   51   40 3.2210e+07 2.3566e+07  26.8%   117 2350s
 264561  8528 infeasible   57      3.2210e+07 2.3572e+07  26.8%   117 2355s
 265005  8334 infeasible   60      3.2210e+07 2.3579e+07  26.8%   117 2360s
 265516  8165 infeasible   70      3.2210e+07 2.3586e+07  26.8%   117 2366s
 265990  7984 infeasible   55      3.2210e+07 2.3593e+07  26.8%   117 2371s
 266428  7858     cutoff   56      3.2210e+07 2.3599e+07  26.7%   117 2375s
 266955  7624 2.4210e+07   64   50 3.2210e+07 2.3608e+07  26.7%   117 2380s
 267486  7463 infeasible   50      3.2210e+07 2.3616e+07  26.7%   117 2385s
 267953  7287 2.3857e+07   65   71 3.2210e+07 2.3624e+07  26.7%   117 2390s
 268417  7098 2.3768e+07   50   24 3.2210e+07 2.3633e+07  26.6%   117 2395s
 268888  6921 2.3843e+07   51   45 3.2210e+07 2.3642e+07  26.6%   117 2400s
 269415  6750 infeasible   63      3.2210e+07 2.3650e+07  26.6%   117 2405s
 269826  6617     cutoff   54      3.2210e+07 2.3658e+07  26.6%   118 2410s
 270304  6439 2.3806e+07   58   39 3.2210e+07 2.3668e+07  26.5%   118 2415s
 270855  6208 2.4338e+07   60   71 3.2210e+07 2.3679e+07  26.5%   118 2421s
 271252  6010 infeasible   69      3.2210e+07 2.3690e+07  26.5%   118 2425s
 271692  5821 2.4391e+07   69   77 3.2210e+07 2.3701e+07  26.4%   118 2430s
 272213  5600 2.4018e+07   52   63 3.2210e+07 2.3715e+07  26.4%   118 2435s
 272617  5412     cutoff   62      3.2210e+07 2.3728e+07  26.3%   118 2440s
 273113  5175 infeasible   49      3.2210e+07 2.3743e+07  26.3%   118 2445s
 273556  4987     cutoff   50      3.2210e+07 2.3756e+07  26.2%   118 2450s
 273973  4799 infeasible   55      3.2210e+07 2.3770e+07  26.2%   118 2455s
 274432  4569 infeasible   50      3.2210e+07 2.3788e+07  26.1%   119 2460s
 274823  4366 2.3957e+07   50   39 3.2210e+07 2.3806e+07  26.1%   119 2465s
 275387  4091     cutoff   54      3.2210e+07 2.3833e+07  26.0%   119 2470s
 275854  3857     cutoff   61      3.2210e+07 2.3858e+07  25.9%   119 2475s
 276169  3668 infeasible   60      3.2210e+07 2.3878e+07  25.9%   119 2480s
 276599  3421     cutoff   53      3.2210e+07 2.3908e+07  25.8%   119 2485s
 277112  3140 infeasible   62      3.2210e+07 2.3957e+07  25.6%   119 2490s
 277591  2902 2.5497e+07   50   86 3.2210e+07 2.4002e+07  25.5%   119 2495s
 278053  2612 infeasible   57      3.2210e+07 2.4072e+07  25.3%   119 2500s
 278558  2281     cutoff   55      3.2210e+07 2.4190e+07  24.9%   119 2505s
 279061  1903 infeasible   58      3.2210e+07 2.4412e+07  24.2%   120 2510s
 279668  1441     cutoff   58      3.2210e+07 2.4891e+07  22.7%   120 2515s
 280334   895     cutoff   59      3.2210e+07 2.6556e+07  17.6%   120 2520s
 281052   223     cutoff   57      3.2210e+07 3.0970e+07  3.85%   120 2525s

Cutting planes:
  Learned: 13
  Gomory: 22
  Cover: 809
  Implied bound: 769
  Clique: 16
  MIR: 90
  Flow cover: 190
  GUB cover: 7
  Zero half: 44

Explored 281317 nodes (33651929 simplex iterations) in 2526.61 seconds
Thread count was 2 (of 4 available processors)

Optimal solution found (tolerance 1.00e-04)
Best objective 3.220980000000e+07, best bound 3.220980000000e+07, gap 0.0%
k_c1	40001.0
k_c10	60002.0
k_c11	50001.0
k_c12	999999.0
k_c2	969999.0
k_c3	100002.0
k_c4	1000000.0
k_c5	979999.0
k_c6	170003.0
k_c7	939998.0
k_c8	1000000.0
k_c9	30001.0
k_dN	0.0
o_1	0.0
o_10	0.0
o_11	0.0
o_12	0.0
o_2	0.0
o_3	0.0
o_4	0.0
o_5	0.0
o_6	0.0
o_7	0.0
o_8	0.0
o_9	0.0
p_1	0.0
p_10	0.0
p_11	0.0
p_12	0.0
p_2	0.0
p_3	0.0
p_4	0.0
p_5	0.0
p_6	0.0
p_7	0.0
p_8	0.0
p_9	0.0
phi_c1	1893.0
phi_c10	10303.0
phi_c11	9948.0
phi_c12	55932.0
phi_c2	39220.0
phi_c3	14464.0
phi_c4	50902.0
phi_c5	30442.0
phi_c6	23189.0
phi_c7	40972.0
phi_c8	40499.0
phi_c9	4282.0
phi_dN	0.0
pi_c1	300000.0
pi_c10	300000.0
pi_c11	300000.0
pi_c12	300000.0
pi_c2	300000.0
pi_c3	300000.0
pi_c4	300000.0
pi_c5	300000.0
pi_c6	300000.0
pi_c7	300000.0
pi_c8	300000.0
pi_c9	300000.0
pi_dN	0.0
tauD_c1	800000.0
tauD_c10	450000.0
tauD_c11	849999.0
tauD_c12	500001.0
tauD_c2	445296.0
tauD_c3	703023.0
tauD_c4	100776.0
tauD_c5	344199.0
tauD_c6	560422.0
tauD_c7	649999.0
tauD_c8	200000.0
tauD_c9	600000.0
tauD_d0	0.0
tauD_dN	1000000.0
tauS_c1	912925.0
tauS_c10	883600.0
tauS_c11	882825.0
tauS_c12	904800.0
tauS_c2	861700.0
tauS_c3	874925.0
tauS_c4	886000.0
tauS_c5	872825.0
tauS_c6	843975.0
tauS_c7	849425.0
tauS_c8	847125.0
tauS_c9	904000.0
tauS_d0	0.0
tauS_dN	1000000.0
x_c10_c9	1.0
x_c11_dN	1.0
x_c12_c7	1.0
x_c1_dN	1.0
x_c2_c6	1.0
x_c3_c1	1.0
x_c4_c2	1.0
x_c5_c10	1.0
x_c6_c3	1.0
x_c7_c11	1.0
x_c8_c5	1.0
x_c9_dN	1.0
x_d0_c12	1.0
x_d0_c4	1.0
x_d0_c8	1.0
