
Gurobi 6.0.4 (win64) logging started 06/16/15 23:08:07

Read LP format model from file E:\Eigene Dateien\Downloads\Michi shit\VRPTWMS-master\VRPTWMS\instances\mip\fuel\N12-C_DV100-C_SV25_F5_7_No_1.lp
Reading time = 0.02 seconds
(null): 865 rows, 404 columns, 3771 nonzeros
Optimize a model with 865 rows, 404 columns and 3771 nonzeros
Model has 1872 quadratic constraints
WARNING: Only barrier available for SOCP models
Coefficient statistics:
  Matrix range    [1e+00, 1e+06]
  Objective range [4e+04, 1e+07]
  Bounds range    [1e+00, 1e+06]
  RHS range       [1e+00, 1e+06]
Presolve removed 65 rows and 45 columns
Presolve time: 0.18s
Presolved: 4061 rows, 2042 columns, 20414 nonzeros
Variable types: 1578 continuous, 464 integer (401 binary)
Found heuristic solution: objective 1.261698e+08
Optimize a model with 4061 rows, 2042 columns and 20414 nonzeros
Coefficient statistics:
  Matrix range    [1e+00, 1e+06]
  Objective range [4e+04, 1e+07]
  Bounds range    [1e+00, 1e+06]
  RHS range       [1e+00, 1e+06]

Concurrent LP optimizer: dual simplex and barrier
Showing barrier log only...

Presolve removed 308 rows and 203 columns
Presolved: 3753 rows, 1839 columns, 19097 nonzeros

Root barrier log...

Ordering time: 0.01s

Barrier performed 0 iterations in 0.23 seconds
Barrier solve interrupted - model solved by another algorithm


Solved with dual simplex
Solved in 109 iterations and 0.23 seconds
Optimal objective  6.781716136e+06

Root relaxation: objective 6.781716e+06, 109 iterations, 0.04 seconds

    Nodes    |    Current Node    |     Objective Bounds      |     Work
 Expl Unexpl |  Obj  Depth IntInf | Incumbent    BestBd   Gap | It/Node Time

     0     0 6781716.14    0   35 1.2617e+08 6781716.14  94.6%     -    0s
H    0     0                    1.056163e+08 6781716.14  93.6%     -    0s
     0     0 7590871.46    0   60 1.0562e+08 7590871.46  92.8%     -    0s
     0     0 7977397.62    0   60 1.0562e+08 7977397.62  92.4%     -    0s
     0     0 1.2449e+07    0   28 1.0562e+08 1.2449e+07  88.2%     -    0s
H    0     0                    8.475150e+07 1.2449e+07  85.3%     -    0s
     0     0 1.2449e+07    0   28 8.4752e+07 1.2449e+07  85.3%     -    0s
H    0     0                    8.463360e+07 1.2449e+07  85.3%     -    0s
     0     0 1.2449e+07    0   25 8.4634e+07 1.2449e+07  85.3%     -    0s
     0     0 1.2449e+07    0   22 8.4634e+07 1.2449e+07  85.3%     -    0s
     0     2 1.2449e+07    0   22 8.4634e+07 1.2449e+07  85.3%     -    0s
H   30    27                    7.429180e+07 1.2596e+07  83.0%  44.5    0s
H   40    37                    6.376530e+07 1.2596e+07  80.2%  40.5    0s
H  340   255                    5.521730e+07 1.2679e+07  77.0%  33.4    0s
H  377   245                    4.459200e+07 1.2679e+07  71.6%  32.8    0s
H  427   268                    4.447410e+07 1.2679e+07  71.5%  32.4    0s
H  475   298                    4.418030e+07 1.2679e+07  71.3%  33.1    1s
  1046   663 2.9295e+07   36  119 4.4180e+07 1.5454e+07  65.0%  30.6    5s
  1070   679 3.4685e+07   23  106 4.4180e+07 1.6987e+07  61.5%  30.0   10s
  1891   998 3.3760e+07   36   47 4.4180e+07 2.2717e+07  48.6%  47.6   15s
* 1896   964              64    4.399550e+07 2.2717e+07  48.4%  47.5   15s
H 2488  1056                    4.397930e+07 2.2786e+07  48.2%  54.4   16s
* 3183  1308              39    4.397390e+07 2.2856e+07  48.0%  59.1   18s
  3920  1742 3.3939e+07   36   39 4.3974e+07 2.2895e+07  47.9%  61.3   20s
* 4712  2209              39    4.393740e+07 2.2952e+07  47.8%  63.1   21s
H 5166  2517                    4.393190e+07 2.2979e+07  47.7%  63.5   23s
H 5170  2520                    4.392650e+07 2.2979e+07  47.7%  63.6   23s
* 5379  2599              49    4.376430e+07 2.2980e+07  47.5%  63.7   23s
  5984  2977 infeasible   39      4.3764e+07 2.3012e+07  47.4%  63.6   25s
  7774  3988 2.3808e+07   26   80 4.3764e+07 2.3095e+07  47.2%  65.8   30s
  9898  5119 3.4254e+07   37   41 4.3764e+07 2.3145e+07  47.1%  68.5   35s
H10063  5220                    4.367920e+07 2.3155e+07  47.0%  68.5   35s
 11860  6011 2.3384e+07   27   48 4.3679e+07 2.3224e+07  46.8%  70.4   40s
 14046  7115 infeasible   46      4.3679e+07 2.3273e+07  46.7%  72.0   45s
H15088  7631                    4.365970e+07 2.3302e+07  46.6%  72.4   47s
 16318  8260 3.3598e+07   40   20 4.3660e+07 2.3334e+07  46.6%  72.6   50s
 18522  9417 3.3992e+07   27   33 4.3660e+07 2.3380e+07  46.4%  73.2   55s
*20099  7660              43    3.404320e+07 2.3402e+07  31.3%  73.5   58s
 20697  7862 2.3783e+07   33   52 3.4043e+07 2.3423e+07  31.2%  73.4   60s
 21100  8044 3.3567e+07   34   22 3.4043e+07 2.3436e+07  31.2%  73.4   69s
 21103  8046 2.3660e+07   32   73 3.4043e+07 2.3436e+07  31.2%  73.4   70s
 21113  8053 2.3635e+07   37   88 3.4043e+07 2.3436e+07  31.2%  73.4   75s
 21121  8058 2.3781e+07   36   92 3.4043e+07 2.3436e+07  31.2%  73.4   80s
 21129  8063 2.3895e+07   40  119 3.4043e+07 2.3436e+07  31.2%  73.3   85s
 21233  8113 2.3436e+07   30   72 3.4043e+07 2.3436e+07  31.2%  73.7   91s
 22240  8279 2.8498e+07   37   62 3.4043e+07 2.3436e+07  31.2%  73.6   97s
 24073  8451     cutoff   45      3.4043e+07 2.3436e+07  31.2%  73.9  101s
 26257  8641 2.3513e+07   52   75 3.4043e+07 2.3436e+07  31.2%  73.9  106s
 28587  8605     cutoff   49      3.4043e+07 2.3436e+07  31.2%  73.9  111s
 30913  8476 3.3931e+07   47   49 3.4043e+07 2.3436e+07  31.2%  74.1  117s
 32210  8465 2.4244e+07   43   79 3.4043e+07 2.3436e+07  31.2%  74.0  120s
 34433  8440     cutoff   48      3.4043e+07 2.3469e+07  31.1%  73.9  126s
 35990  8268 2.3771e+07   43   59 3.4043e+07 2.3514e+07  30.9%  74.0  131s
 37679  8108 2.6024e+07   48   82 3.4043e+07 2.3537e+07  30.9%  74.0  137s
 38771  7972 2.3947e+07   46   67 3.4043e+07 2.3570e+07  30.8%  74.1  141s
 40444  7815     cutoff   34      3.4043e+07 2.3614e+07  30.6%  74.3  145s
 42554  7467     cutoff   37      3.4043e+07 2.3649e+07  30.5%  74.5  151s
 43899  7168 2.3948e+07   46   81 3.4043e+07 2.3675e+07  30.5%  74.7  156s
 45707  6944 2.4415e+07   43   41 3.4043e+07 2.3705e+07  30.4%  74.9  161s
 47349  7205 2.3981e+07   50   89 3.4043e+07 2.3727e+07  30.3%  75.1  165s
 49031  7579 2.5459e+07   52   80 3.4043e+07 2.3760e+07  30.2%  75.3  170s
 50405  7645 2.4253e+07   45   65 3.4043e+07 2.3782e+07  30.1%  75.7  175s
 52809  7911     cutoff   60      3.4043e+07 2.3829e+07  30.0%  75.9  181s
 54348  8007 3.3948e+07   47   49 3.4043e+07 2.3859e+07  29.9%  76.3  185s
 55956  8107     cutoff   57      3.4043e+07 2.3885e+07  29.8%  76.5  190s
 57822  8173 2.4157e+07   61   63 3.4043e+07 2.3920e+07  29.7%  77.1  195s
 59176  8224 2.3994e+07   58   96 3.4043e+07 2.3938e+07  29.7%  77.5  200s
 61155  8298     cutoff   58      3.4043e+07 2.3971e+07  29.6%  77.8  205s
 62954  8284     cutoff   46      3.4043e+07 2.4000e+07  29.5%  78.3  210s
 64272  8293 2.5103e+07   46   96 3.4043e+07 2.4023e+07  29.4%  78.6  215s
 66011  8307 2.8131e+07   42   68 3.4043e+07 2.4058e+07  29.3%  79.1  220s
 67709  8253     cutoff   46      3.4043e+07 2.4084e+07  29.3%  79.4  225s
 69342  8205 2.4351e+07   53   64 3.4043e+07 2.4111e+07  29.2%  79.7  230s
 70848  8073     cutoff   49      3.4043e+07 2.4139e+07  29.1%  80.1  235s
 72327  7986 2.9481e+07   46   44 3.4043e+07 2.4171e+07  29.0%  80.4  240s
 73768  7845     cutoff   50      3.4043e+07 2.4198e+07  28.9%  80.9  245s
 75504  7806 2.4523e+07   60   43 3.4043e+07 2.4226e+07  28.8%  81.1  250s
 77054  7724     cutoff   57      3.4043e+07 2.4257e+07  28.7%  81.4  255s
 78534  7634 2.4363e+07   48  105 3.4043e+07 2.4289e+07  28.7%  81.8  260s
 79973  7612 2.8133e+07   43   94 3.4043e+07 2.4319e+07  28.6%  82.0  265s
 81866  7489     cutoff   51      3.4043e+07 2.4362e+07  28.4%  82.3  270s
 83275  7403 2.4991e+07   56   66 3.4043e+07 2.4393e+07  28.3%  82.5  275s
 84617  7289 2.5411e+07   51  116 3.4043e+07 2.4424e+07  28.3%  82.8  280s
 86279  7106 2.4471e+07   43   27 3.4043e+07 2.4466e+07  28.1%  83.1  285s
 87631  6991 2.4528e+07   55   62 3.4043e+07 2.4500e+07  28.0%  83.4  290s
 89105  6782 2.4651e+07   54   73 3.4043e+07 2.4544e+07  27.9%  83.6  295s
 90397  6491 2.4827e+07   51   88 3.4043e+07 2.4592e+07  27.8%  84.0  300s
 91867  6241 2.5098e+07   59  123 3.4043e+07 2.4646e+07  27.6%  84.2  305s
 93146  5950 2.9879e+07   44  122 3.4043e+07 2.4697e+07  27.5%  84.5  311s
 94561  5584 2.8330e+07   56   94 3.4043e+07 2.4789e+07  27.2%  84.8  315s
 95803  5196     cutoff   55      3.4043e+07 2.4909e+07  26.8%  85.1  320s
 97186  4693 2.5153e+07   57   68 3.4043e+07 2.5100e+07  26.3%  85.5  325s
 98264  4382     cutoff   58      3.4043e+07 2.5371e+07  25.5%  85.7  330s
 100268  3882     cutoff   57      3.4043e+07 2.6517e+07  22.1%  85.4  335s
 102279  3556 2.8625e+07   43   70 3.4043e+07 2.8625e+07  15.9%  85.0  340s
 104719  3137 3.3659e+07   39   34 3.4043e+07 3.2659e+07  4.07%  84.4  345s
 106920  3205     cutoff   51      3.4043e+07 3.3080e+07  2.83%  83.8  350s
 109587  3594 infeasible   43      3.4043e+07 3.3300e+07  2.18%  83.1  355s
 112106  3874 3.3500e+07   41   32 3.4043e+07 3.3372e+07  1.97%  82.6  360s
 114395  4058 3.3507e+07   46   55 3.4043e+07 3.3434e+07  1.79%  82.1  365s
 117192  4242     cutoff   46      3.4043e+07 3.3492e+07  1.62%  81.4  370s
 119037  4374     cutoff   62      3.4043e+07 3.3514e+07  1.55%  81.0  376s
 119894  4377 3.3727e+07   51   39 3.4043e+07 3.3516e+07  1.55%  80.8  380s
 122391  4415     cutoff   50      3.4043e+07 3.3538e+07  1.48%  80.2  385s
 124875  4426     cutoff   45      3.4043e+07 3.3559e+07  1.42%  79.7  390s
 127554  4328 3.3694e+07   38   59 3.4043e+07 3.3600e+07  1.30%  79.1  395s
 129857  4250 3.3624e+07   41   31 3.4043e+07 3.3624e+07  1.23%  78.6  400s
 132327  4180 infeasible   47      3.4043e+07 3.3638e+07  1.19%  77.8  406s
 134188  4105 3.3910e+07   49   69 3.4043e+07 3.3649e+07  1.16%  77.2  410s
 136482  4025     cutoff   55      3.4043e+07 3.3664e+07  1.11%  76.4  415s
 138578  3885     cutoff   61      3.4043e+07 3.3676e+07  1.08%  75.7  420s
 140800  3755     cutoff   54      3.4043e+07 3.3688e+07  1.04%  75.0  426s
 142399  3623 3.3697e+07   51   24 3.4043e+07 3.3697e+07  1.02%  74.5  430s
 144443  3455 3.3710e+07   50   27 3.4043e+07 3.3710e+07  0.98%  73.9  435s
 146916  3352 3.3940e+07   45   25 3.4043e+07 3.3736e+07  0.90%  73.2  440s
 149885  2630 3.3954e+07   40   28 3.4043e+07 3.3779e+07  0.78%  72.8  445s
 152926  1607 3.4033e+07   48   24 3.4043e+07 3.3824e+07  0.64%  72.3  450s
 155449   416     cutoff   55      3.4043e+07 3.3920e+07  0.36%  71.8  455s

Cutting planes:
  Learned: 15
  Gomory: 20
  Cover: 573
  Implied bound: 863
  Clique: 23
  MIR: 123
  Flow cover: 360
  GUB cover: 22
  Zero half: 139

Explored 156057 nodes (11182724 simplex iterations) in 455.70 seconds
Thread count was 4 (of 4 available processors)

Optimal solution found (tolerance 1.00e-04)
Best objective 3.404320000000e+07, best bound 3.404320000000e+07, gap 0.0%
k_c1	90000.0
k_c10	930000.0
k_c11	50000.0
k_c12	130000.0
k_c2	910000.0
k_c3	910000.0
k_c4	1000000.0
k_c5	1000000.0
k_c6	990000.0
k_c7	940000.0
k_c8	50000.0
k_c9	960000.0
k_dN	0.0
o_1	0.0
o_10	0.0
o_11	0.0
o_12	0.0
o_2	1.0
o_3	0.0
o_4	0.0
o_5	0.0
o_6	1.0
o_7	0.0
o_8	0.0
o_9	0.0
p_1	0.0
p_10	0.0
p_11	0.0
p_12	1.0
p_2	1.0
p_3	0.0
p_4	0.0
p_5	0.0
p_6	1.0
p_7	0.0
p_8	0.0
p_9	0.0
phi_c1	18839.0
phi_c10	20779.0
phi_c11	12778.0
phi_c12	0.0
phi_c2	0.0
phi_c3	7479.0
phi_c4	29535.0
phi_c5	36473.0
phi_c6	16356.0
phi_c7	27074.0
phi_c8	18839.0
phi_c9	29750.0
phi_dN	0.0
pi_c1	0.0
pi_c10	0.0
pi_c11	0.0
pi_c12	173835.0
pi_c2	50000.0
pi_c3	0.0
pi_c4	0.0
pi_c5	0.0
pi_c6	207479.0
pi_c7	0.0
pi_c8	0.0
pi_c9	0.0
pi_dN	0.0
tauD_c1	542025.0
tauD_c10	450000.0
tauD_c11	684675.0
tauD_c12	366975.0
tauD_c2	620000.0
tauD_c3	298175.0
tauD_c4	76475.0
tauD_c5	50550.0
tauD_c6	238575.0
tauD_c7	205675.0
tauD_c8	900850.0
tauD_c9	155675.0
tauD_d0	0.0
tauD_dN	1000000.0
tauS_c1	887500.0
tauS_c10	826950.0
tauS_c11	869875.0
tauS_c12	406975.0
tauS_c2	605150.0
tauS_c3	844800.0
tauS_c4	843525.0
tauS_c5	869450.0
tauS_c6	62650.0
tauS_c7	855100.0
tauS_c8	66750.0
tauS_c9	864650.0
tauS_d0	0.0
tauS_dN	845100.0
x_c10_c2	1.0
x_c11_dN	1.0
x_c12_c1	1.0
x_c1_c11	1.0
x_c2_c8	1.0
x_c3_c12	1.0
x_c4_c6	1.0
x_c5_c9	1.0
x_c6_c10	1.0
x_c7_c3	1.0
x_c8_dN	1.0
x_c9_c7	1.0
x_d0_c4	1.0
x_d0_c5	1.0
z_c12_c2	1.0
z_c2_dN	1.0
z_c6_c12	1.0
z_d0_c6	1.0
