
Gurobi 6.0.4 (win64) logging started 06/12/15 21:50:35

Read LP format model from file E:\Eigene Dateien\Downloads\Michi shit\VRPTWMS-master\VRPTWMS\instances\mip\fuel\N12-C_DV100-C_SV25_F5_5_No_1.lp
Reading time = 0.02 seconds
(null): 865 rows, 404 columns, 3771 nonzeros
Optimize a model with 865 rows, 404 columns and 3771 nonzeros
Model has 1872 quadratic constraints
WARNING: Only barrier available for SOCP models
Coefficient statistics:
  Matrix range    [1e+00, 1e+02]
  Objective range [4e+00, 1e+03]
  Bounds range    [1e+00, 1e+02]
  RHS range       [1e+00, 1e+02]
Presolve removed 65 rows and 41 columns
Presolve time: 0.14s
Presolved: 4042 rows, 2038 columns, 20339 nonzeros
Variable types: 1567 continuous, 471 integer (408 binary)
Found heuristic solution: objective 12396.020000
Optimize a model with 4042 rows, 2038 columns and 20339 nonzeros
Coefficient statistics:
  Matrix range    [1e+00, 1e+02]
  Objective range [4e+00, 1e+03]
  Bounds range    [7e-01, 1e+02]
  RHS range       [1e+00, 1e+02]

Concurrent LP optimizer: dual simplex and barrier
Showing barrier log only...

Presolve removed 328 rows and 215 columns
Presolved: 3714 rows, 1826 columns, 18953 nonzeros

Root barrier log...

Ordering time: 0.02s

Barrier performed 0 iterations in 0.19 seconds
Barrier solve interrupted - model solved by another algorithm


Solved with dual simplex
Solved in 176 iterations and 0.19 seconds
Optimal objective  1.717712172e+02

Root relaxation: objective 1.717712e+02, 176 iterations, 0.03 seconds

    Nodes    |    Current Node    |     Objective Bounds      |     Work
 Expl Unexpl |  Obj  Depth IntInf | Incumbent    BestBd   Gap | It/Node Time

     0     0  171.77122    0   41 12396.0200  171.77122  98.6%     -    0s
H    0     0                    11382.030000  171.77122  98.5%     -    0s
     0     0  381.00976    0   72 11382.0300  381.00976  96.7%     -    0s
H    0     0                    10368.720000  381.00976  96.3%     -    0s
     0     0  755.32659    0   61 10368.7200  755.32659  92.7%     -    0s
     0     0  884.03174    0   56 10368.7200  884.03174  91.5%     -    0s
H    0     0                    9345.0700000  884.03174  90.5%     -    0s
     0     0  885.34191    0   52 9345.07000  885.34191  90.5%     -    0s
     0     0  886.75593    0   58 9345.07000  886.75593  90.5%     -    0s
     0     0  886.75593    0   57 9345.07000  886.75593  90.5%     -    0s
     0     0  886.75593    0   57 9345.07000  886.75593  90.5%     -    0s
     0     0  886.75593    0   51 9345.07000  886.75593  90.5%     -    0s
H    0     0                    8309.3300000  886.75593  89.3%     -    0s
     0     2  886.75593    0   51 8309.33000  886.75593  89.3%     -    0s
H   27    30                    6279.1100000 1191.58534  81.0%  44.0    0s
H   31    33                    6263.0600000 1191.58534  81.0%  42.6    0s
H   87    79                    6246.7400000 1192.85835  80.9%  27.2    0s
H   97    89                    5232.1200000 1192.85835  77.2%  26.9    0s
H  195   161                    5225.3900000 1194.59444  77.1%  28.3    0s
H 1055   679                    4289.5300000 2182.95284  49.1%  27.1    1s
H 1058   647                    4259.3400000 2186.05364  48.7%  27.0    2s
  2164  1113 2615.06191   46   48 4259.34000 2193.07000  48.5%  37.6    5s
  3516  1733 2664.11996   47   54 4259.34000 2196.69267  48.4%  41.1   10s
  5589  3023 3531.62693   75  101 4259.34000 2200.56252  48.3%  48.4   15s
  8124  4577 infeasible   86      4259.34000 2203.25839  48.3%  49.7   20s
H 8335  4091                    3304.0000000 2203.43243  33.3%  49.8   20s
 10953  5563 2333.10279   55   42 3304.00000 2205.16620  33.3%  50.1   25s
H11022  5550                    3302.9900000 2205.16620  33.2%  50.0   25s
 15127  7800 infeasible   49      3302.99000 2206.98032  33.2%  48.4   30s
 18897  9701 2391.93218   46   75 3302.99000 2209.32055  33.1%  47.9   35s
H19772  9547                    3279.7900000 2209.85336  32.6%  48.0   36s
H20564  9470                    3267.1600000 2210.13474  32.4%  48.0   38s
 21039  9711 2266.38103   38   51 3267.16000 2210.33153  32.3%  48.0   42s
 21048  9717 2258.48461   37   71 3267.16000 2210.33153  32.3%  48.0   45s
 21059  9724 2266.38103   38   77 3267.16000 2210.33153  32.3%  47.9   50s
 21812  9945 2478.44181   61   75 3267.16000 2210.33153  32.3%  47.6   55s
 24431 10448 3239.13097   35   27 3267.16000 2210.33153  32.3%  47.7   60s
 27477 10849 3231.85609   36   50 3267.16000 2210.33153  32.3%  48.6   65s
 30920 11236 3230.60314   39   26 3267.16000 2210.33153  32.3%  49.2   70s
H32112 10761                    3266.8500000 2210.33153  32.3%  49.7   72s
 34182 10911 3244.42431   40   46 3266.85000 2212.93838  32.3%  50.1   77s
 35487 11063 2216.79995   34   67 3266.85000 2213.55858  32.2%  50.2   81s
H35599 10395                    3253.9900000 2213.55858  32.0%  50.2   81s
 37443 10551     cutoff   85      3253.99000 2214.75753  31.9%  50.7   86s
 39491 10504     cutoff   44      3253.99000 2216.49328  31.9%  51.2   90s
 42021 10517 2240.64669   41   70 3253.99000 2217.72757  31.8%  52.0   95s
 44163 10628 2235.09616   44   28 3253.99000 2219.27894  31.8%  52.5  100s
 47082 10547 2238.77089   41   47 3253.99000 2221.29239  31.7%  52.9  106s
 48784 11055 2312.87652   59   59 3253.99000 2222.14000  31.7%  53.3  110s
 50538 11592     cutoff   78      3253.99000 2223.10500  31.7%  53.7  115s
 52776 12290     cutoff   57      3253.99000 2224.27535  31.6%  54.1  121s
 55189 13048     cutoff   55      3253.99000 2225.45699  31.6%  54.5  125s
 57256 13680 2272.29430   46   59 3253.99000 2226.70014  31.6%  54.9  130s
 59057 14364 2332.67838   39   85 3253.99000 2227.60000  31.5%  55.2  135s
 61474 15084 2276.11544   50   32 3253.99000 2228.69796  31.5%  55.7  140s
 63607 15739 2490.27565   47   58 3253.99000 2229.58352  31.5%  56.2  145s
 66119 16518 2296.46218   56   71 3253.99000 2230.48583  31.5%  56.8  150s
 68087 17175 2417.43533   57   63 3253.99000 2231.11055  31.4%  57.1  155s
 69907 17764     cutoff   52      3253.99000 2231.86370  31.4%  57.4  160s
 72376 18512 2320.45961   47   63 3253.99000 2232.87613  31.4%  58.0  166s
 73922 18887     cutoff   45      3253.99000 2233.54703  31.4%  58.3  170s
 76577 19627 2239.52541   39   70 3253.99000 2234.62422  31.3%  58.7  175s
 79050 20230     cutoff   44      3253.99000 2235.49080  31.3%  59.1  180s
 80580 20692 2286.41454   35   75 3253.99000 2236.07600  31.3%  59.3  185s
 82751 21155     cutoff   55      3253.99000 2236.88863  31.3%  59.5  190s
 84588 21566 3244.84926   45   37 3253.99000 2237.68500  31.2%  60.0  195s
 86884 22085 2331.41755   60   88 3253.99000 2238.50990  31.2%  60.3  200s
 88575 22504 2308.92233   52   68 3253.99000 2239.23673  31.2%  60.5  205s
 90942 23099 2300.81893   43   36 3253.99000 2240.24346  31.2%  60.8  210s
 92447 23480     cutoff   43      3253.99000 2240.83312  31.1%  61.1  215s
 94479 23913 2336.92656   44   41 3253.99000 2241.80139  31.1%  61.3  220s
 96965 24496 infeasible   77      3253.99000 2242.68068  31.1%  61.5  225s
 99264 24969 2278.52673   49   49 3253.99000 2243.49418  31.1%  61.9  230s
 101734 25503 2275.42729   59   47 3253.99000 2244.33840  31.0%  62.1  235s
 104158 26110 2436.61862   73  106 3253.99000 2245.15784  31.0%  62.3  240s
 106477 26699     cutoff   63      3253.99000 2245.84773  31.0%  62.6  245s
 108694 27140 2316.32518   45   66 3253.99000 2246.46164  31.0%  62.9  250s
 111117 27718 2259.93675   54   36 3253.99000 2247.24124  30.9%  63.1  255s
 113411 28134 2434.01773   43   73 3253.99000 2247.90186  30.9%  63.3  260s
 115642 28556 2445.37791   56   67 3253.99000 2248.71899  30.9%  63.5  265s
 117917 28926 3248.63949   41   37 3253.99000 2249.36690  30.9%  63.8  270s
 120156 29284 2305.75967   43   54 3253.99000 2250.14635  30.8%  64.0  275s
 122453 29874     cutoff   46      3253.99000 2250.75319  30.8%  64.2  280s
 124591 30271 2292.78725   41   63 3253.99000 2251.51283  30.8%  64.4  285s
 126829 30734 infeasible   55      3253.99000 2252.08592  30.8%  64.6  290s
 129274 31193 2333.84747   56   80 3253.99000 2252.66995  30.8%  64.7  295s
 131520 31569     cutoff   44      3253.99000 2253.38037  30.8%  64.9  300s
 133665 31972     cutoff   46      3253.99000 2253.94682  30.7%  65.1  305s
 135826 32371 2270.61314   45   24 3253.99000 2254.55266  30.7%  65.3  310s
 137916 32745 2549.19551   49   71 3253.99000 2255.10083  30.7%  65.5  315s
 139732 33136 2272.76806   37   53 3253.99000 2255.53868  30.7%  65.6  320s
 141067 33412 2294.77834   59   34 3253.99000 2255.91280  30.7%  65.7  325s
 142858 33815 2322.52862   48   70 3253.99000 2256.38365  30.7%  65.8  330s
 144203 34036 2261.81785   52   41 3253.99000 2256.67836  30.6%  65.9  335s
 146357 34468     cutoff   62      3253.99000 2257.28583  30.6%  66.1  340s
 148467 34870 2305.22233   43   63 3253.99000 2257.89000  30.6%  66.3  345s
 150470 35151 2300.52588   50   92 3253.99000 2258.46270  30.6%  66.5  350s
 152562 35613     cutoff   47      3253.99000 2258.96428  30.6%  66.6  355s
 154669 35993 2269.50166   53   43 3253.99000 2259.43580  30.6%  66.8  360s
 156808 36318 infeasible   56      3253.99000 2259.97692  30.5%  67.0  365s
 158831 36626 2786.99906   42   55 3253.99000 2260.40439  30.5%  67.1  370s
 160887 36934 infeasible   46      3253.99000 2260.94250  30.5%  67.3  375s
 162881 37179     cutoff   49      3253.99000 2261.50667  30.5%  67.5  380s
 165331 37656 2304.53288   69   36 3253.99000 2262.10097  30.5%  67.7  385s
 167302 37939     cutoff   51      3253.99000 2262.61872  30.5%  67.8  390s
 169449 38381 infeasible   49      3253.99000 2263.20595  30.4%  67.9  395s
 171170 38690 2299.68821   58   71 3253.99000 2263.66352  30.4%  68.0  400s
 173004 38970 2316.87654   52   66 3253.99000 2264.13689  30.4%  68.2  405s
 175081 39291 infeasible   44      3253.99000 2264.63000  30.4%  68.3  410s
 177013 39626 2319.60561   44   45 3253.99000 2265.03077  30.4%  68.4  415s
 178597 39923 2294.23727   42   48 3253.99000 2265.46035  30.4%  68.6  420s
 180285 40166 infeasible   51      3253.99000 2265.74400  30.4%  68.7  425s
 182324 40461 infeasible   62      3253.99000 2266.27864  30.4%  68.8  430s
 184222 40685 infeasible   66      3253.99000 2266.73400  30.3%  69.0  435s
 186191 40964     cutoff   55      3253.99000 2267.25737  30.3%  69.1  440s
 188193 41238     cutoff   42      3253.99000 2267.66470  30.3%  69.3  445s
 190145 41439     cutoff   50      3253.99000 2268.11333  30.3%  69.4  450s
 191877 41604     cutoff   67      3253.99000 2268.47890  30.3%  69.6  455s
 193792 41804     cutoff   53      3253.99000 2268.98648  30.3%  69.7  460s
 195567 41961 2318.31355   50  107 3253.99000 2269.43462  30.3%  69.9  465s
 196805 42102 2809.96185   55   59 3253.99000 2269.71354  30.2%  70.0  470s
 198681 42388     cutoff   67      3253.99000 2270.18785  30.2%  70.1  475s
 200597 42606 2364.98913   51   88 3253.99000 2270.62882  30.2%  70.3  480s
 202501 42774 2304.25500   47   19 3253.99000 2271.07391  30.2%  70.4  485s
 203985 42938 2316.97444   63   47 3253.99000 2271.47571  30.2%  70.6  490s
 205616 43020     cutoff   54      3253.99000 2271.89798  30.2%  70.7  495s
 207903 43243     cutoff   55      3253.99000 2272.43257  30.2%  70.9  500s
 209568 43401 2275.63447   57   32 3253.99000 2272.81900  30.2%  71.0  505s
 211251 43514     cutoff   70      3253.99000 2273.26088  30.1%  71.2  510s
 213016 43579 2363.60319   65   50 3253.99000 2273.67791  30.1%  71.3  515s
 215165 43823     cutoff   67      3253.99000 2274.18211  30.1%  71.4  521s
 216635 43990 2317.03430   60   45 3253.99000 2274.47972  30.1%  71.5  525s
 218427 44069 2275.04400   50   38 3253.99000 2274.86933  30.1%  71.6  530s
 220184 44312 infeasible   48      3253.99000 2275.30462  30.1%  71.8  535s
 221545 44430 infeasible   49      3253.99000 2275.61825  30.1%  71.9  540s
 223786 44635 infeasible   67      3253.99000 2276.13836  30.1%  72.0  545s
 225700 44863 2336.38525   50   67 3253.99000 2276.55709  30.0%  72.1  551s
 226721 44943 infeasible   48      3253.99000 2276.79097  30.0%  72.2  555s
 228465 44940     cutoff   53      3253.99000 2277.20302  30.0%  72.4  560s
 230351 45128 2304.84584   49   65 3253.99000 2277.67363  30.0%  72.5  565s
 232256 45268 2352.27817   53   74 3253.99000 2278.09676  30.0%  72.7  570s
 234053 45383 2288.32849   49   68 3253.99000 2278.53170  30.0%  72.8  575s
 235765 45471 2371.87780   61   97 3253.99000 2278.87500  30.0%  73.0  580s
 237443 45461 2312.37486   57   61 3253.99000 2279.32173  30.0%  73.1  585s
 238608 45587 2301.20267   59   48 3253.99000 2279.57817  29.9%  73.2  590s
 240434 45600 2461.25846   56   62 3253.99000 2279.96330  29.9%  73.3  595s
 242297 45699 2295.71661   47   47 3253.99000 2280.36905  29.9%  73.4  600s
 244159 45817 2470.85555   64   75 3253.99000 2280.79714  29.9%  73.5  605s
 245962 45977 infeasible   48      3253.99000 2281.16244  29.9%  73.7  610s
 247507 46058 2829.47595   63   54 3253.99000 2281.50855  29.9%  73.8  615s
 249365 46198     cutoff   45      3253.99000 2281.87346  29.9%  73.9  620s
 251151 46264 2822.62243   53   74 3253.99000 2282.29156  29.9%  74.0  625s
 252943 46338 2424.54439   41   79 3253.99000 2282.65019  29.9%  74.2  630s
 254703 46485     cutoff   44      3253.99000 2283.02791  29.8%  74.3  635s
 255939 46558     cutoff   63      3253.99000 2283.30424  29.8%  74.4  640s
 258174 46666 2283.88431   48   44 3253.99000 2283.74482  29.8%  74.5  645s
 259412 46715     cutoff   62      3253.99000 2284.00473  29.8%  74.6  650s
 261075 46871 2320.22347   67   48 3253.99000 2284.32606  29.8%  74.7  655s
 262890 46959     cutoff   55      3253.99000 2284.70136  29.8%  74.8  660s
 264349 47121 2335.33697   62   69 3253.99000 2285.00773  29.8%  74.9  665s
 265996 47205 2298.03372   63   53 3253.99000 2285.37566  29.8%  75.0  670s
 268173 47309 2300.63471   55   58 3253.99000 2285.92706  29.8%  75.1  675s
 269505 47381 infeasible   71      3253.99000 2286.19955  29.7%  75.2  680s
 271283 47483 2296.37995   59   51 3253.99000 2286.59194  29.7%  75.3  685s
 272390 47519     cutoff   60      3253.99000 2286.81859  29.7%  75.4  690s
 274431 47506 2324.28015   56   66 3253.99000 2287.30966  29.7%  75.6  695s
 276169 47598     cutoff   41      3253.99000 2287.66669  29.7%  75.7  700s
 277946 47689 2344.20154   57   33 3253.99000 2288.08269  29.7%  75.8  705s
 279716 47807 infeasible   64      3253.99000 2288.42758  29.7%  75.9  710s
 281868 47919     cutoff   57      3253.99000 2288.89105  29.7%  76.1  716s
 283653 47994 2328.98090   50   36 3253.99000 2289.28530  29.6%  76.2  721s
 284923 48032     cutoff   57      3253.99000 2289.55327  29.6%  76.3  725s
 286643 48032 2343.59777   66   63 3253.99000 2289.91485  29.6%  76.4  730s
 288198 48108 2612.26677   51   73 3253.99000 2290.24884  29.6%  76.5  735s
 289868 48120 2330.78379   53   32 3253.99000 2290.58056  29.6%  76.6  740s
 291614 48078     cutoff   58      3253.99000 2291.02076  29.6%  76.7  745s
 292927 48028 2494.48371   54   76 3253.99000 2291.31493  29.6%  76.8  750s
 294555 47982 infeasible   57      3253.99000 2291.78477  29.6%  77.0  755s
 296110 47987     cutoff   78      3253.99000 2292.12000  29.6%  77.1  760s
 297904 48035 2772.24994   65   53 3253.99000 2292.48790  29.5%  77.2  765s
 299458 48044 2348.21653   59   81 3253.99000 2292.81119  29.5%  77.3  770s
 300621 48040 infeasible   64      3253.99000 2293.06249  29.5%  77.4  775s
 302397 48066 2334.45292   59   97 3253.99000 2293.44537  29.5%  77.5  780s
 304403 48004     cutoff   48      3253.99000 2293.93216  29.5%  77.6  785s
 306130 48037 infeasible   57      3253.99000 2294.24893  29.5%  77.7  791s
 307447 48057 infeasible   59      3253.99000 2294.56065  29.5%  77.8  795s
 308694 48037 2369.82411   67   89 3253.99000 2294.87412  29.5%  77.8  800s
 310725 48109 2324.91134   63   50 3253.99000 2295.29595  29.5%  78.0  805s
 312527 48141 infeasible   57      3253.99000 2295.67302  29.5%  78.1  810s
 314279 48228 2357.69138   61   62 3253.99000 2296.06169  29.4%  78.2  815s
 316000 48288     cutoff   61      3253.99000 2296.41571  29.4%  78.3  820s
 317771 48253 2337.56629   53   54 3253.99000 2296.78683  29.4%  78.4  825s
 319446 48259     cutoff   54      3253.99000 2297.12781  29.4%  78.5  830s
 321094 48194     cutoff   60      3253.99000 2297.52546  29.4%  78.6  835s
 323179 48215 2332.40328   53   88 3253.99000 2297.98561  29.4%  78.7  841s
 324693 48145 2320.55696   45   55 3253.99000 2298.34296  29.4%  78.8  845s
 326473 48186 2321.19838   54   45 3253.99000 2298.70231  29.4%  78.9  850s
 328086 48180 2429.88376   50  100 3253.99000 2299.05830  29.3%  79.1  855s
 329694 48122 2330.42316   56   85 3253.99000 2299.45109  29.3%  79.2  860s
 331357 48049 2431.68424   49   66 3253.99000 2299.82222  29.3%  79.3  865s
 332951 48041 infeasible   58      3253.99000 2300.17034  29.3%  79.4  870s
 334515 47991 2301.01356   56   86 3253.99000 2300.54120  29.3%  79.5  875s
 336368 48088 2466.37143   65   83 3253.99000 2300.89172  29.3%  79.6  880s
 338282 48013 infeasible   59      3253.99000 2301.36291  29.3%  79.7  885s
 339883 47971 infeasible   57      3253.99000 2301.78452  29.3%  79.8  890s
 341583 47928     cutoff   47      3253.99000 2302.13325  29.3%  79.9  895s
 343214 47891 2367.85431   62   88 3253.99000 2302.51055  29.2%  80.0  900s
 344787 47764 2303.31779   56   66 3253.99000 2302.89347  29.2%  80.1  905s
 346732 47664 2360.33093   60   98 3253.99000 2303.35428  29.2%  80.3  911s
 348040 47579     cutoff   58      3253.99000 2303.65208  29.2%  80.3  915s
 349948 47560 2476.16036   49  102 3253.99000 2304.10586  29.2%  80.4  920s
 351557 47499 infeasible   55      3253.99000 2304.51567  29.2%  80.5  925s
 353105 47446 2305.52204   60   94 3253.99000 2304.87914  29.2%  80.6  930s
 354563 47316 infeasible   74      3253.99000 2305.24607  29.2%  80.7  935s
 356193 47261 2347.87809   48   64 3253.99000 2305.61229  29.1%  80.8  940s
 357669 47109     cutoff   61      3253.99000 2305.95574  29.1%  80.9  945s
 359282 47042 2326.00723   64  102 3253.99000 2306.33850  29.1%  81.0  950s
 360806 46933 2324.73299   45   65 3253.99000 2306.71849  29.1%  81.1  955s
 362315 46859 infeasible   61      3253.99000 2307.11404  29.1%  81.2  960s
 363679 46784 infeasible   52      3253.99000 2307.42954  29.1%  81.3  965s
 365264 46671 2333.98366   52   49 3253.99000 2307.83368  29.1%  81.4  970s
 367198 46515     cutoff   63      3253.99000 2308.34336  29.1%  81.5  975s
 368600 46380     cutoff   66      3253.99000 2308.67804  29.1%  81.6  980s
 370112 46213 infeasible   56      3253.99000 2309.10804  29.0%  81.7  985s
 371745 46139 2317.72531   56   67 3253.99000 2309.48583  29.0%  81.8  990s
 373655 46084 infeasible   66      3253.99000 2309.89691  29.0%  81.9  995s
 375253 45949 infeasible   64      3253.99000 2310.23997  29.0%  82.0 1000s
 376771 45788 2351.66664   53   75 3253.99000 2310.60343  29.0%  82.1 1005s
 378367 45691 2311.62128   56   56 3253.99000 2310.97590  29.0%  82.2 1010s
 379913 45564 2316.27645   54  113 3253.99000 2311.38895  29.0%  82.3 1015s
 381814 45380     cutoff   59      3253.99000 2311.88211  29.0%  82.4 1020s
 383245 45242     cutoff   54      3253.99000 2312.29717  28.9%  82.5 1025s
 384965 45053 infeasible   59      3253.99000 2312.74375  28.9%  82.6 1030s
 386425 44902     cutoff   59      3253.99000 2313.09956  28.9%  82.7 1035s
 388023 44787     cutoff   45      3253.99000 2313.47753  28.9%  82.8 1040s
 389726 44559 2321.18000   61   32 3253.99000 2313.90547  28.9%  82.9 1045s
 391096 44359 2330.50441   56   39 3253.99000 2314.28441  28.9%  83.0 1050s
 392974 44248 2341.56026   50   75 3253.99000 2314.74825  28.9%  83.1 1055s
 394400 44039 infeasible   62      3253.99000 2315.17295  28.9%  83.2 1060s
 395865 43865 2318.83684   56   67 3253.99000 2315.59092  28.8%  83.3 1065s
 397383 43744 infeasible   58      3253.99000 2315.96645  28.8%  83.4 1070s
 398988 43492     cutoff   61      3253.99000 2316.46366  28.8%  83.5 1075s
 400380 43285 2420.98808   54   60 3253.99000 2316.89690  28.8%  83.6 1080s
 401958 43062 infeasible   42      3253.99000 2317.37638  28.8%  83.7 1085s
 403327 42844 2332.30118   58   53 3253.99000 2317.77873  28.8%  83.8 1090s
 404960 42610 infeasible   62      3253.99000 2318.28858  28.8%  83.9 1095s
 406357 42358 infeasible   60      3253.99000 2318.67857  28.7%  84.0 1100s
 407640 42192 2341.17995   51   81 3253.99000 2319.12522  28.7%  84.1 1105s
 408896 42001 infeasible   55      3253.99000 2319.48952  28.7%  84.2 1110s
 410516 41767     cutoff   55      3253.99000 2319.96231  28.7%  84.3 1115s
 411748 41522     cutoff   62      3253.99000 2320.39833  28.7%  84.4 1120s
 413342 41238 infeasible   63      3253.99000 2320.96029  28.7%  84.5 1125s
 414871 40922 2347.49146   53   97 3253.99000 2321.47547  28.7%  84.6 1130s
 416306 40697 2388.68821   65   76 3253.99000 2321.94220  28.6%  84.7 1135s
 417754 40402 infeasible   60      3253.99000 2322.45255  28.6%  84.8 1140s
 419069 40136     cutoff   51      3253.99000 2322.86335  28.6%  84.9 1145s
 420739 39832     cutoff   53      3253.99000 2323.42719  28.6%  85.0 1150s
 422077 39607 2370.56621   55   59 3253.99000 2323.86406  28.6%  85.0 1155s
 423714 39321     cutoff   59      3253.99000 2324.42717  28.6%  85.1 1160s
 425135 38984     cutoff   53      3253.99000 2324.95288  28.6%  85.2 1165s
 426503 38633     cutoff   58      3253.99000 2325.47377  28.5%  85.3 1170s
 427812 38375     cutoff   65      3253.99000 2325.90574  28.5%  85.4 1175s
 429399 38110     cutoff   71      3253.99000 2326.40929  28.5%  85.5 1180s
 430703 37850     cutoff   81      3253.99000 2326.84742  28.5%  85.6 1185s
 432065 37619     cutoff   64      3253.99000 2327.32470  28.5%  85.7 1190s
 433570 37285 infeasible   46      3253.99000 2327.87622  28.5%  85.8 1195s
 434893 36916     cutoff   75      3253.99000 2328.42741  28.4%  85.9 1200s
 436357 36604 infeasible   58      3253.99000 2328.99784  28.4%  86.0 1205s
 437968 36271 2411.89228   66   83 3253.99000 2329.57285  28.4%  86.0 1210s
 439346 35953 infeasible   61      3253.99000 2330.14723  28.4%  86.2 1215s
 440695 35698     cutoff   56      3253.99000 2330.64612  28.4%  86.2 1220s
 442105 35339 infeasible   62      3253.99000 2331.24472  28.4%  86.3 1225s
 443593 34990 infeasible   58      3253.99000 2331.85500  28.3%  86.4 1230s
 444757 34684     cutoff   63      3253.99000 2332.34159  28.3%  86.5 1235s
 446275 34205     cutoff   62      3253.99000 2333.03964  28.3%  86.6 1240s
 447530 33912     cutoff   46      3253.99000 2333.55961  28.3%  86.7 1245s
 448812 33502 2362.35235   66   46 3253.99000 2334.14691  28.3%  86.8 1250s
 450356 33046 infeasible   51      3253.99000 2334.91466  28.2%  87.0 1255s
 451670 32625 2458.02327   61   93 3253.99000 2335.54982  28.2%  87.1 1260s
 452984 32208 infeasible   60      3253.99000 2336.24302  28.2%  87.2 1265s
 454321 31823     cutoff   74      3253.99000 2336.92110  28.2%  87.3 1270s
 455660 31378 2628.00604   60   85 3253.99000 2337.62058  28.2%  87.3 1275s
 456977 31010     cutoff   54      3253.99000 2338.32133  28.1%  87.5 1280s
 458380 30499 infeasible   64      3253.99000 2339.10068  28.1%  87.6 1285s
 459638 30076 infeasible   55      3253.99000 2339.85532  28.1%  87.7 1290s
 461022 29574 2344.63229   69   67 3253.99000 2340.72734  28.1%  87.8 1295s
 462347 29070 infeasible   60      3253.99000 2341.55232  28.0%  87.9 1300s
 463605 28675 infeasible   54      3253.99000 2342.31939  28.0%  88.0 1305s
 464957 28164     cutoff   62      3253.99000 2343.21423  28.0%  88.1 1310s
 466185 27740 2372.72370   61   71 3253.99000 2343.95277  28.0%  88.2 1315s
 467349 27314 2358.62612   56   49 3253.99000 2344.65661  27.9%  88.3 1320s
 468738 26817     cutoff   56      3253.99000 2345.57462  27.9%  88.4 1325s
 470078 26307     cutoff   78      3253.99000 2346.51474  27.9%  88.5 1330s
 471362 25789     cutoff   70      3253.99000 2347.45909  27.9%  88.6 1335s
 472673 25263 infeasible   55      3253.99000 2348.48815  27.8%  88.7 1340s
 473972 24754     cutoff   63      3253.99000 2349.58445  27.8%  88.8 1345s
 475268 24229 infeasible   64      3253.99000 2350.74100  27.8%  88.9 1350s
 476609 23725     cutoff   53      3253.99000 2351.81975  27.7%  89.0 1355s
 477948 23241 infeasible   67      3253.99000 2352.98393  27.7%  89.1 1360s
 479090 22821     cutoff   50      3253.99000 2353.95321  27.7%  89.2 1365s
 480593 22226 2803.79553   55   62 3253.99000 2355.36799  27.6%  89.3 1370s
 481817 21720     cutoff   64      3253.99000 2356.84821  27.6%  89.3 1375s
 483156 21223     cutoff   63      3253.99000 2358.19573  27.5%  89.4 1380s
 484436 20711 3070.63035   50   80 3253.99000 2359.67655  27.5%  89.5 1385s
 485851 20106 infeasible   63      3253.99000 2361.41702  27.4%  89.6 1391s
 487093 19586     cutoff   64      3253.99000 2363.07999  27.4%  89.7 1395s
 488364 19065 infeasible   61      3253.99000 2364.96549  27.3%  89.8 1400s
 489648 18432     cutoff   56      3253.99000 2367.09863  27.3%  89.9 1405s
 490902 17786 2424.76744   62   89 3253.99000 2369.29016  27.2%  89.9 1410s
 492234 17173 infeasible   53      3253.99000 2371.93854  27.1%  90.1 1415s
 493605 16529     cutoff   68      3253.99000 2374.83611  27.0%  90.1 1420s
 494733 15976 2379.71416   61   92 3253.99000 2377.63301  26.9%  90.2 1425s
 495975 15331     cutoff   63      3253.99000 2381.26255  26.8%  90.3 1430s
 497215 14684     cutoff   51      3253.99000 2385.58888  26.7%  90.4 1435s
 498603 13967     cutoff   62      3253.99000 2391.53610  26.5%  90.4 1440s
 500082 13247     cutoff   63      3253.99000 2399.69762  26.3%  90.4 1445s
 501713 12343     cutoff   65      3253.99000 2412.98440  25.8%  90.4 1450s
 503759 11287 2467.70757   46   40 3253.99000 2440.34951  25.0%  90.4 1455s
 506084 10005     cutoff   56      3253.99000 2492.15143  23.4%  90.3 1460s
 508486  8625     cutoff   55      3253.99000 2599.75621  20.1%  90.1 1465s
 510139  7726     cutoff   53      3253.99000 2733.31123  16.0%  90.0 1470s
 513055  5887     cutoff   61      3253.99000 3106.16599  4.54%  89.7 1475s
 515785  4930 3240.81500   46   14 3253.99000 3190.16632  1.96%  89.4 1480s
 518593  4379 3214.46459   47   24 3253.99000 3209.06746  1.38%  89.2 1485s
 521320  4498     cutoff   47      3253.99000 3217.85444  1.11%  88.9 1490s
 524305  4510 3234.54810   44   30 3253.99000 3222.74289  0.96%  88.6 1495s
 527442  4380     cutoff   54      3253.99000 3226.32592  0.85%  88.3 1500s
 530843  4044 3234.65799   45   31 3253.99000 3229.43000  0.75%  88.0 1505s
 533950  3466     cutoff   68      3253.99000 3232.66070  0.66%  87.7 1510s
 537430  2577     cutoff   51      3253.99000 3236.48357  0.54%  87.3 1515s
 540327  1399 3240.98304   53   20 3253.99000 3240.98304  0.40%  87.0 1520s

Cutting planes:
  Learned: 22
  Gomory: 24
  Cover: 752
  Implied bound: 793
  Clique: 23
  MIR: 109
  Flow cover: 115
  GUB cover: 10
  Zero half: 31
  Mod-K: 2

Explored 542413 nodes (47070362 simplex iterations) in 1522.54 seconds
Thread count was 4 (of 4 available processors)

Optimal solution found (tolerance 1.00e-04)
Best objective 3.253990000000e+03, best bound 3.253990000000e+03, gap 0.0%
k_c1	95.0
k_c10	9.0
k_c11	95.0
k_c12	100.0
k_c2	93.0
k_c3	12.0
k_c4	4.0
k_c5	3.0
k_c6	11.0
k_c7	67.0
k_c8	100.0
k_c9	92.0
k_dN	0.0
o_1	0.0
o_10	0.0
o_11	0.0
o_12	1.0
o_2	1.0
o_3	0.0
o_4	0.0
o_5	0.0
o_6	0.0
o_7	0.0
o_8	0.0
o_9	0.0
p_1	0.0
p_10	0.0
p_11	0.0
p_12	1.0
p_2	1.0
p_3	1.0
p_4	0.0
p_5	0.0
p_6	0.0
p_7	0.0
p_8	0.0
p_9	0.0
phi_c1	3.0
phi_c10	2.0
phi_c11	3.0
phi_c12	2.0
phi_c2	1.0
phi_c3	0.0
phi_c4	2.0
phi_c5	1.0
phi_c6	4.0
phi_c7	1.0
phi_c8	4.0
phi_c9	2.0
phi_dN	0.0
pi_c1	25.0
pi_c10	25.0
pi_c11	25.0
pi_c12	25.0
pi_c2	21.0
pi_c3	5.0
pi_c4	25.0
pi_c5	25.0
pi_c6	25.0
pi_c7	25.0
pi_c8	25.0
pi_c9	25.0
pi_dN	0.0
tauD_c1	32.0
tauD_c10	60.0
tauD_c11	16.0
tauD_c12	5.0
tauD_c2	42.0
tauD_c3	45.0
tauD_c4	85.0
tauD_c5	90.0
tauD_c6	75.0
tauD_c7	37.0
tauD_c8	5.0
tauD_c9	30.0
tauD_d0	0.0
tauD_dN	100.0
tauS_c1	85.0
tauS_c10	87.0
tauS_c11	86.0
tauS_c12	7.0
tauS_c2	22.0
tauS_c3	53.0
tauS_c4	85.0
tauS_c5	88.0
tauS_c6	87.0
tauS_c7	90.0
tauS_c8	88.0
tauS_c9	70.0
tauS_d0	0.0
tauS_dN	64.0
x_c10_c5	1.0
x_c11_c9	1.0
x_c12_c1	1.0
x_c1_c2	1.0
x_c2_c10	1.0
x_c3_c6	1.0
x_c4_dN	1.0
x_c5_dN	1.0
x_c6_c4	1.0
x_c7_c3	1.0
x_c8_c11	1.0
x_c9_c7	1.0
x_d0_c12	1.0
x_d0_c8	1.0
z_c12_c2	1.0
z_c2_c3	1.0
z_c3_dN	1.0
z_d0_c12	1.0
