
Gurobi 6.0.4 (win64) logging started 06/21/15 11:27:04

Read LP format model from file C:\MT\repository\VRPTWMS\instances\mip\fuel\N12-C_DV100-C_SV30_F6_9_No_1.lp
Reading time = 0.02 seconds
(null): 865 rows, 404 columns, 3771 nonzeros
Optimize a model with 865 rows, 404 columns and 3771 nonzeros
Model has 1872 quadratic constraints
Coefficient statistics:
  Matrix range    [1e+00, 1e+06]
  Objective range [1e+04, 1e+07]
  Bounds range    [1e+00, 1e+06]
  RHS range       [1e+00, 1e+06]
Presolve removed 64 rows and 40 columns
Presolve time: 0.78s
Presolved: 3880 rows, 1958 columns, 19930 nonzeros
Variable types: 1485 continuous, 473 integer (410 binary)
Found heuristic solution: objective 1.267118e+08

Root relaxation: objective 1.989211e+06, 164 iterations, 0.01 seconds

    Nodes    |    Current Node    |     Objective Bounds      |     Work
 Expl Unexpl |  Obj  Depth IntInf | Incumbent    BestBd   Gap | It/Node Time

     0     0 1989211.22    0   37 1.2671e+08 1989211.22  98.4%     -    0s
H    0     0                    5.359440e+07 1989211.22  96.3%     -    0s
     0     0 2150246.20    0   65 5.3594e+07 2150246.20  96.0%     -    0s
     0     0 2223171.43    0   49 5.3594e+07 2223171.43  95.9%     -    0s
     0     0 2288950.00    0   28 5.3594e+07 2288950.00  95.7%     -    0s
     0     0 2526246.68    0   64 5.3594e+07 2526246.68  95.3%     -    1s
     0     0 3592350.00    0   53 5.3594e+07 3592350.00  93.3%     -    1s
     0     0 3608787.50    0   55 5.3594e+07 3608787.50  93.3%     -    1s
     0     0 3635775.00    0   48 5.3594e+07 3635775.00  93.2%     -    1s
     0     0 3637630.00    0   57 5.3594e+07 3637630.00  93.2%     -    1s
     0     0 3637630.00    0   57 5.3594e+07 3637630.00  93.2%     -    1s
     0     0 3637630.00    0   44 5.3594e+07 3637630.00  93.2%     -    1s
     0     2 3637630.00    0   42 5.3594e+07 3637630.00  93.2%     -    1s
H   99    86                    5.346640e+07 7356224.93  86.2%  23.9    1s
H  334   242                    4.454270e+07 7901698.96  82.3%  25.1    1s
H  507   339                    4.428930e+07 9934706.61  77.6%  27.1    2s
H  601   387                    4.423390e+07 9934706.61  77.5%  26.2    2s
H  660   423                    4.421450e+07 1.1773e+07  73.4%  25.8    2s
H  725   440                    3.344360e+07 1.1906e+07  64.4%  26.1    2s
H  902   487                    3.332060e+07 1.2004e+07  64.0%  33.1    4s
H  957   495                    3.330560e+07 1.2095e+07  63.7%  34.3    4s
  1130   501 2.3503e+07   24   56 3.3306e+07 1.2107e+07  63.6%  35.9    5s
H 2408   871                    3.327950e+07 1.2254e+07  63.2%  41.1    9s
  2457   906 2.2806e+07   33   13 3.3280e+07 1.2255e+07  63.2%  41.3   10s
H 2832  1089                    3.324780e+07 1.2282e+07  63.1%  41.9   12s
  3603  1458 2.2749e+07   30   34 3.3248e+07 1.2344e+07  62.9%  42.7   15s
  5357  2264 infeasible   39      3.3248e+07 1.2624e+07  62.0%  41.3   20s
H 5506  2304                    3.318840e+07 1.2638e+07  61.9%  41.5   20s
  6260  2483 2.3186e+07   44   44 3.3188e+07 1.2898e+07  61.1%  43.0   25s
  7746  2857 2.4611e+07   39   61 3.3188e+07 1.4335e+07  56.8%  44.4   30s
  9024  3257 infeasible   38      3.3188e+07 1.5607e+07  53.0%  44.4   35s
 10829  3802 2.5546e+07   41   31 3.3188e+07 1.7180e+07  48.2%  44.2   40s
 12804  4365     cutoff   34      3.3188e+07 2.0398e+07  38.5%  43.2   45s
 14303  4903 2.2657e+07   44   30 3.3188e+07 2.2319e+07  32.7%  42.8   50s
 14550  5000 3.2776e+07   39   44 3.3188e+07 2.2353e+07  32.6%  42.9   60s
 14598  5030 2.5615e+07   38   34 3.3188e+07 2.2353e+07  32.6%  42.9   67s
 14782  5085 2.2353e+07   52   64 3.3188e+07 2.2353e+07  32.6%  43.3   70s
 15501  5227     cutoff   57      3.3188e+07 2.2353e+07  32.6%  43.9   75s
 16462  5364 2.7340e+07   39   22 3.3188e+07 2.2353e+07  32.6%  45.0   80s
 17320  5426     cutoff   64      3.3188e+07 2.2353e+07  32.6%  45.6   85s
 18394  5465 2.3540e+07   40   49 3.3188e+07 2.2353e+07  32.6%  46.8   91s
 19244  5430 infeasible   54      3.3188e+07 2.2353e+07  32.6%  47.9   96s
 20091  5305     cutoff   53      3.3188e+07 2.2353e+07  32.6%  49.1  101s
 21035  5195 2.6464e+07   41   51 3.3188e+07 2.2353e+07  32.6%  50.1  105s
 22004  5057 2.3377e+07   55   43 3.3188e+07 2.2353e+07  32.6%  51.2  110s
 22989  4898     cutoff   50      3.3188e+07 2.2353e+07  32.6%  52.3  115s
 23386  4843 2.3579e+07   61   49 3.3188e+07 2.2353e+07  32.6%  52.6  120s
 24355  4646 infeasible   67      3.3188e+07 2.2353e+07  32.6%  53.8  126s
 24904  4551     cutoff   50      3.3188e+07 2.2353e+07  32.6%  54.3  131s
 26067  4405 3.2991e+07   43   35 3.3188e+07 2.2353e+07  32.6%  55.1  136s
 26748  4307 2.3464e+07   51   46 3.3188e+07 2.2353e+07  32.6%  55.6  140s
 27826  4146 2.3418e+07   66   58 3.3188e+07 2.2353e+07  32.6%  56.4  145s
 28921  3981 2.2782e+07   55   25 3.3188e+07 2.2353e+07  32.6%  57.1  150s
 30170  4091     cutoff   63      3.3188e+07 2.2353e+07  32.6%  57.2  156s
 31006  4298 infeasible   69      3.3188e+07 2.2353e+07  32.6%  57.5  161s
 32129  4515     cutoff   53      3.3188e+07 2.2353e+07  32.6%  57.8  166s
 33232  4713     cutoff   45      3.3188e+07 2.2353e+07  32.6%  58.1  170s
 34370  4978 2.3670e+07   56   42 3.3188e+07 2.2353e+07  32.6%  58.2  175s
 36459  5857     cutoff   53      3.3188e+07 2.2353e+07  32.6%  57.3  181s
 37801  6336 3.2631e+07   47   39 3.3188e+07 2.2353e+07  32.6%  56.9  185s
 39114  6749     cutoff   45      3.3188e+07 2.2368e+07  32.6%  56.5  190s
 40826  7259     cutoff   58      3.3188e+07 2.2415e+07  32.5%  56.1  195s
 42038  7546 3.3115e+07   42   25 3.3188e+07 2.2445e+07  32.4%  55.9  200s
 43643  8014 2.2575e+07   43   35 3.3188e+07 2.2466e+07  32.3%  55.6  205s
 45055  8367 2.2969e+07   44   31 3.3188e+07 2.2486e+07  32.2%  55.5  210s
 46450  8778     cutoff   45      3.3188e+07 2.2507e+07  32.2%  55.4  215s
 47685  9025 2.2820e+07   53   31 3.3188e+07 2.2520e+07  32.1%  55.3  220s
 48942  9302 infeasible   55      3.3188e+07 2.2529e+07  32.1%  55.4  225s
*49702  8706              60    3.291640e+07 2.2536e+07  31.5%  55.5  227s
 50068  8770 2.3905e+07   53   41 3.2916e+07 2.2539e+07  31.5%  55.5  230s
 50849  8848     cutoff   45      3.2916e+07 2.2552e+07  31.5%  55.6  235s
 51808  8986 3.2633e+07   49   31 3.2916e+07 2.2570e+07  31.4%  55.8  240s
 53142  9125     cutoff   48      3.2916e+07 2.2587e+07  31.4%  56.1  246s
 54180  9271     cutoff   49      3.2916e+07 2.2599e+07  31.3%  56.4  251s
 54992  9351 2.2821e+07   38   14 3.2916e+07 2.2607e+07  31.3%  56.6  255s
 56292  9460     cutoff   39      3.2916e+07 2.2622e+07  31.3%  56.8  260s
 57480  9603 2.3066e+07   46   36 3.2916e+07 2.2633e+07  31.2%  57.1  266s
 58404  9700     cutoff   41      3.2916e+07 2.2644e+07  31.2%  57.4  270s
 59531  9743     cutoff   52      3.2916e+07 2.2654e+07  31.2%  57.8  275s
 60649  9807     cutoff   51      3.2916e+07 2.2665e+07  31.1%  58.1  280s
 61795  9837 2.3658e+07   49   45 3.2916e+07 2.2677e+07  31.1%  58.5  285s
 62934  9932     cutoff   53      3.2916e+07 2.2687e+07  31.1%  58.7  290s
 63766  9959     cutoff   59      3.2916e+07 2.2695e+07  31.1%  59.0  295s
 64914 10031     cutoff   57      3.2916e+07 2.2705e+07  31.0%  59.3  300s
 65978 10059 2.7082e+07   40   26 3.2916e+07 2.2714e+07  31.0%  59.6  305s
 67098 10155     cutoff   51      3.2916e+07 2.2723e+07  31.0%  59.8  310s
 68168 10218     cutoff   46      3.2916e+07 2.2731e+07  30.9%  60.2  315s
 69244 10191 2.6729e+07   53   31 3.2916e+07 2.2741e+07  30.9%  60.5  320s
 70101 10224     cutoff   46      3.2916e+07 2.2748e+07  30.9%  60.8  325s
 71079 10211     cutoff   44      3.2916e+07 2.2757e+07  30.9%  61.1  330s
 72040 10229     cutoff   44      3.2916e+07 2.2765e+07  30.8%  61.5  335s
 73101 10257 infeasible   50      3.2916e+07 2.2773e+07  30.8%  61.8  340s
 74097 10210 3.2911e+07   42   27 3.2916e+07 2.2783e+07  30.8%  62.1  345s
 75105 10233 2.2920e+07   47   27 3.2916e+07 2.2791e+07  30.8%  62.4  350s
 76109 10239     cutoff   45      3.2916e+07 2.2802e+07  30.7%  62.7  355s
 77086 10239 infeasible   69      3.2916e+07 2.2810e+07  30.7%  63.0  360s
 78034 10198 2.5701e+07   39   56 3.2916e+07 2.2820e+07  30.7%  63.3  365s
 78996 10200 infeasible   67      3.2916e+07 2.2829e+07  30.6%  63.5  370s
 79847 10172     cutoff   43      3.2916e+07 2.2836e+07  30.6%  63.8  375s
 80813 10183 2.3171e+07   55   22 3.2916e+07 2.2845e+07  30.6%  64.1  380s
 81786 10181     cutoff   41      3.2916e+07 2.2854e+07  30.6%  64.4  385s
 82723 10133 2.3793e+07   54   61 3.2916e+07 2.2863e+07  30.5%  64.6  390s
 83498 10128     cutoff   47      3.2916e+07 2.2871e+07  30.5%  64.8  395s
 84058 10110 2.2920e+07   55   34 3.2916e+07 2.2876e+07  30.5%  65.0  400s
 84784 10064     cutoff   56      3.2916e+07 2.2883e+07  30.5%  65.1  405s
 85478 10027     cutoff   68      3.2916e+07 2.2891e+07  30.5%  65.3  410s
 86143  9974 2.3407e+07   46   44 3.2916e+07 2.2899e+07  30.4%  65.5  416s
 86749  9990 2.3124e+07   55   61 3.2916e+07 2.2904e+07  30.4%  65.6  420s
 87331  9995 infeasible   62      3.2916e+07 2.2908e+07  30.4%  65.7  425s
 88284  9965 2.3159e+07   53   45 3.2916e+07 2.2917e+07  30.4%  65.9  431s
 89034  9930     cutoff   51      3.2916e+07 2.2923e+07  30.4%  66.1  436s
 89475  9862 2.3186e+07   47   31 3.2916e+07 2.2928e+07  30.3%  66.2  440s
 90255  9835 3.2827e+07   47   16 3.2916e+07 2.2936e+07  30.3%  66.4  445s
 90950  9791 2.4016e+07   50   41 3.2916e+07 2.2943e+07  30.3%  66.6  450s
 91619  9721 2.4055e+07   62   54 3.2916e+07 2.2951e+07  30.3%  66.8  455s
 92305  9673     cutoff   61      3.2916e+07 2.2957e+07  30.3%  67.0  460s
 92985  9613 infeasible   42      3.2916e+07 2.2965e+07  30.2%  67.2  465s
 93660  9534 2.3205e+07   48   24 3.2916e+07 2.2972e+07  30.2%  67.4  470s
 94411  9532 2.3417e+07   73   50 3.2916e+07 2.2978e+07  30.2%  67.6  476s
 95083  9445 infeasible   68      3.2916e+07 2.2985e+07  30.2%  67.8  481s
 95763  9417     cutoff   50      3.2916e+07 2.2993e+07  30.1%  67.9  486s
 96398  9354 2.3390e+07   61   52 3.2916e+07 2.3001e+07  30.1%  68.1  491s
 96960  9333 2.3112e+07   58   41 3.2916e+07 2.3006e+07  30.1%  68.2  495s
 97595  9318 2.3913e+07   54   68 3.2916e+07 2.3012e+07  30.1%  68.4  500s
 98261  9257 2.3076e+07   49   31 3.2916e+07 2.3021e+07  30.1%  68.6  505s
 98870  9173     cutoff   50      3.2916e+07 2.3027e+07  30.0%  68.8  511s
 99488  9103     cutoff   42      3.2916e+07 2.3036e+07  30.0%  68.9  515s
 100137  9054 2.3322e+07   49   46 3.2916e+07 2.3043e+07  30.0%  69.1  521s
 100610  8990 infeasible   60      3.2916e+07 2.3048e+07  30.0%  69.3  525s
 101416  8913     cutoff   45      3.2916e+07 2.3058e+07  29.9%  69.5  530s
 101984  8822 2.6967e+07   53   38 3.2916e+07 2.3066e+07  29.9%  69.7  536s
 102636  8747 2.7045e+07   47   38 3.2916e+07 2.3073e+07  29.9%  69.8  540s
 103235  8650 infeasible   47      3.2916e+07 2.3082e+07  29.9%  69.9  545s
 103663  8576 2.3171e+07   58   35 3.2916e+07 2.3090e+07  29.9%  70.1  550s
 104256  8488 2.3377e+07   51   30 3.2916e+07 2.3099e+07  29.8%  70.2  555s
 104982  8352     cutoff   48      3.2916e+07 2.3110e+07  29.8%  70.4  560s
 105635  8212     cutoff   53      3.2916e+07 2.3121e+07  29.8%  70.7  566s
 106167  8096     cutoff   52      3.2916e+07 2.3132e+07  29.7%  70.9  570s
 106805  8029 2.3172e+07   44   43 3.2916e+07 2.3141e+07  29.7%  71.0  575s
 107338  7900 2.3227e+07   47   28 3.2916e+07 2.3149e+07  29.7%  71.2  580s
 108038  7751     cutoff   47      3.2916e+07 2.3162e+07  29.6%  71.4  585s
 108617  7671 2.3890e+07   59   33 3.2916e+07 2.3172e+07  29.6%  71.6  590s
 109381  7566 2.3895e+07   50   58 3.2916e+07 2.3185e+07  29.6%  71.8  596s
 110051  7439     cutoff   44      3.2916e+07 2.3199e+07  29.5%  72.0  601s
 110470  7393     cutoff   59      3.2916e+07 2.3206e+07  29.5%  72.1  605s
 111009  7314     cutoff   64      3.2916e+07 2.3214e+07  29.5%  72.3  610s
 111584  7203 2.3794e+07   52   46 3.2916e+07 2.3224e+07  29.4%  72.5  615s
 112288  7091 2.8616e+07   63   32 3.2916e+07 2.3237e+07  29.4%  72.7  621s
 112698  7035     cutoff   54      3.2916e+07 2.3245e+07  29.4%  72.8  625s
 113215  6912 infeasible   61      3.2916e+07 2.3255e+07  29.4%  73.0  630s
 113846  6771 infeasible   54      3.2916e+07 2.3271e+07  29.3%  73.2  635s
 114446  6597 2.3287e+07   42   42 3.2916e+07 2.3286e+07  29.3%  73.4  640s
 115145  6477     cutoff   63      3.2916e+07 2.3301e+07  29.2%  73.6  645s
 115675  6378     cutoff   51      3.2916e+07 2.3313e+07  29.2%  73.8  650s
 116330  6254 infeasible   55      3.2916e+07 2.3330e+07  29.1%  74.0  655s
 116809  6138     cutoff   49      3.2916e+07 2.3343e+07  29.1%  74.2  660s
 117417  5989     cutoff   53      3.2916e+07 2.3359e+07  29.0%  74.4  665s
 118110  5795 2.3384e+07   50   42 3.2916e+07 2.3381e+07  29.0%  74.6  671s
 118541  5769 2.5094e+07   72   79 3.2916e+07 2.3390e+07  28.9%  74.7  675s
 118990  5663     cutoff   51      3.2916e+07 2.3400e+07  28.9%  74.9  680s
 119639  5517 infeasible   44      3.2916e+07 2.3418e+07  28.9%  75.1  686s
 120114  5398 2.3469e+07   58   48 3.2916e+07 2.3433e+07  28.8%  75.3  690s
 120807  5153 2.4111e+07   64   56 3.2916e+07 2.3463e+07  28.7%  75.6  696s
 121210  5027     cutoff   45      3.2916e+07 2.3479e+07  28.7%  75.7  700s
 121832  4916     cutoff   51      3.2916e+07 2.3501e+07  28.6%  75.9  705s
 122357  4746 2.3862e+07   65   58 3.2916e+07 2.3519e+07  28.6%  76.1  710s
 122780  4618 2.8231e+07   68   76 3.2916e+07 2.3539e+07  28.5%  76.3  715s
 123208  4533     cutoff   67      3.2916e+07 2.3554e+07  28.4%  76.4  720s
 123809  4394     cutoff   49      3.2916e+07 2.3579e+07  28.4%  76.6  725s
 124331  4226     cutoff   56      3.2916e+07 2.3610e+07  28.3%  76.8  730s
 124908  4075     cutoff   59      3.2916e+07 2.3635e+07  28.2%  77.0  735s
 125525  3867     cutoff   46      3.2916e+07 2.3676e+07  28.1%  77.2  740s
 126144  3670 2.3747e+07   43   61 3.2916e+07 2.3726e+07  27.9%  77.4  745s
 126669  3601 2.4429e+07   74   53 3.2916e+07 2.3761e+07  27.8%  77.6  750s
 127209  3399 2.3821e+07   51   44 3.2916e+07 2.3821e+07  27.6%  77.8  755s
 127577  3284     cutoff   56      3.2916e+07 2.3866e+07  27.5%  78.0  761s
 128092  3193 2.4182e+07   40   44 3.2916e+07 2.3908e+07  27.4%  78.2  765s
 128453  3050 3.2832e+07   57   26 3.2916e+07 2.3952e+07  27.2%  78.4  770s
 129106  2859     cutoff   62      3.2916e+07 2.4062e+07  26.9%  78.6  775s
 129575  2720 2.4524e+07   63   57 3.2916e+07 2.4162e+07  26.6%  78.8  780s
 130045  2573 2.4273e+07   48   28 3.2916e+07 2.4273e+07  26.3%  79.0  785s
 130558  2443     cutoff   63      3.2916e+07 2.4395e+07  25.9%  79.1  790s
 131413  2137 2.4891e+07   68   22 3.2916e+07 2.4891e+07  24.4%  79.1  795s
 132196  1810     cutoff   48      3.2916e+07 2.6244e+07  20.3%  79.1  800s
 133266  1324     cutoff   50      3.2916e+07 3.0379e+07  7.71%  78.9  805s
 134379   936 3.2743e+07   43   36 3.2916e+07 3.2591e+07  0.99%  78.7  810s
 135945   611 3.2900e+07   38   33 3.2916e+07 3.2767e+07  0.45%  78.2  815s

Cutting planes:
  Gomory: 2
  Cover: 3
  Implied bound: 9
  Clique: 2
  MIR: 6
  Flow cover: 5
  GUB cover: 6
  Zero half: 18

Explored 136909 nodes (10671429 simplex iterations) in 817.93 seconds
Thread count was 2 (of 4 available processors)

Optimal solution found (tolerance 1.00e-04)
Best objective 3.291640000000e+07, best bound 3.291640000000e+07, gap 0.0%
k_c1	240000.0
k_c10	260000.0
k_c11	1000000.0
k_c12	950000.0
k_c2	330000.0
k_c3	100000.0
k_c4	1000000.0
k_c5	120000.0
k_c6	40000.0
k_c7	60000.0
k_c8	170000.0
k_c9	70000.0
k_dN	0.0
o_1	1.0
o_10	0.0
o_11	0.0
o_12	0.0
o_2	0.0
o_3	0.0
o_4	0.0
o_5	0.0
o_6	0.0
o_7	0.0
o_8	0.0
o_9	0.0
p_1	1.0
p_10	0.0
p_11	0.0
p_12	0.0
p_2	0.0
p_3	0.0
p_4	0.0
p_5	0.0
p_6	0.0
p_7	0.0
p_8	0.0
p_9	0.0
phi_c1	0.0
phi_c10	25643.0
phi_c11	40519.0
phi_c12	28653.0
phi_c2	40224.0
phi_c3	25047.0
phi_c4	42338.0
phi_c5	25623.0
phi_c6	7479.0
phi_c7	8697.0
phi_c8	42338.0
phi_c9	22210.0
phi_dN	0.0
pi_c1	60000.0
pi_c10	0.0
pi_c11	0.0
pi_c12	0.0
pi_c2	0.0
pi_c3	0.0
pi_c4	0.0
pi_c5	0.0
pi_c6	0.0
pi_c7	0.0
pi_c8	0.0
pi_c9	0.0
pi_dN	0.0
tauD_c1	461600.0
tauD_c10	300000.0
tauD_c11	72800.0
tauD_c12	250000.0
tauD_c2	187900.0
tauD_c3	374350.0
tauD_c4	100000.0
tauD_c5	676750.0
tauD_c6	600000.0
tauD_c7	800000.0
tauD_c8	615825.0
tauD_c9	454950.0
tauD_d0	0.0
tauD_dN	1000000.0
tauS_c1	461600.0
tauS_c10	15325.0
tauS_c11	26475.0
tauS_c12	23350.0
tauS_c2	10150.0
tauS_c3	17500.0
tauS_c4	2550.0
tauS_c5	0.0
tauS_c6	0.0
tauS_c7	0.0
tauS_c8	820925.0
tauS_c9	799350.0
tauS_d0	0.0
tauS_dN	601225.0
x_c10_c1	1.0
x_c11_c12	1.0
x_c12_c3	1.0
x_c1_c8	1.0
x_c2_c10	1.0
x_c3_c9	1.0
x_c4_c2	1.0
x_c5_c7	1.0
x_c6_dN	1.0
x_c7_dN	1.0
x_c8_c5	1.0
x_c9_c6	1.0
x_d0_c11	1.0
x_d0_c4	1.0
z_c1_dN	1.0
z_d0_c1	1.0
