
Gurobi 6.0.4 (win64) logging started 06/21/15 07:26:38

Read LP format model from file C:\MT\repository\VRPTWMS\instances\mip\fuel\N12-C_DV100-C_SV30_F6_15_No_1.lp
Reading time = 0.03 seconds
(null): 865 rows, 404 columns, 3771 nonzeros
Optimize a model with 865 rows, 404 columns and 3771 nonzeros
Model has 1872 quadratic constraints
Coefficient statistics:
  Matrix range    [1e+00, 1e+06]
  Objective range [2e+04, 1e+07]
  Bounds range    [1e+00, 1e+06]
  RHS range       [1e+00, 1e+06]
Presolve removed 102 rows and 69 columns
Presolve time: 0.89s
Presolved: 3337 rows, 1663 columns, 17233 nonzeros
Variable types: 1246 continuous, 417 integer (355 binary)
Found heuristic solution: objective 1.242728e+08

Root relaxation: objective 2.209452e+07, 191 iterations, 0.00 seconds

    Nodes    |    Current Node    |     Objective Bounds      |     Work
 Expl Unexpl |  Obj  Depth IntInf | Incumbent    BestBd   Gap | It/Node Time

     0     0 2.2095e+07    0   20 1.2427e+08 2.2095e+07  82.2%     -    0s
H    0     0                    4.256220e+07 2.2095e+07  48.1%     -    0s
     0     0 2.2190e+07    0   39 4.2562e+07 2.2190e+07  47.9%     -    0s
H    0     0                    3.242400e+07 2.2190e+07  31.6%     -    0s
     0     0 2.2275e+07    0   35 3.2424e+07 2.2275e+07  31.3%     -    1s
     0     0 2.2275e+07    0   39 3.2424e+07 2.2275e+07  31.3%     -    1s
     0     0 2.2275e+07    0   35 3.2424e+07 2.2275e+07  31.3%     -    1s
     0     0 2.2275e+07    0   36 3.2424e+07 2.2275e+07  31.3%     -    1s
     0     0 2.2275e+07    0   34 3.2424e+07 2.2275e+07  31.3%     -    1s
     0     0 2.2275e+07    0   34 3.2424e+07 2.2275e+07  31.3%     -    1s
     0     2 2.2275e+07    0   34 3.2424e+07 2.2275e+07  31.3%     -    1s
*  235   113              23    3.225640e+07 2.2348e+07  30.7%  20.5    1s
H  535   277                    3.220490e+07 2.2387e+07  30.5%  20.9    1s
  1503   643 2.2461e+07   14   40 3.2205e+07 2.2461e+07  30.3%   1.9    5s
  3123   829 2.2702e+07   22   33 3.2205e+07 2.2500e+07  30.1%  27.7   10s
  5152  1484     cutoff   33      3.2205e+07 2.2590e+07  29.9%  37.5   15s
  7007  1929 infeasible   28      3.2205e+07 2.2673e+07  29.6%  43.4   20s
  7691  2075 2.3185e+07   45   46 3.2205e+07 2.2682e+07  29.6%  45.1   25s
 10148  2443 2.2773e+07   40   15 3.2205e+07 2.2682e+07  29.6%  44.5   30s
 12567  2493 2.3576e+07   41   51 3.2205e+07 2.2682e+07  29.6%  45.3   35s
 14801  3046 2.2810e+07   45   34 3.2205e+07 2.2682e+07  29.6%  46.7   42s
 14812  3053 2.2961e+07   40   73 3.2205e+07 2.2682e+07  29.6%  46.6   45s
 15524  3180 infeasible   58      3.2205e+07 2.2682e+07  29.6%  46.8   50s
 17578  3261 infeasible   61      3.2205e+07 2.2682e+07  29.6%  47.6   55s
 19535  3327 2.3013e+07   51   23 3.2205e+07 2.2682e+07  29.6%  48.6   60s
 21634  3351 infeasible   64      3.2205e+07 2.2682e+07  29.6%  49.7   65s
 23582  3265 infeasible   47      3.2205e+07 2.2717e+07  29.5%  50.6   70s
 25382  3622 2.2891e+07   56   47 3.2205e+07 2.2767e+07  29.3%  51.5   75s
 27379  4128 2.3378e+07   56   44 3.2205e+07 2.2802e+07  29.2%  52.5   80s
 29000  4428 infeasible   57      3.2205e+07 2.2831e+07  29.1%  53.4   85s
 30828  4778 2.3380e+07   59   32 3.2205e+07 2.2862e+07  29.0%  54.3   90s
 32267  5056 infeasible   52      3.2205e+07 2.2889e+07  28.9%  55.1   95s
 33842  5304 2.3109e+07   52   41 3.2205e+07 2.2915e+07  28.8%  55.9  100s
 35413  5413 2.3148e+07   53   26 3.2205e+07 2.2949e+07  28.7%  56.9  105s
 36924  5470     cutoff   54      3.2205e+07 2.2978e+07  28.7%  57.8  110s
 38291  5545 infeasible   53      3.2205e+07 2.3001e+07  28.6%  58.5  115s
 39828  5632 2.3026e+07   46   23 3.2205e+07 2.3026e+07  28.5%  59.4  120s
 41443  5772 2.3092e+07   47   64 3.2205e+07 2.3053e+07  28.4%  60.0  125s
 43054  5824 infeasible   68      3.2205e+07 2.3078e+07  28.3%  60.8  130s
 44497  5853 2.3146e+07   58   39 3.2205e+07 2.3099e+07  28.3%  61.3  135s
 46099  5918 infeasible   55      3.2205e+07 2.3122e+07  28.2%  62.0  140s
 47464  5836 2.3156e+07   59   33 3.2205e+07 2.3147e+07  28.1%  62.8  145s
 48885  5743     cutoff   61      3.2205e+07 2.3171e+07  28.1%  63.5  150s
 50410  5670 2.3458e+07   55   47 3.2205e+07 2.3199e+07  28.0%  64.1  155s
 51679  5579 2.3330e+07   52   14 3.2205e+07 2.3223e+07  27.9%  64.7  160s
 53137  5543 infeasible   52      3.2205e+07 2.3247e+07  27.8%  65.2  165s
 54649  5503 2.3404e+07   59   73 3.2205e+07 2.3273e+07  27.7%  65.7  170s
 55955  5368 infeasible   55      3.2205e+07 2.3296e+07  27.7%  66.2  175s
 57395  5141 2.3574e+07   50   39 3.2205e+07 2.3327e+07  27.6%  66.9  180s
 58728  4917 infeasible   54      3.2205e+07 2.3355e+07  27.5%  67.4  185s
 60156  4720     cutoff   65      3.2205e+07 2.3387e+07  27.4%  67.9  190s
 61460  4404 infeasible   64      3.2205e+07 2.3422e+07  27.3%  68.4  195s
 62768  4098 infeasible   54      3.2205e+07 2.3456e+07  27.2%  68.9  200s
 64089  3602     cutoff   63      3.2205e+07 2.3505e+07  27.0%  69.7  205s
 65436  3173 infeasible   58      3.2205e+07 2.3556e+07  26.9%  70.2  210s
 66745  2780     cutoff   52      3.2205e+07 2.3614e+07  26.7%  70.7  215s
 68041  2369     cutoff   65      3.2205e+07 2.3684e+07  26.5%  71.3  220s
 69240  1855     cutoff   50      3.2205e+07 2.3787e+07  26.1%  71.7  225s
 70493  1305 2.4099e+07   63   46 3.2205e+07 2.3950e+07  25.6%  72.1  230s
 72042   633 infeasible   59      3.2205e+07 2.4704e+07  23.3%  72.3  235s

Cutting planes:
  Learned: 1
  Gomory: 5
  Cover: 1
  Implied bound: 12
  Clique: 3
  MIR: 8
  Flow cover: 14
  GUB cover: 3
  Zero half: 19

Explored 73436 nodes (5320416 simplex iterations) in 238.60 seconds
Thread count was 2 (of 4 available processors)

Optimal solution found (tolerance 1.00e-04)
Best objective 3.220490000000e+07, best bound 3.220490000000e+07, gap 0.0%
k_c1	40000.0
k_c10	1000000.0
k_c11	50000.0
k_c12	60000.0
k_c2	120000.0
k_c3	90001.0
k_c4	40000.0
k_c5	90000.0
k_c6	969999.0
k_c7	190001.0
k_c8	969999.0
k_c9	1000000.0
k_dN	0.0
o_1	0.0
o_10	0.0
o_11	0.0
o_12	0.0
o_2	0.0
o_3	0.0
o_4	0.0
o_5	0.0
o_6	0.0
o_7	0.0
o_8	0.0
o_9	0.0
p_1	0.0
p_10	0.0
p_11	0.0
p_12	0.0
p_2	0.0
p_3	0.0
p_4	0.0
p_5	0.0
p_6	0.0
p_7	0.0
p_8	0.0
p_9	0.0
phi_c1	10450.0
phi_c10	54247.0
phi_c11	32065.0
phi_c12	10972.0
phi_c2	13962.0
phi_c3	22090.0
phi_c4	12992.0
phi_c5	35193.0
phi_c6	40131.0
phi_c7	33408.0
phi_c8	49424.0
phi_c9	43917.0
phi_dN	0.0
pi_c1	0.0
pi_c10	0.0
pi_c11	250450.0
pi_c12	0.0
pi_c2	0.0
pi_c3	0.0
pi_c4	0.0
pi_c5	250450.0
pi_c6	0.0
pi_c7	0.0
pi_c8	0.0
pi_c9	0.0
pi_dN	0.0
tauD_c1	850000.0
tauD_c10	50000.0
tauD_c11	719224.0
tauD_c12	800000.0
tauD_c2	650000.0
tauD_c3	450000.0
tauD_c4	600000.0
tauD_c5	250000.0
tauD_c6	200000.0
tauD_c7	535924.0
tauD_c8	300000.0
tauD_c9	187400.0
tauD_d0	0.0
tauD_dN	1000000.0
tauS_c1	0.0
tauS_c10	876849.0
tauS_c11	839224.0
tauS_c12	864499.0
tauS_c2	857499.0
tauS_c3	865924.0
tauS_c4	854949.0
tauS_c5	840950.0
tauS_c6	864500.0
tauS_c7	883950.0
tauS_c8	887399.0
tauS_c9	859900.0
tauS_d0	0.0
tauS_dN	1000000.0
x_c10_c6	1.0
x_c11_c1	1.0
x_c12_dN	1.0
x_c1_dN	1.0
x_c2_c12	1.0
x_c3_c4	1.0
x_c4_dN	1.0
x_c5_c11	1.0
x_c6_c7	1.0
x_c7_c2	1.0
x_c8_c3	1.0
x_c9_c5	1.0
x_d0_c10	1.0
x_d0_c8	1.0
x_d0_c9	1.0
