
Gurobi 6.0.4 (win64) logging started 06/12/15 19:09:39

Read LP format model from file E:\Eigene Dateien\Downloads\Michi shit\VRPTWMS-master\VRPTWMS\instances\mip\fuel\N12-C_DV100-C_SV25_F5_13_No_1.lp
Reading time = 0.02 seconds
(null): 865 rows, 404 columns, 3771 nonzeros
Optimize a model with 865 rows, 404 columns and 3771 nonzeros
Model has 1872 quadratic constraints
WARNING: Only barrier available for SOCP models
Coefficient statistics:
  Matrix range    [1e+00, 1e+02]
  Objective range [4e+00, 1e+03]
  Bounds range    [1e+00, 1e+02]
  RHS range       [1e+00, 1e+02]
Presolve removed 69 rows and 50 columns
Presolve time: 0.13s
Presolved: 3753 rows, 1882 columns, 19175 nonzeros
Variable types: 1429 continuous, 453 integer (390 binary)
Found heuristic solution: objective 13676.210000
Optimize a model with 3753 rows, 1882 columns and 19175 nonzeros
Coefficient statistics:
  Matrix range    [1e+00, 1e+02]
  Objective range [4e+00, 1e+03]
  Bounds range    [1e+00, 1e+02]
  RHS range       [1e+00, 1e+02]

Concurrent LP optimizer: dual simplex and barrier
Showing barrier log only...

Presolve removed 306 rows and 199 columns
Presolved: 3447 rows, 1684 columns, 17828 nonzeros

Root barrier log...

Ordering time: 0.02s

Barrier performed 0 iterations in 0.17 seconds
Barrier solve interrupted - model solved by another algorithm


Solved with dual simplex
Solved in 196 iterations and 0.17 seconds
Optimal objective  3.431318303e+02

Root relaxation: objective 3.431318e+02, 196 iterations, 0.03 seconds

    Nodes    |    Current Node    |     Objective Bounds      |     Work
 Expl Unexpl |  Obj  Depth IntInf | Incumbent    BestBd   Gap | It/Node Time

     0     0  343.13183    0   42 13676.2100  343.13183  97.5%     -    0s
H    0     0                    12670.810000  343.13183  97.3%     -    0s
     0     0  633.93262    0   57 12670.8100  633.93262  95.0%     -    0s
     0     0  687.14852    0   65 12670.8100  687.14852  94.6%     -    0s
     0     0  840.39099    0   59 12670.8100  840.39099  93.4%     -    0s
     0     0 1005.60612    0   49 12670.8100 1005.60612  92.1%     -    0s
     0     0 1008.67428    0   57 12670.8100 1008.67428  92.0%     -    0s
     0     0 1012.34358    0   60 12670.8100 1012.34358  92.0%     -    0s
     0     0 1012.65442    0   61 12670.8100 1012.65442  92.0%     -    0s
     0     0 1012.98879    0   60 12670.8100 1012.98879  92.0%     -    0s
     0     0 1012.98879    0   63 12670.8100 1012.98879  92.0%     -    0s
     0     0 1012.98879    0   63 12670.8100 1012.98879  92.0%     -    0s
     0     0 1012.98879    0   63 12670.8100 1012.98879  92.0%     -    0s
     0     2 1012.98879    0   62 12670.8100 1012.98879  92.0%     -    0s
H   30    28                    9528.5600000 1259.85759  86.8%  55.6    0s
H   66    57                    8481.7100000 1259.85759  85.1%  45.8    0s
H   94    87                    6457.0400000 1259.85759  80.5%  34.7    0s
H  198   175                    6447.3900000 1259.85759  80.5%  32.2    0s
H  279   246                    6441.1000000 1259.85759  80.4%  36.9    0s
H  484   348                    6429.6200000 1275.81474  80.2%  36.7    1s
H  583   425                    5429.1200000 1275.81474  76.5%  36.7    1s
H  912   617                    5421.6200000 1313.86267  75.8%  37.5    1s
H  949   655                    5413.9900000 1313.86267  75.7%  38.4    1s
H 1045   681                    5397.8900000 2229.35318  58.7%  37.4    3s
H 1057   654                    5370.1700000 2241.80951  58.3%  37.0    4s
  1059   657 2242.46129   16   84 5370.17000 2242.46129  58.2%  40.4    5s
H 1344   782                    5367.2600000 2243.82341  58.2%  50.1    6s
H 1630   855                    5359.9000000 2244.89773  58.1%  50.6    7s
H 2334  1093                    5359.0700000 2249.44689  58.0%  50.8    9s
H 2346  1068                    5353.5700000 2249.44689  58.0%  50.7    9s
  2347  1070 infeasible   87      5353.57000 2249.48179  58.0%  50.8   10s
H 3258  1376                    4379.3500000 2259.29243  48.4%  52.2   11s
H 3356  1457                    4370.1700000 2259.45714  48.3%  53.1   13s
  4190  1930 3358.25872   51   78 4370.17000 2264.16500  48.2%  56.0   15s
H 6169  2886                    4352.5200000 2275.52453  47.7%  59.1   18s
  6810  3263     cutoff   40      4352.52000 2280.47027  47.6%  60.2   20s
H 8683  4057                    4336.8500000 2287.19189  47.3%  62.6   24s
  8836  4097 3327.83896   32   35 4336.85000 2287.49388  47.3%  62.6   25s
 10681  4862 3347.01384   45   55 4336.85000 2296.78799  47.0%  65.0   30s
 12835  5797 infeasible   38      4336.85000 2305.62901  46.8%  67.9   35s
 14919  6578     cutoff   31      4336.85000 2314.50295  46.6%  69.5   41s
 16885  7330 3344.69245   36   82 4336.85000 2323.49417  46.4%  71.1   46s
 18054  7751 2439.26233   26   95 4336.85000 2329.03913  46.3%  72.4   50s
 19939  8155 infeasible   52      4336.85000 2337.82996  46.1%  74.9   55s
 20655  8369 3335.85165   38   63 4336.85000 2341.24475  46.0%  75.4   62s
 20664  8375 4111.27262   36   94 4336.85000 2341.24475  46.0%  75.4   65s
 20675  8382 3335.85165   38  123 4336.85000 2341.24475  46.0%  75.3   70s
 20685  8389 3320.46571   39   94 4336.85000 2341.24475  46.0%  75.3   75s
 20696  8396 3437.55989   42  131 4336.85000 2341.24475  46.0%  75.2   80s
 20712  8406 3029.49500   33   29 4336.85000 2341.24475  46.0%  75.6   85s
 21922  8516 2450.26868   39   94 4336.85000 2341.24475  46.0%  76.0   92s
 24035  8729     cutoff   42      4336.85000 2341.24475  46.0%  76.6   97s
 26402  8670 3327.36565   57   65 4336.85000 2689.54992  38.0%  77.8  102s
 27867  8733     cutoff   49      4336.85000 2832.11894  34.7%  77.1  105s
 30922  9023 3331.89745   61   46 4336.85000 3244.28679  25.2%  75.2  111s
 34215  9350 3270.88520   50   57 4336.85000 3256.15484  24.9%  73.6  117s
 35431  9397     cutoff   59      4336.85000 3258.89107  24.9%  73.2  120s
 39125  9664 3387.26291   70   48 4336.85000 3263.88607  24.7%  72.0  125s
 41889  9817 infeasible   54      4336.85000 3267.47548  24.7%  71.3  131s
 43923  9970 3414.78453   75   38 4336.85000 3269.56322  24.6%  71.0  135s
 47009 10490     cutoff   59      4336.85000 3272.74229  24.5%  70.4  140s
 50016 11666 infeasible   49      4336.85000 3275.02429  24.5%  69.7  145s
 53294 12851 3438.28929   73   63 4336.85000 3277.02507  24.4%  69.3  151s
 55766 13675     cutoff   40      4336.85000 3278.68038  24.4%  69.2  155s
 58924 14755 3280.59054   50   38 4336.85000 3280.59054  24.4%  68.9  161s
 61001 15392 3288.69553   48   37 4336.85000 3281.78461  24.3%  68.7  165s
 63955 16491 infeasible   85      4336.85000 3283.34880  24.3%  68.4  171s
 65949 17152 3363.02900   69   57 4336.85000 3284.19691  24.3%  68.4  175s
H66200 17215                    4333.0400000 3284.25478  24.2%  68.4  175s
 68182 17804     cutoff   62      4333.04000 3285.53101  24.2%  68.3  180s
 70837 18659 3330.54806   43   60 4333.04000 3286.82656  24.1%  68.2  185s
 73413 19537 3474.13701   58   56 4333.04000 3288.05979  24.1%  68.2  190s
 75870 20329 3308.99400   55   27 4333.04000 3289.25611  24.1%  68.2  195s
 79032 21264 3331.68380   41   67 4333.04000 3290.67554  24.1%  68.1  200s
 81397 21885 3336.70773   62   52 4333.04000 3291.69241  24.0%  68.1  205s
 84366 22605 4322.64229   47   39 4333.04000 3293.13132  24.0%  68.2  211s
 86650 23300 3347.40362   71   55 4333.04000 3293.97955  24.0%  68.1  215s
 89376 24065     cutoff   60      4333.04000 3294.97250  24.0%  68.2  220s
 91009 24622     cutoff   65      4333.04000 3295.54912  23.9%  68.3  225s
 93257 25236     cutoff   57      4333.04000 3296.47294  23.9%  68.5  230s
 95743 25846     cutoff   73      4333.04000 3297.40674  23.9%  68.7  235s
 97831 26304 3344.30708   58   70 4333.04000 3298.26107  23.9%  68.8  240s
 100187 26880 3356.36428   64   64 4333.04000 3299.20439  23.9%  68.8  245s
 102143 27235 3324.72673   68   53 4333.04000 3299.92354  23.8%  69.0  250s
 103955 27543 3324.46861   49   51 4333.04000 3300.73644  23.8%  69.2  255s
 105627 27901 3324.08037   65   66 4333.04000 3301.25108  23.8%  69.3  260s
 108046 28406 3381.62928   51   51 4333.04000 3302.22815  23.8%  69.5  265s
 109883 28663 4326.55654   68   57 4333.04000 3302.87281  23.8%  69.6  270s
 111856 28968 infeasible   53      4333.04000 3303.49776  23.8%  69.7  275s
 113789 29438     cutoff   69      4333.04000 3304.10408  23.7%  69.8  280s
 115815 29949 infeasible   64      4333.04000 3304.77833  23.7%  69.9  285s
 118311 30552 3357.46145   51   58 4333.04000 3305.51545  23.7%  69.9  291s
 119757 30866 3341.32715   56   69 4333.04000 3306.05567  23.7%  69.9  295s
 121748 31097     cutoff   63      4333.04000 3306.80862  23.7%  70.0  300s
 123486 31298 infeasible   57      4333.04000 3307.48219  23.7%  70.2  305s
 124987 31531     cutoff   79      4333.04000 3307.90007  23.7%  70.3  310s
 126916 31885 3314.48333   58   42 4333.04000 3308.43660  23.6%  70.3  315s
 129186 32235 infeasible   57      4333.04000 3309.15294  23.6%  70.5  320s
 131490 32635 3355.70039   53   60 4333.04000 3309.92699  23.6%  70.6  326s
 132903 32701     cutoff   53      4333.04000 3310.43441  23.6%  70.7  330s
 134982 32940 3325.24326   49   68 4333.04000 3311.08082  23.6%  70.9  335s
 137265 33312     cutoff   66      4333.04000 3311.70090  23.6%  71.0  340s
 138889 33538 infeasible   77      4333.04000 3312.24835  23.6%  71.1  345s
 141446 33768 infeasible   69      4333.04000 3313.09857  23.5%  71.3  350s
 143671 33925 3334.30878   55   51 4333.04000 3313.80054  23.5%  71.4  355s
 144592 33989 3363.11960   65   80 4333.04000 3314.12093  23.5%  71.5  360s
 146584 34126     cutoff   53      4333.04000 3314.79922  23.5%  71.7  365s
 148681 34214     cutoff   55      4333.04000 3315.48588  23.5%  71.8  370s
 150299 34270 infeasible   67      4333.04000 3316.04791  23.5%  72.0  375s
 152451 34481 3426.31612   62   64 4333.04000 3316.69959  23.5%  72.1  380s
 154547 34700     cutoff   48      4333.04000 3317.43688  23.4%  72.2  385s
 156983 34857 infeasible   62      4333.04000 3318.17481  23.4%  72.3  390s
 158858 34734     cutoff   53      4333.04000 3318.80678  23.4%  72.5  395s
 160841 34834 3394.28354   66   72 4333.04000 3319.48000  23.4%  72.7  400s
 163306 34986 3334.32018   87   57 4333.04000 3320.23677  23.4%  72.8  405s
 165273 35104 4330.58385   46   51 4333.04000 3320.89435  23.4%  73.0  410s
 167307 35257     cutoff   51      4333.04000 3321.47837  23.3%  73.1  415s
 169221 35280 3352.57845   62   63 4333.04000 3322.06748  23.3%  73.3  420s
 171069 35306 3332.97608   62   42 4333.04000 3322.71376  23.3%  73.4  425s
 172227 35311 3370.04530   61   66 4333.04000 3323.09000  23.3%  73.5  430s
 174414 35240 3653.74845   75   76 4333.04000 3323.91369  23.3%  73.7  435s
 175818 35193 3492.73975   51   54 4333.04000 3324.35375  23.3%  73.9  440s
 177893 35337     cutoff   50      4333.04000 3324.88632  23.3%  73.9  445s
 179853 35423 infeasible   68      4333.04000 3325.50037  23.3%  74.0  450s
 181645 35366 3329.59167   51   31 4333.04000 3326.05395  23.2%  74.2  455s
 183859 35369 3470.29046   57   69 4333.04000 3326.72647  23.2%  74.4  460s
 185976 35330 infeasible   66      4333.04000 3327.33184  23.2%  74.5  465s
 187578 35175 4324.70626   62   36 4333.04000 3327.93028  23.2%  74.7  470s
 189638 35137     cutoff   60      4333.04000 3328.51085  23.2%  74.8  475s
 191463 35117 3402.62632   59   30 4333.04000 3329.06752  23.2%  74.9  480s
 192635 35026 3406.62519   44   66 4333.04000 3329.42322  23.2%  75.1  485s
 194768 34990 infeasible   59      4333.04000 3330.16913  23.1%  75.3  490s
 196667 34789 infeasible   56      4333.04000 3330.91951  23.1%  75.4  495s
 198608 34601     cutoff   59      4333.04000 3331.59060  23.1%  75.5  500s
 200827 34607 infeasible   62      4333.04000 3332.33833  23.1%  75.7  505s
 202792 34500 infeasible   54      4333.04000 3332.86801  23.1%  75.8  510s
 204444 34275     cutoff   53      4333.04000 3333.60113  23.1%  76.0  515s
 206192 34119 3371.56933   64   35 4333.04000 3334.23135  23.1%  76.1  520s
 207788 33959     cutoff   74      4333.04000 3334.75865  23.0%  76.3  525s
 209798 33786     cutoff   68      4333.04000 3335.49872  23.0%  76.5  530s
 211879 33745 3389.26762   65   84 4333.04000 3336.11661  23.0%  76.6  535s
 213639 33505 3347.56261   64   59 4333.04000 3336.81633  23.0%  76.8  540s
 215520 33292 3366.72160   59   74 4333.04000 3337.48286  23.0%  77.0  545s
 217092 33221 infeasible   65      4333.04000 3338.02321  23.0%  77.1  550s
 218846 32931 3373.40972   63   51 4333.04000 3338.79209  22.9%  77.3  555s
 220146 32735 3348.08816   61   71 4333.04000 3339.32256  22.9%  77.4  560s
 221998 32522     cutoff   64      4333.04000 3340.08664  22.9%  77.6  565s
 223649 32310     cutoff   79      4333.04000 3340.86175  22.9%  77.7  570s
 225360 32094 infeasible   54      4333.04000 3341.60326  22.9%  77.9  575s
 227566 31915 3381.47458   64   36 4333.04000 3342.45266  22.9%  78.0  580s
 229048 31756 3370.27784   50   35 4333.04000 3343.09991  22.8%  78.2  585s
 230975 31583 3374.36841   71   48 4333.04000 3343.89900  22.8%  78.3  590s
 232654 31346 infeasible   62      4333.04000 3344.60770  22.8%  78.4  595s
 234310 31139 infeasible   63      4333.04000 3345.38336  22.8%  78.6  600s
 235716 30976 infeasible   55      4333.04000 3345.97986  22.8%  78.7  605s
 236611 30823     cutoff   59      4333.04000 3346.40939  22.8%  78.8  610s
 238430 30595 3352.98440   66   57 4333.04000 3347.25812  22.8%  78.9  615s
 240093 30331 infeasible   66      4333.04000 3348.04278  22.7%  79.1  620s
 242059 29990     cutoff   71      4333.04000 3348.96859  22.7%  79.2  625s
 243203 29807 3389.56969   71   71 4333.04000 3349.48257  22.7%  79.3  630s
 244807 29495 infeasible   71      4333.04000 3350.30221  22.7%  79.4  635s
 246837 29195     cutoff   71      4333.04000 3351.13407  22.7%  79.5  640s
 248423 28883     cutoff   53      4333.04000 3351.95960  22.6%  79.7  645s
 250006 28591 infeasible   54      4333.04000 3352.81000  22.6%  79.8  650s
 251680 28389 3483.37120   61   75 4333.04000 3353.54000  22.6%  79.9  655s
 253471 28040     cutoff   50      4333.04000 3354.43421  22.6%  80.1  660s
 254862 27945 infeasible   59      4333.04000 3355.08255  22.6%  80.1  665s
 256558 27682 3424.97774   66   62 4333.04000 3355.95100  22.5%  80.3  670s
 258098 27378     cutoff   66      4333.04000 3356.66823  22.5%  80.4  675s
 259840 27006 infeasible   56      4333.04000 3357.65825  22.5%  80.6  680s
 261326 26687 infeasible   58      4333.04000 3358.46668  22.5%  80.7  685s
 263052 26482     cutoff   62      4333.04000 3359.39324  22.5%  80.8  690s
 264990 26261 infeasible   65      4333.04000 3360.38206  22.4%  80.9  695s
 266512 25972 3397.19869   73   39 4333.04000 3361.23138  22.4%  81.1  700s
 268077 25766 3375.47234   66   84 4333.04000 3362.03561  22.4%  81.2  705s
 269653 25519 infeasible   63      4333.04000 3362.93667  22.4%  81.3  710s
 271312 25219     cutoff   70      4333.04000 3363.87657  22.4%  81.4  715s
 272893 24986 3545.44106   71   92 4333.04000 3364.72191  22.3%  81.5  720s
 274394 24689 3414.04170   70   67 4333.04000 3365.59152  22.3%  81.6  725s
 276229 24376     cutoff   43      4333.04000 3366.60984  22.3%  81.8  730s
 277827 24102 infeasible   60      4333.04000 3367.39953  22.3%  81.9  735s
 279368 23839 3546.83158   67   92 4333.04000 3368.26905  22.3%  81.9  740s
 280993 23465     cutoff   50      4333.04000 3369.35140  22.2%  82.1  745s
 282488 23224 3723.29543   67   77 4333.04000 3370.22094  22.2%  82.2  750s
 284282 22841 3584.38811   73   64 4333.04000 3371.31489  22.2%  82.3  755s
 286070 22503     cutoff   66      4333.04000 3372.46195  22.2%  82.4  760s
 287854 22184 infeasible   71      4333.04000 3373.65734  22.1%  82.5  765s
 289590 21815 3442.79512   78  106 4333.04000 3374.91250  22.1%  82.6  770s
 291308 21456 3394.11022   71   61 4333.04000 3376.26888  22.1%  82.7  775s
 292772 21122 3428.92762   47   87 4333.04000 3377.24880  22.1%  82.8  780s
 294184 20791 3467.44790   75   92 4333.04000 3378.33460  22.0%  82.9  785s
 295792 20405     cutoff   73      4333.04000 3379.61843  22.0%  83.0  790s
 297621 20115 infeasible   60      4333.04000 3380.92506  22.0%  83.1  795s
 299063 19888 infeasible   69      4333.04000 3382.08704  21.9%  83.2  801s
 300176 19482     cutoff   64      4333.04000 3383.09459  21.9%  83.3  805s
 301889 19141     cutoff   76      4333.04000 3384.51399  21.9%  83.4  810s
 303614 18794 infeasible   68      4333.04000 3385.96822  21.9%  83.4  815s
 304866 18494     cutoff   58      4333.04000 3386.98393  21.8%  83.5  820s
 306576 18112 3447.40635   71   58 4333.04000 3388.53972  21.8%  83.6  825s
 308262 17730     cutoff   63      4333.04000 3390.02819  21.8%  83.7  830s
 310009 17391     cutoff   64      4333.04000 3391.63180  21.7%  83.8  835s
 311750 17043     cutoff   67      4333.04000 3393.20491  21.7%  83.8  840s
 313326 16633 infeasible   63      4333.04000 3394.94190  21.6%  84.0  845s
 315009 16266     cutoff   70      4333.04000 3396.72078  21.6%  84.1  850s
 316741 15790 3442.26959   79   68 4333.04000 3398.65256  21.6%  84.2  855s
 318275 15461     cutoff   63      4333.04000 3400.23744  21.5%  84.2  860s
 320012 15074 3670.40877   62  118 4333.04000 3402.30265  21.5%  84.3  865s
 321833 14586     cutoff   54      4333.04000 3404.56668  21.4%  84.4  870s
 323403 14188 infeasible   78      4333.04000 3406.67596  21.4%  84.5  875s
 324855 13869 infeasible   59      4333.04000 3408.21444  21.3%  84.6  880s
 326544 13325     cutoff   68      4333.04000 3410.84911  21.3%  84.7  885s
 327898 12895 infeasible   65      4333.04000 3412.99333  21.2%  84.8  890s
 329381 12575     cutoff   74      4333.04000 3414.83836  21.2%  84.9  895s
 330826 12089 infeasible   67      4333.04000 3417.20982  21.1%  85.1  900s
 332381 11682     cutoff   53      4333.04000 3419.69010  21.1%  85.2  905s
 333916 11268     cutoff   62      4333.04000 3422.48756  21.0%  85.3  910s
 335336 10882 infeasible   72      4333.04000 3424.81476  21.0%  85.4  915s
 336700 10574 3450.97670   61   54 4333.04000 3427.48488  20.9%  85.5  920s
 338182 10113     cutoff   96      4333.04000 3430.46456  20.8%  85.6  925s
 339647  9653 3433.90237   74   62 4333.04000 3433.57000  20.8%  85.8  930s
 341156  9194 3483.57037   66   69 4333.04000 3437.20291  20.7%  85.9  935s
 342424  8855 infeasible   56      4333.04000 3440.48374  20.6%  86.0  940s
 343835  8289 infeasible   58      4333.04000 3445.27542  20.5%  86.1  945s
 345010  7896 3482.13195   62   59 4333.04000 3449.45325  20.4%  86.2  950s
 346136  7496 3474.83834   60   92 4333.04000 3454.22925  20.3%  86.3  955s
 347307  7095 3485.97016   61   84 4333.04000 3459.12636  20.2%  86.4  960s
 348619  6601 4057.70830   67   74 4333.04000 3466.21243  20.0%  86.6  965s
 349990  6014 infeasible   69      4333.04000 3476.94186  19.8%  86.7  970s
 351251  5393 infeasible   66      4333.04000 3490.27270  19.4%  86.8  975s
 352745  4716 infeasible   68      4333.04000 3528.21268  18.6%  86.9  980s
 353760  4263 4308.74128   59   44 4333.04000 3630.63194  16.2%  86.8  985s
 356349  3523     cutoff   60      4333.04000 4123.16001  4.84%  86.6  990s
 359018  3738 4320.32300   58   23 4333.04000 4258.91780  1.71%  86.3  995s
 362220  4354     cutoff   55      4333.04000 4273.89122  1.37%  85.9 1000s
 365924  4738 4283.98749   61   47 4333.04000 4280.91199  1.20%  85.4 1005s
 368480  4823 4286.57230   57   33 4333.04000 4284.84266  1.11%  85.1 1010s
 371417  4669     cutoff   58      4333.04000 4289.04134  1.02%  84.8 1015s
 374427  4138 4311.42882   58   41 4333.04000 4293.87129  0.90%  84.4 1020s
 377788  2955     cutoff   58      4333.04000 4300.75689  0.75%  84.1 1025s
 380965  1315     cutoff   63      4333.04000 4310.51833  0.52%  83.7 1030s

Cutting planes:
  Learned: 13
  Gomory: 32
  Cover: 607
  Implied bound: 656
  Clique: 14
  MIR: 159
  Flow cover: 254
  GUB cover: 14
  Zero half: 97
  Mod-K: 4

Explored 382837 nodes (31923725 simplex iterations) in 1031.97 seconds
Thread count was 4 (of 4 available processors)

Optimal solution found (tolerance 1.00e-04)
Best objective 4.333040000000e+03, best bound 4.333040000000e+03, gap 0.0%
k_c1	89.0
k_c10	100.0
k_c11	3.0
k_c12	96.0
k_c2	92.0
k_c3	7.0
k_c4	95.0
k_c5	14.0
k_c6	94.0
k_c7	100.0
k_c8	90.0
k_c9	100.0
k_dN	0.0
o_1	0.0
o_10	0.0
o_11	0.0
o_12	0.0
o_2	0.0
o_3	0.0
o_4	0.0
o_5	1.0
o_6	0.0
o_7	0.0
o_8	1.0
o_9	1.0
p_1	0.0
p_10	0.0
p_11	0.0
p_12	1.0
p_2	0.0
p_3	0.0
p_4	0.0
p_5	1.0
p_6	0.0
p_7	0.0
p_8	1.0
p_9	1.0
phi_c1	1.0
phi_c10	2.0
phi_c11	2.0
phi_c12	1.0
phi_c2	3.0
phi_c3	4.0
phi_c4	2.0
phi_c5	2.0
phi_c6	4.0
phi_c7	3.0
phi_c8	0.0
phi_c9	4.0
phi_dN	0.0
pi_c1	0.0
pi_c10	0.0
pi_c11	0.0
pi_c12	12.0
pi_c2	0.0
pi_c3	0.0
pi_c4	0.0
pi_c5	8.0
pi_c6	0.0
pi_c7	0.0
pi_c8	5.0
pi_c9	13.0
pi_dN	0.0
tauD_c1	45.0
tauD_c10	10.0
tauD_c11	86.0
tauD_c12	25.0
tauD_c2	39.0
tauD_c3	73.0
tauD_c4	25.0
tauD_c5	57.0
tauD_c6	40.0
tauD_c7	5.0
tauD_c8	38.0
tauD_c9	4.0
tauD_d0	0.0
tauD_dN	100.0
tauS_c1	7.0
tauS_c10	7.0
tauS_c11	0.0
tauS_c12	21.0
tauS_c2	7.0
tauS_c3	5.0
tauS_c4	1.0
tauS_c5	40.0
tauS_c6	81.0
tauS_c7	0.0
tauS_c8	70.0
tauS_c9	6.0
tauS_d0	0.0
tauS_dN	82.0
x_c10_c12	1.0
x_c11_dN	1.0
x_c12_c6	1.0
x_c1_dN	1.0
x_c2_c1	1.0
x_c3_c11	1.0
x_c4_c8	1.0
x_c5_c3	1.0
x_c6_c5	1.0
x_c7_c4	1.0
x_c8_dN	1.0
x_c9_c2	1.0
x_d0_c10	1.0
x_d0_c7	1.0
x_d0_c9	1.0
z_c12_c5	1.0
z_c5_c8	1.0
z_c8_dN	1.0
z_c9_c12	1.0
z_d0_c9	1.0
