
Gurobi 6.0.4 (win64) logging started 06/21/15 06:59:46

Read LP format model from file C:\MT\repository\VRPTWMS\instances\mip\fuel\N12-C_DV100-C_SV30_F6_13_No_1.lp
Reading time = 0.02 seconds
(null): 865 rows, 404 columns, 3771 nonzeros
Optimize a model with 865 rows, 404 columns and 3771 nonzeros
Model has 1872 quadratic constraints
Coefficient statistics:
  Matrix range    [1e+00, 1e+06]
  Objective range [4e+04, 1e+07]
  Bounds range    [1e+00, 1e+06]
  RHS range       [1e+00, 1e+06]
Presolve removed 79 rows and 49 columns
Presolve time: 1.09s
Presolved: 3868 rows, 1946 columns, 19369 nonzeros
Variable types: 1491 continuous, 455 integer (392 binary)
Found heuristic solution: objective 1.249278e+08

Root relaxation: objective 3.172231e+06, 265 iterations, 0.01 seconds

    Nodes    |    Current Node    |     Objective Bounds      |     Work
 Expl Unexpl |  Obj  Depth IntInf | Incumbent    BestBd   Gap | It/Node Time

     0     0 3172230.56    0   44 1.2493e+08 3172230.56  97.5%     -    1s
H    0     0                    8.398140e+07 3172230.56  96.2%     -    1s
     0     0 8040809.86    0   58 8.3981e+07 8040809.86  90.4%     -    1s
H    0     0                    6.384970e+07 8040809.86  87.4%     -    1s
     0     0 1.2378e+07    0   45 6.3850e+07 1.2378e+07  80.6%     -    1s
     0     0 1.2476e+07    0   31 6.3850e+07 1.2476e+07  80.5%     -    1s
H    0     0                    5.315580e+07 1.2476e+07  76.5%     -    1s
     0     0 1.2476e+07    0   33 5.3156e+07 1.2476e+07  76.5%     -    1s
     0     0 1.2476e+07    0   30 5.3156e+07 1.2476e+07  76.5%     -    1s
     0     0 1.2476e+07    0   26 5.3156e+07 1.2476e+07  76.5%     -    1s
     0     0 1.2476e+07    0   21 5.3156e+07 1.2476e+07  76.5%     -    1s
     0     0 1.2476e+07    0   28 5.3156e+07 1.2476e+07  76.5%     -    1s
     0     0 1.2476e+07    0   22 5.3156e+07 1.2476e+07  76.5%     -    1s
     0     0 1.2476e+07    0   26 5.3156e+07 1.2476e+07  76.5%     -    1s
     0     0 1.2476e+07    0   26 5.3156e+07 1.2476e+07  76.5%     -    1s
     0     2 1.2476e+07    0   26 5.3156e+07 1.2476e+07  76.5%     -    1s
H   27    25                    4.278920e+07 1.2643e+07  70.5%  30.7    1s
H  346   241                    4.277950e+07 1.3001e+07  69.6%  27.2    2s
H  634   449                    4.263180e+07 1.3125e+07  69.2%  31.4    3s
   739   509 3.7922e+07   52   68 4.2632e+07 1.5193e+07  64.4%  30.6    5s
H  746   488                    3.408190e+07 1.5193e+07  55.4%  30.3    6s
   763   499 3.3403e+07   23   70 3.4082e+07 1.5193e+07  55.4%  29.7   10s
H  770   478                    3.366680e+07 1.5193e+07  54.9%  29.4   11s
   867   544 2.3788e+07   37   60 3.3667e+07 1.5193e+07  54.9%  47.1   15s
H 1104   598                    3.364410e+07 1.5193e+07  54.8%  54.3   16s
H 1341   631                    3.364050e+07 1.5193e+07  54.8%  56.0   17s
H 1579   672                    3.364000e+07 1.5193e+07  54.8%  59.5   19s
  1624   670 1.9252e+07   21   50 3.3640e+07 1.5193e+07  54.8%  60.4   20s
  2680  1142 infeasible   26      3.3640e+07 1.5193e+07  54.8%  64.0   25s
  3728  1682 2.3944e+07   57   46 3.3640e+07 1.5759e+07  53.2%  66.4   30s
  4470  2038 2.3113e+07   24   54 3.3640e+07 1.6130e+07  52.1%  69.2   35s
  5676  2549 infeasible   53      3.3640e+07 1.6730e+07  50.3%  70.8   40s
  6706  2917 2.5104e+07   39   63 3.3640e+07 1.7373e+07  48.4%  73.7   45s
  7358  3183 2.4746e+07   49   77 3.3640e+07 1.8061e+07  46.3%  74.7   50s
  8397  3589     cutoff   36      3.3640e+07 1.9188e+07  43.0%  75.8   55s
* 9222  3848              34    3.361220e+07 1.9670e+07  41.5%  76.4   58s
  9640  4019 2.3276e+07   22   27 3.3612e+07 1.9905e+07  40.8%  76.3   60s
H10425  4235                    3.358240e+07 2.0173e+07  39.9%  77.1   65s
 11428  4385 2.5205e+07   36   57 3.3582e+07 2.0904e+07  37.8%  78.5   70s
 12636  4643 3.3053e+07   28   21 3.3582e+07 2.2299e+07  33.6%  79.2   75s
 13891  5182 3.3171e+07   53   42 3.3582e+07 2.2590e+07  32.7%  78.2   80s
 14795  5550 2.3935e+07   41   26 3.3582e+07 2.2675e+07  32.5%  77.9   90s
 14806  5557 2.6043e+07   40   93 3.3582e+07 2.2675e+07  32.5%  77.8   95s
 14814  5563 2.3146e+07   30  106 3.3582e+07 2.2675e+07  32.5%  77.8  100s
 14822  5568 2.3805e+07   31  136 3.3582e+07 2.2675e+07  32.5%  77.7  105s
 14830  5573 3.3318e+07   39  137 3.3582e+07 2.2675e+07  32.5%  77.7  110s
 14837  5578 2.7214e+07   28  139 3.3582e+07 2.2675e+07  32.5%  77.6  115s
 14844  5583 2.3141e+07   31  156 3.3582e+07 2.2675e+07  32.5%  77.6  120s
 14900  5616 2.3653e+07   41   44 3.3582e+07 2.2675e+07  32.5%  78.4  125s
 15424  5739 3.2773e+07   41   31 3.3582e+07 2.2675e+07  32.5%  77.8  130s
H16039  5526                    3.357110e+07 2.2675e+07  32.5%  76.8  132s
H16582  5463                    3.355100e+07 2.2675e+07  32.4%  76.1  133s
 16827  5489 2.3578e+07   47   56 3.3551e+07 2.2675e+07  32.4%  75.9  135s
 18346  5721     cutoff   50      3.3551e+07 2.2710e+07  32.3%  74.6  141s
H18821  5496                    3.352470e+07 2.2718e+07  32.2%  74.4  143s
 19330  5550 3.3074e+07   52   15 3.3525e+07 2.2741e+07  32.2%  74.1  145s
H20434  5477                    3.352440e+07 2.2773e+07  32.1%  73.5  150s
 22259  5639 infeasible   69      3.3524e+07 2.2812e+07  32.0%  72.5  157s
 23367  5710 3.3037e+07   69   30 3.3524e+07 2.2839e+07  31.9%  72.1  162s
 24463  5848 2.3786e+07   52   39 3.3524e+07 2.2855e+07  31.8%  71.7  167s
 25017  5913 2.3675e+07   49   64 3.3524e+07 2.2868e+07  31.8%  71.5  170s
 26162  5980     cutoff   53      3.3524e+07 2.2886e+07  31.7%  71.1  175s
 27822  6041 2.3595e+07   53   49 3.3524e+07 2.2907e+07  31.7%  70.9  181s
*28158  5911              83    3.349210e+07 2.2913e+07  31.6%  70.8  181s
 28963  6286 3.2924e+07   41   38 3.3492e+07 2.2924e+07  31.6%  70.6  185s
 30191  6773 infeasible   53      3.3492e+07 2.2937e+07  31.5%  70.9  191s
 31125  7118 infeasible   52      3.3492e+07 2.2951e+07  31.5%  70.8  195s
*32298  7453              64    3.338530e+07 2.2965e+07  31.2%  70.8  198s
 32456  7523 infeasible   51      3.3385e+07 2.2965e+07  31.2%  70.8  200s
H32890  7677                    3.338500e+07 2.2970e+07  31.2%  70.8  202s
 33643  7875 2.3187e+07   42   44 3.3385e+07 2.2980e+07  31.2%  70.9  205s
H34147  7985                    3.329950e+07 2.2985e+07  31.0%  71.0  207s
 34757  8163 3.3044e+07   47   48 3.3300e+07 2.2993e+07  30.9%  71.0  210s
 35923  8504 2.3899e+07   46   44 3.3300e+07 2.3007e+07  30.9%  71.1  215s
 36850  8730 infeasible   50      3.3300e+07 2.3016e+07  30.9%  71.0  220s
 38328  9061 3.2831e+07   42   34 3.3300e+07 2.3034e+07  30.8%  71.2  226s
 39400  9356     cutoff   45      3.3300e+07 2.3046e+07  30.8%  71.4  230s
 40747  9690 3.2856e+07   43   42 3.3300e+07 2.3061e+07  30.7%  71.5  235s
 42082 10053 3.3007e+07   57    7 3.3300e+07 2.3071e+07  30.7%  71.7  241s
 43013 10264 infeasible   53      3.3300e+07 2.3080e+07  30.7%  71.9  245s
 44285 10557     cutoff   61      3.3300e+07 2.3091e+07  30.7%  72.3  250s
 45477 10798 2.3406e+07   60   59 3.3300e+07 2.3102e+07  30.6%  72.6  255s
 46567 11024 2.3720e+07   53   44 3.3300e+07 2.3113e+07  30.6%  72.9  260s
 47150 11213 infeasible   56      3.3300e+07 2.3117e+07  30.6%  73.0  265s
 48196 11420 2.3363e+07   40   29 3.3300e+07 2.3126e+07  30.6%  73.3  270s
 49602 11649 infeasible   56      3.3300e+07 2.3141e+07  30.5%  73.7  276s
 50688 11854     cutoff   64      3.3300e+07 2.3151e+07  30.5%  74.0  281s
 51810 12141 2.3280e+07   46   34 3.3300e+07 2.3159e+07  30.5%  74.2  285s
 52899 12294 2.3865e+07   57   34 3.3300e+07 2.3170e+07  30.4%  74.5  290s
 53897 12483 2.4073e+07   54   37 3.3300e+07 2.3179e+07  30.4%  74.9  295s
 55032 12701 2.3877e+07   39   34 3.3300e+07 2.3188e+07  30.4%  75.1  300s
 56198 12870 infeasible   57      3.3300e+07 2.3199e+07  30.3%  75.5  305s
 57200 13052 infeasible   63      3.3300e+07 2.3210e+07  30.3%  75.7  310s
 58490 13249 infeasible   48      3.3300e+07 2.3221e+07  30.3%  76.0  316s
 59409 13387 2.3481e+07   44   37 3.3300e+07 2.3229e+07  30.2%  76.2  321s
 60342 13494 2.3507e+07   53   49 3.3300e+07 2.3235e+07  30.2%  76.5  325s
 61270 13676     cutoff   43      3.3300e+07 2.3244e+07  30.2%  76.7  330s
 62314 13912 2.4658e+07   54   71 3.3300e+07 2.3252e+07  30.2%  76.8  335s
 63379 14026 3.2888e+07   39   19 3.3300e+07 2.3264e+07  30.1%  77.3  340s
 64217 14115 infeasible   60      3.3300e+07 2.3271e+07  30.1%  77.6  345s
 65345 14269 infeasible   60      3.3300e+07 2.3281e+07  30.1%  78.0  350s
 66163 14361 2.3543e+07   41   36 3.3300e+07 2.3289e+07  30.1%  78.2  355s
 67194 14414 2.4310e+07   47   37 3.3300e+07 2.3301e+07  30.0%  78.7  361s
 68027 14511 infeasible   43      3.3300e+07 2.3308e+07  30.0%  79.0  365s
 68741 14560 2.3575e+07   58   67 3.3300e+07 2.3314e+07  30.0%  79.3  370s
 69809 14687 2.3816e+07   40   66 3.3300e+07 2.3323e+07  30.0%  79.7  375s
 70893 14782     cutoff   48      3.3300e+07 2.3333e+07  29.9%  80.0  380s
 71671 14831     cutoff   48      3.3300e+07 2.3338e+07  29.9%  80.4  385s
 72676 14911 2.4327e+07   45   41 3.3300e+07 2.3347e+07  29.9%  80.8  390s
 73397 14951 2.4227e+07   53   59 3.3300e+07 2.3353e+07  29.9%  81.2  395s
 74460 15053     cutoff   51      3.3300e+07 2.3363e+07  29.8%  81.5  400s
 75057 15069 2.3405e+07   59   26 3.3300e+07 2.3371e+07  29.8%  81.7  405s
 75753 15120 2.3396e+07   53   46 3.3300e+07 2.3377e+07  29.8%  82.0  410s
 76678 15205     cutoff   55      3.3300e+07 2.3385e+07  29.8%  82.4  416s
 77453 15228 2.3858e+07   50   43 3.3300e+07 2.3393e+07  29.7%  82.6  420s
 78460 15289 2.5238e+07   73  100 3.3300e+07 2.3401e+07  29.7%  82.8  425s
 79210 15342 2.3833e+07   47   52 3.3300e+07 2.3409e+07  29.7%  83.1  430s
 80067 15389     cutoff   67      3.3300e+07 2.3416e+07  29.7%  83.3  435s
 81024 15484 infeasible   49      3.3300e+07 2.3424e+07  29.7%  83.7  441s
 81875 15469     cutoff   45      3.3300e+07 2.3436e+07  29.6%  84.0  446s
 82653 15569 2.6859e+07   82  101 3.3300e+07 2.3444e+07  29.6%  84.2  450s
 83436 15560 infeasible   44      3.3300e+07 2.3452e+07  29.6%  84.5  455s
 84296 15642     cutoff   56      3.3300e+07 2.3460e+07  29.5%  84.6  460s
 85227 15719 infeasible   59      3.3300e+07 2.3469e+07  29.5%  85.0  465s
 86148 15787 2.3533e+07   40   52 3.3300e+07 2.3479e+07  29.5%  85.2  470s
 87122 15813 2.4522e+07   62   69 3.3300e+07 2.3487e+07  29.5%  85.5  475s
 87947 15808 infeasible   54      3.3300e+07 2.3496e+07  29.4%  85.9  480s
 88820 15803 2.3969e+07   55   32 3.3300e+07 2.3504e+07  29.4%  86.2  485s
 89794 15839 2.3879e+07   63   63 3.3300e+07 2.3513e+07  29.4%  86.4  491s
 90486 15850 2.4163e+07   61   43 3.3300e+07 2.3520e+07  29.4%  86.6  495s
 91476 15933 2.3672e+07   50   60 3.3300e+07 2.3527e+07  29.3%  86.9  500s
 92192 15934 infeasible   54      3.3300e+07 2.3532e+07  29.3%  87.1  505s
 93111 15951 3.3141e+07   41   40 3.3300e+07 2.3541e+07  29.3%  87.4  510s
 93928 15944     cutoff   54      3.3300e+07 2.3548e+07  29.3%  87.6  515s
 94834 15920 infeasible   56      3.3300e+07 2.3559e+07  29.3%  87.9  521s
 95545 15900 2.4806e+07   53   60 3.3300e+07 2.3566e+07  29.2%  88.2  525s
 96252 15829 2.3876e+07   49   63 3.3300e+07 2.3574e+07  29.2%  88.5  530s
 97089 15778     cutoff   70      3.3300e+07 2.3584e+07  29.2%  88.8  535s
 97811 15796 2.5213e+07   52   43 3.3300e+07 2.3591e+07  29.2%  89.0  540s
 98609 15760 2.3793e+07   49   38 3.3300e+07 2.3599e+07  29.1%  89.3  545s
 99370 15740     cutoff   51      3.3300e+07 2.3607e+07  29.1%  89.6  550s
 100171 15709     cutoff   57      3.3300e+07 2.3615e+07  29.1%  89.9  555s
 100912 15607 2.3956e+07   50   34 3.3300e+07 2.3623e+07  29.1%  90.2  560s
 101512 15515 2.4073e+07   50   62 3.3300e+07 2.3629e+07  29.0%  90.5  565s
 102290 15462     cutoff   53      3.3300e+07 2.3636e+07  29.0%  90.8  570s
 102963 15458 infeasible   61      3.3300e+07 2.3643e+07  29.0%  91.1  575s
 103620 15452     cutoff   57      3.3300e+07 2.3649e+07  29.0%  91.3  580s
 104408 15398     cutoff   52      3.3300e+07 2.3657e+07  29.0%  91.6  585s
 105134 15323     cutoff   56      3.3300e+07 2.3665e+07  28.9%  92.0  590s
 105908 15270     cutoff   42      3.3300e+07 2.3673e+07  28.9%  92.2  595s
 106708 15193     cutoff   57      3.3300e+07 2.3681e+07  28.9%  92.6  600s
 107543 15178 infeasible   63      3.3300e+07 2.3688e+07  28.9%  92.8  605s
 108369 15067 infeasible   53      3.3300e+07 2.3699e+07  28.8%  93.1  610s
 109057 14970     cutoff   61      3.3300e+07 2.3707e+07  28.8%  93.3  615s
 109789 14850     cutoff   58      3.3300e+07 2.3715e+07  28.8%  93.6  620s
 110460 14775     cutoff   56      3.3300e+07 2.3722e+07  28.8%  94.0  625s
 111117 14689     cutoff   50      3.3300e+07 2.3731e+07  28.7%  94.3  630s
 111733 14600     cutoff   48      3.3300e+07 2.3738e+07  28.7%  94.5  635s
 112572 14490 2.3867e+07   62   48 3.3300e+07 2.3749e+07  28.7%  94.8  640s
 113249 14501 3.3256e+07   50   27 3.3300e+07 2.3755e+07  28.7%  95.0  645s
 113951 14427     cutoff   58      3.3300e+07 2.3763e+07  28.6%  95.2  650s
 114712 14347 infeasible   47      3.3300e+07 2.3771e+07  28.6%  95.4  655s
 115227 14221     cutoff   66      3.3300e+07 2.3779e+07  28.6%  95.7  660s
 115967 14120 2.4141e+07   63   56 3.3300e+07 2.3788e+07  28.6%  96.0  665s
 116672 14048     cutoff   53      3.3300e+07 2.3798e+07  28.5%  96.2  670s
 117417 13904 2.3969e+07   47   55 3.3300e+07 2.3810e+07  28.5%  96.6  675s
 118009 13775 2.9544e+07   52   78 3.3300e+07 2.3817e+07  28.5%  96.9  680s
 118667 13654 2.4687e+07   73   95 3.3300e+07 2.3827e+07  28.4%  97.1  685s
 119342 13546 infeasible   62      3.3300e+07 2.3835e+07  28.4%  97.3  690s
 120052 13392 2.4103e+07   63   67 3.3300e+07 2.3846e+07  28.4%  97.6  695s
 120786 13251     cutoff   53      3.3300e+07 2.3859e+07  28.4%  97.9  700s
 121476 13063 infeasible   39      3.3300e+07 2.3870e+07  28.3%  98.2  705s
 122140 12896 infeasible   60      3.3300e+07 2.3881e+07  28.3%  98.5  710s
 122887 12765     cutoff   68      3.3300e+07 2.3892e+07  28.3%  98.7  715s
 123611 12625 infeasible   48      3.3300e+07 2.3902e+07  28.2%  99.0  720s
 124322 12465     cutoff   64      3.3300e+07 2.3915e+07  28.2%  99.3  725s
 125021 12386 infeasible   66      3.3300e+07 2.3926e+07  28.1%  99.5  730s
 125558 12259     cutoff   72      3.3300e+07 2.3935e+07  28.1%   100  735s
 126215 12079 infeasible   58      3.3300e+07 2.3948e+07  28.1%   100  740s
 126891 11898 infeasible   55      3.3300e+07 2.3962e+07  28.0%   100  745s
 127505 11709     cutoff   59      3.3300e+07 2.3974e+07  28.0%   101  750s
 128057 11511 2.4231e+07   58   38 3.3300e+07 2.3987e+07  28.0%   101  755s
 128590 11291 2.4227e+07   56   46 3.3300e+07 2.4002e+07  27.9%   101  760s
 129276 11052     cutoff   87      3.3300e+07 2.4020e+07  27.9%   101  765s
 129963 10819     cutoff   52      3.3300e+07 2.4038e+07  27.8%   102  770s
 130612 10636 infeasible   81      3.3300e+07 2.4052e+07  27.8%   102  775s
 131235 10452     cutoff   63      3.3300e+07 2.4069e+07  27.7%   102  780s
 131824 10242     cutoff   57      3.3300e+07 2.4086e+07  27.7%   103  785s
 132413 10087     cutoff   63      3.3300e+07 2.4103e+07  27.6%   103  790s
 133022  9852 2.4255e+07   62   45 3.3300e+07 2.4125e+07  27.6%   103  795s
 133525  9660 2.4740e+07   52   55 3.3300e+07 2.4143e+07  27.5%   103  800s
 134161  9462 infeasible   65      3.3300e+07 2.4165e+07  27.4%   104  805s
 134844  9220 infeasible   67      3.3300e+07 2.4194e+07  27.3%   104  810s
 135453  9012     cutoff   62      3.3300e+07 2.4222e+07  27.3%   104  815s
 136174  8811     cutoff   70      3.3300e+07 2.4253e+07  27.2%   104  820s
 136808  8624     cutoff   66      3.3300e+07 2.4283e+07  27.1%   105  825s
 137458  8426     cutoff   56      3.3300e+07 2.4318e+07  27.0%   105  831s
 137840  8232 infeasible   59      3.3300e+07 2.4344e+07  26.9%   105  835s
 138525  7987 2.5627e+07   56   63 3.3300e+07 2.4395e+07  26.7%   105  840s
 139203  7821     cutoff   68      3.3300e+07 2.4445e+07  26.6%   105  845s
 139953  7536 2.4515e+07   41   35 3.3300e+07 2.4515e+07  26.4%   106  850s
 140553  7349     cutoff   72      3.3300e+07 2.4608e+07  26.1%   106  855s
 141300  7062     cutoff   63      3.3300e+07 2.4781e+07  25.6%   106  860s
 142293  6828 infeasible   39      3.3300e+07 2.5294e+07  24.0%   106  865s
 143500  6698     cutoff   48      3.3300e+07 2.6953e+07  19.1%   106  870s
 144551  6479     cutoff   52      3.3300e+07 2.8892e+07  13.2%   106  875s
 145525  6547 3.2756e+07   39    9 3.3300e+07 3.0551e+07  8.25%   105  880s
 147143  6841 3.2988e+07   46   11 3.3300e+07 3.2136e+07  3.49%   105  886s
 148301  7090 infeasible   57      3.3300e+07 3.2328e+07  2.92%   105  890s
 149384  7323 3.3135e+07   50   20 3.3300e+07 3.2378e+07  2.77%   104  895s
 150919  7623 3.2681e+07   56   18 3.3300e+07 3.2440e+07  2.58%   104  901s
 152157  7805 infeasible   61      3.3300e+07 3.2477e+07  2.47%   103  905s
 153625  8067 3.2718e+07   48   26 3.3300e+07 3.2515e+07  2.35%   103  910s
 154983  8284 infeasible   51      3.3300e+07 3.2541e+07  2.28%   103  915s
 156161  8392 3.2953e+07   49   20 3.3300e+07 3.2570e+07  2.19%   102  920s
 157543  8647     cutoff   51      3.3300e+07 3.2598e+07  2.11%   102  926s
 158540  8757 infeasible   54      3.3300e+07 3.2615e+07  2.06%   102  930s
 159779  8928     cutoff   44      3.3300e+07 3.2634e+07  2.00%   102  935s
 160878  9129     cutoff   55      3.3300e+07 3.2644e+07  1.97%   101  940s
 162107  9364     cutoff   49      3.3300e+07 3.2658e+07  1.93%   101  945s
 163284  9490     cutoff   43      3.3300e+07 3.2671e+07  1.89%   101  950s
 164489  9610 3.2704e+07   53   16 3.3300e+07 3.2683e+07  1.85%   100  955s
 165768  9767 3.2906e+07   44   21 3.3300e+07 3.2693e+07  1.82%   100  960s
 166976  9838 3.2720e+07   52   22 3.3300e+07 3.2703e+07  1.79%   100  965s
 168235  9890     cutoff   56      3.3300e+07 3.2716e+07  1.75%   100  970s
 169466  9899 3.2903e+07   55   18 3.3300e+07 3.2726e+07  1.72%  99.4  975s
 170697 10011 3.2918e+07   50   20 3.3300e+07 3.2736e+07  1.69%  99.2  980s
 171882 10021 3.2903e+07   53   29 3.3300e+07 3.2746e+07  1.66%  98.9  985s
 173201 10064 3.2938e+07   49   12 3.3300e+07 3.2756e+07  1.63%  98.6  990s
 174465 10131     cutoff   50      3.3300e+07 3.2765e+07  1.60%  98.4  995s
 175509 10134 3.3226e+07   53   12 3.3300e+07 3.2775e+07  1.58%  98.2 1000s
 176985 10151     cutoff   61      3.3300e+07 3.2785e+07  1.54%  97.9 1005s
 178057 10115 infeasible   55      3.3300e+07 3.2793e+07  1.52%  97.7 1010s
 179365 10111 3.2836e+07   34   23 3.3300e+07 3.2803e+07  1.49%  97.5 1015s
 180580 10009     cutoff   65      3.3300e+07 3.2813e+07  1.46%  97.3 1020s
 181857 10013     cutoff   56      3.3300e+07 3.2821e+07  1.44%  97.1 1025s
 182935  9920     cutoff   51      3.3300e+07 3.2829e+07  1.41%  96.9 1030s
 184110  9821 3.3130e+07   80   22 3.3300e+07 3.2837e+07  1.39%  96.7 1035s
 185594  9696 3.2861e+07   43   32 3.3300e+07 3.2848e+07  1.36%  96.5 1040s
 186716  9579 infeasible   55      3.3300e+07 3.2856e+07  1.33%  96.3 1046s
 187749  9505     cutoff   60      3.3300e+07 3.2863e+07  1.31%  96.1 1050s
 189041  9416     cutoff   44      3.3300e+07 3.2871e+07  1.29%  95.9 1055s
 190290  9304     cutoff   64      3.3300e+07 3.2879e+07  1.26%  95.7 1060s
 191729  9172     cutoff   52      3.3300e+07 3.2888e+07  1.24%  95.5 1066s
 193006  8997     cutoff   58      3.3300e+07 3.2896e+07  1.21%  95.3 1070s
 194260  8780 3.2994e+07   49   10 3.3300e+07 3.2904e+07  1.19%  95.1 1075s
 195460  8619     cutoff   57      3.3300e+07 3.2912e+07  1.16%  95.0 1080s
 196991  8382     cutoff   69      3.3300e+07 3.2922e+07  1.13%  94.7 1085s
 198366  8126     cutoff   56      3.3300e+07 3.2930e+07  1.11%  94.5 1090s
 199670  7896     cutoff   46      3.3300e+07 3.2939e+07  1.08%  94.4 1095s
 200971  7604 infeasible   58      3.3300e+07 3.2948e+07  1.06%  94.2 1100s
 202098  7364     cutoff   71      3.3300e+07 3.2956e+07  1.03%  94.0 1105s
 203247  7089     cutoff   49      3.3300e+07 3.2964e+07  1.01%  93.9 1110s
 204492  6776 3.3246e+07   54   24 3.3300e+07 3.2974e+07  0.98%  93.7 1115s
 205784  6402 3.3000e+07   75   27 3.3300e+07 3.2985e+07  0.95%  93.6 1120s
 207198  5945 3.3006e+07   40   10 3.3300e+07 3.2997e+07  0.91%  93.4 1125s
 208509  5486     cutoff   63      3.3300e+07 3.3008e+07  0.88%  93.3 1130s
 209923  5027     cutoff   65      3.3300e+07 3.3020e+07  0.84%  93.1 1135s
 211275  4567 infeasible   51      3.3300e+07 3.3033e+07  0.80%  92.9 1140s
 212666  3993 3.3131e+07   52   50 3.3300e+07 3.3049e+07  0.75%  92.8 1145s
 213865  3486 3.3065e+07   58   14 3.3300e+07 3.3065e+07  0.70%  92.6 1150s
 215129  2840     cutoff   52      3.3300e+07 3.3085e+07  0.64%  92.5 1155s
 216278  2236 3.3209e+07   60   12 3.3300e+07 3.3107e+07  0.58%  92.3 1160s
 217984  1120     cutoff   48      3.3300e+07 3.3163e+07  0.41%  92.1 1165s

Cutting planes:
  Gomory: 2
  Cover: 1
  Implied bound: 72
  Clique: 13
  MIR: 42
  Flow cover: 29
  GUB cover: 1
  Zero half: 30

Explored 219409 nodes (20157786 simplex iterations) in 1168.60 seconds
Thread count was 2 (of 4 available processors)

Optimal solution found (tolerance 1.00e-04)
Best objective 3.329950000000e+07, best bound 3.329950000000e+07, gap 0.0%
k_c1	50001.0
k_c10	669998.0
k_c11	619997.0
k_c12	559997.0
k_c2	679999.0
k_c3	859997.0
k_c4	1000000.0
k_c5	939999.0
k_c6	899998.0
k_c7	1000000.0
k_c8	60000.0
k_c9	949999.0
k_dN	0.0
o_1	0.0
o_10	0.0
o_11	0.0
o_12	0.0
o_2	0.0
o_3	0.0
o_4	0.0
o_5	1.0
o_6	0.0
o_7	0.0
o_8	0.0
o_9	0.0
p_1	0.0
p_10	0.0
p_11	0.0
p_12	0.0
p_2	0.0
p_3	0.0
p_4	0.0
p_5	1.0
p_6	1.0
p_7	0.0
p_8	0.0
p_9	0.0
phi_c1	16939.0
phi_c10	33289.0
phi_c11	22397.0
phi_c12	19354.0
phi_c2	41743.0
phi_c3	31563.0
phi_c4	44379.0
phi_c5	0.0
phi_c6	0.0
phi_c7	41743.0
phi_c8	11908.0
phi_c9	18287.0
phi_dN	0.0
pi_c1	240000.0
pi_c10	300000.0
pi_c11	300000.0
pi_c12	240000.0
pi_c2	300000.0
pi_c3	240000.0
pi_c4	300000.0
pi_c5	300000.0
pi_c6	239999.0
pi_c7	300000.0
pi_c8	300000.0
pi_c9	300000.0
pi_dN	0.0
tauD_c1	850000.0
tauD_c10	600000.0
tauD_c11	705999.0
tauD_c12	650000.0
tauD_c2	432625.0
tauD_c3	524373.0
tauD_c4	112499.0
tauD_c5	154400.0
tauD_c6	364900.0
tauD_c7	68225.0
tauD_c8	800000.0
tauD_c9	250000.0
tauD_d0	0.0
tauD_dN	1000000.0
tauS_c1	798624.0
tauS_c10	874925.0
tauS_c11	902324.0
tauS_c12	149650.0
tauS_c2	882175.0
tauS_c3	143750.0
tauS_c4	861625.0
tauS_c5	154399.0
tauS_c6	272650.0
tauS_c7	851774.0
tauS_c8	875499.0
tauS_c9	852000.0
tauS_d0	0.0
tauS_dN	528625.0
x_c10_c11	1.0
x_c11_c8	1.0
x_c12_c1	1.0
x_c1_dN	1.0
x_c2_c10	1.0
x_c3_c12	1.0
x_c4_c9	1.0
x_c5_c2	1.0
x_c6_c3	1.0
x_c7_c5	1.0
x_c8_dN	1.0
x_c9_c6	1.0
x_d0_c4	1.0
x_d0_c7	1.0
z_c5_c6	1.0
z_c6_dN	1.0
z_d0_c5	1.0
