
Gurobi 6.0.4 (win64) logging started 06/21/15 18:13:12

Read LP format model from file C:\MT\repository\VRPTWMS\instances\mip\fuel\N12-C_DV100-C_SV30_F6_19_No_1.lp
Reading time = 0.03 seconds
(null): 865 rows, 404 columns, 3771 nonzeros
Optimize a model with 865 rows, 404 columns and 3771 nonzeros
Model has 1872 quadratic constraints
Coefficient statistics:
  Matrix range    [1e+00, 1e+06]
  Objective range [5e+04, 1e+07]
  Bounds range    [1e+00, 1e+06]
  RHS range       [1e+00, 1e+06]
Presolve removed 113 rows and 71 columns
Presolve time: 0.90s
Presolved: 3526 rows, 1760 columns, 17860 nonzeros
Variable types: 1347 continuous, 413 integer (352 binary)
Found heuristic solution: objective 1.259218e+08

Root relaxation: objective 2.271280e+07, 171 iterations, 0.01 seconds

    Nodes    |    Current Node    |     Objective Bounds      |     Work
 Expl Unexpl |  Obj  Depth IntInf | Incumbent    BestBd   Gap | It/Node Time

     0     0 2.2713e+07    0   37 1.2592e+08 2.2713e+07  82.0%     -    0s
H    0     0                    8.439370e+07 2.2713e+07  73.1%     -    0s
     0     0 2.5663e+07    0   59 8.4394e+07 2.5663e+07  69.6%     -    0s
     0     0 3.2752e+07    0    8 8.4394e+07 3.2752e+07  61.2%     -    1s
     0     0 3.2753e+07    0   27 8.4394e+07 3.2753e+07  61.2%     -    1s
H    0     0                    7.406110e+07 3.2753e+07  55.8%     -    1s
     0     0 3.2757e+07    0   18 7.4061e+07 3.2757e+07  55.8%     -    1s
     0     0 3.2757e+07    0   17 7.4061e+07 3.2757e+07  55.8%     -    1s
     0     0 3.2757e+07    0   17 7.4061e+07 3.2757e+07  55.8%     -    1s
H    0     0                    6.373860e+07 3.2757e+07  48.6%     -    1s
     0     2 3.2757e+07    0   17 6.3739e+07 3.2757e+07  48.6%     -    1s
H   70    58                    5.343360e+07 3.2779e+07  38.7%  21.3    1s
H  160   109                    4.407690e+07 3.2825e+07  25.5%  22.0    1s
H  187   122                    4.390910e+07 3.2829e+07  25.2%  20.9    1s
*  191   126              16    4.383650e+07 3.2829e+07  25.1%  21.5    1s
H  195   125                    4.381830e+07 3.2829e+07  25.1%  21.6    1s
H  760   392                    4.354540e+07 3.2885e+07  24.5%  19.2    3s
   835   441 3.4010e+07   29   46 4.3545e+07 3.2908e+07  24.4%  22.6    5s
H 1093   482                    4.343580e+07 3.2916e+07  24.2%  27.5    6s
* 1202   480              26    4.343310e+07 3.2945e+07  24.1%  29.1    6s
* 1203   462              26    4.338850e+07 3.2945e+07  24.1%  29.1    6s
H 1229   437                    4.330870e+07 3.2945e+07  23.9%  29.3    6s
H 1890   532                    4.321050e+07 3.2997e+07  23.6%  39.7    8s
H 1968   583                    4.318040e+07 3.3003e+07  23.6%  40.7    9s
  2061   621 3.3047e+07   20   16 4.3180e+07 3.3009e+07  23.6%  41.2   10s
  3187  1131 3.3838e+07   30   28 4.3180e+07 3.3046e+07  23.5%  45.8   15s
  4317  1539 3.3544e+07   37   34 4.3180e+07 3.3074e+07  23.4%  50.0   20s
  5410  1979 3.3489e+07   32   31 4.3180e+07 3.3096e+07  23.4%  52.2   25s
  6551  2411 3.3694e+07   25   35 4.3180e+07 3.3120e+07  23.3%  54.0   30s
  7608  2739     cutoff   32      4.3180e+07 3.3139e+07  23.3%  56.4   35s
  8918  3209 infeasible   30      4.3180e+07 3.3163e+07  23.2%  57.1   40s
 10136  3577 3.3214e+07   19   20 4.3180e+07 3.3184e+07  23.1%  59.2   45s
 11242  3900 infeasible   25      4.3180e+07 3.3200e+07  23.1%  60.3   50s
 12322  4169 3.4295e+07   26   37 4.3180e+07 3.3218e+07  23.1%  61.5   55s
 13293  4452 3.3792e+07   21   26 4.3180e+07 3.3231e+07  23.0%  62.6   60s
 14676  4752 3.3325e+07   30   17 4.3180e+07 3.3251e+07  23.0%  64.0   70s
 14698  4767 3.3251e+07   27   38 4.3180e+07 3.3251e+07  23.0%  64.0   75s
 15073  4831 infeasible   43      4.3180e+07 3.3251e+07  23.0%  63.9   80s
 16457  4896 3.3983e+07   43   28 4.3180e+07 3.3251e+07  23.0%  63.8   86s
 17700  4939 3.3831e+07   38   17 4.3180e+07 3.3251e+07  23.0%  63.8   90s
 19244  4907     cutoff   48      4.3180e+07 3.3251e+07  23.0%  64.6   96s
 20426  4875     cutoff   49      4.3180e+07 3.3251e+07  23.0%  65.3  101s
 21658  4864 infeasible   46      4.3180e+07 3.3251e+07  23.0%  66.0  106s
 22478  4759 infeasible   40      4.3180e+07 3.3251e+07  23.0%  66.7  110s
 23728  4609 3.3538e+07   41   15 4.3180e+07 3.3251e+07  23.0%  67.7  115s
 25007  4525 3.3650e+07   43   23 4.3180e+07 3.3251e+07  23.0%  68.2  121s
 25803  4428 3.3416e+07   34   56 4.3180e+07 3.3251e+07  23.0%  68.7  125s
 27165  4436 infeasible   42      4.3180e+07 3.3267e+07  23.0%  68.8  130s
 28066  4319 3.4117e+07   42   40 4.3180e+07 3.3285e+07  22.9%  69.4  136s
 28989  4288 3.4279e+07   46   35 4.3180e+07 3.3298e+07  22.9%  69.4  141s
 29775  4482 infeasible   40      4.3180e+07 3.3307e+07  22.9%  69.7  145s
 31227  4885 3.3687e+07   45   38 4.3180e+07 3.3330e+07  22.8%  70.1  151s
 32069  5057 3.3645e+07   40   23 4.3180e+07 3.3343e+07  22.8%  70.4  156s
 33034  5314 3.4293e+07   40   33 4.3180e+07 3.3355e+07  22.8%  70.6  161s
 33950  5500 3.3565e+07   44   40 4.3180e+07 3.3370e+07  22.7%  70.9  165s
 34770  5618 3.3841e+07   47   33 4.3180e+07 3.3383e+07  22.7%  71.4  170s
 35689  5807 infeasible   42      4.3180e+07 3.3392e+07  22.7%  71.8  175s
 36861  6116     cutoff   44      4.3180e+07 3.3406e+07  22.6%  71.9  181s
 37760  6318 infeasible   34      4.3180e+07 3.3416e+07  22.6%  72.2  185s
 38938  6518 3.4986e+07   49   35 4.3180e+07 3.3431e+07  22.6%  72.5  190s
 40187  6822 infeasible   40      4.3180e+07 3.3448e+07  22.5%  72.6  196s
 41130  7023 3.3818e+07   36   33 4.3180e+07 3.3459e+07  22.5%  72.9  200s
 42688  7279 3.4054e+07   41   57 4.3180e+07 3.3480e+07  22.5%  73.4  206s
 43956  7538 infeasible   44      4.3180e+07 3.3495e+07  22.4%  73.6  210s
 45141  7732 3.4608e+07   47   56 4.3180e+07 3.3511e+07  22.4%  73.9  215s
 46331  7937 3.3577e+07   41   29 4.3180e+07 3.3526e+07  22.4%  74.2  220s
 47853  8185 infeasible   43      4.3180e+07 3.3540e+07  22.3%  74.5  226s
 48966  8293 infeasible   50      4.3180e+07 3.3552e+07  22.3%  74.8  230s
 50387  8492 infeasible   38      4.3180e+07 3.3568e+07  22.3%  75.0  235s
 51421  8574 infeasible   35      4.3180e+07 3.3583e+07  22.2%  75.3  240s
 52671  8664     cutoff   53      4.3180e+07 3.3600e+07  22.2%  75.6  245s
 53916  8762 infeasible   42      4.3180e+07 3.3616e+07  22.1%  75.9  250s
 55175  8857 infeasible   46      4.3180e+07 3.3631e+07  22.1%  76.2  255s
 56341  8932 infeasible   39      4.3180e+07 3.3645e+07  22.1%  76.5  260s
 57420  8999 infeasible   57      4.3180e+07 3.3659e+07  22.1%  76.8  265s
 58544  9084 3.3704e+07   46   35 4.3180e+07 3.3674e+07  22.0%  77.0  270s
 59672  9133 3.3760e+07   45    8 4.3180e+07 3.3689e+07  22.0%  77.4  275s
 60921  9169 3.4307e+07   51   35 4.3180e+07 3.3706e+07  21.9%  77.6  280s
 62076  9261 3.4174e+07   37   20 4.3180e+07 3.3719e+07  21.9%  77.9  285s
 63335  9301 3.3758e+07   37   19 4.3180e+07 3.3737e+07  21.9%  78.2  290s
 64665  9352 3.4210e+07   44   34 4.3180e+07 3.3754e+07  21.8%  78.4  295s
 65736  9377     cutoff   43      4.3180e+07 3.3766e+07  21.8%  78.7  300s
 66737  9408 3.4154e+07   42   34 4.3180e+07 3.3778e+07  21.8%  78.8  305s
 67999  9437 3.4311e+07   36   26 4.3180e+07 3.3793e+07  21.7%  79.1  310s
 69063  9402     cutoff   48      4.3180e+07 3.3808e+07  21.7%  79.4  315s
 70028  9415 3.4257e+07   42   48 4.3180e+07 3.3820e+07  21.7%  79.5  320s
 71146  9389 infeasible   38      4.3180e+07 3.3836e+07  21.6%  79.7  325s
 72078  9303 infeasible   39      4.3180e+07 3.3852e+07  21.6%  80.1  330s
 73093  9236 infeasible   42      4.3180e+07 3.3866e+07  21.6%  80.3  335s
 74106  9162 infeasible   49      4.3180e+07 3.3881e+07  21.5%  80.6  340s
 75107  9127 infeasible   44      4.3180e+07 3.3893e+07  21.5%  80.8  345s
 76146  9019     cutoff   45      4.3180e+07 3.3908e+07  21.5%  81.1  350s
 77086  8929 infeasible   40      4.3180e+07 3.3921e+07  21.4%  81.3  355s
 77757  8880 3.4411e+07   47   51 4.3180e+07 3.3931e+07  21.4%  81.4  360s
 78911  8763 infeasible   37      4.3180e+07 3.3948e+07  21.4%  81.7  365s
 79756  8683 infeasible   45      4.3180e+07 3.3959e+07  21.4%  82.0  370s
 80767  8667 3.4179e+07   36   18 4.3180e+07 3.3972e+07  21.3%  82.1  375s
 81819  8542 infeasible   40      4.3180e+07 3.3988e+07  21.3%  82.3  380s
 82902  8387     cutoff   45      4.3180e+07 3.4005e+07  21.3%  82.5  385s
 84098  8217 infeasible   44      4.3180e+07 3.4023e+07  21.2%  82.8  390s
 85218  8103 3.4543e+07   51   23 4.3180e+07 3.4040e+07  21.2%  83.1  395s
 86286  7977 3.4147e+07   40   71 4.3180e+07 3.4055e+07  21.1%  83.2  400s
 87339  7809 3.4767e+07   50   42 4.3180e+07 3.4071e+07  21.1%  83.5  405s
 88397  7613 3.4413e+07   43   18 4.3180e+07 3.4091e+07  21.0%  83.7  410s
 89561  7440 infeasible   37      4.3180e+07 3.4109e+07  21.0%  84.0  415s
 90632  7215 3.4630e+07   42   27 4.3180e+07 3.4129e+07  21.0%  84.2  420s
 91729  6975 infeasible   44      4.3180e+07 3.4148e+07  20.9%  84.5  425s
 92665  6744 infeasible   44      4.3180e+07 3.4165e+07  20.9%  84.7  430s
 93591  6538 infeasible   41      4.3180e+07 3.4182e+07  20.8%  84.9  435s
 94694  6281 3.4378e+07   47   64 4.3180e+07 3.4205e+07  20.8%  85.1  440s
 95642  6081 infeasible   42      4.3180e+07 3.4224e+07  20.7%  85.2  445s
 96741  5750 infeasible   49      4.3180e+07 3.4253e+07  20.7%  85.5  450s
 97577  5578 infeasible   40      4.3180e+07 3.4270e+07  20.6%  85.6  455s
 98769  5292 3.4358e+07   45   38 4.3180e+07 3.4301e+07  20.6%  85.8  460s
 99748  5007 infeasible   38      4.3180e+07 3.4326e+07  20.5%  86.0  465s
 100970  4648 3.4947e+07   44   31 4.3180e+07 3.4357e+07  20.4%  86.2  470s
 102000  4320     cutoff   56      4.3180e+07 3.4386e+07  20.4%  86.4  475s
 103035  3927 3.5606e+07   40   54 4.3180e+07 3.4422e+07  20.3%  86.6  480s
 104051  3559 infeasible   48      4.3180e+07 3.4457e+07  20.2%  86.8  485s
 105156  3190 infeasible   57      4.3180e+07 3.4495e+07  20.1%  86.9  490s
 106276  2710 infeasible   46      4.3180e+07 3.4544e+07  20.0%  87.1  495s
 107407  2125 infeasible   49      4.3180e+07 3.4610e+07  19.8%  87.2  500s
 108521  1667 infeasible   43      4.3180e+07 3.4678e+07  19.7%  87.4  505s
 109614  1118 3.5296e+07   48   50 4.3180e+07 3.4781e+07  19.5%  87.5  510s
 110758   433 infeasible   38      4.3180e+07 3.4989e+07  19.0%  87.7  515s

Cutting planes:
  Gomory: 6
  Cover: 3
  Implied bound: 20
  Clique: 10
  MIR: 5
  Flow cover: 15
  Zero half: 15

Explored 111552 nodes (9779930 simplex iterations) in 518.13 seconds
Thread count was 2 (of 4 available processors)

Optimal solution found (tolerance 1.00e-04)
Best objective 4.318040000000e+07, best bound 4.318040000000e+07, gap 0.0%
k_c1	310000.0
k_c10	40000.0
k_c11	1000000.0
k_c12	310001.0
k_c2	529999.0
k_c3	170000.0
k_c4	200000.0
k_c5	720000.0
k_c6	100000.0
k_c7	730000.0
k_c8	40000.0
k_c9	1000000.0
k_dN	0.0
o_1	0.0
o_10	0.0
o_11	0.0
o_12	0.0
o_2	0.0
o_3	0.0
o_4	0.0
o_5	0.0
o_6	0.0
o_7	0.0
o_8	0.0
o_9	0.0
p_1	0.0
p_10	0.0
p_11	0.0
p_12	0.0
p_2	0.0
p_3	0.0
p_4	0.0
p_5	0.0
p_6	0.0
p_7	0.0
p_8	0.0
p_9	0.0
phi_c1	32230.0
phi_c10	22432.0
phi_c11	48547.0
phi_c12	37562.0
phi_c2	39810.0
phi_c3	22800.0
phi_c4	28526.0
phi_c5	38909.0
phi_c6	33156.0
phi_c7	45202.0
phi_c8	15561.0
phi_c9	51537.0
phi_dN	0.0
pi_c1	0.0
pi_c10	240000.0
pi_c11	0.0
pi_c12	0.0
pi_c2	240000.0
pi_c3	0.0
pi_c4	240000.0
pi_c5	0.0
pi_c6	0.0
pi_c7	0.0
pi_c8	0.0
pi_c9	0.0
pi_dN	0.0
tauD_c1	600000.0
tauD_c10	770075.0
tauD_c11	100000.0
tauD_c12	314723.0
tauD_c2	232650.0
tauD_c3	400000.0
tauD_c4	700000.0
tauD_c5	450000.0
tauD_c6	700000.0
tauD_c7	172500.0
tauD_c8	700000.0
tauD_c9	100000.0
tauD_d0	0.0
tauD_dN	1000000.0
tauS_c1	13725.0
tauS_c10	500.0
tauS_c11	47100.0
tauS_c12	152005.0
tauS_c2	15150.0
tauS_c3	94025.0
tauS_c4	62600.0
tauS_c5	72098.0
tauS_c6	10150.0
tauS_c7	34975.0
tauS_c8	100575.0
tauS_c9	85500.0
tauS_d0	0.0
tauS_dN	53900.0
x_c10_dN	1.0
x_c11_c7	1.0
x_c12_c3	1.0
x_c1_dN	1.0
x_c2_c6	1.0
x_c3_c8	1.0
x_c4_dN	1.0
x_c5_c4	1.0
x_c6_c10	1.0
x_c7_c2	1.0
x_c8_dN	1.0
x_c9_c1	1.0
x_d0_c11	1.0
x_d0_c12	1.0
x_d0_c5	1.0
x_d0_c9	1.0
