
Gurobi 6.0.4 (win64) logging started 06/17/15 11:18:02

Read LP format model from file C:\MT\repository\VRPTWMS\instances\mip\freight\N9-C_DV10-C_SV50_F20_2_No_1.lp
Reading time = 0.01 seconds
(null): 433 rows, 261 columns, 1839 nonzeros
Optimize a model with 433 rows, 261 columns and 1839 nonzeros
Model has 900 quadratic constraints
Coefficient statistics:
  Matrix range    [1e+00, 1e+06]
  Objective range [4e+04, 1e+07]
  Bounds range    [1e+00, 1e+06]
  RHS range       [1e+00, 1e+06]
Presolve removed 58 rows and 19 columns
Presolve time: 0.08s
Presolved: 2352 rows, 1271 columns, 11220 nonzeros
Variable types: 948 continuous, 323 integer (265 binary)
Found heuristic solution: objective 9.465960e+07

Root relaxation: objective 1.318323e+06, 176 iterations, 0.01 seconds

    Nodes    |    Current Node    |     Objective Bounds      |     Work
 Expl Unexpl |  Obj  Depth IntInf | Incumbent    BestBd   Gap | It/Node Time

     0     0 1318322.81    0   63 9.4660e+07 1318322.81  98.6%     -    0s
H    0     0                    8.446390e+07 1318322.81  98.4%     -    0s
H    0     0                    5.296890e+07 1318322.81  97.5%     -    0s
     0     0 2872988.00    0   64 5.2969e+07 2872988.00  94.6%     -    0s
H    0     0                    4.337630e+07 2872988.00  93.4%     -    0s
     0     0 6892274.09    0   79 4.3376e+07 6892274.09  84.1%     -    0s
     0     0 6937407.54    0   97 4.3376e+07 6937407.54  84.0%     -    0s
     0     0 7014498.55    0  105 4.3376e+07 7014498.55  83.8%     -    0s
     0     0 7051604.53    0  109 4.3376e+07 7051604.53  83.7%     -    0s
     0     0 7066461.02    0  104 4.3376e+07 7066461.02  83.7%     -    0s
     0     0 7106173.44    0  106 4.3376e+07 7106173.44  83.6%     -    0s
     0     0 7114645.74    0  139 4.3376e+07 7114645.74  83.6%     -    0s
     0     0 7114751.67    0  142 4.3376e+07 7114751.67  83.6%     -    0s
     0     0 7114751.67    0  147 4.3376e+07 7114751.67  83.6%     -    0s
     0     0 7114751.67    0  146 4.3376e+07 7114751.67  83.6%     -    0s
     0     2 7114751.67    0  135 4.3376e+07 7114751.67  83.6%     -    0s
*  189   149              37    4.316490e+07 1.1570e+07  73.2%  49.4    1s
H  207   170                    4.305880e+07 1.1570e+07  73.1%  51.5    1s
H  355   276                    4.303760e+07 1.1586e+07  73.1%  73.8    1s
H  698   477                    4.294720e+07 1.1660e+07  72.9%  57.1    2s
H  776   502                    4.290200e+07 1.1661e+07  72.8%   6.5    4s
   831   537 1.2345e+07   32   89 4.2902e+07 1.1661e+07  72.8%  14.2    5s
H 1037   567                    4.288400e+07 1.1661e+07  72.8%  33.5    5s
H 1203   603                    4.286870e+07 1.1687e+07  72.7%  39.0    6s
  2140   788 1.6029e+07   46  104 4.2869e+07 1.1796e+07  72.5%  56.2   10s
H 2270   835                    4.285960e+07 1.1827e+07  72.4%  57.5   10s
H 2738  1099                    4.285290e+07 1.1865e+07  72.3%  61.7   12s
H 2947  1196                    4.274160e+07 1.1876e+07  72.2%  62.8   13s
H 3015  1238                    4.270790e+07 1.1882e+07  72.2%  62.6   13s
  3232  1317 3.3121e+07   38    4 4.2708e+07 1.1895e+07  72.1%  64.8   15s
  4042  1681 2.3987e+07   47   54 4.2708e+07 1.1944e+07  72.0%  70.0   20s
  5053  2123 1.2121e+07   23  106 4.2708e+07 1.2009e+07  71.9%  74.2   25s
  6111  2557 2.2777e+07   37   50 4.2708e+07 1.2076e+07  71.7%  77.7   30s
  7162  2954 infeasible   41      4.2708e+07 1.2145e+07  71.6%  80.3   35s
  7400  3078 1.2410e+07   36   42 4.2708e+07 1.2154e+07  71.5%  81.0   40s
  8591  3361 3.2730e+07   35   30 4.2708e+07 1.2154e+07  71.5%  80.1   45s
 10067  3565 1.4390e+07   53   79 4.2708e+07 1.2154e+07  71.5%  79.3   50s
 11464  3641 3.3339e+07   40   26 4.2708e+07 1.2203e+07  71.4%  79.1   55s
 12900  3657 3.3213e+07   40   24 4.2708e+07 1.2337e+07  71.1%  79.7   60s
 14002  3597 infeasible   58      4.2708e+07 1.2488e+07  70.8%  79.9   65s
 14555  3574 3.6488e+07   61  146 4.2708e+07 1.2550e+07  70.6%  79.8   71s
 14570  3584 2.3275e+07   47  112 4.2708e+07 1.2550e+07  70.6%  79.8   75s
 14858  3696 2.2588e+07   66   48 4.2708e+07 1.2550e+07  70.6%  80.4   81s
 15887  3915 3.3072e+07   39   15 4.2708e+07 1.2550e+07  70.6%  80.3   85s
 17477  4297 infeasible   66      4.2708e+07 1.2550e+07  70.6%  79.9   90s
 18636  4477 3.3247e+07   66   24 4.2708e+07 1.2550e+07  70.6%  80.2   95s
 19846  4639 3.3001e+07   50   29 4.2708e+07 1.2550e+07  70.6%  80.3  100s
 21334  4777 1.3261e+07   47   61 4.2708e+07 1.2550e+07  70.6%  80.2  105s
 22686  4949 1.2550e+07   48   74 4.2708e+07 1.2550e+07  70.6%  80.2  110s
 24066  5056 2.2481e+07   57   50 4.2708e+07 1.2550e+07  70.6%  80.5  116s
 24990  5104 1.2550e+07   45   97 4.2708e+07 1.2550e+07  70.6%  80.7  120s
 26293  5536 3.3552e+07   58   49 4.2708e+07 1.2550e+07  70.6%  81.2  126s
 27622  6029 3.3705e+07   61   45 4.2708e+07 1.2550e+07  70.6%  81.4  131s
 28670  6448 2.2688e+07   53   62 4.2708e+07 1.2550e+07  70.6%  81.9  136s
 29803  6802 1.3424e+07   52  104 4.2708e+07 1.2550e+07  70.6%  82.1  141s
 30704  7124 3.3281e+07   54   67 4.2708e+07 1.2550e+07  70.6%  82.6  146s
 31643  7488 2.3969e+07   51   77 4.2708e+07 1.2550e+07  70.6%  82.8  150s
 32492  7765 3.3178e+07   46   51 4.2708e+07 1.2550e+07  70.6%  83.2  156s
 33438  8143 1.3552e+07   48  101 4.2708e+07 1.2550e+07  70.6%  83.4  160s
 34431  8447 2.3165e+07   55   85 4.2708e+07 1.2550e+07  70.6%  83.6  165s
 35530  8821     cutoff   61      4.2708e+07 1.2550e+07  70.6%  84.2  171s
H35778  8896                    4.270580e+07 1.2550e+07  70.6%  84.3  172s
 36335  9058 2.7822e+07   52   87 4.2706e+07 1.2550e+07  70.6%  84.5  175s
 37187  9358 infeasible   64      4.2706e+07 1.2550e+07  70.6%  84.7  180s
 38222  9673 1.8927e+07   50   85 4.2706e+07 1.2550e+07  70.6%  85.0  186s
 38949  9840 infeasible   63      4.2706e+07 1.2550e+07  70.6%  85.3  190s
 40127 10186     cutoff   69      4.2706e+07 1.2553e+07  70.6%  85.3  196s
 40886 10415     cutoff   65      4.2706e+07 1.2572e+07  70.6%  85.6  200s
 41905 10690 2.3617e+07   65   68 4.2706e+07 1.2599e+07  70.5%  85.8  205s
 43070 10981     cutoff   51      4.2706e+07 1.2619e+07  70.5%  85.9  211s
 43911 11164     cutoff   54      4.2706e+07 1.2636e+07  70.4%  86.0  215s
 44844 11415 infeasible   60      4.2706e+07 1.2655e+07  70.4%  86.2  220s
 45942 11699 3.4845e+07   64   49 4.2706e+07 1.2683e+07  70.3%  86.3  226s
 46581 11873 1.3041e+07   53   71 4.2706e+07 1.2696e+07  70.3%  86.6  230s
 47569 12117 2.6814e+07   70   50 4.2706e+07 1.2712e+07  70.2%  86.8  235s
 48535 12321 infeasible   55      4.2706e+07 1.2725e+07  70.2%  87.0  241s
 49090 12447 2.3429e+07   48   76 4.2706e+07 1.2739e+07  70.2%  87.1  245s
 50123 12725 2.3724e+07   68   89 4.2706e+07 1.2761e+07  70.1%  87.1  250s
 51344 12946 3.3249e+07   54   46 4.2706e+07 1.2785e+07  70.1%  87.1  255s
 52400 13152 infeasible   55      4.2706e+07 1.2807e+07  70.0%  87.2  261s
 53442 13420 3.1276e+07   65   95 4.2706e+07 1.2825e+07  70.0%  87.3  266s
 54130 13550 infeasible   66      4.2706e+07 1.2837e+07  69.9%  87.5  270s
 55437 13829 2.3396e+07   55   51 4.2706e+07 1.2863e+07  69.9%  87.6  275s
 56478 13995 3.3547e+07   50   51 4.2706e+07 1.2887e+07  69.8%  87.7  280s
 57439 14201 2.4355e+07   60   48 4.2706e+07 1.2907e+07  69.8%  87.9  286s
 58461 14356 2.6246e+07   54   57 4.2706e+07 1.2931e+07  69.7%  88.0  290s
 59383 14444 3.4404e+07   64   71 4.2706e+07 1.2953e+07  69.7%  88.1  295s
 60327 14601 1.4491e+07   51   84 4.2706e+07 1.2977e+07  69.6%  88.3  300s
 61289 14718 3.3448e+07   59   86 4.2706e+07 1.3000e+07  69.6%  88.5  305s
 62344 14842 infeasible   60      4.2706e+07 1.3026e+07  69.5%  88.5  310s
 63535 14948 2.3888e+07   68  106 4.2706e+07 1.3054e+07  69.4%  88.7  316s
 64493 15054 3.6868e+07   64   83 4.2706e+07 1.3092e+07  69.3%  88.9  320s
 65399 15165 3.8801e+07   62    9 4.2706e+07 1.3119e+07  69.3%  89.1  325s
 66305 15237 2.3115e+07   46  108 4.2706e+07 1.3155e+07  69.2%  89.2  330s
 67558 15343 2.3733e+07   59   53 4.2706e+07 1.3196e+07  69.1%  89.3  335s
 68495 15436 1.8644e+07   57   89 4.2706e+07 1.3239e+07  69.0%  89.5  340s
 69717 15580 3.3719e+07   65   31 4.2706e+07 1.3315e+07  68.8%  89.6  345s
 70791 15683 3.0291e+07   59   94 4.2706e+07 1.3398e+07  68.6%  89.7  350s
 72147 15920     cutoff   55      4.2706e+07 1.3534e+07  68.3%  89.8  355s
 73467 16080     cutoff   64      4.2706e+07 1.3717e+07  67.9%  89.6  360s
 74955 16335 1.5237e+07   49   66 4.2706e+07 1.3991e+07  67.2%  89.6  366s
 76155 16622 2.3584e+07   52   80 4.2706e+07 1.4194e+07  66.8%  89.6  371s
 77145 16802 1.5128e+07   58   61 4.2706e+07 1.4392e+07  66.3%  89.6  375s
 78325 17042 infeasible   70      4.2706e+07 1.4577e+07  65.9%  89.5  380s
 79893 17402 2.2969e+07   55   97 4.2706e+07 1.4827e+07  65.3%  89.4  386s
 81069 17552     cutoff   53      4.2706e+07 1.5119e+07  64.6%  89.3  390s
 82276 17797 3.4149e+07   65   95 4.2706e+07 1.5308e+07  64.2%  89.2  395s
 83671 18005 2.3240e+07   52   82 4.2706e+07 1.5585e+07  63.5%  89.2  400s
 84866 18177     cutoff   66      4.2706e+07 1.5779e+07  63.1%  89.1  405s
 86307 18419 3.2872e+07   70    4 4.2706e+07 1.6014e+07  62.5%  89.1  410s
 87689 18548 3.3111e+07   60   35 4.2706e+07 1.6321e+07  61.8%  89.1  415s
 88845 18708 3.3191e+07   47   49 4.2706e+07 1.6549e+07  61.2%  89.1  420s
 90249 18867 2.2944e+07   56   48 4.2706e+07 1.6928e+07  60.4%  89.1  425s
 91689 19107     cutoff   56      4.2706e+07 1.7240e+07  59.6%  89.0  430s
 93152 19466     cutoff   81      4.2706e+07 1.7456e+07  59.1%  89.0  435s
 94300 19778 2.3307e+07   63   78 4.2706e+07 1.7605e+07  58.8%  88.8  440s
 95640 19985 infeasible   67      4.2706e+07 1.7827e+07  58.3%  88.9  445s
 96720 20162 3.3627e+07   66   54 4.2706e+07 1.8012e+07  57.8%  88.8  450s
 98128 20288     cutoff   82      4.2706e+07 1.8347e+07  57.0%  88.7  455s
 99463 20408 3.4681e+07   57   60 4.2706e+07 1.8800e+07  56.0%  88.7  460s
 100794 20569 3.1340e+07   70   38 4.2706e+07 1.9309e+07  54.8%  88.7  465s
 101827 20646     cutoff   62      4.2706e+07 1.9779e+07  53.7%  88.7  470s
 103353 20880 3.2945e+07   56   57 4.2706e+07 2.0520e+07  51.9%  88.6  475s
 104806 21052 2.1570e+07   50   83 4.2706e+07 2.1404e+07  49.9%  88.5  480s
 105988 21254 infeasible   55      4.2706e+07 2.1735e+07  49.1%  88.5  485s
 107351 21728 2.8867e+07   67   81 4.2706e+07 2.1917e+07  48.7%  88.3  490s
 108510 22021 infeasible   63      4.2706e+07 2.1917e+07  48.7%  88.3  495s
 109800 22426 2.2632e+07   50   58 4.2706e+07 2.1919e+07  48.7%  88.3  500s
 111057 22796 2.3455e+07   54   72 4.2706e+07 2.1919e+07  48.7%  88.3  505s
 112392 23170 2.2893e+07   61   96 4.2706e+07 2.1919e+07  48.7%  88.4  510s
 113495 23431     cutoff   57      4.2706e+07 2.1945e+07  48.6%  88.4  515s
 114559 23592 infeasible   64      4.2706e+07 2.2015e+07  48.4%  88.4  520s
 116080 24015 infeasible   63      4.2706e+07 2.2017e+07  48.4%  88.4  525s
 117274 24360 3.1113e+07   56   52 4.2706e+07 2.2017e+07  48.4%  88.4  530s
 118407 24647 3.3973e+07   61   82 4.2706e+07 2.2058e+07  48.3%  88.5  535s
 119784 25054 3.3495e+07   58   87 4.2706e+07 2.2087e+07  48.3%  88.5  540s
 120944 25392 3.2625e+07   54   28 4.2706e+07 2.2136e+07  48.2%  88.5  545s
 122548 26033 2.4958e+07   48   67 4.2706e+07 2.2204e+07  48.0%  88.3  551s
 123839 26435 infeasible   48      4.2706e+07 2.2244e+07  47.9%  88.2  555s
 125433 27107 2.2663e+07   59   43 4.2706e+07 2.2267e+07  47.9%  88.0  560s
 126579 27513 3.3172e+07   47   46 4.2706e+07 2.2284e+07  47.8%  88.0  565s
 128121 28020 infeasible   56      4.2706e+07 2.2308e+07  47.8%  87.8  570s
 129614 28531 2.4292e+07   62   67 4.2706e+07 2.2324e+07  47.7%  87.7  575s
 131109 29031 infeasible   53      4.2706e+07 2.2338e+07  47.7%  87.6  581s
 132372 29452 2.6875e+07   63   57 4.2706e+07 2.2349e+07  47.7%  87.5  585s
 133812 29930 2.3302e+07   56   69 4.2706e+07 2.2362e+07  47.6%  87.4  590s
 135214 30413 2.2995e+07   63   74 4.2706e+07 2.2371e+07  47.6%  87.3  596s
 136308 30746 2.2953e+07   72   60 4.2706e+07 2.2378e+07  47.6%  87.2  600s
 137728 31212     cutoff   70      4.2706e+07 2.2388e+07  47.6%  87.1  605s
 138845 31600 2.5763e+07   51   48 4.2706e+07 2.2395e+07  47.6%  87.1  610s
 140390 32126     cutoff   54      4.2706e+07 2.2402e+07  47.5%  87.0  615s
 141946 32619 2.2650e+07   53   68 4.2706e+07 2.2411e+07  47.5%  86.8  620s
 143369 33016 3.2836e+07   66   97 4.2706e+07 2.2418e+07  47.5%  86.7  625s
 144760 33493     cutoff   57      4.2706e+07 2.2425e+07  47.5%  86.7  630s
 146231 33949 3.2860e+07   51   48 4.2706e+07 2.2433e+07  47.5%  86.6  635s
 147415 34302 2.2736e+07   54   68 4.2706e+07 2.2438e+07  47.5%  86.5  640s
 148940 34789 3.2921e+07   65   49 4.2706e+07 2.2442e+07  47.4%  86.4  645s
 150357 35266 2.2919e+07   56   80 4.2706e+07 2.2447e+07  47.4%  86.3  650s
 151730 35720 2.4453e+07   54   59 4.2706e+07 2.2453e+07  47.4%  86.2  655s
 153070 36065 infeasible   55      4.2706e+07 2.2456e+07  47.4%  86.2  660s
 154655 36463 3.3209e+07   61   50 4.2706e+07 2.2462e+07  47.4%  86.2  665s
 156059 36860 3.3448e+07   73   56 4.2706e+07 2.2467e+07  47.4%  86.2  670s
 157401 37267 2.4537e+07   51   55 4.2706e+07 2.2471e+07  47.4%  86.1  675s
 158726 37640 3.3098e+07   62   14 4.2706e+07 2.2475e+07  47.4%  86.1  680s
 160062 37986 2.2764e+07   59   41 4.2706e+07 2.2479e+07  47.4%  86.1  685s
 161239 38323 2.3036e+07   65   77 4.2706e+07 2.2482e+07  47.4%  86.1  690s
 162653 38714 3.7966e+07   65   46 4.2706e+07 2.2486e+07  47.3%  86.0  695s
 164021 39176 3.3088e+07   62    6 4.2706e+07 2.2490e+07  47.3%  85.9  700s
 165372 39608 infeasible   73      4.2706e+07 2.2493e+07  47.3%  85.9  705s
 166632 39890 infeasible   58      4.2706e+07 2.2497e+07  47.3%  85.9  710s
 168025 40237 infeasible   54      4.2706e+07 2.2501e+07  47.3%  85.8  715s
 169373 40594 2.2875e+07   50   67 4.2706e+07 2.2505e+07  47.3%  85.8  720s
 170924 40999 infeasible   57      4.2706e+07 2.2509e+07  47.3%  85.8  725s
 172204 41304 3.2605e+07   56   65 4.2706e+07 2.2513e+07  47.3%  85.7  730s
 173506 41621     cutoff   60      4.2706e+07 2.2515e+07  47.3%  85.7  735s
 174881 41962     cutoff   64      4.2706e+07 2.2519e+07  47.3%  85.7  740s
 176391 42384 3.2928e+07   60   39 4.2706e+07 2.2522e+07  47.3%  85.6  745s
 177730 42672     cutoff   72      4.2706e+07 2.2525e+07  47.3%  85.6  750s
 179039 42996 2.3227e+07   45   24 4.2706e+07 2.2528e+07  47.2%  85.6  755s
 180558 43376     cutoff   52      4.2706e+07 2.2532e+07  47.2%  85.5  760s
 181793 43670 2.6200e+07   68   77 4.2706e+07 2.2535e+07  47.2%  85.5  765s
 183275 43975 3.3311e+07   58   16 4.2706e+07 2.2538e+07  47.2%  85.5  770s
 184503 44263 2.3231e+07   57   51 4.2706e+07 2.2541e+07  47.2%  85.5  775s
 185782 44580     cutoff   53      4.2706e+07 2.2543e+07  47.2%  85.5  780s
 187355 44933 3.2998e+07   65   51 4.2706e+07 2.2547e+07  47.2%  85.5  785s
 188668 45239     cutoff   83      4.2706e+07 2.2550e+07  47.2%  85.4  790s
*189529 45406              60    4.270370e+07 2.2552e+07  47.2%  85.5  794s
 189710 45457 2.2767e+07   58   40 4.2704e+07 2.2552e+07  47.2%  85.5  795s
 191044 45818     cutoff   57      4.2704e+07 2.2555e+07  47.2%  85.4  800s
 192606 46207 2.2692e+07   56   22 4.2704e+07 2.2558e+07  47.2%  85.4  805s
 193839 46482 2.2712e+07   62   46 4.2704e+07 2.2561e+07  47.2%  85.4  810s
 195075 46788 3.8102e+07   65    9 4.2704e+07 2.2564e+07  47.2%  85.4  815s
 196497 47122 2.3139e+07   60  104 4.2704e+07 2.2567e+07  47.2%  85.4  820s
 197627 47347 3.3246e+07   72   44 4.2704e+07 2.2569e+07  47.1%  85.4  825s
 198805 47602 2.5255e+07   55   81 4.2704e+07 2.2572e+07  47.1%  85.4  830s
 199989 47885 2.2804e+07   61   50 4.2704e+07 2.2575e+07  47.1%  85.4  835s
 201350 48209 2.3301e+07   63   66 4.2704e+07 2.2577e+07  47.1%  85.4  840s
 202461 48480 2.2646e+07   58   60 4.2704e+07 2.2579e+07  47.1%  85.4  845s
 203868 48761 infeasible   44      4.2704e+07 2.2582e+07  47.1%  85.4  850s
 204790 48979 2.3551e+07   65   72 4.2704e+07 2.2584e+07  47.1%  85.4  856s
 205694 49176 2.2637e+07   49   50 4.2704e+07 2.2586e+07  47.1%  85.4  860s
 206775 49475 3.2878e+07   60    8 4.2704e+07 2.2588e+07  47.1%  85.3  866s
 207717 49636 3.5615e+07   57   36 4.2704e+07 2.2590e+07  47.1%  85.3  871s
 208597 49820 2.3288e+07   64   88 4.2704e+07 2.2592e+07  47.1%  85.4  876s
 209514 50071 3.3174e+07   74   28 4.2704e+07 2.2593e+07  47.1%  85.3  881s
 210192 50258 infeasible   71      4.2704e+07 2.2594e+07  47.1%  85.3  885s
 211032 50453 2.2654e+07   49   48 4.2704e+07 2.2596e+07  47.1%  85.4  890s
 211999 50695 infeasible   59      4.2704e+07 2.2598e+07  47.1%  85.3  895s
 213156 50992 2.2806e+07   54   61 4.2704e+07 2.2599e+07  47.1%  85.3  900s
 214651 51316 2.7371e+07   61   90 4.2704e+07 2.2602e+07  47.1%  85.3  905s
 215853 51563 2.5844e+07   70   92 4.2704e+07 2.2605e+07  47.1%  85.3  910s
 217286 51850     cutoff   62      4.2704e+07 2.2607e+07  47.1%  85.3  915s
 218448 52044 2.3846e+07   69   83 4.2704e+07 2.2610e+07  47.1%  85.3  920s
 219705 52325 2.2974e+07   60   68 4.2704e+07 2.2611e+07  47.1%  85.3  925s
 221205 52736 infeasible   59      4.2704e+07 2.2614e+07  47.0%  85.3  930s
 222361 52979 2.4463e+07   60   90 4.2704e+07 2.2616e+07  47.0%  85.3  935s
 223602 53247     cutoff   61      4.2704e+07 2.2618e+07  47.0%  85.3  940s
 225002 53494 infeasible   60      4.2704e+07 2.2621e+07  47.0%  85.3  945s
 226101 53688 infeasible   63      4.2704e+07 2.2623e+07  47.0%  85.3  950s
 227474 53980 3.3869e+07   65   62 4.2704e+07 2.2625e+07  47.0%  85.3  955s
 228552 54202     cutoff   61      4.2704e+07 2.2627e+07  47.0%  85.3  960s
 229989 54471 infeasible   58      4.2704e+07 2.2630e+07  47.0%  85.3  965s
 231129 54692 infeasible   61      4.2704e+07 2.2631e+07  47.0%  85.3  970s
 232561 55001     cutoff   71      4.2704e+07 2.2633e+07  47.0%  85.3  975s
 233684 55232 infeasible   71      4.2704e+07 2.2635e+07  47.0%  85.3  980s
 234984 55448 3.3129e+07   48   83 4.2704e+07 2.2638e+07  47.0%  85.4  985s
 236247 55773 3.4125e+07   53   62 4.2704e+07 2.2639e+07  47.0%  85.4  990s
 237400 55995 2.2951e+07   70   86 4.2704e+07 2.2642e+07  47.0%  85.4  995s
 238808 56241 infeasible   78      4.2704e+07 2.2644e+07  47.0%  85.4 1000s
 240121 56491 infeasible   68      4.2704e+07 2.2647e+07  47.0%  85.4 1005s
 241565 56782 3.3022e+07   59   81 4.2704e+07 2.2650e+07  47.0%  85.4 1010s
 242613 57031 infeasible   62      4.2704e+07 2.2651e+07  47.0%  85.4 1015s
 243819 57262 2.2661e+07   82   69 4.2704e+07 2.2653e+07  47.0%  85.4 1020s
 244944 57460 2.2738e+07   57   48 4.2704e+07 2.2655e+07  46.9%  85.5 1025s
 246288 57780     cutoff   67      4.2704e+07 2.2658e+07  46.9%  85.5 1030s
 247782 58059 infeasible   61      4.2704e+07 2.2660e+07  46.9%  85.5 1036s
 248780 58224 2.3340e+07   65   90 4.2704e+07 2.2662e+07  46.9%  85.5 1040s
 250108 58450 infeasible   91      4.2704e+07 2.2664e+07  46.9%  85.5 1045s
 251396 58690 3.3786e+07   59   50 4.2704e+07 2.2666e+07  46.9%  85.6 1050s
 252566 58887 infeasible   49      4.2704e+07 2.2668e+07  46.9%  85.6 1055s
 253936 59108 3.3503e+07   62   61 4.2704e+07 2.2669e+07  46.9%  85.6 1060s
 255254 59316 2.5666e+07   57   78 4.2704e+07 2.2671e+07  46.9%  85.6 1065s
 256338 59496 infeasible   69      4.2704e+07 2.2673e+07  46.9%  85.6 1070s
 257682 59673 infeasible   59      4.2704e+07 2.2675e+07  46.9%  85.6 1075s
 259154 59871     cutoff   72      4.2704e+07 2.2677e+07  46.9%  85.6 1080s
 260545 60141 infeasible   60      4.2704e+07 2.2679e+07  46.9%  85.6 1085s
 261680 60340 2.3156e+07   62   66 4.2704e+07 2.2680e+07  46.9%  85.6 1090s
 262996 60533 2.3177e+07   64   45 4.2704e+07 2.2682e+07  46.9%  85.6 1095s
 264117 60721 3.3143e+07   67   62 4.2704e+07 2.2684e+07  46.9%  85.6 1100s
 265409 60963     cutoff   59      4.2704e+07 2.2685e+07  46.9%  85.6 1105s
 266785 61200 2.3626e+07   63   79 4.2704e+07 2.2687e+07  46.9%  85.6 1110s
 268134 61407 3.6041e+07   77   58 4.2704e+07 2.2689e+07  46.9%  85.6 1115s
 269565 61568 2.3327e+07   60   55 4.2704e+07 2.2691e+07  46.9%  85.6 1120s
 270645 61728 3.6270e+07   69   60 4.2704e+07 2.2692e+07  46.9%  85.6 1125s
 271897 61847 3.3532e+07   65   23 4.2704e+07 2.2694e+07  46.9%  85.6 1130s
 273233 62037     cutoff   69      4.2704e+07 2.2696e+07  46.9%  85.7 1135s
 274580 62272 2.3339e+07   61   80 4.2704e+07 2.2698e+07  46.8%  85.7 1140s
 275875 62423 2.2950e+07   54   54 4.2704e+07 2.2700e+07  46.8%  85.7 1145s
 277060 62672     cutoff   64      4.2704e+07 2.2701e+07  46.8%  85.7 1150s
 278474 62927 2.3029e+07   65   35 4.2704e+07 2.2703e+07  46.8%  85.7 1155s
 279853 63178 2.2826e+07   61   61 4.2704e+07 2.2705e+07  46.8%  85.6 1160s
 281113 63297 infeasible   64      4.2704e+07 2.2707e+07  46.8%  85.7 1165s
 282451 63521 2.5629e+07   68   83 4.2704e+07 2.2709e+07  46.8%  85.7 1170s
 283698 63688 infeasible   73      4.2704e+07 2.2711e+07  46.8%  85.7 1175s
 285048 63891 infeasible   52      4.2704e+07 2.2713e+07  46.8%  85.7 1180s
 286035 64033 2.2930e+07   57   50 4.2704e+07 2.2714e+07  46.8%  85.7 1185s
 287292 64189 infeasible   61      4.2704e+07 2.2716e+07  46.8%  85.7 1190s
 288609 64360 3.3222e+07   64   24 4.2704e+07 2.2718e+07  46.8%  85.7 1195s
 289963 64603 infeasible   73      4.2704e+07 2.2719e+07  46.8%  85.7 1200s
 291094 64758 infeasible   51      4.2704e+07 2.2721e+07  46.8%  85.7 1205s
 292363 64882 3.3611e+07   64   51 4.2704e+07 2.2723e+07  46.8%  85.7 1210s
 293674 65081 3.7344e+07   53   84 4.2704e+07 2.2724e+07  46.8%  85.7 1215s
 294759 65284 3.2886e+07   51   36 4.2704e+07 2.2726e+07  46.8%  85.7 1220s
 296070 65505 infeasible   69      4.2704e+07 2.2727e+07  46.8%  85.7 1225s
 297326 65657 2.3058e+07   56   45 4.2704e+07 2.2729e+07  46.8%  85.8 1230s
 298605 65821 infeasible   65      4.2704e+07 2.2731e+07  46.8%  85.8 1235s
 299845 66007     cutoff   64      4.2704e+07 2.2733e+07  46.8%  85.8 1240s
 300701 66086     cutoff   67      4.2704e+07 2.2734e+07  46.8%  85.8 1245s
 302073 66260 3.3284e+07   65   10 4.2704e+07 2.2736e+07  46.8%  85.8 1250s
 303401 66432 2.3798e+07   56   97 4.2704e+07 2.2737e+07  46.8%  85.8 1255s
 304670 66580 infeasible   59      4.2704e+07 2.2739e+07  46.8%  85.9 1260s
 305904 66708     cutoff   71      4.2704e+07 2.2740e+07  46.7%  85.9 1265s
 307145 66894 infeasible   62      4.2704e+07 2.2742e+07  46.7%  85.9 1270s
 308411 67032 3.4324e+07   71   58 4.2704e+07 2.2744e+07  46.7%  85.9 1275s
 309738 67224     cutoff   61      4.2704e+07 2.2746e+07  46.7%  85.9 1280s
 310961 67433 2.2890e+07   57   48 4.2704e+07 2.2748e+07  46.7%  85.9 1285s
 312232 67570 infeasible   60      4.2704e+07 2.2750e+07  46.7%  85.9 1290s
 313326 67713 2.2918e+07   61   85 4.2704e+07 2.2751e+07  46.7%  85.9 1295s
 314692 67922 infeasible   59      4.2704e+07 2.2753e+07  46.7%  85.9 1300s
 316000 68013 infeasible   66      4.2704e+07 2.2754e+07  46.7%  85.9 1305s
 317292 68172 infeasible   71      4.2704e+07 2.2756e+07  46.7%  85.9 1310s
 318259 68321 infeasible   66      4.2704e+07 2.2757e+07  46.7%  85.9 1315s
 319639 68464 3.2785e+07   58    7 4.2704e+07 2.2759e+07  46.7%  85.9 1320s
 320904 68593 infeasible   53      4.2704e+07 2.2760e+07  46.7%  86.0 1325s
 322103 68720 3.5237e+07   65   29 4.2704e+07 2.2762e+07  46.7%  86.0 1330s
 323630 68923 3.3283e+07   59   49 4.2704e+07 2.2764e+07  46.7%  86.0 1335s
 324840 69142 infeasible   56      4.2704e+07 2.2765e+07  46.7%  86.0 1340s
 326040 69325 infeasible   64      4.2704e+07 2.2767e+07  46.7%  86.0 1345s
 327002 69455     cutoff   57      4.2704e+07 2.2768e+07  46.7%  86.0 1350s
 328201 69615 3.3720e+07   70   58 4.2704e+07 2.2769e+07  46.7%  86.0 1355s
 329511 69771 2.6284e+07   57   72 4.2704e+07 2.2771e+07  46.7%  86.0 1360s
 330678 69903     cutoff   64      4.2704e+07 2.2773e+07  46.7%  86.0 1365s
 331902 70025 infeasible   53      4.2704e+07 2.2774e+07  46.7%  86.0 1370s
 332930 70141     cutoff   65      4.2704e+07 2.2776e+07  46.7%  86.0 1375s
 334131 70300 infeasible   55      4.2704e+07 2.2777e+07  46.7%  86.0 1380s
 335405 70476     cutoff   66      4.2704e+07 2.2779e+07  46.7%  86.0 1385s
 336342 70592 infeasible   69      4.2704e+07 2.2780e+07  46.7%  86.0 1390s
 337660 70726 3.3456e+07   60   69 4.2704e+07 2.2781e+07  46.7%  86.0 1395s
 338851 70833 2.3253e+07   55   81 4.2704e+07 2.2783e+07  46.6%  86.0 1400s
 340119 71017 2.3390e+07   52  100 4.2704e+07 2.2785e+07  46.6%  86.0 1405s
 341330 71164 3.3332e+07   46   35 4.2704e+07 2.2786e+07  46.6%  86.1 1410s
 342535 71293 2.2909e+07   59   78 4.2704e+07 2.2788e+07  46.6%  86.1 1415s
 343726 71463 2.8109e+07   71   90 4.2704e+07 2.2789e+07  46.6%  86.1 1420s
 345084 71608 infeasible   57      4.2704e+07 2.2791e+07  46.6%  86.1 1425s
 346335 71840 2.4907e+07   60   84 4.2704e+07 2.2792e+07  46.6%  86.1 1430s
 347233 71905 3.9385e+07   52   76 4.2704e+07 2.2793e+07  46.6%  86.1 1435s
 348353 72010 2.8592e+07   67   62 4.2704e+07 2.2794e+07  46.6%  86.1 1440s
 349700 72167 3.3600e+07   55   50 4.2704e+07 2.2796e+07  46.6%  86.1 1445s
 351041 72314 3.3269e+07   72   39 4.2704e+07 2.2798e+07  46.6%  86.1 1450s
 352284 72468 infeasible   49      4.2704e+07 2.2800e+07  46.6%  86.1 1455s
 353473 72624 3.3016e+07   64   35 4.2704e+07 2.2801e+07  46.6%  86.1 1460s
 354390 72742 2.4958e+07   57   67 4.2704e+07 2.2802e+07  46.6%  86.1 1465s
 355692 72894 2.5256e+07   60   39 4.2704e+07 2.2804e+07  46.6%  86.1 1470s
 357018 73072 3.3340e+07   59   47 4.2704e+07 2.2806e+07  46.6%  86.1 1475s
 358358 73216 infeasible   67      4.2704e+07 2.2807e+07  46.6%  86.1 1480s
 359568 73294 infeasible   51      4.2704e+07 2.2809e+07  46.6%  86.1 1485s
 360837 73420 3.4499e+07   72   16 4.2704e+07 2.2810e+07  46.6%  86.1 1490s
 361962 73546     cutoff   66      4.2704e+07 2.2812e+07  46.6%  86.1 1495s
 363184 73701     cutoff   55      4.2704e+07 2.2813e+07  46.6%  86.1 1500s
 364450 73881 2.3190e+07   62   80 4.2704e+07 2.2814e+07  46.6%  86.1 1505s
 365667 74030 2.8417e+07   77   73 4.2704e+07 2.2816e+07  46.6%  86.1 1510s
 366961 74204     cutoff   70      4.2704e+07 2.2817e+07  46.6%  86.1 1515s
 368308 74305 infeasible   47      4.2704e+07 2.2819e+07  46.6%  86.1 1520s
 369446 74442 3.3221e+07   86   47 4.2704e+07 2.2820e+07  46.6%  86.2 1525s
 370698 74526 3.4250e+07   48   38 4.2704e+07 2.2822e+07  46.6%  86.2 1530s
 372009 74657 2.4654e+07   52  108 4.2704e+07 2.2823e+07  46.6%  86.2 1535s
 373226 74770 infeasible   52      4.2704e+07 2.2825e+07  46.6%  86.2 1540s
 374516 74891 infeasible   72      4.2704e+07 2.2826e+07  46.5%  86.2 1545s
 375652 75043 3.3185e+07   58   60 4.2704e+07 2.2828e+07  46.5%  86.2 1550s
 376817 75137 infeasible   65      4.2704e+07 2.2829e+07  46.5%  86.2 1555s
 378050 75276 2.4434e+07   53   84 4.2704e+07 2.2831e+07  46.5%  86.2 1560s
 379303 75436 infeasible   60      4.2704e+07 2.2832e+07  46.5%  86.2 1565s
 380541 75586 infeasible   64      4.2704e+07 2.2833e+07  46.5%  86.2 1570s
 381783 75699 2.2865e+07   67   45 4.2704e+07 2.2835e+07  46.5%  86.2 1575s
 382907 75850 infeasible   54      4.2704e+07 2.2836e+07  46.5%  86.3 1580s
 384132 76007 infeasible   63      4.2704e+07 2.2837e+07  46.5%  86.3 1585s
 385328 76087 3.3733e+07   66   69 4.2704e+07 2.2839e+07  46.5%  86.3 1590s
 386293 76152 3.3908e+07   68   78 4.2704e+07 2.2840e+07  46.5%  86.3 1595s
 387452 76266 infeasible   50      4.2704e+07 2.2842e+07  46.5%  86.3 1600s
 388512 76324 2.2976e+07   60   56 4.2704e+07 2.2843e+07  46.5%  86.3 1605s
 389792 76450 2.3067e+07   59   66 4.2704e+07 2.2845e+07  46.5%  86.3 1610s
 390986 76583 infeasible   55      4.2704e+07 2.2846e+07  46.5%  86.4 1615s
 392211 76702     cutoff   51      4.2704e+07 2.2847e+07  46.5%  86.4 1620s
 393436 76793 infeasible   64      4.2704e+07 2.2848e+07  46.5%  86.4 1625s
 394631 76858 infeasible   64      4.2704e+07 2.2850e+07  46.5%  86.4 1630s
 395946 77024 3.3636e+07   60   28 4.2704e+07 2.2852e+07  46.5%  86.4 1635s
 396900 77140     cutoff   67      4.2704e+07 2.2853e+07  46.5%  86.4 1640s
 398188 77301 infeasible   76      4.2704e+07 2.2854e+07  46.5%  86.4 1645s
 399325 77350 infeasible   59      4.2704e+07 2.2856e+07  46.5%  86.4 1650s
 400346 77436 3.6435e+07   59   44 4.2704e+07 2.2857e+07  46.5%  86.4 1655s
 401610 77562 3.3408e+07   63   15 4.2704e+07 2.2858e+07  46.5%  86.4 1660s
 402791 77663 2.3111e+07   68   39 4.2704e+07 2.2859e+07  46.5%  86.4 1665s
 404135 77827 2.3053e+07   76   94 4.2704e+07 2.2861e+07  46.5%  86.4 1670s
 405323 77934 3.6605e+07   55   53 4.2704e+07 2.2862e+07  46.5%  86.5 1675s
 406656 78093 infeasible   67      4.2704e+07 2.2864e+07  46.5%  86.4 1680s
 407928 78246 3.3267e+07   80   48 4.2704e+07 2.2865e+07  46.5%  86.4 1685s
 409126 78329     cutoff   67      4.2704e+07 2.2867e+07  46.5%  86.5 1690s
 410411 78412 3.3368e+07   56   31 4.2704e+07 2.2868e+07  46.4%  86.5 1695s
 411708 78498 2.3059e+07   51   65 4.2704e+07 2.2870e+07  46.4%  86.5 1700s
 412800 78589     cutoff   72      4.2704e+07 2.2871e+07  46.4%  86.5 1705s
 413970 78646 3.3177e+07   59   22 4.2704e+07 2.2872e+07  46.4%  86.5 1710s
 415172 78769 3.3427e+07   51   68 4.2704e+07 2.2874e+07  46.4%  86.5 1715s
 416516 78912 infeasible   70      4.2704e+07 2.2875e+07  46.4%  86.5 1720s
 417639 79039 infeasible   66      4.2704e+07 2.2876e+07  46.4%  86.5 1725s
 418872 79122 2.8487e+07   70   79 4.2704e+07 2.2878e+07  46.4%  86.5 1730s
 420101 79199 infeasible   69      4.2704e+07 2.2879e+07  46.4%  86.5 1735s
 421346 79327 3.3264e+07   65   19 4.2704e+07 2.2881e+07  46.4%  86.5 1740s
 422590 79413 3.3091e+07   67    5 4.2704e+07 2.2882e+07  46.4%  86.5 1745s
 423892 79542 2.4239e+07   54   67 4.2704e+07 2.2884e+07  46.4%  86.5 1750s
 425062 79648 infeasible   57      4.2704e+07 2.2885e+07  46.4%  86.5 1755s
 426312 79775     cutoff   71      4.2704e+07 2.2886e+07  46.4%  86.6 1760s
 427527 79855 3.3367e+07   67   34 4.2704e+07 2.2888e+07  46.4%  86.6 1765s
 428907 79975 2.4160e+07   66   92 4.2704e+07 2.2890e+07  46.4%  86.6 1770s
 430009 80065 infeasible   57      4.2704e+07 2.2891e+07  46.4%  86.6 1775s
 431190 80146 2.6845e+07   58   79 4.2704e+07 2.2892e+07  46.4%  86.6 1780s
 432339 80238 2.8415e+07   67   65 4.2704e+07 2.2894e+07  46.4%  86.6 1785s
 433503 80356     cutoff   68      4.2704e+07 2.2895e+07  46.4%  86.6 1790s
 434627 80501     cutoff   62      4.2704e+07 2.2896e+07  46.4%  86.7 1795s
 435885 80586 2.4367e+07   68   73 4.2704e+07 2.2898e+07  46.4%  86.7 1800s
 437125 80648 2.6298e+07   67   56 4.2704e+07 2.2899e+07  46.4%  86.7 1805s
 438483 80726 2.7400e+07   70   69 4.2704e+07 2.2901e+07  46.4%  86.7 1810s
 439455 80770     cutoff   62      4.2704e+07 2.2902e+07  46.4%  86.7 1815s
 440804 80850 2.5027e+07   62   50 4.2704e+07 2.2904e+07  46.4%  86.7 1820s
 441876 80975 2.3631e+07   59   70 4.2704e+07 2.2905e+07  46.4%  86.7 1825s
 443101 81095 infeasible   62      4.2704e+07 2.2906e+07  46.4%  86.8 1830s
 444249 81129 3.3309e+07   74   63 4.2704e+07 2.2908e+07  46.4%  86.8 1835s
 445474 81183 infeasible   62      4.2704e+07 2.2909e+07  46.4%  86.8 1840s
 446777 81274 2.4580e+07   64   94 4.2704e+07 2.2910e+07  46.4%  86.8 1845s
 447989 81359 infeasible   62      4.2704e+07 2.2912e+07  46.3%  86.8 1850s
 448983 81453 infeasible   64      4.2704e+07 2.2913e+07  46.3%  86.8 1855s
 450095 81556 2.3180e+07   73   56 4.2704e+07 2.2914e+07  46.3%  86.8 1860s
 451289 81691 infeasible   65      4.2704e+07 2.2915e+07  46.3%  86.8 1865s
 452537 81815 infeasible   65      4.2704e+07 2.2917e+07  46.3%  86.8 1870s
 453668 81856 3.3311e+07   75   66 4.2704e+07 2.2918e+07  46.3%  86.8 1875s
 454896 81966 infeasible   73      4.2704e+07 2.2919e+07  46.3%  86.9 1880s
 456046 82110     cutoff   67      4.2704e+07 2.2920e+07  46.3%  86.9 1885s
 457289 82221 infeasible   59      4.2704e+07 2.2922e+07  46.3%  86.9 1890s
 458452 82292 infeasible   72      4.2704e+07 2.2923e+07  46.3%  86.9 1895s
 459588 82338 infeasible   73      4.2704e+07 2.2924e+07  46.3%  86.9 1900s
 460680 82426 3.6532e+07   61   82 4.2704e+07 2.2926e+07  46.3%  86.9 1905s
 462027 82580 2.3184e+07   77   64 4.2704e+07 2.2928e+07  46.3%  86.9 1910s
 463439 82676 3.8206e+07   75   75 4.2704e+07 2.2929e+07  46.3%  86.9 1915s
 464565 82775 2.4463e+07   66   73 4.2704e+07 2.2930e+07  46.3%  86.9 1920s
 465806 82876 infeasible   58      4.2704e+07 2.2932e+07  46.3%  86.9 1925s
 467253 82987     cutoff   82      4.2704e+07 2.2933e+07  46.3%  86.9 1930s
 468394 82999 infeasible   60      4.2704e+07 2.2935e+07  46.3%  86.9 1935s
 469653 83140 infeasible   71      4.2704e+07 2.2937e+07  46.3%  86.9 1940s
 470906 83249 infeasible   53      4.2704e+07 2.2938e+07  46.3%  86.9 1945s
 472008 83308 3.3567e+07   55   37 4.2704e+07 2.2939e+07  46.3%  87.0 1950s
 473254 83398     cutoff   59      4.2704e+07 2.2941e+07  46.3%  87.0 1955s
 474760 83531 2.7365e+07   73   64 4.2704e+07 2.2943e+07  46.3%  87.0 1960s
 475990 83595 infeasible   54      4.2704e+07 2.2944e+07  46.3%  87.0 1965s
 477133 83664 3.4912e+07   63   68 4.2704e+07 2.2945e+07  46.3%  87.0 1970s
 478337 83777 2.3441e+07   61   59 4.2704e+07 2.2947e+07  46.3%  87.0 1975s
 479443 83841 2.3119e+07   61   90 4.2704e+07 2.2948e+07  46.3%  87.0 1980s
 480543 83913     cutoff   67      4.2704e+07 2.2950e+07  46.3%  87.0 1985s
 481776 84060 3.9576e+07   77   62 4.2704e+07 2.2951e+07  46.3%  87.0 1990s
 483062 84159 2.5107e+07   48   70 4.2704e+07 2.2952e+07  46.3%  87.0 1995s
 484357 84262 3.1947e+07   64   62 4.2704e+07 2.2954e+07  46.2%  87.0 2000s
 485461 84311 2.2970e+07   61   49 4.2704e+07 2.2955e+07  46.2%  87.0 2005s
 486587 84406 2.5192e+07   73  100 4.2704e+07 2.2957e+07  46.2%  87.0 2010s
 487610 84503 3.3532e+07   74   41 4.2704e+07 2.2958e+07  46.2%  87.0 2015s
 488992 84603 infeasible   56      4.2704e+07 2.2960e+07  46.2%  87.0 2020s
 490145 84622     cutoff   52      4.2704e+07 2.2962e+07  46.2%  87.1 2025s
 491257 84655 infeasible   54      4.2704e+07 2.2963e+07  46.2%  87.1 2030s
 492377 84671     cutoff   59      4.2704e+07 2.2964e+07  46.2%  87.1 2035s
 493574 84769 2.3507e+07   63   78 4.2704e+07 2.2965e+07  46.2%  87.1 2040s
 494754 84844 infeasible   62      4.2704e+07 2.2966e+07  46.2%  87.1 2045s
 495876 84935 infeasible   57      4.2704e+07 2.2968e+07  46.2%  87.2 2050s
 496995 84978 2.3695e+07   69   42 4.2704e+07 2.2969e+07  46.2%  87.2 2055s
 498157 85033 2.2971e+07   56   40 4.2704e+07 2.2970e+07  46.2%  87.2 2060s
 499216 85068 3.3996e+07   71   73 4.2704e+07 2.2972e+07  46.2%  87.2 2065s
 500302 85089 2.3202e+07   56   59 4.2704e+07 2.2973e+07  46.2%  87.2 2070s
 501462 85144 3.3299e+07   68   53 4.2704e+07 2.2974e+07  46.2%  87.2 2075s
 502592 85206 3.3459e+07   75   47 4.2704e+07 2.2976e+07  46.2%  87.3 2080s
 503833 85314     cutoff   76      4.2704e+07 2.2977e+07  46.2%  87.3 2085s
 505067 85376 infeasible   66      4.2704e+07 2.2979e+07  46.2%  87.3 2090s
 506414 85422 infeasible   63      4.2704e+07 2.2980e+07  46.2%  87.3 2095s
 507562 85445 3.3654e+07   66   32 4.2704e+07 2.2982e+07  46.2%  87.3 2100s
 508760 85489     cutoff   68      4.2704e+07 2.2983e+07  46.2%  87.3 2105s
 509973 85532 2.3358e+07   59   74 4.2704e+07 2.2985e+07  46.2%  87.3 2110s
 511210 85559 3.1753e+07   51   68 4.2704e+07 2.2987e+07  46.2%  87.3 2115s
 512382 85663 3.3299e+07   57   30 4.2704e+07 2.2988e+07  46.2%  87.4 2120s
 513464 85700 3.3521e+07   59   46 4.2704e+07 2.2989e+07  46.2%  87.4 2125s
 514862 85688     cutoff   68      4.2704e+07 2.2991e+07  46.2%  87.4 2130s
 515886 85787 infeasible   63      4.2704e+07 2.2993e+07  46.2%  87.4 2135s
 517183 85884 infeasible   73      4.2704e+07 2.2994e+07  46.2%  87.4 2140s
 518226 85924 2.3990e+07   54   91 4.2704e+07 2.2995e+07  46.2%  87.4 2145s
 519110 85947 infeasible   58      4.2704e+07 2.2996e+07  46.1%  87.4 2150s
 520105 85980 infeasible   78      4.2704e+07 2.2998e+07  46.1%  87.5 2155s
 521241 86001 2.3307e+07   58   84 4.2704e+07 2.2999e+07  46.1%  87.5 2160s
 522373 86063     cutoff   52      4.2704e+07 2.3000e+07  46.1%  87.5 2165s
 523541 86160 3.3207e+07   56   49 4.2704e+07 2.3001e+07  46.1%  87.5 2170s
 524983 86218 3.2949e+07   44   20 4.2704e+07 2.3003e+07  46.1%  87.5 2175s
 526075 86227 2.3036e+07   61   25 4.2704e+07 2.3005e+07  46.1%  87.5 2180s
 527269 86251 2.3404e+07   61   83 4.2704e+07 2.3006e+07  46.1%  87.5 2185s
 528517 86301     cutoff   67      4.2704e+07 2.3008e+07  46.1%  87.5 2190s
 529702 86375 3.3347e+07   64   52 4.2704e+07 2.3009e+07  46.1%  87.5 2195s
 530935 86428     cutoff   69      4.2704e+07 2.3011e+07  46.1%  87.6 2200s
 532151 86431 2.5242e+07   73   88 4.2704e+07 2.3013e+07  46.1%  87.6 2205s
 533565 86517 infeasible   54      4.2704e+07 2.3014e+07  46.1%  87.6 2210s
 534552 86540 3.4022e+07   83   64 4.2704e+07 2.3015e+07  46.1%  87.6 2215s
 535479 86540 infeasible   69      4.2704e+07 2.3017e+07  46.1%  87.6 2220s
 536712 86620 2.6464e+07   63   66 4.2704e+07 2.3018e+07  46.1%  87.6 2225s
 537764 86640 2.7385e+07   67   83 4.2704e+07 2.3019e+07  46.1%  87.6 2230s
 539052 86666 3.5661e+07   61   57 4.2704e+07 2.3021e+07  46.1%  87.6 2235s
 540191 86667 2.9203e+07   59   66 4.2704e+07 2.3023e+07  46.1%  87.6 2240s
 541339 86677     cutoff   57      4.2704e+07 2.3024e+07  46.1%  87.6 2245s
 542465 86719     cutoff   60      4.2704e+07 2.3026e+07  46.1%  87.7 2250s
 543733 86740     cutoff   65      4.2704e+07 2.3028e+07  46.1%  87.7 2255s
 544935 86801     cutoff   68      4.2704e+07 2.3029e+07  46.1%  87.7 2260s
 546228 86823 3.3438e+07   70   48 4.2704e+07 2.3030e+07  46.1%  87.7 2265s
 547381 86854 infeasible   74      4.2704e+07 2.3032e+07  46.1%  87.7 2270s
 548854 86934     cutoff   78      4.2704e+07 2.3033e+07  46.1%  87.7 2275s
 549993 86995 2.9352e+07   60   92 4.2704e+07 2.3035e+07  46.1%  87.7 2280s
 551153 86990 2.7397e+07   58   62 4.2704e+07 2.3036e+07  46.1%  87.7 2285s
 552331 87041     cutoff   71      4.2704e+07 2.3038e+07  46.1%  87.8 2290s
 553491 87060 2.9568e+07   55   72 4.2704e+07 2.3039e+07  46.0%  87.8 2295s
 554649 87108 3.3514e+07   64   41 4.2704e+07 2.3040e+07  46.0%  87.8 2300s
 555601 87166     cutoff   54      4.2704e+07 2.3042e+07  46.0%  87.8 2305s
 556709 87173     cutoff   68      4.2704e+07 2.3043e+07  46.0%  87.8 2310s
 557841 87219 infeasible   71      4.2704e+07 2.3044e+07  46.0%  87.8 2315s
 559319 87287 3.3596e+07   74   80 4.2704e+07 2.3046e+07  46.0%  87.8 2320s
 560524 87298     cutoff   67      4.2704e+07 2.3048e+07  46.0%  87.8 2325s
 561382 87345 2.8774e+07   68   96 4.2704e+07 2.3049e+07  46.0%  87.8 2331s
 562317 87378 infeasible   61      4.2704e+07 2.3050e+07  46.0%  87.9 2335s
 563518 87375 2.6574e+07   61   59 4.2704e+07 2.3051e+07  46.0%  87.9 2340s
 564633 87425 3.5221e+07   59   38 4.2704e+07 2.3053e+07  46.0%  87.9 2345s
 566044 87471 3.4576e+07   61   70 4.2704e+07 2.3054e+07  46.0%  87.9 2350s
 567207 87481 2.9706e+07   68   45 4.2704e+07 2.3056e+07  46.0%  87.9 2355s
 568361 87503 2.3235e+07   59   54 4.2704e+07 2.3057e+07  46.0%  87.9 2360s
 569704 87527 infeasible   61      4.2704e+07 2.3059e+07  46.0%  87.9 2365s
 570776 87539 infeasible   59      4.2704e+07 2.3061e+07  46.0%  87.9 2370s
 571558 87560 infeasible   68      4.2704e+07 2.3062e+07  46.0%  87.9 2375s
 572693 87536 2.3931e+07   57   97 4.2704e+07 2.3063e+07  46.0%  87.9 2380s
 573842 87523     cutoff   71      4.2704e+07 2.3065e+07  46.0%  87.9 2385s
 575117 87552     cutoff   64      4.2704e+07 2.3066e+07  46.0%  87.9 2390s
 576258 87585     cutoff   60      4.2704e+07 2.3068e+07  46.0%  88.0 2395s
 577463 87582     cutoff   74      4.2704e+07 2.3070e+07  46.0%  88.0 2400s
 578522 87586 infeasible   70      4.2704e+07 2.3071e+07  46.0%  88.0 2405s
 579711 87591 2.3414e+07   54   51 4.2704e+07 2.3073e+07  46.0%  88.0 2410s
 580796 87613 3.3511e+07   58   45 4.2704e+07 2.3074e+07  46.0%  88.0 2415s
 581936 87650 infeasible   80      4.2704e+07 2.3075e+07  46.0%  88.0 2420s
 583098 87688 2.3140e+07   54   37 4.2704e+07 2.3076e+07  46.0%  88.0 2425s
 584221 87698     cutoff   58      4.2704e+07 2.3078e+07  46.0%  88.0 2430s
 585342 87730 3.3885e+07   62   32 4.2704e+07 2.3079e+07  46.0%  88.1 2435s
 586490 87775     cutoff   83      4.2704e+07 2.3081e+07  46.0%  88.1 2440s
 587716 87739     cutoff   53      4.2704e+07 2.3082e+07  45.9%  88.1 2445s
 588817 87748 3.5929e+07   67   61 4.2704e+07 2.3084e+07  45.9%  88.1 2450s
 589869 87829 3.4555e+07   59   24 4.2704e+07 2.3085e+07  45.9%  88.1 2455s
 590982 87866     cutoff   75      4.2704e+07 2.3087e+07  45.9%  88.1 2460s
 592165 87867 2.3334e+07   55   81 4.2704e+07 2.3088e+07  45.9%  88.1 2465s
 593277 87892 3.5065e+07   55   57 4.2704e+07 2.3090e+07  45.9%  88.1 2470s
 594240 87898 infeasible   76      4.2704e+07 2.3091e+07  45.9%  88.1 2475s
 595091 87945 infeasible   70      4.2704e+07 2.3092e+07  45.9%  88.2 2480s
 596318 88022 infeasible   54      4.2704e+07 2.3093e+07  45.9%  88.2 2485s
 597391 88026 2.3333e+07   67   69 4.2704e+07 2.3095e+07  45.9%  88.2 2490s
 598584 88048 3.3530e+07   77   48 4.2704e+07 2.3097e+07  45.9%  88.2 2495s
 599739 88078 3.3500e+07   87   46 4.2704e+07 2.3098e+07  45.9%  88.2 2500s
 600763 88033 3.4139e+07   60   54 4.2704e+07 2.3100e+07  45.9%  88.2 2505s
 601774 88062 infeasible   62      4.2704e+07 2.3101e+07  45.9%  88.2 2510s
 602965 88084 3.4571e+07   58   59 4.2704e+07 2.3103e+07  45.9%  88.2 2515s
 604166 88100 2.3147e+07   62   57 4.2704e+07 2.3104e+07  45.9%  88.2 2520s
 605275 88137 infeasible   77      4.2704e+07 2.3106e+07  45.9%  88.2 2525s
 606405 88118 infeasible   61      4.2704e+07 2.3107e+07  45.9%  88.2 2530s
 607559 88123     cutoff   70      4.2704e+07 2.3109e+07  45.9%  88.3 2535s
 608689 88157 2.3427e+07   61   82 4.2704e+07 2.3111e+07  45.9%  88.3 2540s
 609835 88150 3.3614e+07   82   59 4.2704e+07 2.3112e+07  45.9%  88.3 2545s
 611071 88183     cutoff   72      4.2704e+07 2.3114e+07  45.9%  88.3 2550s
 612258 88239 infeasible   54      4.2704e+07 2.3115e+07  45.9%  88.3 2555s
 613464 88236     cutoff   67      4.2704e+07 2.3117e+07  45.9%  88.3 2560s
 614608 88234 3.4032e+07   61  102 4.2704e+07 2.3118e+07  45.9%  88.3 2565s
 616017 88209     cutoff   70      4.2704e+07 2.3120e+07  45.9%  88.3 2570s
 617192 88228 3.3599e+07   69   64 4.2704e+07 2.3122e+07  45.9%  88.3 2575s
 617959 88205 2.5078e+07   67   97 4.2704e+07 2.3123e+07  45.9%  88.3 2580s
 619062 88224 infeasible   61      4.2704e+07 2.3124e+07  45.8%  88.4 2585s
 619978 88217 infeasible   64      4.2704e+07 2.3126e+07  45.8%  88.4 2590s
 621181 88232 2.4145e+07   48   88 4.2704e+07 2.3127e+07  45.8%  88.4 2595s
 622331 88269 3.3516e+07   73   60 4.2704e+07 2.3129e+07  45.8%  88.4 2600s
 623551 88221     cutoff   67      4.2704e+07 2.3131e+07  45.8%  88.4 2605s
 624669 88189 2.3555e+07   63   78 4.2704e+07 2.3133e+07  45.8%  88.4 2610s
 625878 88177 2.3139e+07   60   28 4.2704e+07 2.3134e+07  45.8%  88.4 2615s
 627049 88164     cutoff   55      4.2704e+07 2.3136e+07  45.8%  88.4 2620s
 628333 88158 3.4233e+07   71   58 4.2704e+07 2.3138e+07  45.8%  88.5 2625s
 629405 88132 2.5116e+07   60   81 4.2704e+07 2.3139e+07  45.8%  88.5 2630s
 630465 88110 infeasible   70      4.2704e+07 2.3141e+07  45.8%  88.5 2635s
 631653 88117 2.3919e+07   67   75 4.2704e+07 2.3143e+07  45.8%  88.5 2640s
 632867 88157 3.4383e+07   62   74 4.2704e+07 2.3144e+07  45.8%  88.5 2645s
 634067 88126 2.3301e+07   62   74 4.2704e+07 2.3146e+07  45.8%  88.5 2650s
 635193 88111 infeasible   49      4.2704e+07 2.3147e+07  45.8%  88.5 2655s
 636309 88061 2.5631e+07   62   82 4.2704e+07 2.3149e+07  45.8%  88.5 2660s
 637436 88044 infeasible   66      4.2704e+07 2.3150e+07  45.8%  88.5 2665s
 638454 88064 infeasible   67      4.2704e+07 2.3152e+07  45.8%  88.5 2670s
 639396 88063 3.5374e+07   69   64 4.2704e+07 2.3153e+07  45.8%  88.6 2675s
 640645 88037 3.3119e+07   56   66 4.2704e+07 2.3155e+07  45.8%  88.6 2680s
 641832 87990     cutoff   64      4.2704e+07 2.3157e+07  45.8%  88.6 2685s
 642785 87959 2.8665e+07   55   51 4.2704e+07 2.3158e+07  45.8%  88.6 2690s
 643975 87992     cutoff   56      4.2704e+07 2.3159e+07  45.8%  88.6 2695s
 645111 87927     cutoff   69      4.2704e+07 2.3161e+07  45.8%  88.6 2700s
 646285 87939 infeasible   67      4.2704e+07 2.3163e+07  45.8%  88.6 2705s
 647462 87936 2.8196e+07   62   70 4.2704e+07 2.3165e+07  45.8%  88.6 2710s
 648569 87913 infeasible   72      4.2704e+07 2.3166e+07  45.8%  88.6 2715s
 649720 87891 infeasible   68      4.2704e+07 2.3168e+07  45.7%  88.6 2720s
 650916 87824 3.6081e+07   66   54 4.2704e+07 2.3170e+07  45.7%  88.7 2725s
 651970 87825 2.3259e+07   76   57 4.2704e+07 2.3171e+07  45.7%  88.7 2730s
 653206 87826 2.3339e+07   56  108 4.2704e+07 2.3173e+07  45.7%  88.7 2735s
 654172 87775 3.3584e+07   67   57 4.2704e+07 2.3175e+07  45.7%  88.7 2740s
 655393 87771 infeasible   70      4.2704e+07 2.3177e+07  45.7%  88.7 2745s
 656740 87750 3.7180e+07   59   42 4.2704e+07 2.3179e+07  45.7%  88.7 2750s
 657941 87717 2.4564e+07   72   85 4.2704e+07 2.3180e+07  45.7%  88.8 2755s
 659215 87719 infeasible   54      4.2704e+07 2.3182e+07  45.7%  88.8 2760s
 660356 87689     cutoff   72      4.2704e+07 2.3184e+07  45.7%  88.8 2765s
 661776 87693 3.3773e+07   71   41 4.2704e+07 2.3186e+07  45.7%  88.8 2770s
 662837 87678 infeasible   66      4.2704e+07 2.3187e+07  45.7%  88.8 2775s
 663927 87640 3.3888e+07   60   76 4.2704e+07 2.3189e+07  45.7%  88.8 2780s
 665165 87647 2.4492e+07   67  103 4.2704e+07 2.3190e+07  45.7%  88.8 2785s
 666501 87618 infeasible   61      4.2704e+07 2.3192e+07  45.7%  88.8 2790s
 667648 87599     cutoff   57      4.2704e+07 2.3194e+07  45.7%  88.8 2795s
 668854 87583 2.3902e+07   50   82 4.2704e+07 2.3196e+07  45.7%  88.8 2800s
 670295 87579     cutoff   67      4.2704e+07 2.3197e+07  45.7%  88.8 2805s
 671424 87570 4.1615e+07   74   92 4.2704e+07 2.3199e+07  45.7%  88.9 2810s
 672511 87541 infeasible   81      4.2704e+07 2.3201e+07  45.7%  88.9 2815s
 673631 87518 infeasible   71      4.2704e+07 2.3203e+07  45.7%  88.9 2820s
 674676 87448 infeasible   68      4.2704e+07 2.3204e+07  45.7%  88.9 2825s
 675758 87476     cutoff   56      4.2704e+07 2.3206e+07  45.7%  88.9 2830s
 676771 87387 infeasible   67      4.2704e+07 2.3208e+07  45.7%  88.9 2835s
 677915 87340 infeasible   53      4.2704e+07 2.3210e+07  45.6%  88.9 2840s
 678897 87322     cutoff   77      4.2704e+07 2.3211e+07  45.6%  89.0 2846s
 679852 87299     cutoff   78      4.2704e+07 2.3213e+07  45.6%  89.0 2850s
 680937 87236 2.3511e+07   59  102 4.2704e+07 2.3215e+07  45.6%  89.0 2855s
 682152 87215     cutoff   71      4.2704e+07 2.3216e+07  45.6%  89.0 2860s
 683298 87216     cutoff   73      4.2704e+07 2.3218e+07  45.6%  89.0 2865s
 684427 87161 2.4837e+07   68  108 4.2704e+07 2.3220e+07  45.6%  89.0 2870s
 685630 87144     cutoff   67      4.2704e+07 2.3222e+07  45.6%  89.0 2875s
 686747 87093     cutoff   66      4.2704e+07 2.3224e+07  45.6%  89.0 2880s
 687928 87045 3.3966e+07   61   54 4.2704e+07 2.3225e+07  45.6%  89.0 2885s
 688981 86972 infeasible   76      4.2704e+07 2.3227e+07  45.6%  89.0 2890s
 690026 86948     cutoff   47      4.2704e+07 2.3229e+07  45.6%  89.1 2895s
 691155 86920 3.3675e+07   65   50 4.2704e+07 2.3231e+07  45.6%  89.1 2900s
 692617 86917 3.3380e+07   69   53 4.2704e+07 2.3233e+07  45.6%  89.1 2905s
 693757 86905 2.4138e+07   68   99 4.2704e+07 2.3235e+07  45.6%  89.1 2910s
 694863 86870 2.8461e+07   74   44 4.2704e+07 2.3236e+07  45.6%  89.1 2915s
 695988 86833 infeasible   64      4.2704e+07 2.3238e+07  45.6%  89.1 2920s
 697039 86739 3.4506e+07   65   79 4.2704e+07 2.3240e+07  45.6%  89.1 2925s
 698262 86661 3.3785e+07   64   46 4.2704e+07 2.3242e+07  45.6%  89.2 2930s
 699434 86624 2.9414e+07   80   72 4.2704e+07 2.3244e+07  45.6%  89.2 2935s
 700553 86572 infeasible   62      4.2704e+07 2.3246e+07  45.6%  89.2 2940s
 701684 86513     cutoff   63      4.2704e+07 2.3247e+07  45.6%  89.2 2945s
 702851 86458 2.3265e+07   67   74 4.2704e+07 2.3249e+07  45.6%  89.2 2950s
 703955 86380 2.3768e+07   52   56 4.2704e+07 2.3251e+07  45.6%  89.2 2955s
 704921 86330 3.3890e+07   60   74 4.2704e+07 2.3253e+07  45.5%  89.2 2960s
 706184 86248 2.3509e+07   63   68 4.2704e+07 2.3255e+07  45.5%  89.2 2965s
 707347 86230 3.6609e+07   64   78 4.2704e+07 2.3257e+07  45.5%  89.2 2970s
 708497 86186 2.6578e+07   56   56 4.2704e+07 2.3259e+07  45.5%  89.3 2975s
 709622 86144 3.3886e+07   62   80 4.2704e+07 2.3261e+07  45.5%  89.3 2980s
 710682 86131 2.5861e+07   61   92 4.2704e+07 2.3263e+07  45.5%  89.3 2985s
 712006 86045 3.3493e+07   68   61 4.2704e+07 2.3265e+07  45.5%  89.3 2990s
 713128 86055 infeasible   56      4.2704e+07 2.3267e+07  45.5%  89.3 2995s
 714264 85991 2.3729e+07   53   91 4.2704e+07 2.3268e+07  45.5%  89.3 3000s
 715474 85917 3.4431e+07   65   53 4.2704e+07 2.3271e+07  45.5%  89.3 3005s
 716538 85842 2.4044e+07   69   89 4.2704e+07 2.3273e+07  45.5%  89.4 3010s
 717711 85796 3.3773e+07   73   70 4.2704e+07 2.3275e+07  45.5%  89.4 3015s
 718837 85727 infeasible   59      4.2704e+07 2.3277e+07  45.5%  89.4 3020s
 720244 85682 3.4967e+07   66   53 4.2704e+07 2.3279e+07  45.5%  89.4 3025s
 721298 85648 3.5103e+07   64   65 4.2704e+07 2.3281e+07  45.5%  89.4 3030s
 722275 85595 infeasible   71      4.2704e+07 2.3283e+07  45.5%  89.4 3035s
 723376 85541 2.7572e+07   63   99 4.2704e+07 2.3284e+07  45.5%  89.4 3040s
 724493 85504 infeasible   63      4.2704e+07 2.3286e+07  45.5%  89.4 3045s
 725556 85480 infeasible   57      4.2704e+07 2.3288e+07  45.5%  89.5 3050s
 726740 85419     cutoff   73      4.2704e+07 2.3291e+07  45.5%  89.5 3055s
 727844 85353 2.3955e+07   67   76 4.2704e+07 2.3293e+07  45.5%  89.5 3060s
 728948 85343 infeasible   72      4.2704e+07 2.3295e+07  45.5%  89.5 3065s
 730192 85260     cutoff   58      4.2704e+07 2.3297e+07  45.4%  89.5 3070s
 731416 85238 2.4317e+07   69   76 4.2704e+07 2.3299e+07  45.4%  89.5 3075s
 732613 85178 infeasible   69      4.2704e+07 2.3302e+07  45.4%  89.5 3080s
 733881 85098 3.3634e+07   65   72 4.2704e+07 2.3304e+07  45.4%  89.5 3085s
 734910 85045 2.5023e+07   63  118 4.2704e+07 2.3306e+07  45.4%  89.6 3090s
 735967 84953 2.4588e+07   68   90 4.2704e+07 2.3309e+07  45.4%  89.6 3095s
 736974 84885     cutoff   64      4.2704e+07 2.3310e+07  45.4%  89.6 3100s
 738306 84806     cutoff   70      4.2704e+07 2.3313e+07  45.4%  89.6 3105s
 739437 84725 3.3675e+07   75   53 4.2704e+07 2.3315e+07  45.4%  89.6 3110s
 740726 84652 2.3340e+07   61   59 4.2704e+07 2.3318e+07  45.4%  89.6 3115s
 741859 84565 infeasible   71      4.2704e+07 2.3320e+07  45.4%  89.7 3120s
 742860 84526 2.4012e+07   54   80 4.2704e+07 2.3322e+07  45.4%  89.7 3125s
 743959 84487 3.3522e+07   60   53 4.2704e+07 2.3324e+07  45.4%  89.7 3130s
 745184 84458     cutoff   59      4.2704e+07 2.3326e+07  45.4%  89.7 3135s
 746146 84410     cutoff   68      4.2704e+07 2.3328e+07  45.4%  89.7 3140s
 747436 84343 3.4126e+07   76   40 4.2704e+07 2.3331e+07  45.4%  89.7 3145s
 748818 84204 infeasible   88      4.2704e+07 2.3334e+07  45.4%  89.7 3150s
 749920 84127 infeasible   78      4.2704e+07 2.3336e+07  45.4%  89.7 3155s
 751021 84069 3.3967e+07   71   66 4.2704e+07 2.3339e+07  45.3%  89.8 3160s
 752158 83985     cutoff   67      4.2704e+07 2.3341e+07  45.3%  89.8 3165s
 753194 83919 infeasible   60      4.2704e+07 2.3343e+07  45.3%  89.8 3170s
 754501 83840 infeasible   61      4.2704e+07 2.3346e+07  45.3%  89.8 3175s
 755631 83793     cutoff   80      4.2704e+07 2.3348e+07  45.3%  89.8 3180s
 756772 83721     cutoff   62      4.2704e+07 2.3351e+07  45.3%  89.8 3185s
 757880 83662 3.5420e+07   64   85 4.2704e+07 2.3353e+07  45.3%  89.8 3190s
 758969 83595 infeasible   64      4.2704e+07 2.3355e+07  45.3%  89.8 3195s
 760162 83492     cutoff   77      4.2704e+07 2.3358e+07  45.3%  89.9 3200s
 761232 83415 infeasible   64      4.2704e+07 2.3360e+07  45.3%  89.9 3205s
 762607 83349     cutoff   71      4.2704e+07 2.3363e+07  45.3%  89.9 3210s
 763716 83261 2.5604e+07   65   72 4.2704e+07 2.3365e+07  45.3%  89.9 3215s
 764840 83180 3.7178e+07   67   47 4.2704e+07 2.3368e+07  45.3%  89.9 3220s
 766094 83093 infeasible   66      4.2704e+07 2.3371e+07  45.3%  89.9 3225s
 767148 83023 infeasible   57      4.2704e+07 2.3373e+07  45.3%  89.9 3230s
 768057 82968 2.4788e+07   65   88 4.2704e+07 2.3375e+07  45.3%  89.9 3235s
 769358 82842 infeasible   65      4.2704e+07 2.3378e+07  45.3%  90.0 3240s
 770413 82775     cutoff   57      4.2704e+07 2.3380e+07  45.3%  90.0 3245s
 771505 82679 3.6521e+07   57   60 4.2704e+07 2.3383e+07  45.2%  90.0 3250s
 772847 82561 infeasible   65      4.2704e+07 2.3386e+07  45.2%  90.0 3255s
 773896 82467 3.1192e+07   63   62 4.2704e+07 2.3389e+07  45.2%  90.0 3260s
 775101 82421 3.3489e+07   72   85 4.2704e+07 2.3392e+07  45.2%  90.0 3265s
 776136 82356     cutoff   69      4.2704e+07 2.3394e+07  45.2%  90.0 3270s
 777023 82266 infeasible   71      4.2704e+07 2.3396e+07  45.2%  90.1 3275s
 777985 82203     cutoff   66      4.2704e+07 2.3398e+07  45.2%  90.1 3280s
 779051 82093 infeasible   65      4.2704e+07 2.3401e+07  45.2%  90.1 3285s
 780056 81999 infeasible   68      4.2704e+07 2.3403e+07  45.2%  90.1 3290s
 780992 81939 infeasible   57      4.2704e+07 2.3406e+07  45.2%  90.1 3295s
 782069 81839 2.3408e+07   77   36 4.2704e+07 2.3408e+07  45.2%  90.1 3300s
 783089 81763 3.3938e+07   56   65 4.2704e+07 2.3411e+07  45.2%  90.1 3305s
 784171 81671 2.7285e+07   72   84 4.2704e+07 2.3414e+07  45.2%  90.1 3310s
 785307 81566 3.3792e+07   64   60 4.2704e+07 2.3417e+07  45.2%  90.2 3315s
 786562 81471 3.5202e+07   74   68 4.2704e+07 2.3419e+07  45.2%  90.2 3320s
 787698 81355 3.3431e+07   65   34 4.2704e+07 2.3423e+07  45.2%  90.2 3326s
 788360 81312 2.3577e+07   64   60 4.2704e+07 2.3424e+07  45.1%  90.2 3330s
 789478 81193 3.1672e+07   71   85 4.2704e+07 2.3427e+07  45.1%  90.2 3335s
 790824 81127 3.4262e+07   72   80 4.2704e+07 2.3430e+07  45.1%  90.2 3340s
 791905 81061 3.4676e+07   80   83 4.2704e+07 2.3433e+07  45.1%  90.2 3345s
 793012 80965 3.3865e+07   65   78 4.2704e+07 2.3436e+07  45.1%  90.3 3350s
 794246 80805 3.3837e+07   81   69 4.2704e+07 2.3439e+07  45.1%  90.3 3355s
 795143 80731 2.3500e+07   64   74 4.2704e+07 2.3441e+07  45.1%  90.3 3360s
 796040 80658 3.4186e+07   70   90 4.2704e+07 2.3444e+07  45.1%  90.3 3365s
 797165 80521 3.3453e+07   69   75 4.2704e+07 2.3447e+07  45.1%  90.3 3370s
 798523 80336     cutoff   61      4.2704e+07 2.3451e+07  45.1%  90.3 3375s
 799510 80250 infeasible   60      4.2704e+07 2.3454e+07  45.1%  90.3 3380s
 800676 80173 3.3869e+07   61   45 4.2704e+07 2.3457e+07  45.1%  90.3 3385s
 801849 80061 infeasible   65      4.2704e+07 2.3461e+07  45.1%  90.4 3390s
 803204 79969     cutoff   63      4.2704e+07 2.3465e+07  45.1%  90.4 3395s
 804303 79895 2.5047e+07   60   88 4.2704e+07 2.3467e+07  45.0%  90.4 3400s
 805352 79810     cutoff   75      4.2704e+07 2.3470e+07  45.0%  90.4 3405s
 806502 79717 infeasible   56      4.2704e+07 2.3474e+07  45.0%  90.4 3410s
 807633 79600 2.3737e+07   65   64 4.2704e+07 2.3477e+07  45.0%  90.4 3415s
 808914 79478 3.3475e+07   73   66 4.2704e+07 2.3480e+07  45.0%  90.4 3420s
 810028 79360 2.3759e+07   56   90 4.2704e+07 2.3483e+07  45.0%  90.4 3425s
 811186 79261 infeasible   61      4.2704e+07 2.3486e+07  45.0%  90.5 3430s
 812055 79151 infeasible   57      4.2704e+07 2.3489e+07  45.0%  90.5 3435s
 813226 79021 3.4408e+07   71   36 4.2704e+07 2.3493e+07  45.0%  90.5 3440s
 814140 78916 infeasible   63      4.2704e+07 2.3496e+07  45.0%  90.5 3445s
 815035 78871 2.3664e+07   56   35 4.2704e+07 2.3498e+07  45.0%  90.5 3450s
 815862 78787 infeasible   70      4.2704e+07 2.3501e+07  45.0%  90.5 3455s
 816802 78656 3.4912e+07   73   87 4.2704e+07 2.3505e+07  45.0%  90.5 3460s
 817955 78555 3.4391e+07   63   64 4.2704e+07 2.3508e+07  45.0%  90.5 3465s
 819088 78490     cutoff   68      4.2704e+07 2.3512e+07  44.9%  90.5 3470s
 820210 78398 3.3353e+07   58    5 4.2704e+07 2.3516e+07  44.9%  90.5 3475s
 821181 78263 3.3857e+07   62   77 4.2704e+07 2.3519e+07  44.9%  90.6 3480s
 822236 78205 3.6770e+07   77   85 4.2704e+07 2.3522e+07  44.9%  90.6 3485s
 823490 78095 2.3775e+07   60   91 4.2704e+07 2.3526e+07  44.9%  90.6 3490s
 824820 77953     cutoff   69      4.2704e+07 2.3531e+07  44.9%  90.6 3495s
 825720 77850 infeasible   72      4.2704e+07 2.3534e+07  44.9%  90.6 3500s
 826953 77702     cutoff   80      4.2704e+07 2.3539e+07  44.9%  90.6 3505s
 828071 77613 infeasible   69      4.2704e+07 2.3543e+07  44.9%  90.7 3510s
 829352 77503 infeasible   71      4.2704e+07 2.3547e+07  44.9%  90.7 3515s
 830489 77410 infeasible   67      4.2704e+07 2.3551e+07  44.8%  90.7 3520s
 831610 77297 3.6577e+07   73   81 4.2704e+07 2.3556e+07  44.8%  90.7 3525s
 832653 77174     cutoff   60      4.2704e+07 2.3560e+07  44.8%  90.7 3530s
 833984 77023 infeasible   57      4.2704e+07 2.3565e+07  44.8%  90.7 3535s
 835147 76890 2.3688e+07   72   62 4.2704e+07 2.3569e+07  44.8%  90.7 3540s
 836408 76741     cutoff   76      4.2704e+07 2.3573e+07  44.8%  90.7 3545s
 837513 76647 3.5973e+07   63   56 4.2704e+07 2.3577e+07  44.8%  90.8 3550s
 838685 76527     cutoff   75      4.2704e+07 2.3581e+07  44.8%  90.8 3555s
 839936 76339 3.4292e+07   61   95 4.2704e+07 2.3586e+07  44.8%  90.8 3560s
 840929 76225 3.4154e+07   63   46 4.2704e+07 2.3591e+07  44.8%  90.8 3565s
 842048 76108     cutoff   74      4.2704e+07 2.3595e+07  44.7%  90.8 3570s
 843182 75968 3.3283e+07   59   48 4.2704e+07 2.3599e+07  44.7%  90.8 3575s
 844487 75826 2.6964e+07   70   58 4.2704e+07 2.3605e+07  44.7%  90.8 3580s
 845615 75699 2.4591e+07   57   84 4.2704e+07 2.3610e+07  44.7%  90.8 3585s
 846730 75579     cutoff   78      4.2704e+07 2.3614e+07  44.7%  90.8 3590s
 848002 75456     cutoff   52      4.2704e+07 2.3619e+07  44.7%  90.9 3595s
 848714 75328 infeasible   55      4.2704e+07 2.3623e+07  44.7%  90.9 3600s
 849771 75202 infeasible   66      4.2704e+07 2.3628e+07  44.7%  90.9 3605s
 850816 75043 2.6691e+07   54   92 4.2704e+07 2.3633e+07  44.7%  90.9 3610s
 852037 74940 2.4206e+07   75   89 4.2704e+07 2.3638e+07  44.6%  90.9 3615s
 853143 74797 3.5381e+07   68   86 4.2704e+07 2.3643e+07  44.6%  90.9 3620s
 854277 74651 3.5442e+07   71   54 4.2704e+07 2.3648e+07  44.6%  90.9 3625s
 855682 74532     cutoff   82      4.2704e+07 2.3654e+07  44.6%  90.9 3630s
 856853 74387 2.4698e+07   58   58 4.2704e+07 2.3660e+07  44.6%  91.0 3635s
 857951 74272 2.7847e+07   70   83 4.2704e+07 2.3665e+07  44.6%  91.0 3640s
 859115 74171     cutoff   58      4.2704e+07 2.3671e+07  44.6%  91.0 3645s
 860214 74048     cutoff   67      4.2704e+07 2.3675e+07  44.6%  91.0 3650s
 861505 73875     cutoff   78      4.2704e+07 2.3682e+07  44.5%  91.0 3655s
 862620 73738     cutoff   56      4.2704e+07 2.3688e+07  44.5%  91.0 3660s
 863350 73655 2.7921e+07   70   70 4.2704e+07 2.3691e+07  44.5%  91.0 3665s
 864216 73504 2.4370e+07   66   92 4.2704e+07 2.3696e+07  44.5%  91.0 3670s
 864982 73425 3.7479e+07   71   62 4.2704e+07 2.3699e+07  44.5%  91.0 3675s
 865897 73317 2.5824e+07   56   85 4.2704e+07 2.3703e+07  44.5%  91.1 3681s
 866594 73245     cutoff   73      4.2704e+07 2.3707e+07  44.5%  91.1 3685s
 867261 73185 3.4716e+07   66   49 4.2704e+07 2.3710e+07  44.5%  91.1 3690s
 868219 73090 2.4061e+07   66  112 4.2704e+07 2.3715e+07  44.5%  91.1 3696s
 868891 73004 infeasible   75      4.2704e+07 2.3719e+07  44.5%  91.1 3700s
 869749 72904 infeasible   71      4.2704e+07 2.3723e+07  44.4%  91.1 3705s
 870488 72810 3.5462e+07   66   75 4.2704e+07 2.3728e+07  44.4%  91.1 3710s
 871654 72712 3.3485e+07   62   47 4.2704e+07 2.3733e+07  44.4%  91.1 3715s
 872917 72552 3.3180e+07   69   60 4.2704e+07 2.3740e+07  44.4%  91.1 3720s
 874003 72389 2.6467e+07   59   76 4.2704e+07 2.3746e+07  44.4%  91.1 3725s
 875099 72265 infeasible   64      4.2704e+07 2.3751e+07  44.4%  91.2 3730s
 876199 72123 2.5251e+07   73   58 4.2704e+07 2.3758e+07  44.4%  91.2 3735s
 877500 71933 3.4237e+07   74   76 4.2704e+07 2.3766e+07  44.3%  91.2 3740s
 878546 71809 3.4043e+07   65   50 4.2704e+07 2.3773e+07  44.3%  91.2 3745s
 879749 71643 infeasible   67      4.2704e+07 2.3780e+07  44.3%  91.2 3750s
 880854 71491     cutoff   67      4.2704e+07 2.3787e+07  44.3%  91.2 3755s
 882002 71378 infeasible   69      4.2704e+07 2.3795e+07  44.3%  91.2 3760s
 883197 71190 3.5205e+07   60   46 4.2704e+07 2.3804e+07  44.3%  91.3 3765s
 884224 71109 3.3301e+07   65   66 4.2704e+07 2.3810e+07  44.2%  91.3 3770s
 885338 70949     cutoff   56      4.2704e+07 2.3818e+07  44.2%  91.3 3775s
 886599 70817 3.4790e+07   65   41 4.2704e+07 2.3826e+07  44.2%  91.3 3780s
 887647 70668 3.3784e+07   70   39 4.2704e+07 2.3833e+07  44.2%  91.3 3785s
 888757 70513 infeasible   69      4.2704e+07 2.3841e+07  44.2%  91.3 3790s
 889771 70365 2.4508e+07   51   85 4.2704e+07 2.3849e+07  44.2%  91.3 3795s
 890941 70229 3.3131e+07   47   59 4.2704e+07 2.3858e+07  44.1%  91.3 3800s
 892301 70085     cutoff   81      4.2704e+07 2.3867e+07  44.1%  91.4 3805s
 893386 69921 infeasible   69      4.2704e+07 2.3875e+07  44.1%  91.4 3810s
 894384 69784     cutoff   64      4.2704e+07 2.3883e+07  44.1%  91.4 3815s
 895635 69629 infeasible   61      4.2704e+07 2.3893e+07  44.0%  91.4 3820s
 896807 69497 2.4306e+07   57   61 4.2704e+07 2.3902e+07  44.0%  91.4 3825s
 897845 69347 2.4701e+07   69   88 4.2704e+07 2.3910e+07  44.0%  91.4 3830s
 898965 69256     cutoff   65      4.2704e+07 2.3918e+07  44.0%  91.4 3835s
 900183 69113     cutoff   66      4.2704e+07 2.3927e+07  44.0%  91.5 3840s
 901295 68986 2.4789e+07   75   65 4.2704e+07 2.3936e+07  43.9%  91.5 3845s
 902363 68842 infeasible   74      4.2704e+07 2.3947e+07  43.9%  91.5 3850s
 903553 68644     cutoff   54      4.2704e+07 2.3958e+07  43.9%  91.5 3855s
 904591 68495 infeasible   57      4.2704e+07 2.3968e+07  43.9%  91.5 3860s
 905591 68355     cutoff   66      4.2704e+07 2.3975e+07  43.9%  91.5 3865s
 906625 68251     cutoff   58      4.2704e+07 2.3984e+07  43.8%  91.5 3870s
 907820 68139 infeasible   68      4.2704e+07 2.3993e+07  43.8%  91.5 3875s
 909126 67985 infeasible   61      4.2704e+07 2.4005e+07  43.8%  91.6 3880s
 910218 67864 infeasible   66      4.2704e+07 2.4014e+07  43.8%  91.6 3885s
 911344 67733 3.3210e+07   68   50 4.2704e+07 2.4024e+07  43.7%  91.6 3890s
 912293 67590 3.4261e+07   63   34 4.2704e+07 2.4032e+07  43.7%  91.6 3895s
 913627 67405 2.5820e+07   69   77 4.2704e+07 2.4046e+07  43.7%  91.6 3900s
 914539 67264 2.5148e+07   65   63 4.2704e+07 2.4055e+07  43.7%  91.6 3905s
 915508 67119 2.6972e+07   79   84 4.2704e+07 2.4066e+07  43.6%  91.6 3910s
 916593 66976 infeasible   73      4.2704e+07 2.4076e+07  43.6%  91.6 3915s
 917785 66854 2.4286e+07   69   89 4.2704e+07 2.4086e+07  43.6%  91.6 3920s
 919153 66688 3.3170e+07   54   50 4.2704e+07 2.4097e+07  43.6%  91.6 3925s
 920311 66549 infeasible   77      4.2704e+07 2.4109e+07  43.5%  91.6 3930s
 921339 66407 3.1162e+07   56   84 4.2704e+07 2.4122e+07  43.5%  91.7 3935s
 922628 66230 3.6958e+07   76   76 4.2704e+07 2.4133e+07  43.5%  91.7 3940s
 923692 66123 infeasible   64      4.2704e+07 2.4144e+07  43.5%  91.7 3945s
 925017 65960 3.3456e+07   65   23 4.2704e+07 2.4159e+07  43.4%  91.7 3950s
 926172 65820 3.4053e+07   67   74 4.2704e+07 2.4172e+07  43.4%  91.7 3955s
 927366 65727     cutoff   77      4.2704e+07 2.4185e+07  43.4%  91.7 3960s
 928528 65608 infeasible   73      4.2704e+07 2.4197e+07  43.3%  91.7 3965s
 929796 65419 infeasible   73      4.2704e+07 2.4213e+07  43.3%  91.7 3970s
 930857 65270     cutoff   57      4.2704e+07 2.4226e+07  43.3%  91.7 3975s
 932001 65116     cutoff   82      4.2704e+07 2.4243e+07  43.2%  91.7 3980s
 933113 64970 2.4316e+07   61   62 4.2704e+07 2.4258e+07  43.2%  91.7 3985s
 934256 64865     cutoff   62      4.2704e+07 2.4271e+07  43.2%  91.8 3990s
 935418 64719     cutoff   60      4.2704e+07 2.4284e+07  43.1%  91.8 3995s
 936411 64544 infeasible   64      4.2704e+07 2.4301e+07  43.1%  91.8 4000s
 937710 64410 3.3609e+07   54   53 4.2704e+07 2.4317e+07  43.1%  91.8 4005s
 938801 64257 infeasible   57      4.2704e+07 2.4331e+07  43.0%  91.8 4010s
 939942 64104 3.4654e+07   62   47 4.2704e+07 2.4349e+07  43.0%  91.8 4015s
 940887 64027     cutoff   65      4.2704e+07 2.4360e+07  43.0%  91.8 4020s
 941962 63903 3.4425e+07   74   84 4.2704e+07 2.4376e+07  42.9%  91.8 4025s
 943122 63780     cutoff   67      4.2704e+07 2.4393e+07  42.9%  91.8 4030s
 944251 63675 infeasible   72      4.2704e+07 2.4409e+07  42.8%  91.8 4035s
 945425 63593     cutoff   72      4.2704e+07 2.4424e+07  42.8%  91.8 4040s
 946444 63453     cutoff   59      4.2704e+07 2.4439e+07  42.8%  91.8 4045s
 947565 63296 3.3178e+07   75   75 4.2704e+07 2.4457e+07  42.7%  91.8 4050s
 948706 63200 3.2948e+07   65   36 4.2704e+07 2.4471e+07  42.7%  91.9 4055s
 949901 63097     cutoff   59      4.2704e+07 2.4491e+07  42.6%  91.9 4060s
 950910 63010 2.4505e+07   52   47 4.2704e+07 2.4505e+07  42.6%  91.9 4065s
 951878 62950 3.6662e+07   73   71 4.2704e+07 2.4522e+07  42.6%  91.9 4070s
 953035 62867 3.4189e+07   78   70 4.2704e+07 2.4538e+07  42.5%  91.9 4075s
 954166 62710     cutoff   64      4.2704e+07 2.4556e+07  42.5%  91.9 4080s
 955164 62602     cutoff   55      4.2704e+07 2.4574e+07  42.5%  91.9 4085s
 956388 62497 3.4837e+07   50   80 4.2704e+07 2.4591e+07  42.4%  91.9 4090s
 957459 62355 3.3648e+07   68   54 4.2704e+07 2.4609e+07  42.4%  91.9 4095s
 958540 62253 3.5465e+07   80   59 4.2704e+07 2.4626e+07  42.3%  91.9 4100s
 959673 62139 infeasible   68      4.2704e+07 2.4647e+07  42.3%  91.9 4105s
 960681 62028 3.3674e+07   62   34 4.2704e+07 2.4661e+07  42.2%  91.9 4110s
 961856 61888     cutoff   53      4.2704e+07 2.4681e+07  42.2%  91.9 4115s
 962715 61820     cutoff   67      4.2704e+07 2.4693e+07  42.2%  91.9 4120s
 963756 61660 2.4887e+07   53   69 4.2704e+07 2.4714e+07  42.1%  91.9 4125s
 964938 61535 infeasible   75      4.2704e+07 2.4732e+07  42.1%  91.9 4130s
 966233 61372 3.5395e+07   71   71 4.2704e+07 2.4755e+07  42.0%  91.9 4135s
 967321 61201 3.3242e+07   57   60 4.2704e+07 2.4777e+07  42.0%  92.0 4140s
 968441 61094 3.3543e+07   60   54 4.2704e+07 2.4797e+07  41.9%  92.0 4145s
 969502 60921 3.5645e+07   62   45 4.2704e+07 2.4819e+07  41.9%  92.0 4150s
 970675 60821     cutoff   62      4.2704e+07 2.4838e+07  41.8%  92.0 4155s
 971787 60649 infeasible   69      4.2704e+07 2.4861e+07  41.8%  92.0 4160s
 973088 60451 infeasible   61      4.2704e+07 2.4889e+07  41.7%  92.0 4165s
 974132 60272 infeasible   59      4.2704e+07 2.4917e+07  41.7%  92.0 4170s
 975216 60107 3.3372e+07   59   60 4.2704e+07 2.4940e+07  41.6%  92.0 4175s
 976347 60009 2.8264e+07   55   40 4.2704e+07 2.4960e+07  41.6%  92.0 4180s
 977484 59897 2.6595e+07   49   59 4.2704e+07 2.4982e+07  41.5%  92.0 4185s
 978479 59815 infeasible   55      4.2704e+07 2.4998e+07  41.5%  92.0 4190s
 979723 59677     cutoff   62      4.2704e+07 2.5026e+07  41.4%  92.0 4195s
 981043 59558 3.3678e+07   68   46 4.2704e+07 2.5051e+07  41.3%  92.0 4200s
 982231 59412 2.9186e+07   71   56 4.2704e+07 2.5074e+07  41.3%  92.0 4206s
 983219 59343 3.3923e+07   61   68 4.2704e+07 2.5094e+07  41.2%  92.0 4210s
 984356 59242 infeasible   68      4.2704e+07 2.5114e+07  41.2%  92.0 4215s
 985581 59126 infeasible   65      4.2704e+07 2.5137e+07  41.1%  92.0 4220s
 986811 59000 2.5470e+07   57   79 4.2704e+07 2.5162e+07  41.1%  92.0 4225s
 987701 58856 3.3329e+07   57   54 4.2704e+07 2.5183e+07  41.0%  92.0 4230s
 989087 58643 3.4740e+07   69   67 4.2704e+07 2.5218e+07  40.9%  92.0 4235s
 989914 58559     cutoff   66      4.2704e+07 2.5236e+07  40.9%  92.0 4240s
 991063 58374     cutoff   76      4.2704e+07 2.5265e+07  40.8%  92.0 4245s
 992226 58201 2.8267e+07   73   45 4.2704e+07 2.5294e+07  40.8%  92.0 4250s
 993447 58078 3.3475e+07   64   63 4.2704e+07 2.5321e+07  40.7%  92.0 4255s
 994554 57914 2.5347e+07   73   90 4.2704e+07 2.5347e+07  40.6%  92.0 4260s
 995736 57734 3.3502e+07   67   46 4.2704e+07 2.5382e+07  40.6%  92.0 4265s
 996846 57549     cutoff   63      4.2704e+07 2.5410e+07  40.5%  92.0 4270s
 997965 57375 infeasible   70      4.2704e+07 2.5442e+07  40.4%  92.0 4275s
 998943 57236 infeasible   56      4.2704e+07 2.5469e+07  40.4%  92.0 4280s
 999973 57129 2.6837e+07   62   66 4.2704e+07 2.5492e+07  40.3%  92.0 4287s
 1000641 57007 infeasible   60      4.2704e+07 2.5512e+07  40.3%  92.0 4290s
 1001667 56822     cutoff   62      4.2704e+07 2.5544e+07  40.2%  92.0 4295s
 1002832 56663 infeasible   72      4.2704e+07 2.5577e+07  40.1%  92.0 4300s
 1003992 56495 3.3387e+07   67   60 4.2704e+07 2.5614e+07  40.0%  92.0 4305s
 1005094 56359 infeasible   68      4.2704e+07 2.5645e+07  39.9%  92.0 4310s
 1006386 56153 3.9662e+07   59   79 4.2704e+07 2.5682e+07  39.9%  92.0 4315s
 1007440 55971 3.5033e+07   65   68 4.2704e+07 2.5717e+07  39.8%  92.0 4320s
 1008481 55777 infeasible   53      4.2704e+07 2.5757e+07  39.7%  92.0 4325s
 1009747 55561     cutoff   57      4.2704e+07 2.5800e+07  39.6%  92.0 4330s
 1010714 55412 infeasible   62      4.2704e+07 2.5834e+07  39.5%  92.0 4335s
 1011503 55254 3.3836e+07   64   50 4.2704e+07 2.5865e+07  39.4%  92.1 4340s
 1012843 55059 infeasible   59      4.2704e+07 2.5912e+07  39.3%  92.1 4345s
 1013915 54883 3.3349e+07   70   60 4.2704e+07 2.5952e+07  39.2%  92.1 4350s
 1015129 54650 3.0675e+07   74   70 4.2704e+07 2.6006e+07  39.1%  92.1 4355s
 1016462 54421 3.9111e+07   59   64 4.2704e+07 2.6056e+07  39.0%  92.1 4360s
 1017560 54221 3.5244e+07   64   43 4.2704e+07 2.6102e+07  38.9%  92.0 4365s
 1018658 54091     cutoff   65      4.2704e+07 2.6143e+07  38.8%  92.1 4370s
 1019993 53900 infeasible   60      4.2704e+07 2.6199e+07  38.6%  92.0 4375s
 1021027 53749 2.6243e+07   48   79 4.2704e+07 2.6243e+07  38.5%  92.1 4380s
 1022347 53534     cutoff   61      4.2704e+07 2.6297e+07  38.4%  92.0 4385s
 1023595 53318 3.3721e+07   83   68 4.2704e+07 2.6355e+07  38.3%  92.0 4390s
 1024824 53075     cutoff   67      4.2704e+07 2.6420e+07  38.1%  92.0 4395s
 1026010 52860 infeasible   65      4.2704e+07 2.6480e+07  38.0%  92.0 4400s
 1027289 52642 3.5938e+07   67   85 4.2704e+07 2.6547e+07  37.8%  92.0 4405s
 1028209 52433 3.3191e+07   65   51 4.2704e+07 2.6598e+07  37.7%  92.0 4410s
 1029439 52203     cutoff   67      4.2704e+07 2.6668e+07  37.6%  92.0 4415s
 1030585 51961 3.3553e+07   57   29 4.2704e+07 2.6740e+07  37.4%  92.0 4420s
 1031679 51786 3.3117e+07   66   40 4.2704e+07 2.6794e+07  37.3%  92.0 4425s
 1032818 51534 3.3363e+07   77   47 4.2704e+07 2.6872e+07  37.1%  92.0 4430s
 1033919 51292 2.9916e+07   67   74 4.2704e+07 2.6943e+07  36.9%  92.1 4435s
 1035252 51028 3.3591e+07   65   63 4.2704e+07 2.7026e+07  36.7%  92.1 4440s
 1036385 50792 3.2984e+07   66   33 4.2704e+07 2.7103e+07  36.5%  92.1 4445s
 1037422 50579     cutoff   64      4.2704e+07 2.7173e+07  36.4%  92.1 4450s
 1038676 50378     cutoff   55      4.2704e+07 2.7252e+07  36.2%  92.1 4455s
 1039662 50193     cutoff   59      4.2704e+07 2.7318e+07  36.0%  92.1 4460s
 1040849 49947 3.5189e+07   67   67 4.2704e+07 2.7397e+07  35.8%  92.1 4465s
 1042062 49724 infeasible   60      4.2704e+07 2.7481e+07  35.6%  92.1 4470s
 1043173 49480     cutoff   62      4.2704e+07 2.7562e+07  35.5%  92.1 4475s
 1044236 49421 infeasible   61      4.2704e+07 2.7618e+07  35.3%  92.0 4480s
 1045401 49258 3.2752e+07   59   49 4.2704e+07 2.7676e+07  35.2%  92.0 4485s
 1046588 49104     cutoff   60      4.2704e+07 2.7744e+07  35.0%  92.0 4490s
 1047758 48952 3.2914e+07   59   32 4.2704e+07 2.7806e+07  34.9%  92.0 4495s
 1048935 48814     cutoff   59      4.2704e+07 2.7863e+07  34.8%  92.0 4500s
 1050108 48683 3.7807e+07   64   44 4.2704e+07 2.7936e+07  34.6%  92.0 4505s
 1051366 48479 3.3221e+07   79   42 4.2704e+07 2.8010e+07  34.4%  92.0 4510s
 1052445 48324 3.3181e+07   66   43 4.2704e+07 2.8073e+07  34.3%  92.0 4515s
 1053719 48093 infeasible   73      4.2704e+07 2.8157e+07  34.1%  92.0 4520s
 1054777 47904 infeasible   73      4.2704e+07 2.8239e+07  33.9%  92.0 4525s
 1055861 47757 3.0413e+07   65   87 4.2704e+07 2.8297e+07  33.7%  92.0 4530s
 1057077 47528 3.4725e+07   71   78 4.2704e+07 2.8384e+07  33.5%  92.0 4535s
 1058230 47299 2.8489e+07   68   51 4.2704e+07 2.8488e+07  33.3%  92.0 4540s
 1059569 47022 3.3410e+07   73   63 4.2704e+07 2.8602e+07  33.0%  92.0 4545s
 1060934 46759 3.4950e+07   70   91 4.2704e+07 2.8718e+07  32.8%  92.0 4550s
 1061996 46556 3.4286e+07   70   73 4.2704e+07 2.8809e+07  32.5%  92.0 4555s
 1063155 46269     cutoff   69      4.2704e+07 2.8946e+07  32.2%  92.0 4560s
 1064240 46019 3.3652e+07   62   61 4.2704e+07 2.9056e+07  32.0%  92.0 4565s
 1065222 45788 3.3335e+07   73   48 4.2704e+07 2.9172e+07  31.7%  92.0 4570s
 1066454 45573 3.3115e+07   59   28 4.2704e+07 2.9295e+07  31.4%  92.0 4575s
 1067591 45352 3.3558e+07   67   39 4.2704e+07 2.9409e+07  31.1%  92.0 4580s
 1068703 45142 3.3597e+07   77   48 4.2704e+07 2.9534e+07  30.8%  92.0 4585s
 1069692 44977 3.3494e+07   77   23 4.2704e+07 2.9640e+07  30.6%  92.0 4590s
 1070638 44767 3.4702e+07   68   71 4.2704e+07 2.9730e+07  30.4%  92.0 4595s
 1071396 44587 3.3433e+07   68   68 4.2704e+07 2.9813e+07  30.2%  92.0 4600s
 1072196 44435     cutoff   69      4.2704e+07 2.9909e+07  30.0%  92.0 4605s
 1073034 44299 3.3551e+07   74   95 4.2704e+07 3.0001e+07  29.7%  92.0 4610s
 1073825 44153 3.3519e+07   65   84 4.2704e+07 3.0092e+07  29.5%  92.0 4615s
 1074720 43990 infeasible   71      4.2704e+07 3.0179e+07  29.3%  92.0 4620s
 1075503 43853 3.3148e+07   64   44 4.2704e+07 3.0262e+07  29.1%  92.0 4625s
 1076467 43717 3.2875e+07   55   34 4.2704e+07 3.0348e+07  28.9%  92.0 4630s
 1077370 43553 3.7778e+07   68   27 4.2704e+07 3.0424e+07  28.8%  92.0 4635s
 1078276 43422 infeasible   72      4.2704e+07 3.0516e+07  28.5%  92.0 4640s
 1079246 43242     cutoff   64      4.2704e+07 3.0622e+07  28.3%  92.0 4645s
 1080041 43071 3.3570e+07   64   56 4.2704e+07 3.0712e+07  28.1%  92.0 4651s
 1080861 42917     cutoff   66      4.2704e+07 3.0805e+07  27.9%  92.0 4655s
 1081625 42780     cutoff   66      4.2704e+07 3.0898e+07  27.6%  92.0 4660s
 1082536 42562 3.6096e+07   59   84 4.2704e+07 3.1012e+07  27.4%  92.0 4665s
 1083328 42394 3.3790e+07   84   69 4.2704e+07 3.1104e+07  27.2%  92.0 4670s
 1084353 42227 3.3769e+07   70   77 4.2704e+07 3.1212e+07  26.9%  92.0 4675s
 1085174 42095 3.3675e+07   59   73 4.2704e+07 3.1312e+07  26.7%  92.0 4680s
 1086201 41932 3.5712e+07   64   54 4.2704e+07 3.1421e+07  26.4%  92.0 4686s
 1086943 41849 3.1673e+07   63   41 4.2704e+07 3.1492e+07  26.3%  92.0 4690s
 1087818 41702 3.2678e+07   52   63 4.2704e+07 3.1585e+07  26.0%  92.0 4695s
 1088725 41579 3.3103e+07   61   45 4.2704e+07 3.1679e+07  25.8%  92.0 4700s
 1089626 41455 3.3507e+07   63   18 4.2704e+07 3.1768e+07  25.6%  92.0 4706s
 1090521 41357 3.3421e+07   72   48 4.2704e+07 3.1845e+07  25.4%  92.0 4710s
 1091260 41239 3.3103e+07   57   40 4.2704e+07 3.1911e+07  25.3%  92.0 4715s
 1092270 41073 3.3536e+07   60   39 4.2704e+07 3.2020e+07  25.0%  92.0 4721s
 1093141 40933 3.3597e+07   59   54 4.2704e+07 3.2098e+07  24.8%  91.9 4726s
 1093928 40839 3.3249e+07   67   35 4.2704e+07 3.2154e+07  24.7%  91.9 4730s
 1094855 40700 3.2798e+07   55   56 4.2704e+07 3.2235e+07  24.5%  91.9 4735s
 1095808 40623 3.2401e+07   43    9 4.2704e+07 3.2311e+07  24.3%  91.9 4740s
 1096658 40568 3.3320e+07   74   49 4.2704e+07 3.2365e+07  24.2%  91.9 4745s
 1097437 40517 infeasible   59      4.2704e+07 3.2414e+07  24.1%  91.9 4750s
 1098363 40517 3.2472e+07   54   30 4.2704e+07 3.2464e+07  24.0%  91.9 4755s
 1099665 40521 3.2512e+07   62   18 4.2704e+07 3.2507e+07  23.9%  91.9 4761s
 1100765 40591 3.2821e+07   52   38 4.2704e+07 3.2540e+07  23.8%  91.9 4766s
 1101761 40568 3.2562e+07   53   11 4.2704e+07 3.2562e+07  23.7%  91.9 4771s
 1102591 40590 3.3052e+07   59   31 4.2704e+07 3.2581e+07  23.7%  91.9 4775s
 1103578 40609 3.2609e+07   60   24 4.2704e+07 3.2599e+07  23.7%  91.9 4780s
 1104642 40672     cutoff   59      4.2704e+07 3.2614e+07  23.6%  91.8 4786s
 1105768 40740 infeasible   77      4.2704e+07 3.2630e+07  23.6%  91.8 4790s
 1106676 40785 infeasible   63      4.2704e+07 3.2643e+07  23.6%  91.8 4795s
 1107975 40920 infeasible   60      4.2704e+07 3.2655e+07  23.5%  91.8 4800s
 1109098 40937 3.3202e+07   62   12 4.2704e+07 3.2668e+07  23.5%  91.8 4805s
 1110390 41027 3.2932e+07   64   22 4.2704e+07 3.2681e+07  23.5%  91.8 4810s
 1111724 41113 3.2718e+07   56   32 4.2704e+07 3.2693e+07  23.4%  91.8 4815s
 1112983 41163 3.2712e+07   58   13 4.2704e+07 3.2706e+07  23.4%  91.8 4820s
 1114278 41233 infeasible   57      4.2704e+07 3.2715e+07  23.4%  91.8 4825s
 1115564 41274 3.2910e+07   66   21 4.2704e+07 3.2726e+07  23.4%  91.8 4830s
 1116688 41280 infeasible   65      4.2704e+07 3.2736e+07  23.3%  91.8 4835s
 1118103 41248 3.2863e+07   61   36 4.2704e+07 3.2746e+07  23.3%  91.8 4840s
 1119314 41274     cutoff   83      4.2704e+07 3.2753e+07  23.3%  91.8 4845s
 1120578 41292 3.2963e+07   75   13 4.2704e+07 3.2760e+07  23.3%  91.8 4850s
 1121784 41323 3.3135e+07   67   40 4.2704e+07 3.2768e+07  23.3%  91.8 4855s
 1123014 41375 3.2992e+07   64   27 4.2704e+07 3.2775e+07  23.3%  91.8 4860s
 1124356 41327 infeasible   65      4.2704e+07 3.2783e+07  23.2%  91.8 4865s
 1125420 41334     cutoff   63      4.2704e+07 3.2790e+07  23.2%  91.8 4870s
 1126522 41387 infeasible   58      4.2704e+07 3.2795e+07  23.2%  91.8 4875s
 1127728 41388 3.2929e+07   61   62 4.2704e+07 3.2801e+07  23.2%  91.8 4880s
 1128975 41467 3.2807e+07   53   29 4.2704e+07 3.2807e+07  23.2%  91.8 4885s
 1130134 41431 infeasible   71      4.2704e+07 3.2812e+07  23.2%  91.8 4890s
 1131349 41443 3.3194e+07   61   62 4.2704e+07 3.2817e+07  23.2%  91.8 4895s
 1132506 41395 3.2840e+07   75   19 4.2704e+07 3.2822e+07  23.1%  91.8 4900s
 1133857 41429     cutoff   54      4.2704e+07 3.2827e+07  23.1%  91.8 4905s
 1134980 41458 3.2900e+07   62   26 4.2704e+07 3.2832e+07  23.1%  91.8 4910s
 1136080 41406 infeasible   53      4.2704e+07 3.2836e+07  23.1%  91.8 4915s
 1137441 41404 3.3116e+07   59   12 4.2704e+07 3.2842e+07  23.1%  91.8 4922s
 1137974 41401 3.3053e+07   55   23 4.2704e+07 3.2844e+07  23.1%  91.8 4925s
 1139042 41368 3.2865e+07   54   29 4.2704e+07 3.2849e+07  23.1%  91.8 4930s
 1140368 41336     cutoff   88      4.2704e+07 3.2854e+07  23.1%  91.8 4935s
 1141529 41328 infeasible   62      4.2704e+07 3.2858e+07  23.1%  91.8 4940s
 1142700 41313 infeasible   49      4.2704e+07 3.2862e+07  23.0%  91.8 4945s
 1143822 41304 3.3112e+07   51   17 4.2704e+07 3.2866e+07  23.0%  91.8 4950s
 1145208 41298 3.2976e+07   78   11 4.2704e+07 3.2871e+07  23.0%  91.8 4955s
 1146349 41273 3.2916e+07   62   27 4.2704e+07 3.2875e+07  23.0%  91.7 4960s
 1147691 41250 infeasible   59      4.2704e+07 3.2879e+07  23.0%  91.7 4965s
 1148799 41236     cutoff   66      4.2704e+07 3.2883e+07  23.0%  91.7 4970s
 1149936 41235 infeasible   62      4.2704e+07 3.2887e+07  23.0%  91.7 4975s
 1151250 41213 3.3794e+07   84   64 4.2704e+07 3.2891e+07  23.0%  91.7 4980s
 1152298 41192 3.2952e+07   63   17 4.2704e+07 3.2895e+07  23.0%  91.7 4985s
 1153685 41162 infeasible   57      4.2704e+07 3.2899e+07  23.0%  91.7 4990s
 1154691 41135 3.2925e+07   68   37 4.2704e+07 3.2902e+07  23.0%  91.7 4995s
 1155926 41081 infeasible   64      4.2704e+07 3.2906e+07  22.9%  91.7 5000s
 1157190 41055 3.3110e+07   61   28 4.2704e+07 3.2910e+07  22.9%  91.7 5005s
 1158129 40968 3.2989e+07   58   10 4.2704e+07 3.2914e+07  22.9%  91.7 5010s
 1159323 40891 infeasible   63      4.2704e+07 3.2918e+07  22.9%  91.8 5015s
 1160480 40790 3.2922e+07   63   34 4.2704e+07 3.2922e+07  22.9%  91.8 5020s
 1161707 40733 3.3216e+07   62   27 4.2704e+07 3.2926e+07  22.9%  91.8 5025s
 1162927 40624 3.3058e+07   53   27 4.2704e+07 3.2930e+07  22.9%  91.8 5030s
 1164059 40609 infeasible   56      4.2704e+07 3.2934e+07  22.9%  91.8 5035s
 1165403 40471     cutoff   62      4.2704e+07 3.2938e+07  22.9%  91.8 5040s
 1166418 40407     cutoff   60      4.2704e+07 3.2941e+07  22.9%  91.8 5045s
 1167521 40314 3.4252e+07   79   47 4.2704e+07 3.2944e+07  22.9%  91.8 5050s
 1168765 40280 infeasible   61      4.2704e+07 3.2948e+07  22.8%  91.8 5055s
 1169957 40204 infeasible   48      4.2704e+07 3.2951e+07  22.8%  91.8 5060s
 1171143 40099 infeasible   57      4.2704e+07 3.2955e+07  22.8%  91.8 5065s
 1172123 40017 infeasible   61      4.2704e+07 3.2959e+07  22.8%  91.8 5070s
 1173082 39969 infeasible   72      4.2704e+07 3.2962e+07  22.8%  91.8 5075s
 1174226 39894 3.2993e+07   50   35 4.2704e+07 3.2965e+07  22.8%  91.8 5080s
 1175398 39807 3.2991e+07   62   21 4.2704e+07 3.2969e+07  22.8%  91.8 5085s
 1176661 39656 infeasible   68      4.2704e+07 3.2973e+07  22.8%  91.8 5090s
 1177723 39624 3.3145e+07   51   15 4.2704e+07 3.2976e+07  22.8%  91.8 5095s
 1178845 39522     cutoff   65      4.2704e+07 3.2979e+07  22.8%  91.8 5100s
 1179987 39436 infeasible   54      4.2704e+07 3.2983e+07  22.8%  91.8 5105s
 1180963 39356 3.3033e+07   62   42 4.2704e+07 3.2985e+07  22.8%  91.8 5110s
 1182185 39224     cutoff   67      4.2704e+07 3.2989e+07  22.7%  91.8 5115s
 1183212 39087 3.3166e+07   55   27 4.2704e+07 3.2993e+07  22.7%  91.9 5120s
 1184401 39008 3.3094e+07   64   35 4.2704e+07 3.2996e+07  22.7%  91.9 5125s
 1185406 38878 infeasible   55      4.2704e+07 3.2999e+07  22.7%  91.9 5130s
 1186414 38747 3.3006e+07   70   16 4.2704e+07 3.3002e+07  22.7%  91.9 5135s
 1187675 38620 infeasible   66      4.2704e+07 3.3006e+07  22.7%  91.9 5140s
 1188707 38518 infeasible   60      4.2704e+07 3.3009e+07  22.7%  91.9 5145s
 1189654 38432 infeasible   69      4.2704e+07 3.3012e+07  22.7%  91.9 5150s
 1190816 38351 3.3015e+07   50   12 4.2704e+07 3.3015e+07  22.7%  91.9 5155s
 1191904 38285 3.3154e+07   58   27 4.2704e+07 3.3018e+07  22.7%  91.9 5160s
 1193055 38201 infeasible   68      4.2704e+07 3.3021e+07  22.7%  91.9 5165s
 1194189 38106 3.3169e+07   57   64 4.2704e+07 3.3025e+07  22.7%  91.9 5170s
 1195320 38011 infeasible   58      4.2704e+07 3.3028e+07  22.7%  91.9 5175s
 1196205 37932 infeasible   62      4.2704e+07 3.3030e+07  22.7%  91.9 5180s
 1197355 37833 3.3033e+07   55   28 4.2704e+07 3.3033e+07  22.6%  91.9 5185s
 1198506 37739 infeasible   61      4.2704e+07 3.3036e+07  22.6%  91.9 5190s
 1199606 37623 infeasible   49      4.2704e+07 3.3039e+07  22.6%  91.9 5195s
 1200689 37512     cutoff   52      4.2704e+07 3.3042e+07  22.6%  91.9 5200s
 1201741 37401 infeasible   60      4.2704e+07 3.3045e+07  22.6%  91.9 5205s
 1202848 37242 infeasible   62      4.2704e+07 3.3049e+07  22.6%  91.9 5210s
 1203680 37176 infeasible   52      4.2704e+07 3.3051e+07  22.6%  91.9 5215s
 1204830 37064 infeasible   47      4.2704e+07 3.3054e+07  22.6%  91.9 5220s
 1206096 36919 infeasible   62      4.2704e+07 3.3057e+07  22.6%  91.9 5225s
 1207070 36768 infeasible   59      4.2704e+07 3.3060e+07  22.6%  92.0 5230s
 1208180 36658     cutoff   62      4.2704e+07 3.3063e+07  22.6%  92.0 5235s
 1209174 36536 infeasible   54      4.2704e+07 3.3066e+07  22.6%  92.0 5240s
 1210202 36390 infeasible   66      4.2704e+07 3.3069e+07  22.6%  92.0 5245s
 1211470 36210     cutoff   52      4.2704e+07 3.3073e+07  22.6%  92.0 5251s
 1212453 36053 3.6997e+07   76   48 4.2704e+07 3.3076e+07  22.5%  92.0 5255s
 1213545 35879 3.3092e+07   70   35 4.2704e+07 3.3079e+07  22.5%  92.0 5260s
 1214503 35721 infeasible   58      4.2704e+07 3.3082e+07  22.5%  92.0 5265s
 1215562 35529 infeasible   59      4.2704e+07 3.3086e+07  22.5%  92.0 5270s
 1216609 35374 infeasible   54      4.2704e+07 3.3089e+07  22.5%  92.0 5275s
 1217629 35266 infeasible   62      4.2704e+07 3.3092e+07  22.5%  92.0 5280s
 1218445 35104 infeasible   70      4.2704e+07 3.3095e+07  22.5%  92.0 5285s
 1219329 34969     cutoff   71      4.2704e+07 3.3098e+07  22.5%  92.0 5290s
 1220400 34780 infeasible   54      4.2704e+07 3.3101e+07  22.5%  92.0 5295s
 1221496 34609 infeasible   59      4.2704e+07 3.3104e+07  22.5%  92.1 5300s
 1222515 34440 infeasible   65      4.2704e+07 3.3107e+07  22.5%  92.1 5305s
 1223578 34276     cutoff   63      4.2704e+07 3.3110e+07  22.5%  92.1 5310s
 1224470 34113 3.3341e+07   63   35 4.2704e+07 3.3113e+07  22.5%  92.1 5315s
 1225555 33912 3.3302e+07   67   47 4.2704e+07 3.3116e+07  22.5%  92.1 5320s
 1226579 33787     cutoff   58      4.2704e+07 3.3119e+07  22.4%  92.1 5325s
 1227662 33606 3.3232e+07   65   45 4.2704e+07 3.3122e+07  22.4%  92.1 5330s
 1228632 33402 infeasible   75      4.2704e+07 3.3126e+07  22.4%  92.1 5335s
 1229685 33212 infeasible   67      4.2704e+07 3.3129e+07  22.4%  92.1 5340s
 1230796 32987 infeasible   59      4.2704e+07 3.3133e+07  22.4%  92.1 5345s
 1231868 32798 infeasible   58      4.2704e+07 3.3136e+07  22.4%  92.1 5350s
 1232661 32630 3.3401e+07   51   35 4.2704e+07 3.3140e+07  22.4%  92.1 5356s
 1233536 32446 3.3191e+07   59   28 4.2704e+07 3.3143e+07  22.4%  92.2 5360s
 1234583 32251 infeasible   63      4.2704e+07 3.3146e+07  22.4%  92.2 5365s
 1235691 32106 3.3173e+07   58   48 4.2704e+07 3.3150e+07  22.4%  92.2 5370s
 1236627 32002 3.9101e+07   64   36 4.2704e+07 3.3153e+07  22.4%  92.2 5375s
 1237608 31789 3.3166e+07   54   25 4.2704e+07 3.3157e+07  22.4%  92.2 5380s
 1238730 31566 3.3169e+07   60   38 4.2704e+07 3.3161e+07  22.3%  92.2 5385s
 1239580 31442 infeasible   58      4.2704e+07 3.3164e+07  22.3%  92.2 5390s
 1240711 31197 3.3167e+07   62   49 4.2704e+07 3.3167e+07  22.3%  92.2 5395s
 1241805 31024     cutoff   61      4.2704e+07 3.3171e+07  22.3%  92.2 5400s
 1242474 30886 3.3251e+07   63   19 4.2704e+07 3.3173e+07  22.3%  92.2 5405s
 1243496 30678 3.3315e+07   69   17 4.2704e+07 3.3176e+07  22.3%  92.2 5410s
 1244634 30432 3.3366e+07   88   30 4.2704e+07 3.3181e+07  22.3%  92.2 5415s
 1245632 30236 infeasible   59      4.2704e+07 3.3185e+07  22.3%  92.2 5420s
 1246780 29980 infeasible   67      4.2704e+07 3.3189e+07  22.3%  92.3 5425s
 1247800 29782     cutoff   65      4.2704e+07 3.3193e+07  22.3%  92.3 5430s
 1248758 29577 infeasible   58      4.2704e+07 3.3197e+07  22.3%  92.3 5435s
 1249731 29406 infeasible   59      4.2704e+07 3.3201e+07  22.3%  92.3 5440s
 1250692 29134     cutoff   56      4.2704e+07 3.3205e+07  22.2%  92.3 5445s
 1251878 28931     cutoff   59      4.2704e+07 3.3209e+07  22.2%  92.3 5450s
 1252970 28637 3.3261e+07   50   27 4.2704e+07 3.3214e+07  22.2%  92.3 5455s
 1253773 28452 infeasible   53      4.2704e+07 3.3217e+07  22.2%  92.3 5460s
 1254667 28228     cutoff   71      4.2704e+07 3.3221e+07  22.2%  92.3 5465s
 1255579 27949 3.3322e+07   52   11 4.2704e+07 3.3225e+07  22.2%  92.3 5470s
 1256597 27687 3.3506e+07   55   41 4.2704e+07 3.3230e+07  22.2%  92.3 5475s
 1257694 27379 infeasible   55      4.2704e+07 3.3235e+07  22.2%  92.4 5480s
 1258515 27203 infeasible   61      4.2704e+07 3.3239e+07  22.2%  92.4 5485s
 1259335 27024 3.3303e+07   71   41 4.2704e+07 3.3242e+07  22.2%  92.4 5490s
 1260317 26774 3.3886e+07   71   87 4.2704e+07 3.3247e+07  22.1%  92.4 5495s
 1261167 26559 3.3407e+07   59   20 4.2704e+07 3.3251e+07  22.1%  92.4 5500s
 1262190 26308 infeasible   68      4.2704e+07 3.3256e+07  22.1%  92.4 5505s
 1263154 26043 infeasible   58      4.2704e+07 3.3261e+07  22.1%  92.4 5510s
 1264007 25811 3.3277e+07   54   42 4.2704e+07 3.3266e+07  22.1%  92.4 5515s
 1265027 25561 3.3271e+07   63   52 4.2704e+07 3.3271e+07  22.1%  92.4 5520s
 1265854 25327     cutoff   58      4.2704e+07 3.3275e+07  22.1%  92.4 5525s
 1266912 25100 infeasible   64      4.2704e+07 3.3280e+07  22.1%  92.4 5530s
 1267735 24863     cutoff   71      4.2704e+07 3.3285e+07  22.1%  92.4 5535s
 1268850 24552 3.3311e+07   62   32 4.2704e+07 3.3291e+07  22.0%  92.4 5540s
 1269990 24239 3.3308e+07   62   48 4.2704e+07 3.3297e+07  22.0%  92.5 5545s
 1271107 23885 infeasible   68      4.2704e+07 3.3304e+07  22.0%  92.5 5550s
 1272293 23530 infeasible   73      4.2704e+07 3.3312e+07  22.0%  92.5 5555s
 1273369 23218 3.3349e+07   70   33 4.2704e+07 3.3318e+07  22.0%  92.5 5560s
 1274380 22857 infeasible   58      4.2704e+07 3.3326e+07  22.0%  92.5 5565s
 1275514 22509 infeasible   61      4.2704e+07 3.3332e+07  21.9%  92.5 5570s
 1276436 22249 infeasible   64      4.2704e+07 3.3338e+07  21.9%  92.5 5575s
 1277491 21894 infeasible   66      4.2704e+07 3.3346e+07  21.9%  92.5 5580s
 1278523 21593 infeasible   65      4.2704e+07 3.3353e+07  21.9%  92.5 5585s
 1279606 21223 infeasible   61      4.2704e+07 3.3362e+07  21.9%  92.5 5590s
 1280729 20878 infeasible   72      4.2704e+07 3.3370e+07  21.9%  92.5 5595s
 1281853 20540 infeasible   65      4.2704e+07 3.3379e+07  21.8%  92.5 5600s
 1282876 20231 3.4026e+07   67   69 4.2704e+07 3.3388e+07  21.8%  92.5 5605s
 1283920 19919 infeasible   74      4.2704e+07 3.3397e+07  21.8%  92.5 5610s
 1285157 19533 infeasible   67      4.2704e+07 3.3407e+07  21.8%  92.5 5615s
 1286381 19098 infeasible   69      4.2704e+07 3.3419e+07  21.7%  92.5 5620s
 1287476 18749 infeasible   56      4.2704e+07 3.3431e+07  21.7%  92.5 5625s
 1288662 18361 3.3504e+07   69   30 4.2704e+07 3.3442e+07  21.7%  92.5 5630s
 1289781 17935     cutoff   71      4.2704e+07 3.3455e+07  21.7%  92.5 5635s
 1290727 17517 infeasible   74      4.2704e+07 3.3468e+07  21.6%  92.5 5640s
 1291836 17090 3.3490e+07   58    9 4.2704e+07 3.3483e+07  21.6%  92.5 5645s
 1292988 16683     cutoff   67      4.2704e+07 3.3499e+07  21.6%  92.5 5650s
 1294292 16247 3.3519e+07   64   62 4.2704e+07 3.3518e+07  21.5%  92.5 5655s
 1295306 15932 infeasible   62      4.2704e+07 3.3533e+07  21.5%  92.5 5660s
 1296648 15499 infeasible   72      4.2704e+07 3.3555e+07  21.4%  92.5 5665s
 1297894 15039 3.3607e+07   84   86 4.2704e+07 3.3576e+07  21.4%  92.5 5670s
 1299059 14623 3.4059e+07   55   49 4.2704e+07 3.3598e+07  21.3%  92.5 5675s
 1300340 14190     cutoff   64      4.2704e+07 3.3624e+07  21.3%  92.5 5680s
 1301391 13812 3.3685e+07   71   43 4.2704e+07 3.3645e+07  21.2%  92.5 5685s
 1302268 13489 infeasible   55      4.2704e+07 3.3663e+07  21.2%  92.4 5690s
 1303617 13044 infeasible   74      4.2704e+07 3.3691e+07  21.1%  92.4 5695s
 1304686 12688     cutoff   56      4.2704e+07 3.3717e+07  21.0%  92.4 5700s
 1305850 12223 infeasible   66      4.2704e+07 3.3752e+07  21.0%  92.4 5705s
 1307214 11725 3.3791e+07   65   61 4.2704e+07 3.3791e+07  20.9%  92.4 5710s
 1308729 11204 3.6951e+07   77   74 4.2704e+07 3.3833e+07  20.8%  92.4 5715s
 1309900 10807     cutoff   65      4.2704e+07 3.3873e+07  20.7%  92.4 5720s
 1310913 10431 3.4006e+07   62   39 4.2704e+07 3.3909e+07  20.6%  92.4 5725s
 1311969 10068     cutoff   68      4.2704e+07 3.3947e+07  20.5%  92.4 5730s
 1313181  9667 3.3998e+07   80   62 4.2704e+07 3.3993e+07  20.4%  92.4 5735s
 1314421  9209 infeasible   64      4.2704e+07 3.4045e+07  20.3%  92.4 5740s
 1315573  8738 infeasible   59      4.2704e+07 3.4109e+07  20.1%  92.4 5745s
 1316819  8235     cutoff   64      4.2704e+07 3.4200e+07  19.9%  92.4 5750s
 1318132  7723 3.6216e+07   58   56 4.2704e+07 3.4311e+07  19.7%  92.4 5755s
 1319391  7163     cutoff   67      4.2704e+07 3.4448e+07  19.3%  92.3 5760s
 1320695  6656     cutoff   64      4.2704e+07 3.4592e+07  19.0%  92.3 5765s
 1321861  6181 infeasible   57      4.2704e+07 3.4749e+07  18.6%  92.3 5770s
 1323231  5577 infeasible   70      4.2704e+07 3.4984e+07  18.1%  92.3 5775s
 1324470  4960 infeasible   65      4.2704e+07 3.5277e+07  17.4%  92.3 5780s
 1325874  4214 3.5741e+07   58   57 4.2704e+07 3.5731e+07  16.3%  92.3 5785s
 1327358  3254     cutoff   59      4.2704e+07 3.6471e+07  14.6%  92.3 5790s
 1328960  2044     cutoff   69      4.2704e+07 3.8049e+07  10.9%  92.2 5795s
 1330989   290     cutoff   59      4.2704e+07 4.1951e+07  1.76%  92.2 5800s

Cutting planes:
  Learned: 1
  Gomory: 5
  Cover: 10
  Implied bound: 671
  Clique: 14
  MIR: 143
  Flow cover: 206
  GUB cover: 11
  Zero half: 46

Explored 1331322 nodes (122773628 simplex iterations) in 5800.76 seconds
Thread count was 2 (of 4 available processors)

Optimal solution found (tolerance 1.00e-04)
Best objective 4.270370000000e+07, best bound 4.270370000000e+07, gap 0.0%
k_c1	100000.0
k_c2	40000.0
k_c3	100000.0
k_c4	70000.0
k_c5	50000.0
k_c6	80000.0
k_c7	100000.0
k_c8	50000.0
k_c9	100000.0
k_dN	0.0
kDash_c1	80000.0
kDash_c2	0.0
kDash_c3	70000.0
kDash_c4	10000.0
kDash_c5	0.0
kDash_c6	40000.0
kDash_c7	50000.0
kDash_c8	0.0
kDash_c9	80000.0
o_1	0.0
o_2	0.0
o_3	0.0
o_4	0.0
o_5	0.0
o_6	0.0
o_7	0.0
o_8	0.0
o_9	0.0
p_1	0.0
p_2	0.0
p_3	0.0
p_4	0.0
p_5	0.0
p_6	0.0
p_7	0.0
p_8	0.0
p_9	0.0
phi_c1	186807.0
phi_c2	165426.0
phi_c3	172832.0
phi_c4	22151.0
phi_c5	166536.0
phi_c6	175374.0
phi_c7	14859.0
phi_c8	10577.0
phi_c9	181629.0
phi_d0	200000.0
phi_dN	0.0
pi_c1	0.0
pi_c2	0.0
pi_c3	0.0
pi_c4	0.0
pi_c5	0.0
pi_c6	0.0
pi_c7	0.0
pi_c8	0.0
pi_c9	0.0
pi_dN	0.0
tauD_c1	49300.0
tauD_c2	400000.0
tauD_c3	101525.0
tauD_c4	250000.0
tauD_c5	400000.0
tauD_c6	250000.0
tauD_c7	700000.0
tauD_c8	800000.0
tauD_c9	68650.0
tauD_d0	0.0
tauD_dN	1000000.0
tauS_c1	870700.0
tauS_c2	862875.0
tauS_c3	22100.0
tauS_c4	4300.0
tauS_c5	847850.0
tauS_c6	833225.0
tauS_c7	0.0
tauS_c8	0.0
tauS_c9	38250.0
tauS_d0	0.0
tauS_dN	1000000.0
x_c1_c6	1.0
x_c2_dN	1.0
x_c3_c4	1.0
x_c4_dN	1.0
x_c5_dN	1.0
x_c6_c2	1.0
x_c7_c8	1.0
x_c8_dN	1.0
x_c9_c5	1.0
x_d0_c1	1.0
x_d0_c3	1.0
x_d0_c7	1.0
x_d0_c9	1.0
