
Gurobi 6.0.4 (win64) logging started 06/17/15 14:09:43

Read LP format model from file C:\MT\repository\VRPTWMS\instances\mip\freight\N9-C_DV10-C_SV50_F20_5_No_1.lp
Reading time = 0.01 seconds
(null): 433 rows, 261 columns, 1839 nonzeros
Optimize a model with 433 rows, 261 columns and 1839 nonzeros
Model has 900 quadratic constraints
Coefficient statistics:
  Matrix range    [1e+00, 1e+06]
  Objective range [2e+04, 1e+07]
  Bounds range    [1e+00, 1e+06]
  RHS range       [1e+00, 1e+06]
Presolve removed 53 rows and 19 columns
Presolve time: 0.06s
Presolved: 2397 rows, 1291 columns, 11415 nonzeros
Variable types: 968 continuous, 323 integer (265 binary)
Found heuristic solution: objective 9.304200e+07

Root relaxation: objective 1.583088e+06, 163 iterations, 0.01 seconds

    Nodes    |    Current Node    |     Objective Bounds      |     Work
 Expl Unexpl |  Obj  Depth IntInf | Incumbent    BestBd   Gap | It/Node Time

     0     0 1583088.29    0   64 9.3042e+07 1583088.29  98.3%     -    0s
H    0     0                    5.220340e+07 1583088.29  97.0%     -    0s
     0     0 2057128.87    0   70 5.2203e+07 2057128.87  96.1%     -    0s
     0     0 2199681.50    0   80 5.2203e+07 2199681.50  95.8%     -    0s
     0     0 2290508.56    0   75 5.2203e+07 2290508.56  95.6%     -    0s
H    0     0                    4.262020e+07 2290508.56  94.6%     -    0s
     0     0 3275902.69    0  107 4.2620e+07 3275902.69  92.3%     -    0s
     0     0 4947369.36    0  115 4.2620e+07 4947369.36  88.4%     -    0s
     0     0 5099830.84    0   81 4.2620e+07 5099830.84  88.0%     -    0s
     0     0 5117522.22    0   84 4.2620e+07 5117522.22  88.0%     -    0s
H    0     0                    4.249660e+07 5117522.22  88.0%     -    0s
     0     0 5119622.22    0   85 4.2497e+07 5119622.22  88.0%     -    0s
H    0     0                    4.221690e+07 5119622.22  87.9%     -    0s
     0     0 5119622.22    0   86 4.2217e+07 5119622.22  87.9%     -    0s
     0     0 5119622.22    0   87 4.2217e+07 5119622.22  87.9%     -    0s
     0     0 5119622.22    0   87 4.2217e+07 5119622.22  87.9%     -    0s
     0     2 5119622.22    0   74 4.2217e+07 5119622.22  87.9%     -    0s
H   60    60                    4.204810e+07 1.1678e+07  72.2%  45.6    0s
*  466   374              33    4.195580e+07 1.1738e+07  72.0%  60.3    1s
H  533   392                    4.190960e+07 1.1738e+07  72.0%  57.3    1s
H  601   434                    4.189460e+07 1.1738e+07  72.0%  56.3    1s
H  721   511                    4.186820e+07 1.1762e+07  71.9%  55.4    1s
H  795   532                    3.301200e+07 1.1764e+07  64.4%   8.6    3s
*  797   508              35    3.300850e+07 1.1764e+07  64.4%   8.7    3s
* 1076   573              33    3.296100e+07 1.1815e+07  64.2%  29.0    4s
H 1132   564                    3.239060e+07 1.1834e+07  63.5%  31.2    4s
  1173   578 2.2230e+07   43   73 3.2391e+07 1.1851e+07  63.4%  31.9    5s
H 1235   567                    3.233000e+07 1.1860e+07  63.3%  34.5    5s
* 1455   609              52    3.231070e+07 1.1877e+07  63.2%  41.1    6s
H 1543   619                    3.228430e+07 1.1904e+07  63.1%  43.9    6s
H 1864   697                    3.203250e+07 1.1934e+07  62.7%  50.8    7s
  2396   978 1.3482e+07   23   95 3.2033e+07 1.1989e+07  62.6%  61.1   10s
H 2582  1065                    3.201800e+07 1.1995e+07  62.5%  63.4   10s
  3327  1396 infeasible   29      3.2018e+07 1.2044e+07  62.4%  72.0   15s
  4110  1691 infeasible   34      3.2018e+07 1.2091e+07  62.2%  80.6   20s
  5124  2069 2.2562e+07   29   58 3.2018e+07 1.2137e+07  62.1%  85.7   25s
  6079  2445 2.3137e+07   44   82 3.2018e+07 1.2159e+07  62.0%  88.4   30s
  7190  2837 2.2513e+07   23   59 3.2018e+07 1.2212e+07  61.9%  90.8   35s
  7379  2925 1.2214e+07   32   71 3.2018e+07 1.2214e+07  61.9%  91.6   40s
  8061  3098 2.2166e+07   53   56 3.2018e+07 1.2214e+07  61.9%  90.5   45s
  9429  3342 2.2720e+07   39   32 3.2018e+07 1.2214e+07  61.9%  89.9   50s
 10392  3422 1.2351e+07   41   96 3.2018e+07 1.2283e+07  61.6%  91.1   55s
 11329  3471 2.3049e+07   58   64 3.2018e+07 1.2334e+07  61.5%  92.4   60s
 12307  3523 1.3735e+07   69   86 3.2018e+07 1.2400e+07  61.3%  93.5   66s
 13168  3530 infeasible   62      3.2018e+07 1.2446e+07  61.1%  94.1   71s
 13754  3531 2.2361e+07   43   68 3.2018e+07 1.2468e+07  61.1%  95.6   75s
 14642  3608 2.1095e+07   49   87 3.2018e+07 1.2505e+07  60.9%  96.5   85s
 14660  3620 2.2252e+07   42  101 3.2018e+07 1.2505e+07  60.9%  96.3   90s
 14679  3635 1.2505e+07   44   63 3.2018e+07 1.2505e+07  60.9%  96.7   95s
 14801  3683 1.2505e+07   58   64 3.2018e+07 1.2505e+07  60.9%  96.9  100s
 16052  3950 1.2505e+07   61   41 3.2018e+07 1.2505e+07  60.9%  96.6  106s
 17003  4000 1.4266e+07   55   84 3.2018e+07 1.2505e+07  60.9%  97.2  111s
 17655  4052 infeasible   76      3.2018e+07 1.2505e+07  60.9%  98.0  116s
 18300  4085 1.4411e+07   67  100 3.2018e+07 1.2505e+07  60.9%  98.6  120s
 19363  4264 1.5092e+07   62   93 3.2018e+07 1.2505e+07  60.9%  99.4  126s
 20005  4305 2.4469e+07   49   72 3.2018e+07 1.2505e+07  60.9%   100  131s
 20735  4320 2.5705e+07   70  106 3.2018e+07 1.2505e+07  60.9%   101  135s
 21434  4366     cutoff   73      3.2018e+07 1.2505e+07  60.9%   102  140s
 22070  4366 2.4089e+07   67   95 3.2018e+07 1.2505e+07  60.9%   103  145s
 23223  4462     cutoff   81      3.2018e+07 1.2505e+07  60.9%   104  151s
 23903  4437     cutoff   66      3.2018e+07 1.2505e+07  60.9%   105  156s
 24642  4461 1.2505e+07   72   52 3.2018e+07 1.2505e+07  60.9%   106  161s
 25414  4415 2.2599e+07   64   35 3.2018e+07 1.2505e+07  60.9%   106  166s
 26112  4579 2.6828e+07   85   55 3.2018e+07 1.2505e+07  60.9%   107  170s
 26712  4810 2.2950e+07   79   76 3.2018e+07 1.2505e+07  60.9%   108  175s
 27397  5054 2.3409e+07   90  109 3.2018e+07 1.2505e+07  60.9%   109  180s
 28380  5343 1.3740e+07   67   93 3.2018e+07 1.2523e+07  60.9%   109  186s
 29035  5559 2.2804e+07   60   65 3.2018e+07 1.2535e+07  60.8%   110  191s
 29503  5670 1.2763e+07   66   96 3.2018e+07 1.2546e+07  60.8%   111  195s
 30419  5954 2.4087e+07  100  101 3.2018e+07 1.2561e+07  60.8%   112  202s
 30894  6096 1.2822e+07   61   77 3.2018e+07 1.2576e+07  60.7%   112  206s
 31441  6266 1.6880e+07   78  114 3.2018e+07 1.2590e+07  60.7%   113  211s
 31995  6467 2.2458e+07   68   80 3.2018e+07 1.2597e+07  60.7%   113  215s
 32777  6699     cutoff   60      3.2018e+07 1.2610e+07  60.6%   114  221s
 33275  6832 infeasible   68      3.2018e+07 1.2623e+07  60.6%   114  225s
 34080  7053 infeasible   85      3.2018e+07 1.2640e+07  60.5%   115  231s
 34614  7201 1.2981e+07   72   99 3.2018e+07 1.2651e+07  60.5%   115  235s
 35411  7351 1.2967e+07   64   91 3.2018e+07 1.2667e+07  60.4%   115  241s
 35932  7481 2.3902e+07   75  103 3.2018e+07 1.2676e+07  60.4%   116  245s
 36667  7622 infeasible   53      3.2018e+07 1.2691e+07  60.4%   117  251s
 37127  7701 infeasible   71      3.2018e+07 1.2698e+07  60.3%   117  256s
 37747  7794 1.8280e+07   68   85 3.2018e+07 1.2710e+07  60.3%   118  261s
 38187  7881 2.5712e+07   63   86 3.2018e+07 1.2721e+07  60.3%   118  265s
 38921  8085     cutoff   72      3.2018e+07 1.2737e+07  60.2%   119  271s
 39527  8164 infeasible   60      3.2018e+07 1.2744e+07  60.2%   119  276s
 39984  8273 1.3051e+07   62   90 3.2018e+07 1.2753e+07  60.2%   120  280s
 40721  8438 2.8825e+07   77   43 3.2018e+07 1.2764e+07  60.1%   120  285s
 41461  8621 infeasible   60      3.2018e+07 1.2774e+07  60.1%   121  291s
 42228  8777     cutoff   80      3.2018e+07 1.2783e+07  60.1%   121  296s
 42589  8844 infeasible   62      3.2018e+07 1.2789e+07  60.1%   121  300s
 43310  8981 1.5948e+07   61   99 3.2018e+07 1.2799e+07  60.0%   122  306s
 43855  9067 infeasible   70      3.2018e+07 1.2805e+07  60.0%   122  310s
 44533  9205 2.3401e+07   64   49 3.2018e+07 1.2816e+07  60.0%   122  316s
 45018  9284 1.3220e+07   56  100 3.2018e+07 1.2823e+07  59.9%   122  320s
 45629  9377 1.3038e+07   67  102 3.2018e+07 1.2835e+07  59.9%   123  326s
 46012  9461 2.8511e+07   92   84 3.2018e+07 1.2839e+07  59.9%   123  330s
 46478  9558     cutoff   91      3.2018e+07 1.2848e+07  59.9%   123  335s
 46907  9639 1.3135e+07   68  130 3.2018e+07 1.2855e+07  59.9%   123  340s
 47531  9769 1.7089e+07   69  102 3.2018e+07 1.2866e+07  59.8%   124  347s
 47778  9824 1.4560e+07   71  109 3.2018e+07 1.2870e+07  59.8%   124  350s
 48155  9868     cutoff   83      3.2018e+07 1.2877e+07  59.8%   124  355s
 48559  9923 2.3279e+07   80   82 3.2018e+07 1.2884e+07  59.8%   124  360s
 49175 10010 1.3068e+07   73  100 3.2018e+07 1.2893e+07  59.7%   125  366s
 49593 10076 infeasible   61      3.2018e+07 1.2900e+07  59.7%   125  370s
 50272 10195 2.3130e+07   59   73 3.2018e+07 1.2908e+07  59.7%   125  375s
 50835 10313 infeasible   70      3.2018e+07 1.2916e+07  59.7%   126  381s
 51392 10380     cutoff   72      3.2018e+07 1.2922e+07  59.6%   126  386s
 51746 10417 infeasible   86      3.2018e+07 1.2927e+07  59.6%   127  390s
 52322 10469     cutoff   90      3.2018e+07 1.2937e+07  59.6%   127  396s
 52737 10519 1.3823e+07   68  127 3.2018e+07 1.2943e+07  59.6%   127  400s
 53345 10608     cutoff   82      3.2018e+07 1.2952e+07  59.5%   128  405s
 53905 10685 1.6222e+07   58   91 3.2018e+07 1.2963e+07  59.5%   128  411s
 54550 10773 2.2936e+07   61   84 3.2018e+07 1.2973e+07  59.5%   129  416s
 55237 10837 2.2843e+07   64   35 3.2018e+07 1.2985e+07  59.4%   129  421s
 55890 10925     cutoff   58      3.2018e+07 1.2994e+07  59.4%   129  426s
 56546 10978     cutoff   70      3.2018e+07 1.3004e+07  59.4%   130  430s
 57213 11028     cutoff   67      3.2018e+07 1.3012e+07  59.4%   130  435s
 57870 11085 1.3683e+07   73  118 3.2018e+07 1.3022e+07  59.3%   131  440s
 58572 11200 infeasible   69      3.2018e+07 1.3033e+07  59.3%   131  445s
 59379 11260 2.8693e+07   70   45 3.2018e+07 1.3049e+07  59.2%   132  451s
 59966 11275     cutoff   86      3.2018e+07 1.3057e+07  59.2%   132  456s
 60713 11352 infeasible   62      3.2018e+07 1.3067e+07  59.2%   132  461s
 61376 11390 infeasible   77      3.2018e+07 1.3079e+07  59.1%   132  465s
 62000 11409 2.4595e+07   64  101 3.2018e+07 1.3094e+07  59.1%   133  470s
 62675 11461 1.3373e+07   65  118 3.2018e+07 1.3106e+07  59.1%   133  475s
 63337 11537 2.3032e+07   74   96 3.2018e+07 1.3117e+07  59.0%   133  480s
 64104 11596 2.6933e+07   66   95 3.2018e+07 1.3127e+07  59.0%   134  486s
 64658 11644 infeasible   72      3.2018e+07 1.3137e+07  59.0%   134  491s
 65238 11650 1.3399e+07   72   87 3.2018e+07 1.3147e+07  58.9%   135  496s
 65882 11700 2.3694e+07   67   82 3.2018e+07 1.3157e+07  58.9%   135  500s
 66513 11733 1.8738e+07   83   97 3.2018e+07 1.3171e+07  58.9%   135  505s
 67115 11758 2.8215e+07   74   50 3.2018e+07 1.3184e+07  58.8%   136  510s
 67905 11784 2.0289e+07   62  123 3.2018e+07 1.3199e+07  58.8%   136  516s
 68595 11857 1.3788e+07   70  126 3.2018e+07 1.3208e+07  58.7%   136  520s
 69277 11906     cutoff   83      3.2018e+07 1.3223e+07  58.7%   137  525s
 69935 11964     cutoff   72      3.2018e+07 1.3236e+07  58.7%   137  530s
 70749 11980     cutoff   73      3.2018e+07 1.3251e+07  58.6%   137  536s
 71353 11997 infeasible   61      3.2018e+07 1.3265e+07  58.6%   138  541s
 72040 12055 2.0413e+07   78  102 3.2018e+07 1.3274e+07  58.5%   138  545s
 72680 12087     cutoff   76      3.2018e+07 1.3289e+07  58.5%   138  550s
 73516 12130 infeasible   92      3.2018e+07 1.3305e+07  58.4%   138  556s
 74145 12132 2.5898e+07   61   97 3.2018e+07 1.3317e+07  58.4%   139  561s
 74775 12137 infeasible   75      3.2018e+07 1.3331e+07  58.4%   139  565s
 75446 12161 2.3900e+07   64   95 3.2018e+07 1.3343e+07  58.3%   139  570s
 76086 12151 infeasible   78      3.2018e+07 1.3366e+07  58.3%   139  575s
 76848 12138 1.6804e+07   76  103 3.2018e+07 1.3385e+07  58.2%   140  581s
 77469 12177 infeasible   69      3.2018e+07 1.3399e+07  58.2%   140  585s
 78078 12184 2.3633e+07   66   88 3.2018e+07 1.3412e+07  58.1%   140  590s
 78883 12210 infeasible   76      3.2018e+07 1.3431e+07  58.1%   140  596s
 79514 12209 infeasible   77      3.2018e+07 1.3448e+07  58.0%   141  600s
 80091 12183 infeasible   69      3.2018e+07 1.3468e+07  57.9%   141  605s
 80895 12144     cutoff   83      3.2018e+07 1.3493e+07  57.9%   141  611s
 81477 12129 infeasible   70      3.2018e+07 1.3506e+07  57.8%   142  616s
 82079 12121 2.3769e+07   69  127 3.2018e+07 1.3527e+07  57.8%   142  620s
 82640 12102 2.4725e+07   76   93 3.2018e+07 1.3549e+07  57.7%   142  625s
 83267 12122 2.0359e+07   69  107 3.2018e+07 1.3568e+07  57.6%   142  630s
 83800 12073 2.5486e+07   72   95 3.2018e+07 1.3593e+07  57.5%   143  635s
 84462 12046 infeasible   79      3.2018e+07 1.3619e+07  57.5%   143  640s
 85278 12006 1.5863e+07   81  107 3.2018e+07 1.3649e+07  57.4%   143  646s
 85921 11996 infeasible   74      3.2018e+07 1.3681e+07  57.3%   143  650s
 86537 11968 2.3410e+07   78   99 3.2018e+07 1.3712e+07  57.2%   143  656s
 87142 11971 infeasible   72      3.2018e+07 1.3739e+07  57.1%   144  661s
 87749 11952 1.6836e+07   70   72 3.2018e+07 1.3764e+07  57.0%   144  666s
 88150 11951 1.4387e+07   76  130 3.2018e+07 1.3787e+07  56.9%   144  670s
 88807 12007     cutoff   83      3.2018e+07 1.3820e+07  56.8%   144  675s
 89348 11957 2.3846e+07   89   93 3.2018e+07 1.3861e+07  56.7%   144  680s
 89985 11988 2.6190e+07   75   93 3.2018e+07 1.3906e+07  56.6%   144  685s
 90514 11974 2.3847e+07   68  112 3.2018e+07 1.3941e+07  56.5%   144  690s
 91121 11991 2.1825e+07   71   93 3.2018e+07 1.3988e+07  56.3%   145  695s
 91818 11981 3.0176e+07   80  124 3.2018e+07 1.4057e+07  56.1%   145  700s
 92461 11988     cutoff   64      3.2018e+07 1.4110e+07  55.9%   145  706s
 93056 11980 2.2911e+07   71   86 3.2018e+07 1.4185e+07  55.7%   145  711s
 93792 12036 infeasible   79      3.2018e+07 1.4263e+07  55.5%   145  716s
 94475 12077 2.2827e+07   62   36 3.2018e+07 1.4334e+07  55.2%   145  721s
 95113 12071 2.3531e+07   73  100 3.2018e+07 1.4409e+07  55.0%   145  726s
 95792 12062 2.2790e+07   67   76 3.2018e+07 1.4483e+07  54.8%   145  731s
 96242 12072     cutoff   85      3.2018e+07 1.4533e+07  54.6%   146  735s
 96920 12069 infeasible   69      3.2018e+07 1.4621e+07  54.3%   146  740s
 97633 12079 infeasible   66      3.2018e+07 1.4697e+07  54.1%   146  745s
 98392 12134     cutoff   67      3.2018e+07 1.4768e+07  53.9%   146  751s
 99103 12129 2.2983e+07   62   98 3.2018e+07 1.4842e+07  53.6%   146  756s
 99851 12140 2.2918e+07   68   54 3.2018e+07 1.4917e+07  53.4%   146  760s
 100601 12187 2.5816e+07   72   72 3.2018e+07 1.4991e+07  53.2%   146  765s
 101379 12295     cutoff   66      3.2018e+07 1.5067e+07  52.9%   146  770s
 102089 12298 2.2759e+07   62   42 3.2018e+07 1.5131e+07  52.7%   146  776s
 102879 12340 infeasible   64      3.2018e+07 1.5207e+07  52.5%   146  781s
 103372 12394 2.3102e+07   71   62 3.2018e+07 1.5265e+07  52.3%   146  785s
 104123 12396 2.9087e+07   85   85 3.2018e+07 1.5365e+07  52.0%   146  790s
 104798 12396 infeasible   83      3.2018e+07 1.5434e+07  51.8%   146  795s
 105501 12409 infeasible   63      3.2018e+07 1.5517e+07  51.5%   146  800s
 106185 12440     cutoff   85      3.2018e+07 1.5600e+07  51.3%   146  805s
 106844 12419     cutoff   65      3.2018e+07 1.5661e+07  51.1%   146  811s
 107542 12375 2.3538e+07   67   77 3.2018e+07 1.5734e+07  50.9%   146  815s
 108262 12346 infeasible   58      3.2018e+07 1.5844e+07  50.5%   146  821s
 108987 12323 2.2981e+07   59   78 3.2018e+07 1.5920e+07  50.3%   146  826s
 109634 12302     cutoff   83      3.2018e+07 1.6005e+07  50.0%   146  830s
 110379 12306 2.3931e+07   68  103 3.2018e+07 1.6077e+07  49.8%   146  835s
 111026 12293 infeasible   68      3.2018e+07 1.6159e+07  49.5%   146  840s
 111843 12227     cutoff   74      3.2018e+07 1.6252e+07  49.2%   147  846s
 112428 12182 infeasible   77      3.2018e+07 1.6362e+07  48.9%   147  851s
 113138 12171 1.7659e+07   72  108 3.2018e+07 1.6459e+07  48.6%   147  856s
 113602 12160 infeasible   78      3.2018e+07 1.6513e+07  48.4%   147  860s
 114359 12116 1.6635e+07   72   95 3.2018e+07 1.6635e+07  48.0%   147  866s
 115008 12062 1.7468e+07   71   97 3.2018e+07 1.6725e+07  47.8%   147  871s
 115656 11996     cutoff   71      3.2018e+07 1.6829e+07  47.4%   147  876s
 116296 11967 infeasible   70      3.2018e+07 1.6911e+07  47.2%   147  880s
 116887 11894 infeasible   54      3.2018e+07 1.7010e+07  46.9%   147  885s
 117733 11815     cutoff   70      3.2018e+07 1.7150e+07  46.4%   147  891s
 118475 11794 2.2568e+07   66   36 3.2018e+07 1.7263e+07  46.1%   147  895s
 119186 11788 2.2859e+07   75   97 3.2018e+07 1.7394e+07  45.7%   147  901s
 119922 11788 1.8561e+07   72   87 3.2018e+07 1.7500e+07  45.3%   147  906s
 120657 11813 2.2929e+07   69   91 3.2018e+07 1.7612e+07  45.0%   147  911s
 121287 11774     cutoff   79      3.2018e+07 1.7708e+07  44.7%   147  916s
 121948 11736 2.3463e+07   74   69 3.2018e+07 1.7806e+07  44.4%   147  921s
 122682 11721 infeasible   64      3.2018e+07 1.7911e+07  44.1%   147  926s
 123346 11681 1.8078e+07   57   88 3.2018e+07 1.8036e+07  43.7%   147  930s
 123948 11600     cutoff   76      3.2018e+07 1.8134e+07  43.4%   147  935s
 124734 11514 2.3528e+07   90  101 3.2018e+07 1.8285e+07  42.9%   147  940s
 125321 11430     cutoff   73      3.2018e+07 1.8388e+07  42.6%   148  945s
 125992 11317 2.5552e+07   72   84 3.2018e+07 1.8558e+07  42.0%   148  950s
 126735 11233     cutoff   80      3.2018e+07 1.8748e+07  41.4%   148  955s
 127539 11138 2.6382e+07   79   93 3.2018e+07 1.8976e+07  40.7%   148  960s
 128240 11028 2.3068e+07   63   64 3.2018e+07 1.9222e+07  40.0%   148  965s
 128805 11017 2.8648e+07   69   71 3.2018e+07 1.9474e+07  39.2%   147  970s
 129497 10909 2.6259e+07   71   85 3.2018e+07 1.9869e+07  37.9%   147  975s
 130193 10842 2.2379e+07   65   27 3.2018e+07 2.0283e+07  36.6%   147  980s
 130819 10726 2.1728e+07   68   99 3.2018e+07 2.0849e+07  34.9%   147  985s
 131501 10669 2.3230e+07   78   58 3.2018e+07 2.1577e+07  32.6%   147  990s
 132284 10756 2.2503e+07   59   23 3.2018e+07 2.1756e+07  32.1%   147  995s
 133268 10979 2.2657e+07   83   92 3.2018e+07 2.1756e+07  32.1%   147 1000s
 134017 11040 2.3096e+07   75   95 3.2018e+07 2.1756e+07  32.1%   147 1005s
 134669 11103 2.2448e+07   58   67 3.2018e+07 2.1756e+07  32.1%   147 1010s
 135520 11104     cutoff   88      3.2018e+07 2.1756e+07  32.1%   147 1016s
 136216 11171     cutoff   89      3.2018e+07 2.1794e+07  31.9%   147 1021s
 137142 11311 2.4097e+07   71   59 3.2018e+07 2.1794e+07  31.9%   147 1026s
 137847 11368 2.3202e+07   66   88 3.2018e+07 2.1794e+07  31.9%   147 1030s
 138570 11264 2.2858e+07   75   51 3.2018e+07 2.1924e+07  31.5%   147 1036s
 139273 11296 2.2123e+07   58   73 3.2018e+07 2.2021e+07  31.2%   147 1041s
 140134 11423 2.2211e+07   62   42 3.2018e+07 2.2074e+07  31.1%   147 1046s
 140902 11459 2.3178e+07   70   96 3.2018e+07 2.2085e+07  31.0%   147 1051s
 141779 11638 infeasible   65      3.2018e+07 2.2129e+07  30.9%   146 1056s
 142451 11802 2.2367e+07   57   59 3.2018e+07 2.2153e+07  30.8%   146 1060s
 143291 11918 2.2239e+07   55   30 3.2018e+07 2.2178e+07  30.7%   146 1065s
 144120 12063 infeasible   68      3.2018e+07 2.2209e+07  30.6%   146 1071s
 145035 12199 2.2467e+07   61   44 3.2018e+07 2.2230e+07  30.6%   146 1076s
 145803 12292 2.2254e+07   63   19 3.2018e+07 2.2248e+07  30.5%   146 1081s
 146734 12453 2.2642e+07   76   64 3.2018e+07 2.2264e+07  30.5%   146 1086s
 147536 12588 infeasible   68      3.2018e+07 2.2279e+07  30.4%   145 1090s
 148433 12675 infeasible   58      3.2018e+07 2.2295e+07  30.4%   145 1096s
 149057 12707 2.2785e+07   57   72 3.2018e+07 2.2305e+07  30.3%   145 1101s
 149662 12696 2.2824e+07   64   52 3.2018e+07 2.2317e+07  30.3%   145 1105s
 150385 12726 2.2490e+07   74   62 3.2018e+07 2.2332e+07  30.3%   145 1110s
 151304 12774 infeasible   63      3.2018e+07 2.2346e+07  30.2%   145 1116s
 152076 12878     cutoff   57      3.2018e+07 2.2355e+07  30.2%   145 1120s
 152843 12913 2.2534e+07   50   32 3.2018e+07 2.2367e+07  30.1%   145 1125s
 153584 12920 infeasible   74      3.2018e+07 2.2378e+07  30.1%   145 1131s
 154142 12900     cutoff   65      3.2018e+07 2.2387e+07  30.1%   145 1135s
 154891 12940 2.3426e+07   73  103 3.2018e+07 2.2397e+07  30.0%   145 1140s
 155662 12952 infeasible   72      3.2018e+07 2.2408e+07  30.0%   145 1145s
 156587 12957 infeasible   60      3.2018e+07 2.2421e+07  30.0%   145 1150s
 157287 12877 infeasible   66      3.2018e+07 2.2429e+07  29.9%   145 1156s
 157849 12897 2.2496e+07   67   65 3.2018e+07 2.2436e+07  29.9%   145 1160s
 158541 12870 2.2639e+07   67   63 3.2018e+07 2.2446e+07  29.9%   145 1165s
 159444 12835 2.2471e+07   67   18 3.2018e+07 2.2457e+07  29.9%   144 1171s
 159959 12806     cutoff   65      3.2018e+07 2.2464e+07  29.8%   144 1175s
 160680 12774 infeasible   62      3.2018e+07 2.2473e+07  29.8%   144 1180s
 161428 12785 infeasible   68      3.2018e+07 2.2483e+07  29.8%   144 1185s
 162246 12759     cutoff   72      3.2018e+07 2.2495e+07  29.7%   144 1191s
 162930 12746     cutoff   66      3.2018e+07 2.2504e+07  29.7%   144 1196s
 163402 12742 2.2778e+07   63   65 3.2018e+07 2.2509e+07  29.7%   144 1200s
 164049 12674 infeasible   67      3.2018e+07 2.2518e+07  29.7%   144 1205s
 164810 12687 infeasible   60      3.2018e+07 2.2527e+07  29.6%   144 1210s
 165455 12659 infeasible   64      3.2018e+07 2.2535e+07  29.6%   144 1216s
 166035 12543 infeasible   71      3.2018e+07 2.2542e+07  29.6%   144 1220s
 166720 12531 2.2786e+07   65   31 3.2018e+07 2.2551e+07  29.6%   144 1226s
 167283 12563 2.3152e+07   63   86 3.2018e+07 2.2556e+07  29.6%   144 1230s
 167964 12522 2.2626e+07   62   40 3.2018e+07 2.2564e+07  29.5%   144 1236s
 168516 12450 2.4004e+07   65   66 3.2018e+07 2.2572e+07  29.5%   144 1240s
 169299 12369 infeasible   66      3.2018e+07 2.2581e+07  29.5%   144 1245s
 169872 12282 infeasible   59      3.2018e+07 2.2588e+07  29.5%   144 1250s
 170592 12214 infeasible   63      3.2018e+07 2.2596e+07  29.4%   144 1256s
 171202 12133 2.3343e+07   84  123 3.2018e+07 2.2603e+07  29.4%   144 1261s
 171809 12064 infeasible   65      3.2018e+07 2.2610e+07  29.4%   144 1265s
 172514 11979 infeasible   63      3.2018e+07 2.2618e+07  29.4%   144 1270s
 173168 11879 infeasible   62      3.2018e+07 2.2628e+07  29.3%   144 1275s
 173837 11869 infeasible   68      3.2018e+07 2.2635e+07  29.3%   144 1280s
 174507 11743 infeasible   77      3.2018e+07 2.2643e+07  29.3%   144 1285s
 175098 11660 infeasible   80      3.2018e+07 2.2650e+07  29.3%   144 1290s
 175758 11612 infeasible   55      3.2018e+07 2.2658e+07  29.2%   144 1295s
 176563 11564 2.2816e+07   54   54 3.2018e+07 2.2667e+07  29.2%   144 1300s
 177220 11439     cutoff   72      3.2018e+07 2.2676e+07  29.2%   144 1305s
 177834 11363 2.7746e+07   84   77 3.2018e+07 2.2683e+07  29.2%   144 1310s
 178418 11273     cutoff   68      3.2018e+07 2.2690e+07  29.1%   144 1315s
 179059 11231 infeasible   68      3.2018e+07 2.2696e+07  29.1%   144 1320s
 179828 11077 infeasible   65      3.2018e+07 2.2706e+07  29.1%   144 1325s
 180430 10950     cutoff   55      3.2018e+07 2.2715e+07  29.1%   145 1330s
 181085 10826 2.2871e+07   55   38 3.2018e+07 2.2723e+07  29.0%   145 1335s
 181790 10722 2.3998e+07   56   61 3.2018e+07 2.2731e+07  29.0%   145 1340s
 182536 10590 infeasible   63      3.2018e+07 2.2742e+07  29.0%   145 1346s
 183122 10428 infeasible   60      3.2018e+07 2.2750e+07  28.9%   145 1350s
 183754 10400     cutoff   75      3.2018e+07 2.2758e+07  28.9%   145 1355s
 184211 10297 2.3091e+07   68   57 3.2018e+07 2.2763e+07  28.9%   145 1360s
 184819 10161 2.2950e+07   63   77 3.2018e+07 2.2772e+07  28.9%   145 1365s
 185402 10075     cutoff   59      3.2018e+07 2.2779e+07  28.9%   145 1370s
 186138  9926 infeasible   68      3.2018e+07 2.2791e+07  28.8%   145 1375s
 186636  9815 2.2806e+07   70   61 3.2018e+07 2.2798e+07  28.8%   145 1380s
 187306  9698 infeasible   66      3.2018e+07 2.2807e+07  28.8%   145 1385s
 187946  9560     cutoff   64      3.2018e+07 2.2816e+07  28.7%   145 1390s
 188581  9458 infeasible   66      3.2018e+07 2.2825e+07  28.7%   145 1395s
 189172  9347     cutoff   79      3.2018e+07 2.2834e+07  28.7%   145 1400s
 189794  9143 infeasible   63      3.2018e+07 2.2846e+07  28.6%   145 1405s
 190451  8976 infeasible   78      3.2018e+07 2.2857e+07  28.6%   145 1410s
 191019  8825 2.2899e+07   67   57 3.2018e+07 2.2867e+07  28.6%   145 1415s
 191592  8702 infeasible   70      3.2018e+07 2.2875e+07  28.6%   145 1420s
 192150  8613 infeasible   64      3.2018e+07 2.2885e+07  28.5%   145 1425s
 192666  8512 2.3490e+07   74  111 3.2018e+07 2.2893e+07  28.5%   145 1430s
 193272  8306     cutoff   78      3.2018e+07 2.2904e+07  28.5%   145 1435s
 193783  8202 infeasible   62      3.2018e+07 2.2914e+07  28.4%   145 1440s
 194291  8031 2.2984e+07   60   77 3.2018e+07 2.2925e+07  28.4%   146 1445s
 194804  7854 infeasible   72      3.2018e+07 2.2934e+07  28.4%   146 1450s
 195374  7715     cutoff   68      3.2018e+07 2.2944e+07  28.3%   146 1455s
 195943  7565 2.4643e+07   68   97 3.2018e+07 2.2956e+07  28.3%   146 1460s
 196644  7411 infeasible   67      3.2018e+07 2.2971e+07  28.3%   146 1465s
 197137  7191 2.3351e+07   75   75 3.2018e+07 2.2985e+07  28.2%   146 1470s
 197682  7036 infeasible   79      3.2018e+07 2.2998e+07  28.2%   146 1475s
 198288  6831 2.3375e+07   74   74 3.2018e+07 2.3012e+07  28.1%   146 1480s
 198938  6586 infeasible   76      3.2018e+07 2.3029e+07  28.1%   146 1485s
 199473  6453 infeasible   67      3.2018e+07 2.3042e+07  28.0%   146 1490s
 200013  6285 infeasible   58      3.2018e+07 2.3056e+07  28.0%   146 1495s
 200731  6077     cutoff   66      3.2018e+07 2.3074e+07  27.9%   146 1500s
 201174  5889 2.3464e+07   70   80 3.2018e+07 2.3089e+07  27.9%   146 1505s
 201741  5674 infeasible   64      3.2018e+07 2.3109e+07  27.8%   147 1510s
 202397  5474 infeasible   62      3.2018e+07 2.3127e+07  27.8%   147 1515s
 202845  5295     cutoff   71      3.2018e+07 2.3144e+07  27.7%   147 1520s
 203472  5092     cutoff   70      3.2018e+07 2.3165e+07  27.6%   147 1525s
 204027  4894 2.3200e+07   65   63 3.2018e+07 2.3187e+07  27.6%   147 1530s
 204576  4676 2.3233e+07   77   27 3.2018e+07 2.3208e+07  27.5%   147 1535s
 205122  4412     cutoff   75      3.2018e+07 2.3241e+07  27.4%   147 1540s
 205673  4186 infeasible   75      3.2018e+07 2.3270e+07  27.3%   147 1545s
 206158  3962 infeasible   76      3.2018e+07 2.3298e+07  27.2%   147 1550s
 206788  3764 infeasible   67      3.2018e+07 2.3328e+07  27.1%   147 1555s
 207414  3509     cutoff   71      3.2018e+07 2.3369e+07  27.0%   147 1560s
 207996  3244 infeasible   65      3.2018e+07 2.3421e+07  26.8%   147 1565s
 208665  2886     cutoff   76      3.2018e+07 2.3505e+07  26.6%   147 1570s
 209239  2626 2.8366e+07   75   86 3.2018e+07 2.3604e+07  26.3%   148 1575s
 209588  2483     cutoff   79      3.2018e+07 2.3672e+07  26.1%   148 1580s
 210283  2189 2.4243e+07   68   67 3.2018e+07 2.3840e+07  25.5%   148 1585s
 210932  1915     cutoff   89      3.2018e+07 2.4065e+07  24.8%   148 1590s
 211720  1568 2.4951e+07   69   85 3.2018e+07 2.4468e+07  23.6%   148 1595s
 212433  1298 infeasible   83      3.2018e+07 2.4925e+07  22.2%   148 1600s
 213155   993     cutoff   93      3.2018e+07 2.5722e+07  19.7%   147 1605s
 213939   581 2.8834e+07   89   56 3.2018e+07 2.6941e+07  15.9%   147 1610s

Cutting planes:
  Learned: 2
  Gomory: 6
  Cover: 19
  Implied bound: 606
  Clique: 13
  MIR: 268
  Flow cover: 365
  GUB cover: 11
  Zero half: 82

Explored 214744 nodes (31676172 simplex iterations) in 1614.51 seconds
Thread count was 2 (of 4 available processors)

Optimal solution found (tolerance 1.00e-04)
Best objective 3.201800000000e+07, best bound 3.201800000000e+07, gap 0.0%
k_c1	60000.0
k_c2	60000.0
k_c3	50000.0
k_c4	50000.0
k_c5	100000.0
k_c6	100000.0
k_c7	70000.0
k_c8	100000.0
k_c9	100000.0
k_dN	0.0
kDash_c1	20000.0
kDash_c2	50000.0
kDash_c3	10000.0
kDash_c4	20000.0
kDash_c5	60000.0
kDash_c6	20000.0
kDash_c7	50000.0
kDash_c8	70000.0
kDash_c9	60000.0
o_1	0.0
o_2	0.0
o_3	0.0
o_4	0.0
o_5	0.0
o_6	0.0
o_7	0.0
o_8	0.0
o_9	0.0
p_1	0.0
p_2	0.0
p_3	1.0
p_4	0.0
p_5	0.0
p_6	1.0
p_7	0.0
p_8	0.0
p_9	0.0
phi_c1	9580.0
phi_c2	12838.0
phi_c3	159734.0
phi_c4	10724.0
phi_c5	140326.0
phi_c6	154054.0
phi_c7	162490.0
phi_c8	177522.0
phi_c9	183221.0
phi_d0	200000.0
phi_dN	0.0
pi_c1	269997.0
pi_c2	269997.0
pi_c3	269997.0
pi_c4	290000.0
pi_c5	269997.0
pi_c6	179996.0
pi_c7	290000.0
pi_c8	270000.0
pi_c9	280000.0
pi_dN	0.0
tauD_c1	894200.0
tauD_c2	359125.0
tauD_c3	337475.0
tauD_c4	650000.0
tauD_c5	781700.0
tauD_c6	488700.0
tauD_c7	277175.0
tauD_c8	121000.0
tauD_c9	250000.0
tauD_d0	0.0
tauD_dN	1000000.0
tauS_c1	884200.0
tauS_c2	881200.0
tauS_c3	99175.0
tauS_c4	879925.0
tauS_c5	866850.0
tauS_c6	488700.0
tauS_c7	886450.0
tauS_c8	836000.0
tauS_c9	857300.0
tauS_d0	0.0
tauS_dN	654300.0
x_c1_dN	1.0
x_c2_c4	1.0
x_c3_c6	1.0
x_c4_dN	1.0
x_c5_c1	1.0
x_c6_c5	1.0
x_c7_c3	1.0
x_c8_c7	1.0
x_c9_c2	1.0
x_d0_c8	1.0
x_d0_c9	1.0
z_c3_c6	1.0
z_c6_dN	1.0
z_d0_c3	1.0
