
Gurobi 6.0.4 (win64) logging started 06/17/15 11:09:26

Read LP format model from file C:\MT\repository\VRPTWMS\instances\mip\freight\N9-C_DV10-C_SV50_F20_1_No_1.lp
Reading time = 0.01 seconds
(null): 433 rows, 261 columns, 1839 nonzeros
Optimize a model with 433 rows, 261 columns and 1839 nonzeros
Model has 900 quadratic constraints
Coefficient statistics:
  Matrix range    [1e+00, 1e+06]
  Objective range [4e+04, 1e+07]
  Bounds range    [1e+00, 1e+06]
  RHS range       [1e+00, 1e+06]
Presolve removed 59 rows and 24 columns
Presolve time: 0.05s
Presolved: 2283 rows, 1232 columns, 10837 nonzeros
Variable types: 914 continuous, 318 integer (260 binary)
Found heuristic solution: objective 9.318180e+07

Root relaxation: objective 6.352659e+06, 289 iterations, 0.01 seconds

    Nodes    |    Current Node    |     Objective Bounds      |     Work
 Expl Unexpl |  Obj  Depth IntInf | Incumbent    BestBd   Gap | It/Node Time

     0     0 6352659.47    0   77 9.3182e+07 6352659.47  93.2%     -    0s
H    0     0                    7.267650e+07 6352659.47  91.3%     -    0s
H    0     0                    6.356310e+07 6352659.47  90.0%     -    0s
     0     0 1.1770e+07    0   81 6.3563e+07 1.1770e+07  81.5%     -    0s
H    0     0                    6.308090e+07 1.1770e+07  81.3%     -    0s
H    0     0                    5.282130e+07 1.1770e+07  77.7%     -    0s
     0     0 1.1843e+07    0   61 5.2821e+07 1.1843e+07  77.6%     -    0s
     0     0 1.1853e+07    0   67 5.2821e+07 1.1853e+07  77.6%     -    0s
     0     0 1.1865e+07    0   88 5.2821e+07 1.1865e+07  77.5%     -    0s
     0     0 1.1869e+07    0   57 5.2821e+07 1.1869e+07  77.5%     -    0s
H    0     0                    5.253510e+07 1.1869e+07  77.4%     -    0s
     0     0 1.1869e+07    0   69 5.2535e+07 1.1869e+07  77.4%     -    0s
     0     0 1.1869e+07    0   52 5.2535e+07 1.1869e+07  77.4%     -    0s
     0     0 1.1876e+07    0   80 5.2535e+07 1.1876e+07  77.4%     -    0s
     0     0 1.1881e+07    0   83 5.2535e+07 1.1881e+07  77.4%     -    0s
     0     0 1.1888e+07    0   49 5.2535e+07 1.1888e+07  77.4%     -    0s
     0     0 1.1889e+07    0   60 5.2535e+07 1.1889e+07  77.4%     -    0s
     0     0 1.1889e+07    0   54 5.2535e+07 1.1889e+07  77.4%     -    0s
     0     0 1.1889e+07    0   55 5.2535e+07 1.1889e+07  77.4%     -    0s
     0     0 1.1889e+07    0   55 5.2535e+07 1.1889e+07  77.4%     -    0s
     0     2 1.1889e+07    0   55 5.2535e+07 1.1889e+07  77.4%     -    0s
H  324   218                    4.279220e+07 1.2063e+07  71.8%  51.3    1s
*  594   358              14    4.267370e+07 1.2236e+07  71.3%  49.7    1s
*  596   358              13    4.244760e+07 1.2236e+07  71.2%  49.7    1s
   755   449 3.2918e+07   44  148 4.2448e+07 1.2423e+07  70.7%  47.0    5s
   903   532 2.2444e+07   23   75 4.2448e+07 1.2608e+07  70.3%  40.9   10s
  2135   888 3.3280e+07   36   57 4.2448e+07 1.5199e+07  64.2%  71.2   15s
  3388  1491 3.3885e+07   29   72 4.2448e+07 1.6895e+07  60.2%  80.0   20s
  4625  2072 3.2996e+07   34   26 4.2448e+07 2.1981e+07  48.2%  84.1   25s
  6147  3052     cutoff   48      4.2448e+07 2.2161e+07  47.8%  80.8   30s
  7626  3938 2.3699e+07   34   96 4.2448e+07 2.2263e+07  47.6%  80.5   35s
  8928  4721 3.3107e+07   44   67 4.2448e+07 2.2317e+07  47.4%  80.5   40s
* 8985  4721              40    4.238750e+07 2.2317e+07  47.4%  80.5   40s
H 9750  5003                    4.226920e+07 2.2359e+07  47.1%  81.8   42s
 10221  5190 infeasible   32      4.2269e+07 2.2381e+07  47.1%  82.4   45s
 11494  5511 infeasible   41      4.2269e+07 2.2446e+07  46.9%  84.8   50s
 12536  5825 2.2487e+07   21   47 4.2269e+07 2.2471e+07  46.8%  85.9   55s
 13806  6095 2.2758e+07   22   47 4.2269e+07 2.2507e+07  46.8%  87.7   60s
 14539  6272 2.2911e+07   29   55 4.2269e+07 2.2520e+07  46.7%  88.7   69s
 14541  6273 3.4872e+07   42   61 4.2269e+07 2.2520e+07  46.7%  88.7   70s
 14556  6283 2.2731e+07   30  120 4.2269e+07 2.2520e+07  46.7%  88.6   75s
 14688  6330 3.4777e+07   39   55 4.2269e+07 2.2520e+07  46.7%  89.1   81s
 15918  6512     cutoff   38      4.2269e+07 2.2520e+07  46.7%  86.9   85s
 17881  6604 2.5806e+07   46   79 4.2269e+07 2.2520e+07  46.7%  85.4   90s
 19956  6616 2.3335e+07   45   55 4.2269e+07 2.2520e+07  46.7%  84.4   96s
 21628  6567 3.2754e+07   34   43 4.2269e+07 2.2520e+07  46.7%  83.8  100s
 23225  6464 3.2724e+07   46   47 4.2269e+07 2.2520e+07  46.7%  83.6  105s
 25012  6274 2.2784e+07   37   50 4.2269e+07 2.2520e+07  46.7%  83.5  110s
 26654  6096 3.3290e+07   43   33 4.2269e+07 2.2524e+07  46.7%  83.4  116s
 28130  5855     cutoff   41      4.2269e+07 2.2553e+07  46.6%  83.6  121s
 29557  5715 2.3354e+07   34   57 4.2269e+07 2.2576e+07  46.6%  83.5  125s
 31246  5451 infeasible   56      4.2269e+07 2.2594e+07  46.5%  83.6  131s
 32370  5303     cutoff   55      4.2269e+07 2.2611e+07  46.5%  83.6  136s
 33919  5221 infeasible   36      4.2269e+07 2.2638e+07  46.4%  83.5  141s
 35496  5500 2.4534e+07   34   99 4.2269e+07 2.2664e+07  46.4%  83.5  146s
 36948  5756 3.9852e+07   58   32 4.2269e+07 2.2681e+07  46.3%  83.6  150s
 38303  5893 3.3242e+07   53   17 4.2269e+07 2.2701e+07  46.3%  83.8  155s
 40006  6183 2.2747e+07   33   40 4.2269e+07 2.2727e+07  46.2%  83.9  160s
 41392  6367 infeasible   41      4.2269e+07 2.2744e+07  46.2%  84.0  165s
 43428  6705 3.3001e+07   52   41 4.2269e+07 2.2767e+07  46.1%  83.9  170s
 45048  6869 2.3563e+07   39   50 4.2269e+07 2.2791e+07  46.1%  84.1  175s
 46650  7089     cutoff   55      4.2269e+07 2.2808e+07  46.0%  84.2  180s
 48251  7307 2.3011e+07   52   66 4.2269e+07 2.2824e+07  46.0%  84.1  185s
 50044  7532     cutoff   45      4.2269e+07 2.2843e+07  46.0%  84.3  190s
 51719  7731     cutoff   51      4.2269e+07 2.2860e+07  45.9%  84.4  195s
 53098  7834 3.3268e+07   42    9 4.2269e+07 2.2875e+07  45.9%  84.6  200s
 54874  7946 2.3198e+07   46   64 4.2269e+07 2.2894e+07  45.8%  84.7  205s
 56604  8119 2.2913e+07   42   54 4.2269e+07 2.2911e+07  45.8%  84.7  210s
 58301  8286 2.3215e+07   41   57 4.2269e+07 2.2931e+07  45.8%  84.8  215s
 59835  8407 infeasible   38      4.2269e+07 2.2949e+07  45.7%  85.0  220s
 61414  8563 2.3225e+07   46   47 4.2269e+07 2.2964e+07  45.7%  85.0  225s
 62950  8702 infeasible   52      4.2269e+07 2.2980e+07  45.6%  85.2  230s
 64499  8782 3.3527e+07   40   56 4.2269e+07 2.2996e+07  45.6%  85.4  235s
 66007  8868 2.3779e+07   37   80 4.2269e+07 2.3012e+07  45.6%  85.4  240s
 67629  8933 3.3890e+07   35   50 4.2269e+07 2.3029e+07  45.5%  85.5  245s
 69426  9014 infeasible   49      4.2269e+07 2.3049e+07  45.5%  85.6  250s
 70958  9055     cutoff   58      4.2269e+07 2.3068e+07  45.4%  85.5  255s
 72774  9124 3.3388e+07   50   45 4.2269e+07 2.3088e+07  45.4%  85.6  260s
 74337  9220 2.3514e+07   48   70 4.2269e+07 2.3104e+07  45.3%  85.5  265s
 76056  9291 infeasible   45      4.2269e+07 2.3124e+07  45.3%  85.7  270s
 77797  9333 infeasible   40      4.2269e+07 2.3143e+07  45.2%  85.8  275s
 79142  9307 2.8704e+07   43   57 4.2269e+07 2.3160e+07  45.2%  86.0  280s
 80893  9354 2.5461e+07   58   43 4.2269e+07 2.3179e+07  45.2%  86.1  285s
 82489  9309     cutoff   35      4.2269e+07 2.3201e+07  45.1%  86.2  290s
 84217  9330 3.6446e+07   46   36 4.2269e+07 2.3225e+07  45.1%  86.4  295s
 85608  9331 2.3430e+07   60   70 4.2269e+07 2.3244e+07  45.0%  86.4  300s
 87294  9337 3.4693e+07   48   86 4.2269e+07 2.3268e+07  45.0%  86.5  305s
 88930  9326 3.5115e+07   62   66 4.2269e+07 2.3290e+07  44.9%  86.5  310s
 90509  9309     cutoff   48      4.2269e+07 2.3311e+07  44.9%  86.6  315s
 91908  9213 infeasible   52      4.2269e+07 2.3333e+07  44.8%  86.8  320s
 93387  9105 2.3376e+07   57   81 4.2269e+07 2.3361e+07  44.7%  86.9  325s
 94934  9020 3.3525e+07   50   49 4.2269e+07 2.3388e+07  44.7%  87.0  330s
 96182  8918 3.3449e+07   56   16 4.2269e+07 2.3414e+07  44.6%  87.2  335s
 97731  8894 infeasible   54      4.2269e+07 2.3436e+07  44.6%  87.2  340s
 99269  8811 2.7105e+07   43   53 4.2269e+07 2.3466e+07  44.5%  87.3  345s
 100761  8735 3.3364e+07   45   62 4.2269e+07 2.3497e+07  44.4%  87.4  350s
 102344  8703 3.4130e+07   35   66 4.2269e+07 2.3535e+07  44.3%  87.5  355s
 103723  8608 2.6078e+07   46   85 4.2269e+07 2.3570e+07  44.2%  87.6  360s
 105242  8525 2.5061e+07   57   62 4.2269e+07 2.3610e+07  44.1%  87.8  365s
 106600  8406 2.4937e+07   65   78 4.2269e+07 2.3655e+07  44.0%  87.9  370s
 108092  8311 2.3964e+07   52   47 4.2269e+07 2.3698e+07  43.9%  87.9  375s
 109500  8211 2.9760e+07   52   65 4.2269e+07 2.3751e+07  43.8%  88.0  380s
 110946  8092     cutoff   64      4.2269e+07 2.3815e+07  43.7%  88.2  385s
 112603  7937 3.4058e+07   51   68 4.2269e+07 2.3903e+07  43.5%  88.2  390s
 114169  7762 3.4139e+07   55   73 4.2269e+07 2.4003e+07  43.2%  88.4  395s
 115605  7651 3.4183e+07   50   55 4.2269e+07 2.4112e+07  43.0%  88.4  400s
 117236  7493 2.4281e+07   43   58 4.2269e+07 2.4281e+07  42.6%  88.5  405s
 118627  7312 3.2973e+07   51   35 4.2269e+07 2.4464e+07  42.1%  88.5  410s
 120258  7133 2.6388e+07   50   61 4.2269e+07 2.4729e+07  41.5%  88.5  415s
 121772  6905     cutoff   43      4.2269e+07 2.5055e+07  40.7%  88.5  420s
 123225  6637 2.5570e+07   36   73 4.2269e+07 2.5570e+07  39.5%  88.5  425s
 124876  6392     cutoff   61      4.2269e+07 2.6246e+07  37.9%  88.5  430s
 126448  6049 infeasible   48      4.2269e+07 2.7260e+07  35.5%  88.5  435s
 128051  5782 3.3184e+07   51   36 4.2269e+07 2.8439e+07  32.7%  88.5  440s
 129708  5408 3.2389e+07   42   10 4.2269e+07 3.0696e+07  27.4%  88.5  445s
 131383  5173 3.2902e+07   51   55 4.2269e+07 3.2061e+07  24.1%  88.4  450s
 133126  5289 3.4663e+07   39   29 4.2269e+07 3.2276e+07  23.6%  88.2  455s
 134858  5433     cutoff   41      4.2269e+07 3.2373e+07  23.4%  88.1  460s
 136417  5374 infeasible   42      4.2269e+07 3.2453e+07  23.2%  88.1  465s
 137954  5187 infeasible   46      4.2269e+07 3.2529e+07  23.0%  88.1  470s
 139415  4969 3.2775e+07   40   24 4.2269e+07 3.2608e+07  22.9%  88.1  475s
 140821  4646     cutoff   40      4.2269e+07 3.2697e+07  22.6%  88.1  480s
 142250  4264 infeasible   55      4.2269e+07 3.2793e+07  22.4%  88.2  485s
 143818  3822 infeasible   37      4.2269e+07 3.2890e+07  22.2%  88.2  490s
 145337  3362     cutoff   47      4.2269e+07 3.2996e+07  21.9%  88.1  495s
 146762  2831 infeasible   42      4.2269e+07 3.3115e+07  21.7%  88.1  500s
 148540  2020 infeasible   57      4.2269e+07 3.3324e+07  21.2%  88.1  505s
 150398  1074     cutoff   43      4.2269e+07 3.3799e+07  20.0%  87.9  510s
 152408     8     cutoff   46      4.2269e+07 4.0928e+07  3.17%  87.8  515s

Cutting planes:
  Gomory: 5
  Implied bound: 48
  Clique: 6
  MIR: 37
  Flow cover: 12
  Zero half: 32

Explored 152461 nodes (13429397 simplex iterations) in 515.04 seconds
Thread count was 2 (of 4 available processors)

Optimal solution found (tolerance 1.00e-04)
Best objective 4.226920000000e+07, best bound 4.226920000000e+07, gap 0.0%
k_c1	100000.0
k_c2	60000.0
k_c3	30000.0
k_c4	100000.0
k_c5	40000.0
k_c6	70000.0
k_c7	100000.0
k_c8	100000.0
k_c9	100000.0
k_dN	0.0
kDash_c1	40000.0
kDash_c2	0.0
kDash_c3	0.0
kDash_c4	30000.0
kDash_c5	0.0
kDash_c6	30000.0
kDash_c7	80000.0
kDash_c8	70000.0
kDash_c9	40000.0
o_1	0.0
o_2	0.0
o_3	0.0
o_4	0.0
o_5	0.0
o_6	0.0
o_7	0.0
o_8	0.0
o_9	0.0
p_1	0.0
p_2	0.0
p_3	0.0
p_4	1.0
p_5	0.0
p_6	0.0
p_7	0.0
p_8	0.0
p_9	1.0
phi_c1	174865.0
phi_c2	11835.0
phi_c3	14410.0
phi_c4	189550.0
phi_c5	20994.0
phi_c6	33992.0
phi_c7	191617.0
phi_c8	47488.0
phi_c9	164528.0
phi_d0	200000.0
phi_dN	0.0
pi_c1	449999.0
pi_c2	440000.0
pi_c3	500000.0
pi_c4	440000.0
pi_c5	500000.0
pi_c6	430000.0
pi_c7	500000.0
pi_c8	399999.0
pi_c9	500000.0
pi_dN	0.0
tauD_c1	532500.0
tauD_c2	800000.0
tauD_c3	843475.0
tauD_c4	161974.0
tauD_c5	650000.0
tauD_c6	700299.0
tauD_c7	100000.0
tauD_c8	625223.0
tauD_c9	65972.0
tauD_d0	0.0
tauD_dN	1000000.0
tauS_c1	865125.0
tauS_c2	875775.0
tauS_c3	866150.0
tauS_c4	307349.0
tauS_c5	871450.0
tauS_c6	840275.0
tauS_c7	888675.0
tauS_c8	884475.0
tauS_c9	130599.0
tauS_d0	0.0
tauS_dN	458898.0
x_c1_c5	1.0
x_c2_dN	1.0
x_c3_dN	1.0
x_c4_c1	1.0
x_c5_dN	1.0
x_c6_c3	1.0
x_c7_c2	1.0
x_c8_c6	1.0
x_c9_c8	1.0
x_d0_c4	1.0
x_d0_c7	1.0
x_d0_c9	1.0
z_c4_dN	1.0
z_c9_c4	1.0
z_d0_c9	1.0
