
Gurobi 6.0.4 (win64) logging started 06/17/15 14:37:44

Read LP format model from file C:\MT\repository\VRPTWMS\instances\mip\freight\N9-C_DV10-C_SV50_F20_7_No_1.lp
Reading time = 0.01 seconds
(null): 433 rows, 261 columns, 1839 nonzeros
Optimize a model with 433 rows, 261 columns and 1839 nonzeros
Model has 900 quadratic constraints
Coefficient statistics:
  Matrix range    [1e+00, 1e+06]
  Objective range [6e+04, 1e+07]
  Bounds range    [1e+00, 1e+06]
  RHS range       [1e+00, 1e+06]
Presolve removed 76 rows and 30 columns
Presolve time: 0.06s
Presolved: 2188 rows, 1187 columns, 10252 nonzeros
Variable types: 875 continuous, 312 integer (254 binary)
Found heuristic solution: objective 9.441060e+07

Root relaxation: objective 4.645211e+06, 185 iterations, 0.01 seconds

    Nodes    |    Current Node    |     Objective Bounds      |     Work
 Expl Unexpl |  Obj  Depth IntInf | Incumbent    BestBd   Gap | It/Node Time

     0     0 4645210.85    0   69 9.4411e+07 4645210.85  95.1%     -    0s
H    0     0                    8.423940e+07 4645210.85  94.5%     -    0s
H    0     0                    5.333490e+07 4645210.85  91.3%     -    0s
     0     0 1.1741e+07    0  106 5.3335e+07 1.1741e+07  78.0%     -    0s
H    0     0                    5.323820e+07 1.1741e+07  77.9%     -    0s
     0     0 1.1919e+07    0   86 5.3238e+07 1.1919e+07  77.6%     -    0s
     0     0 1.1943e+07    0   99 5.3238e+07 1.1943e+07  77.6%     -    0s
H    0     0                    5.307030e+07 1.1943e+07  77.5%     -    0s
     0     0 1.1960e+07    0  107 5.3070e+07 1.1960e+07  77.5%     -    0s
     0     0 1.1960e+07    0  106 5.3070e+07 1.1960e+07  77.5%     -    0s
     0     0 1.1960e+07    0  119 5.3070e+07 1.1960e+07  77.5%     -    0s
     0     0 1.1960e+07    0   91 5.3070e+07 1.1960e+07  77.5%     -    0s
     0     0 1.1960e+07    0   96 5.3070e+07 1.1960e+07  77.5%     -    0s
     0     0 1.1960e+07    0  108 5.3070e+07 1.1960e+07  77.5%     -    0s
     0     0 1.1960e+07    0   97 5.3070e+07 1.1960e+07  77.5%     -    0s
     0     2 1.1960e+07    0   97 5.3070e+07 1.1960e+07  77.5%     -    0s
*   84    70              41    4.347670e+07 1.2028e+07  72.3%  49.9    0s
*   86    70              40    4.346330e+07 1.2028e+07  72.3%  48.8    0s
H   91    75                    4.336660e+07 1.2028e+07  72.3%  51.3    0s
H   92    70                    4.311290e+07 1.2088e+07  72.0%  52.6    0s
H  128    91                    4.308030e+07 1.2088e+07  71.9%  49.1    0s
   754   498 2.2458e+07   16  122 4.3080e+07 2.1887e+07  49.2%  55.7    5s
  1690   880     cutoff   71      4.3080e+07 2.2366e+07  48.1%  37.3   10s
* 1770   852              49    4.294700e+07 2.2367e+07  47.9%  37.2   10s
* 2569  1135              53    4.281890e+07 2.2413e+07  47.7%  43.0   11s
H 2590  1156                    4.278630e+07 2.2413e+07  47.6%  43.3   12s
* 2791  1233              50    4.271320e+07 2.2427e+07  47.5%  44.2   12s
H 2823  1258                    4.264850e+07 2.2428e+07  47.4%  44.2   12s
  3543  1613 3.2998e+07   39   37 4.2649e+07 2.2456e+07  47.3%  48.9   15s
  4807  2189 3.3313e+07   47   43 4.2649e+07 2.2495e+07  47.3%  54.2   20s
  6140  2786 2.3245e+07   38   84 4.2649e+07 2.2525e+07  47.2%  57.6   25s
  7634  3346 2.3283e+07   42   75 4.2649e+07 2.2560e+07  47.1%  60.8   30s
  8977  3963 2.3393e+07   55   51 4.2649e+07 2.2590e+07  47.0%  63.1   35s
 10429  4525 infeasible   51      4.2649e+07 2.2612e+07  47.0%  64.5   40s
 11965  5120 3.3048e+07   38    4 4.2649e+07 2.2633e+07  46.9%  65.5   45s
 13537  5805 2.3452e+07   41   94 4.2649e+07 2.2655e+07  46.9%  66.1   50s
 14674  6223 2.8136e+07   45   97 4.2649e+07 2.2675e+07  46.8%  66.3   56s
 14687  6232 3.3530e+07   56   94 4.2649e+07 2.2675e+07  46.8%  66.3   60s
 14705  6244 2.3181e+07   47  109 4.2649e+07 2.2675e+07  46.8%  66.2   65s
 14725  6258 2.2675e+07   42   53 4.2649e+07 2.2675e+07  46.8%  66.9   70s
 15471  6421 2.3290e+07   62   50 4.2649e+07 2.2675e+07  46.8%  67.2   75s
 16988  6586 2.5829e+07   71  102 4.2649e+07 2.2675e+07  46.8%  68.3   80s
 18279  6686 infeasible   60      4.2649e+07 2.2675e+07  46.8%  69.3   85s
 19829  6761 3.3607e+07   61   61 4.2649e+07 2.2675e+07  46.8%  69.7   90s
 21672  6661 2.6172e+07   68   73 4.2649e+07 2.2711e+07  46.7%  69.6   96s
 22889  6642     cutoff   74      4.2649e+07 2.2752e+07  46.7%  70.1  100s
 24200  6611     cutoff   51      4.2649e+07 2.2773e+07  46.6%  70.4  105s
 25425  6549 infeasible   54      4.2649e+07 2.2796e+07  46.5%  70.7  110s
 26645  6434 3.3849e+07   60   65 4.2649e+07 2.2825e+07  46.5%  70.9  116s
 27751  6372     cutoff   53      4.2649e+07 2.2846e+07  46.4%  71.1  120s
 28706  6315 3.3456e+07   56   61 4.2649e+07 2.2860e+07  46.4%  71.2  126s
 29614  6181 3.3159e+07   67   37 4.2649e+07 2.2881e+07  46.3%  71.4  130s
 30730  6057     cutoff   79      4.2649e+07 2.2897e+07  46.3%  71.5  135s
 31989  5885 2.7697e+07   58   59 4.2649e+07 2.2920e+07  46.3%  71.8  141s
 32954  5746     cutoff   56      4.2649e+07 2.2933e+07  46.2%  71.8  145s
 34335  5899 2.7883e+07   68   18 4.2649e+07 2.2957e+07  46.2%  71.8  151s
 35345  6134 3.3554e+07   65    1 4.2649e+07 2.2972e+07  46.1%  71.9  155s
 36692  6413     cutoff   59      4.2649e+07 2.2990e+07  46.1%  71.9  160s
 38577  6816 infeasible   59      4.2649e+07 2.3011e+07  46.0%  71.8  166s
 39631  7053 3.3625e+07   68   41 4.2649e+07 2.3023e+07  46.0%  71.8  170s
 41098  7369 3.3977e+07   69   20 4.2649e+07 2.3039e+07  46.0%  71.7  175s
 42708  7610 infeasible   63      4.2649e+07 2.3057e+07  45.9%  71.9  180s
 43902  7845     cutoff   57      4.2649e+07 2.3076e+07  45.9%  72.1  185s
 45115  8042     cutoff   62      4.2649e+07 2.3094e+07  45.9%  72.3  190s
 46680  8355     cutoff   66      4.2649e+07 2.3113e+07  45.8%  72.4  195s
 47948  8508 3.3695e+07   58   38 4.2649e+07 2.3129e+07  45.8%  72.7  200s
 49432  8705 3.3477e+07   62   26 4.2649e+07 2.3145e+07  45.7%  72.8  205s
 50927  8896 3.5995e+07   53   23 4.2649e+07 2.3163e+07  45.7%  72.9  210s
 52307  9131 2.3479e+07   63   64 4.2649e+07 2.3175e+07  45.7%  73.1  215s
 53462  9354 2.7023e+07   69   56 4.2649e+07 2.3185e+07  45.6%  73.1  220s
 54653  9573 infeasible   82      4.2649e+07 2.3196e+07  45.6%  73.1  225s
 56297  9833 3.3576e+07   64   50 4.2649e+07 2.3213e+07  45.6%  73.3  230s
 57677 10083 2.7718e+07   52   76 4.2649e+07 2.3227e+07  45.5%  73.4  235s
 59302 10273     cutoff   66      4.2649e+07 2.3245e+07  45.5%  73.5  240s
 60604 10460     cutoff   68      4.2649e+07 2.3260e+07  45.5%  73.6  245s
 61528 10537     cutoff   68      4.2649e+07 2.3273e+07  45.4%  73.8  250s
 62612 10620     cutoff   66      4.2649e+07 2.3281e+07  45.4%  73.9  255s
 63891 10772 2.4951e+07   55   85 4.2649e+07 2.3292e+07  45.4%  74.0  261s
 64860 10887 infeasible   68      4.2649e+07 2.3303e+07  45.4%  74.2  265s
 65988 10997 3.4212e+07   63   70 4.2649e+07 2.3316e+07  45.3%  74.4  270s
 67352 11110 2.6775e+07   62   73 4.2649e+07 2.3331e+07  45.3%  74.6  275s
 68400 11231 infeasible   62      4.2649e+07 2.3341e+07  45.3%  74.7  280s
 69930 11362 infeasible   61      4.2649e+07 2.3357e+07  45.2%  74.8  285s
 71096 11456 3.3607e+07   76   80 4.2649e+07 2.3369e+07  45.2%  74.9  290s
 72498 11566 3.3525e+07   75   49 4.2649e+07 2.3386e+07  45.2%  75.1  295s
 73844 11652 2.4925e+07   70   78 4.2649e+07 2.3405e+07  45.1%  75.3  300s
 75209 11763     cutoff   68      4.2649e+07 2.3418e+07  45.1%  75.4  305s
 76344 11849 infeasible   71      4.2649e+07 2.3431e+07  45.1%  75.6  310s
 77690 11919 3.3811e+07   60   49 4.2649e+07 2.3450e+07  45.0%  75.7  315s
 78853 11971 infeasible   70      4.2649e+07 2.3467e+07  45.0%  75.8  320s
 79870 12053 infeasible   59      4.2649e+07 2.3480e+07  44.9%  75.9  325s
 81083 12127 infeasible   68      4.2649e+07 2.3491e+07  44.9%  76.0  330s
 82055 12180 infeasible   72      4.2649e+07 2.3505e+07  44.9%  76.1  335s
 82968 12236 2.4514e+07   64   97 4.2649e+07 2.3520e+07  44.9%  76.2  340s
 84003 12279 2.6155e+07   61   58 4.2649e+07 2.3534e+07  44.8%  76.4  345s
 85045 12296 infeasible   65      4.2649e+07 2.3549e+07  44.8%  76.5  350s
 86402 12326 infeasible   66      4.2649e+07 2.3573e+07  44.7%  76.7  355s
 86933 12366 2.6170e+07   63   39 4.2649e+07 2.3582e+07  44.7%  76.7  360s
 88093 12424 3.6102e+07   68   29 4.2649e+07 2.3601e+07  44.7%  76.8  365s
 89177 12431 infeasible   82      4.2649e+07 2.3623e+07  44.6%  77.0  370s
 89977 12433 3.6964e+07   66   80 4.2649e+07 2.3644e+07  44.6%  77.1  375s
 91164 12427 3.3792e+07   73   44 4.2649e+07 2.3674e+07  44.5%  77.3  380s
 92451 12418     cutoff   74      4.2649e+07 2.3706e+07  44.4%  77.4  385s
 93512 12334 infeasible   75      4.2649e+07 2.3739e+07  44.3%  77.6  390s
 94797 12320 3.3651e+07   64   77 4.2649e+07 2.3772e+07  44.3%  77.8  395s
H95007 12313                    4.262950e+07 2.3776e+07  44.2%  77.8  396s
 95960 12246 2.9408e+07   66   68 4.2630e+07 2.3809e+07  44.1%  78.0  400s
 97120 12200     cutoff   67      4.2630e+07 2.3854e+07  44.0%  78.1  405s
 97923 12185 3.5266e+07   58  109 4.2630e+07 2.3891e+07  44.0%  78.2  410s
 98873 12138 infeasible   72      4.2630e+07 2.3941e+07  43.8%  78.4  415s
 99918 12077 3.3571e+07   65   52 4.2630e+07 2.4007e+07  43.7%  78.5  420s
 101110 12010 infeasible   69      4.2630e+07 2.4112e+07  43.4%  78.6  425s
 102451 11931     cutoff   67      4.2630e+07 2.4261e+07  43.1%  78.8  430s
 103719 11839     cutoff   69      4.2630e+07 2.4483e+07  42.6%  78.9  435s
 104973 11826 infeasible   63      4.2630e+07 2.4751e+07  41.9%  78.8  440s
 106352 11771     cutoff   70      4.2630e+07 2.5099e+07  41.1%  78.9  445s
 107896 11775     cutoff   61      4.2630e+07 2.5432e+07  40.3%  78.8  450s
 109227 11692 2.5728e+07   62  103 4.2630e+07 2.5728e+07  39.6%  78.7  455s
 110636 11585 3.3605e+07   60   56 4.2630e+07 2.6165e+07  38.6%  78.8  460s
 112216 11517     cutoff   68      4.2630e+07 2.6581e+07  37.6%  78.6  465s
 113592 11429 3.7260e+07   70   27 4.2630e+07 2.6940e+07  36.8%  78.6  470s
 115149 11292 3.4219e+07   66   31 4.2630e+07 2.7633e+07  35.2%  78.6  475s
 116760 11294 2.8239e+07   63   32 4.2630e+07 2.8208e+07  33.8%  78.4  480s
 117862 11258 infeasible   60      4.2630e+07 2.8419e+07  33.3%  78.3  485s
 118771 11160 3.3916e+07   71   45 4.2630e+07 2.8674e+07  32.7%  78.3  490s
 119792 11059 infeasible   70      4.2630e+07 2.9070e+07  31.8%  78.4  495s
 120919 10920 3.3146e+07   70   51 4.2630e+07 2.9886e+07  29.9%  78.4  500s
 122392 10832 3.3355e+07   69   23 4.2630e+07 3.0934e+07  27.4%  78.4  505s
 123962 10734 3.3008e+07   66   14 4.2630e+07 3.1741e+07  25.5%  78.4  510s
 124880 10660 3.3219e+07   66    7 4.2630e+07 3.2036e+07  24.9%  78.3  515s
 126009 10641 3.3309e+07   72   68 4.2630e+07 3.2092e+07  24.7%  78.3  520s
 127287 10638 3.3058e+07   64    9 4.2630e+07 3.2219e+07  24.4%  78.2  525s
 128904 10604 3.3101e+07   68   59 4.2630e+07 3.2539e+07  23.7%  78.0  530s
 130001 10595 infeasible   66      4.2630e+07 3.2700e+07  23.3%  77.9  535s
 131352 10665 infeasible   70      4.2630e+07 3.2777e+07  23.1%  77.7  540s
 132992 10787 3.3268e+07   73   42 4.2630e+07 3.2844e+07  23.0%  77.3  545s
 134785 10915 3.2899e+07   59   10 4.2630e+07 3.2884e+07  22.9%  76.9  550s
 136552 11111 infeasible   55      4.2630e+07 3.2912e+07  22.8%  76.6  555s
 138361 11407 infeasible   72      4.2630e+07 3.2932e+07  22.7%  76.2  560s
 140464 11589 3.2983e+07   62   18 4.2630e+07 3.2956e+07  22.7%  75.8  565s
 142209 11776 3.3247e+07   51    4 4.2630e+07 3.2970e+07  22.7%  75.4  570s
 144290 11971 3.2989e+07   66   10 4.2630e+07 3.2986e+07  22.6%  75.0  575s
 146297 12164 3.6975e+07   79   14 4.2630e+07 3.3000e+07  22.6%  74.6  580s
 147515 12235 3.3441e+07   73   29 4.2630e+07 3.3008e+07  22.6%  74.4  585s
 148860 12392 3.3068e+07   62    8 4.2630e+07 3.3017e+07  22.5%  74.2  590s
 150551 12475 3.3037e+07   55   23 4.2630e+07 3.3028e+07  22.5%  73.9  595s
 152193 12579 3.3222e+07   58   47 4.2630e+07 3.3038e+07  22.5%  73.6  600s
 153398 12625     cutoff   65      4.2630e+07 3.3044e+07  22.5%  73.4  605s
 155049 12712 3.3058e+07   68   12 4.2630e+07 3.3054e+07  22.5%  73.1  610s
 156961 12810 3.3069e+07   54   25 4.2630e+07 3.3064e+07  22.4%  72.8  615s
 158771 12862 3.3081e+07   66   10 4.2630e+07 3.3074e+07  22.4%  72.5  620s
 160620 12917 3.3226e+07   70   17 4.2630e+07 3.3083e+07  22.4%  72.2  625s
 162752 13070 infeasible   67      4.2630e+07 3.3093e+07  22.4%  71.9  630s
 164468 13162 infeasible   67      4.2630e+07 3.3101e+07  22.4%  71.7  635s
 166216 13155 3.3115e+07   56   38 4.2630e+07 3.3109e+07  22.3%  71.5  640s
 167581 13178 infeasible   68      4.2630e+07 3.3116e+07  22.3%  71.3  645s
 169217 13167     cutoff   68      4.2630e+07 3.3123e+07  22.3%  71.1  650s
 171117 13207 3.3325e+07   56   18 4.2630e+07 3.3131e+07  22.3%  70.9  655s
 173102 13329 3.3166e+07   63    6 4.2630e+07 3.3139e+07  22.3%  70.7  660s
 174948 13331 3.3191e+07   73   29 4.2630e+07 3.3147e+07  22.2%  70.5  665s
 176884 13457 3.3156e+07   66   41 4.2630e+07 3.3155e+07  22.2%  70.3  670s
 178541 13556 3.3163e+07   61   32 4.2630e+07 3.3161e+07  22.2%  70.1  675s
 180302 13544 3.3185e+07   64    4 4.2630e+07 3.3168e+07  22.2%  69.9  680s
 182190 13580 3.3183e+07   66   41 4.2630e+07 3.3175e+07  22.2%  69.8  685s
 183948 13587 3.3267e+07   67   22 4.2630e+07 3.3183e+07  22.2%  69.6  690s
 185681 13651 3.3560e+07   67   38 4.2630e+07 3.3190e+07  22.1%  69.5  695s
 187303 13715 3.3226e+07   58   22 4.2630e+07 3.3196e+07  22.1%  69.3  700s
 189148 13726 3.3208e+07   64   59 4.2630e+07 3.3203e+07  22.1%  69.1  705s
 191006 13742 infeasible   61      4.2630e+07 3.3210e+07  22.1%  68.9  710s
 192933 13823 3.3255e+07   77   25 4.2630e+07 3.3217e+07  22.1%  68.8  715s
 194236 13831     cutoff   61      4.2630e+07 3.3221e+07  22.1%  68.6  720s
 195783 13841 3.3744e+07   64   52 4.2630e+07 3.3227e+07  22.1%  68.5  725s
 197253 13841 infeasible   65      4.2630e+07 3.3231e+07  22.0%  68.5  730s
 199314 13814 infeasible   77      4.2630e+07 3.3239e+07  22.0%  68.3  735s
 200982 13752 infeasible   67      4.2630e+07 3.3245e+07  22.0%  68.2  740s
 202644 13718 3.3461e+07   58    7 4.2630e+07 3.3251e+07  22.0%  68.1  745s
 204457 13691 infeasible   71      4.2630e+07 3.3258e+07  22.0%  68.0  750s
 206123 13647 3.3350e+07   69    9 4.2630e+07 3.3264e+07  22.0%  67.9  755s
 207794 13583 infeasible   71      4.2630e+07 3.3270e+07  22.0%  67.8  760s
 209145 13580 infeasible   62      4.2630e+07 3.3274e+07  21.9%  67.7  765s
 210658 13512 infeasible   75      4.2630e+07 3.3280e+07  21.9%  67.6  770s
 212456 13448 infeasible   78      4.2630e+07 3.3287e+07  21.9%  67.5  775s
 214070 13393 infeasible   64      4.2630e+07 3.3292e+07  21.9%  67.5  780s
 215617 13315 infeasible   74      4.2630e+07 3.3298e+07  21.9%  67.4  785s
 217167 13276 3.3320e+07   62   15 4.2630e+07 3.3304e+07  21.9%  67.3  790s
 219118 13172 3.3393e+07   62    9 4.2630e+07 3.3312e+07  21.9%  67.2  795s
 220687 13089 infeasible   65      4.2630e+07 3.3318e+07  21.8%  67.1  800s
 222307 13035 3.3328e+07   65   27 4.2630e+07 3.3324e+07  21.8%  67.0  805s
 223828 12950 infeasible   71      4.2630e+07 3.3330e+07  21.8%  67.0  810s
 225287 12852 3.3337e+07   68   48 4.2630e+07 3.3336e+07  21.8%  66.9  815s
 227061 12678 infeasible   68      4.2630e+07 3.3343e+07  21.8%  66.8  820s
 228778 12544 3.3550e+07   70   24 4.2630e+07 3.3350e+07  21.8%  66.8  825s
 230657 12397 3.3357e+07   56   41 4.2630e+07 3.3357e+07  21.8%  66.7  830s
 232250 12266 infeasible   68      4.2630e+07 3.3364e+07  21.7%  66.6  835s
 233546 12192     cutoff   62      4.2630e+07 3.3369e+07  21.7%  66.6  840s
 234979 12068 3.3557e+07   61    1 4.2630e+07 3.3374e+07  21.7%  66.5  845s
 236664 11946 infeasible   65      4.2630e+07 3.3381e+07  21.7%  66.5  850s
 238158 11865 3.3748e+07   56   35 4.2630e+07 3.3385e+07  21.7%  66.4  855s
 239702 11737 infeasible   58      4.2630e+07 3.3393e+07  21.7%  66.4  860s
 241406 11587 infeasible   58      4.2630e+07 3.3400e+07  21.7%  66.3  865s
 243059 11403 3.3438e+07   63   35 4.2630e+07 3.3408e+07  21.6%  66.3  870s
 244318 11301 infeasible   74      4.2630e+07 3.3414e+07  21.6%  66.2  875s
 245883 11150 infeasible   72      4.2630e+07 3.3420e+07  21.6%  66.2  880s
 247701 11004 3.3836e+07   60   23 4.2630e+07 3.3428e+07  21.6%  66.1  885s
 249403 10884 3.5277e+07   74   38 4.2630e+07 3.3435e+07  21.6%  66.1  890s
 251010 10761 3.3466e+07   60   27 4.2630e+07 3.3443e+07  21.6%  66.0  895s
 252809 10554 3.3551e+07   68    5 4.2630e+07 3.3450e+07  21.5%  66.0  900s
 254339 10417 3.3486e+07   79   28 4.2630e+07 3.3457e+07  21.5%  65.9  905s
 255952 10246 3.3476e+07   62    6 4.2630e+07 3.3465e+07  21.5%  65.9  910s
 257540 10033 infeasible   71      4.2630e+07 3.3473e+07  21.5%  65.9  915s
 259073  9874 infeasible   76      4.2630e+07 3.3482e+07  21.5%  65.8  920s
 260869  9733 3.3544e+07   64    8 4.2630e+07 3.3489e+07  21.4%  65.8  925s
 262489  9564     cutoff   60      4.2630e+07 3.3498e+07  21.4%  65.7  930s
 264042  9427 infeasible   63      4.2630e+07 3.3506e+07  21.4%  65.7  935s
 265506  9190 3.3663e+07   63   47 4.2630e+07 3.3514e+07  21.4%  65.7  940s
 267039  9026 infeasible   68      4.2630e+07 3.3523e+07  21.4%  65.7  945s
 268587  8801 infeasible   66      4.2630e+07 3.3532e+07  21.3%  65.7  950s
 270238  8569 3.3550e+07   64    8 4.2630e+07 3.3542e+07  21.3%  65.6  955s
 271596  8355 3.3596e+07   75   65 4.2630e+07 3.3550e+07  21.3%  65.6  960s
 273496  8094 infeasible   64      4.2630e+07 3.3562e+07  21.3%  65.6  965s
 274986  7883 3.3759e+07   69   14 4.2630e+07 3.3571e+07  21.3%  65.5  970s
 276513  7593     cutoff   70      4.2630e+07 3.3581e+07  21.2%  65.5  975s
 277660  7387 infeasible   71      4.2630e+07 3.3590e+07  21.2%  65.5  980s
 279185  7127 3.3604e+07   56   25 4.2630e+07 3.3602e+07  21.2%  65.5  985s
 280886  6812 3.3622e+07   55   61 4.2630e+07 3.3615e+07  21.1%  65.5  990s
 282335  6516 3.3628e+07   56   12 4.2630e+07 3.3628e+07  21.1%  65.5  995s
 283890  6212     cutoff   73      4.2630e+07 3.3643e+07  21.1%  65.5 1000s
 285548  5863 3.3674e+07   68   34 4.2630e+07 3.3658e+07  21.0%  65.5 1005s
 286791  5596 infeasible   63      4.2630e+07 3.3671e+07  21.0%  65.5 1010s
 288197  5276 3.3875e+07   63    8 4.2630e+07 3.3686e+07  21.0%  65.5 1015s
 289772  4892 3.3746e+07   70   31 4.2630e+07 3.3706e+07  20.9%  65.5 1020s
 291188  4585 3.3820e+07   72   31 4.2630e+07 3.3724e+07  20.9%  65.5 1025s
 292689  4248 3.5319e+07   71    3 4.2630e+07 3.3744e+07  20.8%  65.5 1030s
 294167  3869 3.3767e+07   60   21 4.2630e+07 3.3767e+07  20.8%  65.4 1035s
 295663  3434 infeasible   62      4.2630e+07 3.3799e+07  20.7%  65.5 1040s
 297074  3062 infeasible   73      4.2630e+07 3.3830e+07  20.6%  65.5 1045s
 298670  2679 infeasible   65      4.2630e+07 3.3872e+07  20.5%  65.4 1050s
 300026  2354 3.3982e+07   64   94 4.2630e+07 3.3919e+07  20.4%  65.4 1055s
 301494  1930 3.3992e+07   63   10 4.2630e+07 3.3987e+07  20.3%  65.4 1060s
 302865  1442 infeasible   62      4.2630e+07 3.4126e+07  19.9%  65.4 1065s
 304715   601     cutoff   59      4.2630e+07 3.5917e+07  15.7%  65.4 1070s

Cutting planes:
  Gomory: 14
  Cover: 386
  Implied bound: 284
  Clique: 9
  MIR: 168
  Flow cover: 213
  GUB cover: 12
  Zero half: 99

Explored 305535 nodes (20011582 simplex iterations) in 1071.95 seconds
Thread count was 2 (of 4 available processors)

Optimal solution found (tolerance 1.00e-04)
Best objective 4.262950000000e+07, best bound 4.262950000000e+07, gap 0.0%
k_c1	80000.0
k_c2	60000.0
k_c3	50000.0
k_c4	100000.0
k_c5	40000.0
k_c6	100000.0
k_c7	80000.0
k_c8	80000.0
k_c9	100000.0
k_dN	0.0
kDash_c1	50000.0
kDash_c2	40000.0
kDash_c3	10000.0
kDash_c4	60000.0
kDash_c5	20000.0
kDash_c6	80000.0
kDash_c7	0.0
kDash_c8	20000.0
kDash_c9	20000.0
o_1	0.0
o_2	0.0
o_3	0.0
o_4	0.0
o_5	0.0
o_6	0.0
o_7	0.0
o_8	0.0
o_9	0.0
p_1	0.0
p_2	0.0
p_3	1.0
p_4	0.0
p_5	0.0
p_6	0.0
p_7	0.0
p_8	1.0
p_9	0.0
phi_c1	32982.0
phi_c2	56899.0
phi_c3	26292.0
phi_c4	101329.0
phi_c5	46951.0
phi_c6	45298.0
phi_c7	20124.0
phi_c8	28573.0
phi_c9	21007.0
phi_d0	200000.0
phi_dN	0.0
pi_c1	20000.0
pi_c2	40000.0
pi_c3	90000.0
pi_c4	20000.0
pi_c5	170000.0
pi_c6	0.0
pi_c7	80000.0
pi_c8	170000.0
pi_c9	60000.0
pi_dN	0.0
tauD_c1	474200.0
tauD_c2	194825.0
tauD_c3	650000.0
tauD_c4	100000.0
tauD_c5	300000.0
tauD_c6	83100.0
tauD_c7	773050.0
tauD_c8	225600.0
tauD_c9	700000.0
tauD_d0	0.0
tauD_dN	1000000.0
tauS_c1	0.0
tauS_c2	0.0
tauS_c3	545925.0
tauS_c4	5575.0
tauS_c5	25000.0
tauS_c6	0.0
tauS_c7	0.0
tauS_c8	451350.0
tauS_c9	0.0
tauS_d0	0.0
tauS_dN	802200.0
x_c1_c3	1.0
x_c2_c5	1.0
x_c3_c7	1.0
x_c4_c2	1.0
x_c5_dN	1.0
x_c6_c1	1.0
x_c7_dN	1.0
x_c8_c9	1.0
x_c9_dN	1.0
x_d0_c4	1.0
x_d0_c6	1.0
x_d0_c8	1.0
z_c3_dN	1.0
z_c8_c3	1.0
z_d0_c8	1.0
