
Gurobi 6.0.4 (win64) logging started 06/16/15 20:52:53

Read LP format model from file E:\Eigene Dateien\Downloads\Michi shit\VRPTWMS-master\VRPTWMS\instances\mip\fuel\N10-C_DV100-C_SV25_F5_8_No_1.lp
Reading time = 0.02 seconds
(null): 621 rows, 298 columns, 2643 nonzeros
Optimize a model with 621 rows, 298 columns and 2643 nonzeros
Model has 1100 quadratic constraints
WARNING: Only barrier available for SOCP models
Coefficient statistics:
  Matrix range    [1e+00, 1e+06]
  Objective range [5e+04, 1e+07]
  Bounds range    [1e+00, 1e+06]
  RHS range       [1e+00, 1e+06]
Presolve removed 75 rows and 49 columns
Presolve time: 0.08s
Presolved: 2010 rows, 1010 columns, 10206 nonzeros
Variable types: 703 continuous, 307 integer (254 binary)
Found heuristic solution: objective 1.046888e+08
Optimize a model with 2010 rows, 1010 columns and 10206 nonzeros
Coefficient statistics:
  Matrix range    [1e+00, 1e+06]
  Objective range [5e+04, 1e+07]
  Bounds range    [1e+00, 1e+06]
  RHS range       [1e+00, 1e+06]

Concurrent LP optimizer: dual simplex and barrier
Showing barrier log only...

Presolve removed 231 rows and 138 columns
Presolved: 1779 rows, 876 columns, 9158 nonzeros

Root barrier log...

Ordering time: 0.00s

Barrier performed 0 iterations in 0.09 seconds
Barrier solve interrupted - model solved by another algorithm


Solved with dual simplex
Solved in 82 iterations and 0.09 seconds
Optimal objective  1.290571616e+07

Root relaxation: objective 1.290572e+07, 82 iterations, 0.02 seconds

    Nodes    |    Current Node    |     Objective Bounds      |     Work
 Expl Unexpl |  Obj  Depth IntInf | Incumbent    BestBd   Gap | It/Node Time

     0     0 1.2906e+07    0   27 1.0469e+08 1.2906e+07  87.7%     -    0s
H    0     0                    7.415340e+07 1.2906e+07  82.6%     -    0s
H    0     0                    6.362890e+07 1.2906e+07  79.7%     -    0s
     0     0 2.2421e+07    0    9 6.3629e+07 2.2421e+07  64.8%     -    0s
H    0     0                    3.361040e+07 2.2421e+07  33.3%     -    0s
     0     0 2.2428e+07    0   20 3.3610e+07 2.2428e+07  33.3%     -    0s
     0     0 2.2480e+07    0   17 3.3610e+07 2.2480e+07  33.1%     -    0s
     0     0 2.2510e+07    0   25 3.3610e+07 2.2510e+07  33.0%     -    0s
H    0     0                    3.349190e+07 2.2510e+07  32.8%     -    0s
     0     0 2.2510e+07    0   41 3.3492e+07 2.2510e+07  32.8%     -    0s
     0     0 2.2516e+07    0   52 3.3492e+07 2.2516e+07  32.8%     -    0s
     0     0 2.2519e+07    0   56 3.3492e+07 2.2519e+07  32.8%     -    0s
     0     0 2.2519e+07    0   61 3.3492e+07 2.2519e+07  32.8%     -    0s
     0     0 2.2519e+07    0   58 3.3492e+07 2.2519e+07  32.8%     -    0s
     0     2 2.2519e+07    0   58 3.3492e+07 2.2519e+07  32.8%     -    0s
* 1139   520              26    3.348280e+07 2.2827e+07  31.8%  29.7    0s
  3083  1068 2.3104e+07   29   35 3.3483e+07 2.3080e+07  31.1%  30.7    5s
  7792  1485 3.3406e+07   43   36 3.3483e+07 2.3126e+07  30.9%  39.1   10s
 12753   581 2.7817e+07   23   42 3.3483e+07 2.3793e+07  28.9%  46.8   15s

Cutting planes:
  Learned: 1
  Gomory: 3
  Cover: 4
  Implied bound: 20
  Clique: 1
  MIR: 10
  Flow cover: 22
  GUB cover: 1
  Zero half: 14

Explored 14450 nodes (681196 simplex iterations) in 17.19 seconds
Thread count was 4 (of 4 available processors)

Optimal solution found (tolerance 1.00e-04)
Best objective 3.348280000000e+07, best bound 3.348280000000e+07, gap 0.0%
k_c1	1000000.0
k_c10	970000.0
k_c2	880000.0
k_c3	800000.0
k_c4	860000.0
k_c5	940000.0
k_c6	920000.0
k_c7	960000.0
k_c8	40000.0
k_c9	1000000.0
k_dN	-0.0
o_1	-0.0
o_10	0.0
o_2	-0.0
o_3	-0.0
o_4	-0.0
o_5	-0.0
o_6	0.0
o_7	1.0
o_8	0.0
o_9	-0.0
p_1	1.0000000000000178
p_10	0.0
p_2	0.0
p_3	-0.0
p_4	0.0
p_5	1.0
p_6	0.0
p_7	1.0
p_8	0.0
p_9	0.0
phi_c1	31924.0
phi_c10	20932.0
phi_c2	22110.0
phi_c3	6689.999999999999
phi_c4	14082.0
phi_c5	-0.0
phi_c6	36299.0
phi_c7	-0.0
phi_c8	18003.0
phi_c9	41276.0
phi_dN	-0.0
pi_c1	206690.0
pi_c10	-0.0
pi_c2	-0.0
pi_c3	-0.0
pi_c4	-0.0
pi_c5	49999.99999999911
pi_c6	-0.0
pi_c7	99999.99999999911
pi_c8	-0.0
pi_c9	-0.0
pi_dN	-0.0
tauD_c1	250000.0
tauD_c10	317300.0
tauD_c2	600000.0
tauD_c3	850000.0
tauD_c4	802375.0000000001
tauD_c5	675700.0
tauD_c6	402750.0000000014
tauD_c7	420000.0
tauD_c8	850000.0
tauD_c9	50000.0
tauD_d0	-0.0
tauD_dN	1000000.0
tauS_c1	310000.0000000014
tauS_c10	834675.0
tauS_c2	870875.0
tauS_c3	895000.0
tauS_c4	869375.0
tauS_c5	635700.0
tauS_c6	843675.0
tauS_c7	419150.0000000014
tauS_c8	852724.9999999999
tauS_c9	887400.0
tauS_d0	-0.0
tauS_dN	868250.0000000178
x_c10_c7	1.0
x_c1_c6	1.0
x_c2_c4	1.0
x_c3_dN	1.0
x_c4_c3	1.0
x_c5_c8	1.0
x_c6_c2	1.0
x_c7_c5	1.0
x_c8_dN	1.0
x_c9_c10	1.0
x_d0_c1	1.0
x_d0_c9	1.0
z_c1_c7	1.0
z_c5_dN	0.9999999999999822
z_c7_c5	1.0
z_d0_c1	1.0
