
Gurobi 6.0.2 (win64) logging started 06/12/15 16:44:51

Read LP format model from file C:\MT\repository\VRPTWMS\instances\mip\fuel\N5-C_DV100-C_SV25_F5_0_No_1.lp
Reading time = 0.00 seconds
(null): 186 rows, 103 columns, 698 nonzeros
Optimize a model with 186 rows, 103 columns and 698 nonzeros
Model has 150 quadratic constraints
WARNING: Only barrier available for SOCP models
Coefficient statistics:
  Matrix range    [1e+00, 1e+02]
  Objective range [1e+01, 1e+03]
  Bounds range    [1e+00, 1e+02]
  RHS range       [1e+00, 1e+02]
Presolve removed 22 rows and 13 columns
Presolve time: 0.01s
Presolved: 420 rows, 227 columns, 1915 nonzeros
Variable types: 119 continuous, 108 integer (80 binary)
Found heuristic solution: objective 6322.1300000
Optimize a model with 420 rows, 227 columns and 1915 nonzeros
Coefficient statistics:
  Matrix range    [1e+00, 1e+02]
  Objective range [1e+01, 1e+03]
  Bounds range    [1e+00, 1e+02]
  RHS range       [1e+00, 1e+02]
Presolve removed 52 rows and 37 columns
Presolved: 368 rows, 190 columns, 1716 nonzeros


Root relaxation: objective 1.128731e+03, 30 iterations, 0.00 seconds

    Nodes    |    Current Node    |     Objective Bounds      |     Work
 Expl Unexpl |  Obj  Depth IntInf | Incumbent    BestBd   Gap | It/Node Time

     0     0 1128.73104    0   12 6322.13000 1128.73104  82.1%     -    0s
H    0     0                    4237.5300000 1128.73104  73.4%     -    0s
     0     0 1354.90860    0   18 4237.53000 1354.90860  68.0%     -    0s
     0     0 2135.20000    0    5 4237.53000 2135.20000  49.6%     -    0s
H    0     0                    3211.5500000 2135.20000  33.5%     -    0s
     0     0 2137.30338    0   16 3211.55000 2137.30338  33.4%     -    0s
     0     0 2139.15900    0   17 3211.55000 2139.15900  33.4%     -    0s
     0     0 2140.85333    0    9 3211.55000 2140.85333  33.3%     -    0s
H    0     0                    3199.1000000 2140.85333  33.1%     -    0s
     0     0 2140.86786    0   23 3199.10000 2140.86786  33.1%     -    0s
     0     0 2140.88000    0   20 3199.10000 2140.88000  33.1%     -    0s
     0     0 2140.88000    0   19 3199.10000 2140.88000  33.1%     -    0s
     0     0 2140.88000    0   19 3199.10000 2140.88000  33.1%     -    0s
     0     0 2140.88000    0   14 3199.10000 2140.88000  33.1%     -    0s
     0     0 2140.88000    0   17 3199.10000 2140.88000  33.1%     -    0s
     0     0 2141.12716    0   22 3199.10000 2141.12716  33.1%     -    0s
     0     0 2141.95125    0   24 3199.10000 2141.95125  33.0%     -    0s
     0     0 2141.95125    0   24 3199.10000 2141.95125  33.0%     -    0s
     0     0 2141.95125    0   24 3199.10000 2141.95125  33.0%     -    0s
     0     0 2141.95125    0   24 3199.10000 2141.95125  33.0%     -    0s
     0     2 2141.95125    0   24 3199.10000 2141.95125  33.0%     -    0s

Cutting planes:
  Learned: 3
  Gomory: 7
  Cover: 39
  Implied bound: 17
  Clique: 2
  MIR: 15
  GUB cover: 3
  Mod-K: 1

Explored 407 nodes (6398 simplex iterations) in 0.28 seconds
Thread count was 2 (of 4 available processors)

Optimal solution found (tolerance 1.00e-04)
Best objective 3.199100000000e+03, best bound 3.199100000000e+03, gap 0.0%
k_c1	92.0
k_c2	94.0
k_c3	4.0
k_c4	100.0
k_c5	100.0
k_dN	-0.0
o_1	-0.0
o_2	-0.0
o_3	-0.0
o_4	-0.0
o_5	-0.0
p_1	1.0
p_2	-0.0
p_3	-0.0
p_4	-0.0
p_5	-0.0
phi_c1	-0.0
phi_c2	2.0
phi_c3	3.0
phi_c4	3.0
phi_c5	3.0
phi_dN	-0.0
pi_c1	25.0
pi_c2	25.0
pi_c3	25.0
pi_c4	25.0
pi_c5	25.0
pi_dN	-0.0
tauD_c1	25.0
tauD_c2	13.0
tauD_c3	80.0
tauD_c4	80.0
tauD_c5	6.0
tauD_d0	-0.0
tauD_dN	100.0
tauS_c1	69.0
tauS_c2	86.0
tauS_c3	83.0
tauS_c4	87.0
tauS_c5	87.0
tauS_d0	-0.0
tauS_dN	85.0
x_c1_c3	1.0
x_c2_c1	1.0
x_c3_dN	1.0
x_c4_dN	1.0
x_c5_c2	1.0
x_d0_c4	1.0
x_d0_c5	1.0
z_c1_dN	1.0
z_d0_c1	1.0
