
Gurobi 6.0.2 (win64) logging started 06/12/15 16:44:54

Read LP format model from file C:\MT\repository\VRPTWMS\instances\mip\fuel\N5-C_DV100-C_SV25_F5_11_No_1.lp
Reading time = 0.00 seconds
(null): 186 rows, 103 columns, 698 nonzeros
Optimize a model with 186 rows, 103 columns and 698 nonzeros
Model has 150 quadratic constraints
WARNING: Only barrier available for SOCP models
Coefficient statistics:
  Matrix range    [1e+00, 1e+02]
  Objective range [4e+00, 1e+03]
  Bounds range    [1e+00, 1e+02]
  RHS range       [1e+00, 1e+02]
Presolve removed 21 rows and 12 columns
Presolve time: 0.02s
Presolved: 434 rows, 235 columns, 1936 nonzeros
Variable types: 125 continuous, 110 integer (82 binary)
Found heuristic solution: objective 5109.5600000
Optimize a model with 434 rows, 235 columns and 1936 nonzeros
Coefficient statistics:
  Matrix range    [1e+00, 1e+02]
  Objective range [4e+00, 1e+03]
  Bounds range    [1e+00, 1e+02]
  RHS range       [1e+00, 1e+02]
Presolve removed 59 rows and 40 columns
Presolved: 375 rows, 197 columns, 1716 nonzeros


Root relaxation: objective 6.047977e+02, 32 iterations, 0.00 seconds

    Nodes    |    Current Node    |     Objective Bounds      |     Work
 Expl Unexpl |  Obj  Depth IntInf | Incumbent    BestBd   Gap | It/Node Time

     0     0  604.79773    0   15 5109.56000  604.79773  88.2%     -    0s
H    0     0                    3100.8500000  604.79773  80.5%     -    0s
     0     0 1083.98029    0   15 3100.85000 1083.98029  65.0%     -    0s
H    0     0                    3100.2800000 1083.98029  65.0%     -    0s
     0     0 1084.53977    0   16 3100.28000 1084.53977  65.0%     -    0s
     0     0 1085.20333    0   11 3100.28000 1085.20333  65.0%     -    0s
H    0     0                    3089.0700000 1085.20333  64.9%     -    0s
     0     0 1086.82952    0   17 3089.07000 1086.82952  64.8%     -    0s
H    0     0                    2125.3000000 1086.82952  48.9%     -    0s
     0     0 1087.34988    0   25 2125.30000 1087.34988  48.8%     -    0s
     0     0 1087.35699    0   24 2125.30000 1087.35699  48.8%     -    0s
     0     0 1087.35699    0   25 2125.30000 1087.35699  48.8%     -    0s
     0     0 1087.35699    0   25 2125.30000 1087.35699  48.8%     -    0s
     0     0 1087.35699    0   25 2125.30000 1087.35699  48.8%     -    0s
     0     0 1087.35699    0   16 2125.30000 1087.35699  48.8%     -    0s
     0     0 1087.35699    0   14 2125.30000 1087.35699  48.8%     -    0s
H    0     0                    2089.3100000 1087.35699  48.0%     -    0s
     0     0 1087.67743    0   20 2089.31000 1087.67743  47.9%     -    0s
H    0     0                    2083.0000000 1087.67743  47.8%     -    0s
     0     0 1087.67743    0   21 2083.00000 1087.67743  47.8%     -    0s
     0     0 1087.67743    0   18 2083.00000 1087.67743  47.8%     -    0s
     0     0 1087.67743    0   20 2083.00000 1087.67743  47.8%     -    0s
     0     0 1087.67743    0   17 2083.00000 1087.67743  47.8%     -    0s
     0     0 1087.67743    0   20 2083.00000 1087.67743  47.8%     -    0s
     0     0 1088.33057    0   15 2083.00000 1088.33057  47.8%     -    0s
     0     0 1088.33057    0   14 2083.00000 1088.33057  47.8%     -    0s
     0     2 1088.33057    0   14 2083.00000 1088.33057  47.8%     -    0s

Cutting planes:
  Learned: 2
  Gomory: 4
  Cover: 5
  Implied bound: 5
  Clique: 3
  MIR: 16
  GUB cover: 1
  Zero half: 1

Explored 256 nodes (3898 simplex iterations) in 0.27 seconds
Thread count was 2 (of 4 available processors)

Optimal solution found (tolerance 1.00e-04)
Best objective 2.083000000000e+03, best bound 2.083000000000e+03, gap 0.0%
k_c1	7.0
k_c2	3.0
k_c3	94.0
k_c4	100.0
k_c5	94.0
k_dN	-0.0
o_1	0.0
o_2	0.0
o_3	0.0
o_4	0.0
o_5	0.0
p_1	0.0
p_2	0.0
p_3	0.0
p_4	0.0
p_5	-0.0
phi_c1	1.0
phi_c2	1.0
phi_c3	3.0
phi_c4	4.0
phi_c5	3.0
phi_dN	-0.0
pi_c1	0.0
pi_c2	0.0
pi_c3	20.0
pi_c4	0.0
pi_c5	0.0
pi_dN	-0.0
tauD_c1	40.0
tauD_c2	65.0
tauD_c3	43.0
tauD_c4	5.0
tauD_c5	25.0
tauD_d0	-0.0
tauD_dN	100.0
tauS_c1	0.0
tauS_c2	0.0
tauS_c3	0.0
tauS_c4	0.0
tauS_c5	0.0
tauS_d0	-0.0
tauS_dN	0.0
x_c1_dN	1.0
x_c2_dN	1.0
x_c3_c2	1.0
x_c4_c3	1.0
x_c5_c1	1.0
x_d0_c4	1.0
x_d0_c5	1.0
