
Gurobi 6.0.2 (win64) logging started 06/12/15 16:44:58

Read LP format model from file C:\MT\repository\VRPTWMS\instances\mip\fuel\N5-C_DV100-C_SV25_F5_9_No_1.lp
Reading time = 0.00 seconds
(null): 186 rows, 103 columns, 698 nonzeros
Optimize a model with 186 rows, 103 columns and 698 nonzeros
Model has 150 quadratic constraints
WARNING: Only barrier available for SOCP models
Coefficient statistics:
  Matrix range    [1e+00, 1e+02]
  Objective range [5e+00, 1e+03]
  Bounds range    [1e+00, 1e+02]
  RHS range       [1e+00, 1e+02]
Presolve removed 33 rows and 18 columns
Presolve time: 0.01s
Presolved: 396 rows, 214 columns, 1760 nonzeros
Variable types: 114 continuous, 100 integer (73 binary)
Found heuristic solution: objective 5147.7000000
Optimize a model with 396 rows, 214 columns and 1760 nonzeros
Coefficient statistics:
  Matrix range    [1e+00, 2e+03]
  Objective range [5e+00, 1e+03]
  Bounds range    [1e+00, 1e+02]
  RHS range       [1e+00, 1e+03]
Presolve removed 57 rows and 36 columns
Presolved: 339 rows, 181 columns, 1541 nonzeros


Root relaxation: objective 1.093850e+03, 27 iterations, 0.00 seconds

    Nodes    |    Current Node    |     Objective Bounds      |     Work
 Expl Unexpl |  Obj  Depth IntInf | Incumbent    BestBd   Gap | It/Node Time

     0     0 1093.85000    0    5 5147.70000 1093.85000  78.8%     -    0s
     0     0 1093.85000    0    4 5147.70000 1093.85000  78.8%     -    0s
H    0     0                    2109.9200000 1093.85000  48.2%     -    0s
     0     0 1097.18333    0   10 2109.92000 1097.18333  48.0%     -    0s
     0     0 1098.85000    0   11 2109.92000 1098.85000  47.9%     -    0s
     0     0 1098.85000    0   10 2109.92000 1098.85000  47.9%     -    0s
     0     0 1098.85000    0    9 2109.92000 1098.85000  47.9%     -    0s
     0     0 1098.85000    0    9 2109.92000 1098.85000  47.9%     -    0s
H    0     0                    2102.5100000 1098.85000  47.7%     -    0s
     0     0 1098.85000    0    9 2102.51000 1098.85000  47.7%     -    0s
     0     0 1098.85000    0   14 2102.51000 1098.85000  47.7%     -    0s
     0     0 1103.88458    0   21 2102.51000 1103.88458  47.5%     -    0s
     0     0 1104.15000    0   11 2102.51000 1104.15000  47.5%     -    0s
     0     0 1106.22500    0    6 2102.51000 1106.22500  47.4%     -    0s
     0     0 1106.47859    0   26 2102.51000 1106.47859  47.4%     -    0s
     0     0 1106.73636    0   27 2102.51000 1106.73636  47.4%     -    0s
     0     0 1106.73636    0   23 2102.51000 1106.73636  47.4%     -    0s
     0     2 1106.73636    0   22 2102.51000 1106.73636  47.4%     -    0s

Cutting planes:
  Learned: 1
  Gomory: 3
  Cover: 3
  Implied bound: 10
  MIR: 10
  Mod-K: 2
  Network: 1

Explored 101 nodes (1819 simplex iterations) in 0.18 seconds
Thread count was 2 (of 4 available processors)

Optimal solution found (tolerance 1.00e-04)
Best objective 2.102510000000e+03, best bound 2.102510000000e+03, gap 0.0%
k_c1	11.0
k_c2	5.0
k_c3	14.0
k_c4	98.0
k_c5	100.0
k_dN	-0.0
o_1	0.0
o_2	0.0
o_3	0.0
o_4	0.0
o_5	0.0
p_1	0.0
p_2	0.0
p_3	0.0
p_4	0.0
p_5	0.0
phi_c1	1.0
phi_c2	2.0
phi_c3	2.0
phi_c4	3.0
phi_c5	4.0
phi_dN	0.0
pi_c1	0.0
pi_c2	0.0
pi_c3	0.0
pi_c4	1.0
pi_c5	0.0
pi_dN	-0.0
tauD_c1	60.0
tauD_c2	75.0
tauD_c3	34.0
tauD_c4	25.0
tauD_c5	10.0
tauD_d0	-0.0
tauD_dN	100.0
tauS_c1	0.0
tauS_c2	0.0
tauS_c3	19.0
tauS_c4	24.0
tauS_c5	0.0
tauS_d0	-0.0
tauS_dN	0.0
x_c1_dN	1.0
x_c2_dN	1.0
x_c3_c1	1.0
x_c4_c3	1.0
x_c5_c2	1.0
x_d0_c4	1.0
x_d0_c5	1.0
