
Gurobi 6.0.4 (win64) logging started 06/18/15 16:13:16

Read LP format model from file C:\MT\repository\VRPTWMS\instances\mip\freight\N8-C_DV10-C_SV50_F18_7_No_1.lp
Reading time = 0.01 seconds
(null): 353 rows, 217 columns, 1467 nonzeros
Optimize a model with 353 rows, 217 columns and 1467 nonzeros
Model has 648 quadratic constraints
Coefficient statistics:
  Matrix range    [1e+00, 1e+06]
  Objective range [7e+04, 1e+07]
  Bounds range    [1e+00, 1e+06]
  RHS range       [1e+00, 1e+06]
Presolve removed 47 rows and 23 columns
Presolve time: 0.04s
Presolved: 1742 rows, 944 columns, 8144 nonzeros
Variable types: 686 continuous, 258 integer (207 binary)
Found heuristic solution: objective 8.469100e+07

Root relaxation: objective 1.168372e+07, 163 iterations, 0.01 seconds

    Nodes    |    Current Node    |     Objective Bounds      |     Work
 Expl Unexpl |  Obj  Depth IntInf | Incumbent    BestBd   Gap | It/Node Time

     0     0 1.1684e+07    0   56 8.4691e+07 1.1684e+07  86.2%     -    0s
H    0     0                    5.335350e+07 1.1684e+07  78.1%     -    0s
     0     0 1.1798e+07    0   27 5.3354e+07 1.1798e+07  77.9%     -    0s
     0     0 1.1829e+07    0   35 5.3354e+07 1.1829e+07  77.8%     -    0s
     0     0 1.1831e+07    0   29 5.3354e+07 1.1831e+07  77.8%     -    0s
     0     0 1.1831e+07    0   29 5.3354e+07 1.1831e+07  77.8%     -    0s
     0     2 1.1831e+07    0   29 5.3354e+07 1.1831e+07  77.8%     -    0s
H   29    28                    3.278130e+07 1.1904e+07  63.7%  44.0    0s
H  847   384                    3.271300e+07 1.2229e+07  62.6%  36.4    1s
H 2360   890                    3.268560e+07 1.2495e+07  61.8%  20.8    4s
  2503   871 2.3084e+07   39   61 3.2686e+07 1.2495e+07  61.8%  24.0    5s
  4341   740 1.4971e+07   33   45 3.2686e+07 1.3496e+07  58.7%  49.0   10s
  6133   737 2.3052e+07   29   54 3.2686e+07 2.2324e+07  31.7%  55.7   15s
  7981   676 infeasible   35      3.2686e+07 2.2693e+07  30.6%  59.1   20s
  9780   355 infeasible   28      3.2686e+07 2.3149e+07  29.2%  63.7   25s

Cutting planes:
  Gomory: 1
  Cover: 1
  Implied bound: 1
  Clique: 3
  MIR: 5
  GUB cover: 1

Explored 10729 nodes (749883 simplex iterations) in 27.31 seconds
Thread count was 2 (of 4 available processors)

Optimal solution found (tolerance 1.00e-04)
Best objective 3.268560000000e+07, best bound 3.268560000000e+07, gap 0.0%
k_c1	15000.0
k_c2	100000.0
k_c3	55000.0
k_c4	95000.0
k_c5	50000.0
k_c6	100000.0
k_c7	20000.0
k_c8	60000.0
k_dN	-0.0
kDash_c1	5000.0
kDash_c2	60000.0
kDash_c3	15000.0
kDash_c4	55000.0
kDash_c5	20000.0
kDash_c6	60000.0
kDash_c7	-0.0
kDash_c8	10000.0
o_1	-0.0
o_2	-0.0
o_3	-0.0
o_4	-0.0
o_5	-0.0
o_6	-0.0
o_7	-0.0
o_8	-0.0
p_1	-0.0
p_2	-0.0
p_3	-0.0
p_4	-0.0
p_5	-0.0
p_6	-0.0
p_7	-0.0
p_8	-0.0
phi_c1	18782.0
phi_c2	167269.0
phi_c3	32577.0
phi_c4	40719.0
phi_c5	43298.0
phi_c6	162593.0
phi_c7	28011.0
phi_c8	36496.0
phi_d0	180000.0
phi_dN	-0.0
pi_c1	-0.0
pi_c2	-0.0
pi_c3	-0.0
pi_c4	-0.0
pi_c5	-0.0
pi_c6	-0.0
pi_c7	-0.0
pi_c8	-0.0
pi_dN	-0.0
tauD_c1	793430.0
tauD_c2	50000.0
tauD_c3	580425.0
tauD_c4	500000.0
tauD_c5	678200.0
tauD_c6	250000.0
tauD_c7	805325.0
tauD_c8	447699.0
tauD_d0	-0.0
tauD_dN	1000000.0
tauS_c1	33050.0
tauS_c2	853980.0
tauS_c3	128866.0
tauS_c4	91178.0
tauS_c5	32450.0
tauS_c6	42025.0
tauS_c7	11155.0
tauS_c8	67950.0
tauS_d0	-0.0
tauS_dN	80000.0
x_c1_dN	1.0
x_c2_c5	1.0
x_c3_c1	1.0
x_c4_c3	1.0
x_c5_c7	1.0
x_c6_c8	1.0
x_c7_dN	1.0
x_c8_dN	1.0
x_d0_c2	1.0
x_d0_c4	1.0
x_d0_c6	1.0
