
Gurobi 6.0.4 (win64) logging started 06/18/15 16:12:30

Read LP format model from file C:\MT\repository\VRPTWMS\instances\mip\freight\N8-C_DV10-C_SV50_F18_5_No_1.lp
Reading time = 0.01 seconds
(null): 353 rows, 217 columns, 1467 nonzeros
Optimize a model with 353 rows, 217 columns and 1467 nonzeros
Model has 648 quadratic constraints
Coefficient statistics:
  Matrix range    [1e+00, 1e+06]
  Objective range [4e+04, 1e+07]
  Bounds range    [1e+00, 1e+06]
  RHS range       [1e+00, 1e+06]
Presolve removed 54 rows and 27 columns
Presolve time: 0.04s
Presolved: 1673 rows, 909 columns, 7774 nonzeros
Variable types: 655 continuous, 254 integer (202 binary)
Found heuristic solution: objective 8.387380e+07

Root relaxation: objective 1.080517e+07, 172 iterations, 0.01 seconds

    Nodes    |    Current Node    |     Objective Bounds      |     Work
 Expl Unexpl |  Obj  Depth IntInf | Incumbent    BestBd   Gap | It/Node Time

     0     0 1.0805e+07    0   54 8.3874e+07 1.0805e+07  87.1%     -    0s
H    0     0                    7.382820e+07 1.0805e+07  85.4%     -    0s
H    0     0                    5.356660e+07 1.0805e+07  79.8%     -    0s
     0     0 2.2005e+07    0   81 5.3567e+07 2.2005e+07  58.9%     -    0s
H    0     0                    5.305020e+07 2.2005e+07  58.5%     -    0s
     0     0 2.2191e+07    0   36 5.3050e+07 2.2191e+07  58.2%     -    0s
H    0     0                    5.279240e+07 2.2191e+07  58.0%     -    0s
H    0     0                    4.262950e+07 2.2191e+07  47.9%     -    0s
     0     0 2.2230e+07    0   20 4.2630e+07 2.2230e+07  47.9%     -    0s
     0     0 2.2270e+07    0   27 4.2630e+07 2.2270e+07  47.8%     -    0s
     0     0 2.2270e+07    0   28 4.2630e+07 2.2270e+07  47.8%     -    0s
     0     0 2.2270e+07    0   25 4.2630e+07 2.2270e+07  47.8%     -    0s
     0     2 2.2270e+07    0   25 4.2630e+07 2.2270e+07  47.8%     -    0s
H   94    75                    3.379030e+07 2.2364e+07  33.8%  32.6    0s
H  143   101                    3.372990e+07 2.2377e+07  33.7%  37.3    0s
*  695   380              14    3.354170e+07 2.2572e+07  32.7%  40.6    1s
*  708   339              24    3.306390e+07 2.2576e+07  31.7%  40.2    1s
* 1392   314              22    3.302970e+07 2.2864e+07  30.8%  57.8    4s
  1493   295 infeasible   17      3.3030e+07 2.2945e+07  30.5%  61.5    5s
* 1824   174              22    3.300730e+07 2.3120e+07  30.0%  68.3    6s
* 2341    26              25    3.299930e+07 3.2353e+07  1.96%  78.6    8s

Cutting planes:
  Learned: 1
  Gomory: 4
  Cover: 4
  Implied bound: 12
  Clique: 5
  MIR: 7
  Flow cover: 11
  GUB cover: 5
  Zero half: 10

Explored 2489 nodes (190750 simplex iterations) in 8.62 seconds
Thread count was 2 (of 4 available processors)

Optimal solution found (tolerance 1.00e-04)
Best objective 3.299930000000e+07, best bound 3.299930000000e+07, gap 0.0%
k_c1	50000.0
k_c2	100000.0
k_c3	50000.0
k_c4	-0.0
k_c5	50000.0
k_c6	100000.0
k_c7	100000.0
k_c8	30000.0
k_dN	-0.0
kDash_c1	30000.0
kDash_c2	50000.0
kDash_c3	-0.0
kDash_c4	50000.0
kDash_c5	-0.0
kDash_c6	-0.0
kDash_c7	50000.0
kDash_c8	0.0
o_1	-0.0
o_2	-0.0
o_3	-0.0
o_4	1.0
o_5	-0.0
o_6	0.0
o_7	-0.0
o_8	0.0
p_1	0.0
p_2	0.0
p_3	1.0
p_4	1.0
p_5	0.0
p_6	0.0
p_7	0.0
p_8	0.0
phi_c1	35972.0
phi_c2	173310.0
phi_c3	42549.0
phi_c4	119014.00000000001
phi_c5	147748.0
phi_c6	23529.0
phi_c7	48823.0
phi_c8	19448.0
phi_d0	180000.0
phi_dN	-0.0
pi_c1	100000.0
pi_c2	50000.0
pi_c3	100000.0
pi_c4	200000.0
pi_c5	100000.0
pi_c6	150000.0
pi_c7	50000.0
pi_c8	120000.0
pi_dN	-0.0
tauD_c1	200000.0
tauD_c2	54474.99999999977
tauD_c3	589150.0
tauD_c4	370000.0
tauD_c5	200000.0
tauD_c6	810224.9999999999
tauD_c7	81975.0
tauD_c8	800000.0
tauD_d0	-0.0
tauD_dN	1000000.0
tauS_c1	829000.0
tauS_c2	895000.0
tauS_c3	479150.0
tauS_c4	40849.99999999988
tauS_c5	834550.0
tauS_c6	832075.0
tauS_c7	872425.0
tauS_c8	847325.0
tauS_d0	-0.0
tauS_dN	790699.9999999999
x_c1_c8	1.0
x_c2_c5	1.0000000000000009
x_c3_c6	1.0
x_c4_c3	1.0
x_c5_c4	1.0
x_c6_dN	1.0
x_c7_c1	1.0
x_c8_dN	1.0
x_d0_c2	1.0
x_d0_c7	1.0
z_c3_dN	1.0
z_c4_c3	1.0
z_d0_c4	1.0
