
Gurobi 6.0.4 (win64) logging started 06/13/15 10:21:24

Warning: unknown variable 'kDash_dN' in bounds section
Read LP format model from file C:\MT\repository\VRPTWMS\instances\mip\freight\N8-C_DV10-C_SV50_F18_14_No_1.lp
Reading time = 0.00 seconds
(null): 353 rows, 218 columns, 1467 nonzeros
Optimize a model with 353 rows, 218 columns and 1467 nonzeros
Model has 648 quadratic constraints
WARNING: Only barrier available for SOCP models
Coefficient statistics:
  Matrix range    [1e+00, 1e+02]
  Objective range [8e+00, 1e+03]
  Bounds range    [1e+00, 1e+02]
  RHS range       [1e+00, 1e+02]
Presolve removed 38 rows and 17 columns
Presolve time: 0.06s
Presolved: 1755 rows, 953 columns, 8262 nonzeros
Variable types: 688 continuous, 265 integer (213 binary)
Found heuristic solution: objective 8437.9800000
Optimize a model with 1755 rows, 953 columns and 8262 nonzeros
Coefficient statistics:
  Matrix range    [1e+00, 1e+02]
  Objective range [8e+00, 1e+03]
  Bounds range    [2e-01, 1e+02]
  RHS range       [1e+00, 1e+02]

Concurrent LP optimizer: dual simplex and barrier
Showing barrier log only...

Presolve removed 90 rows and 44 columns
Presolved: 1665 rows, 909 columns, 7767 nonzeros

Root barrier log...

Ordering time: 0.02s

Barrier performed 0 iterations in 0.09 seconds
Barrier solve interrupted - model solved by another algorithm


Solved with dual simplex
Solved in 185 iterations and 0.09 seconds
Optimal objective  1.780368341e+02

Root relaxation: objective 1.780368e+02, 185 iterations, 0.03 seconds

    Nodes    |    Current Node    |     Objective Bounds      |     Work
 Expl Unexpl |  Obj  Depth IntInf | Incumbent    BestBd   Gap | It/Node Time

     0     0  178.03683    0   67 8437.98000  178.03683  97.9%     -    0s
H    0     0                    6343.0300000  178.03683  97.2%     -    0s
     0     0  481.67424    0   89 6343.03000  481.67424  92.4%     -    0s
     0     0  685.94832    0   66 6343.03000  685.94832  89.2%     -    0s
H    0     0                    5344.0300000  685.94832  87.2%     -    0s
     0     0  853.83333    0   58 5344.03000  853.83333  84.0%     -    0s
H    0     0                    4319.9900000  853.83333  80.2%     -    0s
     0     0  915.35931    0   68 4319.99000  915.35931  78.8%     -    0s
     0     0  915.35931    0   85 4319.99000  915.35931  78.8%     -    0s
     0     0  915.35931    0   59 4319.99000  915.35931  78.8%     -    0s
H    0     0                    4278.9900000  915.35931  78.6%     -    0s
     0     0  915.35931    0   74 4278.99000  915.35931  78.6%     -    0s
     0     0  915.35931    0   59 4278.99000  915.35931  78.6%     -    0s
     0     0  915.35931    0   75 4278.99000  915.35931  78.6%     -    0s
     0     0  915.35931    0   69 4278.99000  915.35931  78.6%     -    0s
     0     2  915.35931    0   69 4278.99000  915.35931  78.6%     -    0s
*   23    17               7    3279.0000000  919.57730  72.0%  40.1    0s
H  102    69                    3272.4200000  974.67904  70.2%  41.8    0s
H  215   137                    3259.7800000 1001.27555  69.3%  36.3    0s
*  469   277              30    3258.9900000 1196.90693  63.3%  33.5    0s
H  541   312                    3255.2200000 1201.11954  63.1%  33.1    1s
H  812   444                    3252.4000000 1242.95389  61.8%  38.5    2s
  1526   512 1729.87315   39  105 3252.40000 1275.00881  60.8%  61.3    5s
  3023   668 infeasible   34      3252.40000 1494.88896  54.0%  74.1   10s
  4627   845 2301.81992   29   24 3252.40000 1732.68595  46.7%  79.6   15s
  6369   767 2669.54975   31   86 3252.40000 1886.33085  42.0%  81.8   20s
  8102   769     cutoff   41      3252.40000 2215.52218  31.9%  81.0   25s
  9780   812 infeasible   30      3252.40000 2239.70785  31.1%  81.4   30s
 11351   653 infeasible   28      3252.40000 2261.18000  30.5%  82.9   35s

Cutting planes:
  Gomory: 6
  Cover: 296
  Implied bound: 267
  Clique: 2
  MIR: 63
  Flow cover: 105
  GUB cover: 15
  Zero half: 38

Explored 13074 nodes (1099858 simplex iterations) in 39.82 seconds
Thread count was 2 (of 4 available processors)

Optimal solution found (tolerance 1.00e-04)
Best objective 3.252400000000e+03, best bound 3.252400000000e+03, gap 0.0%
k_c1	10.0
k_c2	9.0
k_c3	5.0
k_c4	7.0
k_c5	10.0
k_c6	2.0
k_c7	4.0
k_c8	7.0
k_dN	-0.0
kDash_c1	7.0
kDash_c2	4.0
kDash_c3	2.0
kDash_c4	5.0
kDash_c5	7.0
kDash_c6	-0.0
kDash_c7	0.0
kDash_c8	1.0
kDash_dN	-0.0
o_1	0.0
o_2	0.0
o_3	0.0
o_4	0.0
o_5	0.0
o_6	0.0
o_7	0.0
o_8	0.0
p_1	0.0
p_2	0.0
p_3	0.0
p_4	0.0
p_5	0.0
p_6	-0.0
p_7	0.0
p_8	0.0
phi_c1	15.0
phi_c2	5.0
phi_c3	10.0
phi_c4	15.0
phi_c5	16.0
phi_c6	2.0
phi_c7	3.0
phi_c8	14.0
phi_d0	18.0
phi_dN	-0.0
pi_c1	0.0
pi_c2	0.0
pi_c3	0.0
pi_c4	0.0
pi_c5	0.0
pi_c6	0.0
pi_c7	0.0
pi_c8	0.0
pi_dN	-0.0
tauD_c1	30.0
tauD_c2	45.0
tauD_c3	45.0
tauD_c4	16.0
tauD_c5	6.0
tauD_c6	80.0
tauD_c7	65.0
tauD_c8	40.0
tauD_d0	-0.0
tauD_dN	100.0
tauS_c1	81.0
tauS_c2	85.0
tauS_c3	87.0
tauS_c4	4.0
tauS_c5	7.0
tauS_c6	85.0
tauS_c7	84.0
tauS_c8	81.0
tauS_d0	-0.0
tauS_dN	100.0
x_c1_c8	1.0
x_c2_c7	1.0
x_c3_c6	1.0
x_c4_c3	1.0
x_c5_c4	1.0
x_c6_dN	1.0
x_c7_dN	1.0
x_c8_dN	1.0
x_d0_c1	1.0
x_d0_c2	1.0
x_d0_c5	1.0
