
Gurobi 6.0.4 (win64) logging started 06/18/15 16:14:24

Read LP format model from file C:\MT\repository\VRPTWMS\instances\mip\freight\N8-C_DV10-C_SV50_F18_9_No_1.lp
Reading time = 0.01 seconds
(null): 353 rows, 217 columns, 1467 nonzeros
Optimize a model with 353 rows, 217 columns and 1467 nonzeros
Model has 648 quadratic constraints
Coefficient statistics:
  Matrix range    [1e+00, 1e+06]
  Objective range [4e+04, 1e+07]
  Bounds range    [1e+00, 1e+06]
  RHS range       [1e+00, 1e+06]
Presolve removed 48 rows and 16 columns
Presolve time: 0.05s
Presolved: 1773 rows, 967 columns, 8321 nonzeros
Variable types: 702 continuous, 265 integer (213 binary)
Found heuristic solution: objective 8.288820e+07

Root relaxation: objective 1.227993e+06, 158 iterations, 0.01 seconds

    Nodes    |    Current Node    |     Objective Bounds      |     Work
 Expl Unexpl |  Obj  Depth IntInf | Incumbent    BestBd   Gap | It/Node Time

     0     0 1227993.09    0   71 8.2888e+07 1227993.09  98.5%     -    0s
H    0     0                    7.271760e+07 1227993.09  98.3%     -    0s
H    0     0                    4.233830e+07 1227993.09  97.1%     -    0s
     0     0 1417149.93    0   97 4.2338e+07 1417149.93  96.7%     -    0s
     0     0 1533091.73    0   95 4.2338e+07 1533091.73  96.4%     -    0s
     0     0 1579578.18    0   87 4.2338e+07 1579578.18  96.3%     -    0s
     0     0 1589405.87    0   90 4.2338e+07 1589405.87  96.2%     -    0s
     0     0 1589405.87    0   86 4.2338e+07 1589405.87  96.2%     -    0s
     0     0 1589405.87    0   98 4.2338e+07 1589405.87  96.2%     -    0s
     0     0 1589405.87    0   94 4.2338e+07 1589405.87  96.2%     -    0s
     0     0 1589405.87    0   94 4.2338e+07 1589405.87  96.2%     -    0s
     0     0 1589405.87    0   87 4.2338e+07 1589405.87  96.2%     -    0s
     0     0 1589405.87    0   97 4.2338e+07 1589405.87  96.2%     -    0s
     0     0 1589405.87    0   84 4.2338e+07 1589405.87  96.2%     -    0s
     0     2 1589405.87    0   81 4.2338e+07 1589405.87  96.2%     -    0s
H  162   124                    4.216800e+07 5164144.36  87.8%  63.3    0s
*  391   240              29    3.294180e+07 1.1280e+07  65.8%  51.7    1s
H  432   247                    3.280410e+07 1.1287e+07  65.6%  51.7    1s
H  847   411                    3.268260e+07 1.1564e+07  64.6%  15.0    3s
H 1004   465                    3.259900e+07 1.1564e+07  64.5%  22.7    3s
H 1031   434                    3.244900e+07 1.1564e+07  64.4%  23.4    3s
  1504   468 1.5401e+07   14  119 3.2449e+07 1.1621e+07  64.2%  38.9    5s
H 2276   710                    3.234100e+07 1.1710e+07  63.8%  50.4    7s
  3051   968 1.2395e+07   28   78 3.2341e+07 1.1789e+07  63.5%  58.8   10s
  4020  1217 3.2333e+07   35   32 3.2341e+07 1.1909e+07  63.2%  65.7   15s
  5523  1583 2.2103e+07   30   58 3.2341e+07 1.2105e+07  62.6%  72.1   20s
  6718  1766 2.4878e+07   27  113 3.2341e+07 1.2247e+07  62.1%  77.0   25s
H 7021  1824                    3.230060e+07 1.2290e+07  61.9%  77.8   25s
H 7376  1835                    3.227480e+07 1.2318e+07  61.8%  78.7   27s
  7979  1845 1.4061e+07   26   72 3.2275e+07 1.2405e+07  61.6%  80.8   30s
  9430  1692 infeasible   44      3.2275e+07 1.2873e+07  60.1%  83.9   35s
 11082  1887     cutoff   43      3.2275e+07 1.4489e+07  55.1%  84.1   40s
 12852  2124 infeasible   40      3.2275e+07 1.5391e+07  52.3%  84.2   45s
 14362  2073     cutoff   33      3.2275e+07 1.6807e+07  47.9%  84.9   50s
 14658  2142 2.2259e+07   31   84 3.2275e+07 1.6903e+07  47.6%  84.6   58s
 14671  2151 2.3468e+07   40  122 3.2275e+07 1.6903e+07  47.6%  84.5   60s
 14792  2195 1.6903e+07   35   63 3.2275e+07 1.6903e+07  47.6%  84.9   65s
 16154  2147 2.2350e+07   41   26 3.2275e+07 1.6903e+07  47.6%  85.6   70s
 17410  1844 1.6903e+07   41   79 3.2275e+07 1.6903e+07  47.6%  86.6   75s
 18792  1557 2.1549e+07   34   67 3.2275e+07 1.7129e+07  46.9%  87.0   81s
*20318  1386              41    3.216190e+07 2.1687e+07  32.6%  85.8   84s
 20383  1403 2.1753e+07   39   62 3.2162e+07 2.1690e+07  32.6%  85.9   86s
 21506  1461 2.1802e+07   36   37 3.2162e+07 2.1793e+07  32.2%  85.9   90s
 22856  1727 2.3966e+07   33   46 3.2162e+07 2.1875e+07  32.0%  85.6   95s
 23841  1885 2.2297e+07   38   51 3.2162e+07 2.1919e+07  31.8%  85.5  100s
 25140  1942 2.1973e+07   37   43 3.2162e+07 2.1972e+07  31.7%  86.0  106s
 25772  1965 2.2092e+07   42   56 3.2162e+07 2.2001e+07  31.6%  86.3  110s
 26762  1951 2.2161e+07   43   62 3.2162e+07 2.2042e+07  31.5%  86.8  115s
 27669  1786 2.2101e+07   46   45 3.2162e+07 2.2084e+07  31.3%  87.6  120s
 28893  1538 2.2181e+07   42   48 3.2162e+07 2.2144e+07  31.1%  88.7  125s
*29347  1453              54    3.212790e+07 2.2174e+07  31.0%  89.1  127s
 30034  1227 infeasible   41      3.2128e+07 2.2219e+07  30.8%  89.9  130s
 31203   697 infeasible   36      3.2128e+07 2.2354e+07  30.4%  91.3  135s
 32711     0     cutoff   47      3.2128e+07 3.1844e+07  0.88%  91.8  140s

Cutting planes:
  Gomory: 7
  Implied bound: 44
  Clique: 5
  MIR: 11
  Flow cover: 16
  GUB cover: 3
  Zero half: 14

Explored 32759 nodes (3045054 simplex iterations) in 140.10 seconds
Thread count was 2 (of 4 available processors)

Optimal solution found (tolerance 1.00e-04)
Best objective 3.212790000000e+07, best bound 3.212790000000e+07, gap 0.0%
k_c1	30000.0
k_c2	100000.0
k_c3	20000.0
k_c4	60000.0
k_c5	60000.0
k_c6	30000.0
k_c7	100000.0
k_c8	40000.0
k_dN	0.0
kDash_c1	40000.0
kDash_c2	60000.0
kDash_c3	30000.0
kDash_c4	40000.0
kDash_c5	20000.0
kDash_c6	0.0
kDash_c7	60000.0
kDash_c8	0.0
o_1	1.0
o_2	0.0
o_3	1.0
o_4	1.0
o_5	0.0
o_6	0.0
o_7	0.0
o_8	0.0
p_1	1.0
p_2	0.0
p_3	1.0
p_4	1.0
p_5	0.0
p_6	0.0
p_7	0.0
p_8	0.0
phi_c1	138790.0
phi_c2	163543.0
phi_c3	148250.0
phi_c4	158759.0
phi_c5	152150.0
phi_c6	123938.0
phi_c7	167222.0
phi_c8	10972.0
phi_d0	180000.0
phi_dN	0.0
pi_c1	110000.0
pi_c2	90000.0
pi_c3	190000.0
pi_c4	40000.0
pi_c5	70000.0
pi_c6	90000.0
pi_c7	90000.0
pi_c8	90000.0
pi_dN	0.0
tauD_c1	570000.0
tauD_c2	100000.0
tauD_c3	414650.0
tauD_c4	570000.0
tauD_c5	192575.0
tauD_c6	735500.0
tauD_c7	250000.0
tauD_c8	824575.0
tauD_d0	0.0
tauD_dN	1000000.0
tauS_c1	530000.0
tauS_c2	66625.0
tauS_c3	52750.0
tauS_c4	664575.0
tauS_c5	50150.0
tauS_c6	48425.0
tauS_c7	0.0
tauS_c8	879000.0
tauS_d0	0.0
tauS_dN	769700.0
x_c1_c6	1.0
x_c2_c5	1.0
x_c3_c1	1.0
x_c4_c8	1.0
x_c5_c3	1.0
x_c6_dN	1.0
x_c7_c4	1.0
x_c8_dN	1.0
x_d0_c2	1.0
x_d0_c7	1.0
z_c1_c4	1.0
z_c3_c1	1.0
z_c4_dN	1.0
z_d0_c3	1.0
