
Gurobi 6.0.4 (win64) logging started 06/18/15 20:04:58

Read LP format model from file E:\Eigene Dateien\Downloads\Michi shit\VRPTWMS2\instances\mip\fuel\N4-C_DV100-C_SV25_F5_5_No_1.lp
Reading time = 0.00 seconds
(null): 129 rows, 76 columns, 459 nonzeros
Optimize a model with 129 rows, 76 columns and 459 nonzeros
Model has 80 quadratic constraints
Coefficient statistics:
  Matrix range    [1e+00, 1e+06]
  Objective range [1e+05, 1e+07]
  Bounds range    [1e+00, 1e+06]
  RHS range       [1e+00, 1e+06]
Presolve removed 13 rows and 6 columns
Presolve time: 0.01s
Presolved: 287 rows, 163 columns, 1246 nonzeros
Variable types: 78 continuous, 85 integer (62 binary)
Found heuristic solution: objective 4.183100e+07

Root relaxation: objective 6.268497e+05, 45 iterations, 0.00 seconds

    Nodes    |    Current Node    |     Objective Bounds      |     Work
 Expl Unexpl |  Obj  Depth IntInf | Incumbent    BestBd   Gap | It/Node Time

     0     0 626849.679    0   12 4.1831e+07 626849.679  98.5%     -    0s
     0     0 720545.186    0   19 4.1831e+07 720545.186  98.3%     -    0s
     0     0 754397.044    0   12 4.1831e+07 754397.044  98.2%     -    0s
H    0     0                    2.130290e+07 754397.044  96.5%     -    0s
     0     0 757494.567    0   13 2.1303e+07 757494.567  96.4%     -    0s
     0     0 762250.000    0    9 2.1303e+07 762250.000  96.4%     -    0s
     0     0 762250.000    0    9 2.1303e+07 762250.000  96.4%     -    0s
     0     0 762250.000    0    8 2.1303e+07 762250.000  96.4%     -    0s
H    0     0                    2.120480e+07 762250.000  96.4%     -    0s
     0     2 762250.000    0    7 2.1205e+07 762250.000  96.4%     -    0s
*   29     4               9    2.110470e+07 8677854.62  58.9%  11.6    0s
*   58    21               5    2.110010e+07 8677854.62  58.9%  11.0    0s

Cutting planes:
  Learned: 2
  Cover: 17
  Implied bound: 16
  Clique: 1
  MIR: 7
  GUB cover: 4
  Zero half: 3

Explored 209 nodes (2461 simplex iterations) in 0.07 seconds
Thread count was 4 (of 4 available processors)

Optimal solution found (tolerance 1.00e-04)
Best objective 2.110010000000e+07, best bound 2.110010000000e+07, gap 0.0%
k_c1	890000.0
k_c2	1000000.0
k_c3	980000.0
k_c4	1000000.0
k_dN	-0.0
o_1	-0.0
o_2	-0.0
o_3	-0.0
o_4	-0.0
p_1	0.0
p_2	-0.0
p_3	0.0
p_4	0.0
phi_c1	15393.0
phi_c2	30459.0
phi_c3	22632.0
phi_c4	14049.0
phi_dN	-0.0
pi_c1	-0.0
pi_c2	-0.0
pi_c3	-0.0
pi_c4	-0.0
pi_dN	-0.0
tauD_c1	327050.0
tauD_c2	150750.0
tauD_c3	250000.0
tauD_c4	769800.0
tauD_d0	-0.0
tauD_dN	1000000.0
tauS_c1	0.0
tauS_c2	-0.0
tauS_c3	0.0
tauS_c4	-0.0
tauS_d0	-0.0
tauS_dN	-0.0
x_c1_dN	1.0
x_c2_c3	1.0
x_c3_c1	1.0
x_c4_dN	1.0
x_d0_c2	1.0
x_d0_c4	1.0
