
Gurobi 6.0.4 (win64) logging started 06/13/15 06:23:51

Warning: unknown variable 'kDash_dN' in bounds section
Read LP format model from file C:\MT\repository\VRPTWMS\instances\mip\freight\N10-C_DV10-C_SV50_F22_4_No_1.lp
Reading time = 0.02 seconds
(null): 521 rows, 310 columns, 2253 nonzeros
Optimize a model with 521 rows, 310 columns and 2253 nonzeros
Model has 1210 quadratic constraints
WARNING: Only barrier available for SOCP models
Coefficient statistics:
  Matrix range    [1e+00, 1e+02]
  Objective range [4e+00, 1e+03]
  Bounds range    [1e+00, 1e+02]
  RHS range       [1e+00, 1e+02]
Presolve removed 87 rows and 44 columns
Presolve time: 0.12s
Presolved: 2748 rows, 1473 columns, 12990 nonzeros
Variable types: 1107 continuous, 366 integer (302 binary)
Found heuristic solution: objective 10378.700000
Optimize a model with 2748 rows, 1473 columns and 12990 nonzeros
Coefficient statistics:
  Matrix range    [9e-01, 1e+02]
  Objective range [4e+00, 1e+03]
  Bounds range    [1e+00, 1e+02]
  RHS range       [1e+00, 1e+02]

Concurrent LP optimizer: dual simplex and barrier
Showing barrier log only...

Presolve removed 140 rows and 69 columns
Presolved: 2608 rows, 1406 columns, 12286 nonzeros

Root barrier log...

Ordering time: 0.00s

Barrier performed 0 iterations in 0.16 seconds
Barrier solve interrupted - model solved by another algorithm


Solved with dual simplex
Solved in 188 iterations and 0.16 seconds
Optimal objective  1.528249531e+03

Root relaxation: objective 1.528250e+03, 188 iterations, 0.02 seconds

    Nodes    |    Current Node    |     Objective Bounds      |     Work
 Expl Unexpl |  Obj  Depth IntInf | Incumbent    BestBd   Gap | It/Node Time

     0     0 1528.24953    0   48 10378.7000 1528.24953  85.3%     -    0s
H    0     0                    8339.4300000 1528.24953  81.7%     -    0s
     0     0 1809.88849    0   60 8339.43000 1809.88849  78.3%     -    0s
H    0     0                    6322.9700000 1809.88849  71.4%     -    0s
     0     0 1901.80253    0   51 6322.97000 1901.80253  69.9%     -    0s
     0     0 2216.96870    0   45 6322.97000 2216.96870  64.9%     -    0s
H    0     0                    6244.8900000 2216.96870  64.5%     -    0s
     0     0 2217.83829    0   63 6244.89000 2217.83829  64.5%     -    0s
     0     0 2218.08680    0   67 6244.89000 2218.08680  64.5%     -    0s
     0     0 2218.29999    0   68 6244.89000 2218.29999  64.5%     -    0s
H    0     0                    5306.9900000 2218.29999  58.2%     -    0s
     0     0 2218.31164    0   66 5306.99000 2218.31164  58.2%     -    0s
     0     0 2218.31164    0   67 5306.99000 2218.31164  58.2%     -    0s
     0     0 2218.31164    0   67 5306.99000 2218.31164  58.2%     -    0s
H    0     0                    5283.2900000 2218.31164  58.0%     -    0s
H    0     2                    5260.7800000 2218.31164  57.8%     -    0s
     0     2 2218.31164    0   67 5260.78000 2218.31164  57.8%     -    0s
H   31    28                    5243.3500000 2227.23572  57.5%  41.5    0s
H   60    52                    4225.1300000 2227.23572  47.3%  39.1    0s
   760   467 2271.58015   16   45 4225.13000 2271.58015  46.2%   8.7    5s
  2496  1190 3424.44410   47   49 4225.13000 2271.58015  46.2%  45.2   10s
  4572  2501 2362.16547   28  102 4225.13000 2271.58015  46.2%  53.2   15s
  6991  3928 3351.70683   37   31 4225.13000 2277.50194  46.1%  55.7   20s
  7617  4188 2315.71121   44   46 4225.13000 2279.02020  46.1%  57.0   25s
  9783  4925 3330.70442   48   56 4225.13000 2291.53168  45.8%  57.7   30s
 11888  5412 3336.15006   41   48 4225.13000 2297.35529  45.6%  58.0   35s
 14122  5981 2563.27683   51   91 4225.13000 2304.27394  45.5%  58.2   40s
 14722  6100 3493.72627   38   67 4225.13000 2306.20302  45.4%  58.3   45s
 14739  6111 2415.47722   63   88 4225.13000 2306.20302  45.4%  58.3   50s
 14755  6122 3789.18787   59   92 4225.13000 2306.20302  45.4%  58.2   55s
 14770  6132 3315.66495   44  110 4225.13000 2306.20302  45.4%  58.1   60s
 14787  6143 3308.15538   47  109 4225.13000 2306.20302  45.4%  58.1   65s
 14803  6154 3332.70285   50  110 4225.13000 2306.20302  45.4%  58.0   70s
 14820  6165 3298.70432   52  111 4225.13000 2306.20302  45.4%  57.9   75s
 15104  6267 3280.40702   66   30 4225.13000 2306.20302  45.4%  59.6   80s
 16827  6739 3335.09658   58   49 4225.13000 2306.20302  45.4%  60.4   85s
 18713  7095 2487.60422   63   82 4225.13000 2319.31076  45.1%  62.0   90s
 20276  7266 2391.93637   64   75 4225.13000 2327.66664  44.9%  63.4   95s
 22630  7467 3416.28259   74   58 4225.13000 2340.07971  44.6%  64.0  101s
 24265  7685 3386.60466   57   68 4225.13000 2352.62036  44.3%  64.2  105s
 26408  7822 4195.16405   69   50 4225.13000 2375.98607  43.8%  64.5  110s
 29000  7982 3386.72250   70   35 4225.13000 2491.63733  41.0%  64.5  115s
 31479  7830 3318.26547   60   57 4225.13000 2623.77691  37.9%  64.0  120s
 34099  8031 2966.41231   64   69 4225.13000 2781.23954  34.2%  63.2  125s
 36869  8959 3351.31969   68   75 4225.13000 3196.20280  24.4%  62.3  130s
 40313 11047 3992.66581   81   34 4225.13000 3229.77000  23.6%  60.5  135s
 44498 13506 3259.09708   77   31 4225.13000 3240.65000  23.3%  58.6  140s
 48086 15576     cutoff   59      4225.13000 3244.93913  23.2%  57.2  145s
 51668 17358 3252.56797   54   34 4225.13000 3249.66067  23.1%  56.2  150s
 55199 19203 3307.56715   75   51 4225.13000 3252.92052  23.0%  55.1  155s
 58319 20532     cutoff   68      4225.13000 3254.66667  23.0%  54.7  160s
 61552 21974 3296.48514   70   63 4225.13000 3256.98214  22.9%  54.3  165s
 64709 23396 3313.42279   60   44 4225.13000 3259.08068  22.9%  54.1  170s
 68107 25013 3313.94805   59   36 4225.13000 3260.71289  22.8%  53.7  175s
 71511 26387 3380.24942   71   52 4225.13000 3262.49131  22.8%  53.2  180s
 74484 27639 3441.39768   66   51 4225.13000 3264.10800  22.7%  53.1  185s
 77085 28615 3484.58672   80   57 4225.13000 3265.37751  22.7%  53.1  190s
 80525 30052 3295.09783   74   44 4225.13000 3266.73242  22.7%  52.9  195s
 83465 31240 3339.86686   61   40 4225.13000 3267.81390  22.7%  52.8  200s
 86464 32450 3341.41777   76   44 4225.13000 3268.79713  22.6%  52.7  205s
 89890 33827 3565.50886   63   63 4225.13000 3270.02000  22.6%  52.5  210s
 92812 34924 3335.27619   77   38 4225.13000 3271.16225  22.6%  52.4  215s
H92910  7032                    3295.5500000 3271.16225  0.74%  52.4  215s
 95184  5802     cutoff   64      3295.55000 3276.53200  0.58%  52.0  220s
 96714  4731 3280.44918   63   49 3295.55000 3280.44918  0.46%  51.5  225s
 97942  3726     cutoff   70      3295.55000 3283.58829  0.36%  51.1  230s
 99273  2596     cutoff   74      3295.55000 3287.19300  0.25%  50.6  235s

Cutting planes:
  Gomory: 1
  Cover: 1
  Implied bound: 36
  Clique: 5
  MIR: 28
  Flow cover: 27
  Zero half: 35

Explored 102027 nodes (5087744 simplex iterations) in 237.03 seconds
Thread count was 2 (of 4 available processors)

Optimal solution found (tolerance 1.00e-04)
Best objective 3.295550000000e+03, best bound 3.295270000000e+03, gap 0.0085%
k_c1	10.0
k_c10	7.0
k_c2	10.0
k_c3	4.0
k_c4	0.0
k_c5	3.0
k_c6	10.0
k_c7	6.0
k_c8	6.0
k_c9	6.0
k_dN	0.0
kDash_c1	7.0
kDash_c10	1.0
kDash_c2	6.0
kDash_c3	0.0
kDash_c4	6.0
kDash_c5	0.0
kDash_c6	7.0
kDash_c7	0.0
kDash_c8	3.0
kDash_c9	4.0
kDash_dN	0.0
o_1	0.0
o_10	0.0
o_2	0.0
o_3	0.0
o_4	1.0
o_5	0.0
o_6	0.0
o_7	0.0
o_8	0.0
o_9	0.0
p_1	0.0
p_10	0.0
p_2	0.0
p_3	0.0
p_4	1.0
p_5	0.0
p_6	0.0
p_7	1.0
p_8	0.0
p_9	0.0
phi_c1	20.0
phi_c10	17.0
phi_c2	16.0
phi_c3	2.0
phi_c4	15.0
phi_c5	1.0
phi_c6	20.0
phi_c7	19.0
phi_c8	13.0
phi_c9	4.0
phi_d0	22.0
phi_dN	0.0
pi_c1	3.0
pi_c10	9.0
pi_c2	4.0
pi_c3	10.0
pi_c4	10.0
pi_c5	10.0
pi_c6	3.0
pi_c7	20.0
pi_c8	7.0
pi_c9	13.0
pi_dN	0.0
tauD_c1	8.0
tauD_c10	25.0
tauD_c2	45.0
tauD_c3	85.0
tauD_c4	36.0
tauD_c5	90.0
tauD_c6	6.0
tauD_c7	12.0
tauD_c8	60.0
tauD_c9	60.0
tauD_d0	0.0
tauD_dN	100.0
tauS_c1	11.0
tauS_c10	86.0
tauS_c2	83.0
tauS_c3	87.0
tauS_c4	32.0
tauS_c5	88.0
tauS_c6	13.0
tauS_c7	20.0
tauS_c8	9.0
tauS_c9	88.0
tauS_d0	0.0
tauS_dN	46.0
x_c10_c4	1.0
x_c1_c10	1.0
x_c2_c9	1.0
x_c3_dN	1.0
x_c4_c8	1.0
x_c5_dN	1.0
x_c6_c7	1.0
x_c7_c2	1.0
x_c8_c5	1.0
x_c9_c3	1.0
x_d0_c1	1.0
x_d0_c6	1.0
z_c4_dN	1.0
z_c7_c4	1.0
z_d0_c7	1.0
