
Gurobi 6.0.4 (win64) logging started 06/15/15 01:58:57

Read LP format model from file E:\Eigene Dateien\Downloads\Michi shit\VRPTWMS-master\VRPTWMS\instances\mip\fuel\N11-C_DV100-C_SV25_F5_9_No_1.lp
Reading time = 0.01 seconds
(null): 738 rows, 349 columns, 3182 nonzeros
Optimize a model with 738 rows, 349 columns and 3182 nonzeros
Model has 1452 quadratic constraints
WARNING: Only barrier available for SOCP models
Coefficient statistics:
  Matrix range    [1e+00, 1e+02]
  Objective range [1e+00, 1e+03]
  Bounds range    [1e+00, 1e+02]
  RHS range       [1e+00, 1e+02]
Presolve removed 45 rows and 29 columns
Presolve time: 0.12s
Presolved: 3298 rows, 1669 columns, 16722 nonzeros
Variable types: 1250 continuous, 419 integer (361 binary)
Found heuristic solution: objective 11422.900000
Optimize a model with 3298 rows, 1669 columns and 16722 nonzeros
Coefficient statistics:
  Matrix range    [3e-01, 1e+02]
  Objective range [1e+00, 1e+03]
  Bounds range    [1e+00, 1e+02]
  RHS range       [1e+00, 1e+02]

Concurrent LP optimizer: dual simplex and barrier
Showing barrier log only...

Presolve removed 229 rows and 157 columns
Presolved: 3069 rows, 1515 columns, 15650 nonzeros

Root barrier log...

Ordering time: 0.01s

Barrier performed 0 iterations in 0.15 seconds
Barrier solve interrupted - model solved by another algorithm


Solved with dual simplex
Solved in 139 iterations and 0.15 seconds
Optimal objective  1.569656453e+02

Root relaxation: objective 1.569656e+02, 139 iterations, 0.03 seconds

    Nodes    |    Current Node    |     Objective Bounds      |     Work
 Expl Unexpl |  Obj  Depth IntInf | Incumbent    BestBd   Gap | It/Node Time

     0     0  156.96565    0   37 11422.9000  156.96565  98.6%     -    0s
H    0     0                    6328.9800000  156.96565  97.5%     -    0s
     0     0  185.71284    0   66 6328.98000  185.71284  97.1%     -    0s
     0     0  203.29464    0   55 6328.98000  203.29464  96.8%     -    0s
     0     0  209.44702    0   54 6328.98000  209.44702  96.7%     -    0s
     0     0  287.49798    0   79 6328.98000  287.49798  95.5%     -    0s
     0     0  330.25487    0   61 6328.98000  330.25487  94.8%     -    0s
     0     0  340.06796    0   71 6328.98000  340.06796  94.6%     -    0s
     0     0  343.88490    0   68 6328.98000  343.88490  94.6%     -    0s
     0     0  343.88490    0   76 6328.98000  343.88490  94.6%     -    0s
     0     0  343.88490    0   69 6328.98000  343.88490  94.6%     -    0s
H    0     0                    5299.0300000  343.88490  93.5%     -    0s
     0     0  343.88490    0   68 5299.03000  343.88490  93.5%     -    0s
     0     0  343.88490    0   57 5299.03000  343.88490  93.5%     -    0s
     0     0  343.88490    0   61 5299.03000  343.88490  93.5%     -    0s
     0     0  343.88490    0   62 5299.03000  343.88490  93.5%     -    0s
     0     0  343.88490    0   60 5299.03000  343.88490  93.5%     -    0s
     0     2  343.88490    0   60 5299.03000  343.88490  93.5%     -    0s
H  630   384                    4375.8700000  356.79303  91.8%  42.3    1s
H  709   425                    4350.1300000  396.25456  90.9%  42.0    1s
H  877   539                    4347.3100000  396.25456  90.9%  43.1    1s
H  897   550                    4341.3300000  396.25456  90.9%  42.9    1s
H 1040   605                    4334.3400000  428.57057  90.1%  42.1    2s
H 1042   575                    4300.3200000 1180.31358  72.6%  42.0    2s
H 1044   547                    4292.1000000 1186.36500  72.4%  41.9    2s
H 1055   527                    4287.5200000 1192.13206  72.2%  41.5    4s
  1061   532 1453.28053    8   60 4287.52000 1192.23121  72.2%  44.3    5s
H 1909   785                    4280.7300000 1204.92807  71.9%  57.3    8s
H 2592   893                    4262.5200000 1222.57050  71.3%  67.0    9s
  2599   912 2725.10168   61   66 4262.52000 1252.37926  70.6%  67.3   10s
  4223  1704 2212.96256   40   27 4262.52000 2097.10913  50.8%  80.0   15s
H 6452  2707                    3337.6800000 2188.56000  34.4%  77.3   19s
  6505  2745 2252.18974   38   40 3337.68000 2189.93521  34.4%  77.5   20s
  9508  4084 2366.64390   38   52 3337.68000 2200.41057  34.1%  77.6   25s
H10236  4321                    3317.7700000 2202.11765  33.6%  77.4   26s
 11917  4999 2218.29453   39   33 3317.77000 2206.79164  33.5%  77.9   30s
H12663  5252                    3315.8300000 2208.07537  33.4%  77.9   30s
 14771  6007     cutoff   42      3315.83000 2212.51712  33.3%  77.9   35s
 17986  7020 2219.18011   36   23 3315.83000 2217.60838  33.1%  78.1   40s
*18425  7067              54    3305.2700000 2218.37081  32.9%  78.1   41s
H20130  7157                    3279.8600000 2220.77589  32.3%  78.5   44s
 20462  7245     cutoff   57      3279.86000 2221.78771  32.3%  78.6   45s
H20766  6914                    3263.7700000 2221.88819  31.9%  78.5   45s
 20958  7002 2283.33478   40   60 3263.77000 2222.61374  31.9%  78.5   51s
 20970  7010 2267.35145   44   66 3263.77000 2222.61374  31.9%  78.4   55s
 20980  7017 3216.10080   56   90 3263.77000 2222.61374  31.9%  78.4   60s
 20991  7024 3248.19043   46  113 3263.77000 2222.61374  31.9%  78.4   65s
 21000  7030 3216.10080   56  124 3263.77000 2222.61374  31.9%  78.3   70s
 21011  7037 3248.19043   46  109 3263.77000 2222.61374  31.9%  78.3   75s
 21021  7044 2325.77877   43  117 3263.77000 2222.61374  31.9%  78.3   80s
 21032  7051 3262.62743   43  124 3263.77000 2222.61374  31.9%  78.2   85s
 21042  7058 2237.27175   41  123 3263.77000 2222.61374  31.9%  78.2   90s
 21052  7065 3262.62743   43  123 3263.77000 2222.61374  31.9%  78.1   95s
 21069  7080 2222.61374   38   63 3263.77000 2222.61374  31.9%  78.8  100s
 22302  7101 2222.61374   44   25 3263.77000 2222.61374  31.9%  77.8  106s
 24955  7095 2340.39119   44   42 3263.77000 2222.61374  31.9%  76.1  110s
 28231  6740 2222.61374   59   34 3263.77000 2222.61374  31.9%  75.1  115s
 31377  6434 2222.61374   57   16 3263.77000 2222.61374  31.9%  74.1  120s
 34473  6001 2400.07419   51   35 3263.77000 2222.61374  31.9%  73.5  126s
 36798  5506 2222.98413   53   43 3263.77000 2222.61374  31.9%  73.4  130s
 39500  4999 2327.60226   40   25 3263.77000 2222.61374  31.9%  73.1  135s
 42795  4460 2234.55295   48   33 3263.77000 2228.47833  31.7%  72.9  141s
 45666  4685 infeasible   59      3263.77000 2233.16106  31.6%  73.0  145s
 48391  4828 3235.32706   60   19 3263.77000 2237.82158  31.4%  73.3  150s
*50916  4971              67    3255.2800000 2242.31289  31.1%  73.5  153s
 51015  4947 2265.58214   48   35 3255.28000 2242.32446  31.1%  73.5  155s
 53313  4888     cutoff   41      3255.28000 2247.95085  30.9%  74.0  160s
 55771  4860 infeasible   51      3255.28000 2253.16630  30.8%  74.7  165s
 58857  4754 2265.85899   55   32 3255.28000 2261.27063  30.5%  75.6  170s
 60828  4687 2266.88011   45   28 3255.28000 2265.84613  30.4%  76.3  175s
 62927  4601 2283.64813   64   39 3255.28000 2271.04914  30.2%  77.0  180s
 65399  4452     cutoff   55      3255.28000 2278.61338  30.0%  78.2  185s
 67967  4021 2317.69153   55   43 3255.28000 2290.18862  29.6%  79.2  190s
 70217  3502 infeasible   64      3255.28000 2303.16296  29.2%  80.3  195s
 72264  2943 2323.39169   61   59 3255.28000 2318.38022  28.8%  81.4  200s
 74614  2202     cutoff   70      3255.28000 2344.26639  28.0%  82.4  205s
 77576  1230 3208.15079   63   24 3255.28000 3062.89563  5.91%  82.4  210s
 81617  1408 3222.51911   48   37 3255.28000 3206.33713  1.50%  80.5  215s
 85929   519     cutoff   53      3255.28000 3228.80789  0.81%  78.5  220s

Cutting planes:
  Gomory: 7
  Cover: 4
  Implied bound: 34
  Clique: 5
  MIR: 10
  Flow cover: 13
  GUB cover: 3
  Zero half: 35

Explored 86908 nodes (6771840 simplex iterations) in 220.62 seconds
Thread count was 4 (of 4 available processors)

Optimal solution found (tolerance 1.00e-04)
Best objective 3.255280000000e+03, best bound 3.255280000000e+03, gap 0.0%
k_c1	6.0
k_c10	100.0
k_c11	85.0
k_c2	91.0
k_c3	10.0
k_c4	93.0
k_c5	94.0
k_c6	100.0
k_c7	87.0
k_c8	87.0
k_c9	82.0
k_dN	0.0
o_1	0.0
o_10	0.0
o_11	0.0
o_2	0.0
o_3	0.0
o_4	0.0
o_5	0.0
o_6	0.0
o_7	0.0
o_8	0.0
o_9	0.0
p_1	0.0
p_10	1.0
p_11	1.0
p_2	0.0
p_3	0.0
p_4	0.0
p_5	0.0
p_6	1.0
p_7	0.0
p_8	0.0
p_9	0.0
phi_c1	1.0
phi_c10	4.0
phi_c11	0.0
phi_c2	3.0
phi_c3	3.0
phi_c4	4.0
phi_c5	3.0
phi_c6	3.0
phi_c7	2.0
phi_c8	2.0
phi_c9	1.0
phi_dN	0.0
pi_c1	0.0
pi_c10	6.0
pi_c11	5.0
pi_c2	0.0
pi_c3	0.0
pi_c4	0.0
pi_c5	0.0
pi_c6	8.0
pi_c7	0.0
pi_c8	0.0
pi_c9	0.0
pi_dN	0.0
tauD_c1	80.0
tauD_c10	30.0
tauD_c11	53.0
tauD_c2	65.0
tauD_c3	70.0
tauD_c4	50.0
tauD_c5	29.0
tauD_c6	4.0
tauD_c7	77.0
tauD_c8	38.0
tauD_c9	85.0
tauD_d0	0.0
tauD_dN	100.0
tauS_c1	89.0
tauS_c10	29.0
tauS_c11	49.0
tauS_c2	81.0
tauS_c3	77.0
tauS_c4	82.0
tauS_c5	82.0
tauS_c6	6.0
tauS_c7	4.0
tauS_c8	80.0
tauS_c9	79.0
tauS_d0	0.0
tauS_dN	74.0
x_c10_c4	1.0
x_c11_c3	1.0
x_c1_dN	1.0
x_c2_c7	1.0
x_c3_c1	1.0
x_c4_c2	1.0
x_c5_c8	1.0
x_c6_c5	1.0
x_c7_c9	1.0
x_c8_c11	1.0
x_c9_dN	1.0
x_d0_c10	1.0
x_d0_c6	1.0
z_c10_c11	1.0
z_c11_dN	1.0
z_c6_c10	1.0
z_d0_c6	1.0
