
Gurobi 6.0.4 (win64) logging started 06/14/15 23:47:31

Read LP format model from file E:\Eigene Dateien\Downloads\Michi shit\VRPTWMS-master\VRPTWMS\instances\mip\fuel\N11-C_DV100-C_SV25_F5_0_No_1.lp
Reading time = 0.01 seconds
(null): 738 rows, 349 columns, 3182 nonzeros
Optimize a model with 738 rows, 349 columns and 3182 nonzeros
Model has 1452 quadratic constraints
WARNING: Only barrier available for SOCP models
Coefficient statistics:
  Matrix range    [1e+00, 1e+02]
  Objective range [4e+00, 1e+03]
  Bounds range    [1e+00, 1e+02]
  RHS range       [1e+00, 1e+02]
Presolve removed 51 rows and 29 columns
Presolve time: 0.08s
Presolved: 3306 rows, 1678 columns, 16552 nonzeros
Variable types: 1261 continuous, 417 integer (359 binary)
Found heuristic solution: objective 12691.170000
Optimize a model with 3306 rows, 1678 columns and 16552 nonzeros
Coefficient statistics:
  Matrix range    [1e+00, 1e+02]
  Objective range [4e+00, 1e+03]
  Bounds range    [8e-01, 1e+02]
  RHS range       [1e+00, 1e+02]

Concurrent LP optimizer: dual simplex and barrier
Showing barrier log only...

Presolve removed 260 rows and 176 columns
Presolved: 3046 rows, 1503 columns, 15433 nonzeros

Root barrier log...

Ordering time: 0.01s

Barrier performed 0 iterations in 0.13 seconds
Barrier solve interrupted - model solved by another algorithm


Solved with dual simplex
Solved in 115 iterations and 0.13 seconds
Optimal objective  1.811077763e+02

Root relaxation: objective 1.811078e+02, 115 iterations, 0.04 seconds

    Nodes    |    Current Node    |     Objective Bounds      |     Work
 Expl Unexpl |  Obj  Depth IntInf | Incumbent    BestBd   Gap | It/Node Time

     0     0  181.10778    0   33 12691.1700  181.10778  98.6%     -    0s
H    0     0                    9584.9800000  181.10778  98.1%     -    0s
     0     0 1189.85453    0   35 9584.98000 1189.85453  87.6%     -    0s
     0     0 1191.13393    0   39 9584.98000 1191.13393  87.6%     -    0s
     0     0 1192.68263    0   50 9584.98000 1192.68263  87.6%     -    0s
     0     0 1193.73262    0   47 9584.98000 1193.73262  87.5%     -    0s
     0     0 1194.20929    0   48 9584.98000 1194.20929  87.5%     -    0s
     0     0 1194.20929    0   48 9584.98000 1194.20929  87.5%     -    0s
     0     0 1194.20929    0   46 9584.98000 1194.20929  87.5%     -    0s
     0     0 1194.20929    0   47 9584.98000 1194.20929  87.5%     -    0s
     0     0 1194.20929    0   47 9584.98000 1194.20929  87.5%     -    0s
     0     0 1194.20929    0   47 9584.98000 1194.20929  87.5%     -    0s
H    0     0                    5408.6000000 1194.20929  77.9%     -    0s
     0     2 1194.20929    0   47 5408.60000 1194.20929  77.9%     -    0s
H  356   269                    5403.4800000 1212.58270  77.6%  32.7    0s
H  513   353                    4389.1400000 1212.58270  72.4%  33.4    1s
  1065   749 2278.67069   10   69 4389.14000 2231.05000  49.2%  31.3    5s
H 1353   874                    4379.4600000 2232.61667  49.0%  44.8    7s
  2381  1233 2405.77821   54   67 4379.46000 2241.47976  48.8%  53.9   10s
H 2718  1248                    4375.5300000 2242.75296  48.7%  54.7   10s
H 2757  1095                    3402.0800000 2242.76551  34.1%  54.7   10s
H 2856  1060                    3395.0000000 2242.89476  33.9%  55.7   11s
  4042  1666 infeasible   47      3395.00000 2248.78600  33.8%  57.5   15s
  6427  2789 2313.96959   38   47 3395.00000 2259.14960  33.5%  61.2   20s
  8249  3569 2858.12185   31   48 3395.00000 2263.68680  33.3%  63.0   25s
 10945  4661 3271.69438   33   38 3395.00000 2271.05446  33.1%  64.9   30s
 13641  5758     cutoff   55      3395.00000 2276.55595  32.9%  65.8   35s
 15614  6428 2375.21879   36   62 3395.00000 2279.80970  32.8%  66.8   40s
 16546  6758 3388.42028   38   61 3395.00000 2280.99224  32.8%  66.9   45s
 19117  7538 infeasible   65      3395.00000 2285.40333  32.7%  67.6   50s
 20932  8106 2294.21817   46   47 3395.00000 2287.72126  32.6%  67.8   58s
 20939  8111 2298.56312   40   75 3395.00000 2287.72126  32.6%  67.8   60s
 20952  8119 2294.21817   46   83 3395.00000 2287.72126  32.6%  67.8   65s
 20971  8145 2287.72126   37   74 3395.00000 2287.72126  32.6%  67.9   70s
 21913  8385 2334.65809   48   67 3395.00000 2287.72126  32.6%  67.8   75s
 25038  8830 2566.07124   41   57 3395.00000 2287.72126  32.6%  67.4   81s
 27409  9077 2455.82299   50   55 3395.00000 2287.72126  32.6%  67.3   85s
 29614  9099     cutoff   62      3395.00000 2294.58409  32.4%  67.9   90s
H31094  8721                    3394.1400000 2299.90297  32.2%  68.1   94s
 31384  8684 3391.51312   55   62 3394.14000 2300.39520  32.2%  68.1   97s
 33413  8593 2360.92889   65   64 3394.14000 2308.12524  32.0%  68.2  101s
 35531  8524     cutoff   54      3394.14000 2313.52222  31.8%  68.3  105s
 38291  8270 3374.92600   51   50 3394.14000 2317.92765  31.7%  68.8  111s
 40138  8055 infeasible   61      3394.14000 2321.59969  31.6%  69.0  115s
 42449  7786 3393.70364   54   52 3394.14000 2324.94735  31.5%  69.1  120s
 44916  7762     cutoff   51      3394.14000 2330.48144  31.3%  69.3  125s
 47388  8239 3366.65928   55   48 3394.14000 2333.43988  31.3%  69.3  130s
 49856  8639     cutoff   58      3394.14000 2338.53222  31.1%  69.5  135s
 51940  8979 2350.10053   52   58 3394.14000 2342.10081  31.0%  69.7  140s
 54758  9347 3380.51102   59   60 3394.14000 2345.69940  30.9%  69.8  145s
 57237  9640 infeasible   61      3394.14000 2349.70427  30.8%  69.9  150s
 59352  9686     cutoff   59      3394.14000 2353.42644  30.7%  70.2  155s
 62070  9765     cutoff   61      3394.14000 2358.34853  30.5%  70.5  160s
 64066  9775     cutoff   62      3394.14000 2362.66555  30.4%  70.6  165s
 66323  9631     cutoff   46      3394.14000 2366.67460  30.3%  71.0  170s
 68846  9460     cutoff   56      3394.14000 2372.78379  30.1%  71.1  175s
 70820  9266 2631.08634   61   63 3394.14000 2377.67573  29.9%  71.2  180s
 73040  9050     cutoff   51      3394.14000 2384.94166  29.7%  71.4  185s
 75262  8741 2669.78885   68   73 3394.14000 2395.51413  29.4%  71.5  190s
H77362  8433                    3384.2500000 2413.03104  28.7%  71.4  194s
 77576  8302     cutoff   62      3384.25000 2416.64062  28.6%  71.4  195s
 80079  8189 2624.03130   64   75 3384.25000 2473.93781  26.9%  71.1  200s
 82573  8334 2540.99791   54   47 3384.25000 2540.99791  24.9%  70.8  205s
 85592  8739 3342.82119   49   65 3384.25000 2672.45894  21.0%  70.2  210s
 87941  8955 2826.70060   51   30 3384.25000 2826.70060  16.5%  69.8  215s
 90467  9228 3370.74595   59   38 3384.25000 3253.42397  3.87%  69.4  220s
 93793 10089 3296.66751   59   54 3384.25000 3269.65461  3.39%  68.8  225s
 97096 11376     cutoff   58      3384.25000 3291.88428  2.73%  68.2  230s
 100299 12494 infeasible   85      3384.25000 3298.16909  2.54%  67.7  235s
 104352 13863 3356.11385   61   44 3384.25000 3303.99193  2.37%  67.1  240s
 107429 14762 3319.64018   60   59 3384.25000 3306.99837  2.28%  66.7  245s
 111106 15718 3349.91845   49   43 3384.25000 3310.23889  2.19%  66.3  250s
 113990 16453 infeasible   61      3384.25000 3312.28411  2.13%  66.0  255s
 117578 17390 3334.80984   55   42 3384.25000 3314.10193  2.07%  65.6  260s
 121139 18146     cutoff   56      3384.25000 3315.60303  2.03%  65.2  265s
 124621 18950 infeasible   75      3384.25000 3317.08207  1.98%  64.9  270s
 127967 19651 3329.80692   58   45 3384.25000 3318.68410  1.94%  64.7  275s
 131437 20319 3352.33235   60   41 3384.25000 3320.14000  1.89%  64.3  280s
 134713 20865 3339.94600   62   20 3384.25000 3321.39110  1.86%  64.1  285s
 137669 21323 infeasible   69      3384.25000 3322.40132  1.83%  64.0  290s
 140954 21867 3323.48055   52   46 3384.25000 3323.48055  1.80%  63.7  295s
 144083 22325 3370.96457   59   52 3384.25000 3324.61808  1.76%  63.5  300s
 147771 22833 3359.02148   61   39 3384.25000 3325.86480  1.73%  63.3  305s
 150810 23184 3343.72416   68   26 3384.25000 3326.71465  1.70%  63.1  310s
 153453 23502 3343.35737   55   38 3384.25000 3327.38181  1.68%  63.0  315s
 156557 23881 3361.93204   68   39 3384.25000 3328.17256  1.66%  62.8  320s
 160217 24347 3337.74311   70   45 3384.25000 3329.19571  1.63%  62.6  325s
 163614 24732 3353.43669   52   58 3384.25000 3330.12040  1.60%  62.4  330s
 167071 25026 3378.90231   55   40 3384.25000 3331.01327  1.57%  62.2  335s
 170184 25413 3342.76819   72   35 3384.25000 3331.69478  1.55%  62.0  340s
 173623 25607 3377.19326   72   33 3384.25000 3332.50338  1.53%  61.9  345s
 177040 25942 3353.98407   62   33 3384.25000 3333.40532  1.50%  61.7  350s
 180258 26167 infeasible   61      3384.25000 3334.21109  1.48%  61.6  355s
 182679 26294 3347.21265   53   39 3384.25000 3334.70651  1.46%  61.5  360s
 185842 26432     cutoff   59      3384.25000 3335.46045  1.44%  61.4  365s
 188514 26483     cutoff   70      3384.25000 3336.10444  1.42%  61.2  370s
 191659 26579 3359.08956   50   67 3384.25000 3336.77450  1.40%  61.1  375s
 195277 26678     cutoff   65      3384.25000 3337.55004  1.38%  61.0  380s
 198257 26726     cutoff   53      3384.25000 3338.16059  1.36%  60.9  385s
 201457 26605     cutoff   62      3384.25000 3338.85944  1.34%  60.8  390s
 204930 26574 3350.86018   69   34 3384.25000 3339.49554  1.32%  60.6  395s
 207820 26558 3351.86686   58   70 3384.25000 3340.06331  1.31%  60.5  400s
 211265 26598 3374.31407   53   64 3384.25000 3340.74160  1.29%  60.3  405s
 214129 26617 3342.80819   52   60 3384.25000 3341.28742  1.27%  60.2  410s
 217319 26455 3368.04983   54   37 3384.25000 3341.91116  1.25%  60.1  415s
 220516 26349 3356.94725   47   40 3384.25000 3342.57634  1.23%  60.0  420s
 223975 26269 3344.03144   49   32 3384.25000 3343.23364  1.21%  59.9  425s
 226103 26098 3353.81747   84   43 3384.25000 3343.67679  1.20%  59.8  430s
 229355 25864 3348.62498   53   63 3384.25000 3344.34473  1.18%  59.7  435s
 232687 25662 3369.03916   65   45 3384.25000 3345.01322  1.16%  59.6  440s
 235756 25419 3347.27139   51   56 3384.25000 3345.63134  1.14%  59.5  445s
 239022 25019     cutoff   68      3384.25000 3346.28133  1.12%  59.4  450s
 242189 24630     cutoff   55      3384.25000 3346.91451  1.10%  59.3  455s
 245274 24260 3380.27429   54   43 3384.25000 3347.57208  1.08%  59.3  460s
 248466 23849 3366.95966   51   36 3384.25000 3348.17212  1.07%  59.1  465s
 251998 23411     cutoff   58      3384.25000 3348.89613  1.04%  59.0  470s
 254419 23055     cutoff   71      3384.25000 3349.40416  1.03%  59.0  475s
 257757 22459 3368.40453   73   26 3384.25000 3350.08763  1.01%  58.9  480s
 261377 21924 3351.58029   65   59 3384.25000 3350.79921  0.99%  58.8  485s
 264517 21271 3368.76600   53   12 3384.25000 3351.49621  0.97%  58.7  490s
 267695 20574 3361.56162   56   40 3384.25000 3352.14882  0.95%  58.7  495s
 270869 19886 3357.95509   64   38 3384.25000 3352.83015  0.93%  58.6  500s
 274006 18974     cutoff   62      3384.25000 3353.65279  0.90%  58.5  505s
 276964 18297     cutoff   68      3384.25000 3354.31256  0.88%  58.5  510s
 280229 17374 3371.94921   54   52 3384.25000 3355.09586  0.86%  58.4  515s
 283572 16479 3364.26826   74   50 3384.25000 3355.92000  0.84%  58.3  520s
 286280 15747 3360.12261   61   36 3384.25000 3356.62199  0.82%  58.2  525s
 288886 14889 3362.80220   79   21 3384.25000 3357.33934  0.80%  58.2  530s
 291464 14100 3359.46259   58   39 3384.25000 3358.04120  0.77%  58.1  535s
 294908 12911 3360.80978   55   39 3384.25000 3359.07649  0.74%  58.0  540s
 298346 11624 infeasible   59      3384.25000 3360.22239  0.71%  57.9  545s
 301836 10204     cutoff   57      3384.25000 3361.48000  0.67%  57.8  550s
 305380  8614 infeasible   62      3384.25000 3362.96808  0.63%  57.7  555s
 309174  6754 3370.54487   66   39 3384.25000 3364.80370  0.57%  57.6  560s
 312974  4713 3380.12830   47   43 3384.25000 3367.31429  0.50%  57.4  565s
 317145  1965 3374.70569   52   30 3384.25000 3372.75450  0.34%  57.1  570s

Cutting planes:
  Learned: 16
  Gomory: 28
  Cover: 544
  Implied bound: 648
  Clique: 17
  MIR: 107
  Flow cover: 181
  GUB cover: 11
  Zero half: 67

Explored 319508 nodes (18171761 simplex iterations) in 572.37 seconds
Thread count was 4 (of 4 available processors)

Optimal solution found (tolerance 1.00e-04)
Best objective 3.384250000000e+03, best bound 3.384250000000e+03, gap 0.0%
k_c1	94.0
k_c10	98.0
k_c11	96.0
k_c2	88.0
k_c3	83.0
k_c4	91.0
k_c5	4.0
k_c6	2.0
k_c7	100.0
k_c8	100.0
k_c9	19.0
k_dN	0.0
o_1	0.0
o_10	0.0
o_11	0.0
o_2	0.0
o_3	0.0
o_4	0.0
o_5	0.0
o_6	0.0
o_7	0.0
o_8	0.0
o_9	0.0
p_1	0.0
p_10	1.0
p_11	0.0
p_2	0.0
p_3	0.0
p_4	1.0
p_5	0.0
p_6	0.0
p_7	0.0
p_8	0.0
p_9	1.0
phi_c1	3.0
phi_c10	0.0
phi_c11	2.0
phi_c2	4.0
phi_c3	3.0
phi_c4	0.0
phi_c5	2.0
phi_c6	2.0
phi_c7	2.0
phi_c8	4.0
phi_c9	0.0
phi_dN	0.0
pi_c1	25.0
pi_c10	25.0
pi_c11	25.0
pi_c2	25.0
pi_c3	25.0
pi_c4	20.0
pi_c5	25.0
pi_c6	25.0
pi_c7	25.0
pi_c8	25.0
pi_c9	5.0
pi_dN	0.0
tauD_c1	44.0
tauD_c10	25.0
tauD_c11	23.0
tauD_c2	59.0
tauD_c3	80.0
tauD_c4	35.0
tauD_c5	85.0
tauD_c6	90.0
tauD_c7	8.0
tauD_c8	11.0
tauD_c9	61.0
tauD_d0	0.0
tauD_dN	100.0
tauS_c1	83.0
tauS_c10	25.0
tauS_c11	44.0
tauS_c2	84.0
tauS_c3	84.0
tauS_c4	48.0
tauS_c5	87.0
tauS_c6	48.0
tauS_c7	84.0
tauS_c8	56.0
tauS_c9	69.0
tauS_d0	0.0
tauS_dN	83.0
x_c10_c1	1.0
x_c11_c4	1.0
x_c1_c9	1.0
x_c2_c3	1.0
x_c3_c6	1.0
x_c4_c2	1.0
x_c5_dN	1.0
x_c6_dN	1.0
x_c7_c10	1.0
x_c8_c11	1.0
x_c9_c5	1.0
x_d0_c7	1.0
x_d0_c8	1.0
z_c10_c4	1.0
z_c4_c9	1.0
z_c9_dN	1.0
z_d0_c10	1.0
