
Gurobi 6.0.4 (win64) logging started 06/14/15 23:57:03

Read LP format model from file E:\Eigene Dateien\Downloads\Michi shit\VRPTWMS-master\VRPTWMS\instances\mip\fuel\N11-C_DV100-C_SV25_F5_1_No_1.lp
Reading time = 0.01 seconds
(null): 738 rows, 349 columns, 3182 nonzeros
Optimize a model with 738 rows, 349 columns and 3182 nonzeros
Model has 1452 quadratic constraints
WARNING: Only barrier available for SOCP models
Coefficient statistics:
  Matrix range    [1e+00, 1e+02]
  Objective range [1e+00, 1e+03]
  Bounds range    [1e+00, 1e+02]
  RHS range       [1e+00, 1e+02]
Presolve removed 67 rows and 39 columns
Presolve time: 0.10s
Presolved: 3105 rows, 1571 columns, 15580 nonzeros
Variable types: 1173 continuous, 398 integer (340 binary)
Found heuristic solution: objective 11341.920000
Optimize a model with 3105 rows, 1571 columns and 15580 nonzeros
Coefficient statistics:
  Matrix range    [3e-01, 1e+02]
  Objective range [1e+00, 1e+03]
  Bounds range    [1e+00, 1e+02]
  RHS range       [1e+00, 1e+02]

Concurrent LP optimizer: dual simplex and barrier
Showing barrier log only...

Presolve removed 249 rows and 166 columns
Presolved: 2856 rows, 1406 columns, 14485 nonzeros

Root barrier log...

Ordering time: 0.01s

Barrier performed 0 iterations in 0.13 seconds
Barrier solve interrupted - model solved by another algorithm


Solved with dual simplex
Solved in 147 iterations and 0.13 seconds
Optimal objective  3.868447308e+02

Root relaxation: objective 3.868447e+02, 147 iterations, 0.02 seconds

    Nodes    |    Current Node    |     Objective Bounds      |     Work
 Expl Unexpl |  Obj  Depth IntInf | Incumbent    BestBd   Gap | It/Node Time

     0     0  386.84473    0   41 11341.9200  386.84473  96.6%     -    0s
     0     0 1170.10426    0   53 11341.9200 1170.10426  89.7%     -    0s
H    0     0                    9300.7200000 1170.10426  87.4%     -    0s
H    0     0                    8295.1200000 1170.10426  85.9%     -    0s
     0     0 1178.17440    0   54 8295.12000 1178.17440  85.8%     -    0s
H    0     0                    6258.3300000 1178.17440  81.2%     -    0s
     0     0 1185.40594    0   61 6258.33000 1185.40594  81.1%     -    0s
     0     0 1186.96000    0   45 6258.33000 1186.96000  81.0%     -    0s
     0     0 1188.37000    0   37 6258.33000 1188.37000  81.0%     -    0s
H    0     0                    5232.8300000 1188.37000  77.3%     -    0s
     0     0 1189.04500    0   54 5232.83000 1189.04500  77.3%     -    0s
     0     0 1189.80250    0   49 5232.83000 1189.80250  77.3%     -    0s
     0     0 1189.95953    0   62 5232.83000 1189.95953  77.3%     -    0s
     0     0 1190.07964    0   48 5232.83000 1190.07964  77.3%     -    0s
     0     0 1190.10542    0   44 5232.83000 1190.10542  77.3%     -    0s
     0     0 1190.10542    0   51 5232.83000 1190.10542  77.3%     -    0s
     0     0 1190.10542    0   49 5232.83000 1190.10542  77.3%     -    0s
     0     0 1190.10542    0   43 5232.83000 1190.10542  77.3%     -    0s
     0     0 1190.10542    0   49 5232.83000 1190.10542  77.3%     -    0s
     0     0 1190.10542    0   46 5232.83000 1190.10542  77.3%     -    0s
     0     2 1190.10542    0   44 5232.83000 1190.10542  77.3%     -    0s
H  162   131                    5231.3100000 1217.01569  76.7%  26.8    0s
H  588   416                    5228.2400000 1367.81113  73.8%  30.6    1s
H  930   617                    4407.4800000 1497.22474  66.0%  29.0    1s
H 1004   666                    4386.5200000 1497.22474  65.9%  29.2    1s
H 1039   655                    4381.0500000 2181.28309  50.2%  29.1    2s
H 1043   624                    4258.1700000 2186.18553  48.7%  29.0    2s
H 1342   709                    4255.2000000 2190.50000  48.5%  39.6    4s
H 1383   707                    4248.0400000 2190.50000  48.4%  39.7    4s
H 1602   741                    4247.7100000 2191.54250  48.4%  42.6    4s
  1942   862 2197.59977   21   44 4247.71000 2192.14175  48.4%  44.9    5s
H 2575  1068                    4246.1600000 2196.52822  48.3%  44.8    5s
  3585  1740 2321.13652   24   62 4246.16000 2198.10533  48.2%  47.8   10s
* 3748  1630              50    3313.6700000 2198.59910  33.7%  48.9   10s
H 6638  3137                    3313.2500000 2203.36344  33.5%  57.6   14s
  6657  3190 2325.24402   34   60 3313.25000 2203.36344  33.5%  57.6   15s
  9650  4648 2556.70450   20   29 3313.25000 2208.31641  33.3%  62.9   20s
H10466  4979                    3310.6000000 2209.57144  33.3%  64.4   21s
 12029  5609 3216.61270   22   31 3310.60000 2211.95897  33.2%  66.2   25s
H13936  6450                    3309.9800000 2213.94771  33.1%  67.3   29s
 14800  6804 2230.72732   37   42 3309.98000 2214.86480  33.1%  68.0   31s
 16890  7526 2231.73287   18   45 3309.98000 2217.25167  33.0%  69.4   35s
H18413  7841                    3289.0700000 2218.81686  32.5%  69.9   37s
 19422  8082 3239.10161   32   36 3289.07000 2220.57667  32.5%  70.0   40s
 20562  8508 2316.84691   46   46 3289.07000 2221.79539  32.4%  70.0   46s
 20578  8521 2221.79539   23   42 3289.07000 2221.79539  32.4%  70.0   50s
 21537  8643 infeasible   40      3289.07000 2221.79539  32.4%  70.2   55s
 24472  8655 3254.97204   40   36 3289.07000 2221.79539  32.4%  71.4   61s
 27412  8367 2448.92354   43   74 3289.07000 2244.03311  31.8%  72.7   66s
H27775  7856                    3286.8900000 2244.72165  31.7%  72.8   66s
 30089  7586     cutoff   40      3286.89000 2260.41023  31.2%  72.9   70s
 32043  7207 2502.98892   41  107 3286.89000 2273.31272  30.8%  73.5   75s
 34044  6466 2377.72254   36   78 3286.89000 2290.54185  30.3%  74.5   80s
 35218  5767 infeasible   40      3286.89000 2310.78739  29.7%  75.6   85s
 37645  4674 infeasible   33      3286.89000 2430.46085  26.1%  76.3   90s
 39817  3861 3251.89725   31   49 3286.89000 2767.29625  15.8%  76.0   95s
 41829  3738 3183.82545   29   23 3286.89000 3183.82545  3.14%  75.3  100s
 44776  3577 3197.43602   36   43 3286.89000 3195.61784  2.78%  74.7  105s
 48039  4240 3213.31307   39   24 3286.89000 3207.33128  2.42%  74.2  110s
 51026  4719 3228.65487   32   27 3286.89000 3213.72805  2.23%  74.0  115s
 54178  5097 3219.63207   46   35 3286.89000 3218.84672  2.07%  73.7  120s
 57021  5202     cutoff   39      3286.89000 3223.93610  1.92%  73.7  125s
 60205  5212 3233.44658   28   36 3286.89000 3228.59160  1.77%  73.6  130s
 63222  4996     cutoff   39      3286.89000 3233.34205  1.63%  73.5  135s
 66065  4848 3245.08432   44   50 3286.89000 3237.31074  1.51%  73.3  140s
 68510  4464     cutoff   45      3286.89000 3241.35009  1.39%  73.3  145s
 71070  3868 3259.39358   46   61 3286.89000 3245.98000  1.24%  73.2  150s
 74056  3086 3253.20975   46   55 3286.89000 3251.50000  1.08%  73.0  155s
 77008  2094     cutoff   44      3286.89000 3257.72518  0.89%  72.6  160s
 80574   500 3269.46329   42   17 3286.89000 3269.46329  0.53%  71.9  165s

Cutting planes:
  Learned: 17
  Gomory: 12
  Cover: 356
  Implied bound: 461
  Clique: 12
  MIR: 81
  Flow cover: 123
  GUB cover: 17
  Zero half: 46

Explored 81429 nodes (5829713 simplex iterations) in 165.83 seconds
Thread count was 4 (of 4 available processors)

Optimal solution found (tolerance 1.00e-04)
Best objective 3.286890000000e+03, best bound 3.286680000000e+03, gap 0.0064%
k_c1	12.0
k_c10	14.0
k_c11	19.0
k_c2	21.0
k_c3	7.0
k_c4	11.0
k_c5	7.0
k_c6	96.0
k_c7	100.0
k_c8	100.0
k_c9	4.0
k_dN	0.0
o_1	0.0
o_10	0.0
o_11	0.0
o_2	0.0
o_3	0.0
o_4	0.0
o_5	0.0
o_6	0.0
o_7	0.0
o_8	0.0
o_9	0.0
p_1	0.0
p_10	0.0
p_11	1.0
p_2	0.0
p_3	0.0
p_4	0.0
p_5	1.0
p_6	0.0
p_7	1.0
p_8	0.0
p_9	0.0
phi_c1	2.0
phi_c10	3.0
phi_c11	1.0
phi_c2	3.0
phi_c3	1.0
phi_c4	2.0
phi_c5	0.0
phi_c6	3.0
phi_c7	3.0
phi_c8	4.0
phi_c9	2.0
phi_dN	0.0
pi_c1	0.0
pi_c10	0.0
pi_c11	9.0
pi_c2	0.0
pi_c3	0.0
pi_c4	0.0
pi_c5	5.0
pi_c6	0.0
pi_c7	11.0
pi_c8	0.0
pi_c9	0.0
pi_dN	0.0
tauD_c1	30.0
tauD_c10	62.0
tauD_c11	45.0
tauD_c2	21.0
tauD_c3	85.0
tauD_c4	73.0
tauD_c5	45.0
tauD_c6	36.0
tauD_c7	10.0
tauD_c8	5.0
tauD_c9	86.0
tauD_d0	0.0
tauD_dN	100.0
tauS_c1	88.0
tauS_c10	11.0
tauS_c11	34.0
tauS_c2	87.0
tauS_c3	89.0
tauS_c4	87.0
tauS_c5	64.0
tauS_c6	85.0
tauS_c7	8.0
tauS_c8	91.0
tauS_c9	9.0
tauS_d0	0.0
tauS_dN	79.0
x_c10_c4	1.0
x_c11_c10	1.0
x_c1_c5	1.0
x_c2_c1	1.0
x_c3_dN	1.0
x_c4_c3	1.0
x_c5_c9	1.0
x_c6_c11	1.0
x_c7_c6	1.0
x_c8_c2	1.0
x_c9_dN	1.0
x_d0_c7	1.0
x_d0_c8	1.0
z_c11_c5	1.0
z_c5_dN	1.0
z_c7_c11	1.0
z_d0_c7	1.0
