
Gurobi 6.0.4 (win64) logging started 06/15/15 01:17:06

Read LP format model from file E:\Eigene Dateien\Downloads\Michi shit\VRPTWMS-master\VRPTWMS\instances\mip\fuel\N11-C_DV100-C_SV25_F5_2_No_1.lp
Reading time = 0.01 seconds
(null): 738 rows, 349 columns, 3182 nonzeros
Optimize a model with 738 rows, 349 columns and 3182 nonzeros
Model has 1452 quadratic constraints
WARNING: Only barrier available for SOCP models
Coefficient statistics:
  Matrix range    [1e+00, 1e+02]
  Objective range [4e+00, 1e+03]
  Bounds range    [1e+00, 1e+02]
  RHS range       [1e+00, 1e+02]
Presolve removed 67 rows and 40 columns
Presolve time: 0.11s
Presolved: 3147 rows, 1590 columns, 15712 nonzeros
Variable types: 1195 continuous, 395 integer (337 binary)
Optimize a model with 3147 rows, 1590 columns and 15712 nonzeros
Coefficient statistics:
  Matrix range    [1e+00, 9e+02]
  Objective range [4e+00, 1e+03]
  Bounds range    [1e+00, 1e+02]
  RHS range       [1e+00, 4e+02]

Concurrent LP optimizer: dual simplex and barrier
Showing barrier log only...

Presolve removed 250 rows and 165 columns
Presolved: 2897 rows, 1426 columns, 14584 nonzeros

Root barrier log...

Ordering time: 0.01s

Barrier performed 0 iterations in 0.15 seconds
Barrier solve interrupted - model solved by another algorithm


Solved with dual simplex
Solved in 184 iterations and 0.15 seconds
Optimal objective  2.243256261e+02

Root relaxation: objective 2.243256e+02, 184 iterations, 0.03 seconds

    Nodes    |    Current Node    |     Objective Bounds      |     Work
 Expl Unexpl |  Obj  Depth IntInf | Incumbent    BestBd   Gap | It/Node Time

     0     0  224.32563    0   39          -  224.32563      -     -    0s
     0     0  456.58587    0   53          -  456.58587      -     -    0s
     0     0 1212.39520    0   48          - 1212.39520      -     -    0s
     0     0 1216.53520    0   50          - 1216.53520      -     -    0s
     0     0 1217.21819    0   50          - 1217.21819      -     -    0s
     0     0 1217.39000    0   30          - 1217.39000      -     -    0s
     0     0 1217.39000    0   32          - 1217.39000      -     -    0s
     0     0 1217.39000    0   31          - 1217.39000      -     -    0s
     0     0 1217.39000    0   27          - 1217.39000      -     -    0s
     0     0 1217.39000    0   27          - 1217.39000      -     -    0s
     0     0 1217.39000    0   23          - 1217.39000      -     -    0s
     0     0 1217.39000    0   29          - 1217.39000      -     -    0s
H    0     0                    19717.460000 1217.39000  93.8%     -    0s
     0     0 1217.39000    0   27 19717.4600 1217.39000  93.8%     -    0s
H    0     0                    9476.6900000 1217.39000  87.2%     -    0s
H    0     0                    8452.2700000 1217.39000  85.6%     -    0s
     0     2 1217.39000    0   27 8452.27000 1217.39000  85.6%     -    0s
H  191   143                    7450.6100000 1249.55952  83.2%  38.1    0s
H  245   186                    6438.9600000 1251.76547  80.6%  36.6    0s
H  297   212                    6431.6600000 1251.76547  80.5%  37.4    0s
H  642   442                    6319.7500000 1258.55000  80.1%  30.7    0s
H  682   466                    5430.6100000 1264.55667  76.7%  30.9    1s
H  699   470                    5423.0200000 1264.61222  76.7%  30.8    1s
H  754   501                    5421.6100000 1264.61222  76.7%  31.1    1s
H 1030   644                    5408.5200000 1558.52807  71.2%  31.5    1s
H 1034   615                    5382.7400000 1836.75843  65.9%  31.4    2s
H 1037   586                    5369.8000000 1845.23629  65.6%  31.3    2s
  1055   599 3411.46358   43   27 5369.80000 1851.15706  65.5%  35.8    5s
H 1057   569                    4290.0700000 1851.15706  56.9%  35.7    5s
H 1421   678                    4289.3600000 2205.21697  48.6%  48.0    9s
H 1595   685                    3377.8500000 2210.00454  34.6%  50.1    9s
H 1746   695                    3364.8400000 2210.00454  34.3%  49.8    9s
H 1797   679                    3355.4200000 2219.50014  33.9%  49.8    9s
  1898   717 infeasible   45      3355.42000 2219.63328  33.8%  51.2   10s
H 2096   707                    3330.0500000 2220.38756  33.3%  51.9   10s
H 2219   673                    3326.8300000 2226.37532  33.1%  52.2   10s
H 2255   665                    3326.2700000 2226.37532  33.1%  52.2   10s
H 2347   675                    3318.4800000 2230.15265  32.8%  52.5   10s
H 2832   862                    3315.0900000 2238.55571  32.5%  53.9   12s
  4398  1538 2312.40421   36   32 3315.09000 2251.55714  32.1%  55.6   15s
H 6332  2200                    3313.4700000 2260.76782  31.8%  58.5   19s
  6993  2387 3277.78162   44   21 3313.47000 2263.97329  31.7%  59.1   20s
 10195  3383 2307.43709   42   41 3313.47000 2272.11509  31.4%  61.0   25s
 13174  4326 3292.18000   41   16 3313.47000 2276.11000  31.3%  61.8   30s
H14856  4693                    3294.7000000 2277.61860  30.9%  61.4   32s
 16633  5124 2797.96647   49   42 3294.70000 2278.96855  30.8%  61.8   35s
 19495  5733     cutoff   36      3294.70000 2282.42850  30.7%  63.2   40s
 21085  6069 2312.74364   38   27 3294.70000 2283.37319  30.7%  63.7   46s
 21098  6078 2318.23575   39   80 3294.70000 2283.37319  30.7%  63.7   50s
 21112  6087 2335.34750   48   98 3294.70000 2283.37319  30.7%  63.6   55s
 21126  6096 2315.28546   49   85 3294.70000 2283.37319  30.7%  63.6   60s
 21221  6150 2315.15426   47   44 3294.70000 2283.37319  30.7%  64.0   66s
 22661  6289 infeasible   48      3294.70000 2283.37319  30.7%  64.6   70s
 25106  6261 2456.35321   53   88 3294.70000 2283.37319  30.7%  66.2   75s
 27506  6216 2418.68682   63   80 3294.70000 2283.37319  30.7%  67.0   81s
 29071  6166     cutoff   57      3294.70000 2283.37319  30.7%  67.6   85s
 31160  6081 2296.20354   46   59 3294.70000 2283.37319  30.7%  68.3   90s
 33713  5762 2313.75224   54   46 3294.70000 2284.09644  30.7%  69.5   96s
 36288  5517 2315.28674   50   62 3294.70000 2287.48902  30.6%  70.4  101s
 38558  5274 2327.10499   57   41 3294.70000 2289.61850  30.5%  71.4  107s
 39402  5043 2299.34162   57   55 3294.70000 2291.10785  30.5%  71.6  110s
 42042  5481 infeasible   58      3294.70000 2293.75172  30.4%  72.6  116s
H43660  5751                    3293.8200000 2295.70129  30.3%  73.4  119s
 43889  5770 2311.06673   58   42 3293.82000 2296.33691  30.3%  73.4  120s
 46013  5966 infeasible   49      3293.82000 2298.79037  30.2%  74.3  125s
 48034  6101 infeasible   73      3293.82000 2301.22101  30.1%  75.4  130s
 49866  6257 2528.82004   59  112 3293.82000 2303.28300  30.1%  76.5  135s
 52158  6405     cutoff   57      3293.82000 2306.07865  30.0%  77.4  141s
 53960  6471     cutoff   50      3293.82000 2308.06829  29.9%  78.2  146s
 54943  6460 2311.03096   51   56 3293.82000 2309.33962  29.9%  78.7  150s
 56947  6460 2322.36559   63   46 3293.82000 2311.52214  29.8%  79.9  155s
 59027  6454 infeasible   65      3293.82000 2313.87407  29.8%  80.8  160s
 60689  6264 infeasible   57      3293.82000 2316.15372  29.7%  81.7  165s
 62103  6178 2329.33777   42   53 3293.82000 2318.26245  29.6%  82.4  170s
 63355  6084 infeasible   57      3293.82000 2319.93346  29.6%  83.0  175s
 65279  5916 2446.03694   69   58 3293.82000 2322.98286  29.5%  83.8  180s
 66974  5635     cutoff   70      3293.82000 2325.85616  29.4%  84.6  185s
 69053  5516 infeasible   45      3293.82000 2329.04150  29.3%  85.3  190s
 70600  5330 2591.65176   43   68 3293.82000 2331.55950  29.2%  85.8  195s
 72397  5085 2335.44911   58   59 3293.82000 2334.79860  29.1%  86.6  200s
 74058  5007 2356.35265   61   63 3293.82000 2337.96959  29.0%  87.1  205s
 75704  4731 infeasible   52      3293.82000 2341.33099  28.9%  87.8  210s
 77392  4481     cutoff   56      3293.82000 2344.86436  28.8%  88.3  215s
 78995  4173 infeasible   66      3293.82000 2348.98344  28.7%  88.9  220s
 80809  3848 2364.86200   56   44 3293.82000 2354.16332  28.5%  89.5  225s
 82341  3398 2409.20593   50   42 3293.82000 2360.05784  28.3%  90.0  230s
 83904  2939 infeasible   49      3293.82000 2366.43259  28.2%  90.5  235s
 85476  2441 2381.47744   54   72 3293.82000 2377.27220  27.8%  91.0  240s
 87032  1886     cutoff   65      3293.82000 2393.31021  27.3%  91.5  245s
 88828  1143 2491.94616   47   45 3293.82000 2469.60214  25.0%  91.8  250s
 91349   334 3260.97566   47   51 3293.82000 3238.64000  1.68%  91.2  255s

Cutting planes:
  Learned: 14
  Gomory: 32
  Cover: 443
  Implied bound: 433
  Clique: 10
  MIR: 141
  Flow cover: 280
  GUB cover: 25
  Zero half: 137
  Network: 2

Explored 93056 nodes (8402241 simplex iterations) in 257.37 seconds
Thread count was 4 (of 4 available processors)

Optimal solution found (tolerance 1.00e-04)
Best objective 3.293820000000e+03, best bound 3.293820000000e+03, gap 0.0%
k_c1	89.0
k_c10	90.0
k_c11	9.0
k_c2	100.0
k_c3	93.0
k_c4	11.0
k_c5	100.0
k_c6	83.0
k_c7	96.0
k_c8	6.0
k_c9	3.0
k_dN	0.0
o_1	0.0
o_10	0.0
o_11	0.0
o_2	0.0
o_3	0.0
o_4	1.0
o_5	0.0
o_6	0.0
o_7	0.0
o_8	0.0
o_9	0.0
p_1	0.0
p_10	0.0
p_11	0.0
p_2	0.0
p_3	0.0
p_4	1.0
p_5	0.0
p_6	0.0
p_7	1.0
p_8	0.0
p_9	1.0
phi_c1	2.0
phi_c10	2.0
phi_c11	3.0
phi_c2	1.0
phi_c3	3.0
phi_c4	0.0
phi_c5	4.0
phi_c6	1.0
phi_c7	0.0
phi_c8	2.0
phi_c9	0.0
phi_dN	0.0
pi_c1	0.0
pi_c10	0.0
pi_c11	0.0
pi_c2	0.0
pi_c3	21.0
pi_c4	10.0
pi_c5	0.0
pi_c6	0.0
pi_c7	15.0
pi_c8	0.0
pi_c9	5.0
pi_dN	0.0
tauD_c1	45.0
tauD_c10	38.0
tauD_c11	79.0
tauD_c2	8.0
tauD_c3	33.0
tauD_c4	57.0
tauD_c5	10.0
tauD_c6	71.0
tauD_c7	12.0
tauD_c8	85.0
tauD_c9	82.0
tauD_d0	0.0
tauD_dN	100.0
tauS_c1	88.0
tauS_c10	83.0
tauS_c11	88.0
tauS_c2	84.0
tauS_c3	89.0
tauS_c4	27.0
tauS_c5	86.0
tauS_c6	86.0
tauS_c7	11.0
tauS_c8	86.0
tauS_c9	74.0
tauS_d0	0.0
tauS_dN	100.0
x_c10_c4	1.0
x_c11_c8	1.0
x_c1_c6	1.0
x_c2_c7	1.0
x_c3_c1	1.0
x_c4_c11	1.0
x_c5_c3	1.0
x_c6_c9	1.0
x_c7_c10	1.0
x_c8_dN	1.0
x_c9_dN	1.0
x_d0_c2	1.0
x_d0_c5	1.0
z_c4_c9	1.0
z_c7_c4	1.0
z_c9_dN	1.0
z_d0_c7	1.0
