
Gurobi 6.0.4 (win64) logging started 06/14/15 23:59:49

Read LP format model from file E:\Eigene Dateien\Downloads\Michi shit\VRPTWMS-master\VRPTWMS\instances\mip\fuel\N11-C_DV100-C_SV25_F5_10_No_1.lp
Reading time = 0.01 seconds
(null): 738 rows, 349 columns, 3182 nonzeros
Optimize a model with 738 rows, 349 columns and 3182 nonzeros
Model has 1452 quadratic constraints
WARNING: Only barrier available for SOCP models
Coefficient statistics:
  Matrix range    [1e+00, 1e+02]
  Objective range [1e+00, 1e+03]
  Bounds range    [1e+00, 1e+02]
  RHS range       [1e+00, 1e+02]
Presolve removed 67 rows and 35 columns
Presolve time: 0.10s
Presolved: 3048 rows, 1548 columns, 15411 nonzeros
Variable types: 1143 continuous, 405 integer (347 binary)
Found heuristic solution: objective 11413.520000
Optimize a model with 3048 rows, 1548 columns and 15411 nonzeros
Coefficient statistics:
  Matrix range    [3e-01, 1e+02]
  Objective range [1e+00, 1e+03]
  Bounds range    [1e+00, 1e+02]
  RHS range       [1e+00, 1e+02]

Concurrent LP optimizer: dual simplex and barrier
Showing barrier log only...

Presolve removed 318 rows and 201 columns
Presolved: 2730 rows, 1347 columns, 14008 nonzeros

Root barrier log...

Ordering time: 0.01s

Barrier performed 0 iterations in 0.13 seconds
Barrier solve interrupted - model solved by another algorithm


Solved with dual simplex
Solved in 157 iterations and 0.13 seconds
Optimal objective  1.030239078e+02

Root relaxation: objective 1.030239e+02, 157 iterations, 0.03 seconds

    Nodes    |    Current Node    |     Objective Bounds      |     Work
 Expl Unexpl |  Obj  Depth IntInf | Incumbent    BestBd   Gap | It/Node Time

     0     0  103.02391    0   31 11413.5200  103.02391  99.1%     -    0s
H    0     0                    6269.2700000  103.02391  98.4%     -    0s
     0     0  113.13535    0   59 6269.27000  113.13535  98.2%     -    0s
     0     0  123.80176    0   41 6269.27000  123.80176  98.0%     -    0s
     0     0  123.99840    0   39 6269.27000  123.99840  98.0%     -    0s
     0     0  124.03500    0   32 6269.27000  124.03500  98.0%     -    0s
     0     0  124.03500    0   32 6269.27000  124.03500  98.0%     -    0s
     0     0  124.03500    0   32 6269.27000  124.03500  98.0%     -    0s
     0     2  124.03500    0   32 6269.27000  124.03500  98.0%     -    0s
H   48    49                    6265.6600000  277.84118  95.6%  28.5    0s
H   63    63                    6263.7700000  277.84118  95.6%  30.7    0s
H   75    73                    6262.2200000  277.84118  95.6%  29.0    0s
H  159   145                    3192.7300000  277.84118  91.3%  25.0    0s
H  233   200                    3173.8300000  277.84118  91.2%  24.1    0s
H  473   357                    3172.2800000 1102.50685  65.2%  22.6    0s
H 2754  1105                    3171.9600000 1130.14479  64.4%  35.1    3s
  4064  1596 2160.12120   37   18 3171.96000 1137.93629  64.1%  38.9    5s
H 5837  2402                    3171.6700000 1141.98365  64.0%  43.1    7s
  7845  3265     cutoff   50      3171.67000 1146.69769  63.8%  45.3   10s
 11825  4615 infeasible   44      3171.67000 1157.56833  63.5%  52.1   15s
 16179  5872 2169.79810   32   26 3171.67000 1210.48981  61.8%  55.4   20s
 19205  6422 2180.24598   42   32 3171.67000 1278.31227  59.7%  58.4   25s
 20949  6934 2206.60547   38   32 3171.67000 1353.85573  57.3%  59.0   30s
 21269  7057 2154.15782   44   42 3171.67000 1353.85573  57.3%  58.9   35s
 25626  7869 2446.88512   63   80 3171.67000 1353.85573  57.3%  58.1   40s
 29548  8351 1353.85573   41   42 3171.67000 1353.85573  57.3%  59.5   46s
 32650  8527 infeasible   58      3171.67000 1353.85573  57.3%  60.6   50s
 34386  8676 2153.74795   41   40 3171.67000 1353.85573  57.3%  61.3   55s
 37909  8877 2189.22400   46   70 3171.67000 1353.85573  57.3%  62.2   60s
 41734  9090     cutoff   66      3171.67000 1353.85573  57.3%  62.9   65s
 44814  9994 2165.81356   44   37 3171.67000 1353.85573  57.3%  63.7   70s
 48498 11037 infeasible   44      3171.67000 1353.85573  57.3%  64.9   75s
 51511 11949 infeasible   47      3171.67000 1353.85573  57.3%  65.8   80s
 54638 12617     cutoff   51      3171.67000 1353.85573  57.3%  66.9   85s
 57943 13320 infeasible   52      3171.67000 1353.85573  57.3%  68.1   90s
 60864 13871 2174.80448   42   60 3171.67000 1353.85573  57.3%  69.0   95s
 63811 14474     cutoff   52      3171.67000 1353.85573  57.3%  69.8  100s
 66733 14988 1353.85573   40   68 3171.67000 1353.85573  57.3%  70.5  105s
 69851 15442 infeasible   50      3171.67000 1353.85573  57.3%  71.3  110s
 73200 15926 2243.08975   41   47 3171.67000 1353.85573  57.3%  71.9  115s
 76210 16322 2202.39047   47   39 3171.67000 1353.85573  57.3%  72.6  120s
 79492 16691     cutoff   46      3171.67000 1353.85573  57.3%  73.1  125s
 82523 16925 infeasible   51      3171.67000 1353.85573  57.3%  73.6  130s
 85632 17294 2205.26379   63   57 3171.67000 1353.85573  57.3%  74.0  135s
 88599 17541 infeasible   52      3171.67000 1353.85573  57.3%  74.5  140s
 91381 17726 infeasible   58      3171.67000 1353.85573  57.3%  75.0  145s
 94466 17965 2508.67465   59   84 3171.67000 1353.85573  57.3%  75.4  150s
 97325 18091 2217.56314   45   43 3171.67000 1353.85573  57.3%  75.8  155s
 100461 18316 infeasible   49      3171.67000 1353.85573  57.3%  76.1  160s
 103467 18479     cutoff   53      3171.67000 1353.85573  57.3%  76.5  165s
 106843 18645 infeasible   46      3171.67000 1353.85573  57.3%  76.8  171s
 109120 18640     cutoff   45      3171.67000 1353.85573  57.3%  77.1  175s
 112687 18803 2216.73241   50   59 3171.67000 1353.85573  57.3%  77.4  180s
 115624 18901 1353.85573   71   69 3171.67000 1353.85573  57.3%  77.6  185s
 118072 19079     cutoff   51      3171.67000 1353.85573  57.3%  77.7  190s
 121310 19409 2201.78848   51   46 3171.67000 1353.85573  57.3%  77.9  195s
 124679 19768 1353.85573   50   92 3171.67000 1353.85573  57.3%  78.0  200s
 128045 20288     cutoff   60      3171.67000 1353.85573  57.3%  78.0  205s
 130999 20700 infeasible   50      3171.67000 1353.85573  57.3%  78.1  210s
 134258 21093     cutoff   51      3171.67000 1353.85573  57.3%  78.2  215s
 137453 21478 2201.07576   46   56 3171.67000 1353.85573  57.3%  78.3  220s
 140774 21886     cutoff   55      3171.67000 1353.85573  57.3%  78.4  225s
 143510 22251 infeasible   54      3171.67000 1353.85573  57.3%  78.5  230s
 146745 22511 1379.02209   34   30 3171.67000 1353.85573  57.3%  78.6  235s
 149805 22810 infeasible   44      3171.67000 1353.85573  57.3%  78.6  240s
 153036 23005 infeasible   46      3171.67000 1353.85573  57.3%  78.7  245s
 156399 23132 1353.85573   48   62 3171.67000 1353.85573  57.3%  78.8  250s
 159570 23245 2801.94185   49   54 3171.67000 1353.85573  57.3%  78.9  255s
 162549 23337 2225.64819   53   89 3171.67000 1354.52419  57.3%  79.1  260s
 165605 23449 infeasible   55      3171.67000 1367.54942  56.9%  79.2  265s
 168642 23472 infeasible   56      3171.67000 1380.47122  56.5%  79.3  270s
 170883 23527     cutoff   48      3171.67000 1393.06443  56.1%  79.4  275s
 174457 23566 infeasible   46      3171.67000 1418.80493  55.3%  79.5  280s
 177299 23406 infeasible   59      3171.67000 1450.41894  54.3%  79.6  285s
 180448 23523 infeasible   50      3171.67000 1489.04367  53.1%  79.6  290s
 183938 23684 2184.40133   45   62 3171.67000 1543.83387  51.3%  79.6  295s
 187729 23798 2162.76365   38   35 3171.67000 1633.82400  48.5%  79.6  300s
 190893 24232 infeasible   49      3171.67000 1686.24897  46.8%  79.5  305s
 194311 24066 2144.49733   43   20 3171.67000 1768.35771  44.2%  79.5  310s
 197676 24466 2438.81907   45   41 3171.67000 1951.86199  38.5%  79.4  315s
 201539 25227 2244.48099   58   43 3171.67000 2074.48359  34.6%  79.3  320s
 205064 26138 2180.55719   48   83 3171.67000 2120.70594  33.1%  79.0  325s
 210410 28085 infeasible   54      3171.67000 2131.42893  32.8%  78.4  330s
 215224 29999 2154.70000   56   34 3171.67000 2133.83643  32.7%  77.7  335s
 220276 31946 infeasible   61      3171.67000 2135.66636  32.7%  77.0  340s
 224720 33638 2162.66544   59   30 3171.67000 2137.01065  32.6%  76.5  345s
 229872 35473 2150.26698   65   39 3171.67000 2138.26023  32.6%  75.9  350s
 234827 37404 2140.30569   49   34 3171.67000 2139.24000  32.6%  75.5  355s
 239852 39227 2164.55468   52   60 3171.67000 2140.14890  32.5%  75.0  360s
 243584 40649 infeasible   54      3171.67000 2140.82136  32.5%  74.7  365s
 248639 42602 2243.62427   53   43 3171.67000 2141.57870  32.5%  74.2  370s
 253666 44369 infeasible   55      3171.67000 2142.30481  32.5%  73.8  375s
 258728 46294 2182.87959   67   65 3171.67000 2143.02587  32.4%  73.4  380s
 263539 48084 2215.42803   53   56 3171.67000 2143.56927  32.4%  73.0  385s
 268086 49752 infeasible   64      3171.67000 2144.05598  32.4%  72.7  390s
 272138 51152 2164.14913   56   25 3171.67000 2144.42406  32.4%  72.4  395s
 276857 52758     cutoff   54      3171.67000 2144.91469  32.4%  72.1  400s
 281545 54480     cutoff   52      3171.67000 2145.32763  32.4%  71.8  405s
 286012 55914 infeasible   47      3171.67000 2145.68283  32.3%  71.6  410s
 290724 57537 2152.36955   47   38 3171.67000 2146.03769  32.3%  71.3  415s
 295070 58849 infeasible   48      3171.67000 2146.41156  32.3%  71.1  420s
 299944 60333 2147.35419   53   49 3171.67000 2146.80287  32.3%  70.9  425s
 303630 61557 2151.51259   60   35 3171.67000 2147.09137  32.3%  70.8  430s
 307884 62846 2177.34199   48   30 3171.67000 2147.33230  32.3%  70.6  435s
 312485 64127 2181.51933   53   46 3171.67000 2147.67410  32.3%  70.5  440s
 316451 65304     cutoff   67      3171.67000 2147.90360  32.3%  70.4  445s
 321183 66726 2153.77674   57   42 3171.67000 2148.17407  32.3%  70.2  450s
 325969 68213     cutoff   49      3171.67000 2148.43249  32.3%  70.1  455s
 329994 69455 2148.71139   41   39 3171.67000 2148.66189  32.3%  69.9  460s
 334560 70809 2182.56392   63   47 3171.67000 2148.97774  32.2%  69.8  465s
 338503 72068 2377.09641   49   44 3171.67000 2149.18994  32.2%  69.6  470s
 343143 73447 infeasible   45      3171.67000 2149.40721  32.2%  69.5  475s
 347431 74554 infeasible   48      3171.67000 2149.59537  32.2%  69.4  480s
 351923 75865 infeasible   50      3171.67000 2149.84184  32.2%  69.3  485s
 354434 76407 2227.62588   68   57 3171.67000 2149.96344  32.2%  69.3  490s
 358728 77670 infeasible   49      3171.67000 2150.15651  32.2%  69.2  495s
 363137 78868 infeasible   54      3171.67000 2150.36592  32.2%  69.1  500s
 367296 79930 2153.69250   66   44 3171.67000 2150.57621  32.2%  69.1  505s
 371257 81092     cutoff   46      3171.67000 2150.73361  32.2%  69.0  510s
 375433 82130 2177.63667   60   58 3171.67000 2150.92354  32.2%  68.9  515s
 379321 83076 infeasible   49      3171.67000 2151.09502  32.2%  68.9  520s
 383737 84284     cutoff   55      3171.67000 2151.31262  32.2%  68.8  525s
 386840 85126 2202.35772   67   63 3171.67000 2151.44742  32.2%  68.8  530s
 390974 86159 infeasible   61      3171.67000 2151.62862  32.2%  68.7  535s
 395172 87176 2162.15374   46   44 3171.67000 2151.83038  32.2%  68.6  540s
 399666 88208 2153.03149   61   61 3171.67000 2152.05869  32.1%  68.6  545s
 403676 89143 2167.42130   47   49 3171.67000 2152.23870  32.1%  68.6  550s
 407648 90143 2164.52117   51   28 3171.67000 2152.39966  32.1%  68.6  555s
 411370 90851 2189.68727   64   25 3171.67000 2152.56069  32.1%  68.6  560s
 415603 91718 2232.32001   66   51 3171.67000 2152.76562  32.1%  68.6  565s
 419091 92477 2271.79620   48   47 3171.67000 2152.92482  32.1%  68.6  570s
 422974 93276 infeasible   52      3171.67000 2153.10114  32.1%  68.6  575s
 426920 94041     cutoff   62      3171.67000 2153.29087  32.1%  68.6  580s
 431188 95013 2163.45522   57   44 3171.67000 2153.45796  32.1%  68.6  585s
 434576 95781     cutoff   58      3171.67000 2153.59464  32.1%  68.6  590s
 438839 96538 infeasible   51      3171.67000 2153.78919  32.1%  68.6  595s
 442214 97221 infeasible   59      3171.67000 2153.91282  32.1%  68.6  600s
 446122 98085     cutoff   70      3171.67000 2154.06222  32.1%  68.6  605s
 449862 98753 2163.31209   45   49 3171.67000 2154.22774  32.1%  68.6  610s
 453786 99558 2188.31544   61   35 3171.67000 2154.39677  32.1%  68.6  615s
 458026 100315 infeasible   75      3171.67000 2154.56895  32.1%  68.6  620s
 461886 101051 infeasible   54      3171.67000 2154.72801  32.1%  68.6  625s
 466021 101823 2187.59359   53   37 3171.67000 2154.88291  32.1%  68.6  630s
 469501 102608     cutoff   63      3171.67000 2155.00487  32.1%  68.6  635s
 473219 103431 2160.29598   67   46 3171.67000 2155.12045  32.1%  68.6  640s
 476852 104191 2164.10038   49   25 3171.67000 2155.26000  32.0%  68.6  645s
 481081 105007 2176.60409   61   42 3171.67000 2155.41810  32.0%  68.6  650s
 484550 105690 2198.63131   37   46 3171.67000 2155.54777  32.0%  68.6  655s
 488092 106351     cutoff   56      3171.67000 2155.69779  32.0%  68.6  660s
 492220 107146 2233.86785   63   68 3171.67000 2155.84934  32.0%  68.7  665s
 495629 107795 infeasible   61      3171.67000 2155.97978  32.0%  68.7  670s
 499893 108628 infeasible   59      3171.67000 2156.13358  32.0%  68.7  675s
 503424 109144 infeasible   57      3171.67000 2156.26000  32.0%  68.7  680s
 507533 109885 infeasible   55      3171.67000 2156.41833  32.0%  68.7  685s
 510842 110362 2588.79238   63   67 3171.67000 2156.54308  32.0%  68.7  690s
 514773 110972     cutoff   60      3171.67000 2156.70945  32.0%  68.8  695s
 518473 111593 infeasible   54      3171.67000 2156.84455  32.0%  68.8  700s
 522442 112234 2166.77946   52   28 3171.67000 2157.00014  32.0%  68.8  705s
 525493 112596     cutoff   54      3171.67000 2157.12151  32.0%  68.9  710s
 528920 113097 2168.76586   57   47 3171.67000 2157.24652  32.0%  68.9  715s
 532480 113673 2202.75010   57   33 3171.67000 2157.37220  32.0%  68.9  720s
 536329 114246 infeasible   56      3171.67000 2157.51076  32.0%  68.9  725s
 539480 114616 infeasible   46      3171.67000 2157.63126  32.0%  69.0  730s
 543068 115237 2374.39603   43   71 3171.67000 2157.75274  32.0%  69.0  735s
 546820 115661 infeasible   75      3171.67000 2157.88966  32.0%  69.0  740s
 550307 116079 2439.06088   47   41 3171.67000 2158.04661  32.0%  69.1  745s
 554137 116545     cutoff   59      3171.67000 2158.19467  32.0%  69.1  750s
 557455 117108 2169.65697   59   45 3171.67000 2158.29713  32.0%  69.1  755s
 560944 117508 2195.99712   67   51 3171.67000 2158.42746  31.9%  69.2  760s
 564638 117851 2171.95424   51   42 3171.67000 2158.56403  31.9%  69.2  765s
 567964 118398 infeasible   54      3171.67000 2158.68401  31.9%  69.2  770s
 571965 119052 infeasible   64      3171.67000 2158.82909  31.9%  69.3  775s
 575209 119455 infeasible   58      3171.67000 2158.94690  31.9%  69.3  780s
 578873 119881 2219.74477   53   30 3171.67000 2159.08454  31.9%  69.3  785s
 582345 120347 2159.19954   51   53 3171.67000 2159.19954  31.9%  69.4  790s
 585703 120816 infeasible   44      3171.67000 2159.30841  31.9%  69.4  795s
 589557 121322 infeasible   42      3171.67000 2159.44888  31.9%  69.4  800s
 592392 121566 2180.37443   52   62 3171.67000 2159.55441  31.9%  69.5  805s
 596171 121956 infeasible   62      3171.67000 2159.70017  31.9%  69.5  810s
 599548 122325 2196.56612   52   58 3171.67000 2159.82541  31.9%  69.6  815s
 603391 122850 2165.06908   49   43 3171.67000 2159.94998  31.9%  69.6  820s
 606660 123198 3141.89054   54   30 3171.67000 2160.05554  31.9%  69.6  825s
 610391 123545 infeasible   52      3171.67000 2160.20178  31.9%  69.7  830s
 613610 123816     cutoff   53      3171.67000 2160.32247  31.9%  69.7  835s
 617066 124285 infeasible   60      3171.67000 2160.43629  31.9%  69.8  840s
 620574 124646     cutoff   48      3171.67000 2160.57109  31.9%  69.8  845s
 623841 125040 infeasible   69      3171.67000 2160.68498  31.9%  69.8  850s
 627627 125524 infeasible   54      3171.67000 2160.81632  31.9%  69.9  855s
 630774 125923     cutoff   69      3171.67000 2160.92032  31.9%  69.9  860s
 634168 126168 2167.42549   62   39 3171.67000 2161.05555  31.9%  70.0  865s
 637716 126438 infeasible   47      3171.67000 2161.19017  31.9%  70.0  870s
 641009 126748     cutoff   64      3171.67000 2161.30211  31.9%  70.1  875s
 644479 127106 infeasible   61      3171.67000 2161.41253  31.9%  70.1  880s
 647327 127352 infeasible   53      3171.67000 2161.50728  31.8%  70.2  885s
 650360 127589 infeasible   52      3171.67000 2161.61735  31.8%  70.2  890s
 653875 127820 2253.49771   79   65 3171.67000 2161.75620  31.8%  70.3  895s
 657108 128159 infeasible   56      3171.67000 2161.87000  31.8%  70.3  900s
 660863 128498 infeasible   55      3171.67000 2161.99640  31.8%  70.3  905s
 664169 128844 infeasible   63      3171.67000 2162.11122  31.8%  70.3  910s
 667369 129169 infeasible   50      3171.67000 2162.22456  31.8%  70.4  915s
 670946 129393 infeasible   60      3171.67000 2162.35074  31.8%  70.4  920s
 673886 129621 2184.29593   50   71 3171.67000 2162.44598  31.8%  70.5  925s
 677392 129932 infeasible   51      3171.67000 2162.56957  31.8%  70.5  930s
 680701 130269 infeasible   52      3171.67000 2162.68108  31.8%  70.6  935s
 684321 130533 2168.30640   49   53 3171.67000 2162.80460  31.8%  70.6  940s
 688030 130804 infeasible   56      3171.67000 2162.91783  31.8%  70.7  945s
 691316 131100 2186.95935   59   45 3171.67000 2163.01739  31.8%  70.7  950s
 694959 131448     cutoff   55      3171.67000 2163.13673  31.8%  70.7  955s
 698265 131747 infeasible   60      3171.67000 2163.24496  31.8%  70.8  960s
 701669 131890     cutoff   64      3171.67000 2163.35656  31.8%  70.8  965s
 705245 132211     cutoff   43      3171.67000 2163.47992  31.8%  70.9  970s
 708579 132475 2222.13753   76   85 3171.67000 2163.58139  31.8%  70.9  975s
 712064 132546 2182.69420   61   43 3171.67000 2163.71225  31.8%  70.9  980s
 714927 132731 infeasible   57      3171.67000 2163.81493  31.8%  71.0  985s
 718595 133037     cutoff   75      3171.67000 2163.92866  31.8%  71.0  990s
 721761 133265 2178.92858   48   22 3171.67000 2164.02546  31.8%  71.1  995s
 725384 133420 3167.54996   43   17 3171.67000 2164.14976  31.8%  71.1 1000s
 728874 133744 infeasible   43      3171.67000 2164.25884  31.8%  71.1 1005s
 732085 134008 infeasible   53      3171.67000 2164.35065  31.8%  71.2 1010s
 735351 134282 2178.99974   44   24 3171.67000 2164.44907  31.8%  71.2 1015s
 738709 134393 infeasible   55      3171.67000 2164.56917  31.8%  71.3 1020s
 742246 134513     cutoff   55      3171.67000 2164.69906  31.7%  71.3 1025s
 745436 134812     cutoff   54      3171.67000 2164.78463  31.7%  71.3 1030s
 748836 134993 2176.11542   54   44 3171.67000 2164.89309  31.7%  71.4 1035s
 751709 135099 infeasible   55      3171.67000 2164.97817  31.7%  71.4 1040s
 755164 135185 2176.89336   58   39 3171.67000 2165.10009  31.7%  71.5 1045s
 758504 135259 2186.44992   50   43 3171.67000 2165.22232  31.7%  71.5 1050s
 761206 135487 2193.19837   48   35 3171.67000 2165.32000  31.7%  71.6 1055s
 764246 135607 infeasible   56      3171.67000 2165.40576  31.7%  71.6 1060s
 767395 135793 2293.35469   47   61 3171.67000 2165.50600  31.7%  71.6 1065s
 770798 135916 infeasible   47      3171.67000 2165.62317  31.7%  71.7 1070s
 774311 136120 infeasible   62      3171.67000 2165.72415  31.7%  71.7 1075s
 777495 136354     cutoff   47      3171.67000 2165.81660  31.7%  71.7 1080s
 780138 136254 2188.13290   56   34 3171.67000 2165.92021  31.7%  71.8 1085s
 783508 136371 2179.70198   51   36 3171.67000 2166.02476  31.7%  71.8 1090s
 786775 136326 2172.68673   52   33 3171.67000 2166.13530  31.7%  71.9 1095s
 790126 136374     cutoff   62      3171.67000 2166.24451  31.7%  72.0 1100s
 793686 136368 2174.21383   56   71 3171.67000 2166.38198  31.7%  72.0 1105s
 797091 136469 infeasible   52      3171.67000 2166.50829  31.7%  72.1 1110s
 799712 136499     cutoff   61      3171.67000 2166.59165  31.7%  72.1 1115s
 803135 136631 infeasible   47      3171.67000 2166.70634  31.7%  72.2 1120s
 806581 136690 infeasible   56      3171.67000 2166.81860  31.7%  72.2 1125s
 809844 136742     cutoff   47      3171.67000 2166.92749  31.7%  72.3 1130s
 813278 136843 2200.65799   55   46 3171.67000 2167.04050  31.7%  72.3 1135s
 816616 136978 infeasible   51      3171.67000 2167.14565  31.7%  72.3 1140s
 819591 137116 2185.15948   46   33 3171.67000 2167.25053  31.7%  72.4 1145s
 822689 137102     cutoff   71      3171.67000 2167.35086  31.7%  72.4 1150s
 826050 137155 2168.79143   58   45 3171.67000 2167.46478  31.7%  72.5 1155s
 829235 137130 2167.57791   58   31 3171.67000 2167.57791  31.7%  72.5 1160s
 832297 137276 infeasible   52      3171.67000 2167.67283  31.7%  72.6 1165s
 835301 137375 2223.31197   56   66 3171.67000 2167.77188  31.7%  72.6 1170s
 838524 137395     cutoff   55      3171.67000 2167.87954  31.6%  72.6 1175s
 841639 137327     cutoff   58      3171.67000 2167.98676  31.6%  72.7 1180s
 844814 137285     cutoff   43      3171.67000 2168.10394  31.6%  72.8 1185s
 848217 137335     cutoff   61      3171.67000 2168.21661  31.6%  72.8 1190s
 851672 137464 infeasible   67      3171.67000 2168.33021  31.6%  72.8 1195s
 854780 137642     cutoff   52      3171.67000 2168.42177  31.6%  72.9 1200s
 857827 137563 infeasible   45      3171.67000 2168.53643  31.6%  72.9 1205s
 860402 137604 infeasible   51      3171.67000 2168.61710  31.6%  72.9 1210s
 863687 137565 2176.97211   47   32 3171.67000 2168.72988  31.6%  73.0 1215s
 867065 137591 2178.96863   46   36 3171.67000 2168.83723  31.6%  73.0 1220s
 870359 137484     cutoff   66      3171.67000 2168.96005  31.6%  73.1 1225s
 873682 137515 2188.50915   44   23 3171.67000 2169.07283  31.6%  73.1 1230s
 876853 137606 infeasible   49      3171.67000 2169.17610  31.6%  73.1 1235s
 880062 137558 2216.95250   39   68 3171.67000 2169.28893  31.6%  73.2 1240s
 882950 137472     cutoff   47      3171.67000 2169.39000  31.6%  73.2 1245s
 885673 137383 infeasible   50      3171.67000 2169.48777  31.6%  73.3 1250s
 889004 137406 2183.26857   52   51 3171.67000 2169.60026  31.6%  73.3 1255s
 892295 137385     cutoff   53      3171.67000 2169.71048  31.6%  73.4 1260s
 895113 137441 infeasible   64      3171.67000 2169.80000  31.6%  73.4 1265s
 898598 137346 2198.03793   60   48 3171.67000 2169.92820  31.6%  73.4 1270s
 901537 137429 infeasible   57      3171.67000 2170.02388  31.6%  73.5 1275s
 904989 137366     cutoff   49      3171.67000 2170.14988  31.6%  73.5 1280s
 907723 137340 infeasible   59      3171.67000 2170.23736  31.6%  73.5 1285s
 910852 137309 infeasible   45      3171.67000 2170.34235  31.6%  73.6 1290s
 914235 137371 2189.23834   57   40 3171.67000 2170.45250  31.6%  73.6 1295s
 917231 137218 infeasible   53      3171.67000 2170.56887  31.6%  73.7 1300s
 920246 137181 2198.08536   51   55 3171.67000 2170.67205  31.6%  73.7 1305s
 923274 137107 2193.60301   58   40 3171.67000 2170.77875  31.6%  73.8 1310s
 926545 137125 2181.19931   66   54 3171.67000 2170.88265  31.6%  73.8 1315s
 929436 137071 infeasible   51      3171.67000 2170.99082  31.6%  73.8 1320s
 932595 136827 2197.21682   55   73 3171.67000 2171.11132  31.5%  73.9 1325s
 935373 136816 2203.28468   66   48 3171.67000 2171.21000  31.5%  73.9 1330s
 938080 136633 2194.84131   55   44 3171.67000 2171.30923  31.5%  74.0 1335s
 941453 136589 2177.24132   61   28 3171.67000 2171.42457  31.5%  74.0 1340s
 944161 136429 infeasible   49      3171.67000 2171.52726  31.5%  74.1 1345s
 947334 136352 infeasible   59      3171.67000 2171.63774  31.5%  74.1 1350s
 950496 136263 2181.06793   49   38 3171.67000 2171.74768  31.5%  74.1 1355s
 953614 136265 2173.94123   51   35 3171.67000 2171.85731  31.5%  74.2 1360s
 956629 136139 2184.16421   55   18 3171.67000 2171.95635  31.5%  74.2 1365s
 959704 136013 2189.79775   53   51 3171.67000 2172.06571  31.5%  74.3 1370s
 962897 135936     cutoff   48      3171.67000 2172.17138  31.5%  74.3 1375s
 965263 135842 2174.85592   45   43 3171.67000 2172.25638  31.5%  74.3 1380s
 968392 135747     cutoff   63      3171.67000 2172.35969  31.5%  74.4 1385s
 971314 135644 infeasible   57      3171.67000 2172.45512  31.5%  74.4 1390s
 974223 135497     cutoff   46      3171.67000 2172.57863  31.5%  74.4 1395s
 977278 135437 infeasible   46      3171.67000 2172.69077  31.5%  74.5 1400s
 980331 135265     cutoff   57      3171.67000 2172.80456  31.5%  74.5 1405s
 983383 135235 infeasible   44      3171.67000 2172.90323  31.5%  74.6 1410s
 986850 135180 2196.39552   63   47 3171.67000 2173.02377  31.5%  74.6 1415s
 989656 134864 infeasible   60      3171.67000 2173.14065  31.5%  74.7 1420s
 992487 134760 2175.98836   48   34 3171.67000 2173.24173  31.5%  74.7 1425s
 995619 134706 infeasible   67      3171.67000 2173.34672  31.5%  74.7 1430s
 998948 134752 infeasible   59      3171.67000 2173.46429  31.5%  74.8 1435s
 1001827 134593 2173.64939   61   63 3171.67000 2173.57299  31.5%  74.8 1440s
 1004931 134572 2208.84206   73   57 3171.67000 2173.67404  31.5%  74.8 1445s
 1007664 134285 infeasible   45      3171.67000 2173.77946  31.5%  74.9 1450s
 1010521 133988 2233.79175   64   35 3171.67000 2173.89336  31.5%  74.9 1455s
 1013583 133879 2200.55831   57   45 3171.67000 2174.00802  31.5%  75.0 1460s
 1016912 133708 2174.13107   62   59 3171.67000 2174.13107  31.5%  75.0 1465s
 1019990 133565 2201.41839   68   38 3171.67000 2174.23766  31.4%  75.0 1470s
 1023041 133458 2180.56714   82   51 3171.67000 2174.34461  31.4%  75.1 1475s
 1025888 133219 2205.84875   69   36 3171.67000 2174.45426  31.4%  75.1 1480s
 1029093 133260 infeasible   48      3171.67000 2174.56230  31.4%  75.1 1485s
 1031864 133060     cutoff   54      3171.67000 2174.66957  31.4%  75.2 1490s
 1035253 132846 2177.87750   53   27 3171.67000 2174.79511  31.4%  75.2 1495s
 1038149 132708 infeasible   74      3171.67000 2174.90520  31.4%  75.2 1500s
 1040931 132463 infeasible   46      3171.67000 2175.01991  31.4%  75.3 1505s
 1043989 132341 infeasible   57      3171.67000 2175.13607  31.4%  75.3 1510s
 1047104 132273 2197.88414   43   26 3171.67000 2175.24372  31.4%  75.3 1515s
 1049828 132206 2193.19907   53   49 3171.67000 2175.34335  31.4%  75.3 1520s
 1053120 132002 2190.56896   40   67 3171.67000 2175.46450  31.4%  75.4 1525s
 1056107 131870 2194.81347   52   67 3171.67000 2175.57268  31.4%  75.4 1530s
 1059424 131629 infeasible   59      3171.67000 2175.69438  31.4%  75.5 1535s
 1062324 131485 2272.49399   51   45 3171.67000 2175.80182  31.4%  75.5 1540s
 1065123 131358     cutoff   37      3171.67000 2175.89785  31.4%  75.5 1545s
 1068218 131225 2198.59679   62   36 3171.67000 2176.00695  31.4%  75.5 1550s
 1071417 130955 2176.11894   45   18 3171.67000 2176.11894  31.4%  75.6 1555s
 1074219 130831 infeasible   64      3171.67000 2176.22896  31.4%  75.6 1560s
 1077013 130617 infeasible   63      3171.67000 2176.34141  31.4%  75.6 1565s
 1080417 130513 2185.86366   51   34 3171.67000 2176.46000  31.4%  75.7 1570s
 1083315 130318 2177.00244   62   44 3171.67000 2176.57514  31.4%  75.7 1575s
 1086124 130174     cutoff   57      3171.67000 2176.68211  31.4%  75.7 1580s
 1089424 129989 infeasible   46      3171.67000 2176.80000  31.4%  75.8 1585s
 1092304 129826 2240.33040   51   36 3171.67000 2176.91004  31.4%  75.8 1590s
 1094844 129584 infeasible   68      3171.67000 2177.00686  31.4%  75.8 1595s
 1097740 129321 2194.22390   75   51 3171.67000 2177.12000  31.4%  75.9 1600s
 1100764 129020 infeasible   50      3171.67000 2177.23851  31.4%  75.9 1605s
 1103616 128854     cutoff   50      3171.67000 2177.35712  31.3%  76.0 1610s
 1106660 128754 2193.52597   58   50 3171.67000 2177.47088  31.3%  76.0 1615s
 1109441 128554 2183.93751   56   33 3171.67000 2177.56823  31.3%  76.0 1620s
 1112382 128227 infeasible   59      3171.67000 2177.69480  31.3%  76.1 1625s
 1115036 128064 2210.24920   62   24 3171.67000 2177.80325  31.3%  76.1 1630s
 1117736 127816 infeasible   65      3171.67000 2177.91125  31.3%  76.1 1635s
 1120769 127683 infeasible   82      3171.67000 2178.02047  31.3%  76.1 1640s
 1123892 127432 infeasible   46      3171.67000 2178.14430  31.3%  76.2 1645s
 1126765 127244     cutoff   54      3171.67000 2178.24625  31.3%  76.2 1650s
 1129117 126945     cutoff   69      3171.67000 2178.34744  31.3%  76.2 1655s
 1132313 126692 2194.61398   45   42 3171.67000 2178.48129  31.3%  76.3 1660s
 1135316 126393 2207.95348   59   54 3171.67000 2178.60513  31.3%  76.3 1665s
 1138329 126268 2226.51730   48   41 3171.67000 2178.72035  31.3%  76.3 1670s
 1141544 125881 infeasible   51      3171.67000 2178.85966  31.3%  76.4 1675s
 1144263 125712     cutoff   75      3171.67000 2178.95909  31.3%  76.4 1680s
 1147228 125523 2210.20034   72   50 3171.67000 2179.07000  31.3%  76.4 1685s
 1149562 125331 3166.00509   63   56 3171.67000 2179.16602  31.3%  76.4 1690s
 1152670 125027 infeasible   51      3171.67000 2179.29612  31.3%  76.5 1695s
 1155707 124665 infeasible   65      3171.67000 2179.42704  31.3%  76.5 1700s
 1158573 124439 2194.95162   45   43 3171.67000 2179.54567  31.3%  76.6 1705s
 1161901 124301 2180.09870   51   18 3171.67000 2179.67312  31.3%  76.6 1710s
 1164901 124010 infeasible   47      3171.67000 2179.79634  31.3%  76.6 1715s
 1167108 123815     cutoff   58      3171.67000 2179.88577  31.3%  76.6 1720s
 1170329 123567     cutoff   48      3171.67000 2180.01091  31.3%  76.7 1725s
 1173386 123270 infeasible   72      3171.67000 2180.14352  31.3%  76.7 1730s
 1176277 122896 2194.06518   43   26 3171.67000 2180.26772  31.3%  76.7 1735s
 1179080 122648 2185.91362   44   27 3171.67000 2180.39027  31.3%  76.8 1740s
 1181491 122383 2211.82651   60   34 3171.67000 2180.49590  31.3%  76.8 1745s
 1184477 122122 2180.62624   49   34 3171.67000 2180.62624  31.2%  76.8 1750s
 1187564 121814 infeasible   38      3171.67000 2180.76186  31.2%  76.8 1755s
 1190532 121698     cutoff   54      3171.67000 2180.87051  31.2%  76.9 1760s
 1193324 121424     cutoff   77      3171.67000 2180.99317  31.2%  76.9 1765s
 1195813 121135     cutoff   58      3171.67000 2181.11260  31.2%  76.9 1770s
 1198819 120827 infeasible   56      3171.67000 2181.24827  31.2%  76.9 1775s
 1201699 120457 2182.81333   53   31 3171.67000 2181.38776  31.2%  77.0 1780s
 1204773 120233 2194.68497   55   39 3171.67000 2181.50966  31.2%  77.0 1785s
 1207554 119847 2207.62415   60   45 3171.67000 2181.63799  31.2%  77.0 1790s
 1210536 119459     cutoff   54      3171.67000 2181.77380  31.2%  77.1 1795s
 1213252 119047 infeasible   60      3171.67000 2181.90599  31.2%  77.1 1800s
 1216178 118662 infeasible   70      3171.67000 2182.03780  31.2%  77.1 1805s
 1218641 118361     cutoff   55      3171.67000 2182.14656  31.2%  77.2 1810s
 1221600 117999 2188.99765   72   81 3171.67000 2182.26909  31.2%  77.2 1815s
 1224043 117798 infeasible   57      3171.67000 2182.37231  31.2%  77.2 1820s
 1226876 117432     cutoff   56      3171.67000 2182.51619  31.2%  77.3 1825s
 1229813 117111 2196.59380   55   32 3171.67000 2182.63816  31.2%  77.3 1830s
 1232429 116731 infeasible   48      3171.67000 2182.76127  31.2%  77.3 1835s
 1235668 116409     cutoff   63      3171.67000 2182.91094  31.2%  77.4 1840s
 1238361 116077 2196.77180   61   54 3171.67000 2183.03455  31.2%  77.4 1845s
 1241006 115784 2261.69473   59   93 3171.67000 2183.16714  31.2%  77.4 1850s
 1244127 115512 2192.28454   57   39 3171.67000 2183.30842  31.2%  77.4 1855s
 1246941 115311 infeasible   52      3171.67000 2183.43005  31.2%  77.5 1860s
 1249940 114937     cutoff   55      3171.67000 2183.56287  31.2%  77.5 1865s
 1252870 114576 infeasible   51      3171.67000 2183.71080  31.1%  77.5 1870s
 1255849 114194 infeasible   60      3171.67000 2183.85277  31.1%  77.6 1875s
 1258948 113948 2192.25890   58   41 3171.67000 2183.98536  31.1%  77.6 1880s
 1261708 113726     cutoff   75      3171.67000 2184.10961  31.1%  77.6 1885s
 1264373 113337     cutoff   68      3171.67000 2184.23738  31.1%  77.6 1890s
 1267319 112941     cutoff   61      3171.67000 2184.39304  31.1%  77.7 1895s
 1269061 112613     cutoff   48      3171.67000 2184.48678  31.1%  77.7 1900s
 1272086 112181 2225.65588   79   56 3171.67000 2184.63668  31.1%  77.7 1905s
 1274543 111794 2205.74198   53   57 3171.67000 2184.76521  31.1%  77.8 1910s
 1277768 111434     cutoff   49      3171.67000 2184.91648  31.1%  77.8 1915s
 1280356 110977     cutoff   65      3171.67000 2185.05802  31.1%  77.8 1920s
 1283459 110715     cutoff   62      3171.67000 2185.20029  31.1%  77.9 1925s
 1286359 110402     cutoff   61      3171.67000 2185.35068  31.1%  77.9 1930s
 1288744 110135 infeasible   51      3171.67000 2185.46619  31.1%  77.9 1935s
 1291441 109704     cutoff   56      3171.67000 2185.60782  31.1%  77.9 1940s
 1294183 109296 2202.05422   44   64 3171.67000 2185.74758  31.1%  78.0 1945s
 1297159 109002     cutoff   62      3171.67000 2185.89049  31.1%  78.0 1950s
 1300248 108594     cutoff   74      3171.67000 2186.05109  31.1%  78.0 1955s
 1302977 108205 infeasible   52      3171.67000 2186.18606  31.1%  78.0 1960s
 1305699 107741 infeasible   63      3171.67000 2186.32827  31.1%  78.1 1965s
 1308142 107334 infeasible   59      3171.67000 2186.46563  31.1%  78.1 1970s
 1310543 106951 2199.75160   47   61 3171.67000 2186.60430  31.1%  78.1 1975s
 1313480 106467     cutoff   52      3171.67000 2186.77473  31.1%  78.2 1980s
 1316246 106155 infeasible   62      3171.67000 2186.89733  31.0%  78.2 1985s
 1319120 105685 infeasible   56      3171.67000 2187.06306  31.0%  78.2 1990s
 1321655 105347 infeasible   60      3171.67000 2187.18590  31.0%  78.2 1995s
 1324466 104833     cutoff   57      3171.67000 2187.34870  31.0%  78.3 2000s
 1326958 104395 infeasible   51      3171.67000 2187.48753  31.0%  78.3 2005s
 1329662 103842 infeasible   51      3171.67000 2187.64158  31.0%  78.3 2010s
 1332155 103418 infeasible   57      3171.67000 2187.78333  31.0%  78.4 2015s
 1334749 102929     cutoff   63      3171.67000 2187.93087  31.0%  78.4 2020s
 1337601 102430     cutoff   69      3171.67000 2188.10157  31.0%  78.4 2025s
 1340344 101887 infeasible   60      3171.67000 2188.27000  31.0%  78.5 2030s
 1342511 101569 2189.00968   53   33 3171.67000 2188.39382  31.0%  78.5 2035s
 1345082 101053     cutoff   61      3171.67000 2188.54283  31.0%  78.5 2040s
 1347872 100616     cutoff   45      3171.67000 2188.70032  31.0%  78.6 2045s
 1350840 100176 2205.05641   49   45 3171.67000 2188.87928  31.0%  78.6 2050s
 1353400 99758 infeasible   56      3171.67000 2189.03000  31.0%  78.6 2055s
 1356433 99225     cutoff   59      3171.67000 2189.21471  31.0%  78.6 2060s
 1359012 98722 infeasible   59      3171.67000 2189.37152  31.0%  78.7 2065s
 1361885 98355 infeasible   66      3171.67000 2189.52776  31.0%  78.7 2070s
 1364226 97998 infeasible   46      3171.67000 2189.65132  31.0%  78.7 2075s
 1366912 97441 infeasible   51      3171.67000 2189.83000  31.0%  78.8 2080s
 1369783 97017     cutoff   66      3171.67000 2190.00257  31.0%  78.8 2085s
 1371864 96530 2200.83995   51   57 3171.67000 2190.13873  30.9%  78.8 2090s
 1374733 96060 infeasible   54      3171.67000 2190.29305  30.9%  78.8 2095s
 1377642 95678     cutoff   59      3171.67000 2190.44191  30.9%  78.8 2100s
 1380086 95263 2215.02345   62   45 3171.67000 2190.59763  30.9%  78.9 2105s
 1382704 94756 infeasible   50      3171.67000 2190.76037  30.9%  78.9 2110s
 1385408 94345 2226.74372   48   34 3171.67000 2190.92333  30.9%  78.9 2115s
 1388262 93843 infeasible   57      3171.67000 2191.09630  30.9%  79.0 2120s
 1390988 93379 infeasible   58      3171.67000 2191.24224  30.9%  79.0 2125s
 1393628 92972     cutoff   55      3171.67000 2191.38874  30.9%  79.0 2130s
 1396161 92476 infeasible   61      3171.67000 2191.54649  30.9%  79.0 2135s
 1398997 91817 infeasible   61      3171.67000 2191.74546  30.9%  79.1 2140s
 1401442 91382 infeasible   62      3171.67000 2191.89505  30.9%  79.1 2145s
 1404232 90858 2285.22340   58  110 3171.67000 2192.07223  30.9%  79.1 2150s
 1407066 90300     cutoff   68      3171.67000 2192.25642  30.9%  79.2 2155s
 1409779 89889 2216.83202   70   38 3171.67000 2192.41352  30.9%  79.2 2160s
 1412390 89350 2219.56450   65   90 3171.67000 2192.59711  30.9%  79.2 2165s
 1414949 88958     cutoff   56      3171.67000 2192.75781  30.9%  79.2 2170s
 1417749 88515 2202.46634   54   42 3171.67000 2192.92529  30.9%  79.3 2175s
 1419951 88111     cutoff   55      3171.67000 2193.07667  30.9%  79.3 2180s
 1422153 87566     cutoff   54      3171.67000 2193.23520  30.8%  79.3 2185s
 1425005 86933 infeasible   56      3171.67000 2193.44000  30.8%  79.4 2190s
 1427450 86389 2204.29975   69   49 3171.67000 2193.60670  30.8%  79.4 2195s
 1430199 85829 infeasible   55      3171.67000 2193.79538  30.8%  79.4 2200s
 1432895 85268 infeasible   56      3171.67000 2193.98852  30.8%  79.4 2205s
 1435381 84750 infeasible   60      3171.67000 2194.15840  30.8%  79.5 2210s
 1437977 84142 infeasible   61      3171.67000 2194.34275  30.8%  79.5 2215s
 1440726 83481 2206.76659   65   98 3171.67000 2194.55511  30.8%  79.5 2220s
 1442876 82975 infeasible   61      3171.67000 2194.72317  30.8%  79.5 2225s
 1445837 82360 2195.68567   36   23 3171.67000 2194.95154  30.8%  79.6 2230s
 1448554 81838     cutoff   55      3171.67000 2195.15871  30.8%  79.6 2235s
 1451091 81261 infeasible   48      3171.67000 2195.34582  30.8%  79.6 2240s
 1453615 80677 2200.39940   48   36 3171.67000 2195.54461  30.8%  79.6 2245s
 1456345 80100 infeasible   54      3171.67000 2195.74868  30.8%  79.7 2250s
 1459054 79553 2201.33281   49   11 3171.67000 2195.95750  30.8%  79.7 2255s
 1461496 78937 2204.19806   53   37 3171.67000 2196.14922  30.8%  79.7 2260s
 1464220 78518     cutoff   49      3171.67000 2196.33497  30.8%  79.8 2265s
 1466849 77967 infeasible   60      3171.67000 2196.55000  30.7%  79.8 2270s
 1469523 77409 2200.38706   65   55 3171.67000 2196.75870  30.7%  79.8 2275s
 1472317 76891     cutoff   43      3171.67000 2196.96626  30.7%  79.8 2280s
 1474566 76377     cutoff   52      3171.67000 2197.15733  30.7%  79.9 2285s
 1477292 75792 infeasible   53      3171.67000 2197.38061  30.7%  79.9 2290s
 1479275 75340 infeasible   64      3171.67000 2197.54961  30.7%  79.9 2295s
 1482122 74665 infeasible   63      3171.67000 2197.79955  30.7%  79.9 2300s
 1484760 74096     cutoff   63      3171.67000 2198.00600  30.7%  80.0 2305s
 1486846 73596     cutoff   51      3171.67000 2198.18763  30.7%  80.0 2310s
 1489640 72908 2210.20935   64   58 3171.67000 2198.43036  30.7%  80.0 2315s
 1492247 72175 2231.45294   52   24 3171.67000 2198.66818  30.7%  80.0 2320s
 1494727 71532     cutoff   56      3171.67000 2198.89043  30.7%  80.1 2325s
 1497517 70874     cutoff   56      3171.67000 2199.14354  30.7%  80.1 2330s
 1500367 70252 infeasible   56      3171.67000 2199.39170  30.7%  80.1 2335s
 1502741 69629     cutoff   57      3171.67000 2199.62140  30.6%  80.1 2340s
 1505675 69024 infeasible   61      3171.67000 2199.86696  30.6%  80.2 2345s
 1508427 68326     cutoff   69      3171.67000 2200.13066  30.6%  80.2 2350s
 1510668 67764 2213.22220   59   27 3171.67000 2200.33000  30.6%  80.2 2355s
 1513410 67096     cutoff   44      3171.67000 2200.58190  30.6%  80.2 2360s
 1516173 66466 infeasible   53      3171.67000 2200.85620  30.6%  80.3 2365s
 1518763 65867 infeasible   60      3171.67000 2201.12147  30.6%  80.3 2370s
 1521072 65393 2203.77633   55   62 3171.67000 2201.31766  30.6%  80.3 2375s
 1523794 64729 2206.04236   71   41 3171.67000 2201.59004  30.6%  80.3 2380s
 1526538 64090 infeasible   66      3171.67000 2201.87340  30.6%  80.4 2385s
 1529234 63384 2207.28773   54   34 3171.67000 2202.13496  30.6%  80.4 2390s
 1532063 62746 infeasible   60      3171.67000 2202.40927  30.6%  80.4 2395s
 1534559 62075     cutoff   55      3171.67000 2202.68993  30.6%  80.4 2400s
 1536857 61577 infeasible   53      3171.67000 2202.90008  30.5%  80.5 2405s
 1539651 60874 infeasible   39      3171.67000 2203.17000  30.5%  80.5 2410s
 1542299 60199 infeasible   63      3171.67000 2203.44664  30.5%  80.5 2415s
 1544942 59485 infeasible   65      3171.67000 2203.73469  30.5%  80.5 2420s
 1547742 58883     cutoff   54      3171.67000 2204.01289  30.5%  80.6 2425s
 1550466 58063     cutoff   55      3171.67000 2204.32269  30.5%  80.6 2430s
 1552856 57347 infeasible   61      3171.67000 2204.61411  30.5%  80.6 2435s
 1555659 56675 2215.20648   60   59 3171.67000 2204.92713  30.5%  80.6 2440s
 1558431 55895 infeasible   55      3171.67000 2205.28336  30.5%  80.7 2445s
 1560925 55182 2206.07800   59   50 3171.67000 2205.59086  30.5%  80.7 2450s
 1563560 54470 infeasible   71      3171.67000 2205.91043  30.4%  80.7 2455s
 1566166 53783     cutoff   67      3171.67000 2206.22752  30.4%  80.7 2460s
 1568672 53055 2250.57369   68   78 3171.67000 2206.52938  30.4%  80.8 2465s
 1571195 52312 infeasible   63      3171.67000 2206.86756  30.4%  80.8 2470s
 1573399 51724 2253.52309   56   38 3171.67000 2207.15796  30.4%  80.8 2475s
 1576118 50748     cutoff   61      3171.67000 2207.51997  30.4%  80.8 2480s
 1578300 50123 infeasible   55      3171.67000 2207.81189  30.4%  80.8 2485s
 1581026 49316 infeasible   50      3171.67000 2208.17884  30.4%  80.9 2490s
 1583953 48407 infeasible   53      3171.67000 2208.58197  30.4%  80.9 2495s
 1586750 47653 infeasible   67      3171.67000 2208.96682  30.4%  80.9 2500s
 1589173 46923 infeasible   63      3171.67000 2209.31173  30.3%  80.9 2505s
 1591959 45970 infeasible   46      3171.67000 2209.75179  30.3%  81.0 2510s
 1594767 45061 infeasible   47      3171.67000 2210.17578  30.3%  81.0 2515s
 1597027 44257 infeasible   63      3171.67000 2210.56582  30.3%  81.0 2520s
 1599582 43380 infeasible   52      3171.67000 2211.01160  30.3%  81.0 2525s
 1602415 42475     cutoff   47      3171.67000 2211.50739  30.3%  81.1 2530s
 1604886 41607 infeasible   45      3171.67000 2211.95661  30.3%  81.1 2535s
 1607453 40777 infeasible   54      3171.67000 2212.41353  30.2%  81.1 2540s
 1610210 39856 infeasible   59      3171.67000 2212.89878  30.2%  81.1 2545s
 1612904 38932 infeasible   65      3171.67000 2213.40767  30.2%  81.1 2550s
 1615519 37956     cutoff   63      3171.67000 2213.94229  30.2%  81.2 2555s
 1618002 37084     cutoff   64      3171.67000 2214.44246  30.2%  81.2 2560s
 1620550 36269 2218.13400   62   27 3171.67000 2214.96635  30.2%  81.2 2565s
 1623463 35196     cutoff   71      3171.67000 2215.58056  30.1%  81.2 2570s
 1626375 34160 infeasible   69      3171.67000 2216.18539  30.1%  81.3 2575s
 1628539 33378     cutoff   51      3171.67000 2216.70018  30.1%  81.3 2580s
 1631378 32349 infeasible   39      3171.67000 2217.36002  30.1%  81.3 2585s
 1634080 31305 infeasible   59      3171.67000 2218.07080  30.1%  81.3 2590s
 1636412 30388 infeasible   78      3171.67000 2218.67269  30.0%  81.3 2595s
 1639262 29224 2229.86177   52   23 3171.67000 2219.42993  30.0%  81.4 2600s
 1641670 28364     cutoff   65      3171.67000 2220.12374  30.0%  81.4 2605s
 1644125 27367 infeasible   67      3171.67000 2220.81404  30.0%  81.4 2610s
 1647070 26142 infeasible   70      3171.67000 2221.82059  29.9%  81.4 2615s
 1649716 25084     cutoff   57      3171.67000 2222.67415  29.9%  81.4 2620s
 1652068 24268 infeasible   56      3171.67000 2223.41246  29.9%  81.5 2625s
 1654857 23243 infeasible   68      3171.67000 2224.40420  29.9%  81.5 2630s
 1657266 22237 2241.23688   63   62 3171.67000 2225.40846  29.8%  81.5 2635s
 1659796 21273 2229.86174   66   79 3171.67000 2226.57459  29.8%  81.5 2640s
 1662585 20116 2241.88234   61   29 3171.67000 2227.84649  29.8%  81.5 2645s
 1665140 19111 infeasible   64      3171.67000 2229.10594  29.7%  81.6 2650s
 1667822 17937     cutoff   55      3171.67000 2230.69085  29.7%  81.6 2655s
 1670420 16737 2234.62677   70   49 3171.67000 2232.43035  29.6%  81.6 2660s
 1673256 15568     cutoff   66      3171.67000 2234.31886  29.6%  81.6 2665s
 1675923 14523 infeasible   76      3171.67000 2236.40000  29.5%  81.6 2670s
 1678708 13447 infeasible   65      3171.67000 2238.87021  29.4%  81.6 2675s
 1681370 12260 infeasible   52      3171.67000 2242.19097  29.3%  81.6 2680s
 1683790 11039     cutoff   48      3171.67000 2246.15022  29.2%  81.6 2685s
 1686812  9585 infeasible   53      3171.67000 2253.55057  28.9%  81.6 2690s
 1690248  7951     cutoff   65      3171.67000 2270.45505  28.4%  81.6 2695s
 1694565  5666     cutoff   67      3171.67000 2356.31080  25.7%  81.5 2700s
 1699976  2500     cutoff   70      3171.67000 3126.03120  1.44%  81.4 2705s
 1705700  2326     cutoff   55      3171.67000 3153.06052  0.59%  81.2 2710s
 1711127  1086 3160.81733   51   23 3171.67000 3160.81733  0.34%  81.0 2715s

Cutting planes:
  Learned: 32
  Gomory: 22
  Cover: 5
  Implied bound: 26
  Clique: 5
  MIR: 47
  Flow cover: 8
  GUB cover: 9
  Zero half: 28

Explored 1712998 nodes (138707460 simplex iterations) in 2716.23 seconds
Thread count was 4 (of 4 available processors)

Optimal solution found (tolerance 1.00e-04)
Best objective 3.171670000000e+03, best bound 3.171670000000e+03, gap 0.0%
k_c1	96.0
k_c10	4.0
k_c11	87.0
k_c2	13.0
k_c3	100.0
k_c4	90.0
k_c5	100.0
k_c6	97.0
k_c7	91.0
k_c8	6.0
k_c9	87.0
k_dN	0.0
o_1	0.0
o_10	0.0
o_11	0.0
o_2	0.0
o_3	0.0
o_4	0.0
o_5	0.0
o_6	1.0
o_7	0.0
o_8	0.0
o_9	0.0
p_1	0.0
p_10	0.0
p_11	0.0
p_2	0.0
p_3	0.0
p_4	0.0
p_5	0.0
p_6	1.0
p_7	0.0
p_8	0.0
p_9	1.0
phi_c1	2.0
phi_c10	2.0
phi_c11	3.0
phi_c2	2.0
phi_c3	3.0
phi_c4	1.0
phi_c5	3.0
phi_c6	0.0
phi_c7	4.0
phi_c8	1.0
phi_c9	0.0
phi_dN	0.0
pi_c1	25.0
pi_c10	25.0
pi_c11	25.0
pi_c2	25.0
pi_c3	25.0
pi_c4	25.0
pi_c5	20.0
pi_c6	25.0
pi_c7	25.0
pi_c8	25.0
pi_c9	20.0
pi_dN	0.0
tauD_c1	25.0
tauD_c10	85.0
tauD_c11	60.0
tauD_c2	65.0
tauD_c3	15.0
tauD_c4	31.0
tauD_c5	17.0
tauD_c6	22.0
tauD_c7	53.0
tauD_c8	89.0
tauD_c9	36.0
tauD_d0	0.0
tauD_dN	100.0
tauS_c1	86.0
tauS_c10	86.0
tauS_c11	86.0
tauS_c2	88.0
tauS_c3	86.0
tauS_c4	88.0
tauS_c5	17.0
tauS_c6	22.0
tauS_c7	86.0
tauS_c8	88.0
tauS_c9	46.0
tauS_d0	0.0
tauS_dN	58.0
x_c10_dN	1.0
x_c11_c10	1.0
x_c1_c4	1.0
x_c2_c8	1.0
x_c3_c6	1.0
x_c4_c9	1.0
x_c5_c1	1.0
x_c6_c7	1.0
x_c7_c11	1.0
x_c8_dN	1.0
x_c9_c2	1.0
x_d0_c3	1.0
x_d0_c5	1.0
z_c6_c9	1.0
z_c9_dN	1.0
z_d0_c6	1.0
