
Gurobi 6.0.4 (win64) logging started 06/15/15 01:33:38

Read LP format model from file E:\Eigene Dateien\Downloads\Michi shit\VRPTWMS-master\VRPTWMS\instances\mip\fuel\N11-C_DV100-C_SV25_F5_5_No_1.lp
Reading time = 0.01 seconds
(null): 738 rows, 349 columns, 3182 nonzeros
Optimize a model with 738 rows, 349 columns and 3182 nonzeros
Model has 1452 quadratic constraints
WARNING: Only barrier available for SOCP models
Coefficient statistics:
  Matrix range    [1e+00, 1e+02]
  Objective range [5e+00, 1e+03]
  Bounds range    [1e+00, 1e+02]
  RHS range       [1e+00, 1e+02]
Presolve removed 73 rows and 41 columns
Presolve time: 0.10s
Presolved: 2945 rows, 1491 columns, 15068 nonzeros
Variable types: 1097 continuous, 394 integer (336 binary)
Found heuristic solution: objective 11433.040000
Optimize a model with 2945 rows, 1491 columns and 15068 nonzeros
Coefficient statistics:
  Matrix range    [1e+00, 1e+02]
  Objective range [5e+00, 1e+03]
  Bounds range    [1e+00, 1e+02]
  RHS range       [1e+00, 1e+02]

Concurrent LP optimizer: dual simplex and barrier
Showing barrier log only...

Presolve removed 279 rows and 178 columns
Presolved: 2666 rows, 1315 columns, 13804 nonzeros

Root barrier log...

Ordering time: 0.01s

Barrier performed 0 iterations in 0.14 seconds
Barrier solve interrupted - model solved by another algorithm


Solved with dual simplex
Solved in 66 iterations and 0.14 seconds
Optimal objective  1.192515000e+03

Root relaxation: objective 1.192515e+03, 66 iterations, 0.03 seconds

    Nodes    |    Current Node    |     Objective Bounds      |     Work
 Expl Unexpl |  Obj  Depth IntInf | Incumbent    BestBd   Gap | It/Node Time

     0     0 1192.51500    0   18 11433.0400 1192.51500  89.6%     -    0s
H    0     0                    8368.1700000 1192.51500  85.7%     -    0s
     0     0 1198.94549    0   44 8368.17000 1198.94549  85.7%     -    0s
     0     0 1200.72955    0   36 8368.17000 1200.72955  85.7%     -    0s
     0     0 1201.11958    0   39 8368.17000 1201.11958  85.6%     -    0s
     0     0 1201.11958    0   37 8368.17000 1201.11958  85.6%     -    0s
     0     0 1201.11958    0   38 8368.17000 1201.11958  85.6%     -    0s
     0     0 1201.11958    0   30 8368.17000 1201.11958  85.6%     -    0s
H    0     0                    7324.0700000 1201.11958  83.6%     -    0s
     0     0 1201.11958    0   37 7324.07000 1201.11958  83.6%     -    0s
     0     0 1201.11958    0   34 7324.07000 1201.11958  83.6%     -    0s
     0     0 1201.11958    0   33 7324.07000 1201.11958  83.6%     -    0s
     0     0 1201.11958    0   39 7324.07000 1201.11958  83.6%     -    0s
     0     0 1201.11958    0   32 7324.07000 1201.11958  83.6%     -    0s
     0     2 1201.11958    0   32 7324.07000 1201.11958  83.6%     -    0s
H  166   145                    6321.5700000 1202.63526  81.0%  25.9    0s
H  434   320                    6315.1100000 1202.63526  81.0%  27.0    0s
*  929   593              43    4336.0400000 1212.05999  72.0%  29.3    1s
H 1017   641                    4331.8500000 1217.17165  71.9%  28.2    1s
H 1593   856                    4323.0000000 1232.23106  71.5%  40.1    3s
  2299  1079 3698.01625   32   40 4323.00000 1242.44808  71.3%  43.6    5s
H 2761  1030                    3321.3700000 1248.51683  62.4%  47.3    7s
  3920  1555 2273.77624   29   86 3321.37000 1261.96850  62.0%  56.1   10s
  6385  2467     cutoff   33      3321.37000 1283.71557  61.3%  67.8   15s
  8043  3061 infeasible   39      3321.37000 1296.70839  61.0%  73.7   20s
  9875  3522 2334.20541   35   73 3321.37000 1313.52788  60.5%  80.1   25s
 11531  3899     cutoff   53      3321.37000 1325.10900  60.1%  83.5   30s
 13416  4183 2771.14602   55   59 3321.37000 1347.96266  59.4%  88.3   35s
 15375  4214     cutoff   31      3321.37000 1393.75732  58.0%  93.4   40s
H15707  4209                    3309.9300000 1414.99364  57.3%  94.1   42s
 16636  4227 2561.78054   25   66 3309.93000 1481.64100  55.2%  94.6   45s
 19109  4530     cutoff   34      3309.93000 1669.09961  49.6%  94.9   50s
 20659  4659 2307.82096   32   32 3309.93000 1863.56479  43.7%  94.8   57s
 20669  4666 2356.96916   47   97 3309.93000 1863.56479  43.7%  94.8   60s
 20682  4674 2342.46431   39   79 3309.93000 1863.56479  43.7%  94.7   65s
 20696  4684 3303.95839   39  119 3309.93000 1863.56479  43.7%  94.6   70s
 20709  4692 2356.96916   47  105 3309.93000 1863.56479  43.7%  94.6   75s
 20722  4701 2342.46431   39  110 3309.93000 1863.56479  43.7%  94.5   80s
 20734  4709 2219.67798   28  115 3309.93000 1863.56479  43.7%  94.5   85s
 20747  4718 2288.96851   31  110 3309.93000 1863.56479  43.7%  94.4   90s
 20759  4726 2307.82096   32  107 3309.93000 1863.56479  43.7%  94.3   95s
 20907  4770 1863.56479   36   62 3309.93000 1863.56479  43.7%  95.1  101s
 22948  4900 3303.45883   56   37 3309.93000 1863.56479  43.7%  92.3  106s
*23925  4576              62    3305.2300000 1863.56479  43.6%  91.4  106s
 25711  4624 2324.59186   52   65 3305.23000 1863.56479  43.6%  90.7  111s
 29161  4256 2223.23735   43   36 3305.23000 2218.45517  32.9%  89.1  116s
 32685  4018 2258.63848   42   27 3305.23000 2254.06159  31.8%  86.2  121s
 36234  4261 2271.08189   37   57 3305.23000 2264.03651  31.5%  84.5  126s
 38703  4818 2298.98177   58   37 3305.23000 2267.98847  31.4%  83.5  130s
 41656  5241 2272.88838   53   40 3305.23000 2272.88838  31.2%  82.8  135s
 45253  5555     cutoff   53      3305.23000 2279.47963  31.0%  81.9  140s
 48691  5816 2292.87727   49   42 3305.23000 2285.29145  30.9%  81.5  145s
 51187  5857     cutoff   53      3305.23000 2289.55157  30.7%  81.4  150s
 53955  5854     cutoff   51      3305.23000 2293.92079  30.6%  81.5  156s
 56422  5727     cutoff   56      3305.23000 2298.00507  30.5%  81.9  160s
 59208  5459 2315.78369   58   58 3305.23000 2302.51140  30.3%  82.3  165s
 61471  5044 infeasible   49      3305.23000 2306.95676  30.2%  82.8  170s
 63915  4514     cutoff   54      3305.23000 2312.07573  30.0%  83.4  175s
 66485  3960     cutoff   51      3305.23000 2318.80561  29.8%  83.9  180s
 69069  3124     cutoff   53      3305.23000 2329.38904  29.5%  84.5  185s
 71425  2138     cutoff   59      3305.23000 2350.08525  28.9%  85.2  190s
 73536  1276     cutoff   54      3305.23000 2472.01596  25.2%  85.2  195s
 77499  1396 3276.79222   52   31 3305.23000 3245.13768  1.82%  83.6  200s
 82099  1212     cutoff   51      3305.23000 3265.76898  1.19%  81.8  205s

Cutting planes:
  Learned: 2
  Gomory: 9
  Cover: 2
  Implied bound: 39
  Clique: 5
  MIR: 7
  Flow cover: 11
  Zero half: 29

Explored 86114 nodes (6885219 simplex iterations) in 208.99 seconds
Thread count was 4 (of 4 available processors)

Optimal solution found (tolerance 1.00e-04)
Best objective 3.305230000000e+03, best bound 3.305230000000e+03, gap 0.0%
k_c1	100.0
k_c10	92.0
k_c11	84.0
k_c2	89.0
k_c3	4.0
k_c4	11.0
k_c5	97.0
k_c6	100.0
k_c7	8.0
k_c8	87.0
k_c9	81.0
k_dN	0.0
o_1	0.0
o_10	0.0
o_11	0.0
o_2	1.0
o_3	0.0
o_4	0.0
o_5	1.0
o_6	0.0
o_7	0.0
o_8	0.0
o_9	0.0
p_1	0.0
p_10	0.0
p_11	0.0
p_2	1.0
p_3	1.0
p_4	0.0
p_5	1.0
p_6	0.0
p_7	0.0
p_8	0.0
p_9	0.0
phi_c1	3.0
phi_c10	2.0
phi_c11	3.0
phi_c2	1.0
phi_c3	0.0
phi_c4	1.0
phi_c5	0.0
phi_c6	4.0
phi_c7	1.0
phi_c8	4.0
phi_c9	3.0
phi_dN	0.0
pi_c1	0.0
pi_c10	0.0
pi_c11	0.0
pi_c2	9.0
pi_c3	5.0
pi_c4	0.0
pi_c5	14.0
pi_c6	0.0
pi_c7	0.0
pi_c8	0.0
pi_c9	0.0
pi_dN	0.0
tauD_c1	5.0
tauD_c10	25.0
tauD_c11	60.0
tauD_c2	37.0
tauD_c3	79.0
tauD_c4	71.0
tauD_c5	22.0
tauD_c6	10.0
tauD_c7	85.0
tauD_c8	64.0
tauD_c9	72.0
tauD_d0	0.0
tauD_dN	100.0
tauS_c1	87.0
tauS_c10	86.0
tauS_c11	85.0
tauS_c2	39.0
tauS_c3	49.0
tauS_c4	4.0
tauS_c5	6.0
tauS_c6	89.0
tauS_c7	1.0
tauS_c8	85.0
tauS_c9	85.0
tauS_d0	0.0
tauS_dN	97.0
x_c10_c2	1.0
x_c11_c4	1.0
x_c1_c5	1.0
x_c2_c11	1.0
x_c3_dN	1.0
x_c4_c3	1.0
x_c5_c8	1.0
x_c6_c10	1.0
x_c7_dN	1.0
x_c8_c9	1.0
x_c9_c7	1.0
x_d0_c1	1.0
x_d0_c6	1.0
z_c2_c3	1.0
z_c3_dN	1.0
z_c5_c2	1.0
z_d0_c5	1.0
