
Gurobi 6.0.4 (win64) logging started 06/15/15 01:31:11

Read LP format model from file E:\Eigene Dateien\Downloads\Michi shit\VRPTWMS-master\VRPTWMS\instances\mip\fuel\N11-C_DV100-C_SV25_F5_4_No_1.lp
Reading time = 0.01 seconds
(null): 738 rows, 349 columns, 3182 nonzeros
Optimize a model with 738 rows, 349 columns and 3182 nonzeros
Model has 1452 quadratic constraints
WARNING: Only barrier available for SOCP models
Coefficient statistics:
  Matrix range    [1e+00, 1e+02]
  Objective range [5e+00, 1e+03]
  Bounds range    [1e+00, 1e+02]
  RHS range       [1e+00, 1e+02]
Presolve removed 68 rows and 51 columns
Presolve time: 0.10s
Presolved: 2782 rows, 1392 columns, 14389 nonzeros
Variable types: 1018 continuous, 374 integer (316 binary)
Found heuristic solution: objective 12571.960000
Optimize a model with 2782 rows, 1392 columns and 14389 nonzeros
Coefficient statistics:
  Matrix range    [1e+00, 1e+02]
  Objective range [5e+00, 1e+03]
  Bounds range    [1e+00, 1e+02]
  RHS range       [1e+00, 1e+02]

Concurrent LP optimizer: dual simplex and barrier
Showing barrier log only...

Presolve removed 220 rows and 145 columns
Presolved: 2562 rows, 1247 columns, 13324 nonzeros

Root barrier log...

Ordering time: 0.01s

Barrier performed 0 iterations in 0.13 seconds
Barrier solve interrupted - model solved by another algorithm


Solved with dual simplex
Solved in 113 iterations and 0.13 seconds
Optimal objective  1.199250961e+03

Root relaxation: objective 1.199251e+03, 113 iterations, 0.02 seconds

    Nodes    |    Current Node    |     Objective Bounds      |     Work
 Expl Unexpl |  Obj  Depth IntInf | Incumbent    BestBd   Gap | It/Node Time

     0     0 1199.25096    0   49 12571.9600 1199.25096  90.5%     -    0s
     0     0 1243.18705    0   66 12571.9600 1243.18705  90.1%     -    0s
H    0     0                    10547.170000 1243.18705  88.2%     -    0s
     0     0 1296.22774    0   62 10547.1700 1296.22774  87.7%     -    0s
H    0     0                    8494.9700000 1296.22774  84.7%     -    0s
     0     0 1427.40076    0   65 8494.97000 1427.40076  83.2%     -    0s
     0     0 1755.60667    0   59 8494.97000 1755.60667  79.3%     -    0s
     0     0 1842.82233    0   61 8494.97000 1842.82233  78.3%     -    0s
     0     0 1842.91900    0   64 8494.97000 1842.91900  78.3%     -    0s
     0     0 1842.91900    0   44 8494.97000 1842.91900  78.3%     -    0s
     0     0 1842.91900    0   44 8494.97000 1842.91900  78.3%     -    0s
     0     0 1842.91900    0   45 8494.97000 1842.91900  78.3%     -    0s
     0     0 1842.91900    0   49 8494.97000 1842.91900  78.3%     -    0s
     0     0 1842.91900    0   43 8494.97000 1842.91900  78.3%     -    0s
H    0     0                    7468.6500000 1842.91900  75.3%     -    0s
     0     2 1842.91900    0   43 7468.65000 1842.91900  75.3%     -    0s
H  202   149                    6468.2400000 1851.69700  71.4%  27.6    0s
H  225   164                    6430.2300000 1851.69700  71.2%  27.4    0s
*  271   190              39    6415.0200000 1851.69700  71.1%  26.1    0s
H  706   492                    6392.4700000 1858.30700  70.9%  32.0    0s
H 1026   669                    5418.3900000 2226.30000  58.9%  33.1    1s
H 1180   709                    5410.4200000 2262.78300  58.2%  40.8    3s
H 1479   797                    5410.3400000 2266.24211  58.1%  44.6    4s
* 1707   848              49    5393.9100000 2268.24500  57.9%  45.2    4s
H 1783   836                    5357.5600000 2268.24500  57.7%  45.8    4s
  1930   897 3277.56280   19   59 5357.56000 2280.68500  57.4%  46.9    5s
H 2307   991                    5329.9200000 2281.80573  57.2%  49.4    5s
H 2576  1078                    5324.9300000 2290.50167  57.0%  50.1    6s
  4360  2135 3920.29152   41   96 5324.93000 2312.71091  56.6%  56.1   10s
H 4365  1905                    4383.6700000 2312.71091  47.2%  56.1   10s
H 4729  2014                    4365.1300000 2319.83720  46.9%  56.7   10s
* 6501  2502              33    4342.7300000 2591.50309  40.3%  61.9   13s
  7609  2881 3265.58425   35   43 4342.73000 2795.72218  35.6%  62.8   15s
H 9321  3140                    4334.6300000 2858.84704  34.0%  65.5   17s
 11008  3743     cutoff   51      4334.63000 3245.62320  25.1%  63.7   20s
H11640  3905                    4327.6300000 3248.93829  24.9%  63.5   21s
H12651  4098                    4316.9900000 3254.13138  24.6%  63.6   22s
 14081  4330     cutoff   28      4316.99000 3261.26039  24.5%  64.5   25s
H16008  4817                    4313.6200000 3266.91757  24.3%  65.2   27s
H17072  5039                    4309.6900000 3269.56031  24.1%  65.4   29s
 17496  5145 3280.80367   23   50 4309.69000 3269.78615  24.1%  65.3   30s
H18527  5349                    4309.2800000 3272.10772  24.1%  65.7   32s
 20033  5598     cutoff   42      4309.28000 3275.78268  24.0%  66.4   35s
 20831  5775 3295.38008   41   43 4309.28000 3276.70602  24.0%  66.8   40s
 20845  5784 3333.26201   44  131 4309.28000 3276.70602  24.0%  66.7   45s
 20859  5794 3288.33642   38  132 4309.28000 3276.70602  24.0%  66.7   50s
 20873  5803 3330.57878   43  131 4309.28000 3276.70602  24.0%  66.6   55s
 20887  5812 3344.74020   33  113 4309.28000 3276.70602  24.0%  66.6   60s
 20902  5822 3323.93725   46  106 4309.28000 3276.70602  24.0%  66.5   65s
 20914  5830 3311.08394   40  116 4309.28000 3276.70602  24.0%  66.5   71s
 20925  5838 3333.26201   44  107 4309.28000 3276.70602  24.0%  66.5   75s
 21024  5864 3304.41633   46   57 4309.28000 3276.70602  24.0%  67.4   80s
 23273  5860 3276.70602   32   19 4309.28000 3276.70602  24.0%  67.2   85s
H23797  5531                    4304.7000000 3276.70602  23.9%  67.0   85s
 26531  5423 3276.70602   37   21 4304.70000 3276.70602  23.9%  67.6   90s
 30075  4980 3276.70602   37   29 4304.70000 3276.70602  23.9%  68.4   95s
 34065  4327 3395.60928   47   44 4304.70000 3276.70602  23.9%  69.4  100s
 36819  3790 3287.89156   46   64 4304.70000 3278.67299  23.8%  70.0  105s
 39614  3771 infeasible   47      4304.70000 3286.09718  23.7%  71.0  110s
 42939  3855 infeasible   50      4304.70000 3293.60726  23.5%  72.4  115s
 45881  3744 3394.67667   59   59 4304.70000 3299.84333  23.3%  73.6  120s
 48755  3461     cutoff   50      4304.70000 3306.77226  23.2%  74.8  125s
 51495  2986 infeasible   39      4304.70000 3316.20466  23.0%  76.0  130s
 53682  2443     cutoff   47      4304.70000 3326.58681  22.7%  77.0  135s
 56658  1516 3406.99023   46   44 4304.70000 3354.15587  22.1%  78.1  140s
 59869   372 3672.09062   46   30 4304.70000 3672.09062  14.7%  78.1  145s

Cutting planes:
  Gomory: 4
  Cover: 2
  Implied bound: 73
  Clique: 5
  MIR: 22
  Flow cover: 28
  GUB cover: 3
  Zero half: 39
  Mod-K: 1

Explored 62586 nodes (4803153 simplex iterations) in 147.43 seconds
Thread count was 4 (of 4 available processors)

Optimal solution found (tolerance 1.00e-04)
Best objective 4.304700000000e+03, best bound 4.304700000000e+03, gap 0.0%
k_c1	100.0
k_c10	4.0
k_c11	95.0
k_c2	4.0
k_c3	100.0
k_c4	5.0
k_c5	100.0
k_c6	6.0
k_c7	86.0
k_c8	8.0
k_c9	95.0
k_dN	0.0
o_1	0.0
o_10	0.0
o_11	1.0
o_2	0.0
o_3	0.0
o_4	0.0
o_5	0.0
o_6	1.0
o_7	0.0
o_8	0.0
o_9	1.0
p_1	0.0
p_10	0.0
p_11	1.0
p_2	0.0
p_3	0.0
p_4	0.0
p_5	0.0
p_6	1.0
p_7	0.0
p_8	0.0
p_9	1.0
phi_c1	3.0
phi_c10	2.0
phi_c11	0.0
phi_c2	1.0
phi_c3	4.0
phi_c4	1.0
phi_c5	2.0
phi_c6	0.0
phi_c7	3.0
phi_c8	3.0
phi_c9	0.0
phi_dN	0.0
pi_c1	0.0
pi_c10	0.0
pi_c11	15.0
pi_c2	0.0
pi_c3	0.0
pi_c4	0.0
pi_c5	0.0
pi_c6	5.0
pi_c7	0.0
pi_c8	0.0
pi_c9	10.0
pi_dN	0.0
tauD_c1	50.0
tauD_c10	85.0
tauD_c11	37.0
tauD_c2	80.0
tauD_c3	23.0
tauD_c4	80.0
tauD_c5	9.0
tauD_c6	63.0
tauD_c7	68.0
tauD_c8	55.0
tauD_c9	42.0
tauD_d0	0.0
tauD_dN	100.0
tauS_c1	87.0
tauS_c10	85.0
tauS_c11	4.0
tauS_c2	90.0
tauS_c3	88.0
tauS_c4	89.0
tauS_c5	83.0
tauS_c6	60.0
tauS_c7	86.0
tauS_c8	83.0
tauS_c9	48.0
tauS_d0	0.0
tauS_dN	80.0
x_c10_dN	1.0
x_c11_c8	1.0
x_c1_c4	1.0
x_c2_dN	1.0
x_c3_c11	1.0
x_c4_dN	1.0
x_c5_c9	1.0
x_c6_c10	1.0
x_c7_c2	1.0
x_c8_c6	1.0
x_c9_c7	1.0
x_d0_c1	1.0
x_d0_c3	1.0
x_d0_c5	1.0
z_c11_c9	1.0
z_c6_dN	1.0
z_c9_c6	1.0
z_d0_c11	1.0
