
Gurobi 6.0.4 (win64) logging started 06/15/15 00:46:10

Read LP format model from file E:\Eigene Dateien\Downloads\Michi shit\VRPTWMS-master\VRPTWMS\instances\mip\fuel\N11-C_DV100-C_SV25_F5_12_No_1.lp
Reading time = 0.01 seconds
(null): 738 rows, 349 columns, 3182 nonzeros
Optimize a model with 738 rows, 349 columns and 3182 nonzeros
Model has 1452 quadratic constraints
WARNING: Only barrier available for SOCP models
Coefficient statistics:
  Matrix range    [1e+00, 1e+02]
  Objective range [4e+00, 1e+03]
  Bounds range    [1e+00, 1e+02]
  RHS range       [1e+00, 1e+02]
Presolve removed 61 rows and 36 columns
Presolve time: 0.11s
Presolved: 3099 rows, 1569 columns, 15843 nonzeros
Variable types: 1166 continuous, 403 integer (345 binary)
Found heuristic solution: objective 12551.250000
Optimize a model with 3099 rows, 1569 columns and 15843 nonzeros
Coefficient statistics:
  Matrix range    [1e+00, 1e+02]
  Objective range [4e+00, 1e+03]
  Bounds range    [1e+00, 1e+02]
  RHS range       [1e+00, 1e+02]

Concurrent LP optimizer: dual simplex and barrier
Showing barrier log only...

Presolve removed 292 rows and 187 columns
Presolved: 2807 rows, 1383 columns, 14533 nonzeros

Root barrier log...

Ordering time: 0.01s

Barrier performed 0 iterations in 0.14 seconds
Barrier solve interrupted - model solved by another algorithm


Solved with dual simplex
Solved in 153 iterations and 0.15 seconds
Optimal objective  2.469117533e+02

Root relaxation: objective 2.469118e+02, 153 iterations, 0.03 seconds

    Nodes    |    Current Node    |     Objective Bounds      |     Work
 Expl Unexpl |  Obj  Depth IntInf | Incumbent    BestBd   Gap | It/Node Time

     0     0  246.91175    0   38 12551.2500  246.91175  98.0%     -    0s
     0     0  279.47745    0   57 12551.2500  279.47745  97.8%     -    0s
     0     0  396.27463    0   74 12551.2500  396.27463  96.8%     -    0s
     0     0  469.22450    0   69 12551.2500  469.22450  96.3%     -    0s
H    0     0                    11513.170000  469.22450  95.9%     -    0s
     0     0  490.45487    0   65 11513.1700  490.45487  95.7%     -    0s
     0     0  491.81000    0   60 11513.1700  491.81000  95.7%     -    0s
     0     0  500.37500    0   65 11513.1700  500.37500  95.7%     -    0s
     0     0  500.37500    0   69 11513.1700  500.37500  95.7%     -    0s
H    0     0                    10506.840000  500.37500  95.2%     -    0s
     0     0  500.37500    0   57 10506.8400  500.37500  95.2%     -    0s
H    0     0                    9490.2600000  500.37500  94.7%     -    0s
     0     0  500.37500    0   70 9490.26000  500.37500  94.7%     -    0s
     0     0  500.37500    0   66 9490.26000  500.37500  94.7%     -    0s
     0     0  500.37500    0   61 9490.26000  500.37500  94.7%     -    0s
     0     0  500.37500    0   68 9490.26000  500.37500  94.7%     -    0s
     0     0  500.37500    0   68 9490.26000  500.37500  94.7%     -    0s
     0     2  500.37500    0   68 9490.26000  500.37500  94.7%     -    0s
H   28    28                    8456.4200000 1200.70814  85.8%  45.1    0s
H   66    60                    7384.3600000 1200.70814  83.7%  39.5    0s
H  779   539                    7370.6500000 1207.49595  83.6%  29.5    1s
H  862   567                    6488.2300000 1242.07500  80.9%  28.6    1s
H  907   600                    6454.9400000 1244.75500  80.7%  28.6    1s
H 1139   708                    6347.8900000 1249.88242  80.3%  31.6    2s
* 1609   860              37    5401.3900000 1249.88242  76.9%  39.8    3s
H 1709   866                    5387.6700000 1249.88242  76.8%  39.6    3s
H 1877   896                    5375.5800000 1249.88242  76.7%  41.6    3s
  2710  1211 2327.15560   23   48 5375.58000 1354.93175  74.8%  46.3    5s
H 2720  1209                    5341.3800000 1354.93175  74.6%  46.3    5s
H 2753  1230                    5305.9300000 1354.93175  74.5%  47.0    5s
H 4531  2171                    5305.8700000 1786.38938  66.3%  56.9    8s
  5314  2577 2299.97482   20   31 5305.87000 1830.60434  65.5%  58.5   10s
  8676  4383 2396.65475   25   28 5305.87000 2211.92880  58.3%  59.9   15s
 12189  6097 2373.24336   31   51 5305.87000 2243.02367  57.7%  61.8   20s
H14083  6646                    4441.3300000 2248.50178  49.4%  62.3   22s
 15894  7488 4368.25184   31   15 4441.33000 2254.61349  49.2%  62.8   25s
H18884  8819                    4435.5400000 2262.28171  49.0%  62.4   28s
 20679  9758 3354.99463   36   68 4435.54000 2267.24067  48.9%  61.5   36s
 20705  9786 2267.24067   25   31 4435.54000 2267.24067  48.9%  60.1   40s
 22215 10367 3321.10798   41   37 4435.54000 2267.24067  48.9%  60.4   45s
 26842 11978     cutoff   60      4435.54000 2267.24067  48.9%  58.0   50s
 33458 13822 3272.94535   41   42 4435.54000 2270.58966  48.8%  55.0   55s
H33974 12572                    4396.5800000 2271.92427  48.3%  55.1   55s
H36787 12218                    4391.6400000 2283.90751  48.0%  55.9   59s
H36794 11223                    4369.7000000 2283.90751  47.7%  55.9   59s
 37237 11275 3333.31196   28   59 4369.70000 2286.43001  47.7%  56.1   61s
 40361 11069 3357.87347   37   62 4369.70000 2305.57719  47.2%  57.5   65s
 43586 10614 3440.14949   42   47 4369.70000 2335.21813  46.6%  59.2   70s
 46507 10136 3543.49760   42   44 4369.70000 2399.52992  45.1%  60.9   75s
H48960 10074                    4357.1600000 2523.36596  42.1%  61.7   79s
 49211 10080     cutoff   39      4357.16000 2524.73421  42.1%  61.7   80s
H49214  9890                    4349.3800000 2524.73421  42.0%  61.7   80s
H49898  9714                    4339.2900000 2579.39746  40.6%  61.8   81s
 51660  9795 infeasible   37      4339.29000 2989.59933  31.1%  62.2   85s
 55346 10664 4326.77747   43   33 4339.29000 3257.46439  24.9%  62.0   90s
 59141 11493     cutoff   46      4339.29000 3268.64690  24.7%  62.0   95s
 63383 12430 3478.60981   57   35 4339.29000 3276.87954  24.5%  62.1  102s
H63392 12407                    4338.6500000 3276.92803  24.5%  62.1  102s
 64114 12461 infeasible   59      4338.65000 3277.88470  24.4%  62.1  105s
 68405 13387 3333.43682   49   41 4338.65000 3284.16486  24.3%  62.1  110s
 71825 14136 infeasible   44      4338.65000 3288.77653  24.2%  62.0  115s
 75732 14952 infeasible   49      4338.65000 3292.62284  24.1%  62.1  120s
 79965 15719     cutoff   57      4338.65000 3296.60295  24.0%  62.4  125s
 83466 16226 3317.45169   38   39 4338.65000 3299.63597  23.9%  62.7  130s
 87522 16873     cutoff   51      4338.65000 3302.85473  23.9%  62.9  135s
 91463 17470     cutoff   37      4338.65000 3306.15410  23.8%  63.1  140s
 95290 17997 3421.29179   44   40 4338.65000 3308.96667  23.7%  63.4  145s
 98950 18404 3337.74051   45   30 4338.65000 3311.57337  23.7%  63.7  150s
 102542 18792 3646.74454   40   33 4338.65000 3313.70140  23.6%  64.0  155s
 106038 19021 infeasible   39      4338.65000 3316.32539  23.6%  64.4  160s
 109328 19168 3321.26224   45   45 4338.65000 3318.27813  23.5%  64.8  165s
 112322 19270 infeasible   46      4338.65000 3320.26852  23.5%  65.1  170s
 115971 19378 3371.18676   47   44 4338.65000 3322.56630  23.4%  65.5  175s
 119331 19462 3333.05875   43   37 4338.65000 3324.85934  23.4%  65.8  180s
 122665 19466 infeasible   50      4338.65000 3327.18592  23.3%  66.1  185s
 125776 19428 3336.82786   43   43 4338.65000 3329.40648  23.3%  66.6  190s
 128180 19328     cutoff   44      4338.65000 3331.08697  23.2%  66.9  195s
 131438 19179 infeasible   47      4338.65000 3333.46407  23.2%  67.2  200s
 134545 18864     cutoff   40      4338.65000 3336.06961  23.1%  67.7  205s
 137354 18472     cutoff   48      4338.65000 3338.65520  23.0%  68.1  210s
 140503 17952 3349.39819   46   38 4338.65000 3341.67964  23.0%  68.5  215s
 143396 17523 3358.49566   51   41 4338.65000 3344.40296  22.9%  68.8  220s
 146342 16942     cutoff   49      4338.65000 3347.35038  22.8%  69.2  225s
 149161 16186     cutoff   46      4338.65000 3350.70244  22.8%  69.7  230s
 152197 15480 3405.36445   46   24 4338.65000 3353.99326  22.7%  70.1  235s
 155046 14606 infeasible   40      4338.65000 3357.84484  22.6%  70.5  240s
 157184 14000 3403.31861   41   20 4338.65000 3360.72065  22.5%  70.8  245s
 160038 13186 infeasible   46      4338.65000 3364.76660  22.4%  71.1  250s
 163064 12248 infeasible   47      4338.65000 3369.41216  22.3%  71.5  255s
 166209 11077     cutoff   53      4338.65000 3375.43714  22.2%  71.9  260s
 169130  9904 3428.48029   49   36 4338.65000 3382.92335  22.0%  72.3  265s
 172332  8541 infeasible   40      4338.65000 3392.80827  21.8%  72.6  270s
 175085  7446 infeasible   48      4338.65000 3402.82105  21.6%  72.8  275s
 178094  6065 infeasible   50      4338.65000 3423.07007  21.1%  72.9  280s
 181356  4667 4254.54026   38   14 4338.65000 3494.95120  19.4%  72.8  285s
 186017  3624     cutoff   40      4338.65000 4185.49465  3.53%  72.0  290s
 189419  3877 4284.25192   40   20 4338.65000 4269.53784  1.59%  71.5  295s
 194555  4038 4322.33773   39   32 4338.65000 4280.01364  1.35%  70.8  300s
 199222  3717 infeasible   46      4338.65000 4288.15578  1.16%  70.2  305s
 204114  2903     cutoff   45      4338.65000 4297.03621  0.96%  69.6  310s
 209157  1022 infeasible   48      4338.65000 4315.45147  0.53%  68.9  315s

Cutting planes:
  Gomory: 7
  Implied bound: 12
  Clique: 5
  MIR: 3
  Flow cover: 4
  GUB cover: 4
  Zero half: 23

Explored 210720 nodes (14478950 simplex iterations) in 315.92 seconds
Thread count was 4 (of 4 available processors)

Optimal solution found (tolerance 1.00e-04)
Best objective 4.338650000000e+03, best bound 4.338650000000e+03, gap 0.0%
k_c1	100.0
k_c10	90.0
k_c11	87.0
k_c2	33.0
k_c3	100.0
k_c4	2.0
k_c5	80.0
k_c6	96.0
k_c7	1.0
k_c8	96.0
k_c9	100.0
k_dN	0.0
o_1	0.0
o_10	0.0
o_11	1.0
o_2	1.0
o_3	0.0
o_4	0.0
o_5	0.0
o_6	0.0
o_7	0.0
o_8	0.0
o_9	0.0
p_1	0.0
p_10	0.0
p_11	1.0
p_2	1.0
p_3	0.0
p_4	0.0
p_5	0.0
p_6	0.0
p_7	0.0
p_8	0.0
p_9	0.0
phi_c1	3.0
phi_c10	2.0
phi_c11	0.0
phi_c2	0.0
phi_c3	4.0
phi_c4	2.0
phi_c5	3.0
phi_c6	2.0
phi_c7	2.0
phi_c8	2.0
phi_c9	4.0
phi_dN	0.0
pi_c1	25.0
pi_c10	25.0
pi_c11	25.0
pi_c2	5.0
pi_c3	25.0
pi_c4	20.0
pi_c5	25.0
pi_c6	25.0
pi_c7	25.0
pi_c8	25.0
pi_c9	20.0
pi_dN	0.0
tauD_c1	10.0
tauD_c10	23.0
tauD_c11	44.0
tauD_c2	57.0
tauD_c3	65.0
tauD_c4	85.0
tauD_c5	66.0
tauD_c6	45.0
tauD_c7	85.0
tauD_c8	80.0
tauD_c9	13.0
tauD_d0	0.0
tauD_dN	100.0
tauS_c1	85.0
tauS_c10	87.0
tauS_c11	44.0
tauS_c2	60.0
tauS_c3	88.0
tauS_c4	56.0
tauS_c5	84.0
tauS_c6	86.0
tauS_c7	84.0
tauS_c8	86.0
tauS_c9	76.0
tauS_d0	0.0
tauS_dN	74.0
x_c10_c11	1.0
x_c11_c5	1.0
x_c1_c10	1.0
x_c2_c4	1.0
x_c3_c8	1.0
x_c4_dN	1.0
x_c5_c7	1.0
x_c6_c2	1.0
x_c7_dN	1.0
x_c8_dN	1.0
x_c9_c6	1.0
x_d0_c1	1.0
x_d0_c3	1.0
x_d0_c9	1.0
z_c11_c2	1.0
z_c2_dN	1.0
z_d0_c11	1.0
