
Gurobi 6.0.4 (win64) logging started 06/15/15 01:37:07

Read LP format model from file E:\Eigene Dateien\Downloads\Michi shit\VRPTWMS-master\VRPTWMS\instances\mip\fuel\N11-C_DV100-C_SV25_F5_6_No_1.lp
Reading time = 0.01 seconds
(null): 738 rows, 349 columns, 3182 nonzeros
Optimize a model with 738 rows, 349 columns and 3182 nonzeros
Model has 1452 quadratic constraints
WARNING: Only barrier available for SOCP models
Coefficient statistics:
  Matrix range    [1e+00, 1e+02]
  Objective range [5e+00, 1e+03]
  Bounds range    [1e+00, 1e+02]
  RHS range       [1e+00, 1e+02]
Presolve removed 59 rows and 33 columns
Presolve time: 0.12s
Presolved: 3390 rows, 1718 columns, 16998 nonzeros
Variable types: 1309 continuous, 409 integer (351 binary)
Optimize a model with 3390 rows, 1718 columns and 16998 nonzeros
Coefficient statistics:
  Matrix range    [1e+00, 1e+02]
  Objective range [5e+00, 1e+03]
  Bounds range    [1e+00, 1e+02]
  RHS range       [1e+00, 1e+02]

Concurrent LP optimizer: dual simplex and barrier
Showing barrier log only...

Presolve removed 255 rows and 172 columns
Presolved: 3135 rows, 1546 columns, 15942 nonzeros

Root barrier log...

Ordering time: 0.01s

Barrier performed 0 iterations in 0.16 seconds
Barrier solve interrupted - model solved by another algorithm


Solved with dual simplex
Solved in 142 iterations and 0.16 seconds
Optimal objective  1.780537322e+02

Root relaxation: objective 1.780537e+02, 142 iterations, 0.03 seconds

    Nodes    |    Current Node    |     Objective Bounds      |     Work
 Expl Unexpl |  Obj  Depth IntInf | Incumbent    BestBd   Gap | It/Node Time

     0     0  178.05373    0   42          -  178.05373      -     -    0s
     0     0  265.93868    0   80          -  265.93868      -     -    0s
     0     0  573.94291    0   60          -  573.94291      -     -    0s
     0     0  672.08575    0   75          -  672.08575      -     -    0s
H    0     0                    5463.4800000  672.08575  87.7%     -    0s
     0     0  690.00122    0   70 5463.48000  690.00122  87.4%     -    0s
     0     0  712.51418    0   85 5463.48000  712.51418  87.0%     -    0s
     0     0  718.33408    0   73 5463.48000  718.33408  86.9%     -    0s
     0     0  733.19690    0   60 5463.48000  733.19690  86.6%     -    0s
     0     0  737.34067    0   73 5463.48000  737.34067  86.5%     -    0s
     0     0  740.30253    0   58 5463.48000  740.30253  86.4%     -    0s
     0     0  743.25623    0   61 5463.48000  743.25623  86.4%     -    0s
     0     0  746.09700    0   71 5463.48000  746.09700  86.3%     -    0s
     0     0  746.26487    0   77 5463.48000  746.26487  86.3%     -    0s
     0     0  746.28158    0   67 5463.48000  746.28158  86.3%     -    0s
     0     0  746.28158    0   59 5463.48000  746.28158  86.3%     -    0s
     0     0  746.28158    0   65 5463.48000  746.28158  86.3%     -    0s
     0     0  746.28158    0   61 5463.48000  746.28158  86.3%     -    0s
     0     0  746.28158    0   65 5463.48000  746.28158  86.3%     -    0s
     0     0  746.28158    0   63 5463.48000  746.28158  86.3%     -    0s
H    0     0                    5457.8000000  746.28158  86.3%     -    0s
     0     0  746.28158    0   45 5457.80000  746.28158  86.3%     -    1s
     0     0 1283.46225    0   65 5457.80000 1283.46225  76.5%     -    1s
H    0     0                    5344.0100000 1283.46225  76.0%     -    1s
     0     0 1363.18616    0   65 5344.01000 1363.18616  74.5%     -    1s
     0     0 1482.12946    0   63 5344.01000 1482.12946  72.3%     -    1s
H    0     0                    4352.5900000 1482.12946  65.9%     -    1s
     0     0 1506.56907    0   62 4352.59000 1506.56907  65.4%     -    1s
     0     0 1514.91797    0   66 4352.59000 1514.91797  65.2%     -    1s
     0     0 1520.75922    0   69 4352.59000 1520.75922  65.1%     -    1s
     0     0 1520.84731    0   70 4352.59000 1520.84731  65.1%     -    1s
     0     0 1520.84731    0   62 4352.59000 1520.84731  65.1%     -    1s
H    0     0                    4341.3600000 1520.84731  65.0%     -    1s
     0     2 1520.84731    0   60 4341.36000 1520.84731  65.0%     -    1s
H   34    35                    4327.0900000 2204.96868  49.0%  38.0    1s
H 1431   798                    4320.2900000 2733.87308  36.7%  34.1    4s
H 1745   869                    4316.8700000 3229.48500  25.2%  35.8    4s
H 2002   897                    4295.4600000 3231.81908  24.8%  38.6    4s
  2116   917 infeasible   36      4295.46000 3231.81908  24.8%  39.6    5s
H 2666   953                    4276.7100000 3234.51382  24.4%  44.3    6s
  4993  2017 3319.50937   30   37 4276.71000 3240.76757  24.2%  52.0   10s
H 7137  2980                    4268.2700000 3244.18058  24.0%  55.4   13s
  8095  3338 infeasible   35      4268.27000 3245.01737  24.0%  57.2   15s
 11261  4761 infeasible   42      4268.27000 3247.96528  23.9%  60.6   20s
 13993  5868     cutoff   52      4268.27000 3250.03534  23.9%  62.4   25s
 17455  7221 infeasible   41      4268.27000 3252.14645  23.8%  64.7   30s
 19976  8184 3294.68515   32   45 4268.27000 3253.86000  23.8%  65.9   35s
 20830  8446 infeasible   32      4268.27000 3254.31744  23.8%  66.5   41s
 22782  9040     cutoff   30      4268.27000 3255.57371  23.7%  67.9   45s
 26021 10110 infeasible   38      4268.27000 3257.24670  23.7%  69.3   50s
 28735 11003 infeasible   30      4268.27000 3258.78734  23.7%  70.7   55s
 31999 11982 infeasible   19      4268.27000 3260.77661  23.6%  71.6   60s
 34794 12883     cutoff   32      4268.27000 3262.15828  23.6%  72.1   65s
 37978 13830 infeasible   40      4268.27000 3263.57467  23.5%  72.7   70s
 40760 14674 3379.11120   48   53 4268.27000 3264.77563  23.5%  73.2   75s
 43944 15600 3295.22233   40   47 4268.27000 3266.18857  23.5%  73.8   80s
 46698 16352 infeasible   30      4268.27000 3267.34401  23.5%  74.3   85s
 49823 17237 3495.86687   24   69 4268.27000 3268.58810  23.4%  74.6   90s
 52319 17850 3391.39144   37   44 4268.27000 3269.65100  23.4%  74.9   95s
 55128 18555 infeasible   47      4268.27000 3271.09248  23.4%  75.1  100s
 58359 19368 infeasible   25      4268.27000 3272.41991  23.3%  75.3  105s
 60928 20055 3370.98543   38   76 4268.27000 3273.43979  23.3%  75.5  110s
 63964 20739 3361.31325   35   43 4268.27000 3274.60509  23.3%  76.0  115s
 66763 21363 infeasible   41      4268.27000 3275.96520  23.2%  76.2  120s
 69735 21974 infeasible   32      4268.27000 3277.21198  23.2%  76.5  125s
 72478 22735 infeasible   34      4268.27000 3278.26530  23.2%  76.6  130s
 74450 23105 3337.98142   33   44 4268.27000 3279.03621  23.2%  76.9  135s
 77186 23761 infeasible   36      4268.27000 3280.21018  23.1%  77.1  140s
 80141 24315 3369.77992   37   38 4268.27000 3281.53444  23.1%  77.4  145s
 82876 24923 3342.10424   33   30 4268.27000 3282.76767  23.1%  77.6  150s
 85553 25443 3299.82996   32   43 4268.27000 3283.99115  23.1%  77.8  155s
 88293 26024 infeasible   42      4268.27000 3285.00195  23.0%  77.9  160s
 90928 26399 3323.60825   42   41 4268.27000 3286.09014  23.0%  78.2  165s
 93418 26883 3593.49875   51   67 4268.27000 3287.15617  23.0%  78.2  170s
 96088 27364 3376.37814   38   51 4268.27000 3288.09054  23.0%  78.4  175s
 98794 27836 infeasible   48      4268.27000 3289.20055  22.9%  78.6  180s
 101581 28298 3330.22578   33   58 4268.27000 3290.14164  22.9%  78.7  185s
 103914 28569 3379.80373   45   50 4268.27000 3291.05646  22.9%  78.8  190s
 106405 28925 3308.52754   33   36 4268.27000 3291.90979  22.9%  79.0  195s
 109001 29190 infeasible   36      4268.27000 3292.97168  22.8%  79.2  200s
 112014 29453     cutoff   26      4268.27000 3294.18200  22.8%  79.4  205s
 114036 29798     cutoff   42      4268.27000 3294.88040  22.8%  79.4  210s
 116639 30081 3395.60255   37   37 4268.27000 3295.80662  22.8%  79.6  215s
 118909 30289 infeasible   35      4268.27000 3296.55200  22.8%  79.9  220s
 121621 30562     cutoff   34      4268.27000 3297.64221  22.7%  80.0  225s
 124272 30843 3334.32532   37   50 4268.27000 3298.53269  22.7%  80.2  230s
 126944 31167 infeasible   32      4268.27000 3299.55945  22.7%  80.3  235s
 129451 31305 infeasible   43      4268.27000 3300.50430  22.7%  80.5  240s
 131978 31456 infeasible   37      4268.27000 3301.46959  22.7%  80.7  245s
 134542 31529 3364.18683   40   62 4268.27000 3302.36204  22.6%  80.8  250s
 136939 31642 3368.73251   36   65 4268.27000 3303.34203  22.6%  81.0  255s
 139583 31785 3368.78417   39   44 4268.27000 3304.25760  22.6%  81.2  260s
 141440 31813 infeasible   30      4268.27000 3304.85316  22.6%  81.3  265s
 144011 32006 infeasible   34      4268.27000 3305.70821  22.6%  81.5  270s
 146634 32091     cutoff   35      4268.27000 3306.58580  22.5%  81.6  275s
 149197 32263 3340.05651   29   18 4268.27000 3307.42850  22.5%  81.7  280s
 152184 32360     cutoff   37      4268.27000 3308.40435  22.5%  81.9  285s
 154816 32471 3372.54149   31   48 4268.27000 3309.23599  22.5%  82.0  290s
 157418 32605 infeasible   34      4268.27000 3310.15586  22.4%  82.1  295s
 159837 32590 infeasible   34      4268.27000 3311.07280  22.4%  82.3  300s
 162298 32622 infeasible   31      4268.27000 3311.92510  22.4%  82.4  305s
 164969 32745 3345.20634   46   45 4268.27000 3312.87118  22.4%  82.5  310s
 166955 32777 infeasible   40      4268.27000 3313.61373  22.4%  82.6  315s
 169764 32681 3322.22082   31   43 4268.27000 3314.71831  22.3%  82.8  320s
 172253 32681 3375.01227   51   48 4268.27000 3315.51956  22.3%  82.9  325s
 174810 32729 infeasible   36      4268.27000 3316.38685  22.3%  82.9  330s
 177243 32669     cutoff   39      4268.27000 3317.24210  22.3%  83.0  335s
 179683 32561 3405.43509   31   55 4268.27000 3318.12960  22.3%  83.2  340s
 182096 32382     cutoff   38      4268.27000 3319.06274  22.2%  83.4  345s
 184417 32325 infeasible   46      4268.27000 3319.87043  22.2%  83.5  350s
 186472 32242 infeasible   41      4268.27000 3320.52622  22.2%  83.6  355s
 189039 32150 3322.72739   47   32 4268.27000 3321.44954  22.2%  83.7  360s
 190950 32128 infeasible   49      4268.27000 3322.02230  22.2%  83.8  365s
 193309 32033     cutoff   42      4268.27000 3322.81080  22.2%  83.8  370s
 195892 31840 3324.21790   32   45 4268.27000 3323.77102  22.1%  84.0  375s
 198537 31655     cutoff   44      4268.27000 3324.79557  22.1%  84.1  380s
 200799 31452 3349.79932   40   47 4268.27000 3325.67482  22.1%  84.2  385s
 203092 31361 3371.79751   40   76 4268.27000 3326.48324  22.1%  84.3  390s
 205688 31150 infeasible   21      4268.27000 3327.44062  22.0%  84.4  395s
 207417 30980 infeasible   46      4268.27000 3328.10515  22.0%  84.5  400s
 209562 30753 3329.16769   37   47 4268.27000 3328.90903  22.0%  84.6  405s
 212253 30613     cutoff   47      4268.27000 3329.75344  22.0%  84.8  410s
 214551 30398     cutoff   41      4268.27000 3330.55196  22.0%  84.9  415s
 216837 30241 3360.95260   32   48 4268.27000 3331.34023  22.0%  84.9  420s
 218996 29995 infeasible   42      4268.27000 3332.14738  21.9%  85.0  425s
 221333 29857 infeasible   35      4268.27000 3333.00081  21.9%  85.1  430s
 223934 29639 3362.19359   37   62 4268.27000 3333.89099  21.9%  85.1  435s
 226093 29424     cutoff   35      4268.27000 3334.75729  21.9%  85.2  440s
 228513 29194 infeasible   34      4268.27000 3335.68128  21.8%  85.3  445s
 230703 28991 infeasible   34      4268.27000 3336.49068  21.8%  85.4  450s
 232916 28804 3362.29062   31   29 4268.27000 3337.35412  21.8%  85.4  455s
 235050 28647 3359.49053   31   54 4268.27000 3338.13883  21.8%  85.5  460s
 236794 28284 infeasible   45      4268.27000 3338.84644  21.8%  85.6  465s
 239328 28014 infeasible   38      4268.27000 3339.81726  21.8%  85.7  470s
 241302 27870 3395.58984   41   55 4268.27000 3340.45826  21.7%  85.8  475s
 243550 27545 3378.92721   32   45 4268.27000 3341.41123  21.7%  85.8  480s
 245685 27249     cutoff   45      4268.27000 3342.25118  21.7%  85.9  485s
 248057 26934 infeasible   37      4268.27000 3343.15931  21.7%  86.0  490s
 249634 26755 infeasible   35      4268.27000 3343.76441  21.7%  86.1  495s
 251734 26471 infeasible   33      4268.27000 3344.64342  21.6%  86.1  500s
 254169 26228 3372.49953   41   60 4268.27000 3345.61412  21.6%  86.2  505s
 256279 25952 3355.63644   36   34 4268.27000 3346.40070  21.6%  86.2  510s
 258474 25504 3347.79858   37   65 4268.27000 3347.41239  21.6%  86.3  515s
 260709 25114 infeasible   40      4268.27000 3348.40569  21.6%  86.4  520s
 263015 24738     cutoff   42      4268.27000 3349.38000  21.5%  86.5  525s
 265098 24361 3390.16255   57   41 4268.27000 3350.46736  21.5%  86.6  530s
 266940 23923 infeasible   44      4268.27000 3351.33521  21.5%  86.6  535s
 268921 23585 infeasible   51      4268.27000 3352.25770  21.5%  86.7  540s
 270981 23116 infeasible   39      4268.27000 3353.27860  21.4%  86.8  545s
 273250 22718     cutoff   39      4268.27000 3354.27692  21.4%  86.8  550s
 275415 22299 3389.57550   49   28 4268.27000 3355.26075  21.4%  86.9  555s
 277870 21794 infeasible   36      4268.27000 3356.43878  21.4%  87.0  560s
 280104 21403 3369.48501   46   19 4268.27000 3357.43027  21.3%  87.1  565s
 281945 21075 infeasible   40      4268.27000 3358.29946  21.3%  87.1  570s
 283897 20615 3360.19698   30   25 4268.27000 3359.42170  21.3%  87.1  575s
 286186 20130 infeasible   33      4268.27000 3360.66400  21.3%  87.2  580s
 288285 19684 3367.82185   55   44 4268.27000 3361.69904  21.2%  87.3  585s
 290204 19206 infeasible   39      4268.27000 3362.76680  21.2%  87.3  590s
 292501 18702 3364.16321   39   72 4268.27000 3363.99988  21.2%  87.4  595s
 294364 18228 infeasible   43      4268.27000 3365.11272  21.2%  87.4  600s
 296457 17693     cutoff   28      4268.27000 3366.43068  21.1%  87.5  605s
 298415 17228     cutoff   38      4268.27000 3367.65814  21.1%  87.6  610s
 300687 16703 infeasible   35      4268.27000 3368.94901  21.1%  87.6  615s
 302864 16165     cutoff   39      4268.27000 3370.30465  21.0%  87.7  620s
 304742 15661 3371.93144   44   51 4268.27000 3371.52894  21.0%  87.7  625s
 306981 15199 3377.52196   44   34 4268.27000 3372.94143  21.0%  87.7  630s
 309265 14522 infeasible   33      4268.27000 3374.65302  20.9%  87.8  635s
 311065 14040 infeasible   56      4268.27000 3376.05782  20.9%  87.9  640s
 313203 13370 infeasible   38      4268.27000 3377.79021  20.9%  87.9  645s
 315309 12646 infeasible   46      4268.27000 3379.65426  20.8%  88.0  650s
 317097 12050 infeasible   45      4268.27000 3381.28000  20.8%  88.1  655s
 319146 11387 infeasible   44      4268.27000 3383.17572  20.7%  88.1  660s
 321449 10640 infeasible   38      4268.27000 3385.45644  20.7%  88.2  665s
 323523 10035 infeasible   43      4268.27000 3387.76875  20.6%  88.2  671s
 325068  9365 infeasible   44      4268.27000 3389.53148  20.6%  88.3  675s
 327148  8560 3403.69791   40   48 4268.27000 3392.43758  20.5%  88.3  680s
 329619  7715     cutoff   45      4268.27000 3395.83723  20.4%  88.3  685s
 331612  6901 infeasible   41      4268.27000 3399.31124  20.4%  88.4  690s
 333725  6013 infeasible   36      4268.27000 3404.06605  20.2%  88.4  695s
 335786  5112 infeasible   46      4268.27000 3409.67518  20.1%  88.4  700s
 338209  4050 infeasible   60      4268.27000 3418.29025  19.9%  88.4  705s
 340484  2984     cutoff   21      4268.27000 3430.85361  19.6%  88.4  710s
 343071  1492     cutoff   41      4268.27000 3481.80880  18.4%  88.3  715s
 345152   554     cutoff   40      4268.27000 3589.47235  15.9%  88.1  720s

Cutting planes:
  Learned: 20
  Gomory: 8
  Cover: 12
  Implied bound: 791
  Clique: 23
  MIR: 34
  Flow cover: 87
  GUB cover: 24
  Zero half: 29

Explored 346683 nodes (30479138 simplex iterations) in 722.11 seconds
Thread count was 4 (of 4 available processors)

Optimal solution found (tolerance 1.00e-04)
Best objective 4.268270000000e+03, best bound 4.268270000000e+03, gap 0.0%
k_c1	4.0
k_c10	10.0
k_c11	100.0
k_c2	3.0
k_c3	100.0
k_c4	95.0
k_c5	98.0
k_c6	12.0
k_c7	6.0
k_c8	96.0
k_c9	6.0
k_dN	0.0
o_1	0.0
o_10	0.0
o_11	0.0
o_2	0.0
o_3	1.0
o_4	0.0
o_5	0.0
o_6	1.0
o_7	0.0
o_8	0.0
o_9	0.0
p_1	0.0
p_10	0.0
p_11	0.0
p_2	0.0
p_3	1.0
p_4	0.0
p_5	1.0
p_6	1.0
p_7	0.0
p_8	0.0
p_9	0.0
phi_c1	1.0
phi_c10	4.0
phi_c11	3.0
phi_c2	2.0
phi_c3	0.0
phi_c4	2.0
phi_c5	2.0
phi_c6	0.0
phi_c7	2.0
phi_c8	3.0
phi_c9	2.0
phi_dN	0.0
pi_c1	0.0
pi_c10	0.0
pi_c11	20.0
pi_c2	20.0
pi_c3	20.0
pi_c4	15.0
pi_c5	15.0
pi_c6	10.0
pi_c7	0.0
pi_c8	20.0
pi_c9	5.0
pi_dN	0.0
tauD_c1	83.0
tauD_c10	25.0
tauD_c11	7.0
tauD_c2	82.0
tauD_c3	4.0
tauD_c4	39.0
tauD_c5	20.0
tauD_c6	62.0
tauD_c7	74.0
tauD_c8	25.0
tauD_c9	80.0
tauD_d0	0.0
tauD_dN	100.0
tauS_c1	4.0
tauS_c10	3.0
tauS_c11	83.0
tauS_c2	83.0
tauS_c3	4.0
tauS_c4	83.0
tauS_c5	14.0
tauS_c6	35.0
tauS_c7	88.0
tauS_c8	85.0
tauS_c9	87.0
tauS_d0	0.0
tauS_dN	74.0
x_c10_c7	1.0
x_c11_c5	1.0
x_c1_dN	1.0
x_c2_dN	1.0
x_c3_c8	1.0
x_c4_c6	1.0
x_c5_c4	1.0
x_c6_c9	1.0
x_c7_c1	1.0
x_c8_c2	1.0
x_c9_dN	1.0
x_d0_c10	1.0
x_d0_c11	1.0
x_d0_c3	1.0
z_c3_c5	1.0
z_c5_c6	1.0
z_c6_dN	1.0
z_d0_c3	1.0
