
Gurobi 6.0.4 (win64) logging started 06/15/15 01:21:23

Read LP format model from file E:\Eigene Dateien\Downloads\Michi shit\VRPTWMS-master\VRPTWMS\instances\mip\fuel\N11-C_DV100-C_SV25_F5_3_No_1.lp
Reading time = 0.01 seconds
(null): 738 rows, 349 columns, 3182 nonzeros
Optimize a model with 738 rows, 349 columns and 3182 nonzeros
Model has 1452 quadratic constraints
WARNING: Only barrier available for SOCP models
Coefficient statistics:
  Matrix range    [1e+00, 1e+02]
  Objective range [4e+00, 1e+03]
  Bounds range    [1e+00, 1e+02]
  RHS range       [1e+00, 1e+02]
Presolve removed 66 rows and 45 columns
Presolve time: 0.11s
Presolved: 2948 rows, 1483 columns, 14791 nonzeros
Variable types: 1095 continuous, 388 integer (330 binary)
Optimize a model with 2948 rows, 1483 columns and 14791 nonzeros
Coefficient statistics:
  Matrix range    [1e+00, 1e+02]
  Objective range [4e+00, 1e+03]
  Bounds range    [1e+00, 1e+02]
  RHS range       [1e+00, 1e+02]

Concurrent LP optimizer: dual simplex and barrier
Showing barrier log only...

Presolve removed 262 rows and 169 columns
Presolved: 2686 rows, 1314 columns, 13645 nonzeros

Root barrier log...

Ordering time: 0.01s

Barrier performed 0 iterations in 0.14 seconds
Barrier solve interrupted - model solved by another algorithm


Solved with dual simplex
Solved in 96 iterations and 0.14 seconds
Optimal objective  1.432516172e+03

Root relaxation: objective 1.432516e+03, 96 iterations, 0.02 seconds

    Nodes    |    Current Node    |     Objective Bounds      |     Work
 Expl Unexpl |  Obj  Depth IntInf | Incumbent    BestBd   Gap | It/Node Time

     0     0 1432.51617    0   39          - 1432.51617      -     -    0s
     0     0 2212.68131    0   30          - 2212.68131      -     -    0s
     0     0 2220.97000    0   32          - 2220.97000      -     -    0s
     0     0 2223.01031    0   29          - 2223.01031      -     -    0s
     0     0 2227.06000    0   28          - 2227.06000      -     -    0s
     0     0 2227.06000    0   25          - 2227.06000      -     -    0s
     0     0 2227.06000    0   26          - 2227.06000      -     -    0s
H    0     0                    12608.190000 2227.06000  82.3%     -    0s
     0     0 2227.06000    0   26 12608.1900 2227.06000  82.3%     -    0s
H    0     0                    8481.6500000 2227.06000  73.7%     -    0s
     0     2 2227.06000    0   25 8481.65000 2227.06000  73.7%     -    0s
H   59    59                    6462.2900000 2230.99818  65.5%  25.6    0s
H  113   110                    6461.2600000 2230.99818  65.5%  26.5    0s
H  319   258                    5491.5900000 2235.93000  59.3%  36.5    0s
H  352   288                    5485.7800000 2235.93000  59.2%  35.5    0s
H  495   375                    5396.9300000 2244.92500  58.4%  35.5    0s
H  572   408                    5380.7700000 2245.97456  58.3%  34.6    0s
H  698   494                    5368.2100000 2246.18315  58.2%  33.7    0s
  1108   759 2555.90967    6   88 5368.21000 2251.93464  58.1%  31.2    5s
H 1519   909                    5354.5300000 2253.76423  57.9%  44.7    6s
H 1947   906                    4370.1000000 2265.03176  48.2%  49.0    8s
  2021   910 3337.04094   26   49 4370.10000 2266.43000  48.1%  49.6   10s
H 2049   863                    4365.8100000 2266.43000  48.1%  49.4   10s
H 2419   907                    4345.5000000 2272.57162  47.7%  51.5   11s
  4492  1659 2627.33138   26   54 4345.50000 2298.21301  47.1%  64.3   15s
H 6131  2315                    4332.9400000 2308.77342  46.7%  68.8   19s
  6178  2325 4066.75790   21   72 4332.94000 2309.17745  46.7%  69.2   20s
  8230  2972 infeasible   30      4332.94000 2324.43532  46.4%  75.4   25s
  9879  3461 3645.22337   30   69 4332.94000 2331.78582  46.2%  79.0   30s
 11855  4140 infeasible   24      4332.94000 2341.25703  46.0%  81.4   35s
 13489  4654 infeasible   42      4332.94000 2345.77939  45.9%  83.5   40s
 15498  5318     cutoff   28      4332.94000 2350.83667  45.7%  83.9   45s
 17249  5750 2394.81547   24   75 4332.94000 2355.01649  45.6%  85.8   50s
 18437  6067 3434.79127   27   54 4332.94000 2357.24196  45.6%  86.8   55s
 19793  6515 2444.48822   38  107 4332.94000 2360.90323  45.5%  87.0   60s
 20605  6812 2423.82381   40   47 4332.94000 2362.70727  45.5%  87.3   65s
 20622  6824 2424.13532   29   65 4332.94000 2362.70727  45.5%  87.3   70s
 20643  6827 2362.70727   24   50 4332.94000 2362.70727  45.5%  87.4   75s
 21212  6874 infeasible   49      4332.94000 2362.70727  45.5%  86.7   80s
 25520  7284 infeasible   43      4332.94000 2362.70727  45.5%  84.5   87s
 27219  7419 3453.83419   46   59 4332.94000 2362.70727  45.5%  83.6   90s
 30320  7564 3381.44619   50   42 4332.94000 2362.70727  45.5%  82.9   95s
 33456  7633 infeasible   39      4332.94000 2362.70727  45.5%  82.4  100s
 36897  7437 2362.70727   39   74 4332.94000 2362.70727  45.5%  82.5  106s
 38937  7257 2379.56102   41   83 4332.94000 2362.70727  45.5%  82.3  111s
 41743  7150 infeasible   52      4332.94000 2362.70727  45.5%  82.3  116s
 44172  7680 infeasible   54      4332.94000 2362.70727  45.5%  82.2  120s
 47486  8363 3454.50095   48   68 4332.94000 2362.70727  45.5%  81.8  125s
 49991  8936 infeasible   40      4332.94000 2362.70727  45.5%  81.6  130s
 53323  9631 3420.04892   47   54 4332.94000 2362.70727  45.5%  81.5  135s
 56243 10181 2392.57365   41   77 4332.94000 2365.38337  45.4%  81.5  140s
 59183 10688 2647.61460   58  103 4332.94000 2369.45136  45.3%  81.4  145s
 61857 11119 3605.45978   54   79 4332.94000 2372.39705  45.2%  81.3  150s
 64636 11657 2796.96068   53   88 4332.94000 2376.11721  45.2%  81.2  155s
 67760 12146 3438.93782   59   65 4332.94000 2379.43475  45.1%  81.1  160s
 71122 12718 infeasible   50      4332.94000 2383.39540  45.0%  80.8  165s
 73721 13128 3650.22072   49   77 4332.94000 2385.80085  44.9%  80.8  170s
 76304 13416 3416.26394   37   67 4332.94000 2388.38187  44.9%  80.6  175s
 79061 13886 2940.15227   52   76 4332.94000 2391.08789  44.8%  80.5  180s
 82251 14299 2425.12107   52   68 4332.94000 2393.94241  44.8%  80.4  185s
 85474 14752 3430.33266   45   74 4332.94000 2397.25269  44.7%  80.2  190s
 88186 15108 infeasible   52      4332.94000 2399.37699  44.6%  80.2  195s
 90815 15395 infeasible   50      4332.94000 2402.11151  44.6%  80.2  200s
 94404 15720 3097.80119   56   88 4332.94000 2405.37254  44.5%  80.1  205s
 97374 15987 infeasible   47      4332.94000 2408.13458  44.4%  79.9  210s
 99874 16172     cutoff   55      4332.94000 2410.39100  44.4%  79.9  215s
 103338 16506 2736.49353   60   79 4332.94000 2413.59061  44.3%  79.8  220s
 106691 16824 3446.14334   41   51 4332.94000 2416.76357  44.2%  79.7  226s
 109057 16869 3434.33627   43   75 4332.94000 2419.09761  44.2%  79.6  230s
 112446 17131 3429.13752   39   43 4332.94000 2422.05095  44.1%  79.5  235s
 115717 17323     cutoff   42      4332.94000 2425.00923  44.0%  79.5  240s
 118322 17491 infeasible   54      4332.94000 2426.98160  44.0%  79.4  245s
 121156 17614 2542.22751   52   79 4332.94000 2429.28719  43.9%  79.4  250s
 123998 17765 infeasible   55      4332.94000 2431.49693  43.9%  79.4  255s
 127193 17946 3560.10137   52   59 4332.94000 2434.29276  43.8%  79.3  260s
 130147 17970     cutoff   51      4332.94000 2437.07181  43.8%  79.3  265s
 133564 18050 2774.41557   43   89 4332.94000 2440.18178  43.7%  79.4  271s
 135581 18046 2479.11795   50   78 4332.94000 2441.93420  43.6%  79.4  275s
 138683 18062 4085.71700   57   85 4332.94000 2444.44771  43.6%  79.3  280s
 142205 18040     cutoff   62      4332.94000 2447.81884  43.5%  79.3  285s
 144979 17960 3923.65495   49   82 4332.94000 2450.76394  43.4%  79.3  290s
 147762 17827 infeasible   48      4332.94000 2454.02401  43.4%  79.3  295s
 150895 17719 2486.75942   54   74 4332.94000 2457.96018  43.3%  79.3  300s
 153502 17508 3182.11097   48   59 4332.94000 2461.06918  43.2%  79.3  305s
 156791 17375 3431.80396   53   31 4332.94000 2465.41722  43.1%  79.3  310s
 159942 17302 3673.91488   61   56 4332.94000 2469.56283  43.0%  79.4  316s
 162226 17094 3426.24662   53   66 4332.94000 2472.63232  42.9%  79.4  320s
 165229 16841 3546.02048   48   67 4332.94000 2477.40608  42.8%  79.4  325s
 168048 16516 infeasible   63      4332.94000 2482.33343  42.7%  79.5  330s
 170981 16142 infeasible   57      4332.94000 2488.18437  42.6%  79.5  335s
 173805 15741 3009.61989   52  101 4332.94000 2493.70604  42.4%  79.6  340s
 176573 15337 3600.49450   47   74 4332.94000 2500.08930  42.3%  79.6  345s
 179868 14920 infeasible   50      4332.94000 2508.05499  42.1%  79.6  350s
 182793 14419 3759.40433   59   52 4332.94000 2517.73550  41.9%  79.7  355s
 185648 13904     cutoff   56      4332.94000 2528.89815  41.6%  79.7  360s
 188488 13370 3537.46944   57   68 4332.94000 2541.90349  41.3%  79.7  365s
 191250 12804 4003.27692   55   81 4332.94000 2560.05540  40.9%  79.7  370s
 194034 12280 3515.96300   55   76 4332.94000 2588.74477  40.3%  79.8  375s
 196982 11643 3567.43267   47   78 4332.94000 2648.47854  38.9%  79.8  380s
 200189 10932 3311.22601   39   30 4332.94000 2796.66121  35.5%  79.7  385s
 203176 10445 4186.45985   65   76 4332.94000 3144.63538  27.4%  79.6  390s
 206571 10554 3310.22961   44   36 4332.94000 3252.45000  24.9%  79.6  395s
 209840 10298 3553.20273   54   59 4332.94000 3256.08790  24.9%  79.4  400s
 213022 10019 3289.97178   47   26 4332.94000 3272.35967  24.5%  79.4  405s
H215322 10205                    4330.6400000 3281.45023  24.2%  79.2  408s
H216438 10507                    4314.0300000 3288.57128  23.8%  79.1  409s
 216674 10547 3355.34212   39   45 4314.03000 3288.73410  23.8%  79.1  410s
 220381 11226 3317.75628   46   39 4314.03000 3301.81564  23.5%  79.1  415s
 223805 11687 infeasible   41      4314.03000 3311.94740  23.2%  79.1  420s
 226536 11947 3338.77717   32   56 4314.03000 3318.56319  23.1%  79.2  425s
 229734 12237 infeasible   38      4314.03000 3324.46928  22.9%  79.2  430s
 232619 12397 3349.51882   45   31 4314.03000 3329.52183  22.8%  79.4  435s
 235596 12576 3425.95786   45   38 4314.03000 3334.20463  22.7%  79.5  440s
 238591 12664 3341.93839   36   26 4314.03000 3339.49475  22.6%  79.6  445s
 241379 12814 infeasible   40      4314.03000 3343.53712  22.5%  79.7  450s
 243972 12836 3377.41718   42   63 4314.03000 3347.12754  22.4%  79.8  455s
 246786 12866     cutoff   43      4314.03000 3351.15343  22.3%  80.0  460s
 249457 12928 3361.97441   42   31 4314.03000 3353.78396  22.3%  80.1  465s
 252420 12955 3401.07634   52   40 4314.03000 3357.21608  22.2%  80.2  470s
 254791 12956 infeasible   50      4314.03000 3360.09379  22.1%  80.4  475s
 257457 12886 3376.51529   44   55 4314.03000 3363.43400  22.0%  80.5  480s
 260255 12870 3366.57860   45   46 4314.03000 3366.57860  22.0%  80.6  485s
 262508 12837 3400.68629   42   29 4314.03000 3368.78651  21.9%  80.7  490s
 265285 12664 3422.98414   54   59 4314.03000 3372.28433  21.8%  80.9  495s
 267900 12599 infeasible   42      4314.03000 3375.15402  21.8%  81.0  500s
 270092 12364 3412.99796   41   46 4314.03000 3377.83840  21.7%  81.2  505s
 272772 12215     cutoff   35      4314.03000 3380.74344  21.6%  81.3  510s
 275130 11992 3403.72379   44   49 4314.03000 3383.36974  21.6%  81.4  515s
 277364 11703 infeasible   42      4314.03000 3386.45160  21.5%  81.5  520s
 279758 11393 infeasible   44      4314.03000 3389.55813  21.4%  81.7  525s
 282104 10941 infeasible   38      4314.03000 3392.80174  21.4%  81.9  530s
 284678 10575 infeasible   36      4314.03000 3396.39054  21.3%  82.0  535s
 287085 10021 infeasible   37      4314.03000 3400.31862  21.2%  82.1  540s
 289306  9514 infeasible   46      4314.03000 3403.77202  21.1%  82.3  545s
 291879  8905 infeasible   53      4314.03000 3408.04399  21.0%  82.4  550s
 294406  8192 3467.77454   52   46 4314.03000 3413.37772  20.9%  82.5  555s
 296684  7515 infeasible   50      4314.03000 3418.54620  20.8%  82.6  560s
 299182  6652 infeasible   49      4314.03000 3424.73392  20.6%  82.7  565s
 301709  5732 infeasible   51      4314.03000 3432.20538  20.4%  82.8  570s
 304324  4459     cutoff   55      4314.03000 3443.99406  20.2%  83.0  575s
 306861  3244 infeasible   48      4314.03000 3461.11385  19.8%  83.0  580s
 309981  1602 3675.15413   41   42 4314.03000 3516.04785  18.5%  82.9  585s

Cutting planes:
  Gomory: 6
  Implied bound: 23
  Clique: 1
  MIR: 11
  Flow cover: 16
  GUB cover: 2
  Zero half: 28

Explored 312593 nodes (25799046 simplex iterations) in 587.72 seconds
Thread count was 4 (of 4 available processors)

Optimal solution found (tolerance 1.00e-04)
Best objective 4.314030000000e+03, best bound 4.314030000000e+03, gap 0.0%
k_c1	100.0
k_c10	5.0
k_c11	93.0
k_c2	5.0
k_c3	97.0
k_c4	96.0
k_c5	8.0
k_c6	10.0
k_c7	10.0
k_c8	100.0
k_c9	100.0
k_dN	0.0
o_1	0.0
o_10	0.0
o_11	0.0
o_2	1.0
o_3	1.0
o_4	1.0
o_5	0.0
o_6	0.0
o_7	0.0
o_8	0.0
o_9	0.0
p_1	0.0
p_10	0.0
p_11	0.0
p_2	1.0
p_3	1.0
p_4	1.0
p_5	0.0
p_6	0.0
p_7	0.0
p_8	0.0
p_9	0.0
phi_c1	3.0
phi_c10	3.0
phi_c11	3.0
phi_c2	0.0
phi_c3	1.0
phi_c4	2.0
phi_c5	2.0
phi_c6	4.0
phi_c7	2.0
phi_c8	3.0
phi_c9	3.0
phi_dN	0.0
pi_c1	0.0
pi_c10	0.0
pi_c11	0.0
pi_c2	5.0
pi_c3	12.0
pi_c4	8.0
pi_c5	0.0
pi_c6	0.0
pi_c7	0.0
pi_c8	0.0
pi_c9	0.0
pi_dN	0.0
tauD_c1	10.0
tauD_c10	70.0
tauD_c11	58.0
tauD_c2	77.0
tauD_c3	19.0
tauD_c4	37.0
tauD_c5	30.0
tauD_c6	45.0
tauD_c7	67.0
tauD_c8	5.0
tauD_c9	30.0
tauD_d0	0.0
tauD_dN	100.0
tauS_c1	5.0
tauS_c10	79.0
tauS_c11	1.0
tauS_c2	50.0
tauS_c3	5.0
tauS_c4	30.0
tauS_c5	80.0
tauS_c6	2.0
tauS_c7	0.0
tauS_c8	4.0
tauS_c9	87.0
tauS_d0	0.0
tauS_dN	87.0
x_c10_dN	1.0
x_c11_c7	1.0
x_c1_c3	1.0
x_c2_dN	1.0
x_c3_c6	1.0
x_c4_c11	1.0
x_c5_dN	1.0
x_c6_c10	1.0
x_c7_c2	1.0
x_c8_c5	1.0
x_c9_c4	1.0
x_d0_c1	1.0
x_d0_c8	1.0
x_d0_c9	1.0
z_c2_dN	1.0
z_c3_c4	1.0
z_c4_c2	1.0
z_d0_c3	1.0
