
Gurobi 6.0.4 (win64) logging started 06/15/15 01:50:26

Read LP format model from file E:\Eigene Dateien\Downloads\Michi shit\VRPTWMS-master\VRPTWMS\instances\mip\fuel\N11-C_DV100-C_SV25_F5_8_No_1.lp
Reading time = 0.01 seconds
(null): 738 rows, 349 columns, 3182 nonzeros
Optimize a model with 738 rows, 349 columns and 3182 nonzeros
Model has 1452 quadratic constraints
WARNING: Only barrier available for SOCP models
Coefficient statistics:
  Matrix range    [1e+00, 1e+02]
  Objective range [4e+00, 1e+03]
  Bounds range    [1e+00, 1e+02]
  RHS range       [1e+00, 1e+02]
Presolve removed 63 rows and 41 columns
Presolve time: 0.10s
Presolved: 2931 rows, 1479 columns, 15055 nonzeros
Variable types: 1085 continuous, 394 integer (336 binary)
Optimize a model with 2931 rows, 1479 columns and 15055 nonzeros
Coefficient statistics:
  Matrix range    [9e-01, 1e+02]
  Objective range [4e+00, 1e+03]
  Bounds range    [1e+00, 1e+02]
  RHS range       [1e+00, 1e+02]

Concurrent LP optimizer: dual simplex and barrier
Showing barrier log only...

Presolve removed 249 rows and 164 columns
Presolved: 2682 rows, 1315 columns, 13891 nonzeros

Root barrier log...

Ordering time: 0.01s

Barrier performed 0 iterations in 0.14 seconds
Barrier solve interrupted - model solved by another algorithm


Solved with dual simplex
Solved in 164 iterations and 0.14 seconds
Optimal objective  6.435476346e+02

Root relaxation: objective 6.435476e+02, 164 iterations, 0.03 seconds

    Nodes    |    Current Node    |     Objective Bounds      |     Work
 Expl Unexpl |  Obj  Depth IntInf | Incumbent    BestBd   Gap | It/Node Time

     0     0  643.54763    0   47          -  643.54763      -     -    0s
     0     0  752.51073    0   55          -  752.51073      -     -    0s
     0     0  862.28609    0   66          -  862.28609      -     -    0s
     0     0 1199.02804    0   50          - 1199.02804      -     -    0s
     0     0 1214.31214    0   47          - 1214.31214      -     -    0s
     0     0 1216.33075    0   50          - 1216.33075      -     -    0s
     0     0 1217.71676    0   54          - 1217.71676      -     -    0s
     0     0 1218.29655    0   54          - 1218.29655      -     -    0s
     0     0 1218.31770    0   54          - 1218.31770      -     -    0s
     0     0 1218.31770    0   54          - 1218.31770      -     -    0s
H    0     0                    12643.700000 1218.31770  90.4%     -    0s
     0     0 1218.31770    0   52 12643.7000 1218.31770  90.4%     -    0s
H    0     0                    11628.610000 1218.31770  89.5%     -    0s
     0     2 1218.31770    0   47 11628.6100 1218.31770  89.5%     -    0s
H   35    38                    9489.7200000 1259.08500  86.7%  57.8    0s
H  140   104                    8447.5900000 1259.08500  85.1%  41.9    0s
H  167   128                    7478.3500000 1260.92333  83.1%  40.2    0s
H  456   319                    6499.2400000 1260.92333  80.6%  42.2    0s
H  731   474                    6454.0000000 1366.59636  78.8%  37.5    1s
H  870   578                    5446.4800000 1366.59636  74.9%  38.4    1s
  1073   719 1366.59636   20   52 5446.48000 1366.59636  74.9%  44.7    5s
H 1824   991                    5409.0200000 1366.59636  74.7%  58.9    6s
H 1936   932                    4401.5000000 1366.59636  69.0%  59.3    6s
H 2390  1081                    4391.8500000 1366.59636  68.9%  59.9    7s
  3064  1317     cutoff   46      4391.85000 1366.59636  68.9%  62.3   10s
H 3659  1640                    4377.9300000 1366.59636  68.8%  64.2   11s
H 3660  1638                    4370.9900000 1366.59636  68.7%  64.2   11s
  4972  2179     cutoff   42      4370.99000 1366.59636  68.7%  70.5   15s
H 4977  2175                    4364.7500000 1366.59636  68.7%  70.5   15s
  8013  3340     cutoff   35      4364.75000 1603.23768  63.3%  72.8   20s
 10818  4191 infeasible   45      4364.75000 1819.53400  58.3%  75.0   25s
 15016  6398 3286.90560   31   44 4364.75000 2271.74661  48.0%  71.8   30s
H18271  8145                    4339.5800000 2283.21987  47.4%  69.3   35s
 20916  9288 2586.46434   36   52 4339.58000 2288.69659  47.3%  69.3   44s
 20921  9291 3307.05608   29   76 4339.58000 2288.69659  47.3%  69.3   45s
 20935  9301 2473.12481   50   89 4339.58000 2288.69659  47.3%  69.3   50s
 20948  9309 4331.34977   40  100 4339.58000 2288.69659  47.3%  69.2   55s
 20960  9317 3353.04096   40  130 4339.58000 2288.69659  47.3%  69.2   60s
 20971  9325 2566.03563   45  132 4339.58000 2288.69659  47.3%  69.1   65s
 21087  9365 3258.36934   35   27 4339.58000 2288.69659  47.3%  69.9   70s
 23294  9681 3413.23698   66   52 4339.58000 2288.69659  47.3%  70.1   75s
H26012  9581                    4336.4300000 2288.69659  47.2%  69.4   79s
 26797  9683 2863.36541   46   45 4336.43000 2288.69659  47.2%  69.1   81s
 29624 10153 2370.70988   58   67 4336.43000 2288.69659  47.2%  68.7   85s
 33718 10611 infeasible   57      4336.43000 2303.51019  46.9%  69.1   91s
 35849 10715 2368.88913   50   49 4336.43000 2309.02018  46.8%  69.5   95s
 39324 10674 3353.18782   54   63 4336.43000 2317.44420  46.6%  70.1  101s
 41479 10621 infeasible   59      4336.43000 2320.97893  46.5%  70.5  106s
 44314 10588 2391.74354   63   48 4336.43000 2324.45024  46.4%  70.7  110s
H47565 10236                    3501.7900000 2328.59078  33.5%  71.3  114s
 48185 10360 infeasible   60      3501.79000 2329.23659  33.5%  71.6  116s
 50772 10934 infeasible   56      3501.79000 2332.94101  33.4%  72.4  120s
 54015 11676 2382.89594   60   60 3501.79000 2336.63194  33.3%  73.1  125s
 56299 12049 3451.92263   59   60 3501.79000 2340.79345  33.2%  74.0  130s
 59366 12656 3422.66257   57   12 3501.79000 2344.32557  33.1%  74.7  135s
 62347 13176 2389.88172   45   33 3501.79000 2348.33282  32.9%  75.3  140s
 65344 13735 infeasible   56      3501.79000 2351.21890  32.9%  75.7  145s
 68257 14281 2422.17666   50   77 3501.79000 2354.57794  32.8%  76.2  150s
 71465 14654 infeasible   49      3501.79000 2358.06448  32.7%  76.9  155s
H73964 14787                    3453.1300000 2360.35029  31.6%  77.4  159s
 74041 14809 3428.60570   55   45 3453.13000 2360.35029  31.6%  77.4  160s
H74146 14772                    3445.6900000 2360.35029  31.5%  77.4  160s
 76154 14956     cutoff   50      3445.69000 2362.06871  31.4%  77.6  165s
 78764 15255 3417.79417   59   74 3445.69000 2364.50773  31.4%  77.9  170s
 81914 15441 infeasible   59      3445.69000 2367.13527  31.3%  78.3  175s
 84982 15604 infeasible   50      3445.69000 2369.90717  31.2%  78.6  180s
 87850 15681 2387.25769   57   59 3445.69000 2372.67483  31.1%  78.8  185s
 90645 15858 2822.99803   56   41 3445.69000 2375.30522  31.1%  79.1  190s
 93391 15802     cutoff   50      3445.69000 2377.94024  31.0%  79.4  195s
 96455 15759     cutoff   59      3445.69000 2381.23471  30.9%  79.8  200s
 99124 15702 2414.87674   70   65 3445.69000 2383.76924  30.8%  80.0  205s
 102240 15776 infeasible   49      3445.69000 2386.69862  30.7%  80.2  210s
 104672 15718 infeasible   41      3445.69000 2389.34611  30.7%  80.4  215s
 106845 15650 2627.72928   56   64 3445.69000 2391.56984  30.6%  80.7  220s
 109158 15463 2596.26226   57   62 3445.69000 2393.95247  30.5%  80.9  225s
 111918 15313     cutoff   61      3445.69000 2396.85021  30.4%  81.1  230s
 114672 15134 2544.44589   59   79 3445.69000 2399.66420  30.4%  81.4  235s
 117359 14751 2682.83299   51   63 3445.69000 2403.00741  30.3%  81.7  240s
 119858 14444 infeasible   50      3445.69000 2406.01002  30.2%  81.9  245s
 122243 14118 infeasible   51      3445.69000 2408.70029  30.1%  82.1  250s
 124869 13727 2946.57443   56   61 3445.69000 2411.84256  30.0%  82.3  255s
 127311 13324 2714.00942   59   49 3445.69000 2414.83640  29.9%  82.6  260s
 129614 12833 2670.03695   47   84 3445.69000 2418.06505  29.8%  82.8  265s
 132153 12380 2628.68020   57   85 3445.69000 2421.53813  29.7%  83.0  270s
 133923 12014     cutoff   70      3445.69000 2424.29794  29.6%  83.1  275s
 136087 11561 2439.15067   64   53 3445.69000 2427.96959  29.5%  83.2  280s
 138310 10958 2824.96938   76   72 3445.69000 2432.37144  29.4%  83.4  285s
 140953 10212 2452.13655   52   72 3445.69000 2438.18812  29.2%  83.5  290s
 143308  9422     cutoff   58      3445.69000 2445.02292  29.0%  83.8  295s
 145875  8523     cutoff   74      3445.69000 2454.88415  28.8%  83.9  300s
 148294  7459 2930.84529   50   48 3445.69000 2474.35016  28.2%  84.1  305s
 151050  6543 3411.63021   60   47 3445.69000 2611.00613  24.2%  84.1  310s
 153687  5585 infeasible   42      3445.69000 3012.22229  12.6%  84.0  315s
 156389  5964 3292.62772   41   25 3445.69000 3261.51460  5.35%  84.1  320s
 159284  6969 3341.99976   51   32 3445.69000 3275.34476  4.94%  84.2  325s
 162737  7987 3381.96472   55   60 3445.69000 3283.36794  4.71%  84.3  330s
 165174  8591 infeasible   68      3445.69000 3287.54967  4.59%  84.5  335s
 167954  9372 infeasible   45      3445.69000 3291.68762  4.47%  84.7  340s
 170623  9976     cutoff   48      3445.69000 3295.57826  4.36%  84.9  345s
 173786 10691     cutoff   55      3445.69000 3299.65842  4.24%  85.2  350s
 175477 11058 3312.16702   52   36 3445.69000 3301.69159  4.18%  85.3  355s
 178616 11699 3375.45667   47   58 3445.69000 3305.13815  4.08%  85.5  360s
 180334 12035 infeasible   45      3445.69000 3306.93147  4.03%  85.7  365s
 183296 12459 3366.10396   45   27 3445.69000 3310.41949  3.93%  86.0  370s
 186075 12711 3347.05362   56   38 3445.69000 3313.15502  3.85%  86.2  375s
 188492 12898 infeasible   45      3445.69000 3315.73547  3.77%  86.5  380s
 191365 13225 infeasible   48      3445.69000 3318.45883  3.69%  86.7  385s
 194102 13439     cutoff   52      3445.69000 3321.23356  3.61%  86.9  390s
 196797 13526 3364.44177   49   44 3445.69000 3323.95584  3.53%  87.0  395s
 199289 13583 infeasible   52      3445.69000 3326.43178  3.46%  87.2  400s
 201754 13609     cutoff   47      3445.69000 3328.96412  3.39%  87.4  405s
 204387 13556 infeasible   62      3445.69000 3331.80978  3.31%  87.6  410s
 206319 13417 3395.03711   40   52 3445.69000 3333.99314  3.24%  87.8  415s
 208863 13300 3336.90630   45   52 3445.69000 3336.90630  3.16%  87.9  420s
 211304 12991 3340.04320   46   47 3445.69000 3340.00250  3.07%  88.2  425s
 213593 12755 infeasible   57      3445.69000 3342.55014  2.99%  88.3  430s
 216271 12448 infeasible   43      3445.69000 3345.62381  2.90%  88.4  435s
 218554 12123     cutoff   53      3445.69000 3348.32181  2.83%  88.6  440s
 220826 11758 infeasible   53      3445.69000 3351.01412  2.75%  88.7  445s
 223676 11300 infeasible   59      3445.69000 3354.11029  2.66%  88.8  450s
 225303 10948 infeasible   48      3445.69000 3356.13629  2.60%  88.9  455s
 227966 10445     cutoff   58      3445.69000 3359.01171  2.52%  89.1  460s
 230178  9962 infeasible   47      3445.69000 3361.85108  2.43%  89.2  465s
 232792  9371 3374.07669   49   35 3445.69000 3365.34554  2.33%  89.3  470s
 235255  8729 infeasible   60      3445.69000 3368.80984  2.23%  89.4  475s
 238182  8101     cutoff   45      3445.69000 3372.46443  2.13%  89.5  480s
 240556  7411 3393.51317   60   44 3445.69000 3375.87705  2.03%  89.5  485s
 243212  6573 3404.90493   54   33 3445.69000 3379.98650  1.91%  89.6  490s
 246002  5540 infeasible   56      3445.69000 3384.71361  1.77%  89.6  495s
 249131  4232 3415.10724   56   54 3445.69000 3391.36536  1.58%  89.6  500s
 252105  2778     cutoff   49      3445.69000 3399.80256  1.33%  89.5  505s
 256094   365     cutoff   64      3445.69000 3426.74174  0.55%  89.1  510s

Cutting planes:
  Gomory: 4
  Cover: 5
  Implied bound: 40
  Clique: 8
  MIR: 24
  Flow cover: 27
  GUB cover: 2
  Zero half: 37
  Mod-K: 1

Explored 256571 nodes (22837126 simplex iterations) in 510.28 seconds
Thread count was 4 (of 4 available processors)

Optimal solution found (tolerance 1.00e-04)
Best objective 3.445690000000e+03, best bound 3.445690000000e+03, gap 0.0%
k_c1	22.0
k_c10	4.0
k_c11	14.0
k_c2	14.0
k_c3	6.0
k_c4	10.0
k_c5	15.0
k_c6	19.0
k_c7	23.0
k_c8	20.0
k_c9	9.0
k_dN	0.0
o_1	1.0
o_10	0.0
o_11	0.0
o_2	0.0
o_3	0.0
o_4	1.0
o_5	1.0
o_6	0.0
o_7	0.0
o_8	0.0
o_9	0.0
p_1	1.0
p_10	0.0
p_11	0.0
p_2	0.0
p_3	0.0
p_4	1.0
p_5	1.0
p_6	0.0
p_7	0.0
p_8	0.0
p_9	1.0
phi_c1	1.0
phi_c10	2.0
phi_c11	3.0
phi_c2	1.0
phi_c3	2.0
phi_c4	0.0
phi_c5	0.0
phi_c6	4.0
phi_c7	4.0
phi_c8	3.0
phi_c9	1.0
phi_dN	0.0
pi_c1	18.0
pi_c10	0.0
pi_c11	0.0
pi_c2	0.0
pi_c3	0.0
pi_c4	9.0
pi_c5	14.0
pi_c6	20.0
pi_c7	0.0
pi_c8	20.0
pi_c9	4.0
pi_dN	0.0
tauD_c1	9.0
tauD_c10	85.0
tauD_c11	50.0
tauD_c2	40.0
tauD_c3	78.0
tauD_c4	53.0
tauD_c5	30.0
tauD_c6	25.0
tauD_c7	2.0
tauD_c8	8.0
tauD_c9	62.0
tauD_d0	0.0
tauD_dN	100.0
tauS_c1	7.0
tauS_c10	0.0
tauS_c11	79.0
tauS_c2	12.0
tauS_c3	5.0
tauS_c4	50.0
tauS_c5	28.0
tauS_c6	39.0
tauS_c7	27.0
tauS_c8	2.0
tauS_c9	65.0
tauS_d0	0.0
tauS_dN	81.0
x_c10_dN	1.0
x_c11_c9	1.0
x_c1_c6	1.0
x_c2_c4	1.0
x_c3_dN	1.0
x_c4_c3	1.0
x_c5_c11	1.0
x_c6_c2	1.0
x_c7_c1	1.0
x_c8_c5	1.0
x_c9_c10	1.0
x_d0_c7	1.0
x_d0_c8	1.0
z_c1_c5	1.0
z_c4_c9	1.0
z_c5_c4	1.0
z_c9_dN	1.0
z_d0_c1	1.0
