
Gurobi 6.0.4 (win64) logging started 06/15/15 00:51:26

Read LP format model from file E:\Eigene Dateien\Downloads\Michi shit\VRPTWMS-master\VRPTWMS\instances\mip\fuel\N11-C_DV100-C_SV25_F5_13_No_1.lp
Reading time = 0.01 seconds
(null): 738 rows, 349 columns, 3182 nonzeros
Optimize a model with 738 rows, 349 columns and 3182 nonzeros
Model has 1452 quadratic constraints
WARNING: Only barrier available for SOCP models
Coefficient statistics:
  Matrix range    [1e+00, 1e+02]
  Objective range [3e+00, 1e+03]
  Bounds range    [1e+00, 1e+02]
  RHS range       [1e+00, 1e+02]
Presolve removed 68 rows and 38 columns
Presolve time: 0.11s
Presolved: 3022 rows, 1530 columns, 15225 nonzeros
Variable types: 1130 continuous, 400 integer (342 binary)
Optimize a model with 3022 rows, 1530 columns and 15225 nonzeros
Coefficient statistics:
  Matrix range    [7e-01, 1e+02]
  Objective range [3e+00, 1e+03]
  Bounds range    [1e+00, 1e+02]
  RHS range       [1e+00, 1e+02]

Concurrent LP optimizer: dual simplex and barrier
Showing barrier log only...

Presolve removed 275 rows and 178 columns
Presolved: 2747 rows, 1352 columns, 13975 nonzeros

Root barrier log...

Ordering time: 0.01s

Barrier performed 0 iterations in 0.14 seconds
Barrier solve interrupted - model solved by another algorithm


Solved with dual simplex
Solved in 187 iterations and 0.14 seconds
Optimal objective  4.209078597e+02

Root relaxation: objective 4.209079e+02, 187 iterations, 0.03 seconds

    Nodes    |    Current Node    |     Objective Bounds      |     Work
 Expl Unexpl |  Obj  Depth IntInf | Incumbent    BestBd   Gap | It/Node Time

     0     0  420.90786    0   46          -  420.90786      -     -    0s
     0     0 1132.89090    0   39          - 1132.89090      -     -    0s
     0     0 1138.60272    0   37          - 1138.60272      -     -    0s
     0     0 1143.85086    0   32          - 1143.85086      -     -    0s
     0     0 1147.43000    0   26          - 1147.43000      -     -    0s
     0     0 1149.77091    0   41          - 1149.77091      -     -    0s
     0     0 1149.91556    0   43          - 1149.91556      -     -    0s
     0     0 1149.91556    0   40          - 1149.91556      -     -    0s
     0     0 1149.91556    0   38          - 1149.91556      -     -    0s
     0     0 1149.91556    0   38          - 1149.91556      -     -    0s
     0     0 1149.91556    0   38          - 1149.91556      -     -    0s
H    0     0                    6355.1000000 1149.91556  81.9%     -    0s
     0     0 1149.91556    0   38 6355.10000 1149.91556  81.9%     -    0s
H    0     0                    5312.8700000 1149.91556  78.4%     -    0s
     0     2 1149.91556    0   38 5312.87000 1149.91556  78.4%     -    0s
H  293   219                    4326.8100000 1158.92333  73.2%  35.4    0s
H  336   239                    4304.8300000 1158.92333  73.1%  34.5    0s
H  612   412                    4275.9200000 1175.27786  72.5%  31.7    0s
H  754   402                    3256.2800000 1175.27786  63.9%  31.5    0s
H 1029   567                    3249.3900000 1190.12500  63.4%  30.3    1s
H 1031   539                    3244.8700000 1190.12500  63.3%  30.2    1s
H 1043   519                    3237.3300000 2167.93872  33.0%  29.9    2s
H 1061   506                    3232.6700000 2168.66202  32.9%  32.3    4s
  1073   516 2177.16326   23   48 3232.67000 2169.78306  32.9%  33.7    5s
H 3015  1190                    3227.0000000 2177.87548  32.5%  38.7    8s
  4714  2278 3212.54754   54   23 3227.00000 2180.25669  32.4%  36.4   10s
* 5679  2842              85    3223.8600000 2181.22199  32.3%  34.6   10s
 11237  6231 2206.33007   44   35 3223.86000 2185.82980  32.2%  33.0   15s
 15665  8553 2207.00519   47   34 3223.86000 2188.45829  32.1%  34.0   20s
 20006 10737     cutoff   60      3223.86000 2190.57750  32.1%  35.1   25s
 21005 11207 3151.86591   79   38 3223.86000 2191.13084  32.0%  35.8   30s
 21024 11220 2278.11493   36   60 3223.86000 2191.13084  32.0%  35.8   35s
 21679 11415 2216.38877   62   60 3223.86000 2191.13084  32.0%  36.3   40s
 27754 13200 infeasible   66      3223.86000 2191.13084  32.0%  36.4   45s
 30816 13697 2316.25429   65   44 3223.86000 2191.13084  32.0%  38.6   50s
 33009 13974 2227.21822   69   77 3223.86000 2191.13084  32.0%  40.2   55s
 35565 14195     cutoff   52      3223.86000 2192.97363  32.0%  42.1   60s
 37928 14365 2277.37158   70   95 3223.86000 2194.69487  31.9%  43.8   65s
 40911 14574 2198.48400   41   42 3223.86000 2196.87720  31.9%  46.0   70s
 43150 14671 infeasible   66      3223.86000 2198.21079  31.8%  47.3   75s
 45482 14638 2377.16771   77   48 3223.86000 2199.94026  31.8%  48.7   80s
 48100 14691 2229.87815   64   47 3223.86000 2201.48065  31.7%  50.4   85s
 50873 14615 2219.54867   53   34 3223.86000 2203.18373  31.7%  52.0   90s
 52941 14470 infeasible   80      3223.86000 2204.29768  31.6%  53.3   95s
 55318 14635 infeasible   63      3223.86000 2205.60493  31.6%  54.6  100s
 57348 15144 2254.34696   66   49 3223.86000 2206.49535  31.6%  55.6  105s
 59213 15554 2411.50978   71   58 3223.86000 2207.64426  31.5%  56.5  110s
 61495 15999     cutoff   68      3223.86000 2208.89699  31.5%  57.7  115s
 64269 16631 2339.60033   50   41 3223.86000 2210.18336  31.4%  58.9  120s
 65982 17003 infeasible   61      3223.86000 2210.93195  31.4%  59.8  125s
 68643 17445 2267.25286   60   72 3223.86000 2212.24142  31.4%  60.9  130s
 70531 17730 2613.88612   68   56 3223.86000 2213.03973  31.4%  61.7  135s
 72414 18089 2271.82670   59  107 3223.86000 2213.61000  31.3%  62.4  140s
 74806 18289 infeasible   53      3223.86000 2214.82476  31.3%  63.6  145s
 76668 18606 infeasible   56      3223.86000 2215.61162  31.3%  64.3  150s
 78367 18807     cutoff   68      3223.86000 2216.25110  31.3%  65.1  155s
 80603 18920 infeasible   53      3223.86000 2217.38091  31.2%  66.2  160s
 82076 19030 infeasible   64      3223.86000 2217.94086  31.2%  66.8  165s
 84314 19237 infeasible   51      3223.86000 2218.94931  31.2%  67.7  170s
 86069 19387     cutoff   73      3223.86000 2219.70228  31.1%  68.3  175s
 88199 19526 2280.37563   54   70 3223.86000 2220.63984  31.1%  69.2  180s
 90300 19626     cutoff   56      3223.86000 2221.54454  31.1%  70.0  185s
 91893 19653     cutoff   73      3223.86000 2222.22838  31.1%  70.5  190s
 94172 19772 infeasible   49      3223.86000 2223.32820  31.0%  71.3  195s
 96388 19727 2250.02055   58   99 3223.86000 2224.51005  31.0%  72.1  200s
 98247 19757 2422.34853   62   21 3223.86000 2225.43315  31.0%  72.7  205s
 100499 19825 infeasible   54      3223.86000 2226.52857  30.9%  73.3  210s
 102463 19938 2256.22382   70   62 3223.86000 2227.47459  30.9%  74.0  215s
 104431 19884 infeasible   60      3223.86000 2228.51969  30.9%  74.6  220s
 106419 19830     cutoff   82      3223.86000 2229.55084  30.8%  75.4  225s
 108656 19909 2294.26166   67   82 3223.86000 2230.44817  30.8%  76.0  230s
 110747 19958     cutoff   47      3223.86000 2231.46477  30.8%  76.7  235s
 112875 19984     cutoff   71      3223.86000 2232.38218  30.8%  77.3  240s
 115006 20029 2328.16947   97   44 3223.86000 2233.26633  30.7%  77.8  245s
 117111 19930 infeasible   60      3223.86000 2234.14461  30.7%  78.4  250s
 119021 19834 2335.27318   53   43 3223.86000 2235.08704  30.7%  79.0  255s
 121070 19788 infeasible   58      3223.86000 2235.98601  30.6%  79.6  260s
 123079 19747 2278.59612   54   54 3223.86000 2236.90741  30.6%  80.1  265s
 124973 19651 infeasible   46      3223.86000 2237.76935  30.6%  80.6  270s
 127196 19557 2242.92852   55   96 3223.86000 2238.86392  30.6%  81.1  275s
 129164 19496 2285.66415   70   67 3223.86000 2239.78277  30.5%  81.7  280s
 130955 19222 2313.64408   69   62 3223.86000 2240.69771  30.5%  82.2  285s
 132862 19055 2254.93520   57   74 3223.86000 2241.57511  30.5%  82.7  290s
 134751 18889 infeasible   59      3223.86000 2242.41264  30.4%  83.2  295s
 136844 18675 2296.70276   61  100 3223.86000 2243.46074  30.4%  83.7  300s
 138684 18504 2257.92202   72   62 3223.86000 2244.30409  30.4%  84.2  305s
 140577 18366 infeasible   52      3223.86000 2245.14094  30.4%  84.7  310s
 142527 18081     cutoff   49      3223.86000 2246.20965  30.3%  85.2  315s
 144396 17909 infeasible   59      3223.86000 2247.13000  30.3%  85.6  320s
 145992 17632     cutoff   66      3223.86000 2247.98030  30.3%  86.0  325s
 148080 17429 infeasible   66      3223.86000 2249.09284  30.2%  86.4  330s
 149716 17237 infeasible   67      3223.86000 2249.88399  30.2%  86.8  335s
 151721 16948 2261.60572   58   30 3223.86000 2251.03284  30.2%  87.3  340s
 153285 16677     cutoff   67      3223.86000 2251.91764  30.1%  87.7  345s
 154947 16496     cutoff   81      3223.86000 2252.84491  30.1%  88.1  350s
 156485 16181 infeasible   53      3223.86000 2253.67939  30.1%  88.5  355s
 157865 15919     cutoff   50      3223.86000 2254.58550  30.1%  88.8  360s
 159590 15579     cutoff   50      3223.86000 2255.62000  30.0%  89.3  365s
 161132 15259 infeasible   68      3223.86000 2256.60455  30.0%  89.6  370s
 162353 14931 infeasible   59      3223.86000 2257.40073  30.0%  89.9  375s
 164131 14584 infeasible   68      3223.86000 2258.47907  29.9%  90.3  380s
 165877 14177 2260.39125   51   62 3223.86000 2259.72571  29.9%  90.7  385s
 167557 13797     cutoff   56      3223.86000 2260.97481  29.9%  91.1  390s
 168944 13460 2314.70948   56   58 3223.86000 2261.95681  29.8%  91.4  395s
 170392 13058 2276.32767   55   70 3223.86000 2263.00351  29.8%  91.8  400s
 171918 12629 2285.76036   76   74 3223.86000 2264.28876  29.8%  92.2  405s
 173131 12235 infeasible   61      3223.86000 2265.39398  29.7%  92.5  410s
 174521 11755 2277.69665   58   75 3223.86000 2266.82950  29.7%  92.8  415s
 175954 11330 2285.91444   71   54 3223.86000 2268.22492  29.6%  93.1  420s
 177322 10875     cutoff   70      3223.86000 2269.65089  29.6%  93.5  425s
 178934 10314 infeasible   64      3223.86000 2271.40440  29.5%  93.8  430s
 180386  9870     cutoff   63      3223.86000 2273.03101  29.5%  94.2  435s
 181743  9538 2467.86598   73   97 3223.86000 2274.27824  29.5%  94.4  440s
 183278  9081 infeasible   63      3223.86000 2275.91558  29.4%  94.7  445s
 185059  8581 infeasible   68      3223.86000 2277.89635  29.3%  95.1  450s
 186567  8132 infeasible   74      3223.86000 2279.71909  29.3%  95.4  455s
 188270  7509     cutoff   53      3223.86000 2282.15161  29.2%  95.8  460s
 189910  7002 infeasible   70      3223.86000 2284.64956  29.1%  96.1  465s
 191435  6467 infeasible   62      3223.86000 2287.31840  29.1%  96.4  470s
 193019  5807 2323.52975   64   83 3223.86000 2290.37223  29.0%  96.7  475s
 194520  5138 infeasible   65      3223.86000 2293.78131  28.8%  97.1  480s
 196081  4486 infeasible   71      3223.86000 2298.06659  28.7%  97.4  485s
 197585  3795 infeasible   64      3223.86000 2303.55277  28.5%  97.7  490s
 199126  3025 infeasible   70      3223.86000 2311.25861  28.3%  98.0  495s
 200777  2196 infeasible   74      3223.86000 2327.24880  27.8%  98.2  500s
 202582  1445     cutoff   69      3223.86000 2387.37286  25.9%  98.4  505s
 204403  1267 2504.01628   64   88 3223.86000 2457.97306  23.8%  98.5  510s

Cutting planes:
  Learned: 14
  Gomory: 28
  Cover: 499
  Implied bound: 530
  Clique: 8
  MIR: 114
  Flow cover: 204
  GUB cover: 11
  Zero half: 51
  Mod-K: 2

Explored 206629 nodes (20271848 simplex iterations) in 513.01 seconds
Thread count was 4 (of 4 available processors)

Optimal solution found (tolerance 1.00e-04)
Best objective 3.223860000000e+03, best bound 3.223860000000e+03, gap 0.0%
k_c1	14.0
k_c10	100.0
k_c11	17.0
k_c2	15.0
k_c3	7.0
k_c4	2.0
k_c5	11.0
k_c6	100.0
k_c7	7.0
k_c8	97.0
k_c9	92.0
k_dN	0.0
o_1	0.0
o_10	0.0
o_11	0.0
o_2	0.0
o_3	0.0
o_4	0.0
o_5	0.0
o_6	0.0
o_7	0.0
o_8	1.0
o_9	0.0
p_1	0.0
p_10	0.0
p_11	0.0
p_2	0.0
p_3	0.0
p_4	0.0
p_5	1.0
p_6	0.0
p_7	0.0
p_8	1.0
p_9	0.0
phi_c1	3.0
phi_c10	4.0
phi_c11	3.0
phi_c2	1.0
phi_c3	2.0
phi_c4	3.0
phi_c5	0.0
phi_c6	4.0
phi_c7	4.0
phi_c8	3.0
phi_c9	4.0
phi_dN	0.0
pi_c1	0.0
pi_c10	0.0
pi_c11	0.0
pi_c2	0.0
pi_c3	0.0
pi_c4	0.0
pi_c5	5.0
pi_c6	0.0
pi_c7	0.0
pi_c8	7.0
pi_c9	0.0
pi_dN	0.0
tauD_c1	50.0
tauD_c10	10.0
tauD_c11	25.0
tauD_c2	45.0
tauD_c3	70.0
tauD_c4	76.0
tauD_c5	50.0
tauD_c6	4.0
tauD_c7	65.0
tauD_c8	22.0
tauD_c9	45.0
tauD_d0	0.0
tauD_dN	100.0
tauS_c1	0.0
tauS_c10	0.0
tauS_c11	2.0
tauS_c2	81.0
tauS_c3	85.0
tauS_c4	82.0
tauS_c5	39.0
tauS_c6	2.0
tauS_c7	8.0
tauS_c8	4.0
tauS_c9	0.0
tauS_d0	0.0
tauS_dN	68.0
x_c10_c8	1.0
x_c11_c2	1.0
x_c1_c3	1.0
x_c2_c5	1.0
x_c3_dN	1.0
x_c4_dN	1.0
x_c5_c7	1.0
x_c6_c11	1.0
x_c7_c4	1.0
x_c8_c9	1.0
x_c9_c1	1.0
x_d0_c10	1.0
x_d0_c6	1.0
z_c5_dN	1.0
z_c8_c5	1.0
z_d0_c8	1.0
