
Gurobi 6.0.4 (win64) logging started 06/15/15 00:59:59

Read LP format model from file E:\Eigene Dateien\Downloads\Michi shit\VRPTWMS-master\VRPTWMS\instances\mip\fuel\N11-C_DV100-C_SV25_F5_14_No_1.lp
Reading time = 0.01 seconds
(null): 738 rows, 349 columns, 3182 nonzeros
Optimize a model with 738 rows, 349 columns and 3182 nonzeros
Model has 1452 quadratic constraints
WARNING: Only barrier available for SOCP models
Coefficient statistics:
  Matrix range    [1e+00, 1e+02]
  Objective range [5e+00, 1e+03]
  Bounds range    [1e+00, 1e+02]
  RHS range       [1e+00, 1e+02]
Presolve removed 54 rows and 29 columns
Presolve time: 0.12s
Presolved: 3249 rows, 1651 columns, 16486 nonzeros
Variable types: 1234 continuous, 417 integer (359 binary)
Found heuristic solution: objective 11549.430000
Optimize a model with 3249 rows, 1651 columns and 16486 nonzeros
Coefficient statistics:
  Matrix range    [1e+00, 1e+02]
  Objective range [5e+00, 1e+03]
  Bounds range    [6e-01, 1e+02]
  RHS range       [1e+00, 1e+02]

Concurrent LP optimizer: dual simplex and barrier
Showing barrier log only...

Presolve removed 270 rows and 180 columns
Presolved: 2979 rows, 1473 columns, 15366 nonzeros

Root barrier log...

Ordering time: 0.01s

Barrier performed 0 iterations in 0.15 seconds
Barrier solve interrupted - model solved by another algorithm


Solved with dual simplex
Solved in 130 iterations and 0.15 seconds
Optimal objective  1.869381336e+02

Root relaxation: objective 1.869381e+02, 130 iterations, 0.03 seconds

    Nodes    |    Current Node    |     Objective Bounds      |     Work
 Expl Unexpl |  Obj  Depth IntInf | Incumbent    BestBd   Gap | It/Node Time

     0     0  186.93813    0   38 11549.4300  186.93813  98.4%     -    0s
H    0     0                    10538.750000  186.93813  98.2%     -    0s
     0     0 1163.51962    0   49 10538.7500 1163.51962  89.0%     -    0s
H    0     0                    9475.2300000 1163.51962  87.7%     -    0s
     0     0 1168.07097    0   32 9475.23000 1168.07097  87.7%     -    0s
H    0     0                    8472.1400000 1168.07097  86.2%     -    0s
     0     0 1168.07097    0   32 8472.14000 1168.07097  86.2%     -    0s
     0     0 1168.07097    0   31 8472.14000 1168.07097  86.2%     -    0s
     0     0 1168.07282    0   30 8472.14000 1168.07282  86.2%     -    0s
     0     0 1168.07282    0   29 8472.14000 1168.07282  86.2%     -    0s
H    0     0                    4316.8200000 1168.07282  72.9%     -    0s
     0     0 1168.07282    0   33 4316.82000 1168.07282  72.9%     -    0s
     0     0 1168.07635    0   31 4316.82000 1168.07635  72.9%     -    0s
     0     0 1168.07635    0   31 4316.82000 1168.07635  72.9%     -    0s
     0     2 1168.07635    0   31 4316.82000 1168.07635  72.9%     -    0s
H 1010   638                    4287.1300000 1183.21907  72.4%  26.9    1s
  1501   861 2307.79264   28   64 4287.13000 1189.01726  72.3%  38.7    5s
H 2251  1052                    3328.2600000 1195.48191  64.1%  45.2    7s
H 2316  1072                    3326.8700000 1195.48191  64.1%  45.6    8s
  3191  1373 1643.01604   17   61 3326.87000 1201.82596  63.9%  48.3   10s
H 6605  3089                    3322.0900000 1216.75371  63.4%  53.7   14s
  6672  3103 2326.06173   34   43 3322.09000 1216.84291  63.4%  53.7   15s
  9747  4494 2353.90029   44   42 3322.09000 1221.60782  63.2%  54.9   20s
 12722  5754 2293.63378   31   40 3322.09000 1226.92232  63.1%  55.3   25s
 15758  7094 infeasible   52      3322.09000 1233.72044  62.9%  56.1   30s
 19343  8514 infeasible   21      3322.09000 1241.17787  62.6%  56.6   35s
 20742  9082 2323.67160   32   31 3322.09000 1244.19843  62.5%  56.8   44s
 20747  9085 2865.25442   39   58 3322.09000 1244.19843  62.5%  56.8   45s
 20760  9094 2254.84080   32   64 3322.09000 1244.19843  62.5%  56.8   50s
 20773  9103 2285.93995   39   68 3322.09000 1244.19843  62.5%  56.7   55s
 20785  9111 2262.28177   41   78 3322.09000 1244.19843  62.5%  56.7   60s
 20797  9119 2244.91574   32   80 3322.09000 1244.19843  62.5%  56.7   65s
 20810  9127 2258.93971   31   77 3322.09000 1244.19843  62.5%  56.6   70s
 20822  9135 2323.67160   32   78 3322.09000 1244.19843  62.5%  56.6   75s
 20834  9143 2309.61760   46   72 3322.09000 1244.19843  62.5%  56.6   80s
 20856  9161 1244.19843   29   34 3322.09000 1244.19843  62.5%  55.6   85s
 22007  9584 1298.52235   43   55 3322.09000 1244.19843  62.5%  55.7   90s
 25546 10708 2311.37967   41   67 3322.09000 1244.19843  62.5%  56.6   95s
 29543 11608 2313.18506   45   39 3322.09000 1244.19843  62.5%  58.0  101s
 32538 12253 1546.83595   42   46 3322.09000 1244.19843  62.5%  58.5  105s
 37285 13306 2377.20247   48   64 3322.09000 1244.19843  62.5%  58.1  110s
 41323 13830 3311.67208   44   56 3322.09000 1244.19843  62.5%  58.7  116s
 45520 14491     cutoff   59      3322.09000 1244.19843  62.5%  58.4  120s
 48846 14989 2318.10582   46   47 3322.09000 1244.19843  62.5%  58.9  125s
 53148 16957     cutoff   53      3322.09000 1251.30286  62.3%  58.9  130s
 57165 18713 2389.91738   56   50 3322.09000 1260.95368  62.0%  58.9  135s
 61092 20201 2686.88385   64   63 3322.09000 1271.27275  61.7%  58.8  140s
 65520 21718 3280.09806   48   33 3322.09000 1288.99873  61.2%  58.7  145s
 69792 23292 2410.92549   59   59 3322.09000 1312.08237  60.5%  58.6  150s
 74238 24809     cutoff   55      3322.09000 1360.50382  59.0%  58.2  155s
 79210 26630 2266.36960   47   26 3322.09000 1414.15715  57.4%  57.5  160s
 83503 27761     cutoff   54      3322.09000 1475.85963  55.6%  57.2  165s
 88868 29019     cutoff   56      3322.09000 1559.58098  53.1%  56.6  170s
 92930 29987 2469.04999   52   50 3322.09000 1646.85420  50.4%  56.4  175s
 98093 31238 infeasible   43      3322.09000 1806.88433  45.6%  55.8  180s
 103117 32581 infeasible   58      3322.09000 2047.15612  38.4%  55.4  185s
 108562 35126 2470.20399   52   48 3322.09000 2193.09008  34.0%  54.8  190s
 113517 37356 2422.22426   49   42 3322.09000 2194.80968  33.9%  54.4  195s
 119599 40631 2345.77325   46   48 3322.09000 2200.15177  33.8%  53.5  200s
H121568 41112                    3317.9500000 2201.43000  33.7%  53.3  201s
 124109 42116     cutoff   51      3317.95000 2204.36325  33.6%  53.3  205s
 128146 43353 2257.32270   45   42 3317.95000 2208.01559  33.5%  53.4  210s
 131522 44491 2291.95276   58   45 3317.95000 2210.13983  33.4%  53.5  215s
 133082 45082 infeasible   59      3317.95000 2211.10936  33.4%  53.5  220s
H133875 44616                    3313.6200000 2211.55032  33.3%  53.6  223s
 134657 44825     cutoff   45      3313.62000 2212.02362  33.2%  53.6  225s
 137924 45721 2314.44372   34   45 3313.62000 2214.15106  33.2%  53.6  230s
 142075 46956 infeasible   49      3313.62000 2216.15743  33.1%  53.8  235s
 145827 48089 2228.10022   45   47 3313.62000 2218.02432  33.1%  53.8  240s
 148968 49049 2250.97521   49   49 3313.62000 2219.29150  33.0%  53.9  245s
H151973 46580                    3292.2600000 2220.49225  32.6%  53.9  248s
 152576 46704 2272.84449   49   47 3292.26000 2220.83975  32.5%  53.9  250s
 156570 47542 3273.93776   60   36 3292.26000 2222.72149  32.5%  53.9  255s
 160488 48514     cutoff   59      3292.26000 2224.48890  32.4%  54.0  260s
 164524 49422 2265.09102   38   39 3292.26000 2226.06929  32.4%  54.1  265s
 168344 50310 2233.39294   58   56 3292.26000 2227.64262  32.3%  54.2  270s
 172188 51034 2339.58126   60   45 3292.26000 2228.97849  32.3%  54.3  275s
 175897 51768 3259.27125   61   24 3292.26000 2230.42471  32.3%  54.4  280s
 180089 52539 2286.87966   60   33 3292.26000 2231.82381  32.2%  54.5  285s
 182861 53124 2268.27772   52   44 3292.26000 2232.63397  32.2%  54.6  290s
H182896 52538                    3288.7500000 2232.63397  32.1%  54.6  290s
 186607 53281 2324.42924   50   46 3288.75000 2233.66224  32.1%  54.8  295s
 190008 53910     cutoff   50      3288.75000 2234.59540  32.1%  54.9  300s
*192986 54354              57    3288.2700000 2235.47380  32.0%  55.0  304s
 193428 54417     cutoff   48      3288.27000 2235.60813  32.0%  55.0  305s
 197026 55229 2343.35107   36   61 3288.27000 2236.67681  32.0%  55.2  310s
 200714 56000 infeasible   53      3288.27000 2237.63368  32.0%  55.2  315s
 204741 56779 2286.02518   50   34 3288.27000 2238.79208  31.9%  55.4  320s
 208571 57509 2324.34563   61   52 3288.27000 2239.86979  31.9%  55.5  325s
 212007 58005 infeasible   58      3288.27000 2240.65000  31.9%  55.7  330s
 215660 58735 infeasible   61      3288.27000 2241.49622  31.8%  55.9  335s
 219360 59311 infeasible   58      3288.27000 2242.43366  31.8%  56.1  340s
H220267 57382                    3272.8800000 2242.71364  31.5%  56.1  341s
 221727 57528     cutoff   40      3272.88000 2243.07707  31.5%  56.2  345s
 225059 57907 2279.14292   62   41 3272.88000 2243.96654  31.4%  56.4  350s
 228323 58258     cutoff   55      3272.88000 2244.98527  31.4%  56.6  355s
 231995 58740 2271.78722   57   74 3272.88000 2246.01435  31.4%  56.8  360s
 235310 59176     cutoff   55      3272.88000 2246.87074  31.3%  57.0  365s
 238797 59576 2459.00041   54   37 3272.88000 2247.83221  31.3%  57.2  370s
 242267 59911 infeasible   51      3272.88000 2248.74355  31.3%  57.5  375s
 245303 60194 infeasible   51      3272.88000 2249.55869  31.3%  57.7  380s
 248869 60664 2353.34103   43   53 3272.88000 2250.47812  31.2%  57.9  385s
 252298 61164     cutoff   55      3272.88000 2251.29371  31.2%  58.1  390s
H254372 61262                    3272.1600000 2251.83381  31.2%  58.2  393s
 254809 61334 2334.40566   43   49 3272.16000 2251.92000  31.2%  58.2  395s
 258139 61709 2252.77529   45   29 3272.16000 2252.77529  31.2%  58.4  400s
 261191 62011 infeasible   51      3272.16000 2253.49546  31.1%  58.6  405s
 264014 62255 2255.86062   46   59 3272.16000 2254.14570  31.1%  58.8  410s
 267479 62540 2291.14860   70   32 3272.16000 2254.91464  31.1%  59.0  415s
 270962 62831 2255.76633   60   51 3272.16000 2255.65617  31.1%  59.2  420s
 274012 63181 2345.60232   42   65 3272.16000 2256.40539  31.0%  59.3  425s
 277517 63459 2261.05183   43   42 3272.16000 2257.27775  31.0%  59.5  430s
 280890 63762     cutoff   54      3272.16000 2258.02268  31.0%  59.7  435s
 284290 63997     cutoff   67      3272.16000 2258.74648  31.0%  59.9  440s
 287262 64170 2280.74827   61   42 3272.16000 2259.41240  31.0%  60.1  445s
 290516 64395 infeasible   52      3272.16000 2260.15743  30.9%  60.3  450s
 293473 64613     cutoff   51      3272.16000 2260.76565  30.9%  60.4  455s
 296544 64716 infeasible   55      3272.16000 2261.43098  30.9%  60.7  460s
 299869 64941 infeasible   43      3272.16000 2262.13569  30.9%  60.9  465s
 302497 64978 2280.49601   44   59 3272.16000 2262.73851  30.8%  61.1  470s
 305754 65183     cutoff   50      3272.16000 2263.43388  30.8%  61.2  475s
 308656 65388 2371.01346   56   48 3272.16000 2264.03356  30.8%  61.4  480s
 311386 65543 2265.19925   41   51 3272.16000 2264.58246  30.8%  61.5  485s
 314083 65587 2595.91391   59   36 3272.16000 2265.17400  30.8%  61.7  490s
 317361 65599 infeasible   56      3272.16000 2265.91244  30.8%  61.8  495s
 320713 65737 infeasible   55      3272.16000 2266.60334  30.7%  62.0  500s
 322855 65636 infeasible   50      3272.16000 2267.01354  30.7%  62.2  505s
 326023 65682 infeasible   55      3272.16000 2267.76231  30.7%  62.4  510s
 329193 65689 infeasible   56      3272.16000 2268.53610  30.7%  62.6  515s
 332481 65704 2322.57227   60   47 3272.16000 2269.23359  30.7%  62.7  520s
 335591 65670 2315.66239   58   71 3272.16000 2269.92529  30.6%  62.9  525s
 338336 65604 2286.21608   46   41 3272.16000 2270.64404  30.6%  63.0  530s
 341485 65577 2761.19031   62   57 3272.16000 2271.38425  30.6%  63.2  535s
 344446 65462 infeasible   46      3272.16000 2272.15077  30.6%  63.4  540s
 347255 65418 2285.32488   57   33 3272.16000 2272.77188  30.5%  63.5  545s
 350202 65394 infeasible   64      3272.16000 2273.41393  30.5%  63.7  550s
 353365 65392 2298.12014   51   47 3272.16000 2274.14273  30.5%  63.9  555s
 355800 65247     cutoff   61      3272.16000 2274.67121  30.5%  64.0  560s
 358955 65073 2456.15844   64   41 3272.16000 2275.36002  30.5%  64.1  565s
 360905 65016 infeasible   57      3272.16000 2275.84438  30.4%  64.3  570s
 363991 65013 infeasible   56      3272.16000 2276.54741  30.4%  64.4  575s
 367083 64957 2307.07897   58   52 3272.16000 2277.15933  30.4%  64.6  580s
 370043 64792 2287.06330   50   60 3272.16000 2277.81735  30.4%  64.8  585s
 373025 64683 infeasible   70      3272.16000 2278.45929  30.4%  64.9  590s
 375364 64563 2357.06393   45   47 3272.16000 2279.05390  30.4%  65.1  595s
 378306 64354     cutoff   63      3272.16000 2279.69958  30.3%  65.2  600s
 381139 64145     cutoff   68      3272.16000 2280.40022  30.3%  65.4  605s
 384110 63950 2330.11200   60   43 3272.16000 2281.09007  30.3%  65.5  610s
 386786 63672 2707.43900   48   34 3272.16000 2281.77982  30.3%  65.7  615s
 389251 63568     cutoff   48      3272.16000 2282.32103  30.3%  65.8  620s
 392267 63230 2336.35763   61   67 3272.16000 2283.19506  30.2%  65.9  625s
 395025 62861 2305.54583   40   37 3272.16000 2283.86224  30.2%  66.1  630s
 397766 62631     cutoff   51      3272.16000 2284.57795  30.2%  66.2  635s
 400065 62473     cutoff   52      3272.16000 2285.15943  30.2%  66.4  640s
 402941 62299 infeasible   44      3272.16000 2285.84446  30.1%  66.5  645s
 405766 62026 2423.40685   63   52 3272.16000 2286.57217  30.1%  66.6  650s
 408272 61667     cutoff   54      3272.16000 2287.30659  30.1%  66.8  655s
 411070 61438 2312.14493   50   38 3272.16000 2288.00945  30.1%  66.9  660s
 413672 61119 2695.04643   56   63 3272.16000 2288.76268  30.1%  67.1  665s
 415762 60822 2303.97042   48   53 3272.16000 2289.34013  30.0%  67.2  670s
 418788 60445 2290.19354   42   32 3272.16000 2290.19347  30.0%  67.3  675s
 421470 60081 infeasible   64      3272.16000 2290.87917  30.0%  67.4  680s
 424410 59790 2328.12079   58   41 3272.16000 2291.71873  30.0%  67.6  685s
 426818 59586 infeasible   61      3272.16000 2292.43136  29.9%  67.7  690s
 429486 59347 infeasible   67      3272.16000 2293.18102  29.9%  67.8  695s
 432309 58915 2340.59109   68   52 3272.16000 2294.03339  29.9%  67.9  700s
 434876 58477 2386.35234   52   44 3272.16000 2294.82069  29.9%  68.0  705s
 437216 58147 2396.50140   67   63 3272.16000 2295.60425  29.8%  68.1  710s
 439948 57713     cutoff   46      3272.16000 2296.48992  29.8%  68.3  715s
 442655 57261 infeasible   61      3272.16000 2297.35945  29.8%  68.4  720s
 444229 57107 2313.11164   45   31 3272.16000 2297.84476  29.8%  68.5  725s
 446790 56579     cutoff   47      3272.16000 2298.74334  29.7%  68.6  730s
 449531 56013 2299.88634   52   55 3272.16000 2299.78247  29.7%  68.8  735s
 451881 55608 2452.12337   61   49 3272.16000 2300.50486  29.7%  68.9  740s
 454437 55211     cutoff   61      3272.16000 2301.34997  29.7%  69.0  745s
 457163 54707 infeasible   53      3272.16000 2302.32911  29.6%  69.1  750s
 459600 54176     cutoff   49      3272.16000 2303.21514  29.6%  69.2  755s
 462302 53716 2345.02527   57   71 3272.16000 2304.18955  29.6%  69.3  760s
 464535 53249     cutoff   62      3272.16000 2304.94024  29.6%  69.4  765s
 467150 52797 2313.87968   63   54 3272.16000 2305.89152  29.5%  69.5  770s
 469605 52198 infeasible   56      3272.16000 2306.89880  29.5%  69.6  775s
 472453 51603     cutoff   50      3272.16000 2308.02337  29.5%  69.7  780s
 474486 51144 2350.11946   63   49 3272.16000 2308.80801  29.4%  69.8  785s
 477046 50650 infeasible   53      3272.16000 2309.80941  29.4%  69.9  790s
 479796 50284 2372.28570   57   48 3272.16000 2310.71996  29.4%  70.0  795s
 481952 49670 2352.41180   53   49 3272.16000 2311.63502  29.4%  70.1  800s
 484533 49146 2321.87187   55   74 3272.16000 2312.68134  29.3%  70.1  805s
 487002 48569 infeasible   56      3272.16000 2313.67539  29.3%  70.2  810s
 489671 47974 infeasible   61      3272.16000 2314.88702  29.3%  70.3  815s
 492071 47234     cutoff   59      3272.16000 2316.05544  29.2%  70.4  820s
 494414 46680 2405.78637   67   64 3272.16000 2317.14050  29.2%  70.5  825s
 497026 46018     cutoff   47      3272.16000 2318.44975  29.1%  70.6  830s
 499583 45310     cutoff   52      3272.16000 2319.72386  29.1%  70.7  835s
 502215 44714     cutoff   58      3272.16000 2320.93539  29.1%  70.8  840s
 504855 44067 infeasible   62      3272.16000 2322.18529  29.0%  70.8  845s
 507067 43494 infeasible   53      3272.16000 2323.30801  29.0%  70.9  850s
 509821 42601     cutoff   68      3272.16000 2324.89255  28.9%  71.0  855s
 512226 41899 infeasible   67      3272.16000 2326.24434  28.9%  71.1  860s
 514229 41340     cutoff   54      3272.16000 2327.40844  28.9%  71.1  865s
 516986 40470 2329.45094   59   46 3272.16000 2329.08483  28.8%  71.2  870s
 519446 39753 infeasible   52      3272.16000 2330.49711  28.8%  71.3  875s
 521949 39082 infeasible   59      3272.16000 2331.97540  28.7%  71.4  880s
 524076 38309 2340.64137   58   34 3272.16000 2333.43217  28.7%  71.4  885s
 526796 37404 2370.52883   60   48 3272.16000 2335.31185  28.6%  71.5  890s
 529509 36514 2472.40128   54   48 3272.16000 2337.30968  28.6%  71.6  895s
 532226 35716     cutoff   52      3272.16000 2339.11310  28.5%  71.7  900s
 534637 34953     cutoff   56      3272.16000 2340.76564  28.5%  71.7  905s
 537136 34041 infeasible   59      3272.16000 2342.85989  28.4%  71.8  910s
 539326 33400 infeasible   54      3272.16000 2344.41789  28.4%  71.9  915s
 541954 32468 2346.76376   52   48 3272.16000 2346.76376  28.3%  71.9  920s
 544772 31349 2390.73827   51   58 3272.16000 2349.44102  28.2%  72.0  925s
 547206 30485 infeasible   72      3272.16000 2351.59170  28.1%  72.1  930s
 549704 29688 infeasible   59      3272.16000 2353.89146  28.1%  72.1  935s
 552478 28663     cutoff   48      3272.16000 2356.81572  28.0%  72.2  940s
 554873 27747 2359.46931   41   39 3272.16000 2359.46931  27.9%  72.2  945s
 557556 26596     cutoff   50      3272.16000 2363.13423  27.8%  72.3  950s
 560254 25526     cutoff   69      3272.16000 2366.84948  27.7%  72.4  955s
 562363 24553 infeasible   73      3272.16000 2370.62770  27.6%  72.4  960s
 565171 23312 2468.44904   59   45 3272.16000 2376.03924  27.4%  72.5  965s
 568275 22007     cutoff   52      3272.16000 2381.96713  27.2%  72.5  970s
 570922 20936 2388.38899   59   54 3272.16000 2388.38899  27.0%  72.5  975s
 573668 19677 2397.22106   62   58 3272.16000 2396.89461  26.7%  72.5  980s
 576934 18279 infeasible   58      3272.16000 2409.84741  26.4%  72.5  985s
 580315 16773 infeasible   49      3272.16000 2429.89004  25.7%  72.4  990s
 583545 15339 2473.42861   67   67 3272.16000 2459.11998  24.8%  72.3  995s
 587662 13491 infeasible   72      3272.16000 2518.95673  23.0%  72.2 1000s
 592262 11113     cutoff   50      3272.16000 2627.62565  19.7%  71.9 1005s
 596643  8391     cutoff   88      3272.16000 2850.39804  12.9%  71.6 1010s
 602346  4855 3257.41274   42   39 3272.16000 3192.71125  2.43%  71.2 1015s
 606716  3556     cutoff   50      3272.16000 3238.81196  1.02%  70.9 1020s
 610793  1969     cutoff   50      3272.16000 3255.03889  0.52%  70.6 1025s

Cutting planes:
  Gomory: 11
  Cover: 3
  Implied bound: 8
  Clique: 3
  MIR: 9
  Flow cover: 6
  GUB cover: 2
  Zero half: 15

Explored 613770 nodes (43209308 simplex iterations) in 1026.78 seconds
Thread count was 4 (of 4 available processors)

Optimal solution found (tolerance 1.00e-04)
Best objective 3.272160000000e+03, best bound 3.272160000000e+03, gap 0.0%
k_c1	18.0
k_c10	15.0
k_c11	97.0
k_c2	10.0
k_c3	100.0
k_c4	6.0
k_c5	8.0
k_c6	14.0
k_c7	4.0
k_c8	12.0
k_c9	9.0
k_dN	0.0
o_1	0.0
o_10	0.0
o_11	0.0
o_2	0.0
o_3	0.0
o_4	0.0
o_5	0.0
o_6	0.0
o_7	0.0
o_8	1.0
o_9	0.0
p_1	0.0
p_10	0.0
p_11	0.0
p_2	0.0
p_3	0.0
p_4	0.0
p_5	0.0
p_6	1.0
p_7	1.0
p_8	1.0
p_9	0.0
phi_c1	4.0
phi_c10	3.0
phi_c11	2.0
phi_c2	2.0
phi_c3	3.0
phi_c4	2.0
phi_c5	1.0
phi_c6	0.0
phi_c7	0.0
phi_c8	2.0
phi_c9	3.0
phi_dN	0.0
pi_c1	0.0
pi_c10	0.0
pi_c11	0.0
pi_c2	0.0
pi_c3	0.0
pi_c4	0.0
pi_c5	0.0
pi_c6	18.0
pi_c7	5.0
pi_c8	21.0
pi_c9	0.0
pi_dN	0.0
tauD_c1	5.0
tauD_c10	25.0
tauD_c11	29.0
tauD_c2	59.0
tauD_c3	6.0
tauD_c4	71.0
tauD_c5	68.0
tauD_c6	40.0
tauD_c7	82.0
tauD_c8	33.0
tauD_c9	58.0
tauD_d0	0.0
tauD_dN	100.0
tauS_c1	0.0
tauS_c10	89.0
tauS_c11	4.0
tauS_c2	82.0
tauS_c3	80.0
tauS_c4	83.0
tauS_c5	87.0
tauS_c6	45.0
tauS_c7	58.0
tauS_c8	33.0
tauS_c9	82.0
tauS_d0	0.0
tauS_dN	100.0
x_c10_c8	1.0
x_c11_c6	1.0
x_c1_c10	1.0
x_c2_c5	1.0
x_c3_c11	1.0
x_c4_c7	1.0
x_c5_dN	1.0
x_c6_c9	1.0
x_c7_dN	1.0
x_c8_c2	1.0
x_c9_c4	1.0
x_d0_c1	1.0
x_d0_c3	1.0
z_c6_c7	1.0
z_c7_dN	1.0
z_c8_c6	1.0
z_d0_c8	1.0
