
Gurobi 6.0.4 (win64) logging started 06/14/15 16:52:32

Read LP format model from file E:\Eigene Dateien\Downloads\Michi shit\VRPTWMS-master\VRPTWMS\instances\mip\fuel\N9-C_DV100-C_SV25_F5_13_No_1.lp
Reading time = 0.01 seconds
(null): 514 rows, 251 columns, 2154 nonzeros
Optimize a model with 514 rows, 251 columns and 2154 nonzeros
Model has 810 quadratic constraints
WARNING: Only barrier available for SOCP models
Coefficient statistics:
  Matrix range    [1e+00, 1e+02]
  Objective range [8e+00, 1e+03]
  Bounds range    [1e+00, 1e+02]
  RHS range       [1e+00, 1e+02]
Presolve removed 42 rows and 20 columns
Presolve time: 0.06s
Presolved: 1952 rows, 1004 columns, 9681 nonzeros
Variable types: 707 continuous, 297 integer (249 binary)
Found heuristic solution: objective 10427.540000
Optimize a model with 1952 rows, 1004 columns and 9681 nonzeros
Coefficient statistics:
  Matrix range    [1e+00, 1e+02]
  Objective range [8e+00, 1e+03]
  Bounds range    [1e+00, 1e+02]
  RHS range       [1e+00, 1e+02]

Concurrent LP optimizer: dual simplex and barrier
Showing barrier log only...

Presolve removed 171 rows and 117 columns
Presolved: 1781 rows, 888 columns, 8965 nonzeros

Root barrier log...

Ordering time: 0.02s

Barrier performed 0 iterations in 0.09 seconds
Barrier solve interrupted - model solved by another algorithm


Solved with dual simplex
Solved in 97 iterations and 0.10 seconds
Optimal objective  1.304846738e+02

Root relaxation: objective 1.304847e+02, 97 iterations, 0.03 seconds

    Nodes    |    Current Node    |     Objective Bounds      |     Work
 Expl Unexpl |  Obj  Depth IntInf | Incumbent    BestBd   Gap | It/Node Time

     0     0  130.48467    0   31 10427.5400  130.48467  98.7%     -    0s
     0     0  163.21102    0   48 10427.5400  163.21102  98.4%     -    0s
H    0     0                    3256.5100000  163.21102  95.0%     -    0s
     0     0  295.22936    0   40 3256.51000  295.22936  90.9%     -    0s
     0     0  420.15000    0   30 3256.51000  420.15000  87.1%     -    0s
     0     0  420.76406    0   39 3256.51000  420.76406  87.1%     -    0s
     0     0  420.76406    0   41 3256.51000  420.76406  87.1%     -    0s
     0     0  420.76406    0   40 3256.51000  420.76406  87.1%     -    0s
     0     2  420.76406    0   34 3256.51000  420.76406  87.1%     -    0s
H 1325   678                    3238.7800000 1509.44340  53.4%  28.1    1s
H 1430   633                    3232.8900000 1509.44340  53.3%  28.4    1s
H 1671   627                    3231.3000000 2164.44573  33.0%  30.0    1s
H 1781   632                    3230.5100000 2166.08263  32.9%  30.1    1s
H 2086   611                    3228.8000000 2167.89781  32.9%  31.8    1s
* 2169   587              34    3220.9900000 2168.63501  32.7%  32.0    1s
* 2289   553              40    3213.2600000 2169.84313  32.5%  32.6    1s
  6239  2046 infeasible   28      3213.26000 2180.88669  32.1%  41.0    5s
 13730  4541 infeasible   24      3213.26000 2190.07884  31.8%  44.6   10s
 19929  6182 2211.26069   32   16 3213.26000 2195.92647  31.7%  46.9   15s
 21054  6498 2262.37062   43   56 3213.26000 2196.57367  31.6%  47.1   20s
 28778  7327 2196.57367   44   31 3213.26000 2196.57367  31.6%  45.4   25s
 36027  7162 2230.30427   43   20 3213.26000 2196.57367  31.6%  47.1   30s
 41932  7414 2337.37749   66   73 3213.26000 2196.57367  31.6%  48.4   35s
 47634  8891 infeasible   61      3213.26000 2198.45622  31.6%  49.6   40s
 54387 10391 2214.69509   49   36 3213.26000 2202.40226  31.5%  50.9   45s
 59788 11314 infeasible   43      3213.26000 2204.89260  31.4%  51.8   50s
 66178 12302 2245.57185   53   31 3213.26000 2207.79645  31.3%  53.0   55s
 71735 12794 infeasible   60      3213.26000 2210.85462  31.2%  54.1   60s
 77532 13144 2284.01584   47   28 3213.26000 2213.99276  31.1%  55.2   65s
 82295 13155 2220.05060   43   24 3213.26000 2217.02493  31.0%  56.1   70s
 87434 13304 2230.38795   34   33 3213.26000 2220.22394  30.9%  56.9   75s
 93301 13690 infeasible   55      3213.26000 2223.53139  30.8%  57.7   80s
 98725 13891 2510.16349   44   53 3213.26000 2226.93014  30.7%  58.4   85s
 102827 13943     cutoff   42      3213.26000 2229.72361  30.6%  58.9   90s
 108150 13846 infeasible   44      3213.26000 2233.29881  30.5%  59.6   95s
 113211 13590 2237.82178   40   39 3213.26000 2236.70865  30.4%  60.2  100s
 118535 13262 infeasible   45      3213.26000 2240.35510  30.3%  60.8  105s
 123346 12754 infeasible   51      3213.26000 2243.82614  30.2%  61.5  110s
 128217 11911 infeasible   43      3213.26000 2247.68215  30.0%  62.2  115s
 132600 11149 infeasible   49      3213.26000 2251.46005  29.9%  62.8  120s
 136205 10378 infeasible   49      3213.26000 2255.09174  29.8%  63.3  125s
 140827  9429 2276.60966   50   54 3213.26000 2259.78744  29.7%  63.8  130s
 145080  8511 2297.09534   46   30 3213.26000 2264.60295  29.5%  64.3  135s
 149100  7331 2291.44134   52   34 3213.26000 2270.23328  29.3%  64.8  140s
 153467  6049     cutoff   45      3213.26000 2277.35812  29.1%  65.4  145s
 157528  4510     cutoff   74      3213.26000 2286.08622  28.9%  65.9  150s
 161294  2820 infeasible   43      3213.26000 2299.27300  28.4%  66.4  155s
 166254   329     cutoff   33      3213.26000 2667.23685  17.0%  66.6  160s

Cutting planes:
  Learned: 1
  Gomory: 3
  Cover: 2
  Implied bound: 5
  Clique: 3
  MIR: 9
  Flow cover: 5
  GUB cover: 5
  Zero half: 9

Explored 167045 nodes (11098336 simplex iterations) in 160.29 seconds
Thread count was 4 (of 4 available processors)

Optimal solution found (tolerance 1.00e-04)
Best objective 3.213260000000e+03, best bound 3.213260000000e+03, gap 0.0%
k_c1	100.0
k_c2	98.0
k_c3	100.0
k_c4	3.0
k_c5	2.0
k_c6	11.0
k_c7	85.0
k_c8	91.0
k_c9	7.0
k_dN	0.0
o_1	0.0
o_2	0.0
o_3	0.0
o_4	0.0
o_5	1.0
o_6	0.0
o_7	0.0
o_8	0.0
o_9	0.0
p_1	0.0
p_2	0.0
p_3	0.0
p_4	0.0
p_5	1.0
p_6	0.0
p_7	0.0
p_8	0.0
p_9	1.0
phi_c1	4.0
phi_c2	3.0
phi_c3	2.0
phi_c4	1.0
phi_c5	0.0
phi_c6	1.0
phi_c7	1.0
phi_c8	2.0
phi_c9	0.0
phi_dN	0.0
pi_c1	0.0
pi_c2	0.0
pi_c3	0.0
pi_c4	0.0
pi_c5	10.0
pi_c6	0.0
pi_c7	0.0
pi_c8	0.0
pi_c9	5.0
pi_dN	0.0
tauD_c1	4.0
tauD_c2	25.0
tauD_c3	11.0
tauD_c4	92.0
tauD_c5	65.0
tauD_c6	62.0
tauD_c7	57.0
tauD_c8	50.0
tauD_c9	70.0
tauD_d0	0.0
tauD_dN	100.0
tauS_c1	10.0
tauS_c2	11.0
tauS_c3	16.0
tauS_c4	89.0
tauS_c5	9.0
tauS_c6	83.0
tauS_c7	11.0
tauS_c8	9.0
tauS_c9	77.0
tauS_d0	0.0
tauS_dN	92.0
x_c1_c2	1.0
x_c2_c8	1.0
x_c3_c6	1.0
x_c4_dN	1.0
x_c5_dN	1.0
x_c6_c9	1.0
x_c7_c5	1.0
x_c8_c7	1.0
x_c9_c4	1.0
x_d0_c1	1.0
x_d0_c3	1.0
z_c5_c9	1.0
z_c9_dN	1.0
z_d0_c5	1.0
