
Gurobi 6.0.4 (win64) logging started 06/14/15 16:37:05

Read LP format model from file E:\Eigene Dateien\Downloads\Michi shit\VRPTWMS-master\VRPTWMS\instances\mip\fuel\N9-C_DV100-C_SV25_F5_11_No_1.lp
Reading time = 0.01 seconds
(null): 514 rows, 251 columns, 2154 nonzeros
Optimize a model with 514 rows, 251 columns and 2154 nonzeros
Model has 810 quadratic constraints
WARNING: Only barrier available for SOCP models
Coefficient statistics:
  Matrix range    [1e+00, 1e+02]
  Objective range [2e+00, 1e+03]
  Bounds range    [1e+00, 1e+02]
  RHS range       [1e+00, 1e+02]
Presolve removed 42 rows and 20 columns
Presolve time: 0.05s
Presolved: 1940 rows, 998 columns, 9567 nonzeros
Variable types: 701 continuous, 297 integer (249 binary)
Found heuristic solution: objective 9219.6800000
Optimize a model with 1940 rows, 998 columns and 9567 nonzeros
Coefficient statistics:
  Matrix range    [5e-01, 1e+02]
  Objective range [2e+00, 1e+03]
  Bounds range    [1e+00, 1e+02]
  RHS range       [1e+00, 1e+02]

Concurrent LP optimizer: dual simplex and barrier
Showing barrier log only...

Presolve removed 184 rows and 122 columns
Presolved: 1756 rows, 877 columns, 8738 nonzeros

Root barrier log...

Ordering time: 0.02s

Barrier performed 0 iterations in 0.09 seconds
Barrier solve interrupted - model solved by another algorithm


Solved with dual simplex
Solved in 104 iterations and 0.09 seconds
Optimal objective  1.130274413e+02

Root relaxation: objective 1.130274e+02, 104 iterations, 0.03 seconds

    Nodes    |    Current Node    |     Objective Bounds      |     Work
 Expl Unexpl |  Obj  Depth IntInf | Incumbent    BestBd   Gap | It/Node Time

     0     0  113.02744    0   30 9219.68000  113.02744  98.8%     -    0s
     0     0  132.59856    0   50 9219.68000  132.59856  98.6%     -    0s
H    0     0                    8209.8700000  132.59856  98.4%     -    0s
     0     0  142.59561    0   39 8209.87000  142.59561  98.3%     -    0s
H    0     0                    7192.2900000  142.59561  98.0%     -    0s
     0     0  142.86498    0   48 7192.29000  142.86498  98.0%     -    0s
     0     0  143.06615    0   33 7192.29000  143.06615  98.0%     -    0s
     0     0  143.08019    0   37 7192.29000  143.08019  98.0%     -    0s
     0     0  143.08019    0   34 7192.29000  143.08019  98.0%     -    0s
     0     0  143.08098    0   37 7192.29000  143.08098  98.0%     -    0s
     0     0  143.10096    0   39 7192.29000  143.10096  98.0%     -    0s
     0     0  143.10598    0   39 7192.29000  143.10598  98.0%     -    0s
     0     0  143.10598    0   39 7192.29000  143.10598  98.0%     -    0s
     0     2  143.10598    0   39 7192.29000  143.10598  98.0%     -    0s
H   27    18                    4153.3100000  150.90851  96.4%  44.1    0s
H  415   282                    3136.8100000  854.48616  72.8%  28.4    0s
H  594   373                    3128.7400000 1114.84000  64.4%  28.2    0s
H 2976   856                    3128.2300000 1125.74292  64.0%  44.5    3s
  4567  1495 2189.06340   37   23 3128.23000 1134.15630  63.7%  46.6    5s
  9913  3091 2195.83560   30   20 3128.23000 1153.73031  63.1%  52.3   10s
 15490  4502 2190.79295   34   30 3128.23000 1168.06011  62.7%  54.7   15s
 20685  5751 1220.15090   42   39 3128.23000 1180.01395  62.3%  55.1   22s
 20959  5833 1180.01395   38   66 3128.23000 1180.01395  62.3%  55.1   25s
 25651  6197 infeasible   47      3128.23000 1180.01395  62.3%  56.3   30s
 30780  6227     cutoff   35      3128.23000 1180.01395  62.3%  57.4   35s
 35769  6274 infeasible   52      3128.23000 1180.01395  62.3%  58.2   40s
 39166  6668 infeasible   56      3128.23000 1180.01395  62.3%  58.5   45s
 42270  7709 infeasible   52      3128.23000 1180.01395  62.3%  58.8   50s
 45988  8940     cutoff   45      3128.23000 1180.01395  62.3%  59.2   55s
 49224  9939 1203.40705   38   71 3128.23000 1180.01395  62.3%  59.6   60s
 53695 11232 1433.06007   46   58 3128.23000 1180.01395  62.3%  59.9   65s
 57683 12332     cutoff   44      3128.23000 1180.54273  62.3%  60.3   70s
 61973 13460     cutoff   47      3128.23000 1183.07799  62.2%  60.7   75s
 65776 14609 1197.77074   49   80 3128.23000 1184.90830  62.1%  60.9   80s
 69569 15565 1211.67252   58   76 3128.23000 1186.70200  62.1%  61.2   85s
 73555 16622 2616.44400   57   39 3128.23000 1188.60000  62.0%  61.5   90s
 77320 17514 2241.44842   48   39 3128.23000 1190.03427  62.0%  61.9   95s
 80832 18313 2181.54507   50   42 3128.23000 1191.64880  61.9%  62.2  100s
 84370 19004 1256.01888   44   74 3128.23000 1193.17451  61.9%  62.6  105s
 88315 19811 2314.38973   55   64 3128.23000 1194.71791  61.8%  62.9  110s
 92014 20535 infeasible   47      3128.23000 1196.14604  61.8%  63.1  115s
 95658 21260 1226.25029   57   80 3128.23000 1197.63464  61.7%  63.3  120s
 99747 22120     cutoff   56      3128.23000 1199.25394  61.7%  63.4  125s
 103468 22740 infeasible   55      3128.23000 1200.76453  61.6%  63.7  130s
 107032 23317     cutoff   52      3128.23000 1201.97893  61.6%  63.9  135s
 110825 23868     cutoff   58      3128.23000 1203.61848  61.5%  64.1  140s
 114187 24399 infeasible   50      3128.23000 1204.78451  61.5%  64.2  145s
 118407 25118 2496.87679   46   56 3128.23000 1206.24000  61.4%  64.3  150s
 122190 25685 infeasible   43      3128.23000 1207.37688  61.4%  64.4  155s
 125832 26274     cutoff   53      3128.23000 1208.56344  61.4%  64.6  160s
 129599 26848 1529.54371   50   72 3128.23000 1209.62794  61.3%  64.8  165s
 133386 27361     cutoff   48      3128.23000 1210.67799  61.3%  64.9  170s
 136886 27847 2590.22046   53   71 3128.23000 1211.87679  61.3%  65.0  175s
 139937 28232 infeasible   48      3128.23000 1213.06385  61.2%  65.2  180s
 143693 28696 infeasible   56      3128.23000 1214.36411  61.2%  65.3  185s
 147339 29104 2443.07489   55   87 3128.23000 1215.53326  61.1%  65.5  190s
 150447 29426 1724.17236   54   46 3128.23000 1216.57115  61.1%  65.6  195s
 153719 29721 2657.00101   38   68 3128.23000 1217.78321  61.1%  65.7  200s
 157263 30045 infeasible   56      3128.23000 1218.90422  61.0%  65.9  205s
 160950 30411 1259.49612   49  101 3128.23000 1220.07122  61.0%  66.0  210s
 164556 30817 infeasible   48      3128.23000 1221.22926  61.0%  66.1  215s
 168093 31076     cutoff   52      3128.23000 1222.43912  60.9%  66.3  220s
 171354 31447 1368.91647   46   98 3128.23000 1223.42971  60.9%  66.4  225s
 174970 31729     cutoff   56      3128.23000 1224.66952  60.9%  66.5  230s
 178389 32004 2372.49677   57   61 3128.23000 1225.87073  60.8%  66.7  235s
 181831 32175 1241.14198   57   56 3128.23000 1227.13420  60.8%  66.8  240s
 186000 32357     cutoff   56      3128.23000 1228.76788  60.7%  67.0  245s
 190176 32582 infeasible   52      3128.23000 1230.47428  60.7%  67.1  250s
 194484 32778 2235.24598   56   32 3128.23000 1232.16949  60.6%  67.3  255s
 198699 32934     cutoff   54      3128.23000 1234.01570  60.6%  67.4  260s
 202873 33192 infeasible   48      3128.23000 1235.71756  60.5%  67.6  265s
 207005 33295     cutoff   66      3128.23000 1237.65275  60.4%  67.6  270s
 211205 33439 2603.90380   50   81 3128.23000 1239.66318  60.4%  67.8  275s
 215647 33508 infeasible   51      3128.23000 1242.15751  60.3%  67.9  280s
 219872 33541     cutoff   64      3128.23000 1244.21724  60.2%  68.1  285s
 224011 33534 infeasible   54      3128.23000 1246.47686  60.2%  68.2  290s
 228685 33530 infeasible   48      3128.23000 1249.29257  60.1%  68.3  295s
 232785 33485 2430.79647   65   62 3128.23000 1252.12192  60.0%  68.4  300s
 237029 33440 infeasible   56      3128.23000 1255.38970  59.9%  68.5  305s
 241642 33307 2263.79747   48   74 3128.23000 1259.55679  59.7%  68.5  310s
 245757 33237 infeasible   56      3128.23000 1263.40543  59.6%  68.6  315s
 249933 33066 infeasible   57      3128.23000 1268.39968  59.5%  68.7  320s
 254360 32986     cutoff   50      3128.23000 1274.38513  59.3%  68.8  325s
 258468 32859 1367.08853   44   74 3128.23000 1281.21247  59.0%  68.8  330s
 262947 32839     cutoff   48      3128.23000 1290.68485  58.7%  68.8  335s
 267455 32769     cutoff   62      3128.23000 1301.36012  58.4%  68.8  340s
 271945 32667 infeasible   61      3128.23000 1314.54184  58.0%  68.9  345s
 276309 32680 infeasible   46      3128.23000 1328.20723  57.5%  68.9  350s
 280855 32632     cutoff   46      3128.23000 1342.71880  57.1%  68.9  355s
 285334 32565     cutoff   49      3128.23000 1359.07591  56.6%  69.0  360s
 289871 32567 infeasible   51      3128.23000 1377.67312  56.0%  69.0  365s
 294531 32616 infeasible   51      3128.23000 1393.71759  55.4%  69.0  370s
 298940 32822 infeasible   55      3128.23000 1409.82364  54.9%  69.0  375s
 303485 32999 infeasible   49      3128.23000 1426.32552  54.4%  69.0  380s
 307821 33201 2218.36126   66   66 3128.23000 1439.79495  54.0%  69.0  385s
 312360 33247 2669.80591   64   92 3128.23000 1456.55461  53.4%  69.0  390s
 317017 33346 infeasible   57      3128.23000 1474.98258  52.8%  69.0  395s
 321746 33395 2163.01701   35   30 3128.23000 1494.08345  52.2%  69.0  400s
 326497 33527     cutoff   52      3128.23000 1511.97284  51.7%  69.0  405s
 331142 33476 2814.42463   55   28 3128.23000 1532.12777  51.0%  69.0  410s
 335828 33536 infeasible   57      3128.23000 1553.13367  50.4%  69.0  415s
 340527 33643 2233.73728   69   80 3128.23000 1574.69127  49.7%  69.0  420s
 345393 33669 2657.55554   62   66 3128.23000 1594.11925  49.0%  68.9  425s
 349920 33514 2250.66020   55   79 3128.23000 1617.60642  48.3%  68.9  430s
 354366 33284 2227.34802   48   81 3128.23000 1639.83965  47.6%  68.9  435s
 359520 33140 2464.89945   57   64 3128.23000 1665.52881  46.8%  68.8  440s
 364138 32929 infeasible   39      3128.23000 1691.45038  45.9%  68.8  445s
 368683 32605 1712.61168   50   54 3128.23000 1712.61168  45.3%  68.8  450s
 373341 32066 2229.07174   50   52 3128.23000 1737.74626  44.4%  68.8  455s
 378216 31439 2255.45366   57   56 3128.23000 1771.44110  43.4%  68.7  460s
 382693 30768 2635.62416   60   43 3128.23000 1813.41685  42.0%  68.6  465s
 386901 30046 1974.15460   45   51 3128.23000 1868.93606  40.3%  68.6  470s
 391407 29286     cutoff   55      3128.23000 1958.08368  37.4%  68.6  475s
 396225 28855 2235.24334   48   57 3128.23000 2092.28580  33.1%  68.5  480s
 400995 29055 2181.70219   48   45 3128.23000 2113.60246  32.4%  68.5  485s
 405830 29273     cutoff   69      3128.23000 2117.88776  32.3%  68.5  490s
 410187 29386 infeasible   53      3128.23000 2120.12815  32.2%  68.4  495s
 414693 29597 2404.34259   64   85 3128.23000 2120.12815  32.2%  68.5  500s
 419145 30049 2230.71320   52   68 3128.23000 2120.12815  32.2%  68.5  505s
 424793 30232 infeasible   42      3128.23000 2135.11477  31.7%  68.4  510s
 429834 30652 2182.26059   47   24 3128.23000 2140.51000  31.6%  68.3  515s
 435344 31180     cutoff   44      3128.23000 2145.97462  31.4%  68.2  520s
 441367 32204 2158.80304   45   51 3128.23000 2151.18826  31.2%  68.1  525s
 446636 33052 2179.73023   48   30 3128.23000 2154.41106  31.1%  68.0  530s
 451681 33808 infeasible   42      3128.23000 2157.04262  31.0%  67.9  535s
 457101 34603     cutoff   50      3128.23000 2159.58000  31.0%  67.9  540s
 461605 35060 2193.93908   40   49 3128.23000 2161.90932  30.9%  67.9  545s
 466542 35600 infeasible   48      3128.23000 2163.98144  30.8%  67.8  550s
 471244 36067 infeasible   41      3128.23000 2165.87693  30.8%  67.8  555s
 476368 36617 infeasible   57      3128.23000 2167.63377  30.7%  67.7  560s
 481063 36977     cutoff   49      3128.23000 2169.40632  30.7%  67.7  565s
 485430 37248 2205.24539   43   43 3128.23000 2171.09267  30.6%  67.7  570s
 490558 37700 infeasible   44      3128.23000 2172.71210  30.5%  67.7  575s
 495042 37995 infeasible   50      3128.23000 2174.08000  30.5%  67.7  580s
 499495 37984 2175.99432   46   41 3128.23000 2175.58374  30.5%  67.7  585s
 504154 38153 infeasible   39      3128.23000 2176.97381  30.4%  67.7  590s
 508542 38455     cutoff   53      3128.23000 2178.19475  30.4%  67.7  595s
 513064 38495     cutoff   45      3128.23000 2179.64130  30.3%  67.7  600s
 517664 38572     cutoff   53      3128.23000 2180.97087  30.3%  67.7  605s
 521951 38603 2183.60048   40   36 3128.23000 2182.22107  30.2%  67.8  610s
 525827 38510 infeasible   46      3128.23000 2183.35938  30.2%  67.8  615s
 530094 38258 2187.39465   47   44 3128.23000 2184.76027  30.2%  67.9  620s
 534215 38205     cutoff   54      3128.23000 2185.89223  30.1%  67.9  625s
 538812 38161 infeasible   42      3128.23000 2187.17892  30.1%  67.9  630s
 543240 38077 infeasible   47      3128.23000 2188.45953  30.0%  68.0  635s
 547456 37927 2205.45881   48   42 3128.23000 2189.61647  30.0%  68.0  640s
 551499 37728 2191.15962   53   49 3128.23000 2190.77420  30.0%  68.1  645s
 555603 37478 2192.24324   43   46 3128.23000 2191.98598  29.9%  68.1  650s
 559924 37128 infeasible   48      3128.23000 2193.29732  29.9%  68.2  655s
 563974 36900     cutoff   52      3128.23000 2194.44653  29.9%  68.2  660s
 567944 36547 2219.68323   41   53 3128.23000 2195.54747  29.8%  68.2  665s
 572320 36271 infeasible   52      3128.23000 2196.70676  29.8%  68.3  670s
 576279 36064 infeasible   56      3128.23000 2197.72074  29.7%  68.3  675s
 580472 35669 infeasible   49      3128.23000 2198.88683  29.7%  68.3  680s
 584806 35341 infeasible   46      3128.23000 2200.07000  29.7%  68.4  685s
 588718 34825 infeasible   50      3128.23000 2201.18887  29.6%  68.4  690s
 592676 34549     cutoff   51      3128.23000 2202.26017  29.6%  68.4  695s
 596989 34028 infeasible   49      3128.23000 2203.51662  29.6%  68.5  700s
 601049 33504 2204.77725   51   27 3128.23000 2204.71945  29.5%  68.5  705s
 604965 32981 2208.82295   58   29 3128.23000 2205.90080  29.5%  68.6  710s
 608897 32475 2461.40028   47   69 3128.23000 2207.04897  29.4%  68.6  715s
 612384 31844 2227.38691   55   46 3128.23000 2208.14178  29.4%  68.6  720s
 616324 31085 infeasible   44      3128.23000 2209.43244  29.4%  68.7  725s
 620404 30431 2211.00860   44   35 3128.23000 2210.73369  29.3%  68.7  730s
 624583 29724 2212.36262   54   47 3128.23000 2212.01048  29.3%  68.8  735s
 628502 28967 2231.20075   46   25 3128.23000 2213.34544  29.2%  68.8  740s
 632435 28224 infeasible   49      3128.23000 2214.62995  29.2%  68.9  745s
 636454 27570 infeasible   52      3128.23000 2215.83117  29.2%  68.9  750s
 640403 26790 infeasible   55      3128.23000 2217.15133  29.1%  68.9  755s
 644443 25969 infeasible   53      3128.23000 2218.50222  29.1%  69.0  760s
 648261 25179 infeasible   49      3128.23000 2219.84408  29.0%  69.0  765s
 652134 24228 infeasible   56      3128.23000 2221.40472  29.0%  69.1  770s
 656110 23205 infeasible   65      3128.23000 2223.07270  28.9%  69.1  775s
 659772 22229 2255.10959   56   62 3128.23000 2224.63111  28.9%  69.1  780s
 663582 21134     cutoff   53      3128.23000 2226.42632  28.8%  69.2  785s
 667149 20236     cutoff   47      3128.23000 2228.08245  28.8%  69.2  790s
 671013 19169 2254.10670   42   58 3128.23000 2230.13000  28.7%  69.3  795s
 674878 18125 infeasible   54      3128.23000 2232.37012  28.6%  69.3  800s
 678797 16944     cutoff   57      3128.23000 2234.84737  28.6%  69.3  805s
 682877 15612     cutoff   52      3128.23000 2237.99389  28.5%  69.4  810s
 686821 14255 infeasible   57      3128.23000 2241.64891  28.3%  69.4  815s
 690754 12936 infeasible   47      3128.23000 2245.52923  28.2%  69.4  820s
 694418 11414 2302.52437   54   64 3128.23000 2250.39875  28.1%  69.4  825s
 698663  9788     cutoff   51      3128.23000 2258.24405  27.8%  69.4  830s
 702934  8117     cutoff   59      3128.23000 2271.59644  27.4%  69.4  835s
 707519  6612 infeasible   61      3128.23000 2298.28202  26.5%  69.3  840s
 712200  5255     cutoff   48      3128.23000 2340.60414  25.2%  69.2  845s
 717472  3299 infeasible   53      3128.23000 2450.04731  21.7%  69.1  850s

Cutting planes:
  Learned: 23
  Gomory: 24
  Cover: 6
  Implied bound: 54
  Clique: 1
  MIR: 110
  Flow cover: 113
  GUB cover: 9
  Zero half: 34

Explored 722774 nodes (49715539 simplex iterations) in 853.70 seconds
Thread count was 4 (of 4 available processors)

Optimal solution found (tolerance 1.00e-04)
Best objective 3.128230000000e+03, best bound 3.128230000000e+03, gap 0.0%
k_c1	100.0
k_c2	4.0
k_c3	6.0
k_c4	9.0
k_c5	10.0
k_c6	4.0
k_c7	15.0
k_c8	10.0
k_c9	97.0
k_dN	0.0
o_1	0.0
o_2	0.0
o_3	0.0
o_4	0.0
o_5	0.0
o_6	0.0
o_7	0.0
o_8	0.0
o_9	0.0
p_1	0.0
p_2	0.0
p_3	0.0
p_4	0.0
p_5	0.0
p_6	0.0
p_7	0.0
p_8	0.0
p_9	0.0
phi_c1	4.0
phi_c2	1.0
phi_c3	3.0
phi_c4	2.0
phi_c5	2.0
phi_c6	1.0
phi_c7	3.0
phi_c8	4.0
phi_c9	3.0
phi_dN	0.0
pi_c1	0.0
pi_c2	0.0
pi_c3	0.0
pi_c4	0.0
pi_c5	0.0
pi_c6	0.0
pi_c7	0.0
pi_c8	0.0
pi_c9	0.0
pi_dN	0.0
tauD_c1	20.0
tauD_c2	55.0
tauD_c3	65.0
tauD_c4	45.0
tauD_c5	37.0
tauD_c6	65.0
tauD_c7	30.0
tauD_c8	56.0
tauD_c9	30.0
tauD_d0	0.0
tauD_dN	100.0
tauS_c1	4.0
tauS_c2	89.0
tauS_c3	3.0
tauS_c4	0.0
tauS_c5	3.0
tauS_c6	0.0
tauS_c7	0.0
tauS_c8	0.0
tauS_c9	2.0
tauS_d0	0.0
tauS_dN	0.0
x_c1_c9	1.0
x_c2_dN	1.0
x_c3_dN	1.0
x_c4_c2	1.0
x_c5_c6	1.0
x_c6_dN	1.0
x_c7_c4	1.0
x_c8_c3	1.0
x_c9_c5	1.0
x_d0_c1	1.0
x_d0_c7	1.0
x_d0_c8	1.0
