
Gurobi 6.0.4 (win64) logging started 06/14/15 18:08:53

Read LP format model from file E:\Eigene Dateien\Downloads\Michi shit\VRPTWMS-master\VRPTWMS\instances\mip\fuel\N9-C_DV100-C_SV25_F5_2_No_1.lp
Reading time = 0.01 seconds
(null): 514 rows, 251 columns, 2154 nonzeros
Optimize a model with 514 rows, 251 columns and 2154 nonzeros
Model has 810 quadratic constraints
WARNING: Only barrier available for SOCP models
Coefficient statistics:
  Matrix range    [1e+00, 1e+02]
  Objective range [1e+00, 1e+03]
  Bounds range    [1e+00, 1e+02]
  RHS range       [1e+00, 1e+02]
Presolve removed 31 rows and 16 columns
Presolve time: 0.05s
Presolved: 2043 rows, 1050 columns, 10035 nonzeros
Variable types: 745 continuous, 305 integer (257 binary)
Found heuristic solution: objective 10412.370000
Optimize a model with 2043 rows, 1050 columns and 10035 nonzeros
Coefficient statistics:
  Matrix range    [3e-01, 1e+02]
  Objective range [1e+00, 1e+03]
  Bounds range    [1e+00, 1e+02]
  RHS range       [1e+00, 1e+02]

Concurrent LP optimizer: dual simplex and barrier
Showing barrier log only...

Presolve removed 184 rows and 125 columns
Presolved: 1859 rows, 926 columns, 9237 nonzeros

Root barrier log...

Ordering time: 0.01s

Barrier performed 0 iterations in 0.08 seconds
Barrier solve interrupted - model solved by another algorithm


Solved with dual simplex
Solved in 79 iterations and 0.08 seconds
Optimal objective  1.079783228e+02

Root relaxation: objective 1.079783e+02, 79 iterations, 0.02 seconds

    Nodes    |    Current Node    |     Objective Bounds      |     Work
 Expl Unexpl |  Obj  Depth IntInf | Incumbent    BestBd   Gap | It/Node Time

     0     0  107.97832    0   25 10412.3700  107.97832  99.0%     -    0s
H    0     0                    9391.8100000  107.97832  98.9%     -    0s
     0     0  134.99609    0   46 9391.81000  134.99609  98.6%     -    0s
H    0     0                    8335.2100000  134.99609  98.4%     -    0s
     0     0  145.67385    0   27 8335.21000  145.67385  98.3%     -    0s
H    0     0                    7327.5300000  145.67385  98.0%     -    0s
     0     0  394.47000    0   34 7327.53000  394.47000  94.6%     -    0s
     0     0  394.47000    0   34 7327.53000  394.47000  94.6%     -    0s
     0     0  394.47000    0   28 7327.53000  394.47000  94.6%     -    0s
     0     0  394.47000    0   30 7327.53000  394.47000  94.6%     -    0s
H    0     0                    6310.1600000  394.47000  93.7%     -    0s
     0     0  394.47000    0   33 6310.16000  394.47000  93.7%     -    0s
H    0     0                    4230.0300000  394.47000  90.7%     -    0s
     0     0  394.47000    0   37 4230.03000  394.47000  90.7%     -    0s
     0     0  394.47000    0   36 4230.03000  394.47000  90.7%     -    0s
     0     0  394.47000    0   38 4230.03000  394.47000  90.7%     -    0s
     0     0  394.47000    0   35 4230.03000  394.47000  90.7%     -    0s
     0     2  394.47000    0   33 4230.03000  394.47000  90.7%     -    0s
H  938   631                    4224.7500000 1155.73421  72.6%  25.3    0s
H 1297   781                    3222.6200000 1157.92000  64.1%  28.1    1s
H 2688   973                    3215.8900000 1163.47017  63.8%  30.8    2s
  4408  1456 2227.46092   27   43 3215.89000 1169.56117  63.6%  35.9    5s
 10808  3975 1458.38103   26   53 3215.89000 1187.49392  63.1%  36.9   10s
 16963  5883 infeasible   29      3215.89000 1206.13815  62.5%  40.4   15s
 21245  6953 1342.46492   34   35 3215.89000 1214.91628  62.2%  43.2   21s
 21892  7159 2489.23137   43   49 3215.89000 1214.91628  62.2%  42.3   25s
 29821  9305 2290.27572   31   44 3215.89000 1214.91628  62.2%  42.2   30s
 36717 10752 2280.31111   37   44 3215.89000 1227.19774  61.8%  42.7   35s
 44297 12853 2254.42676   38   29 3215.89000 1234.02860  61.6%  42.7   40s
 51251 15960 1240.50886   33   53 3215.89000 1240.31628  61.4%  43.4   45s
 56028 18178 1364.76491   38   61 3215.89000 1244.65956  61.3%  44.0   50s
 61294 20407 2285.71635   41   34 3215.89000 1249.49115  61.1%  44.8   55s
 66585 22447 1290.85541   36   49 3215.89000 1255.21583  61.0%  45.4   60s
 71515 24222 1266.07211   36   70 3215.89000 1261.46611  60.8%  46.0   65s
 76581 26013 2482.32540   42   49 3215.89000 1268.63847  60.6%  46.7   70s
 81688 27414 2303.66761   35   41 3215.89000 1278.35284  60.2%  47.6   75s
 86644 28822 2395.09160   48   41 3215.89000 1289.30797  59.9%  48.3   80s
 91132 29860 2372.08245   48   68 3215.89000 1305.76669  59.4%  48.9   85s
 97678 31784     cutoff   67      3215.89000 1376.87291  57.2%  48.8   90s
 105224 33978 2429.61311   47   54 3215.89000 1448.54449  55.0%  48.2   95s
 112934 36147 2703.59200   47   34 3215.89000 1512.35090  53.0%  47.7  100s
 119759 38042 2259.50900   43   51 3215.89000 1566.91332  51.3%  47.3  105s
 125936 39403 2248.90541   32   54 3215.89000 1642.76698  48.9%  46.9  110s
 134412 41109 2373.79565   41   50 3215.89000 1766.55865  45.1%  46.3  115s
 142408 42853 2594.36716   61   54 3215.89000 2008.60524  37.5%  45.8  120s
 150761 45649 2280.07547   44   40 3215.89000 2162.19379  32.8%  45.3  125s
 159038 48241 2386.56797   49   50 3215.89000 2166.28267  32.6%  44.9  130s
 165303 49659     cutoff   45      3215.89000 2192.14172  31.8%  44.9  135s
 173650 52539 2547.75729   50   16 3215.89000 2219.45558  31.0%  44.3  140s
 183596 55947 2325.69022   41   38 3215.89000 2227.16235  30.7%  43.5  145s
 192651 59011 2232.92581   49   45 3215.89000 2230.72895  30.6%  42.8  150s
 202336 62175 2250.50587   51   29 3215.89000 2233.55623  30.5%  42.1  155s
 211208 64840     cutoff   45      3215.89000 2236.06587  30.5%  41.6  160s
 220482 67452 2334.44000   35   23 3215.89000 2238.23042  30.4%  41.2  165s
 227918 69440     cutoff   40      3215.89000 2239.73546  30.4%  40.8  170s
 236776 71580 2364.17254   54   56 3215.89000 2241.21580  30.3%  40.5  175s
 244603 73567 2293.33626   42   47 3215.89000 2242.42174  30.3%  40.2  180s
 253560 75956 2271.22423   33   23 3215.89000 2243.66748  30.2%  39.9  185s
 261988 78022 2411.97506   53   60 3215.89000 2244.87855  30.2%  39.6  190s
 270291 79826     cutoff   36      3215.89000 2246.08478  30.2%  39.4  195s
 278502 81810     cutoff   46      3215.89000 2247.26085  30.1%  39.2  200s
 287199 83490 2375.79761   47   39 3215.89000 2248.37681  30.1%  39.0  205s
 296113 85614 2406.51475   40   35 3215.89000 2249.33414  30.1%  38.7  210s
 304411 87110     cutoff   38      3215.89000 2250.30917  30.0%  38.5  215s
 312516 88959     cutoff   40      3215.89000 2251.18999  30.0%  38.4  220s
 320989 90801 2258.92186   42   22 3215.89000 2252.08661  30.0%  38.2  225s
 329918 92726 infeasible   38      3215.89000 2253.06670  29.9%  38.0  230s
 337975 94164     cutoff   42      3215.89000 2253.93551  29.9%  37.9  235s
 345853 95568 2365.32592   49   46 3215.89000 2254.71272  29.9%  37.8  240s
 354234 97113 2317.48789   47   32 3215.89000 2255.53065  29.9%  37.7  245s
 363011 98714 2296.97633   51   27 3215.89000 2256.41674  29.8%  37.5  250s
 371018 100170 2433.92094   60   40 3215.89000 2257.14265  29.8%  37.5  255s
 379741 101682 infeasible   52      3215.89000 2258.00873  29.8%  37.3  260s
 387684 102944 2294.90690   45   40 3215.89000 2258.73378  29.8%  37.3  265s
 396419 104456 2351.89571   50   16 3215.89000 2259.50169  29.7%  37.2  270s
 403866 105457 2322.79812   40   33 3215.89000 2260.14072  29.7%  37.1  275s
 412914 107101 2370.91050   51   47 3215.89000 2260.93338  29.7%  37.0  280s
 421623 108328 infeasible   42      3215.89000 2261.74369  29.7%  36.9  285s
 430691 109778 2307.12908   58   29 3215.89000 2262.50892  29.6%  36.8  290s
 438723 110871     cutoff   46      3215.89000 2263.17392  29.6%  36.8  295s
 448265 112438     cutoff   42      3215.89000 2264.00789  29.6%  36.7  300s
 456661 113599     cutoff   34      3215.89000 2264.70098  29.6%  36.6  305s
 465079 114726 2343.99722   54   33 3215.89000 2265.42208  29.6%  36.6  310s
 474457 116128 2384.29418   55   34 3215.89000 2266.11606  29.5%  36.5  315s
 483275 117260 2338.59274   49   36 3215.89000 2266.81789  29.5%  36.5  320s
 492076 118332     cutoff   52      3215.89000 2267.53780  29.5%  36.4  325s
 500698 119486 2301.70078   53   36 3215.89000 2268.19306  29.5%  36.4  330s
 508880 120141 2281.39295   65   41 3215.89000 2268.95282  29.4%  36.3  335s
 517819 121141     cutoff   45      3215.89000 2269.67674  29.4%  36.3  340s
 524238 121539 2496.30069   40   43 3215.89000 2270.29216  29.4%  36.3  345s
 531796 122337 2336.36695   49   34 3215.89000 2270.87082  29.4%  36.3  350s
 539386 122989 2317.08924   49   51 3215.89000 2271.50070  29.4%  36.3  355s
 547554 123445     cutoff   66      3215.89000 2272.20481  29.3%  36.3  360s
 554243 124060 2878.94627   51   34 3215.89000 2272.75142  29.3%  36.3  365s
 561599 124637 2391.30453   53   49 3215.89000 2273.33890  29.3%  36.3  370s
 568247 125205 infeasible   37      3215.89000 2273.90398  29.3%  36.3  375s
 575251 125809 2351.76536   43   85 3215.89000 2274.42664  29.3%  36.3  380s
 581915 126290 2307.28462   57   36 3215.89000 2274.97797  29.3%  36.3  385s
 588448 126698 2369.50161   50   46 3215.89000 2275.52566  29.2%  36.3  390s
 594670 127341 infeasible   55      3215.89000 2276.02580  29.2%  36.3  395s
 601730 127852 2286.08985   49   27 3215.89000 2276.62137  29.2%  36.3  400s
 608114 128362 infeasible   44      3215.89000 2277.14800  29.2%  36.3  405s
 614562 128727 2383.28144   58   64 3215.89000 2277.67171  29.2%  36.3  410s
 620954 129193     cutoff   43      3215.89000 2278.19116  29.2%  36.3  415s
 627755 129760 infeasible   47      3215.89000 2278.76752  29.1%  36.3  420s
 634019 130197 2293.25806   55   29 3215.89000 2279.32575  29.1%  36.3  425s
 640555 130734     cutoff   32      3215.89000 2279.84525  29.1%  36.3  430s
 647457 131057     cutoff   48      3215.89000 2280.44100  29.1%  36.3  435s
 653120 131271     cutoff   44      3215.89000 2280.94187  29.1%  36.3  440s
 660299 131631     cutoff   49      3215.89000 2281.57319  29.1%  36.3  445s
 666066 131945     cutoff   48      3215.89000 2282.11819  29.0%  36.3  450s
 672484 132252 2469.36814   51   80 3215.89000 2282.63708  29.0%  36.3  455s
 678814 132655     cutoff   46      3215.89000 2283.21235  29.0%  36.4  460s
 685779 133218 2313.05059   41   60 3215.89000 2283.73565  29.0%  36.4  465s
 692380 133632 2332.40087   52   42 3215.89000 2284.31025  29.0%  36.4  470s
 699758 133995     cutoff   47      3215.89000 2284.93728  28.9%  36.4  475s
 705711 134293 2294.08923   47   42 3215.89000 2285.46705  28.9%  36.4  480s
 713070 134572 2800.74425   48   51 3215.89000 2286.12381  28.9%  36.4  485s
 720520 134786 2507.89545   57   31 3215.89000 2286.78333  28.9%  36.4  490s
 727686 134999 2345.91205   52   29 3215.89000 2287.42098  28.9%  36.5  495s
 734816 135301 2300.84063   50   38 3215.89000 2288.04960  28.9%  36.5  500s
 742126 135570 2571.19060   43   49 3215.89000 2288.67250  28.8%  36.5  505s
 749262 135682     cutoff   56      3215.89000 2289.35581  28.8%  36.5  510s
 756633 136056     cutoff   50      3215.89000 2290.01610  28.8%  36.6  515s
 764239 136441     cutoff   46      3215.89000 2290.65661  28.8%  36.6  520s
 770246 136443 2295.41217   35   45 3215.89000 2291.20800  28.8%  36.6  525s
 776595 136594 2408.88841   62   36 3215.89000 2291.74583  28.7%  36.6  530s
 781842 136787 2682.61563   50   51 3215.89000 2292.22576  28.7%  36.6  535s
 787696 137058 2369.53442   53   51 3215.89000 2292.69893  28.7%  36.6  540s
 793501 137153     cutoff   55      3215.89000 2293.22998  28.7%  36.7  545s
 799469 137480 2309.22030   37   50 3215.89000 2293.75381  28.7%  36.7  550s
 805414 137728     cutoff   41      3215.89000 2294.28795  28.7%  36.7  555s
 811497 137976 2555.74819   57   49 3215.89000 2294.81230  28.6%  36.7  560s
 816840 138171     cutoff   48      3215.89000 2295.26536  28.6%  36.7  565s
 822301 138163 2357.03180   44   19 3215.89000 2295.82534  28.6%  36.7  570s
 826987 138342     cutoff   59      3215.89000 2296.26830  28.6%  36.8  575s
 832571 138524     cutoff   52      3215.89000 2296.76313  28.6%  36.8  580s
 839152 138640     cutoff   39      3215.89000 2297.41592  28.6%  36.8  585s
 846079 138874 2390.90770   49   62 3215.89000 2298.05793  28.5%  36.8  590s
 852646 139159 2366.85156   48   67 3215.89000 2298.67126  28.5%  36.8  595s
 859069 139293 2416.75187   49   60 3215.89000 2299.28303  28.5%  36.8  600s
 865466 139351 2689.70811   57   39 3215.89000 2299.90516  28.5%  36.9  605s
 872163 139665     cutoff   55      3215.89000 2300.51031  28.5%  36.9  610s
 878571 139555 2379.70584   43   32 3215.89000 2301.18447  28.4%  36.9  615s
 884659 139622     cutoff   47      3215.89000 2301.77938  28.4%  36.9  620s
 891966 139777     cutoff   55      3215.89000 2302.47122  28.4%  37.0  625s
 898849 139854 2315.75644   35   46 3215.89000 2303.16037  28.4%  37.0  630s
 905222 140040     cutoff   40      3215.89000 2303.77143  28.4%  37.0  635s
 912246 140249 2386.80417   41   34 3215.89000 2304.39429  28.3%  37.0  640s
 918125 140097 2329.94377   47   38 3215.89000 2304.97023  28.3%  37.0  645s
 925286 140317     cutoff   56      3215.89000 2305.67523  28.3%  37.1  650s
 931938 140459     cutoff   59      3215.89000 2306.29424  28.3%  37.1  655s
 938734 140494 2307.26590   46   50 3215.89000 2307.03289  28.3%  37.1  660s
 945290 140397     cutoff   56      3215.89000 2307.68998  28.2%  37.1  665s
 951397 140276 2372.72318   57   47 3215.89000 2308.32653  28.2%  37.2  670s
 957893 140425 2424.01880   51   34 3215.89000 2308.94041  28.2%  37.2  675s
 964466 140463 2331.78742   48   32 3215.89000 2309.59389  28.2%  37.2  680s
 971165 140568     cutoff   46      3215.89000 2310.26944  28.2%  37.2  685s
 977816 140492     cutoff   40      3215.89000 2310.94238  28.1%  37.3  690s
 983646 140528 2376.76232   49   32 3215.89000 2311.50717  28.1%  37.3  695s
 989761 140534 2334.38373   46   34 3215.89000 2312.10249  28.1%  37.3  700s
 996538 140523 2599.91505   53   58 3215.89000 2312.76724  28.1%  37.3  705s
 1002642 140434 2841.88197   48   31 3215.89000 2313.43696  28.1%  37.3  710s
 1009600 140543 2581.07865   54   55 3215.89000 2314.10266  28.0%  37.4  715s
 1016226 140350     cutoff   51      3215.89000 2314.75187  28.0%  37.4  720s
 1022951 140076     cutoff   54      3215.89000 2315.53268  28.0%  37.4  725s
 1029848 140110     cutoff   44      3215.89000 2316.27446  28.0%  37.4  730s
 1035249 139929     cutoff   43      3215.89000 2316.90466  28.0%  37.5  735s
 1041281 139820     cutoff   48      3215.89000 2317.53324  27.9%  37.5  740s
 1048318 139821 2326.93056   51   51 3215.89000 2318.24931  27.9%  37.5  745s
 1054827 140035 infeasible   59      3215.89000 2318.86106  27.9%  37.5  750s
 1061209 139915 2486.75816   46   54 3215.89000 2319.56907  27.9%  37.5  755s
 1067502 139947     cutoff   55      3215.89000 2320.19376  27.9%  37.5  760s
 1073985 139780 2532.21312   49   41 3215.89000 2320.91458  27.8%  37.6  765s
 1080885 139796     cutoff   53      3215.89000 2321.61427  27.8%  37.6  770s
 1087206 139649 2394.81101   51   42 3215.89000 2322.26034  27.8%  37.6  775s
 1093824 139469 2552.00762   49   35 3215.89000 2322.96414  27.8%  37.6  780s
 1100290 139278 2399.32860   51   63 3215.89000 2323.61288  27.7%  37.6  785s
 1105811 139178     cutoff   55      3215.89000 2324.23619  27.7%  37.6  790s
 1112140 138986     cutoff   63      3215.89000 2324.95497  27.7%  37.6  795s
 1118146 138764 2419.16948   49   46 3215.89000 2325.67133  27.7%  37.7  800s
 1124612 138473     cutoff   60      3215.89000 2326.41558  27.7%  37.7  805s
 1131009 138208 2344.88016   43   41 3215.89000 2327.18499  27.6%  37.7  810s
 1137039 138101 2385.92549   51   26 3215.89000 2327.84688  27.6%  37.7  815s
 1143481 137952     cutoff   44      3215.89000 2328.57224  27.6%  37.7  820s
 1149816 137708 2419.78721   48   68 3215.89000 2329.33114  27.6%  37.8  825s
 1156432 137297     cutoff   46      3215.89000 2330.18080  27.5%  37.8  830s
 1163099 136804 2405.04225   46   47 3215.89000 2331.02461  27.5%  37.8  835s
 1169750 136366 2419.03993   55   47 3215.89000 2331.87528  27.5%  37.8  840s
 1176251 136134 2497.27505   48   66 3215.89000 2332.66329  27.5%  37.8  845s
 1182065 135851 2472.19210   41   31 3215.89000 2333.38506  27.4%  37.8  850s
 1187939 135401 2485.32569   48   49 3215.89000 2334.16649  27.4%  37.9  855s
 1193601 135043 2362.12551   53   46 3215.89000 2334.89806  27.4%  37.9  860s
 1199719 134734 3004.88764   44   63 3215.89000 2335.69946  27.4%  37.9  865s
 1205384 134206     cutoff   64      3215.89000 2336.47354  27.3%  37.9  870s
 1211103 133685 2374.74911   46   44 3215.89000 2337.32093  27.3%  37.9  875s
 1216712 133330     cutoff   57      3215.89000 2338.11391  27.3%  38.0  880s
 1223003 132764     cutoff   53      3215.89000 2338.98311  27.3%  38.0  885s
 1229363 132204 2626.86832   45   66 3215.89000 2339.97538  27.2%  38.0  890s
 1235938 131545 2376.10808   45   49 3215.89000 2340.96449  27.2%  38.0  895s
 1242332 130803     cutoff   38      3215.89000 2342.02657  27.2%  38.1  900s
 1248977 130243 2448.53700   61   43 3215.89000 2343.02372  27.1%  38.1  905s
 1255698 129342     cutoff   43      3215.89000 2344.15738  27.1%  38.1  910s
 1261728 128832     cutoff   49      3215.89000 2345.09022  27.1%  38.1  915s
 1267437 128266 2385.72876   50   54 3215.89000 2345.96833  27.1%  38.1  920s
 1273306 127697     cutoff   45      3215.89000 2346.97019  27.0%  38.2  925s
 1278652 126921     cutoff   52      3215.89000 2347.98055  27.0%  38.2  930s
 1284727 126351     cutoff   46      3215.89000 2348.90379  27.0%  38.2  935s
 1290329 125710 2405.32950   50   53 3215.89000 2349.91109  26.9%  38.2  940s
 1295842 124938 2361.19907   44   25 3215.89000 2350.95350  26.9%  38.2  945s
 1301596 124254     cutoff   51      3215.89000 2352.03926  26.9%  38.3  950s
 1307022 123608 2367.37069   50   36 3215.89000 2353.06499  26.8%  38.3  955s
 1312500 122843 2371.66338   39   35 3215.89000 2354.21315  26.8%  38.3  960s
 1317716 122142     cutoff   57      3215.89000 2355.24549  26.8%  38.3  965s
 1323063 121320     cutoff   56      3215.89000 2356.40081  26.7%  38.4  970s
 1328227 120480 2615.56523   65   62 3215.89000 2357.52675  26.7%  38.4  975s
 1333988 119750     cutoff   56      3215.89000 2358.79589  26.7%  38.4  980s
 1339586 118876     cutoff   44      3215.89000 2360.00792  26.6%  38.4  985s
 1344279 118227 2366.49105   49   35 3215.89000 2361.01519  26.6%  38.5  990s
 1348877 117363 2420.71648   55   73 3215.89000 2362.18642  26.5%  38.5  995s
 1355146 116344 2923.57904   63   48 3215.89000 2363.69304  26.5%  38.5 1000s
 1360955 115419     cutoff   53      3215.89000 2365.08738  26.5%  38.5 1005s
 1367051 114559 2555.28798   51   30 3215.89000 2366.58731  26.4%  38.6 1010s
 1373346 113622 2925.96452   52   34 3215.89000 2368.14484  26.4%  38.6 1015s
 1379172 112517     cutoff   60      3215.89000 2369.62770  26.3%  38.6 1020s
 1384752 111332     cutoff   58      3215.89000 2371.28090  26.3%  38.6 1025s
 1390590 110252 2392.60211   58   46 3215.89000 2372.97476  26.2%  38.7 1030s
 1396096 109068     cutoff   49      3215.89000 2374.63832  26.2%  38.7 1035s
 1401875 107819     cutoff   46      3215.89000 2376.42414  26.1%  38.7 1040s
 1407397 106493     cutoff   53      3215.89000 2378.20140  26.0%  38.8 1045s
 1412902 105200     cutoff   46      3215.89000 2380.02035  26.0%  38.8 1050s
 1418588 103771 infeasible   54      3215.89000 2382.05756  25.9%  38.8 1055s
 1424060 102364     cutoff   60      3215.89000 2384.18713  25.9%  38.8 1060s
 1429308 100983 2386.46004   54   39 3215.89000 2386.32873  25.8%  38.9 1065s
 1434654 99627 infeasible   54      3215.89000 2388.43913  25.7%  38.9 1070s
 1439915 98220     cutoff   62      3215.89000 2390.77040  25.7%  38.9 1075s
 1445448 96735 2767.28410   54   56 3215.89000 2393.33707  25.6%  38.9 1080s
 1450498 95227     cutoff   51      3215.89000 2395.97815  25.5%  39.0 1085s
 1455760 93730     cutoff   48      3215.89000 2398.72717  25.4%  39.0 1090s
 1460411 92295     cutoff   49      3215.89000 2401.46063  25.3%  39.0 1095s
 1465449 90660     cutoff   56      3215.89000 2404.66284  25.2%  39.0 1100s
 1470435 89030 2621.76795   48   50 3215.89000 2408.12728  25.1%  39.1 1105s
 1475972 87090     cutoff   53      3215.89000 2412.25384  25.0%  39.1 1110s
 1481131 85085 2560.55878   56   77 3215.89000 2416.62000  24.9%  39.1 1115s
 1486657 82952     cutoff   50      3215.89000 2422.25614  24.7%  39.1 1120s
 1491950 80781 2439.82282   63   42 3215.89000 2428.37267  24.5%  39.1 1125s
 1497728 78159     cutoff   43      3215.89000 2436.70123  24.2%  39.1 1130s
 1503581 75502 2461.24821   68   42 3215.89000 2446.53317  23.9%  39.1 1135s
 1509763 72375 2658.61618   62   39 3215.89000 2460.55129  23.5%  39.1 1140s
 1516670 68716     cutoff   48      3215.89000 2480.55048  22.9%  39.1 1145s
 1524194 64373     cutoff   51      3215.89000 2509.78000  22.0%  39.0 1150s
 1532330 59422 2584.15899   62   46 3215.89000 2545.96389  20.8%  38.9 1155s
 1540893 53711     cutoff   40      3215.89000 2590.05065  19.5%  38.8 1160s
 1549555 47747     cutoff   55      3215.89000 2642.64510  17.8%  38.7 1165s
 1559148 40608     cutoff   54      3215.89000 2716.04726  15.5%  38.6 1170s
 1570062 31620     cutoff   60      3215.89000 2823.29718  12.2%  38.4 1175s
 1583041 20616     cutoff   49      3215.89000 2966.56927  7.75%  38.2 1180s
 1599389  5160     cutoff   48      3215.89000 3167.34775  1.51%  37.9 1185s

Cutting planes:
  Learned: 31
  Gomory: 22
  Cover: 4
  Implied bound: 62
  Clique: 5
  MIR: 73
  Flow cover: 29
  GUB cover: 6
  Zero half: 21

Explored 1604621 nodes (60680929 simplex iterations) in 1186.25 seconds
Thread count was 4 (of 4 available processors)

Optimal solution found (tolerance 1.00e-04)
Best objective 3.215890000000e+03, best bound 3.215640000000e+03, gap 0.0078%
k_c1	100.0
k_c2	16.0
k_c3	92.0
k_c4	2.0
k_c5	10.0
k_c6	13.0
k_c7	84.0
k_c8	87.0
k_c9	4.0
k_dN	0.0
o_1	0.0
o_2	0.0
o_3	0.0
o_4	0.0
o_5	0.0
o_6	0.0
o_7	1.0
o_8	0.0
o_9	0.0
p_1	0.0
p_2	0.0
p_3	0.0
p_4	0.0
p_5	0.0
p_6	0.0
p_7	1.0
p_8	0.0
p_9	0.0
phi_c1	4.0
phi_c2	2.0
phi_c3	3.0
phi_c4	1.0
phi_c5	2.0
phi_c6	3.0
phi_c7	0.0
phi_c8	2.0
phi_c9	1.0
phi_dN	0.0
pi_c1	20.0
pi_c2	20.0
pi_c3	20.0
pi_c4	19.0
pi_c5	5.0
pi_c6	2.0
pi_c7	24.0
pi_c8	20.0
pi_c9	14.0
pi_dN	0.0
tauD_c1	30.0
tauD_c2	44.0
tauD_c3	8.0
tauD_c4	60.0
tauD_c5	54.0
tauD_c6	44.0
tauD_c7	23.0
tauD_c8	15.0
tauD_c9	92.0
tauD_d0	0.0
tauD_dN	100.0
tauS_c1	81.0
tauS_c2	13.0
tauS_c3	15.0
tauS_c4	82.0
tauS_c5	38.0
tauS_c6	50.0
tauS_c7	22.0
tauS_c8	17.0
tauS_c9	55.0
tauS_d0	0.0
tauS_dN	39.0
x_c1_c2	1.0
x_c2_c4	1.0
x_c3_c8	1.0
x_c4_dN	1.0
x_c5_c9	1.0
x_c6_c5	1.0
x_c7_c6	1.0
x_c8_c7	1.0
x_c9_dN	1.0
x_d0_c1	1.0
x_d0_c3	1.0
z_c7_dN	1.0
z_d0_c7	1.0
