
Gurobi 6.0.4 (win64) logging started 06/20/15 12:15:27

Read LP format model from file C:\MT\repository\VRPTWMS\instances\mip\fuel\N10-C_DV100-C_SV30_F6_12_No_1.lp
Reading time = 0.02 seconds
(null): 621 rows, 288 columns, 2553 nonzeros
Optimize a model with 621 rows, 288 columns and 2553 nonzeros
Model has 1000 quadratic constraints
Coefficient statistics:
  Matrix range    [1e+00, 1e+06]
  Objective range [1e+04, 1e+07]
  Bounds range    [1e+00, 1e+06]
  RHS range       [1e+00, 1e+06]
Presolve removed 119 rows and 56 columns
Presolve time: 0.11s
Presolved: 1908 rows, 935 columns, 10133 nonzeros
Variable types: 703 continuous, 232 integer (194 binary)
Found heuristic solution: objective 1.040226e+08

Root relaxation: objective 2.173906e+07, 99 iterations, 0.00 seconds

    Nodes    |    Current Node    |     Objective Bounds      |     Work
 Expl Unexpl |  Obj  Depth IntInf | Incumbent    BestBd   Gap | It/Node Time

     0     0 2.1739e+07    0   20 1.0402e+08 2.1739e+07  79.1%     -    0s
H    0     0                    4.223740e+07 2.1739e+07  48.5%     -    0s
     0     0 2.1854e+07    0   25 4.2237e+07 2.1854e+07  48.3%     -    0s
     0     0 2.1893e+07    0   31 4.2237e+07 2.1893e+07  48.2%     -    0s
     0     0 2.1914e+07    0   37 4.2237e+07 2.1914e+07  48.1%     -    0s
     0     0 2.1914e+07    0   37 4.2237e+07 2.1914e+07  48.1%     -    0s
H    0     0                    3.239850e+07 2.1914e+07  32.4%     -    0s
     0     0 2.1914e+07    0   37 3.2399e+07 2.1914e+07  32.4%     -    0s
     0     2 2.1914e+07    0   37 3.2399e+07 2.1914e+07  32.4%     -    0s
*   35     0              12    3.230520e+07 2.1977e+07  32.0%  10.3    0s
*   76    13               6    3.227120e+07 2.2012e+07  31.8%   9.9    0s
*   94    14               7    3.210700e+07 2.2093e+07  31.2%   9.5    0s
*  323     0              14    3.209640e+07 2.2490e+07  29.9%   8.5    0s

Cutting planes:
  Learned: 2
  Gomory: 3
  Cover: 15
  Implied bound: 12
  Clique: 1
  MIR: 8
  GUB cover: 1

Explored 364 nodes (3210 simplex iterations) in 0.44 seconds
Thread count was 2 (of 4 available processors)

Optimal solution found (tolerance 1.00e-04)
Best objective 3.209640000000e+07, best bound 3.209640000000e+07, gap 0.0%
k_c1	79999.99999999996
k_c10	109999.99999999988
k_c2	69999.99999999988
k_c3	40000.0
k_c4	60000.0
k_c5	140000.0
k_c6	30000.0
k_c7	1000000.0
k_c8	110000.00000000009
k_c9	180000.0
k_dN	-0.0
o_1	-0.0
o_10	-0.0
o_2	0.0
o_3	-0.0
o_4	-0.0
o_5	-0.0
o_6	0.0
o_7	-0.0
o_8	-0.0
o_9	0.0
p_1	-0.0
p_10	-0.0
p_2	0.0
p_3	0.0
p_4	-0.0
p_5	0.0
p_6	0.0
p_7	-0.0
p_8	-0.0
p_9	0.0
phi_c1	14062.999999999989
phi_c10	34263.99999999999
phi_c2	29440.999999999993
phi_c3	8082.0
phi_c4	5098.000000000015
phi_c5	39949.999999999985
phi_c6	20124.0
phi_c7	41742.99999999999
phi_c8	41996.999999999985
phi_c9	52520.999999999985
phi_d0	60000.0
phi_dN	-0.0
tauD_c1	600000.0
tauD_c10	450000.0
tauD_c2	600000.0
tauD_c3	712350.0
tauD_c4	200000.0
tauD_c5	126975.0
tauD_c6	700000.0
tauD_c7	382050.0
tauD_c8	250000.0
tauD_c9	50000.0
tauD_d0	-0.0
tauD_dN	1000000.0
tauS_c1	-0.0
tauS_c10	-0.0
tauS_c2	-0.0
tauS_c3	-0.0
tauS_c4	-0.0
tauS_c5	-0.0
tauS_c6	-0.0
tauS_c7	-0.0
tauS_c8	-0.0
tauS_c9	-0.0
tauS_d0	-0.0
tauS_dN	-0.0
x_c10_c2	1.0
x_c1_c3	1.0
x_c2_c6	1.0
x_c3_dN	1.0
x_c4_dN	1.0
x_c5_c4	1.0
x_c6_dN	1.0
x_c7_c10	1.0
x_c8_c1	1.0
x_c9_c5	1.0
x_d0_c7	1.0
x_d0_c8	1.0
x_d0_c9	1.0
