
Gurobi 6.0.4 (win64) logging started 06/20/15 12:15:29

Read LP format model from file C:\MT\repository\VRPTWMS\instances\mip\fuel\N10-C_DV100-C_SV30_F6_2_No_1.lp
Reading time = 0.02 seconds
(null): 621 rows, 288 columns, 2553 nonzeros
Optimize a model with 621 rows, 288 columns and 2553 nonzeros
Model has 1000 quadratic constraints
Coefficient statistics:
  Matrix range    [1e+00, 1e+06]
  Objective range [5e+04, 1e+07]
  Bounds range    [1e+00, 1e+06]
  RHS range       [1e+00, 1e+06]
Presolve removed 76 rows and 30 columns
Presolve time: 0.47s
Presolved: 2081 rows, 1026 columns, 11558 nonzeros
Variable types: 768 continuous, 258 integer (216 binary)
Found heuristic solution: objective 1.039960e+08

Root relaxation: objective 1.981164e+06, 138 iterations, 0.01 seconds

    Nodes    |    Current Node    |     Objective Bounds      |     Work
 Expl Unexpl |  Obj  Depth IntInf | Incumbent    BestBd   Gap | It/Node Time

     0     0 1981164.48    0   43 1.0400e+08 1981164.48  98.1%     -    0s
     0     0 1.1703e+07    0   33 1.0400e+08 1.1703e+07  88.7%     -    0s
H    0     0                    6.273810e+07 1.1703e+07  81.3%     -    0s
H    0     0                    4.231060e+07 1.1703e+07  72.3%     -    0s
H    0     0                    3.220180e+07 1.1703e+07  63.7%     -    0s
     0     0 1.1813e+07    0   41 3.2202e+07 1.1813e+07  63.3%     -    0s
     0     0 1.1830e+07    0   37 3.2202e+07 1.1830e+07  63.3%     -    0s
     0     0 1.1830e+07    0   37 3.2202e+07 1.1830e+07  63.3%     -    0s
     0     0 1.1830e+07    0   37 3.2202e+07 1.1830e+07  63.3%     -    0s
     0     2 1.1830e+07    0   37 3.2202e+07 1.1830e+07  63.3%     -    0s
*  184   107               9    3.215810e+07 1.2051e+07  62.5%  20.6    0s
H  199   118                    3.203430e+07 1.2051e+07  62.4%  20.6    0s
H  266   124                    3.202960e+07 1.2085e+07  62.3%  18.9    0s
  3845   516 2.2719e+07   21   36 3.2030e+07 2.2719e+07  29.1%  16.5    5s

Cutting planes:
  Learned: 1
  Gomory: 4
  Cover: 4
  Implied bound: 1
  Clique: 6
  Flow cover: 3
  GUB cover: 5
  Zero half: 3

Explored 4508 nodes (71099 simplex iterations) in 5.75 seconds
Thread count was 2 (of 4 available processors)

Optimal solution found (tolerance 1.00e-04)
Best objective 3.202960000000e+07, best bound 3.202960000000e+07, gap 0.0%
k_c1	859999.0
k_c10	930000.0
k_c2	1000000.0
k_c3	70000.0
k_c4	1000000.0
k_c5	1000000.0
k_c6	879999.0
k_c7	50000.0
k_c8	970000.0
k_c9	10000.0
k_dN	-0.0
o_1	0.0
o_10	0.0
o_2	0.0
o_3	0.0
o_4	0.0
o_5	0.0
o_6	0.0
o_7	0.0
o_8	0.0
o_9	0.0
p_1	0.0
p_10	0.0
p_2	-0.0
p_3	0.0
p_4	0.0
p_5	0.0
p_6	0.0
p_7	0.0
p_8	0.0
p_9	0.0
phi_c1	8697.0
phi_c10	18007.0
phi_c2	49028.0
phi_c3	32765.0
phi_c4	41730.0
phi_c5	56394.0
phi_c6	39656.0
phi_c7	21372.0
phi_c8	22690.0
phi_c9	18027.0
phi_d0	60000.0
phi_dN	-0.0
tauD_c1	850000.0
tauD_c10	700000.0
tauD_c2	561474.0
tauD_c3	525750.0
tauD_c4	459974.0
tauD_c5	250000.0
tauD_c6	450000.0
tauD_c7	648325.0
tauD_c8	561124.0
tauD_c9	850000.0
tauD_d0	-0.0
tauD_dN	1000000.0
tauS_c1	887500.0
tauS_c10	874100.0
tauS_c2	879000.0
tauS_c3	865400.0
tauS_c4	851725.0
tauS_c5	906525.0
tauS_c6	844950.0
tauS_c7	858500.0
tauS_c8	863425.0
tauS_c9	869375.0
tauS_d0	-0.0
tauS_dN	1000000.0
x_c10_c1	1.0
x_c1_dN	1.0
x_c2_dN	1.0
x_c3_c7	1.0
x_c4_c8	1.0
x_c5_c6	1.0
x_c6_c3	1.0
x_c7_c9	1.0
x_c8_c10	1.0
x_c9_dN	1.0
x_d0_c2	1.0
x_d0_c4	1.0
x_d0_c5	1.0
