
Gurobi 6.0.4 (win64) logging started 06/20/15 12:15:17

Read LP format model from file C:\MT\repository\VRPTWMS\instances\mip\fuel\N10-C_DV100-C_SV30_F6_1_No_1.lp
Reading time = 0.02 seconds
(null): 621 rows, 288 columns, 2553 nonzeros
Optimize a model with 621 rows, 288 columns and 2553 nonzeros
Model has 1000 quadratic constraints
Coefficient statistics:
  Matrix range    [1e+00, 1e+06]
  Objective range [4e+04, 1e+07]
  Bounds range    [1e+00, 1e+06]
  RHS range       [1e+00, 1e+06]
Presolve removed 65 rows and 28 columns
Presolve time: 0.44s
Presolved: 2116 rows, 1040 columns, 11832 nonzeros
Variable types: 780 continuous, 260 integer (218 binary)
Found heuristic solution: objective 1.036270e+08

Root relaxation: objective 1.634861e+06, 158 iterations, 0.01 seconds

    Nodes    |    Current Node    |     Objective Bounds      |     Work
 Expl Unexpl |  Obj  Depth IntInf | Incumbent    BestBd   Gap | It/Node Time

     0     0 1634861.34    0   39 1.0363e+08 1634861.34  98.4%     -    0s
H    0     0                    9.313310e+07 1634861.34  98.2%     -    0s
     0     0 1963292.26    0   34 9.3133e+07 1963292.26  97.9%     -    0s
H    0     0                    8.311160e+07 1963292.26  97.6%     -    0s
H    0     0                    6.251860e+07 1963292.26  96.9%     -    0s
     0     0 2005349.50    0   42 6.2519e+07 2005349.50  96.8%     -    0s
H    0     0                    5.259290e+07 2005349.50  96.2%     -    0s
     0     0 2023205.17    0   44 5.2593e+07 2023205.17  96.2%     -    0s
     0     0 2044016.55    0   35 5.2593e+07 2044016.55  96.1%     -    0s
H    0     0                    4.275820e+07 2044016.55  95.2%     -    0s
     0     0 2049685.25    0   39 4.2758e+07 2049685.25  95.2%     -    0s
     0     0 2049947.73    0   42 4.2758e+07 2049947.73  95.2%     -    0s
     0     0 2051949.40    0   40 4.2758e+07 2051949.40  95.2%     -    0s
H    0     0                    4.264540e+07 2051949.40  95.2%     -    0s
     0     0 2051949.40    0   39 4.2645e+07 2051949.40  95.2%     -    0s
     0     0 2051949.40    0   40 4.2645e+07 2051949.40  95.2%     -    0s
     0     0 2051949.40    0   39 4.2645e+07 2051949.40  95.2%     -    0s
     0     0 2051949.40    0   39 4.2645e+07 2051949.40  95.2%     -    0s
     0     2 2051949.40    0   39 4.2645e+07 2051949.40  95.2%     -    0s
*   73    44              24    4.255370e+07 1.1692e+07  72.5%  20.6    0s
H   80    63                    4.237330e+07 1.1692e+07  72.4%  21.7    0s
*  112    83              30    3.200480e+07 1.1694e+07  63.5%  20.5    1s
*  257   161              28    3.193060e+07 1.1711e+07  63.3%  22.9    1s
H  259   165                    3.189850e+07 1.1711e+07  63.3%  22.8    1s
H  490   248                    3.186310e+07 1.1805e+07  62.9%  22.4    1s
H  626   314                    3.186060e+07 1.1886e+07  62.7%  21.4    1s

Cutting planes:
  Learned: 1
  Gomory: 2
  Cover: 4
  Implied bound: 1
  MIR: 3
  GUB cover: 1

Explored 2083 nodes (51994 simplex iterations) in 4.07 seconds
Thread count was 2 (of 4 available processors)

Optimal solution found (tolerance 1.00e-04)
Best objective 3.186060000000e+07, best bound 3.186060000000e+07, gap 0.0%
k_c1	60000.0
k_c10	100000.0
k_c2	60000.0
k_c3	120000.0
k_c4	1000000.0
k_c5	100000.0
k_c6	30000.0
k_c7	1000000.0
k_c8	40000.0
k_c9	980000.0
k_dN	-0.0
o_1	0.0
o_10	-0.0
o_2	-0.0
o_3	0.0
o_4	-0.0
o_5	0.0
o_6	0.0
o_7	0.0
o_8	0.0
o_9	0.0
p_1	-0.0
p_10	0.0
p_2	0.0
p_3	0.0
p_4	0.0
p_5	0.0
p_6	0.0
p_7	0.0
p_8	0.0
p_9	-0.0
phi_c1	17187.0
phi_c10	19448.0
phi_c2	2676.0
phi_c3	38003.0
phi_c4	42907.0
phi_c5	53979.0
phi_c6	13280.0
phi_c7	49550.0
phi_c8	8463.0
phi_c9	25128.0
phi_d0	60000.0
phi_dN	-0.0
tauD_c1	777400.0
tauD_c10	600000.0
tauD_c2	800000.0
tauD_c3	717400.0
tauD_c4	250000.0
tauD_c5	22500.0
tauD_c6	700000.0
tauD_c7	246325.0
tauD_c8	850000.0
tauD_c9	450000.0
tauD_d0	-0.0
tauD_dN	1000000.0
tauS_c1	869375.0
tauS_c10	175875.0
tauS_c2	910000.0
tauS_c3	340400.0
tauS_c4	856125.0
tauS_c5	897500.0
tauS_c6	195750.0
tauS_c7	206325.0
tauS_c8	213750.0
tauS_c9	170175.0
tauS_d0	-0.0
tauS_dN	1000000.0
x_c10_c6	1.0
x_c1_c8	1.0
x_c2_dN	1.0
x_c3_c2	1.0
x_c4_c9	1.0
x_c5_c1	1.0
x_c6_dN	1.0
x_c7_c3	1.0
x_c8_dN	1.0
x_c9_c10	1.0
x_d0_c4	1.0
x_d0_c5	1.0
x_d0_c7	1.0
