
Gurobi 6.0.4 (win64) logging started 06/20/15 12:15:28

Read LP format model from file C:\MT\repository\VRPTWMS\instances\mip\fuel\N10-C_DV100-C_SV30_F6_13_No_1.lp
Reading time = 0.01 seconds
(null): 621 rows, 288 columns, 2553 nonzeros
Optimize a model with 621 rows, 288 columns and 2553 nonzeros
Model has 1000 quadratic constraints
Coefficient statistics:
  Matrix range    [1e+00, 1e+06]
  Objective range [4e+04, 1e+07]
  Bounds range    [1e+00, 1e+06]
  RHS range       [1e+00, 1e+06]
Presolve removed 81 rows and 44 columns
Presolve time: 0.10s
Presolved: 1800 rows, 874 columns, 10183 nonzeros
Variable types: 630 continuous, 244 integer (202 binary)
Found heuristic solution: objective 1.049436e+08

Root relaxation: objective 8.906166e+06, 135 iterations, 0.00 seconds

    Nodes    |    Current Node    |     Objective Bounds      |     Work
 Expl Unexpl |  Obj  Depth IntInf | Incumbent    BestBd   Gap | It/Node Time

     0     0 8906165.61    0   39 1.0494e+08 8906165.61  91.5%     -    0s
     0     0 1.3904e+07    0   37 1.0494e+08 1.3904e+07  86.8%     -    0s
H    0     0                    7.449780e+07 1.3904e+07  81.3%     -    0s
H    0     0                    5.329490e+07 1.3904e+07  73.9%     -    0s
     0     0 2.1521e+07    0   33 5.3295e+07 2.1521e+07  59.6%     -    0s
H    0     0                    5.326940e+07 2.1521e+07  59.6%     -    0s
H    0     0                    4.297480e+07 2.1521e+07  49.9%     -    0s
     0     0 2.1521e+07    0   49 4.2975e+07 2.1521e+07  49.9%     -    0s
H    0     0                    4.289610e+07 2.1521e+07  49.8%     -    0s
     0     0 2.1521e+07    0   39 4.2896e+07 2.1521e+07  49.8%     -    0s
H    0     0                    4.263620e+07 2.1521e+07  49.5%     -    0s
     0     0 2.1521e+07    0   42 4.2636e+07 2.1521e+07  49.5%     -    0s
H    0     0                    3.211230e+07 2.1521e+07  33.0%     -    0s
     0     0 2.1521e+07    0   45 3.2112e+07 2.1521e+07  33.0%     -    0s
     0     0 2.1521e+07    0   48 3.2112e+07 2.1521e+07  33.0%     -    0s
     0     0 2.1521e+07    0   48 3.2112e+07 2.1521e+07  33.0%     -    0s
     0     2 2.1521e+07    0   43 3.2112e+07 2.1521e+07  33.0%     -    0s

Cutting planes:
  Learned: 2
  Gomory: 3
  Cover: 31
  Implied bound: 30
  Clique: 8
  MIR: 19
  GUB cover: 8

Explored 592 nodes (7111 simplex iterations) in 0.76 seconds
Thread count was 2 (of 4 available processors)

Optimal solution found (tolerance 1.00e-04)
Best objective 3.211230000000e+07, best bound 3.211230000000e+07, gap 0.0%
k_c1	90000.0
k_c10	130000.0
k_c2	20000.0
k_c3	960000.0
k_c4	140000.0
k_c5	40000.0
k_c6	90000.0
k_c7	79689.0
k_c8	60000.0
k_c9	910000.0
k_dN	-0.0
o_1	0.0
o_10	-0.0
o_2	0.0
o_3	0.0
o_4	0.0
o_5	0.0
o_6	0.0
o_7	0.0
o_8	0.0
o_9	0.0
p_1	0.0
p_10	0.0
p_2	0.0
p_3	0.0
p_4	0.0
p_5	0.0
p_6	0.0
p_7	0.0
p_8	0.0
p_9	0.0
phi_c1	23456.0
phi_c10	36602.0
phi_c2	19582.0
phi_c3	46720.0
phi_c4	40989.0
phi_c5	18726.0
phi_c6	33784.0
phi_c7	24858.0
phi_c8	22572.0
phi_c9	52795.0
phi_d0	60000.0
phi_dN	-0.0
tauD_c1	600000.0
tauD_c10	500875.0
tauD_c2	800000.0
tauD_c3	250000.0
tauD_c4	540983.0
tauD_c5	677675.0
tauD_c6	637908.0
tauD_c7	519977.0
tauD_c8	748825.0
tauD_c9	331794.0
tauD_d0	-0.0
tauD_dN	1000000.0
tauS_c1	817124.0
tauS_c10	838375.0
tauS_c2	0.0
tauS_c3	0.0
tauS_c4	0.0
tauS_c5	802074.0
tauS_c6	830975.0
tauS_c7	812024.0
tauS_c8	0.0
tauS_c9	837199.0
tauS_d0	-0.0
tauS_dN	1000000.0
x_c10_c1	1.0
x_c1_c5	1.0
x_c2_dN	1.0
x_c3_c4	1.0
x_c4_c6	1.0
x_c5_dN	1.0
x_c6_c8	1.0
x_c7_dN	1.0
x_c8_c2	1.0
x_c9_c7	1.0
x_d0_c10	1.0
x_d0_c3	1.0
x_d0_c9	1.0
