
Gurobi 6.0.4 (win64) logging started 06/20/15 12:15:22

Read LP format model from file C:\MT\repository\VRPTWMS\instances\mip\fuel\N10-C_DV100-C_SV30_F6_10_No_1.lp
Reading time = 0.01 seconds
(null): 621 rows, 288 columns, 2553 nonzeros
Optimize a model with 621 rows, 288 columns and 2553 nonzeros
Model has 1000 quadratic constraints
Coefficient statistics:
  Matrix range    [1e+00, 1e+06]
  Objective range [2e+04, 1e+07]
  Bounds range    [1e+00, 1e+06]
  RHS range       [1e+00, 1e+06]
Presolve removed 84 rows and 42 columns
Presolve time: 0.34s
Presolved: 1861 rows, 908 columns, 10426 nonzeros
Variable types: 662 continuous, 246 integer (204 binary)
Found heuristic solution: objective 1.038904e+08

Root relaxation: objective 1.207006e+07, 146 iterations, 0.00 seconds

    Nodes    |    Current Node    |     Objective Bounds      |     Work
 Expl Unexpl |  Obj  Depth IntInf | Incumbent    BestBd   Gap | It/Node Time

     0     0 1.2070e+07    0   39 1.0389e+08 1.2070e+07  88.4%     -    0s
H    0     0                    5.301570e+07 1.2070e+07  77.2%     -    0s
     0     0 1.7077e+07    0   35 5.3016e+07 1.7077e+07  67.8%     -    0s
H    0     0                    5.268780e+07 1.7077e+07  67.6%     -    0s
H    0     0                    4.230190e+07 1.7077e+07  59.6%     -    0s
     0     0 2.1914e+07    0   34 4.2302e+07 2.1914e+07  48.2%     -    0s
     0     0 2.1985e+07    0   21 4.2302e+07 2.1985e+07  48.0%     -    0s
     0     0 2.1985e+07    0   22 4.2302e+07 2.1985e+07  48.0%     -    0s
     0     0 2.1985e+07    0   20 4.2302e+07 2.1985e+07  48.0%     -    0s
     0     0 2.1985e+07    0   21 4.2302e+07 2.1985e+07  48.0%     -    0s
     0     0 2.1985e+07    0   21 4.2302e+07 2.1985e+07  48.0%     -    0s
     0     0 2.1985e+07    0   21 4.2302e+07 2.1985e+07  48.0%     -    0s
     0     2 2.1985e+07    0   21 4.2302e+07 2.1985e+07  48.0%     -    0s
*   86    19               9    3.232780e+07 2.2060e+07  31.8%   9.5    0s

Cutting planes:
  Learned: 4
  Gomory: 3
  Cover: 28
  Implied bound: 46
  Clique: 6
  MIR: 20
  GUB cover: 9

Explored 641 nodes (7337 simplex iterations) in 0.93 seconds
Thread count was 2 (of 4 available processors)

Optimal solution found (tolerance 1.00e-04)
Best objective 3.232780000000e+07, best bound 3.232780000000e+07, gap 0.0%
k_c1	950000.0000000001
k_c10	919999.9999999999
k_c2	930000.0
k_c3	1000000.0000000001
k_c4	900000.0000000001
k_c5	1000000.0
k_c6	1000000.0
k_c7	40000.0
k_c8	970000.0
k_c9	970000.0
k_dN	-0.0
o_1	-0.0
o_10	-0.0
o_2	-0.0
o_3	-0.0
o_4	-0.0
o_5	-0.0
o_6	-0.0
o_7	-0.0
o_8	-0.0
o_9	-0.0
p_1	0.0
p_10	0.0
p_2	0.0
p_3	0.0
p_4	0.0
p_5	0.0
p_6	-0.0
p_7	0.0
p_8	0.0
p_9	-0.0
phi_c1	31366.999999999996
phi_c10	14175.999999999998
phi_c2	44719.999999999985
phi_c3	38846.0
phi_c4	11835.000000000015
phi_c5	53176.0
phi_c6	44212.0
phi_c7	15165.999999999998
phi_c8	18395.00000000003
phi_c9	48948.0
phi_d0	60000.0
phi_dN	-0.0
tauD_c1	364250.0
tauD_c10	650000.0
tauD_c2	650000.0
tauD_c3	250000.0
tauD_c4	450000.0
tauD_c5	300000.0
tauD_c6	100000.0
tauD_c7	800000.0
tauD_c8	256475.0
tauD_c9	345799.9999999999
tauD_d0	-0.0
tauD_dN	1000000.0
tauS_c1	827225.0
tauS_c10	809275.0
tauS_c2	17550.0
tauS_c3	813250.0
tauS_c4	18225.0
tauS_c5	-0.0
tauS_c6	-0.0
tauS_c7	-0.0
tauS_c8	823525.0
tauS_c9	3025.0
tauS_d0	-0.0
tauS_dN	6675.0
x_c10_dN	1.0
x_c1_c4	1.0
x_c2_c7	0.9999999999999998
x_c3_c1	1.0
x_c4_dN	1.0
x_c5_c9	1.0
x_c6_c8	1.0
x_c7_dN	1.0
x_c8_c10	1.0
x_c9_c2	0.9999999999999998
x_d0_c3	1.0
x_d0_c5	1.0
x_d0_c6	1.0
