
Gurobi 6.0.4 (win64) logging started 06/20/15 12:16:01

Read LP format model from file C:\MT\repository\VRPTWMS\instances\mip\fuel\N10-C_DV100-C_SV30_F6_8_No_1.lp
Reading time = 0.01 seconds
(null): 621 rows, 288 columns, 2553 nonzeros
Optimize a model with 621 rows, 288 columns and 2553 nonzeros
Model has 1000 quadratic constraints
Coefficient statistics:
  Matrix range    [1e+00, 1e+06]
  Objective range [4e+04, 1e+07]
  Bounds range    [1e+00, 1e+06]
  RHS range       [1e+00, 1e+06]
Presolve removed 91 rows and 52 columns
Presolve time: 0.09s
Presolved: 1716 rows, 829 columns, 9635 nonzeros
Variable types: 593 continuous, 236 integer (194 binary)
Found heuristic solution: objective 1.040328e+08

Root relaxation: objective 1.594780e+07, 104 iterations, 0.00 seconds

    Nodes    |    Current Node    |     Objective Bounds      |     Work
 Expl Unexpl |  Obj  Depth IntInf | Incumbent    BestBd   Gap | It/Node Time

     0     0 1.5948e+07    0   37 1.0403e+08 1.5948e+07  84.7%     -    0s
H    0     0                    6.283550e+07 1.5948e+07  74.6%     -    0s
     0     0 1.7610e+07    0   45 6.2836e+07 1.7610e+07  72.0%     -    0s
H    0     0                    4.260150e+07 1.7610e+07  58.7%     -    0s
     0     0 2.2353e+07    0   24 4.2602e+07 2.2353e+07  47.5%     -    0s
H    0     0                    4.256400e+07 2.2353e+07  47.5%     -    0s
H    0     0                    4.255510e+07 2.2353e+07  47.5%     -    0s
     0     0 2.2420e+07    0   24 4.2555e+07 2.2420e+07  47.3%     -    0s
     0     0 2.2442e+07    0   34 4.2555e+07 2.2442e+07  47.3%     -    0s
     0     0 2.2442e+07    0   15 4.2555e+07 2.2442e+07  47.3%     -    0s
H    0     0                    4.251810e+07 2.2442e+07  47.2%     -    0s
     0     0 2.2442e+07    0   15 4.2518e+07 2.2442e+07  47.2%     -    0s
     0     0 2.2442e+07    0   15 4.2518e+07 2.2442e+07  47.2%     -    0s
     0     2 2.2442e+07    0   15 4.2518e+07 2.2442e+07  47.2%     -    0s
H   27     7                    4.242620e+07 2.2485e+07  47.0%  16.6    0s
*   47    18               4    3.231990e+07 2.2485e+07  30.4%  13.3    0s
*  127     4               7    3.227460e+07 2.3311e+07  27.8%  11.4    0s

Cutting planes:
  Learned: 2
  Gomory: 1
  Cover: 21
  Implied bound: 12
  Clique: 7
  MIR: 11
  GUB cover: 7

Explored 145 nodes (1876 simplex iterations) in 0.42 seconds
Thread count was 2 (of 4 available processors)

Optimal solution found (tolerance 1.00e-04)
Best objective 3.227460000000e+07, best bound 3.227460000000e+07, gap 0.0000%
k_c1	49999.99999999995
k_c10	109999.99999999919
k_c2	20000.000000000004
k_c3	30000.0
k_c4	50000.0
k_c5	79999.99999999999
k_c6	39999.999999999985
k_c7	1000000.0
k_c8	930000.0
k_c9	80000.0
k_dN	-0.0
o_1	0.0
o_10	-0.0
o_2	-0.0
o_3	0.0
o_4	-0.0
o_5	-0.0
o_6	-0.0
o_7	0.0
o_8	-0.0
o_9	-0.0
p_1	0.0
p_10	0.0
p_2	0.0
p_3	0.0
p_4	0.0
p_5	-0.0
p_6	-0.0
p_7	-0.0
p_8	0.0
p_9	0.0
phi_c1	25441.999999999978
phi_c10	54469.0
phi_c2	19133.0
phi_c3	23408.000000000015
phi_c4	15788.000000000015
phi_c5	37905.0
phi_c6	37521.999999999985
phi_c7	55931.999999999985
phi_c8	53176.00000000001
phi_c9	46192.000000000015
phi_d0	60000.0
phi_dN	-0.0
tauD_c1	450000.0
tauD_c10	288099.99999999994
tauD_c2	800000.0
tauD_c3	650000.0
tauD_c4	532650.0
tauD_c5	399999.99999999994
tauD_c6	200000.0
tauD_c7	15200.0
tauD_c8	200000.0
tauD_c9	276099.99999999994
tauD_d0	-0.0
tauD_dN	1000000.0
tauS_c1	-0.0
tauS_c10	-0.0
tauS_c2	-0.0
tauS_c3	75925.0
tauS_c4	49050.0
tauS_c5	15525.0
tauS_c6	73800.0
tauS_c7	-0.0
tauS_c8	-0.0
tauS_c9	-0.0
tauS_d0	-0.0
tauS_dN	-0.0
x_c10_c5	1.0
x_c1_c2	1.0
x_c2_dN	1.0
x_c3_dN	1.0
x_c4_dN	1.0
x_c5_c4	1.0
x_c6_c3	1.0
x_c7_c8	1.0
x_c8_c9	1.0
x_c9_c1	0.9999999999999998
x_d0_c10	0.9999999999999998
x_d0_c6	1.0
x_d0_c7	1.0
