
Gurobi 6.0.4 (win64) logging started 06/21/15 10:34:07

Read LP format model from file C:\MT\repository\VRPTWMS\instances\mip\fuel\N12-C_DV100-C_SV30_F6_18_No_1.lp
Reading time = 0.02 seconds
(null): 865 rows, 392 columns, 3639 nonzeros
Optimize a model with 865 rows, 392 columns and 3639 nonzeros
Model has 1728 quadratic constraints
Coefficient statistics:
  Matrix range    [1e+00, 1e+06]
  Objective range [4e+04, 1e+07]
  Bounds range    [1e+00, 1e+06]
  RHS range       [1e+00, 1e+06]
Presolve removed 66 rows and 28 columns
Presolve time: 0.20s
Presolved: 3772 rows, 1848 columns, 21232 nonzeros
Variable types: 1484 continuous, 364 integer (314 binary)
Found heuristic solution: objective 1.258378e+08

Root relaxation: objective 1.555146e+06, 130 iterations, 0.01 seconds

    Nodes    |    Current Node    |     Objective Bounds      |     Work
 Expl Unexpl |  Obj  Depth IntInf | Incumbent    BestBd   Gap | It/Node Time

     0     0 1555145.82    0   48 1.2584e+08 1555145.82  98.8%     -    0s
     0     0 1841010.19    0   56 1.2584e+08 1841010.19  98.5%     -    0s
H    0     0                    1.154495e+08 1841010.19  98.4%     -    0s
     0     0 1906492.88    0   51 1.1545e+08 1906492.88  98.3%     -    0s
     0     0 1928033.33    0   45 1.1545e+08 1928033.33  98.3%     -    0s
     0     0 1962200.00    0   39 1.1545e+08 1962200.00  98.3%     -    0s
     0     0 1965261.89    0   42 1.1545e+08 1965261.89  98.3%     -    0s
H    0     0                    1.048729e+08 1965261.89  98.1%     -    0s
H    0     0                    8.456250e+07 1965261.89  97.7%     -    0s
     0     0 1974061.11    0   49 8.4563e+07 1974061.11  97.7%     -    0s
H    0     0                    7.387130e+07 1974061.11  97.3%     -    0s
H    0     0                    5.341850e+07 1974061.11  96.3%     -    0s
     0     0 1974061.11    0   47 5.3419e+07 1974061.11  96.3%     -    0s
     0     2 1974061.11    0   47 5.3419e+07 1974061.11  96.3%     -    0s
H   58    51                    5.338250e+07 1987483.33  96.3%  32.7    0s
H   85    79                    4.275020e+07 1987483.33  95.4%  29.8    0s
   740   498 2.6923e+07   43   72 4.2750e+07 2141377.06  95.0%  26.5    5s
   759   510 3.3296e+07   26   68 4.2750e+07 2183341.67  94.9%  25.8   10s
   894   571 1.2439e+07   19   40 4.2750e+07 2233189.47  94.8%  34.8   15s
  1993   751 infeasible   25      4.2750e+07 4782228.32  88.8%  42.4   20s
H 2039   711                    4.271850e+07 5086607.75  88.1%  42.4   20s
H 2088   695                    4.269530e+07 5262049.79  87.7%  42.7   20s
H 2202   718                    4.269060e+07 6653059.11  84.4%  42.7   21s
H 2264   732                    4.269030e+07 7209776.96  83.1%  42.9   22s
  2987  1054 3.2889e+07   34   25 4.2690e+07 1.2039e+07  71.8%  42.3   25s
* 3912  1345              31    4.268410e+07 1.2127e+07  71.6%  41.0   28s
* 3913  1345              30    4.268380e+07 1.2127e+07  71.6%  41.0   28s
  4466  1514 1.4283e+07   24   62 4.2684e+07 1.2207e+07  71.4%  40.3   30s
  6054  1930 3.2967e+07   37   37 4.2684e+07 1.2350e+07  71.1%  39.5   35s
  7309  2225 2.5845e+07   26   52 4.2684e+07 1.2500e+07  70.7%  40.3   40s
  8808  2517 2.2955e+07   36   34 4.2684e+07 1.2788e+07  70.0%  41.3   45s
  9983  2757 infeasible   33      4.2684e+07 1.3544e+07  68.3%  41.9   50s
 11466  2963     cutoff   38      4.2684e+07 1.4662e+07  65.7%  42.6   55s
 12868  3164 2.4720e+07   20   56 4.2684e+07 1.5908e+07  62.7%  42.7   60s
 14407  3233 infeasible   30      4.2684e+07 1.8008e+07  57.8%  42.6   65s
 14694  3282 3.3045e+07   88   47 4.2684e+07 1.8056e+07  57.7%  42.5   74s
 14696  3283 2.5500e+07   26   50 4.2684e+07 1.8056e+07  57.7%  42.5   75s
 14706  3290 2.2200e+07   27   46 4.2684e+07 1.8056e+07  57.7%  42.4   80s
 14715  3296 2.2360e+07   27   73 4.2684e+07 1.8056e+07  57.7%  42.4   85s
 14724  3302 2.2708e+07   31   84 4.2684e+07 1.8056e+07  57.7%  42.4   90s
 14732  3307 2.3962e+07   33   84 4.2684e+07 1.8056e+07  57.7%  42.4   95s
 14740  3313 3.2552e+07   36   94 4.2684e+07 1.8056e+07  57.7%  42.3  100s
 14799  3340     cutoff   30      4.2684e+07 1.8056e+07  57.7%  41.5  105s
 15628  3398     cutoff   43      4.2684e+07 1.8056e+07  57.7%  41.6  110s
 17069  3597 2.2898e+07   36   56 4.2684e+07 1.8056e+07  57.7%  42.4  115s
 18434  3769 4.2601e+07   50   10 4.2684e+07 1.8056e+07  57.7%  42.5  120s
 20059  3825 2.9943e+07   42   34 4.2684e+07 1.8056e+07  57.7%  42.2  125s
 21789  3739 1.8056e+07   35   42 4.2684e+07 1.8056e+07  57.7%  41.7  131s
 24265  3901 2.2255e+07   31   22 4.2684e+07 2.2188e+07  48.0%  40.2  136s
 26320  4298 2.2441e+07   26   38 4.2684e+07 2.2334e+07  47.7%  39.2  140s
 29232  4842 2.6962e+07   35   35 4.2684e+07 2.2464e+07  47.4%  37.9  145s
 30840  5094 3.3200e+07   38   29 4.2684e+07 2.2578e+07  47.1%  37.6  150s
 32599  5412     cutoff   31      4.2684e+07 2.2714e+07  46.8%  37.5  155s
 34731  5781 3.3125e+07   45   34 4.2684e+07 2.2909e+07  46.3%  37.5  160s
 36387  6017 infeasible   38      4.2684e+07 2.3056e+07  46.0%  37.4  165s
 37928  6205 2.3357e+07   33   46 4.2684e+07 2.3260e+07  45.5%  37.2  170s
 40046  6312 2.4519e+07   34   34 4.2684e+07 2.4507e+07  42.6%  36.9  175s
 42532  6373     cutoff   31      4.2684e+07 2.6212e+07  38.6%  36.0  180s
 45415  6356 infeasible   45      4.2684e+07 2.8486e+07  33.3%  35.1  185s
 48923  6604 3.2371e+07   39   21 4.2684e+07 3.2358e+07  24.2%  33.8  190s
 52405  6898     cutoff   38      4.2684e+07 3.2534e+07  23.8%  32.6  195s
 55880  6614 3.2670e+07   36   15 4.2684e+07 3.2658e+07  23.5%  31.6  200s
 58720  6154 3.5525e+07   49   16 4.2684e+07 3.2765e+07  23.2%  30.9  205s
 61567  5746     cutoff   28      4.2684e+07 3.2865e+07  23.0%  30.4  210s
 63957  5431     cutoff   65      4.2684e+07 3.2936e+07  22.8%  30.1  215s
 66251  4998     cutoff   40      4.2684e+07 3.3031e+07  22.6%  29.9  220s
 68288  4589 3.3193e+07   43   29 4.2684e+07 3.3140e+07  22.4%  29.8  225s
 70730  4370     cutoff   35      4.2684e+07 3.3256e+07  22.1%  29.6  230s
 73083  3998     cutoff   36      4.2684e+07 3.3379e+07  21.8%  29.4  235s
 75798  3563 3.6731e+07   45   54 4.2684e+07 3.3562e+07  21.4%  29.1  240s
 78675  2821 3.7537e+07   41   26 4.2684e+07 3.4058e+07  20.2%  28.7  245s

Cutting planes:
  Learned: 1
  Gomory: 6
  Implied bound: 18
  Clique: 1
  MIR: 5
  Flow cover: 13
  GUB cover: 4
  Zero half: 30

Explored 82273 nodes (2311207 simplex iterations) in 249.06 seconds
Thread count was 2 (of 4 available processors)

Optimal solution found (tolerance 1.00e-04)
Best objective 4.268380000000e+07, best bound 4.268380000000e+07, gap 0.0%
k_c1	990000.0
k_c10	60000.0
k_c11	1000000.0
k_c12	100000.0
k_c2	960000.0
k_c3	140000.0
k_c4	940000.0
k_c5	1000000.0
k_c6	890000.0
k_c7	1000000.0
k_c8	870000.0
k_c9	1000000.0
k_dN	0.0
o_1	0.0
o_10	0.0
o_11	0.0
o_12	0.0
o_2	0.0
o_3	0.0
o_4	0.0
o_5	0.0
o_6	0.0
o_7	0.0
o_8	0.0
o_9	0.0
p_1	0.0
p_10	0.0
p_11	0.0
p_12	0.0
p_2	0.0
p_3	0.0
p_4	0.0
p_5	0.0
p_6	0.0
p_7	0.0
p_8	0.0
p_9	0.0
phi_c1	30250.0
phi_c10	9506.0
phi_c11	36271.0
phi_c12	34719.0
phi_c2	37697.0
phi_c3	44593.0
phi_c4	32305.0
phi_c5	11433.0
phi_c6	28405.0
phi_c7	47008.0
phi_c8	22886.0
phi_c9	53410.0
phi_d0	60000.0
phi_dN	0.0
tauD_c1	400000.0
tauD_c10	924475.0
tauD_c11	307500.0
tauD_c12	805925.0
tauD_c2	549125.0
tauD_c3	709025.0
tauD_c4	639275.0
tauD_c5	700000.0
tauD_c6	733850.0
tauD_c7	650000.0
tauD_c8	834475.0
tauD_c9	450000.0
tauD_d0	0.0
tauD_dN	1000000.0
tauS_c1	836900.0
tauS_c10	80875.0
tauS_c11	831325.0
tauS_c12	149425.0
tauS_c2	874100.0
tauS_c3	114650.0
tauS_c4	97975.0
tauS_c5	112400.0
tauS_c6	842450.0
tauS_c7	106975.0
tauS_c8	852075.0
tauS_c9	895375.0
tauS_d0	0.0
tauS_dN	1000000.0
x_c10_dN	1.0
x_c11_c1	1.0
x_c12_dN	1.0
x_c1_dN	1.0
x_c2_c4	1.0
x_c3_c12	1.0
x_c4_c6	1.0
x_c5_dN	1.0
x_c6_c8	1.0
x_c7_c3	1.0
x_c8_c10	1.0
x_c9_c2	1.0
x_d0_c11	1.0
x_d0_c5	1.0
x_d0_c7	1.0
x_d0_c9	1.0
