
Gurobi 6.0.4 (win64) logging started 06/20/15 12:51:50

Read LP format model from file C:\MT\repository\VRPTWMS\instances\mip\fuel\N12-C_DV100-C_SV30_F6_7_No_1.lp
Reading time = 0.02 seconds
(null): 865 rows, 392 columns, 3639 nonzeros
Optimize a model with 865 rows, 392 columns and 3639 nonzeros
Model has 1728 quadratic constraints
Coefficient statistics:
  Matrix range    [1e+00, 1e+06]
  Objective range [1e+04, 1e+07]
  Bounds range    [1e+00, 1e+06]
  RHS range       [1e+00, 1e+06]
Presolve removed 75 rows and 27 columns
Presolve time: 0.78s
Presolved: 3898 rows, 1919 columns, 21361 nonzeros
Variable types: 1554 continuous, 365 integer (315 binary)
Found heuristic solution: objective 1.248300e+08

Root relaxation: objective 1.580085e+06, 117 iterations, 0.01 seconds

    Nodes    |    Current Node    |     Objective Bounds      |     Work
 Expl Unexpl |  Obj  Depth IntInf | Incumbent    BestBd   Gap | It/Node Time

     0     0 1580084.52    0   41 1.2483e+08 1580084.52  98.7%     -    0s
H    0     0                    8.361920e+07 1580084.52  98.1%     -    0s
     0     0 1714773.82    0   50 8.3619e+07 1714773.82  97.9%     -    0s
     0     0 1857371.93    0   53 8.3619e+07 1857371.93  97.8%     -    0s
     0     0 1879603.85    0   49 8.3619e+07 1879603.85  97.8%     -    0s
H    0     0                    7.337540e+07 1879603.85  97.4%     -    0s
     0     0 1896606.72    0   50 7.3375e+07 1896606.72  97.4%     -    1s
     0     0 4311449.57    0   56 7.3375e+07 4311449.57  94.1%     -    1s
     0     0 4316211.66    0   53 7.3375e+07 4316211.66  94.1%     -    1s
     0     0 4316211.66    0   53 7.3375e+07 4316211.66  94.1%     -    1s
     0     0 4316211.66    0   53 7.3375e+07 4316211.66  94.1%     -    1s
H    0     0                    7.302990e+07 4316211.66  94.1%     -    1s
H    0     0                    4.260400e+07 4316211.66  89.9%     -    1s
     0     2 4316211.66    0   53 4.2604e+07 4316211.66  89.9%     -    1s
*   70    60              33    3.238700e+07 1.1756e+07  63.7%  19.7    1s
H  534   317                    3.229530e+07 1.1831e+07  63.4%  17.8    2s
H 1067   505                    3.229420e+07 1.2032e+07  62.7%  20.5    4s
  1119   529 1.2514e+07   28   36 3.2294e+07 1.2046e+07  62.7%  20.5    5s
H 1130   504                    3.227300e+07 1.2046e+07  62.7%  20.5    5s
* 1662   504              25    3.226150e+07 1.2133e+07  62.4%  23.3    6s
H 1665   485                    3.226020e+07 1.2133e+07  62.4%  23.4    6s
H 2563   662                    3.224030e+07 1.2244e+07  62.0%  28.0   10s
  3562   776 1.3744e+07   30   36 3.2240e+07 1.2329e+07  61.8%  30.0   15s
  5107   928     cutoff   45      3.2240e+07 1.2500e+07  61.2%  31.6   20s
  6247   931 infeasible   29      3.2240e+07 1.2667e+07  60.7%  32.8   25s
  7935   791 infeasible   39      3.2240e+07 1.3406e+07  58.4%  33.1   30s
  9485   648 2.3065e+07   36   21 3.2240e+07 1.5558e+07  51.7%  33.0   35s
 10800   395 2.5741e+07   38   18 3.2240e+07 2.2222e+07  31.1%  32.9   40s

Cutting planes:
  Learned: 2
  Cover: 4
  Implied bound: 1
  Clique: 3
  GUB cover: 11

Explored 12353 nodes (408169 simplex iterations) in 44.24 seconds
Thread count was 2 (of 4 available processors)

Optimal solution found (tolerance 1.00e-04)
Best objective 3.224030000000e+07, best bound 3.224030000000e+07, gap 0.0%
k_c1	280001.0
k_c10	80000.0
k_c11	979999.0
k_c12	1000000.0
k_c2	70001.0
k_c3	150003.0
k_c4	1000000.0
k_c5	40000.0
k_c6	1000000.0
k_c7	380003.0
k_c8	949999.0
k_c9	959999.0
k_dN	-0.0
o_1	-0.0
o_10	-0.0
o_11	-0.0
o_12	0.0
o_2	-0.0
o_3	0.0
o_4	-0.0
o_5	-0.0
o_6	-0.0
o_7	0.0
o_8	0.0
o_9	0.0
p_1	-0.0
p_10	-0.0
p_11	-0.0
p_12	0.0
p_2	-0.0
p_3	0.0
p_4	-0.0
p_5	-0.0
p_6	0.0
p_7	0.0
p_8	0.0
p_9	0.0
phi_c1	30036.0
phi_c10	24305.0
phi_c11	40599.0
phi_c12	43931.0
phi_c2	13097.0
phi_c3	35738.0
phi_c4	53377.0
phi_c5	16277.0
phi_c6	55270.0
phi_c7	36681.0
phi_c8	38178.0
phi_c9	43730.0
phi_d0	60000.0
phi_dN	-0.0
tauD_c1	650000.0
tauD_c10	739175.0
tauD_c11	450000.0
tauD_c12	200000.0
tauD_c2	908375.0
tauD_c3	400000.0
tauD_c4	24750.0
tauD_c5	849175.0
tauD_c6	250000.0
tauD_c7	306475.0
tauD_c8	539574.0
tauD_c9	255299.0
tauD_d0	-0.0
tauD_dN	1000000.0
tauS_c1	806625.0
tauS_c10	412300.0
tauS_c11	412300.0
tauS_c12	505425.0
tauS_c2	501300.0
tauS_c3	887975.0
tauS_c4	558550.0
tauS_c5	464500.0
tauS_c6	545625.0
tauS_c7	887400.0
tauS_c8	484750.0
tauS_c9	880475.0
tauS_d0	-0.0
tauS_dN	854200.0
x_c10_c5	1.0
x_c11_dN	1.0
x_c12_c8	1.0
x_c1_c2	1.0
x_c2_dN	1.0
x_c3_c10	1.0
x_c4_c9	1.0
x_c5_dN	1.0
x_c6_c11	1.0
x_c7_c3	1.0
x_c8_c1	1.0
x_c9_c7	1.0
x_d0_c12	1.0
x_d0_c4	1.0
x_d0_c6	1.0
