
Gurobi 6.0.4 (win64) logging started 06/20/15 12:52:49

Read LP format model from file C:\MT\repository\VRPTWMS\instances\mip\fuel\N12-C_DV100-C_SV30_F6_9_No_1.lp
Reading time = 0.02 seconds
(null): 865 rows, 392 columns, 3639 nonzeros
Optimize a model with 865 rows, 392 columns and 3639 nonzeros
Model has 1728 quadratic constraints
Coefficient statistics:
  Matrix range    [1e+00, 1e+06]
  Objective range [1e+04, 1e+07]
  Bounds range    [1e+00, 1e+06]
  RHS range       [1e+00, 1e+06]
Presolve removed 91 rows and 43 columns
Presolve time: 0.67s
Presolved: 3408 rows, 1666 columns, 19186 nonzeros
Variable types: 1317 continuous, 349 integer (299 binary)
Found heuristic solution: objective 1.267118e+08

Root relaxation: objective 1.989211e+06, 196 iterations, 0.01 seconds

    Nodes    |    Current Node    |     Objective Bounds      |     Work
 Expl Unexpl |  Obj  Depth IntInf | Incumbent    BestBd   Gap | It/Node Time

     0     0 1989211.22    0   46 1.2671e+08 1989211.22  98.4%     -    0s
H    0     0                    7.464940e+07 1989211.22  97.3%     -    0s
     0     0 2157196.99    0   56 7.4649e+07 2157196.99  97.1%     -    0s
H    0     0                    5.362090e+07 2157196.99  96.0%     -    0s
     0     0 2221391.58    0   64 5.3621e+07 2221391.58  95.9%     -    0s
     0     0 2288950.00    0   35 5.3621e+07 2288950.00  95.7%     -    0s
     0     0 2903844.53    0   67 5.3621e+07 2903844.53  94.6%     -    0s
     0     0 3610656.23    0   56 5.3621e+07 3610656.23  93.3%     -    0s
     0     0 3637630.00    0   54 5.3621e+07 3637630.00  93.2%     -    1s
     0     0 3637630.00    0   55 5.3621e+07 3637630.00  93.2%     -    1s
     0     0 3637630.00    0   49 5.3621e+07 3637630.00  93.2%     -    1s
     0     2 3637630.00    0   49 5.3621e+07 3637630.00  93.2%     -    1s
H   27    29                    5.359440e+07 7357075.08  86.3%  27.0    1s
H  102    53                    5.346640e+07 7417953.77  86.1%  19.4    1s
H  627   311                    5.344690e+07 1.2148e+07  77.3%  18.6    1s
H  700   333                    4.307060e+07 1.2159e+07  71.8%  18.5    1s
  1954   539 1.5624e+07   25   32 4.3071e+07 1.2445e+07  71.1%  17.9    5s
  3927   714 3.4531e+07   31   27 4.3071e+07 1.8332e+07  57.4%  22.0   10s
* 4280   699              27    4.303630e+07 2.1628e+07  49.7%  22.2   10s
* 4814   718              25    4.302310e+07 2.2533e+07  47.6%  22.9   11s
  6508   360 3.2663e+07   30   18 4.3023e+07 2.5316e+07  41.2%  23.7   15s

Cutting planes:
  Cover: 4
  Implied bound: 1
  Clique: 4
  MIR: 2
  GUB cover: 10

Explored 7329 nodes (169549 simplex iterations) in 15.92 seconds
Thread count was 2 (of 4 available processors)

Optimal solution found (tolerance 1.00e-04)
Best objective 4.302310000000e+07, best bound 4.302310000000e+07, gap 0.0%
k_c1	70000.0
k_c10	1000000.0
k_c11	90000.0
k_c12	110000.0
k_c2	980000.0
k_c3	140000.0
k_c4	1000000.0
k_c5	120000.0
k_c6	40000.0
k_c7	60000.0
k_c8	170000.0
k_c9	30000.0
k_dN	-0.0
o_1	-0.0
o_10	-0.0
o_11	-0.0
o_12	0.0
o_2	-0.0
o_3	-0.0
o_4	-0.0
o_5	-0.0
o_6	-0.0
o_7	0.0
o_8	-0.0
o_9	0.0
p_1	0.0
p_10	0.0
p_11	-0.0
p_12	0.0
p_2	0.0
p_3	0.0
p_4	-0.0
p_5	0.0
p_6	0.0
p_7	0.0
p_8	0.0
p_9	0.0
phi_c1	15956.0
phi_c10	34296.99999999995
phi_c11	24281.000000000007
phi_c12	34664.0
phi_c2	20769.99999999995
phi_c3	38270.0
phi_c4	42338.0
phi_c5	25622.999999999975
phi_c6	7479.0
phi_c7	8697.0
phi_c8	37909.99999999997
phi_c9	20100.99999999995
phi_d0	60000.0
phi_dN	-0.0
tauD_c1	650000.0
tauD_c10	300000.0
tauD_c11	424375.0000000001
tauD_c12	305575.0
tauD_c2	410549.9999999999
tauD_c3	222100.0
tauD_c4	126900.0
tauD_c5	676750.0
tauD_c6	600000.0
tauD_c7	800000.0
tauD_c8	615825.0
tauD_c9	473049.99999999977
tauD_d0	-0.0
tauD_dN	1000000.0
tauS_c1	-0.0
tauS_c10	15325.0
tauS_c11	26475.0
tauS_c12	23350.0
tauS_c2	10150.0
tauS_c3	17500.0
tauS_c4	2550.0
tauS_c5	-0.0
tauS_c6	-0.0
tauS_c7	-0.0
tauS_c8	-0.0
tauS_c9	10350.0
tauS_d0	-0.0
tauS_dN	-0.0
x_c10_c2	1.0
x_c11_c6	1.0
x_c12_c11	1.0
x_c1_dN	1.0
x_c2_c9	1.0
x_c3_c12	1.0
x_c4_c3	1.0
x_c5_c7	1.0
x_c6_dN	1.0
x_c7_dN	1.0
x_c8_c5	1.0
x_c9_dN	1.0
x_d0_c1	1.0
x_d0_c10	1.0
x_d0_c4	1.0
x_d0_c8	1.0
