
Gurobi 6.0.4 (win64) logging started 06/21/15 10:32:15

Read LP format model from file C:\MT\repository\VRPTWMS\instances\mip\fuel\N12-C_DV100-C_SV30_F6_10_No_1.lp
Reading time = 0.02 seconds
(null): 865 rows, 392 columns, 3639 nonzeros
Optimize a model with 865 rows, 392 columns and 3639 nonzeros
Model has 1728 quadratic constraints
Coefficient statistics:
  Matrix range    [1e+00, 1e+06]
  Objective range [2e+04, 1e+07]
  Bounds range    [1e+00, 1e+06]
  RHS range       [1e+00, 1e+06]
Presolve removed 138 rows and 64 columns
Presolve time: 0.55s
Presolved: 2985 rows, 1457 columns, 16819 nonzeros
Variable types: 1129 continuous, 328 integer (281 binary)
Found heuristic solution: objective 1.242468e+08

Root relaxation: objective 1.181487e+07, 116 iterations, 0.00 seconds

    Nodes    |    Current Node    |     Objective Bounds      |     Work
 Expl Unexpl |  Obj  Depth IntInf | Incumbent    BestBd   Gap | It/Node Time

     0     0 1.1815e+07    0   27 1.2425e+08 1.1815e+07  90.5%     -    0s
H    0     0                    5.267290e+07 1.1815e+07  77.6%     -    0s
     0     0 1.1945e+07    0   33 5.2673e+07 1.1945e+07  77.3%     -    0s
     0     0 1.2030e+07    0   36 5.2673e+07 1.2030e+07  77.2%     -    0s
H    0     0                    4.223870e+07 1.2030e+07  71.5%     -    0s
     0     0 1.2036e+07    0   39 4.2239e+07 1.2036e+07  71.5%     -    0s
     0     0 1.2036e+07    0   39 4.2239e+07 1.2036e+07  71.5%     -    0s
     0     0 1.2036e+07    0   38 4.2239e+07 1.2036e+07  71.5%     -    0s
     0     0 1.2036e+07    0   38 4.2239e+07 1.2036e+07  71.5%     -    0s
     0     0 1.2036e+07    0   38 4.2239e+07 1.2036e+07  71.5%     -    0s
     0     0 1.2036e+07    0   38 4.2239e+07 1.2036e+07  71.5%     -    0s
     0     2 1.2036e+07    0   38 4.2239e+07 1.2036e+07  71.5%     -    0s
H   27    19                    4.199440e+07 1.2073e+07  71.3%  28.0    1s
*  243   115              13    3.247320e+07 1.3757e+07  57.6%  13.9    1s
*  270   104              14    3.217290e+07 1.3757e+07  57.2%  13.3    1s
*  446   139              18    3.214430e+07 1.9489e+07  39.4%  13.2    1s
*  449   136              18    3.213620e+07 1.9489e+07  39.4%  13.1    1s
H  513   138                    3.189480e+07 1.9914e+07  37.6%  13.9    1s
*  679   165              20    3.174570e+07 2.1903e+07  31.0%  13.4    1s
* 2908   423              25    3.165490e+07 2.7207e+07  14.1%  16.2    4s

Cutting planes:
  Learned: 1
  Gomory: 2
  Implied bound: 2
  MIR: 2
  GUB cover: 6

Explored 3075 nodes (49196 simplex iterations) in 4.85 seconds
Thread count was 2 (of 4 available processors)

Optimal solution found (tolerance 1.00e-04)
Best objective 3.165490000000e+07, best bound 3.165490000000e+07, gap 0.0%
k_c1	80000.0
k_c10	60000.0
k_c11	129999.99999999993
k_c12	59999.99999999994
k_c2	949999.0000000001
k_c3	999999.0000000001
k_c4	100000.0
k_c5	60000.0
k_c6	30000.0
k_c7	99999.99999999996
k_c8	169999.99999999988
k_c9	969999.0
k_dN	-0.0
o_1	-0.0
o_10	-0.0
o_11	0.0
o_12	-0.0
o_2	-0.0
o_3	0.0
o_4	0.0
o_5	-0.0
o_6	-0.0
o_7	-0.0
o_8	0.0
o_9	-0.0
p_1	0.0
p_10	0.0
p_11	0.0
p_12	0.0
p_2	-0.0
p_3	0.0
p_4	0.0
p_5	0.0
p_6	0.0
p_7	0.0
p_8	0.0
p_9	-0.0
phi_c1	35916.0
phi_c10	13728.000000000071
phi_c11	20767.000000000004
phi_c12	14170.00000000001
phi_c2	47791.0
phi_c3	54775.0
phi_c4	44084.0
phi_c5	4823.0
phi_c6	10383.0
phi_c7	19268.000000000007
phi_c8	45222.0
phi_c9	47428.999999999985
phi_d0	60000.0
phi_dN	-0.0
tauD_c1	450000.0
tauD_c10	600000.0
tauD_c11	450000.0
tauD_c12	600000.0
tauD_c2	356100.0
tauD_c3	250000.0
tauD_c4	300000.0
tauD_c5	650000.0
tauD_c6	800000.0
tauD_c7	545600.0
tauD_c8	300000.0
tauD_c9	50000.0
tauD_d0	-0.0
tauD_dN	1000000.0
tauS_c1	-0.0
tauS_c10	-0.0
tauS_c11	22500.0
tauS_c12	9300.0
tauS_c2	-0.0
tauS_c3	867450.0
tauS_c4	20600.0
tauS_c5	0.0
tauS_c6	-0.0
tauS_c7	25300.0
tauS_c8	15675.0
tauS_c9	15450.0
tauS_d0	-0.0
tauS_dN	49350.0
x_c10_dN	0.9999999999999998
x_c11_c7	1.0
x_c12_c6	0.9999999999999998
x_c1_c5	1.0
x_c2_c10	1.0
x_c3_c2	1.0
x_c4_c1	1.0
x_c5_dN	1.0
x_c6_dN	1.0
x_c7_c12	1.0
x_c8_c11	1.0
x_c9_c4	1.0
x_d0_c3	1.0
x_d0_c8	1.0
x_d0_c9	1.0
