
Gurobi 6.0.4 (win64) logging started 06/21/15 10:33:31

Read LP format model from file C:\MT\repository\VRPTWMS\instances\mip\fuel\N12-C_DV100-C_SV30_F6_17_No_1.lp
Reading time = 0.02 seconds
(null): 865 rows, 392 columns, 3639 nonzeros
Optimize a model with 865 rows, 392 columns and 3639 nonzeros
Model has 1728 quadratic constraints
Coefficient statistics:
  Matrix range    [1e+00, 1e+06]
  Objective range [4e+04, 1e+07]
  Bounds range    [1e+00, 1e+06]
  RHS range       [1e+00, 1e+06]
Presolve removed 97 rows and 40 columns
Presolve time: 0.19s
Presolved: 3534 rows, 1735 columns, 19783 nonzeros
Variable types: 1383 continuous, 352 integer (302 binary)
Found heuristic solution: objective 1.143032e+08

Root relaxation: objective 1.538413e+06, 149 iterations, 0.01 seconds

    Nodes    |    Current Node    |     Objective Bounds      |     Work
 Expl Unexpl |  Obj  Depth IntInf | Incumbent    BestBd   Gap | It/Node Time

     0     0 1538413.00    0   46 1.1430e+08 1538413.00  98.7%     -    0s
H    0     0                    6.304470e+07 1538413.00  97.6%     -    0s
     0     0 1878953.69    0   56 6.3045e+07 1878953.69  97.0%     -    0s
     0     0 1921404.59    0   54 6.3045e+07 1921404.59  97.0%     -    0s
H    0     0                    5.274480e+07 1921404.59  96.4%     -    0s
     0     0 1941176.79    0   58 5.2745e+07 1941176.79  96.3%     -    0s
     0     0 1953258.98    0   51 5.2745e+07 1953258.98  96.3%     -    0s
     0     0 1969155.18    0   60 5.2745e+07 1969155.18  96.3%     -    0s
     0     0 2076450.04    0   53 5.2745e+07 2076450.04  96.1%     -    0s
     0     0 2091176.24    0   68 5.2745e+07 2091176.24  96.0%     -    0s
     0     0 2091332.45    0   70 5.2745e+07 2091332.45  96.0%     -    0s
     0     0 2091332.45    0   63 5.2745e+07 2091332.45  96.0%     -    0s
     0     0 2091332.45    0   64 5.2745e+07 2091332.45  96.0%     -    0s
     0     0 2091332.45    0   65 5.2745e+07 2091332.45  96.0%     -    0s
     0     0 2091332.45    0   62 5.2745e+07 2091332.45  96.0%     -    0s
     0     2 2091332.45    0   58 5.2745e+07 2091332.45  96.0%     -    0s
H   54    37                    4.248860e+07 1.1687e+07  72.5%  26.7    1s
*  109    61              12    3.234700e+07 1.1729e+07  63.7%  22.1    1s
*  116    58              15    3.226110e+07 1.1729e+07  63.6%  21.2    1s
H  152    80                    3.215000e+07 1.1729e+07  63.5%  21.3    1s
H  246   158                    3.203710e+07 1.1768e+07  63.3%  25.2    1s
  1419   520 1.9141e+07   31   42 3.2037e+07 1.1859e+07  63.0%  29.2    5s
  3285   832 1.3161e+07   39   38 3.2037e+07 1.2010e+07  62.5%  28.4   10s
  5375  1150 1.3085e+07   42   53 3.2037e+07 1.2289e+07  61.6%  28.3   15s
  7260  1218     cutoff   47      3.2037e+07 1.2525e+07  60.9%  29.0   20s
H 8730  1294                    3.203520e+07 1.3406e+07  58.2%  28.4   22s
* 9060  1344              29    3.200260e+07 1.3726e+07  57.1%  28.3   23s
H 9674  1358                    3.199020e+07 1.4169e+07  55.7%  28.1   24s
  9745  1322 1.4366e+07   35   42 3.1990e+07 1.4182e+07  55.7%  28.1   25s
*11140  1223              25    3.192480e+07 1.5653e+07  51.0%  27.8   27s
 12221  1080     cutoff   32      3.1925e+07 1.7183e+07  46.2%  27.5   30s
 15231   515 infeasible   46      3.1925e+07 2.2340e+07  30.0%  26.6   35s

Cutting planes:
  Learned: 2
  Gomory: 2
  Cover: 5
  Implied bound: 1
  Clique: 3
  GUB cover: 4

Explored 16392 nodes (424555 simplex iterations) in 36.58 seconds
Thread count was 2 (of 4 available processors)

Optimal solution found (tolerance 1.00e-04)
Best objective 3.192480000000e+07, best bound 3.192480000000e+07, gap 0.0%
k_c1	40000.0
k_c10	160000.0
k_c11	210000.0
k_c12	30000.0
k_c2	110000.0
k_c3	130000.0
k_c4	140000.0
k_c5	60000.0
k_c6	60000.0
k_c7	70000.0
k_c8	110000.0
k_c9	1000000.0
k_dN	-0.0
o_1	-0.0
o_10	-0.0
o_11	-0.0
o_12	0.0
o_2	-0.0
o_3	0.0
o_4	-0.0
o_5	-0.0
o_6	-0.0
o_7	-0.0
o_8	0.0
o_9	-0.0
p_1	0.0
p_10	-0.0
p_11	0.0
p_12	0.0
p_2	-0.0
p_3	0.0
p_4	-0.0
p_5	0.0
p_6	-0.0
p_7	0.0
p_8	-0.0
p_9	-0.0
phi_c1	18745.0
phi_c10	45590.0
phi_c11	54287.0
phi_c12	3899.99999999992
phi_c2	30586.00000000003
phi_c3	39715.99999999992
phi_c4	48606.99999999997
phi_c5	6314.999999999642
phi_c6	6824.000000000015
phi_c7	23475.0
phi_c8	39241.0
phi_c9	43060.99999999992
phi_d0	60000.0
phi_dN	-0.0
tauD_c1	747675.0
tauD_c10	420175.0
tauD_c11	347675.0
tauD_c12	650000.0
tauD_c2	450000.0
tauD_c3	250000.0
tauD_c4	200000.0
tauD_c5	400000.0
tauD_c6	600000.0
tauD_c7	650000.0
tauD_c8	513900.0
tauD_c9	63300.0
tauD_d0	-0.0
tauD_dN	1000000.0
tauS_c1	-0.0
tauS_c10	-0.0
tauS_c11	-0.0
tauS_c12	-0.0
tauS_c2	-0.0
tauS_c3	-0.0
tauS_c4	-0.0
tauS_c5	-0.0
tauS_c6	-0.0
tauS_c7	-0.0
tauS_c8	-0.0
tauS_c9	-0.0
tauS_d0	-0.0
tauS_dN	1000000.0
x_c10_c8	1.0
x_c11_c10	1.0
x_c12_dN	1.0
x_c1_dN	1.0
x_c2_c7	1.0
x_c3_c5	1.0
x_c4_c2	1.0
x_c5_c12	1.0
x_c6_dN	1.0
x_c7_c1	1.0
x_c8_c6	1.0
x_c9_c3	1.0
x_d0_c11	1.0
x_d0_c4	1.0
x_d0_c9	1.0
