
Gurobi 6.0.4 (win64) logging started 06/23/15 14:09:04

Read LP format model from file C:\MT\repository\VRPTWMS\instances\mip\fuel\N14-C_DV100-C_SV30_F6_5_No_1.lp
Reading time = 0.02 seconds
(null): 1149 rows, 512 columns, 4917 nonzeros
Optimize a model with 1149 rows, 512 columns and 4917 nonzeros
Model has 2744 quadratic constraints
Coefficient statistics:
  Matrix range    [1e+00, 1e+06]
  Objective range [2e+04, 1e+07]
  Bounds range    [1e+00, 1e+06]
  RHS range       [1e+00, 1e+06]
Presolve removed 105 rows and 40 columns
Presolve time: 0.16s
Presolved: 5718 rows, 2809 columns, 30811 nonzeros
Variable types: 2337 continuous, 472 integer (414 binary)
Found heuristic solution: objective 1.260302e+08

Root relaxation: objective 1.969007e+06, 241 iterations, 0.00 seconds

    Nodes    |    Current Node    |     Objective Bounds      |     Work
 Expl Unexpl |  Obj  Depth IntInf | Incumbent    BestBd   Gap | It/Node Time

     0     0 1969007.28    0   57 1.2603e+08 1969007.28  98.4%     -    0s
H    0     0                    6.412320e+07 1969007.28  96.9%     -    0s
     0     0 2518170.80    0   65 6.4123e+07 2518170.80  96.1%     -    0s
     0     0 1.2153e+07    0   54 6.4123e+07 1.2153e+07  81.0%     -    0s
     0     0 1.2158e+07    0   50 6.4123e+07 1.2158e+07  81.0%     -    0s
     0     0 1.2160e+07    0   51 6.4123e+07 1.2160e+07  81.0%     -    0s
     0     0 1.2161e+07    0   45 6.4123e+07 1.2161e+07  81.0%     -    0s
     0     0 1.2161e+07    0   47 6.4123e+07 1.2161e+07  81.0%     -    0s
     0     0 1.2161e+07    0   47 6.4123e+07 1.2161e+07  81.0%     -    0s
     0     2 1.2161e+07    0   47 6.4123e+07 1.2161e+07  81.0%     -    0s
H   29    32                    6.401250e+07 1.2185e+07  81.0%  37.8    0s
H  110    67                    5.329400e+07 1.2185e+07  77.1%  30.0    0s
  1061   683 1.2326e+07    7   68 5.3294e+07 1.2326e+07  76.9%  24.5    5s
  1076   693 1.2710e+07   31   90 5.3294e+07 1.2433e+07  76.7%  24.1   10s
  1347   806 1.2890e+07   33   56 5.3294e+07 1.2460e+07  76.6%  29.1   15s
H 1582   840                    4.337900e+07 1.2512e+07  71.2%  29.4   15s
* 2175   908              33    4.337410e+07 1.2604e+07  70.9%  35.0   17s
* 2178   875              34    4.336300e+07 1.2604e+07  70.9%  35.0   17s
* 2321   863              27    4.333870e+07 1.2619e+07  70.9%  37.4   18s
H 2474   829                    4.333290e+07 1.2635e+07  70.8%  39.6   19s
* 2494   793              27    4.332420e+07 1.2635e+07  70.8%  39.7   19s
  2522   794 2.2489e+07   24   38 4.3324e+07 1.2647e+07  70.8%  40.2   20s
* 2992   943              36    4.331880e+07 1.2700e+07  70.7%  46.0   24s
  3041   947 3.3370e+07   37   23 4.3319e+07 1.2704e+07  70.7%  46.4   25s
H 3088   957                    4.322300e+07 1.2713e+07  70.6%  46.8   25s
  3743  1169 3.3345e+07   29   14 4.3223e+07 1.2858e+07  70.3%  52.6   30s
  4906  1464 3.3513e+07   44   37 4.3223e+07 1.3362e+07  69.1%  58.9   35s
  5981  1563 2.5427e+07   21   46 4.3223e+07 1.5159e+07  64.9%  62.0   41s
  7193  1617 2.4887e+07   36   87 4.3223e+07 1.8595e+07  57.0%  63.6   46s
  8242  1812 3.3124e+07   28   41 4.3223e+07 2.2640e+07  47.6%  63.9   51s
  9468  1946     cutoff   36      4.3223e+07 2.2872e+07  47.1%  64.7   58s
  9862  1969 infeasible   33      4.3223e+07 2.2962e+07  46.9%  64.9   61s
 10676  1926 3.3807e+07   31   42 4.3223e+07 2.3110e+07  46.5%  65.4   66s
 11756  1969 3.3349e+07   35   41 4.3223e+07 2.3258e+07  46.2%  65.3   70s
 13253  1954 3.5608e+07   24   51 4.3223e+07 2.3481e+07  45.7%  65.6   76s
 14669  1872 3.7021e+07   40   55 4.3223e+07 2.3890e+07  44.7%  65.7   81s
 15489  1809     cutoff   59      4.3223e+07 2.4491e+07  43.3%  65.9   85s
 16350  1714 3.3196e+07   25   37 4.3223e+07 2.5515e+07  41.0%  66.2   91s
 17488  1573 3.8708e+07   31    9 4.3223e+07 2.7823e+07  35.6%  66.2   96s
 18559  1449 3.1132e+07   49   51 4.3223e+07 3.0340e+07  29.8%  65.7  101s
 19364  1431 3.2825e+07   30   37 4.3223e+07 3.2825e+07  24.1%  65.5  105s
 20335  1287 3.3443e+07   35   15 4.3223e+07 3.3157e+07  23.3%  65.5  110s
 21310  1026 3.8589e+07   42   17 4.3223e+07 3.3271e+07  23.0%  65.8  115s
 22337   689 4.0988e+07   49   30 4.3223e+07 3.3456e+07  22.6%  66.1  120s

Cutting planes:
  Learned: 12
  Gomory: 10
  Cover: 560
  Implied bound: 200
  Clique: 12
  MIR: 88
  Flow cover: 246
  GUB cover: 40
  Zero half: 35

Explored 23694 nodes (1568894 simplex iterations) in 124.48 seconds
Thread count was 2 (of 4 available processors)

Optimal solution found (tolerance 1.00e-04)
Best objective 4.322300000000e+07, best bound 4.322300000000e+07, gap 0.0%
k_c1	190000.0
k_c10	60000.0
k_c11	20000.0
k_c12	1000000.0
k_c13	140000.0
k_c14	970000.0
k_c2	90000.0
k_c3	100000.0
k_c4	120000.0
k_c5	150000.0
k_c6	60000.0
k_c7	70000.0
k_c8	40000.0
k_c9	1000000.0
k_dN	-0.0
o_1	-0.0
o_10	-0.0
o_11	-0.0
o_12	-0.0
o_13	-0.0
o_14	-0.0
o_2	-0.0
o_3	-0.0
o_4	-0.0
o_5	-0.0
o_6	-0.0
o_7	-0.0
o_8	0.0
o_9	-0.0
p_1	-0.0
p_10	0.0
p_11	-0.0
p_12	-0.0
p_13	0.0
p_14	-0.0
p_2	-0.0
p_3	-0.0
p_4	0.0
p_5	-0.0
p_6	-0.0
p_7	-0.0
p_8	0.0
p_9	0.0
phi_c1	29757.0
phi_c10	5352.0
phi_c11	17792.0
phi_c12	33360.0
phi_c13	24405.0
phi_c14	48065.0
phi_c2	27429.0
phi_c3	35755.0
phi_c4	21649.0
phi_c5	47499.0
phi_c6	29165.0
phi_c7	5098.0
phi_c8	3345.0
phi_c9	55270.0
phi_d0	60000.0
phi_dN	-0.0
tauD_c1	230225.0
tauD_c10	732500.0
tauD_c11	400000.0
tauD_c12	250000.0
tauD_c13	758800.0
tauD_c14	114600.0
tauD_c2	600000.0
tauD_c3	200000.0
tauD_c4	829100.0
tauD_c5	250000.0
tauD_c6	277500.0
tauD_c7	920950.0
tauD_c8	850000.0
tauD_c9	17675.0
tauD_d0	-0.0
tauD_dN	1000000.0
tauS_c1	619949.0
tauS_c10	900950.0
tauS_c11	123450.0
tauS_c12	153150.0
tauS_c13	830250.0
tauS_c14	90100.0
tauS_c2	724499.0
tauS_c3	151950.0
tauS_c4	839300.0
tauS_c5	902500.0
tauS_c6	158475.0
tauS_c7	593350.0
tauS_c8	907500.0
tauS_c9	593350.0
tauS_d0	-0.0
tauS_dN	1000000.0
x_c10_c8	1.0
x_c11_dN	1.0
x_c12_dN	1.0
x_c13_c4	1.0
x_c14_c1	1.0
x_c1_c13	1.0
x_c2_c10	1.0
x_c3_c6	1.0
x_c4_c7	1.0
x_c5_c2	1.0
x_c6_c11	1.0
x_c7_dN	1.0
x_c8_dN	1.0
x_c9_c14	1.0
x_d0_c12	1.0
x_d0_c3	1.0
x_d0_c5	1.0
x_d0_c9	1.0
