
Gurobi 6.0.4 (win64) logging started 06/23/15 14:04:45

Read LP format model from file C:\MT\repository\VRPTWMS\instances\mip\fuel\N14-C_DV100-C_SV30_F6_1_No_1.lp
Reading time = 0.02 seconds
(null): 1149 rows, 512 columns, 4917 nonzeros
Optimize a model with 1149 rows, 512 columns and 4917 nonzeros
Model has 2744 quadratic constraints
Coefficient statistics:
  Matrix range    [1e+00, 1e+06]
  Objective range [1e+04, 1e+07]
  Bounds range    [1e+00, 1e+06]
  RHS range       [1e+00, 1e+06]
Presolve removed 100 rows and 40 columns
Presolve time: 0.14s
Presolved: 5909 rows, 2902 columns, 31308 nonzeros
Variable types: 2430 continuous, 472 integer (414 binary)
Found heuristic solution: objective 1.352891e+08

Root relaxation: objective 1.354135e+06, 182 iterations, 0.02 seconds

    Nodes    |    Current Node    |     Objective Bounds      |     Work
 Expl Unexpl |  Obj  Depth IntInf | Incumbent    BestBd   Gap | It/Node Time

     0     0 1354135.05    0   54 1.3529e+08 1354135.05  99.0%     -    0s
H    0     0                    7.352620e+07 1354135.05  98.2%     -    0s
     0     0 1593672.73    0   77 7.3526e+07 1593672.73  97.8%     -    0s
     0     0 1701402.60    0   77 7.3526e+07 1701402.60  97.7%     -    0s
H    0     0                    6.333000e+07 1701402.60  97.3%     -    0s
     0     0 1726683.39    0   73 6.3330e+07 1726683.39  97.3%     -    0s
     0     0 1726683.39    0   74 6.3330e+07 1726683.39  97.3%     -    0s
     0     0 1726683.39    0   72 6.3330e+07 1726683.39  97.3%     -    0s
     0     2 1726683.39    0   59 6.3330e+07 1726683.39  97.3%     -    0s
H   32    32                    4.248090e+07 1878988.98  95.6%  51.3    0s
H   79    71                    4.244890e+07 1878988.98  95.6%  41.7    0s
H  240   177                    3.245180e+07 1887119.16  94.2%  33.7    0s
H  429   305                    3.231450e+07 1887119.16  94.2%  34.1    1s
H  494   340                    3.217630e+07 2023049.31  93.7%  33.7    1s
H  853   550                    3.215780e+07 2139712.29  93.3%  36.9    1s
  1043   669 2.2918e+07   31  105 3.2158e+07 2300463.25  92.8%  36.4    5s
  1054   676 1.2227e+07   11  121 3.2158e+07 2335014.42  92.7%  36.1   10s
  1105   711 3666705.63   17   85 3.2158e+07 2537601.59  92.1%  44.2   15s
  2131   844 2.2558e+07   31   45 3.2158e+07 1.1655e+07  63.8%  54.9   20s
H 2235   820                    3.214240e+07 1.1655e+07  63.7%  56.1   20s
H 2626   863                    3.214110e+07 1.1919e+07  62.9%  56.4   23s
  2835   855     cutoff   34      3.2141e+07 1.2038e+07  62.5%  58.3   26s
  3587  1032 1.3422e+07   19   93 3.2141e+07 1.2155e+07  62.2%  61.9   30s
  4669  1354 1.5944e+07   26   41 3.2141e+07 1.2278e+07  61.8%  65.4   35s
  5948  1627 2.2758e+07   23   69 3.2141e+07 1.2405e+07  61.4%  69.0   41s
  6901  1813     cutoff   34      3.2141e+07 1.2461e+07  61.2%  71.3   46s
  7557  1860     cutoff   47      3.2141e+07 1.2510e+07  61.1%  72.6   50s
  8936  1938     cutoff   27      3.2141e+07 1.2632e+07  60.7%  74.6   56s
 10046  1970 infeasible   18      3.2141e+07 1.2731e+07  60.4%  76.3   61s
 10897  2065 infeasible   33      3.2141e+07 1.2806e+07  60.2%  77.2   65s
 11905  2054 infeasible   23      3.2141e+07 1.2967e+07  59.7%  79.0   71s
 12707  2066 infeasible   32      3.2141e+07 1.3113e+07  59.2%  80.2   75s
 13774  2052 infeasible   35      3.2141e+07 1.3402e+07  58.3%  82.6   81s
 14470  1985     cutoff   51      3.2141e+07 1.3665e+07  57.5%  84.0   85s
 15655  2041 infeasible   41      3.2141e+07 1.5011e+07  53.3%  85.2   92s
 16204  2013 1.6036e+07   17   54 3.2141e+07 1.6036e+07  50.1%  85.0   96s
 17150  1989 infeasible   34      3.2141e+07 1.9748e+07  38.6%  84.9  100s
 18421  2193 2.4720e+07   24   23 3.2141e+07 2.1939e+07  31.7%  83.7  105s
 19615  2366 2.2266e+07   31   44 3.2141e+07 2.2010e+07  31.5%  82.9  110s
 20730  2503 2.2161e+07   35   31 3.2141e+07 2.2155e+07  31.1%  82.6  132s
 21668  2586 2.2189e+07   27   34 3.2141e+07 2.2189e+07  31.0%  82.6  136s
 22509  2608 infeasible   23      3.2141e+07 2.2227e+07  30.8%  83.2  140s
 23587  2576 2.2451e+07   25   24 3.2141e+07 2.2256e+07  30.8%  84.0  145s
 24671  2537     cutoff   52      3.2141e+07 2.2304e+07  30.6%  84.5  151s
 25593  2399 2.2433e+07   37   60 3.2141e+07 2.2338e+07  30.5%  85.4  156s
 26426  2262 infeasible   38      3.2141e+07 2.2373e+07  30.4%  85.9  160s
 27411  2023 infeasible   24      3.2141e+07 2.2418e+07  30.3%  86.9  166s
 27850  1907 2.2500e+07   27   15 3.2141e+07 2.2436e+07  30.2%  87.4  170s
 28694  1639     cutoff   32      3.2141e+07 2.2481e+07  30.1%  88.2  175s
 29506  1372 infeasible   39      3.2141e+07 2.2538e+07  29.9%  88.9  180s
 30163  1071 infeasible   36      3.2141e+07 2.2605e+07  29.7%  89.7  185s
 31022   730     cutoff   42      3.2141e+07 2.2731e+07  29.3%  90.5  190s
 31774   370 2.3331e+07   38   69 3.2141e+07 2.2974e+07  28.5%  91.2  195s

Cutting planes:
  Learned: 12
  Gomory: 5
  Cover: 592
  Implied bound: 486
  Clique: 12
  MIR: 110
  Flow cover: 243
  GUB cover: 42
  Zero half: 84

Explored 32377 nodes (2967369 simplex iterations) in 198.43 seconds
Thread count was 2 (of 4 available processors)

Optimal solution found (tolerance 1.00e-04)
Best objective 3.214110000000e+07, best bound 3.214110000000e+07, gap 0.0%
k_c1	909999.0
k_c10	110000.0
k_c11	959999.0
k_c12	90000.0
k_c13	50000.0
k_c14	120000.0
k_c2	820000.0
k_c3	70000.0
k_c4	170000.0
k_c5	880000.0
k_c6	850000.0
k_c7	879999.0
k_c8	929999.0
k_c9	130000.0
k_dN	0.0
o_1	0.0
o_10	0.0
o_11	0.0
o_12	0.0
o_13	0.0
o_14	0.0
o_2	0.0
o_3	0.0
o_4	0.0
o_5	0.0
o_6	0.0
o_7	0.0
o_8	0.0
o_9	0.0
p_1	0.0
p_10	0.0
p_11	0.0
p_12	0.0
p_13	0.0
p_14	0.0
p_2	0.0
p_3	0.0
p_4	0.0
p_5	0.0
p_6	0.0
p_7	0.0
p_8	0.0
p_9	0.0
phi_c1	42378.0
phi_c10	16270.0
phi_c11	55932.0
phi_c12	32667.0
phi_c13	12443.0
phi_c14	41535.0
phi_c2	42004.0
phi_c3	15601.0
phi_c4	49617.0
phi_c5	56394.0
phi_c6	45610.0
phi_c7	38478.0
phi_c8	45984.0
phi_c9	29132.0
phi_d0	60000.0
phi_dN	0.0
tauD_c1	450000.0
tauD_c10	741100.0
tauD_c11	15200.0
tauD_c12	650000.0
tauD_c13	825575.0
tauD_c14	250000.0
tauD_c2	553475.0
tauD_c3	850000.0
tauD_c4	119800.0
tauD_c5	100000.0
tauD_c6	450000.0
tauD_c7	790775.0
tauD_c8	200000.0
tauD_c9	651575.0
tauD_d0	0.0
tauD_dN	1000000.0
tauS_c1	804325.0
tauS_c10	37550.0
tauS_c11	110650.0
tauS_c12	41150.0
tauS_c13	125225.0
tauS_c14	851225.0
tauS_c2	110700.0
tauS_c3	36725.0
tauS_c4	33575.0
tauS_c5	58275.0
tauS_c6	867500.0
tauS_c7	126200.0
tauS_c8	120150.0
tauS_c9	863325.0
tauS_d0	0.0
tauS_dN	68300.0
x_c10_c3	1.0
x_c11_c8	1.0
x_c12_c13	1.0
x_c13_dN	1.0
x_c14_c12	1.0
x_c1_c7	1.0
x_c2_c9	1.0
x_c3_dN	1.0
x_c4_c14	1.0
x_c5_c6	1.0
x_c6_c2	1.0
x_c7_dN	1.0
x_c8_c1	1.0
x_c9_c10	1.0
x_d0_c11	1.0
x_d0_c4	1.0
x_d0_c5	1.0
