
Gurobi 6.0.4 (win64) logging started 06/21/15 19:05:31

Read LP format model from file C:\MT\repository\VRPTWMS\instances\mip\fuel\N4-C_DV100-C_SV30_F6_12_No_1.lp
Reading time = 0.00 seconds
(null): 129 rows, 72 columns, 447 nonzeros
Optimize a model with 129 rows, 72 columns and 447 nonzeros
Model has 64 quadratic constraints
Coefficient statistics:
  Matrix range    [1e+00, 1e+06]
  Objective range [4e+04, 1e+07]
  Bounds range    [1e+00, 1e+06]
  RHS range       [1e+00, 1e+06]
Presolve removed 18 rows and 11 columns
Presolve time: 0.01s
Presolved: 209 rows, 110 columns, 968 nonzeros
Variable types: 49 continuous, 61 integer (43 binary)
Found heuristic solution: objective 2.109980e+07

Root relaxation: objective 1.118875e+07, 29 iterations, 0.00 seconds

    Nodes    |    Current Node    |     Objective Bounds      |     Work
 Expl Unexpl |  Obj  Depth IntInf | Incumbent    BestBd   Gap | It/Node Time

     0     0 1.1189e+07    0   13 2.1100e+07 1.1189e+07  47.0%     -    0s
     0     0 1.7891e+07    0   15 2.1100e+07 1.7891e+07  15.2%     -    0s

Cutting planes:
  Implied bound: 2
  Clique: 6
  MIR: 1
  GUB cover: 1

Explored 0 nodes (53 simplex iterations) in 0.02 seconds
Thread count was 2 (of 4 available processors)

Optimal solution found (tolerance 1.00e-04)
Best objective 2.109980000000e+07, best bound 2.109980000000e+07, gap 0.0%
k_c1	40000.0
k_c2	70000.0
k_c3	80000.0
k_c4	30000.0
k_dN	-0.0
o_1	-0.0
o_2	-0.0
o_3	-0.0
o_4	-0.0
p_1	-0.0
p_2	-0.0
p_3	-0.0
p_4	-0.0
phi_c1	24352.0
phi_c2	32815.0
phi_c3	22023.0
phi_c4	11132.0
phi_d0	60000.0
phi_dN	-0.0
tauD_c1	850000.0
tauD_c2	200000.0
tauD_c3	559300.0
tauD_c4	650000.0
tauD_d0	-0.0
tauD_dN	1000000.0
tauS_c1	829000.0
tauS_c2	860575.0
tauS_c3	50775.0
tauS_c4	42000.0
tauS_d0	-0.0
tauS_dN	41000.0
x_c1_dN	1.0
x_c2_c1	1.0
x_c3_c4	1.0
x_c4_dN	1.0
x_d0_c2	1.0
x_d0_c3	1.0
