
Gurobi 6.0.4 (win64) logging started 06/21/15 19:05:31

Read LP format model from file C:\MT\repository\VRPTWMS\instances\mip\fuel\N4-C_DV100-C_SV30_F6_8_No_1.lp
Reading time = 0.00 seconds
(null): 129 rows, 72 columns, 447 nonzeros
Optimize a model with 129 rows, 72 columns and 447 nonzeros
Model has 64 quadratic constraints
Coefficient statistics:
  Matrix range    [1e+00, 1e+06]
  Objective range [2e+04, 1e+07]
  Bounds range    [1e+00, 1e+06]
  RHS range       [1e+00, 1e+06]
Presolve removed 20 rows and 14 columns
Presolve time: 0.01s
Presolved: 197 rows, 102 columns, 897 nonzeros
Variable types: 44 continuous, 58 integer (41 binary)
Found heuristic solution: objective 2.126820e+07

Root relaxation: objective 1.095804e+07, 19 iterations, 0.00 seconds

    Nodes    |    Current Node    |     Objective Bounds      |     Work
 Expl Unexpl |  Obj  Depth IntInf | Incumbent    BestBd   Gap | It/Node Time

     0     0 1.0958e+07    0    7 2.1268e+07 1.0958e+07  48.5%     -    0s
     0     0 1.1136e+07    0   14 2.1268e+07 1.1136e+07  47.6%     -    0s
     0     0 1.4196e+07    0   17 2.1268e+07 1.4196e+07  33.3%     -    0s
     0     0 1.6316e+07    0   11 2.1268e+07 1.6316e+07  23.3%     -    0s
     0     0 1.6316e+07    0   11 2.1268e+07 1.6316e+07  23.3%     -    0s
     0     0 1.6316e+07    0   10 2.1268e+07 1.6316e+07  23.3%     -    0s

Cutting planes:
  Gomory: 1
  Cover: 1
  Implied bound: 2
  Clique: 5
  MIR: 2
  GUB cover: 1

Explored 0 nodes (73 simplex iterations) in 0.03 seconds
Thread count was 2 (of 4 available processors)

Optimal solution found (tolerance 1.00e-04)
Best objective 2.126820000000e+07, best bound 2.126820000000e+07, gap 0.0%
k_c1	50000.0
k_c2	1000000.0
k_c3	110000.0
k_c4	40000.0
k_dN	-0.0
o_1	-0.0
o_2	-0.0
o_3	-0.0
o_4	-0.0
p_1	-0.0
p_2	-0.0
p_3	-0.0
p_4	-0.0
phi_c1	13326.0
phi_c2	36431.0
phi_c3	14825.0
phi_c4	18016.0
phi_d0	60000.0
phi_dN	-0.0
tauD_c1	850000.0
tauD_c2	500000.0
tauD_c3	784400.0
tauD_c4	800000.0
tauD_d0	-0.0
tauD_dN	1000000.0
tauS_c1	12000.0
tauS_c2	75000.0
tauS_c3	7025.0
tauS_c4	32000.0
tauS_d0	-0.0
tauS_dN	-0.0
x_c1_dN	1.0
x_c2_c4	1.0
x_c3_c1	1.0
x_c4_dN	1.0
x_d0_c2	1.0
x_d0_c3	1.0
