
Gurobi 6.0.4 (win64) logging started 06/21/15 19:09:27

Read LP format model from file C:\MT\repository\VRPTWMS\instances\mip\fuel\N6-C_DV100-C_SV30_F6_8_No_1.lp
Reading time = 0.00 seconds
(null): 253 rows, 128 columns, 957 nonzeros
Optimize a model with 253 rows, 128 columns and 957 nonzeros
Model has 216 quadratic constraints
Coefficient statistics:
  Matrix range    [1e+00, 1e+06]
  Objective range [8e+04, 1e+07]
  Bounds range    [1e+00, 1e+06]
  RHS range       [1e+00, 1e+06]
Presolve removed 59 rows and 25 columns
Presolve time: 0.07s
Presolved: 474 rows, 243 columns, 2411 nonzeros
Variable types: 140 continuous, 103 integer (79 binary)
Found heuristic solution: objective 2.143320e+07

Root relaxation: objective 1.112249e+07, 42 iterations, 0.00 seconds

    Nodes    |    Current Node    |     Objective Bounds      |     Work
 Expl Unexpl |  Obj  Depth IntInf | Incumbent    BestBd   Gap | It/Node Time

     0     0 1.1122e+07    0   18 2.1433e+07 1.1122e+07  48.1%     -    0s
H    0     0                    2.136760e+07 1.1122e+07  47.9%     -    0s
     0     0 1.1226e+07    0   17 2.1368e+07 1.1226e+07  47.5%     -    0s
H    0     0                    2.131840e+07 1.1226e+07  47.3%     -    0s
     0     0 1.1393e+07    0   25 2.1318e+07 1.1393e+07  46.6%     -    0s
     0     0 1.1401e+07    0   31 2.1318e+07 1.1401e+07  46.5%     -    0s
     0     0 1.1401e+07    0   34 2.1318e+07 1.1401e+07  46.5%     -    0s
H    0     0                    2.124750e+07 1.1401e+07  46.3%     -    0s
     0     0 1.1401e+07    0   35 2.1248e+07 1.1401e+07  46.3%     -    0s
     0     0 1.1401e+07    0   34 2.1248e+07 1.1401e+07  46.3%     -    0s
     0     0 1.1859e+07    0   18 2.1248e+07 1.1859e+07  44.2%     -    0s
*    0     0               0    2.118190e+07 2.1182e+07  0.00%     -    0s

Cutting planes:
  Gomory: 1
  Cover: 3
  Implied bound: 3
  Clique: 13
  MIR: 3

Explored 0 nodes (292 simplex iterations) in 0.14 seconds
Thread count was 2 (of 4 available processors)

Optimal solution found (tolerance 1.00e-04)
Best objective 2.118190000000e+07, best bound 2.118190000000e+07, gap 0.0%
k_c1	149999.9999999999
k_c2	129999.99999999991
k_c3	99999.99999999991
k_c4	30000.0
k_c5	130000.00000000006
k_c6	50000.0
k_dN	-0.0
o_1	-0.0
o_2	0.0
o_3	-0.0
o_4	0.0
o_5	-0.0
o_6	0.0
p_1	-0.0
p_2	0.0
p_3	-0.0
p_4	0.0
p_5	-0.0
p_6	0.0
phi_c1	46225.0
phi_c2	36719.00000000003
phi_c3	13875.000000000007
phi_c4	6309.0
phi_c5	23582.999999999996
phi_c6	15956.0
phi_d0	60000.0
phi_dN	-0.0
tauD_c1	154475.0
tauD_c2	250000.0
tauD_c3	347175.0
tauD_c4	700000.0
tauD_c5	400000.0
tauD_c6	500000.0
tauD_d0	-0.0
tauD_dN	1000000.0
tauS_c1	-0.0
tauS_c2	-0.0
tauS_c3	-0.0
tauS_c4	-0.0
tauS_c5	-0.0
tauS_c6	-0.0
tauS_d0	-0.0
tauS_dN	-0.0
x_c1_c2	1.0
x_c2_c3	1.0
x_c3_c4	1.0
x_c4_dN	1.0
x_c5_c6	1.0
x_c6_dN	1.0
x_d0_c1	1.0
x_d0_c5	1.0
