
Gurobi 6.0.4 (win64) logging started 06/21/15 19:09:26

Read LP format model from file C:\MT\repository\VRPTWMS\instances\mip\fuel\N6-C_DV100-C_SV30_F6_2_No_1.lp
Reading time = 0.00 seconds
(null): 253 rows, 128 columns, 957 nonzeros
Optimize a model with 253 rows, 128 columns and 957 nonzeros
Model has 216 quadratic constraints
Coefficient statistics:
  Matrix range    [1e+00, 1e+06]
  Objective range [7e+04, 1e+07]
  Bounds range    [1e+00, 1e+06]
  RHS range       [1e+00, 1e+06]
Presolve removed 26 rows and 12 columns
Presolve time: 0.10s
Presolved: 617 rows, 311 columns, 3134 nonzeros
Variable types: 195 continuous, 116 integer (90 binary)
Found heuristic solution: objective 6.238020e+07

Root relaxation: objective 1.558017e+06, 69 iterations, 0.00 seconds

    Nodes    |    Current Node    |     Objective Bounds      |     Work
 Expl Unexpl |  Obj  Depth IntInf | Incumbent    BestBd   Gap | It/Node Time

     0     0 1558016.69    0   26 6.2380e+07 1558016.69  97.5%     -    0s
H    0     0                    2.111270e+07 1558016.69  92.6%     -    0s
     0     0 1.0775e+07    0   16 2.1113e+07 1.0775e+07  49.0%     -    0s
     0     0 1.0775e+07    0   17 2.1113e+07 1.0775e+07  49.0%     -    0s
     0     0 1.0775e+07    0   13 2.1113e+07 1.0775e+07  49.0%     -    0s
     0     0 1.0775e+07    0   19 2.1113e+07 1.0775e+07  49.0%     -    0s
     0     0 1.0775e+07    0   10 2.1113e+07 1.0775e+07  49.0%     -    0s
     0     0 1.0775e+07    0   19 2.1113e+07 1.0775e+07  49.0%     -    0s
     0     0 1.0775e+07    0   13 2.1113e+07 1.0775e+07  49.0%     -    0s
     0     0 1.0775e+07    0   13 2.1113e+07 1.0775e+07  49.0%     -    0s
     0     2 1.0775e+07    0   13 2.1113e+07 1.0775e+07  49.0%     -    0s

Cutting planes:
  Learned: 4
  Gomory: 2
  Cover: 10
  Implied bound: 19
  Clique: 1
  MIR: 7
  GUB cover: 2

Explored 129 nodes (1492 simplex iterations) in 0.22 seconds
Thread count was 2 (of 4 available processors)

Optimal solution found (tolerance 1.00e-04)
Best objective 2.111270000000e+07, best bound 2.111270000000e+07, gap 0.0%
k_c1	809997.0
k_c2	80000.0
k_c3	1000000.0
k_c4	919999.0
k_c5	879998.0
k_c6	120001.0
k_dN	-0.0
o_1	0.0
o_2	0.0
o_3	0.0
o_4	0.0
o_5	0.0
o_6	0.0
p_1	0.0
p_2	0.0
p_3	0.0
p_4	0.0
p_5	0.0
p_6	0.0
phi_c1	34574.0
phi_c2	16564.0
phi_c3	55130.0
phi_c4	46433.0
phi_c5	42656.0
phi_c6	24191.0
phi_d0	60000.0
phi_dN	-0.0
tauD_c1	400000.0
tauD_c2	868100.0
tauD_c3	100000.0
tauD_c4	300000.0
tauD_c5	339800.0
tauD_c6	749599.0
tauD_d0	-0.0
tauD_dN	1000000.0
tauS_c1	858150.0
tauS_c2	858100.0
tauS_c3	901800.0
tauS_c4	894500.0
tauS_c5	877425.0
tauS_c6	832500.0
tauS_d0	-0.0
tauS_dN	1000000.0
x_c1_c6	1.0
x_c2_dN	1.0
x_c3_c4	1.0
x_c4_dN	1.0
x_c5_c1	1.0
x_c6_c2	1.0
x_d0_c3	1.0
x_d0_c5	1.0
