
Gurobi 6.0.4 (win64) logging started 06/21/15 19:09:26

Read LP format model from file C:\MT\repository\VRPTWMS\instances\mip\fuel\N6-C_DV100-C_SV30_F6_14_No_1.lp
Reading time = 0.00 seconds
(null): 253 rows, 128 columns, 957 nonzeros
Optimize a model with 253 rows, 128 columns and 957 nonzeros
Model has 216 quadratic constraints
Coefficient statistics:
  Matrix range    [1e+00, 1e+06]
  Objective range [4e+04, 1e+07]
  Bounds range    [1e+00, 1e+06]
  RHS range       [1e+00, 1e+06]
Presolve removed 40 rows and 20 columns
Presolve time: 0.08s
Presolved: 525 rows, 264 columns, 2636 nonzeros
Variable types: 156 continuous, 108 integer (83 binary)
Found heuristic solution: objective 2.161500e+07

Root relaxation: objective 1.152853e+07, 48 iterations, 0.00 seconds

    Nodes    |    Current Node    |     Objective Bounds      |     Work
 Expl Unexpl |  Obj  Depth IntInf | Incumbent    BestBd   Gap | It/Node Time

     0     0 1.1529e+07    0   22 2.1615e+07 1.1529e+07  46.7%     -    0s
     0     0 1.2217e+07    0   28 2.1615e+07 1.2217e+07  43.5%     -    0s
     0     0 2.0577e+07    0   25 2.1615e+07 2.0577e+07  4.80%     -    0s
     0     0 2.0590e+07    0   27 2.1615e+07 2.0590e+07  4.74%     -    0s
     0     0 2.0593e+07    0   23 2.1615e+07 2.0593e+07  4.73%     -    0s
     0     0 2.0593e+07    0   25 2.1615e+07 2.0593e+07  4.73%     -    0s
     0     0 2.0593e+07    0   23 2.1615e+07 2.0593e+07  4.73%     -    0s
     0     0 2.1570e+07    0    5 2.1615e+07 2.1570e+07  0.21%     -    0s
     0     0     cutoff    0      2.1615e+07 2.1615e+07  0.00%     -    0s

Cutting planes:
  Implied bound: 1
  MIR: 2

Explored 0 nodes (215 simplex iterations) in 0.15 seconds
Thread count was 2 (of 4 available processors)

Optimal solution found (tolerance 1.00e-04)
Best objective 2.161500000000e+07, best bound 2.161500000000e+07, gap 0.0%
k_c1	1000000.0
k_c2	100000.0
k_c3	1000000.0
k_c4	60000.0
k_c5	990000.0
k_c6	30000.0
k_dN	-0.0
o_1	-0.0
o_2	-0.0
o_3	-0.0
o_4	-0.0
o_5	-0.0
o_6	-0.0
p_1	-0.0
p_2	-0.0
p_3	-0.0
p_4	-0.0
p_5	-0.0
p_6	-0.0
phi_c1	45389.0
phi_c2	25442.0
phi_c3	49296.0
phi_c4	12062.0
phi_c5	17608.0
phi_c6	2756.0
phi_d0	60000.0
phi_dN	-0.0
tauD_c1	200000.0
tauD_c2	710000.0
tauD_c3	450000.0
tauD_c4	850000.0
tauD_c5	650000.0
tauD_c6	800000.0
tauD_d0	-0.0
tauD_dN	1000000.0
tauS_c1	865400.0
tauS_c2	824975.0
tauS_c3	21425.0
tauS_c4	874925.0
tauS_c5	64600.0
tauS_c6	22725.0
tauS_d0	-0.0
tauS_dN	25075.0
x_c1_c5	1.0
x_c2_c4	1.0
x_c3_c2	1.0
x_c4_dN	1.0
x_c5_c6	1.0
x_c6_dN	1.0
x_d0_c1	1.0
x_d0_c3	1.0
