
Gurobi 6.0.4 (win64) logging started 06/21/15 19:09:27

Read LP format model from file C:\MT\repository\VRPTWMS\instances\mip\fuel\N6-C_DV100-C_SV30_F6_5_No_1.lp
Reading time = 0.00 seconds
(null): 253 rows, 128 columns, 957 nonzeros
Optimize a model with 253 rows, 128 columns and 957 nonzeros
Model has 216 quadratic constraints
Coefficient statistics:
  Matrix range    [1e+00, 1e+06]
  Objective range [4e+04, 1e+07]
  Bounds range    [1e+00, 1e+06]
  RHS range       [1e+00, 1e+06]
Presolve removed 23 rows and 10 columns
Presolve time: 0.12s
Presolved: 658 rows, 332 columns, 3297 nonzeros
Variable types: 214 continuous, 118 integer (92 binary)
Found heuristic solution: objective 6.151880e+07

Root relaxation: objective 7.786291e+05, 61 iterations, 0.00 seconds

    Nodes    |    Current Node    |     Objective Bounds      |     Work
 Expl Unexpl |  Obj  Depth IntInf | Incumbent    BestBd   Gap | It/Node Time

     0     0 778629.127    0   26 6.1519e+07 778629.127  98.7%     -    0s
     0     0 1006885.49    0   25 6.1519e+07 1006885.49  98.4%     -    0s
H    0     0                    4.124010e+07 1006885.49  97.6%     -    0s
H    0     0                    2.124830e+07 1006885.49  95.3%     -    0s
     0     0 1084116.15    0   21 2.1248e+07 1084116.15  94.9%     -    0s
     0     0 1088115.56    0   23 2.1248e+07 1088115.56  94.9%     -    0s
     0     0 1088546.26    0   24 2.1248e+07 1088546.26  94.9%     -    0s
H    0     0                    2.112960e+07 1088546.26  94.8%     -    0s
     0     0 1088546.26    0   24 2.1130e+07 1088546.26  94.8%     -    0s
     0     2 1088546.26    0   24 2.1130e+07 1088546.26  94.8%     -    0s
*   18     2              11    2.098220e+07 6002418.58  71.4%  21.8    0s
*   19     2              10    2.093410e+07 6002418.58  71.3%  21.7    0s

Cutting planes:
  Learned: 1
  Gomory: 1
  Clique: 2
  MIR: 1

Explored 3465 nodes (4632 simplex iterations) in 0.57 seconds
Thread count was 2 (of 4 available processors)

Optimal solution found (tolerance 1.00e-04)
Best objective 2.093410000000e+07, best bound 2.093410000000e+07, gap 0.0%
k_c1	80000.0
k_c2	100000.0
k_c3	1000000.0
k_c4	1000000.0
k_c5	120000.0
k_c6	60000.0
k_dN	-0.0
o_1	0.0
o_2	-0.0
o_3	0.0
o_4	-0.0
o_5	-0.0
o_6	-0.0
p_1	-0.0
p_2	0.0
p_3	0.0
p_4	-0.0
p_5	-0.0
p_6	0.0
phi_c1	6777.000000000015
phi_c2	22224.000000000015
phi_c3	49964.999999999985
phi_c4	34340.000000000015
phi_c5	29851.000000000015
phi_c6	2990.0000000000146
phi_d0	60000.0
phi_dN	-0.0
tauD_c1	500000.0
tauD_c2	250000.0
tauD_c3	50000.0
tauD_c4	30200.0
tauD_c5	171500.0
tauD_c6	852825.0
tauD_d0	-0.0
tauD_dN	1000000.0
tauS_c1	-0.0
tauS_c2	825650.0
tauS_c3	-0.0
tauS_c4	4200.0
tauS_c5	853950.0
tauS_c6	-0.0
tauS_d0	-0.0
tauS_dN	-0.0
x_c1_c6	1.0
x_c2_c1	1.0
x_c3_dN	1.0
x_c4_c5	1.0
x_c5_c2	1.0
x_c6_dN	1.0
x_d0_c3	1.0
x_d0_c4	1.0
