
Gurobi 6.0.4 (win64) logging started 06/21/15 19:09:26

Read LP format model from file C:\MT\repository\VRPTWMS\instances\mip\fuel\N6-C_DV100-C_SV30_F6_12_No_1.lp
Reading time = 0.01 seconds
(null): 253 rows, 128 columns, 957 nonzeros
Optimize a model with 253 rows, 128 columns and 957 nonzeros
Model has 216 quadratic constraints
Coefficient statistics:
  Matrix range    [1e+00, 1e+06]
  Objective range [8e+04, 1e+07]
  Bounds range    [1e+00, 1e+06]
  RHS range       [1e+00, 1e+06]
Presolve removed 70 rows and 36 columns
Presolve time: 0.05s
Presolved: 385 rows, 193 columns, 1960 nonzeros
Variable types: 101 continuous, 92 integer (71 binary)
Found heuristic solution: objective 4.253780e+07

Root relaxation: objective 2.632377e+07, 45 iterations, 0.01 seconds

    Nodes    |    Current Node    |     Objective Bounds      |     Work
 Expl Unexpl |  Obj  Depth IntInf | Incumbent    BestBd   Gap | It/Node Time

     0     0 2.6324e+07    0   11 4.2538e+07 2.6324e+07  38.1%     -    0s
H    0     0                    3.221350e+07 2.6324e+07  18.3%     -    0s
*    0     0               0    3.203100e+07 3.2031e+07  0.00%     -    0s

Cutting planes:
  Gomory: 1
  Cover: 1
  Implied bound: 1
  Clique: 4
  MIR: 1

Explored 0 nodes (62 simplex iterations) in 0.06 seconds
Thread count was 2 (of 4 available processors)

Optimal solution found (tolerance 1.00e-04)
Best objective 3.203099999998e+07, best bound 3.203099999998e+07, gap 0.0%
k_c1	929999.9999999995
k_c2	30000.0
k_c3	1000000.0
k_c4	889998.9999999993
k_c5	849998.9999999993
k_c6	849997.9999999988
k_dN	-0.0
o_1	-0.0
o_2	-0.0
o_3	-0.0
o_4	-0.0
o_5	-0.0
o_6	-0.0
p_1	-0.0
p_2	0.0
p_3	-0.0
p_4	-0.0
p_5	-0.0
p_6	-0.0
phi_c1	37408.000000000015
phi_c2	22753.0
phi_c3	42799.999999999985
phi_c4	44212.00000000003
phi_c5	28446.0
phi_c6	40160.0
phi_d0	60000.0
phi_dN	-0.0
tauD_c1	300000.0
tauD_c2	650000.0
tauD_c3	100000.0
tauD_c4	450000.0
tauD_c5	610300.0
tauD_c6	650000.0
tauD_d0	-0.0
tauD_dN	1000000.0
tauS_c1	-0.0
tauS_c2	-0.0
tauS_c3	-0.0
tauS_c4	-0.0
tauS_c5	-0.0
tauS_c6	-0.0
tauS_d0	-0.0
tauS_dN	159850.0
x_c1_c2	1.0
x_c2_dN	1.0
x_c3_c1	1.0
x_c4_c5	1.0
x_c5_dN	1.0
x_c6_dN	1.0
x_d0_c3	1.0
x_d0_c4	1.0
x_d0_c6	0.9999999999976814
