
Gurobi 6.0.4 (win64) logging started 06/20/15 12:11:07

Read LP format model from file C:\MT\repository\VRPTWMS\instances\mip\fuel\N8-C_DV100-C_SV30_F6_1_No_1.lp
Reading time = 0.01 seconds
(null): 417 rows, 200 columns, 1659 nonzeros
Optimize a model with 417 rows, 200 columns and 1659 nonzeros
Model has 512 quadratic constraints
Coefficient statistics:
  Matrix range    [1e+00, 1e+06]
  Objective range [4e+04, 1e+07]
  Bounds range    [1e+00, 1e+06]
  RHS range       [1e+00, 1e+06]
Presolve removed 61 rows and 33 columns
Presolve time: 0.10s
Presolved: 1062 rows, 520 columns, 5554 nonzeros
Variable types: 353 continuous, 167 integer (133 binary)
Found heuristic solution: objective 8.361800e+07

Root relaxation: objective 1.516336e+07, 123 iterations, 0.01 seconds

    Nodes    |    Current Node    |     Objective Bounds      |     Work
 Expl Unexpl |  Obj  Depth IntInf | Incumbent    BestBd   Gap | It/Node Time

     0     0 1.5163e+07    0   36 8.3618e+07 1.5163e+07  81.9%     -    0s
H    0     0                    4.246240e+07 1.5163e+07  64.3%     -    0s
     0     0 2.0147e+07    0   32 4.2462e+07 2.0147e+07  52.6%     -    0s
     0     0 2.1954e+07    0   19 4.2462e+07 2.1954e+07  48.3%     -    0s
H    0     0                    4.201910e+07 2.1954e+07  47.8%     -    0s
H    0     0                    3.201700e+07 2.1954e+07  31.4%     -    0s
H    0     0                    3.192730e+07 2.1954e+07  31.2%     -    0s
     0     0 2.1970e+07    0   21 3.1927e+07 2.1970e+07  31.2%     -    0s
     0     0 2.1970e+07    0   20 3.1927e+07 2.1970e+07  31.2%     -    0s
     0     0 2.1970e+07    0   16 3.1927e+07 2.1970e+07  31.2%     -    0s
     0     0 2.6947e+07    0   18 3.1927e+07 2.6947e+07  15.6%     -    0s
     0     0 2.6947e+07    0   15 3.1927e+07 2.6947e+07  15.6%     -    0s
     0     0     cutoff    0      3.1927e+07 3.1927e+07  0.00%     -    0s

Cutting planes:
  Learned: 1
  Cover: 4
  Implied bound: 2
  Clique: 5
  MIR: 1

Explored 0 nodes (521 simplex iterations) in 0.30 seconds
Thread count was 2 (of 4 available processors)

Optimal solution found (tolerance 1.00e-04)
Best objective 3.192730000000e+07, best bound 3.192730000000e+07, gap 0.0%
k_c1	929999.0
k_c2	50001.0
k_c3	1000000.0
k_c4	50001.0
k_c5	1000000.0
k_c6	989999.0
k_c7	899999.0
k_c8	1000000.0
k_dN	-0.0
o_1	-0.0
o_2	-0.0
o_3	-0.0
o_4	-0.0
o_5	-0.0
o_6	-0.0
o_7	-0.0
o_8	-0.0
p_1	-0.0
p_2	-0.0
p_3	-0.0
p_4	-0.0
p_5	-0.0
p_6	-0.0
p_7	-0.0
p_8	-0.0
phi_c1	37748.0
phi_c2	24246.0
phi_c3	47149.0
phi_c4	14812.0
phi_c5	56654.0
phi_c6	40865.0
phi_c7	40558.0
phi_c8	46473.0
phi_d0	60000.0
phi_dN	-0.0
tauD_c1	450000.0
tauD_c2	799400.0
tauD_c3	100001.0
tauD_c4	650000.0
tauD_c5	720999.0
tauD_c6	850000.0
tauD_c7	250000.0
tauD_c8	357399.0
tauD_d0	-0.0
tauD_dN	1000000.0
tauS_c1	866325.0
tauS_c2	829400.0
tauS_c3	871975.0
tauS_c4	864650.0
tauS_c5	907500.0
tauS_c6	850550.0
tauS_c7	847900.0
tauS_c8	869450.0
tauS_d0	-0.0
tauS_dN	1000000.0
x_c1_c4	1.0
x_c2_dN	1.0
x_c3_c7	1.0
x_c4_dN	1.0
x_c5_c6	1.0
x_c6_dN	1.0
x_c7_c2	1.0
x_c8_c1	1.0
x_d0_c3	1.0
x_d0_c5	1.0
x_d0_c8	1.0
