
Gurobi 6.0.4 (win64) logging started 06/20/15 12:11:12

Read LP format model from file C:\MT\repository\VRPTWMS\instances\mip\fuel\N8-C_DV100-C_SV30_F6_2_No_1.lp
Reading time = 0.01 seconds
(null): 417 rows, 200 columns, 1659 nonzeros
Optimize a model with 417 rows, 200 columns and 1659 nonzeros
Model has 512 quadratic constraints
Coefficient statistics:
  Matrix range    [1e+00, 1e+06]
  Objective range [4e+04, 1e+07]
  Bounds range    [1e+00, 1e+06]
  RHS range       [1e+00, 1e+06]
Presolve removed 48 rows and 18 columns
Presolve time: 0.32s
Presolved: 1201 rows, 598 columns, 6413 nonzeros
Variable types: 416 continuous, 182 integer (148 binary)
Found heuristic solution: objective 8.226400e+07

Root relaxation: objective 1.133743e+06, 82 iterations, 0.00 seconds

    Nodes    |    Current Node    |     Objective Bounds      |     Work
 Expl Unexpl |  Obj  Depth IntInf | Incumbent    BestBd   Gap | It/Node Time

     0     0 1133742.89    0   25 8.2264e+07 1133742.89  98.6%     -    0s
H    0     0                    4.146560e+07 1133742.89  97.3%     -    0s
     0     0 1155476.39    0   30 4.1466e+07 1155476.39  97.2%     -    0s
     0     0 1194264.76    0   32 4.1466e+07 1194264.76  97.1%     -    0s
H    0     0                    2.124990e+07 1194264.76  94.4%     -    0s
     0     0 1210348.59    0   37 2.1250e+07 1210348.59  94.3%     -    0s
     0     0 1213166.67    0   33 2.1250e+07 1213166.67  94.3%     -    0s
     0     0 1214100.00    0   27 2.1250e+07 1214100.00  94.3%     -    0s
     0     0 1214100.00    0   27 2.1250e+07 1214100.00  94.3%     -    0s
     0     2 1214100.00    0   27 2.1250e+07 1214100.00  94.3%     -    0s
*  361    59               9    2.117400e+07 1.1174e+07  47.2%  13.7    0s

Cutting planes:
  Learned: 1
  Gomory: 1
  Cover: 2
  MIR: 2

Explored 6628 nodes (40884 simplex iterations) in 3.08 seconds
Thread count was 2 (of 4 available processors)

Optimal solution found (tolerance 1.00e-04)
Best objective 2.117400000000e+07, best bound 2.117400000000e+07, gap 0.0%
k_c1	120000.00000000009
k_c2	239999.99999999985
k_c3	60000.0
k_c4	219999.99999999985
k_c5	1000000.0
k_c6	169999.99999999985
k_c7	20000.0
k_c8	299999.9999999998
k_dN	-0.0
o_1	-0.0
o_2	-0.0
o_3	-0.0
o_4	-0.0
o_5	-0.0
o_6	0.0
o_7	-0.0
o_8	-0.0
p_1	0.0
p_2	-0.0
p_3	0.0
p_4	-0.0
p_5	-0.0
p_6	0.0
p_7	0.0
p_8	-0.0
phi_c1	19158.00000000002
phi_c2	52688.0
phi_c3	10911.0
phi_c4	45797.0
phi_c5	50420.0
phi_c6	36873.0
phi_c7	5519.0
phi_c8	56588.0
phi_d0	60000.0
phi_dN	-0.0
tauD_c1	600000.0
tauD_c2	284700.00000000006
tauD_c3	729850.0
tauD_c4	400450.00000000006
tauD_c5	884200.0
tauD_c6	463799.99999999994
tauD_c7	800000.0
tauD_c8	12750.0
tauD_d0	-0.0
tauD_dN	1000000.0
tauS_c1	98050.0
tauS_c2	104250.0
tauS_c3	107950.0
tauS_c4	128050.0
tauS_c5	27925.0
tauS_c6	159450.0
tauS_c7	899375.0
tauS_c8	92750.0
tauS_d0	-0.0
tauS_dN	1000000.0
x_c1_c3	1.0
x_c2_c4	1.0
x_c3_c7	1.0
x_c4_c6	1.0
x_c5_dN	1.0
x_c6_c1	1.0
x_c7_dN	1.0
x_c8_c2	1.0
x_d0_c5	1.0
x_d0_c8	1.0
