
Gurobi 6.0.4 (win64) logging started 06/15/15 19:36:37

Read LP format model from file C:\MT\repository\VRPTWMS\instances\mip\freight\N11-C_DV10-C_SV50_F24_10_No_1.lp
Reading time = 0.02 seconds
(null): 617 rows, 361 columns, 2709 nonzeros
Optimize a model with 617 rows, 361 columns and 2709 nonzeros
Model has 1584 quadratic constraints
WARNING: Only barrier available for SOCP models
Coefficient statistics:
  Matrix range    [1e+00, 1e+02]
  Objective range [1e+00, 1e+03]
  Bounds range    [1e+00, 1e+02]
  RHS range       [1e+00, 1e+02]
Presolve removed 104 rows and 46 columns
Presolve time: 0.12s
Presolved: 3664 rows, 1951 columns, 17345 nonzeros
Variable types: 1515 continuous, 436 integer (366 binary)
Found heuristic solution: objective 11348.240000
Optimize a model with 3664 rows, 1951 columns and 17345 nonzeros
Coefficient statistics:
  Matrix range    [3e-01, 1e+02]
  Objective range [1e+00, 1e+03]
  Bounds range    [1e+00, 1e+02]
  RHS range       [1e+00, 1e+02]

Concurrent LP optimizer: dual simplex and barrier
Showing barrier log only...

Presolve removed 173 rows and 85 columns
Presolved: 3491 rows, 1866 columns, 16462 nonzeros

Root barrier log...

Ordering time: 0.00s

Barrier performed 0 iterations in 0.16 seconds
Barrier solve interrupted - model solved by another algorithm


Solved with dual simplex
Solved in 262 iterations and 0.16 seconds
Optimal objective  6.798090170e+02

Root relaxation: objective 6.798090e+02, 262 iterations, 0.02 seconds

    Nodes    |    Current Node    |     Objective Bounds      |     Work
 Expl Unexpl |  Obj  Depth IntInf | Incumbent    BestBd   Gap | It/Node Time

     0     0  679.80902    0   81 11348.2400  679.80902  94.0%     -    0s
H    0     0                    9322.5600000  679.80902  92.7%     -    0s
     0     0 1187.71157    0   54 9322.56000 1187.71157  87.3%     -    0s
H    0     0                    8295.5200000 1187.71157  85.7%     -    0s
     0     0 1204.04286    0   57 8295.52000 1204.04286  85.5%     -    0s
     0     0 1208.91064    0   66 8295.52000 1208.91064  85.4%     -    0s
H    0     0                    7278.5400000 1208.91064  83.4%     -    0s
     0     0 1213.00200    0   51 7278.54000 1213.00200  83.3%     -    0s
     0     0 1214.01428    0   79 7278.54000 1214.01428  83.3%     -    0s
     0     0 1214.63199    0   79 7278.54000 1214.63199  83.3%     -    0s
     0     0 1214.70853    0   81 7278.54000 1214.70853  83.3%     -    0s
     0     0 1214.70853    0   74 7278.54000 1214.70853  83.3%     -    0s
     0     0 1214.70853    0   88 7278.54000 1214.70853  83.3%     -    0s
     0     0 1214.70853    0   84 7278.54000 1214.70853  83.3%     -    0s
H    0     0                    6292.3300000 1214.70853  80.7%     -    0s
H    0     0                    5270.1000000 1214.70853  77.0%     -    0s
     0     2 1214.70853    0   84 5270.10000 1214.70853  77.0%     -    0s
H   90    81                    5248.0700000 1227.29000  76.6%  38.7    0s
H  209   166                    4269.5600000 1267.44203  70.3%  47.0    1s
H  481   314                    4250.5500000 1485.09790  65.1%  51.9    1s
H  740   475                    4239.6200000 2183.10124  48.5%  46.4    3s
   750   483 2189.73904   16   76 4239.62000 2189.41727  48.4%  51.7    5s
H  990   566                    4238.6000000 2190.67658  48.3%  57.1    6s
H 1140   599                    4233.7100000 2191.13458  48.2%  57.2    6s
H 1527   643                    4231.5500000 2192.12250  48.2%  60.8    8s
H 1842   718                    4213.5800000 2192.34910  48.0%  59.7    9s
  2038   824 3253.29501   45   40 4213.58000 2192.59016  48.0%  59.9   10s
  2824  1332 2458.25593   53   62 4213.58000 2193.14438  48.0%  61.5   15s
H 3050  1447                    4207.5300000 2193.38317  47.9%  62.3   16s
  3563  1761 2218.17912   31   68 4207.53000 2193.96563  47.9%  64.8   20s
H 4658  2445                    4206.9500000 2194.72858  47.8%  65.0   24s
* 4664  2445              51    4206.6500000 2194.76162  47.8%  65.0   24s
  4844  2542 3293.60050   45   94 4206.65000 2194.94974  47.8%  65.5   25s
  5855  3127 infeasible   32      4206.65000 2195.95000  47.8%  67.1   30s
  7016  3800 2266.24795   41   93 4206.65000 2196.72545  47.8%  68.4   35s
  7392  4015 infeasible   60      4206.65000 2196.97171  47.8%  69.5   40s
  8435  4328 2249.79531   44   85 4206.65000 2204.03782  47.6%  71.6   45s
  9679  4722 2345.60370   42   86 4206.65000 2205.97544  47.6%  72.5   50s
 10964  5117 3542.25345   50   67 4206.65000 2207.77765  47.5%  73.0   55s
 12349  5478 3318.35047   55   80 4206.65000 2209.64070  47.5%  73.8   60s
 13408  5817 infeasible   89      4206.65000 2210.82190  47.4%  73.8   65s
 14528  6187 3287.39300   51   84 4206.65000 2211.82422  47.4%  73.7   75s
 14545  6198 3246.05571   56  129 4206.65000 2211.82422  47.4%  73.6   80s
 14558  6207 2231.64826   40  119 4206.65000 2211.82422  47.4%  73.5   85s
 14571  6218 2211.82422   41  115 4206.65000 2211.82422  47.4%  73.9   90s
 14786  6308 2238.38850   58   47 4206.65000 2211.82422  47.4%  74.1   95s
 15971  6684 2211.82422   60   68 4206.65000 2211.82422  47.4%  73.7  101s
 17121  7012 3264.20670   87   28 4206.65000 2211.82422  47.4%  73.8  105s
 18732  7522 3284.05006   66   95 4206.65000 2211.82422  47.4%  73.7  111s
 19862  7843 infeasible   91      4206.65000 2211.82422  47.4%  74.6  116s
 21132  8213 2233.04932   57  113 4206.65000 2211.82422  47.4%  74.7  121s
 21949  8451     cutoff   76      4206.65000 2211.82422  47.4%  75.2  125s
 23398  8889 infeasible   83      4206.65000 2213.49657  47.4%  74.8  131s
 24295  9173 2241.20600   62   98 4206.65000 2214.57011  47.4%  74.9  136s
 25193  9452 2281.14547   54   98 4206.65000 2215.16167  47.3%  74.9  140s
 26346  9683 2240.55367   58   84 4206.65000 2216.16750  47.3%  75.2  146s
 27060  9852 2251.62645   62   68 4206.65000 2216.68747  47.3%  75.5  150s
 28270 10104 2245.42589   56   93 4206.65000 2217.66708  47.3%  75.6  156s
 29108 10290 2229.43922   59   65 4206.65000 2218.23500  47.3%  75.6  160s
 30145 10475 infeasible   63      4206.65000 2219.08576  47.2%  75.7  166s
 30930 10644 2264.79462   62   76 4206.65000 2219.74500  47.2%  75.9  170s
 32012 10949 3255.02742   64   71 4206.65000 2220.31075  47.2%  75.7  175s
 32879 11116 2224.09207   53   99 4206.65000 2220.67646  47.2%  76.1  180s
 33851 11561 2329.24853   72  108 4206.65000 2221.05586  47.2%  76.3  185s
 34768 12066 2311.82325   83   64 4206.65000 2221.72712  47.2%  76.6  190s
 35415 12457     cutoff   76      4206.65000 2222.11652  47.2%  76.6  195s
 36658 13158 3761.19300   74   42 4206.65000 2222.68230  47.2%  76.9  201s
 37596 13688 3301.60045   69   53 4206.65000 2223.14831  47.2%  77.1  206s
 38682 14304 2265.98694   81   48 4206.65000 2223.50216  47.1%  77.4  211s
 39530 14737 3377.22631   80   72 4206.65000 2223.88543  47.1%  77.7  215s
 40410 15203 3322.83180   55   70 4206.65000 2224.44646  47.1%  77.9  220s
 41649 15865 infeasible   72      4206.65000 2224.88839  47.1%  77.9  226s
 42622 16390 2230.53735   49   76 4206.65000 2225.28677  47.1%  77.8  230s
 43651 16903 2291.59102   70   83 4206.65000 2225.77237  47.1%  78.1  235s
 44784 17502 infeasible   62      4206.65000 2226.29556  47.1%  78.5  241s
 45586 17948     cutoff   75      4206.65000 2226.55142  47.1%  78.5  245s
 46682 18501 2231.26008   70   75 4206.65000 2227.02378  47.1%  78.7  250s
 47646 19023 infeasible   58      4206.65000 2227.24950  47.1%  78.7  255s
 48682 19583 infeasible   62      4206.65000 2227.67515  47.0%  78.8  260s
 49905 20227     cutoff   80      4206.65000 2228.03135  47.0%  78.9  265s
 50956 20755 2246.77497   57   55 4206.65000 2228.27572  47.0%  79.0  270s
 52010 21272 infeasible   68      4206.65000 2228.53116  47.0%  79.1  276s
 53260 21922 infeasible   55      4206.65000 2228.92752  47.0%  79.1  281s
 53952 22289 2267.07991   69   71 4206.65000 2229.08939  47.0%  79.3  285s
 54889 22818 2280.26566   73   60 4206.65000 2229.35689  47.0%  79.3  291s
 55516 23159 3365.04314   86   81 4206.65000 2229.49900  47.0%  79.4  295s
 56835 23884 3287.43876   71   52 4206.65000 2229.79365  47.0%  79.6  301s
 57648 24372 3293.70523   61   56 4206.65000 2229.92044  47.0%  79.6  305s
 58636 24885 3270.79138   59   45 4206.65000 2230.18484  47.0%  79.7  310s
 59766 25470 infeasible   77      4206.65000 2230.41707  47.0%  79.8  315s
 60631 25937 3320.56418   70   73 4206.65000 2230.61445  47.0%  79.9  320s
 61880 26632 2349.15693   79  129 4206.65000 2230.81500  47.0%  79.8  325s
 62806 27108 3427.08085   79   67 4206.65000 2230.98822  47.0%  79.9  330s
H63094 21019                    3240.4000000 2231.05032  31.1%  79.9  331s
 63809 21361 infeasible   71      3240.40000 2231.30480  31.1%  79.9  335s
H64346 21387                    3239.2600000 2231.61724  31.1%  80.3  338s
 64633 21486 2254.93665   72   82 3239.26000 2231.75740  31.1%  80.4  340s
 65459 21787 2238.84394   56   79 3239.26000 2232.12990  31.1%  80.5  345s
 66119 21993 2263.84410   57   80 3239.26000 2232.32991  31.1%  80.8  350s
 67014 22274     cutoff   67      3239.26000 2232.64311  31.1%  81.1  355s
 67903 22577 2257.02098   60   99 3239.26000 2233.02148  31.1%  81.3  360s
 68898 22962 infeasible   67      3239.26000 2233.39544  31.1%  81.5  365s
 69676 23224 2246.54014   59   95 3239.26000 2233.63418  31.0%  81.7  370s
 70648 23597 2243.91363   60   91 3239.26000 2233.87750  31.0%  81.9  375s
 71419 23880     cutoff   66      3239.26000 2234.12210  31.0%  82.1  380s
 72155 24065     cutoff   75      3239.26000 2234.41648  31.0%  82.4  385s
 73115 24335 2244.23281   49   61 3239.26000 2234.76501  31.0%  82.5  390s
 73933 24624 2377.32760   54   82 3239.26000 2235.05649  31.0%  82.6  395s
 74766 24945 2257.17809   49   69 3239.26000 2235.25658  31.0%  82.8  400s
 75537 25282     cutoff   76      3239.26000 2235.42192  31.0%  83.1  405s
 76378 25553 infeasible   70      3239.26000 2235.68818  31.0%  83.3  410s
 77247 25864 infeasible   71      3239.26000 2235.90663  31.0%  83.4  415s
 78002 26073 2276.86948   61   98 3239.26000 2236.09750  31.0%  83.5  420s
 78667 26309 2274.10132   68   99 3239.26000 2236.26250  31.0%  83.6  425s
 79688 26635 infeasible   62      3239.26000 2236.58109  31.0%  83.9  430s
 80375 26820 2265.33468   51   81 3239.26000 2236.75601  30.9%  84.1  435s
 81308 27003     cutoff   62      3239.26000 2237.04099  30.9%  84.3  440s
 81993 27128 infeasible   60      3239.26000 2237.29650  30.9%  84.6  445s
 82897 27423 2275.17691   54   69 3239.26000 2237.51140  30.9%  84.7  450s
 83696 27713     cutoff   69      3239.26000 2237.68423  30.9%  84.8  455s
 84521 28014 infeasible   66      3239.26000 2237.94479  30.9%  84.9  460s
 85309 28231 2251.09909   57   65 3239.26000 2238.16799  30.9%  85.0  465s
 86276 28530     cutoff   62      3239.26000 2238.39801  30.9%  85.2  471s
 86783 28685 2244.73138   55   77 3239.26000 2238.51284  30.9%  85.3  475s
 87671 28923 2249.64593   67   72 3239.26000 2238.73063  30.9%  85.5  480s
 88633 29267     cutoff   58      3239.26000 2238.88288  30.9%  85.5  485s
 89414 29505     cutoff   64      3239.26000 2239.05883  30.9%  85.6  490s
 90239 29745 2257.23333   54   31 3239.26000 2239.26265  30.9%  85.8  496s
 90881 29948 2254.93669   64   45 3239.26000 2239.41615  30.9%  85.9  500s
 91664 30187 2266.51587   71  116 3239.26000 2239.61936  30.9%  86.2  505s
 92657 30513 2242.82824   65  106 3239.26000 2239.79101  30.9%  86.3  510s
 93348 30667 2282.83360   65   71 3239.26000 2239.93987  30.9%  86.5  515s
 94224 30876 2259.66209   68   37 3239.26000 2240.14891  30.8%  86.7  521s
 94873 31008     cutoff   64      3239.26000 2240.31464  30.8%  86.9  525s
 95615 31180 infeasible   73      3239.26000 2240.47439  30.8%  87.0  530s
 96215 31314 2535.11368   75   96 3239.26000 2240.62267  30.8%  87.2  535s
 96810 31406     cutoff   76      3239.26000 2240.73071  30.8%  87.4  540s
 97476 31610     cutoff   71      3239.26000 2240.87389  30.8%  87.6  545s
 98425 31836 2251.47739   55   95 3239.26000 2241.11476  30.8%  87.8  550s
 99226 32090     cutoff   65      3239.26000 2241.30215  30.8%  87.8  555s
 99994 32329 2504.80863   74   82 3239.26000 2241.44812  30.8%  87.9  560s
 100630 32414 2481.62921   67  102 3239.26000 2241.62725  30.8%  88.1  565s
 101385 32625 2243.70662   63   69 3239.26000 2241.82540  30.8%  88.2  570s
 102039 32753     cutoff   83      3239.26000 2242.00825  30.8%  88.4  575s
 102692 32908 2534.14831   74  128 3239.26000 2242.15960  30.8%  88.5  580s
 103651 33137 2313.89077   50   75 3239.26000 2242.33061  30.8%  88.7  586s
 104335 33249 infeasible   73      3239.26000 2242.50846  30.8%  88.8  590s
 105036 33445 2257.06208   68   80 3239.26000 2242.68952  30.8%  88.9  595s
 105686 33560 2353.34202   57   84 3239.26000 2242.89629  30.8%  89.1  600s
 106598 33797 2267.76895   64   79 3239.26000 2243.06025  30.8%  89.3  606s
 107351 33926 2532.98833   72  120 3239.26000 2243.22768  30.7%  89.4  611s
 108033 34107 infeasible   68      3239.26000 2243.36119  30.7%  89.5  615s
 108821 34315 2282.41463   56  124 3239.26000 2243.52401  30.7%  89.6  621s
 109464 34412     cutoff   82      3239.26000 2243.66966  30.7%  89.8  626s
 110216 34564 2245.48132   52   78 3239.26000 2243.84779  30.7%  89.9  630s
 110872 34761 2267.45222   61   81 3239.26000 2243.95703  30.7%  90.0  636s
 111652 34905     cutoff   66      3239.26000 2244.16033  30.7%  90.2  640s
 112507 35074     cutoff   67      3239.26000 2244.34141  30.7%  90.4  645s
 113389 35294     cutoff   67      3239.26000 2244.51110  30.7%  90.5  650s
 114396 35516 2258.93629   67   79 3239.26000 2244.69244  30.7%  90.6  655s
 115163 35716 2278.39989   72   74 3239.26000 2244.82000  30.7%  90.8  660s
 116071 35866 2260.17422   63   89 3239.26000 2245.01064  30.7%  91.0  666s
 116745 36039 infeasible   58      3239.26000 2245.10849  30.7%  91.2  670s
 117495 36183 2379.89781   76   89 3239.26000 2245.26669  30.7%  91.3  675s
 118447 36350     cutoff   68      3239.26000 2245.48663  30.7%  91.5  680s
 119252 36541 2467.76341   68   48 3239.26000 2245.63923  30.7%  91.6  685s
 120179 36696 infeasible   74      3239.26000 2245.92057  30.7%  91.8  690s
 120930 36805 2261.99485   60   55 3239.26000 2246.06528  30.7%  91.9  695s
 121766 36996 2263.52390   63   73 3239.26000 2246.25352  30.7%  92.0  700s
 122787 37224     cutoff   61      3239.26000 2246.44225  30.6%  92.1  705s
 123620 37389 2291.14587   68   80 3239.26000 2246.61694  30.6%  92.2  710s
 124527 37599 infeasible   68      3239.26000 2246.75730  30.6%  92.4  715s
 125313 37736     cutoff   56      3239.26000 2246.91803  30.6%  92.5  720s
 126133 37837     cutoff   58      3239.26000 2247.09945  30.6%  92.6  726s
 126947 38022 2350.16429   67   54 3239.26000 2247.27454  30.6%  92.7  730s
 127970 38284 2277.63009   74   61 3239.26000 2247.46676  30.6%  92.8  735s
 128823 38455 2395.22650   58   97 3239.26000 2247.62500  30.6%  92.9  740s
 129769 38640     cutoff   63      3239.26000 2247.80487  30.6%  93.1  745s
 130537 38754     cutoff   73      3239.26000 2248.00914  30.6%  93.2  750s
 131530 38933 infeasible   70      3239.26000 2248.16678  30.6%  93.3  755s
 132305 39087 infeasible   67      3239.26000 2248.30945  30.6%  93.4  760s
 133340 39258     cutoff   77      3239.26000 2248.50300  30.6%  93.5  765s
 134092 39403     cutoff   81      3239.26000 2248.63576  30.6%  93.6  770s
 135093 39644 2319.74869   71  111 3239.26000 2248.83222  30.6%  93.7  775s
 135813 39723     cutoff   67      3239.26000 2248.97548  30.6%  93.9  780s
 136824 39918 2296.27338   59   49 3239.26000 2249.15979  30.6%  94.0  785s
 137619 40120 infeasible   77      3239.26000 2249.28391  30.6%  94.1  790s
 138618 40417     cutoff   89      3239.26000 2249.42000  30.6%  94.2  795s
 139265 40529 2257.87224   52  122 3239.26000 2249.53406  30.6%  94.3  800s
 140205 40684 2255.26111   63   75 3239.26000 2249.71995  30.5%  94.4  805s
 141097 40793 2319.19275   84   62 3239.26000 2249.90175  30.5%  94.6  811s
 141891 40936 2339.46084   81  125 3239.26000 2250.08181  30.5%  94.7  815s
 142767 41008 2429.68055   77   80 3239.26000 2250.26110  30.5%  94.9  820s
 143551 41152 infeasible   80      3239.26000 2250.41539  30.5%  95.0  825s
 144430 41274 2842.66025   74   87 3239.26000 2250.56640  30.5%  95.2  830s
 145158 41412 2656.30333   70   59 3239.26000 2250.67758  30.5%  95.3  835s
 146068 41569 2276.38070   70   69 3239.26000 2250.85857  30.5%  95.4  840s
 146872 41749     cutoff   69      3239.26000 2250.98162  30.5%  95.5  845s
 147765 41876     cutoff   59      3239.26000 2251.15902  30.5%  95.7  850s
 148567 41935 2259.22927   76   98 3239.26000 2251.33524  30.5%  95.9  855s
 149237 41958 2339.45976   61   81 3239.26000 2251.46386  30.5%  96.0  860s
 150230 42127 2315.68802   72   97 3239.26000 2251.62679  30.5%  96.1  865s
 151033 42295     cutoff   91      3239.26000 2251.74654  30.5%  96.2  870s
 151892 42444     cutoff   80      3239.26000 2251.91538  30.5%  96.2  875s
 152771 42547 infeasible   74      3239.26000 2252.06166  30.5%  96.3  880s
 153523 42695 2411.78345   62   99 3239.26000 2252.17700  30.5%  96.4  885s
 154322 42838 infeasible   75      3239.26000 2252.33562  30.5%  96.5  890s
 155275 42975 2309.12695   67  117 3239.26000 2252.51380  30.5%  96.6  895s
 156023 43103 2262.24710   63   78 3239.26000 2252.65037  30.5%  96.7  900s
 156788 43189 infeasible   80      3239.26000 2252.79992  30.5%  96.8  905s
 157735 43358 2282.27991   71   91 3239.26000 2252.96850  30.4%  96.9  910s
 158377 43435 2265.12395   65   70 3239.26000 2253.07765  30.4%  97.0  915s
 159118 43503 infeasible   71      3239.26000 2253.22700  30.4%  97.2  920s
 160065 43628     cutoff   69      3239.26000 2253.37300  30.4%  97.3  926s
 160746 43711 2312.56639   60   82 3239.26000 2253.47889  30.4%  97.4  930s
 161462 43741 infeasible   65      3239.26000 2253.63055  30.4%  97.5  935s
 162184 43849 infeasible   58      3239.26000 2253.74729  30.4%  97.6  940s
 162810 43910 2254.00826   58   88 3239.26000 2253.86984  30.4%  97.8  945s
 163561 43981 2320.01372   63   96 3239.26000 2254.00147  30.4%  97.9  950s
 164405 44226 2388.72015   69  108 3239.26000 2254.10395  30.4%  97.9  955s
 165224 44353 2263.79879   69   87 3239.26000 2254.25357  30.4%  97.9  960s
 165970 44449 2267.78519   65   72 3239.26000 2254.36728  30.4%  98.0  965s
 166973 44582 2296.50446   67   88 3239.26000 2254.54667  30.4%  98.1  971s
 167730 44640     cutoff   66      3239.26000 2254.66205  30.4%  98.2  975s
 168440 44750     cutoff   71      3239.26000 2254.76353  30.4%  98.3  980s
 169324 44915 2379.71366   60   95 3239.26000 2254.89377  30.4%  98.4  985s
 170064 45013 2270.69935   68   86 3239.26000 2255.01659  30.4%  98.5  990s
 170895 45041 2269.35351   65   85 3239.26000 2255.23427  30.4%  98.6  995s
 171655 45120     cutoff   68      3239.26000 2255.34275  30.4%  98.7 1000s
 172571 45248     cutoff   65      3239.26000 2255.48231  30.4%  98.8 1006s
 173330 45398 2467.25647   68   88 3239.26000 2255.61949  30.4%  98.9 1010s
 174048 45462 infeasible   77      3239.26000 2255.75017  30.4%  98.9 1015s
 175073 45671 2287.07355   68   98 3239.26000 2255.92149  30.4%  99.0 1021s
 175632 45702     cutoff   73      3239.26000 2256.02624  30.4%  99.0 1025s
 176376 45809     cutoff   57      3239.26000 2256.16946  30.3%  99.1 1030s
 177181 45930 2262.46640   60   84 3239.26000 2256.30348  30.3%  99.2 1035s
 178052 45991 infeasible   59      3239.26000 2256.45336  30.3%  99.3 1040s
 178850 46122 2385.70384   70   96 3239.26000 2256.58309  30.3%  99.3 1045s
 179802 46243     cutoff   61      3239.26000 2256.75618  30.3%  99.4 1050s
 180527 46291 2263.25232   78   81 3239.26000 2256.91673  30.3%   100 1055s
 181353 46337 2266.13932   82   82 3239.26000 2257.03468  30.3%   100 1060s
 182047 46400 infeasible   75      3239.26000 2257.16944  30.3%   100 1065s
 182981 46497 2280.50439   85   99 3239.26000 2257.35524  30.3%   100 1071s
 183729 46556     cutoff   82      3239.26000 2257.46843  30.3%   100 1075s
 184337 46571 2474.88794   67   77 3239.26000 2257.59333  30.3%   100 1080s
 185340 46685 infeasible   82      3239.26000 2257.73946  30.3%   100 1085s
 186055 46755 2258.06079   59   81 3239.26000 2257.85728  30.3%   100 1090s
 187017 46835 2432.54801   76   86 3239.26000 2258.03043  30.3%   100 1095s
 187674 46922 2466.23435   69   77 3239.26000 2258.10375  30.3%   100 1100s
 188431 46982     cutoff   88      3239.26000 2258.27594  30.3%   100 1105s
 189299 47024 2301.84859   84   80 3239.26000 2258.40849  30.3%   101 1110s
 189961 47058 2407.55388   71  114 3239.26000 2258.53904  30.3%   101 1115s
 190931 47200 infeasible   84      3239.26000 2258.64877  30.3%   101 1121s
 191731 47315     cutoff   82      3239.26000 2258.76409  30.3%   101 1125s
 192415 47420     cutoff   71      3239.26000 2258.88898  30.3%   101 1130s
 193239 47572 2273.51433   78   73 3239.26000 2258.97598  30.3%   101 1136s
 193999 47592 2336.70197   72  125 3239.26000 2259.10467  30.3%   101 1140s
 194639 47673 infeasible   73      3239.26000 2259.21045  30.3%   101 1145s
 195600 47813 2343.38635   62  121 3239.26000 2259.40520  30.2%   101 1151s
 196341 47885 infeasible   80      3239.26000 2259.53771  30.2%   101 1155s
 197155 48047 2568.90644   64   96 3239.26000 2259.67264  30.2%   101 1160s
 197757 48033     cutoff   79      3239.26000 2259.78061  30.2%   101 1165s
 198382 48087 infeasible   66      3239.26000 2259.87389  30.2%   101 1170s
 199310 48180 2525.42277   80   74 3239.26000 2260.04270  30.2%   101 1175s
 200066 48211     cutoff   86      3239.26000 2260.16659  30.2%   101 1180s
 201007 48330 2288.01373   79   68 3239.26000 2260.33148  30.2%   102 1186s
 201481 48393 2407.75761   75   99 3239.26000 2260.40399  30.2%   102 1190s
 202379 48502     cutoff   70      3239.26000 2260.56610  30.2%   102 1195s
 203000 48533 2269.77176   71   61 3239.26000 2260.66622  30.2%   102 1200s
 203863 48716 2304.03269   72  123 3239.26000 2260.77257  30.2%   102 1205s
 204550 48733     cutoff   72      3239.26000 2260.90047  30.2%   102 1210s
 205191 48778     cutoff   75      3239.26000 2261.02040  30.2%   102 1215s
 206122 48910 2272.30911   73   69 3239.26000 2261.17735  30.2%   102 1220s
 206794 48963 infeasible   86      3239.26000 2261.28543  30.2%   102 1225s
 207575 49044 2343.58007   59  124 3239.26000 2261.41795  30.2%   102 1230s
 208147 49053 2523.83789   63   82 3239.26000 2261.56008  30.2%   102 1235s
 208967 49067 infeasible   74      3239.26000 2261.70960  30.2%   102 1240s
 209601 49050     cutoff   56      3239.26000 2261.83591  30.2%   102 1245s
 210250 49059 2297.04050   76   73 3239.26000 2261.95589  30.2%   102 1250s
 211170 49155     cutoff   66      3239.26000 2262.09673  30.2%   102 1255s
 211852 49200 infeasible   69      3239.26000 2262.21169  30.2%   103 1260s
 212538 49243 2457.44037   58   64 3239.26000 2262.35193  30.2%   103 1265s
 213151 49201 2349.61232   70  107 3239.26000 2262.50445  30.2%   103 1270s
 213958 49326 2282.30530   71   73 3239.26000 2262.64855  30.1%   103 1275s
 214601 49384     cutoff   73      3239.26000 2262.73622  30.1%   103 1280s
 215541 49476 2263.63520   69   70 3239.26000 2262.90135  30.1%   103 1285s
 216215 49532 2331.08576   75   72 3239.26000 2262.99864  30.1%   103 1290s
 216681 49554     cutoff   73      3239.26000 2263.09120  30.1%   103 1295s
 217248 49543     cutoff   76      3239.26000 2263.19077  30.1%   103 1300s
 218006 49612     cutoff   77      3239.26000 2263.30624  30.1%   103 1305s
 218717 49665 2498.34999   68  115 3239.26000 2263.42862  30.1%   103 1310s
 219467 49708 2918.72639   69   83 3239.26000 2263.56535  30.1%   103 1315s
 220305 49777 infeasible   59      3239.26000 2263.68827  30.1%   103 1321s
 220782 49810 2504.26302   60   72 3239.26000 2263.75692  30.1%   103 1325s
 221634 49842 infeasible   74      3239.26000 2263.88963  30.1%   103 1331s
 222248 49863 2264.99532   62  100 3239.26000 2264.00083  30.1%   104 1335s
 222981 49838 2478.81503   78   94 3239.26000 2264.13378  30.1%   104 1341s
 223777 49936 infeasible   74      3239.26000 2264.24785  30.1%   104 1345s
 224471 49969     cutoff   66      3239.26000 2264.37519  30.1%   104 1350s
 225135 50020     cutoff   70      3239.26000 2264.48914  30.1%   104 1356s
 225803 50048 2283.61589   65   48 3239.26000 2264.59055  30.1%   104 1360s
 226491 50097 2306.25011   78   95 3239.26000 2264.69796  30.1%   104 1365s
 227146 50082     cutoff   67      3239.26000 2264.82311  30.1%   104 1370s
 227823 50156     cutoff   66      3239.26000 2264.95403  30.1%   104 1375s
 228601 50212 2336.98079   76   99 3239.26000 2265.05413  30.1%   104 1380s
 229083 50223 2274.76985   66   94 3239.26000 2265.12372  30.1%   104 1385s
 229728 50189 2443.46377   89   78 3239.26000 2265.24752  30.1%   104 1390s
 230399 50171     cutoff   72      3239.26000 2265.36521  30.1%   104 1395s
 231052 50233 2451.23128   80   84 3239.26000 2265.46631  30.1%   104 1400s
 231820 50223 2324.11750   74   98 3239.26000 2265.61325  30.1%   104 1405s
 232453 50249 2289.28075   64   97 3239.26000 2265.72698  30.1%   105 1410s
 233161 50272     cutoff   65      3239.26000 2265.84475  30.1%   105 1415s
 233736 50270     cutoff   53      3239.26000 2265.97250  30.0%   105 1420s
 234422 50266 2544.40631   72   75 3239.26000 2266.08922  30.0%   105 1425s
 235133 50273 2287.06312   74   89 3239.26000 2266.22923  30.0%   105 1430s
 235899 50365 2370.23069   63   87 3239.26000 2266.32843  30.0%   105 1435s
 236547 50371     cutoff   74      3239.26000 2266.46255  30.0%   105 1440s
 237471 50409 infeasible   77      3239.26000 2266.59829  30.0%   105 1445s
 238165 50366 2465.49859   68   98 3239.26000 2266.74925  30.0%   105 1450s
 238829 50402 2308.26273   72   51 3239.26000 2266.86352  30.0%   105 1455s
 239677 50376     cutoff   75      3239.26000 2267.02053  30.0%   105 1461s
 240252 50337 infeasible   72      3239.26000 2267.12984  30.0%   105 1466s
 240977 50359 2305.01125   62  104 3239.26000 2267.25260  30.0%   105 1470s
 241588 50333 infeasible   72      3239.26000 2267.37016  30.0%   105 1475s
 242298 50333     cutoff   80      3239.26000 2267.51769  30.0%   105 1480s
 242949 50328 2822.81796   76  101 3239.26000 2267.61794  30.0%   105 1485s
 243713 50307     cutoff   68      3239.26000 2267.77741  30.0%   105 1491s
 244240 50367     cutoff   77      3239.26000 2267.85387  30.0%   105 1495s
 245203 50433     cutoff   57      3239.26000 2267.99108  30.0%   105 1501s
 245897 50474     cutoff   58      3239.26000 2268.10272  30.0%   105 1506s
 246507 50448 infeasible   71      3239.26000 2268.23215  30.0%   106 1510s
 247212 50444 2340.19465   93   85 3239.26000 2268.37711  30.0%   106 1515s
 247884 50467     cutoff   65      3239.26000 2268.49043  30.0%   106 1520s
 248600 50495 2348.92405   69   71 3239.26000 2268.60044  30.0%   106 1525s
 249306 50462 2293.75035   66   73 3239.26000 2268.73698  30.0%   106 1530s
 250042 50513     cutoff   72      3239.26000 2268.85646  30.0%   106 1535s
 250705 50543     cutoff   63      3239.26000 2268.95868  30.0%   106 1540s
 251293 50535     cutoff   59      3239.26000 2269.06611  30.0%   106 1545s
 252071 50543 infeasible   58      3239.26000 2269.20042  29.9%   106 1551s
 252647 50544 2278.05324   66   87 3239.26000 2269.32529  29.9%   106 1555s
 253332 50527 2288.55819   72   60 3239.26000 2269.44368  29.9%   106 1560s
 253990 50542 2349.74651   74  111 3239.26000 2269.54252  29.9%   106 1565s
 254746 50478 2292.39078   64  102 3239.26000 2269.71451  29.9%   106 1570s
 255333 50454 2329.86001   62   68 3239.26000 2269.82634  29.9%   106 1575s
 256151 50399 2306.34472   80   79 3239.26000 2269.98257  29.9%   106 1580s
 256881 50393 2270.29965   58   76 3239.26000 2270.12571  29.9%   106 1586s
 257615 50378     cutoff   60      3239.26000 2270.27538  29.9%   106 1590s
 258305 50379     cutoff   79      3239.26000 2270.41389  29.9%   106 1595s
 258943 50342     cutoff   87      3239.26000 2270.51099  29.9%   106 1600s
 259505 50303 2573.19757   83   97 3239.26000 2270.61010  29.9%   107 1605s
 260314 50301 infeasible   83      3239.26000 2270.75480  29.9%   107 1610s
 260983 50263 infeasible   62      3239.26000 2270.87612  29.9%   107 1615s
 261512 50245 2306.16233   81   97 3239.26000 2270.99120  29.9%   107 1620s
 262158 50207 infeasible   79      3239.26000 2271.12002  29.9%   107 1625s
 262965 50183     cutoff   63      3239.26000 2271.26570  29.9%   107 1630s
 263761 50132 2294.42217   78   82 3239.26000 2271.41938  29.9%   107 1636s
 264408 50157     cutoff   64      3239.26000 2271.54219  29.9%   107 1641s
 264788 50088 2297.68307   64   69 3239.26000 2271.61549  29.9%   107 1645s
 265465 50053 infeasible   60      3239.26000 2271.74480  29.9%   107 1650s
 266226 50007     cutoff   84      3239.26000 2271.90005  29.9%   107 1655s
 266896 50018 infeasible   73      3239.26000 2272.00398  29.9%   107 1660s
 267441 49948 2304.81545   65   65 3239.26000 2272.13278  29.9%   107 1665s
 268270 49914 infeasible   66      3239.26000 2272.29249  29.9%   107 1671s
 268970 49919 2483.46034   62   77 3239.26000 2272.41500  29.8%   107 1675s
 269605 49926 2454.58424   79   89 3239.26000 2272.52675  29.8%   107 1680s
 270292 49917 2326.13738   72   86 3239.26000 2272.65566  29.8%   108 1685s
 270970 49859 infeasible   64      3239.26000 2272.78332  29.8%   108 1690s
 271841 49885 infeasible   75      3239.26000 2272.92280  29.8%   108 1696s
 272538 49890 infeasible   84      3239.26000 2273.03308  29.8%   108 1701s
 273111 49875 infeasible   73      3239.26000 2273.13600  29.8%   108 1705s
 273633 49816 2435.74715   74   96 3239.26000 2273.25309  29.8%   108 1710s
 274308 49825     cutoff   83      3239.26000 2273.39722  29.8%   108 1715s
 275097 49805 2517.80121   63   63 3239.26000 2273.54190  29.8%   108 1720s
 275738 49754 2324.50109   77   88 3239.26000 2273.70498  29.8%   108 1725s
 276421 49771 2304.54145   82   97 3239.26000 2273.82305  29.8%   108 1730s
 277181 49718     cutoff   70      3239.26000 2273.94942  29.8%   108 1735s
 277820 49642     cutoff   68      3239.26000 2274.10155  29.8%   108 1740s
 278398 49590     cutoff   73      3239.26000 2274.24137  29.8%   108 1745s
 279129 49518     cutoff   85      3239.26000 2274.36537  29.8%   108 1750s
 279630 49427 2343.04972   73  125 3239.26000 2274.49825  29.8%   108 1755s
 280421 49389 2287.30096   63   72 3239.26000 2274.64293  29.8%   108 1760s
 281036 49342 infeasible   84      3239.26000 2274.76169  29.8%   108 1765s
 281639 49363 2281.39408   63   86 3239.26000 2274.87705  29.8%   109 1771s
 282274 49308 2431.83471   73  108 3239.26000 2275.00527  29.8%   109 1775s
 283034 49298     cutoff   62      3239.26000 2275.14046  29.8%   109 1780s
 283845 49269 infeasible   81      3239.26000 2275.28097  29.8%   109 1785s
 284401 49194     cutoff   62      3239.26000 2275.42917  29.8%   109 1790s
 285042 49162 2310.79522   78   88 3239.26000 2275.55916  29.8%   109 1795s
 285749 49088     cutoff   75      3239.26000 2275.68876  29.7%   109 1801s
 286229 49074 infeasible   69      3239.26000 2275.77673  29.7%   109 1805s
 286813 49069     cutoff   67      3239.26000 2275.88185  29.7%   109 1810s
 287544 48972     cutoff   63      3239.26000 2276.06717  29.7%   109 1815s
 288129 48923 2295.12213   64   74 3239.26000 2276.17280  29.7%   109 1820s
 288699 48851     cutoff   75      3239.26000 2276.31471  29.7%   109 1825s
 289298 48807 2292.62389   76   83 3239.26000 2276.41807  29.7%   109 1830s
 289811 48736     cutoff   71      3239.26000 2276.54092  29.7%   109 1835s
 290578 48668     cutoff   79      3239.26000 2276.70139  29.7%   109 1840s
 291212 48639     cutoff   76      3239.26000 2276.82058  29.7%   109 1845s
 291810 48603 infeasible   81      3239.26000 2276.96634  29.7%   109 1850s
 292395 48503 2319.38681   79  109 3239.26000 2277.09090  29.7%   109 1855s
 293191 48434 2330.41914   64   54 3239.26000 2277.25387  29.7%   109 1861s
 293776 48412 2385.25930   80  142 3239.26000 2277.36250  29.7%   110 1866s
 294458 48386     cutoff   65      3239.26000 2277.50392  29.7%   110 1870s
 295151 48281 infeasible   75      3239.26000 2277.66347  29.7%   110 1875s
 295726 48201 2297.86098   78  102 3239.26000 2277.78143  29.7%   110 1880s
 296359 48152 2314.36933   78   73 3239.26000 2277.92700  29.7%   110 1885s
 297011 48006 2303.71550   75   64 3239.26000 2278.09588  29.7%   110 1891s
 297586 47897 infeasible   80      3239.26000 2278.25270  29.7%   110 1895s
 298154 47862     cutoff   76      3239.26000 2278.36405  29.7%   110 1900s
 298841 47797 2327.82102   75   69 3239.26000 2278.50679  29.7%   110 1905s
 299659 47746 2353.44156   71   97 3239.26000 2278.67857  29.7%   110 1910s
 300318 47715     cutoff   80      3239.26000 2278.79231  29.7%   110 1915s
 300957 47660 infeasible   92      3239.26000 2278.94075  29.6%   110 1920s
 301681 47585 2281.94451   63   75 3239.26000 2279.13861  29.6%   110 1926s
 302141 47484     cutoff   65      3239.26000 2279.24071  29.6%   110 1930s
 302811 47443 infeasible   72      3239.26000 2279.38526  29.6%   110 1935s
 303601 47334     cutoff   84      3239.26000 2279.56123  29.6%   110 1940s
 304082 47303 2279.67870   68   77 3239.26000 2279.65552  29.6%   110 1946s
 304646 47248 infeasible   70      3239.26000 2279.77188  29.6%   110 1950s
 305273 47172 infeasible   67      3239.26000 2279.93760  29.6%   110 1955s
 305908 47127 2302.03997   61   69 3239.26000 2280.05301  29.6%   111 1960s
 306516 47060     cutoff   75      3239.26000 2280.15170  29.6%   111 1965s
 307197 47025     cutoff   68      3239.26000 2280.29550  29.6%   111 1970s
 307857 46916 2304.40641   69   94 3239.26000 2280.48883  29.6%   111 1975s
 308533 46788 2574.74277   73   88 3239.26000 2280.64541  29.6%   111 1981s
 309121 46684 infeasible   66      3239.26000 2280.79613  29.6%   111 1985s
 309687 46582 infeasible   63      3239.26000 2280.92257  29.6%   111 1990s
 310308 46527 2419.47741   71  124 3239.26000 2281.06785  29.6%   111 1995s
 310989 46396 2323.72672   77  108 3239.26000 2281.24012  29.6%   111 2001s
 311401 46351     cutoff   71      3239.26000 2281.31148  29.6%   111 2005s
 312127 46228 2296.96079   66   64 3239.26000 2281.49579  29.6%   111 2010s
 312811 46099 infeasible   77      3239.26000 2281.67645  29.6%   111 2016s
 313229 46025 2285.74273   82   65 3239.26000 2281.78733  29.6%   111 2020s
 313884 45927 2288.92746   70   96 3239.26000 2281.96814  29.6%   111 2025s
 314460 45817     cutoff   80      3239.26000 2282.12294  29.5%   111 2030s
 315181 45685 infeasible   70      3239.26000 2282.31265  29.5%   111 2035s
 315793 45656 infeasible   64      3239.26000 2282.45786  29.5%   111 2040s
 316356 45552     cutoff  100      3239.26000 2282.56777  29.5%   111 2045s
 317083 45429 infeasible   72      3239.26000 2282.75529  29.5%   111 2051s
 317642 45308     cutoff   64      3239.26000 2282.91827  29.5%   112 2055s
 318218 45232     cutoff   75      3239.26000 2283.04525  29.5%   112 2060s
 318860 45130     cutoff   71      3239.26000 2283.19889  29.5%   112 2065s
 319458 45051 2317.51513   74   99 3239.26000 2283.38427  29.5%   112 2070s
 320032 44936 2343.32007   84   82 3239.26000 2283.52504  29.5%   112 2075s
 320764 44799 infeasible   74      3239.26000 2283.72160  29.5%   112 2080s
 321297 44707 2287.10128   76   65 3239.26000 2283.86437  29.5%   112 2085s
 321992 44580 infeasible   60      3239.26000 2284.06754  29.5%   112 2090s
 322561 44488 infeasible   58      3239.26000 2284.22210  29.5%   112 2095s
 323141 44395 2291.17887   74   81 3239.26000 2284.37702  29.5%   112 2100s
 323893 44284     cutoff   83      3239.26000 2284.53295  29.5%   112 2105s
 324383 44185 2408.60387   83   74 3239.26000 2284.66761  29.5%   112 2110s
 324971 44097 2380.28000   80   87 3239.26000 2284.85913  29.5%   112 2115s
 325648 43965 2374.23409   75   84 3239.26000 2285.07870  29.5%   112 2120s
 326306 43818     cutoff   74      3239.26000 2285.26677  29.5%   112 2126s
 326892 43751     cutoff   67      3239.26000 2285.40541  29.4%   112 2130s
 327563 43594 infeasible   77      3239.26000 2285.57795  29.4%   112 2135s
 328141 43499 infeasible   81      3239.26000 2285.75147  29.4%   112 2140s
 328691 43385 2366.48748   62  105 3239.26000 2285.90078  29.4%   112 2145s
 329269 43225 2353.88504   63  100 3239.26000 2286.09050  29.4%   112 2150s
 329758 43118     cutoff   84      3239.26000 2286.24453  29.4%   113 2155s
 330191 43037 2312.75306   67   91 3239.26000 2286.35817  29.4%   113 2160s
 330818 42944 2456.20838   68   80 3239.26000 2286.56045  29.4%   113 2165s
 331583 42823 2376.33775   72   77 3239.26000 2286.76399  29.4%   113 2170s
 332312 42645 2350.51792   68   75 3239.26000 2287.03513  29.4%   113 2175s
 332864 42523 infeasible   71      3239.26000 2287.19963  29.4%   113 2180s
 333327 42398 2297.02189   80   63 3239.26000 2287.35122  29.4%   113 2185s
 333906 42301 infeasible   70      3239.26000 2287.49542  29.4%   113 2191s
 334439 42190     cutoff   54      3239.26000 2287.67545  29.4%   113 2195s
 335095 42033 infeasible   74      3239.26000 2287.89575  29.4%   113 2200s
 335556 41903     cutoff   66      3239.26000 2288.06236  29.4%   113 2205s
 336212 41774 infeasible   80      3239.26000 2288.30634  29.4%   113 2210s
 336712 41646     cutoff   72      3239.26000 2288.48765  29.4%   113 2215s
 337268 41470 infeasible   69      3239.26000 2288.69343  29.3%   113 2220s
 337931 41308 2311.79048   72   63 3239.26000 2288.92012  29.3%   113 2225s
 338496 41222     cutoff   82      3239.26000 2289.07443  29.3%   113 2230s
 339182 41036 infeasible   75      3239.26000 2289.34533  29.3%   113 2235s
 339686 40925 2835.17183   67   99 3239.26000 2289.51092  29.3%   113 2240s
 340265 40752     cutoff   69      3239.26000 2289.75936  29.3%   113 2245s
 340922 40600     cutoff   76      3239.26000 2289.95802  29.3%   113 2251s
 341471 40497 infeasible   67      3239.26000 2290.14095  29.3%   114 2255s
 341972 40384     cutoff   74      3239.26000 2290.33901  29.3%   114 2260s
 342645 40242     cutoff   59      3239.26000 2290.52744  29.3%   114 2265s
 343175 40159 infeasible   80      3239.26000 2290.70069  29.3%   114 2270s
 343838 40024     cutoff   60      3239.26000 2290.92022  29.3%   114 2275s
 344484 39875 2453.82923   83   90 3239.26000 2291.14123  29.3%   114 2280s
 345029 39784 2818.33712   80   63 3239.26000 2291.34578  29.3%   114 2285s
 345739 39601 2519.55607   65   92 3239.26000 2291.63573  29.3%   114 2290s
 346391 39439 infeasible   87      3239.26000 2291.87640  29.2%   114 2296s
 346877 39310 2300.61885   71   71 3239.26000 2292.10903  29.2%   114 2300s
 347626 39200 infeasible   75      3239.26000 2292.33664  29.2%   114 2306s
 348117 39064 infeasible   67      3239.26000 2292.53242  29.2%   114 2311s
 348509 38991 2323.97091   66   79 3239.26000 2292.65758  29.2%   114 2315s
 348934 38904 infeasible   68      3239.26000 2292.78733  29.2%   114 2320s
 349457 38781 2772.51598   95   94 3239.26000 2292.99859  29.2%   114 2325s
 349916 38634 2553.64074   72   75 3239.26000 2293.18746  29.2%   114 2331s
 350398 38492 2359.93833   62  108 3239.26000 2293.39893  29.2%   114 2335s
 350904 38361 infeasible   83      3239.26000 2293.56833  29.2%   114 2340s
 351334 38244     cutoff   63      3239.26000 2293.73694  29.2%   114 2345s
 352095 38043     cutoff   70      3239.26000 2294.07059  29.2%   114 2350s
 352608 37945 2311.32082   75   77 3239.26000 2294.25305  29.2%   114 2355s
 353108 37744 infeasible   74      3239.26000 2294.50900  29.2%   114 2360s
 353672 37577 infeasible   88      3239.26000 2294.75680  29.2%   114 2365s
 354191 37468     cutoff   79      3239.26000 2294.95776  29.2%   114 2370s
 354823 37313 2806.33897   80   69 3239.26000 2295.21442  29.1%   115 2375s
 355453 37141 2304.98820   61   81 3239.26000 2295.48833  29.1%   115 2380s
 355947 37030 2297.08762   60   83 3239.26000 2295.72195  29.1%   115 2385s
 356521 36881     cutoff   74      3239.26000 2295.96122  29.1%   115 2390s
 357140 36741     cutoff   78      3239.26000 2296.21708  29.1%   115 2395s
 357790 36585 infeasible   74      3239.26000 2296.47613  29.1%   115 2400s
 358248 36501     cutoff   71      3239.26000 2296.66750  29.1%   115 2405s
 358754 36364 infeasible   78      3239.26000 2296.88432  29.1%   115 2410s
 359354 36202     cutoff   60      3239.26000 2297.16469  29.1%   115 2415s
 359976 36059 2411.10393   62   88 3239.26000 2297.45211  29.1%   115 2420s
 360597 35903 2437.16904   84   98 3239.26000 2297.73593  29.1%   115 2425s
 361166 35728 infeasible   78      3239.26000 2298.00063  29.1%   115 2430s
 361839 35525 infeasible   78      3239.26000 2298.35857  29.0%   115 2435s
 362506 35320 2381.27663   69  127 3239.26000 2298.69258  29.0%   115 2440s
 362967 35173     cutoff   75      3239.26000 2298.96116  29.0%   115 2445s
 363770 35008 2308.97041   75   90 3239.26000 2299.32429  29.0%   115 2450s
 364413 34795 infeasible   72      3239.26000 2299.65866  29.0%   115 2455s
 365138 34595 2332.46099   79   97 3239.26000 2300.03377  29.0%   115 2460s
 365845 34419     cutoff   75      3239.26000 2300.39835  29.0%   115 2465s
 366428 34265 2310.20185   76   82 3239.26000 2300.71473  29.0%   115 2470s
 367164 34068 infeasible   74      3239.26000 2301.08488  29.0%   115 2475s
 367782 33910 2470.28193   67   59 3239.26000 2301.39746  29.0%   115 2480s
 368465 33690     cutoff   68      3239.26000 2301.78522  28.9%   115 2485s
 369108 33482 2439.11430   69   91 3239.26000 2302.14526  28.9%   116 2490s
 369736 33321     cutoff   77      3239.26000 2302.46329  28.9%   116 2495s
 370397 33166     cutoff   74      3239.26000 2302.80478  28.9%   116 2500s
 370984 33002 2404.31657   64  100 3239.26000 2303.13815  28.9%   116 2505s
 371686 32795 infeasible   71      3239.26000 2303.59828  28.9%   116 2510s
 372344 32594 2378.93307   69  107 3239.26000 2304.03470  28.9%   116 2515s
 373000 32402 2308.17883   82   97 3239.26000 2304.46564  28.9%   116 2520s
 373707 32203 2396.72699   64  111 3239.26000 2304.89424  28.8%   116 2525s
 374371 31977 2314.59816   66   88 3239.26000 2305.30121  28.8%   116 2530s
 375012 31814     cutoff   73      3239.26000 2305.68410  28.8%   116 2535s
 375780 31561 2375.90229   67  107 3239.26000 2306.22686  28.8%   116 2540s
 376427 31354 2308.45733   76   56 3239.26000 2306.71556  28.8%   116 2545s
 377003 31187 2324.15436   82   86 3239.26000 2307.09551  28.8%   116 2550s
 377559 31035 2378.85143   66  112 3239.26000 2307.44691  28.8%   116 2555s
 378244 30878 infeasible   63      3239.26000 2307.88578  28.8%   116 2560s
 378872 30667 infeasible   61      3239.26000 2308.36641  28.7%   116 2565s
 379632 30419 2421.73054   73   82 3239.26000 2308.90851  28.7%   116 2570s
 380238 30193 infeasible   81      3239.26000 2309.45353  28.7%   116 2575s
 380836 29967     cutoff   64      3239.26000 2309.98114  28.7%   116 2580s
 381584 29701 infeasible   76      3239.26000 2310.64577  28.7%   116 2585s
 382199 29478     cutoff   79      3239.26000 2311.20949  28.7%   116 2590s
 382849 29262 2324.02989   64   87 3239.26000 2311.69398  28.6%   116 2595s
 383613 29083     cutoff   66      3239.26000 2312.28065  28.6%   116 2600s
 384341 28825 2465.26061   83  118 3239.26000 2312.98304  28.6%   116 2605s
 384958 28589 infeasible   84      3239.26000 2313.58378  28.6%   116 2610s
 385673 28378 2330.46391   73   85 3239.26000 2314.29337  28.6%   116 2615s
 386389 28085 2664.02908   73   60 3239.26000 2315.00825  28.5%   116 2620s
 387086 27860 infeasible   78      3239.26000 2315.70188  28.5%   117 2625s
 387760 27669     cutoff   80      3239.26000 2316.37302  28.5%   117 2630s
 388429 27395 2332.64994   61   96 3239.26000 2317.16247  28.5%   117 2635s
 389232 27146 2437.41799   73   78 3239.26000 2317.96722  28.4%   117 2640s
 389894 26933 2426.96719   86  102 3239.26000 2318.64066  28.4%   117 2645s
 390624 26682     cutoff   80      3239.26000 2319.58250  28.4%   117 2650s
 391204 26457 2349.45801   90   71 3239.26000 2320.27279  28.4%   117 2655s
 391950 26209 2324.51207   62  101 3239.26000 2321.14268  28.3%   117 2660s
 392612 26005 infeasible   71      3239.26000 2321.89847  28.3%   117 2665s
 393280 25750 infeasible   80      3239.26000 2322.87055  28.3%   117 2670s
 394028 25514 infeasible   73      3239.26000 2323.76752  28.3%   117 2675s
 394734 25253 2325.20785   61   84 3239.26000 2324.72359  28.2%   117 2680s
 395404 24996 infeasible   58      3239.26000 2325.70687  28.2%   117 2685s
 396032 24759     cutoff   83      3239.26000 2326.59440  28.2%   117 2690s
 396836 24457     cutoff   64      3239.26000 2327.89361  28.1%   117 2695s
 397550 24152     cutoff   64      3239.26000 2329.34652  28.1%   117 2700s
 398281 23854 2505.06470   66   88 3239.26000 2330.54985  28.1%   117 2705s
 398965 23590 infeasible   81      3239.26000 2331.89506  28.0%   117 2710s
 399710 23230 infeasible   69      3239.26000 2333.60766  28.0%   117 2715s
 400446 22928     cutoff   72      3239.26000 2335.20507  27.9%   117 2720s
 401142 22627     cutoff   84      3239.26000 2336.83514  27.9%   117 2725s
 401953 22337     cutoff   78      3239.26000 2338.48759  27.8%   117 2730s
 402772 21981     cutoff   64      3239.26000 2340.45633  27.7%   117 2735s
 403509 21671     cutoff   80      3239.26000 2342.18685  27.7%   117 2740s
 404330 21319 2398.65651   93   78 3239.26000 2344.22182  27.6%   117 2745s
 405050 21008 3234.82349   80   51 3239.26000 2346.13369  27.6%   117 2750s
 405792 20694 2360.58393   69  111 3239.26000 2348.41439  27.5%   117 2755s
 406478 20373 2359.01378   64   72 3239.26000 2350.73587  27.4%   117 2760s
 407315 20032     cutoff   80      3239.26000 2353.58320  27.3%   117 2765s
 408090 19631 2357.19514   72   84 3239.26000 2356.77945  27.2%   117 2770s
 408714 19382     cutoff   68      3239.26000 2358.85269  27.2%   117 2777s
 409172 19143     cutoff   63      3239.26000 2360.90123  27.1%   117 2780s
 409927 18832 2391.72870   56   76 3239.26000 2363.83428  27.0%   117 2785s
 410791 18508     cutoff   81      3239.26000 2367.32557  26.9%   117 2790s
 411632 18111     cutoff   78      3239.26000 2371.23106  26.8%   117 2795s
 412476 17709 2375.40609   63   90 3239.26000 2375.12858  26.7%   117 2800s
 413209 17346 infeasible  101      3239.26000 2379.14266  26.6%   117 2805s
 414149 16856     cutoff   63      3239.26000 2385.09944  26.4%   117 2810s
 415068 16542     cutoff   86      3239.26000 2389.04500  26.2%   117 2815s
 415863 16148     cutoff   55      3239.26000 2394.09000  26.1%   117 2820s
 416767 15769     cutoff   74      3239.26000 2399.14587  25.9%   117 2825s
 417617 15339     cutoff   69      3239.26000 2405.39467  25.7%   117 2830s
 418577 14923 infeasible   83      3239.26000 2411.55789  25.6%   117 2835s
 419508 14397     cutoff   71      3239.26000 2420.21687  25.3%   117 2840s
 420431 13942 2448.22680   61   77 3239.26000 2428.02762  25.0%   117 2845s
 421374 13406     cutoff   77      3239.26000 2438.19068  24.7%   117 2850s
 422274 12877     cutoff   72      3239.26000 2448.82100  24.4%   117 2855s
 423340 12334     cutoff   74      3239.26000 2463.07285  24.0%   117 2860s
 424410 11790 infeasible   74      3239.26000 2477.36156  23.5%   116 2865s
 425430 11216     cutoff   93      3239.26000 2493.76070  23.0%   116 2870s
 426513 10636     cutoff   75      3239.26000 2513.99067  22.4%   116 2875s
 427625  9979     cutoff   77      3239.26000 2538.39127  21.6%   116 2880s
 428826  9304     cutoff   97      3239.26000 2570.78825  20.6%   116 2885s
 430054  8575     cutoff   79      3239.26000 2614.17563  19.3%   116 2890s
 431314  7766     cutoff  104      3239.26000 2681.58074  17.2%   116 2895s
 432690  7180 3228.60600   74   32 3239.26000 2749.42834  15.1%   116 2900s
 434124  6151 3233.43414   61   47 3239.26000 2847.32651  12.1%   115 2905s
 435680  5011     cutoff   80      3239.26000 2999.70717  7.40%   115 2910s
 437438  3814     cutoff   80      3239.26000 3141.42587  3.02%   115 2915s
 439148  3267     cutoff   76      3239.26000 3197.34000  1.29%   115 2920s
 440714  3369 3233.49572   69   43 3239.26000 3205.61500  1.04%   114 2925s
 442511  3525 3220.01949   65   34 3239.26000 3210.31497  0.89%   114 2930s
 444295  3437     cutoff   74      3239.26000 3213.76523  0.79%   114 2935s
 446004  3351     cutoff   67      3239.26000 3216.52089  0.70%   114 2940s
 447747  3286 3224.89015   71   47 3239.26000 3218.62640  0.64%   113 2945s
 449493  2836     cutoff   67      3239.26000 3221.19900  0.56%   113 2950s
 451228  2304 infeasible   60      3239.26000 3223.88263  0.47%   113 2955s
 452971  1533     cutoff   77      3239.26000 3227.73000  0.36%   113 2960s

Cutting planes:
  Learned: 3
  Gomory: 30
  Cover: 8
  Implied bound: 888
  Clique: 10
  MIR: 192
  Flow cover: 257
  GUB cover: 10
  Zero half: 113
  Mod-K: 1

Explored 455426 nodes (51055616 simplex iterations) in 2964.76 seconds
Thread count was 2 (of 4 available processors)

Optimal solution found (tolerance 1.00e-04)
Best objective 3.239260000000e+03, best bound 3.238990000000e+03, gap 0.0083%
k_c1	4.0
k_c10	8.0
k_c11	10.0
k_c2	4.0
k_c3	5.0
k_c4	10.0
k_c5	1.0
k_c6	6.0
k_c7	1.0
k_c8	10.0
k_c9	7.0
k_dN	0.0
kDash_c1	1.0
kDash_c10	4.0
kDash_c11	8.0
kDash_c2	0.0
kDash_c3	1.0
kDash_c4	6.0
kDash_c5	4.0
kDash_c6	5.0
kDash_c7	0.0
kDash_c8	7.0
kDash_c9	2.0
o_1	0.0
o_10	0.0
o_11	0.0
o_2	0.0
o_3	0.0
o_4	0.0
o_5	1.0
o_6	0.0
o_7	0.0
o_8	0.0
o_9	0.0
p_1	0.0
p_10	0.0
p_11	0.0
p_2	0.0
p_3	0.0
p_4	0.0
p_5	1.0
p_6	0.0
p_7	1.0
p_8	0.0
p_9	0.0
phi_c1	19.0
phi_c10	21.0
phi_c11	23.0
phi_c2	2.0
phi_c3	19.0
phi_c4	22.0
phi_c5	4.0
phi_c6	20.0
phi_c7	18.0
phi_c8	4.0
phi_c9	2.0
phi_d0	24.0
phi_dN	0.0
pi_c1	8.0
pi_c10	5.0
pi_c11	1.0
pi_c2	9.0
pi_c3	8.0
pi_c4	3.0
pi_c5	19.0
pi_c6	4.0
pi_c7	10.0
pi_c8	2.0
pi_c9	7.0
pi_dN	0.0
tauD_c1	36.0
tauD_c10	25.0
tauD_c11	12.0
tauD_c2	60.0
tauD_c3	30.0
tauD_c4	6.0
tauD_c5	40.0
tauD_c6	20.0
tauD_c7	48.0
tauD_c8	72.0
tauD_c9	80.0
tauD_d0	0.0
tauD_dN	100.0
tauS_c1	54.0
tauS_c10	47.0
tauS_c11	0.0
tauS_c2	9.0
tauS_c3	2.0
tauS_c4	14.0
tauS_c5	7.0
tauS_c6	0.0
tauS_c7	49.0
tauS_c8	3.0
tauS_c9	0.0
tauS_d0	0.0
tauS_dN	68.0
x_c10_c1	1.0
x_c11_c10	1.0
x_c1_c7	1.0
x_c2_dN	1.0
x_c3_c5	1.0
x_c4_c6	1.0
x_c5_c2	1.0
x_c6_c3	1.0
x_c7_c8	1.0
x_c8_c9	1.0
x_c9_dN	1.0
x_d0_c11	1.0
x_d0_c4	1.0
z_c5_c7	1.0
z_c7_dN	1.0
z_d0_c5	1.0
