
Gurobi 6.0.4 (win64) logging started 06/15/15 18:47:52

Read LP format model from file C:\MT\repository\VRPTWMS\instances\mip\freight\N11-C_DV10-C_SV50_F24_1_No_1.lp
Reading time = 0.02 seconds
(null): 617 rows, 361 columns, 2709 nonzeros
Optimize a model with 617 rows, 361 columns and 2709 nonzeros
Model has 1584 quadratic constraints
WARNING: Only barrier available for SOCP models
Coefficient statistics:
  Matrix range    [1e+00, 1e+02]
  Objective range [5e+00, 1e+03]
  Bounds range    [1e+00, 1e+02]
  RHS range       [1e+00, 1e+02]
Presolve removed 57 rows and 27 columns
Presolve time: 0.12s
Presolved: 3869 rows, 2049 columns, 19051 nonzeros
Variable types: 1594 continuous, 455 integer (385 binary)
Found heuristic solution: objective 11414.000000
Optimize a model with 3869 rows, 2049 columns and 19051 nonzeros
Coefficient statistics:
  Matrix range    [1e+00, 1e+02]
  Objective range [5e+00, 1e+03]
  Bounds range    [1e+00, 1e+02]
  RHS range       [1e+00, 1e+02]

Concurrent LP optimizer: dual simplex and barrier
Showing barrier log only...

Presolve removed 189 rows and 91 columns
Presolved: 3680 rows, 1960 columns, 18048 nonzeros

Root barrier log...

Ordering time: 0.00s

Barrier performed 0 iterations in 0.17 seconds
Barrier solve interrupted - model solved by another algorithm


Solved with dual simplex
Solved in 259 iterations and 0.17 seconds
Optimal objective  1.807232779e+02

Root relaxation: objective 1.807233e+02, 259 iterations, 0.03 seconds

    Nodes    |    Current Node    |     Objective Bounds      |     Work
 Expl Unexpl |  Obj  Depth IntInf | Incumbent    BestBd   Gap | It/Node Time

     0     0  180.72328    0   70 11414.0000  180.72328  98.4%     -    0s
H    0     0                    9364.9100000  180.72328  98.1%     -    0s
     0     0  206.92840    0   92 9364.91000  206.92840  97.8%     -    0s
H    0     0                    8394.7100000  206.92840  97.5%     -    0s
     0     0  211.74218    0   91 8394.71000  211.74218  97.5%     -    0s
H    0     0                    7347.2200000  211.74218  97.1%     -    0s
     0     0  214.22111    0  120 7347.22000  214.22111  97.1%     -    0s
     0     0  215.21353    0   95 7347.22000  215.21353  97.1%     -    0s
     0     0  215.93964    0  116 7347.22000  215.93964  97.1%     -    0s
H    0     0                    6366.7200000  215.93964  96.6%     -    0s
     0     0  215.94121    0  132 6366.72000  215.94121  96.6%     -    0s
     0     0  216.00037    0  111 6366.72000  216.00037  96.6%     -    0s
     0     0  216.00037    0  135 6366.72000  216.00037  96.6%     -    0s
     0     0  216.00037    0  137 6366.72000  216.00037  96.6%     -    0s
     0     0  216.00037    0  126 6366.72000  216.00037  96.6%     -    0s
     0     0  216.00037    0  121 6366.72000  216.00037  96.6%     -    0s
H    0     0                    6336.5600000  216.00037  96.6%     -    0s
     0     0  216.00037    0  120 6336.56000  216.00037  96.6%     -    0s
     0     0  216.00037    0  120 6336.56000  216.00037  96.6%     -    0s
H    0     0                    6314.8100000  216.00037  96.6%     -    0s
H    0     2                    6299.4300000  216.00037  96.6%     -    1s
     0     2  216.00037    0  112 6299.43000  216.00037  96.6%     -    1s
H  154   130                    5355.5400000  229.14467  95.7%  63.5    1s
H  176   144                    5339.9300000  229.14467  95.7%  63.1    1s
H  398   278                    5319.7200000  518.63498  90.3%  67.8    2s
*  420   278              36    5317.2000000  518.63498  90.2%  65.1    2s
H  428   303                    5296.2200000  518.63498  90.2%  65.5    2s
H  706   481                    5283.0400000 1196.66668  77.3%  59.1    3s
   776   536 1198.39367   19  135 5283.04000 1198.39367  77.3%  65.5    5s
  1443   798 1257.66056   21  105 5283.04000 1198.39367  77.3%  92.9   10s
H 2161   942                    4353.1000000 1198.39367  72.5%  95.5   13s
  2378  1045 1274.52074   28   88 4353.10000 1198.39367  72.5%  95.0   15s
H 2868  1280                    4339.1800000 1198.39367  72.4%  98.4   18s
H 2914  1319                    4337.9100000 1198.39367  72.4%  99.1   19s
  2971  1332 3288.69475   25   40 4337.91000 1198.39367  72.4%   100   20s
H 3180  1424                    4337.8500000 1198.39367  72.4%   102   21s
H 3365  1507                    4326.4800000 1198.39367  72.3%   102   23s
H 3498  1543                    4326.0800000 1198.39367  72.3%   105   24s
H 3526  1548                    4324.4000000 1198.39367  72.3%   105   24s
  3604  1573 3381.04078   38   52 4324.40000 1198.39367  72.3%   106   25s
  4239  1812 2332.38691   42   62 4324.40000 1198.39367  72.3%   105   30s
  4932  2139 2268.37298   25   87 4324.40000 1198.39367  72.3%   106   35s
  5963  2628 infeasible   32      4324.40000 1218.32939  71.8%   103   40s
  7016  3154 3308.54185   34   54 4324.40000 1227.03189  71.6%   101   45s
  8032  3625 2261.45534   26   97 4324.40000 1233.28318  71.5%  98.3   50s
  9074  4094 2253.35033   30   69 4324.40000 1236.15215  71.4%  98.1   55s
 10179  4612 2325.86840   24  130 4324.40000 1241.58813  71.3%  98.0   60s
 11234  5010 2252.01344   21   59 4324.40000 1245.85920  71.2%  97.6   65s
 12583  5648 2320.74271   38   86 4324.40000 1249.20311  71.1%  97.0   70s
H13324  5957                    4312.8000000 1251.01982  71.0%  97.7   74s
 13420  5995 3232.23141   32   52 4312.80000 1251.38517  71.0%  97.8   75s
 14521  6470 2294.69045   36  120 4312.80000 1253.56316  70.9%  98.5   90s
 14541  6485 1253.56316   21  100 4312.80000 1253.56316  70.9%  98.5   95s
 14600  6517 1267.22079   37   87 4312.80000 1253.56316  70.9%  99.0  101s
 14946  6623 2276.98021   46   75 4312.80000 1253.56316  70.9%   100  105s
 15927  6840 1253.56316   32   90 4312.80000 1253.56316  70.9%   100  111s
 17258  7143 1341.02283   39   84 4312.80000 1253.56316  70.9%  98.5  116s
 18180  7342     cutoff   48      4312.80000 1253.56316  70.9%  97.8  120s
 19623  7578 1280.50906   45   88 4312.80000 1253.56316  70.9%  97.0  126s
H20140  7352                    4312.2300000 1253.56316  70.9%  96.7  128s
 20698  7450 2253.97654   27   45 4312.23000 1253.56316  70.9%  96.3  130s
 21701  7578     cutoff   43      4312.23000 1253.56316  70.9%  96.1  135s
 22774  7715 infeasible   53      4312.23000 1256.67902  70.9%  95.7  140s
 24331  7869 2499.53118   60   58 4312.23000 1262.32091  70.7%  95.7  146s
 25348  7963 2269.34452   45   60 4312.23000 1265.43088  70.7%  96.2  151s
 26357  8007 2298.57763   41   61 4312.23000 1269.29000  70.6%  96.4  155s
 27190  8055     cutoff   64      4312.23000 1273.50891  70.5%  97.1  160s
 28452  8073 3301.11533   40   57 4312.23000 1279.64568  70.3%  97.4  166s
 29212  8067 3317.02037   65   60 4312.23000 1283.01207  70.2%  97.7  170s
 30409  8006 2391.07872   46   56 4312.23000 1288.63855  70.1%  98.1  176s
 31066  7995 3328.20499   66   50 4312.23000 1291.98414  70.0%  98.5  180s
 32024  7914 3291.42534   38   43 4312.23000 1296.59298  69.9%  99.1  185s
 32925  7837 infeasible   48      4312.23000 1301.47494  69.8%   100  192s
 33306  7921 3333.71168   65   63 4312.23000 1302.51877  69.8%   100  195s
 34243  8217 1354.08338   55   93 4312.23000 1306.50129  69.7%   100  201s
 34810  8362 infeasible   49      4312.23000 1308.81187  69.6%   101  205s
 35746  8582 2299.16566   42   58 4312.23000 1312.25905  69.6%   101  210s
 36650  8816     cutoff   60      4312.23000 1319.50916  69.4%   102  215s
 37536  9033 3337.22730   61   72 4312.23000 1324.66857  69.3%   102  220s
 38427  9261 3339.26066   63   81 4312.23000 1331.26172  69.1%   102  225s
 39598  9543     cutoff   49      4312.23000 1344.45815  68.8%   103  231s
 40502  9768 3352.01570   57   46 4312.23000 1354.17705  68.6%   103  235s
 41461 10008 infeasible   61      4312.23000 1366.94002  68.3%   103  240s
 42418 10235 2435.00293   55   91 4312.23000 1386.53416  67.8%   103  245s
 43773 10530 3291.71139   33   58 4312.23000 1431.65339  66.8%   103  251s
 44872 10742 3344.42478   44   55 4312.23000 1468.88941  65.9%   103  256s
 46007 11054 3501.03689   50   65 4312.23000 1514.14361  64.9%   103  261s
 47013 11248 3348.46699   54   74 4312.23000 1548.89140  64.1%   103  265s
 48120 11401 2341.52413   48   90 4312.23000 1623.64168  62.3%   103  270s
 49465 11685     cutoff   50      4312.23000 1756.59486  59.3%   102  275s
 50490 11923 2260.17339   48   92 4312.23000 1888.32323  56.2%   102  280s
 52036 12472 2474.30131   49   69 4312.23000 2192.13564  49.2%   102  286s
 53468 13106 3259.46216   46   46 4312.23000 2207.81168  48.8%   101  291s
 54866 13740     cutoff   42      4312.23000 2213.85322  48.7%   100  296s
 56113 14157 3297.23236   42   38 4312.23000 2216.55095  48.6%   100  300s
 57348 14694 4301.32033   54   34 4312.23000 2219.05368  48.5%   100  305s
 59111 15434 3244.21900   42   26 4312.23000 2221.25301  48.5%  98.8  311s
 60223 15827 3346.46882   41   60 4312.23000 2222.79075  48.5%  98.7  315s
 61482 16317 infeasible   45      4312.23000 2224.64105  48.4%  98.3  320s
 63029 16891 2242.36682   47   90 4312.23000 2226.77137  48.4%  97.8  325s
 64224 17368 4278.66000   53    9 4312.23000 2228.13935  48.3%  97.5  330s
 65700 17861 3300.05168   55   41 4312.23000 2229.68647  48.3%  97.2  335s
 67185 18373     cutoff   44      4312.23000 2231.44985  48.3%  96.9  341s
 68263 18721 3271.34463   44   45 4312.23000 2232.73861  48.2%  96.7  345s
 69584 19137 3327.78535   40   49 4312.23000 2234.71778  48.2%  96.7  350s
 70919 19602 2316.18956   53   69 4312.23000 2236.08114  48.1%  96.5  355s
 72325 20024 3294.50335   54   80 4312.23000 2237.38800  48.1%  96.3  360s
 73654 20471     cutoff   57      4312.23000 2238.52395  48.1%  96.1  366s
 74636 20772 3285.47641   56   79 4312.23000 2239.41873  48.1%  96.0  370s
 76051 21213 3471.30810   43   29 4312.23000 2240.70917  48.0%  95.7  375s
 77444 21682 3303.01892   47   58 4312.23000 2241.81687  48.0%  95.5  380s
 78667 22077 3266.32257   38   29 4312.23000 2242.79182  48.0%  95.4  385s
 79850 22464 3324.85894   47   73 4312.23000 2243.47332  48.0%  95.3  390s
 81014 22785 3284.56772   37   84 4312.23000 2244.10881  48.0%  95.3  395s
 82330 23249 3281.84294   45   54 4312.23000 2244.83708  47.9%  95.1  400s
 83658 23688 3325.63949   54   69 4312.23000 2245.64708  47.9%  94.8  405s
 84868 24091 3359.47699   39   43 4312.23000 2246.47395  47.9%  94.8  410s
 86456 24612     cutoff   55      4312.23000 2247.33853  47.9%  94.6  415s
 87753 25003 3302.57663   50   47 4312.23000 2248.34030  47.9%  94.4  420s
 89060 25383 3251.59311   52   46 4312.23000 2249.12026  47.8%  94.3  425s
 90312 25746 3270.63888   60   59 4312.23000 2249.89759  47.8%  94.1  430s
 91775 26135 3276.06062   53   53 4312.23000 2251.00869  47.8%  94.0  436s
 92995 26484 3524.43558   53   38 4312.23000 2251.57283  47.8%  93.9  441s
 94030 26769 3332.04763   48   52 4312.23000 2252.22108  47.8%  94.0  445s
 95195 27105     cutoff   48      4312.23000 2252.74941  47.8%  93.9  450s
 96439 27453 2442.13512   59   83 4312.23000 2253.34156  47.7%  93.8  455s
 97592 27772 3313.70161   59   57 4312.23000 2253.79407  47.7%  93.7  460s
 98951 28158     cutoff   56      4312.23000 2254.56101  47.7%  93.7  465s
 100332 28466 3448.75555   51   53 4312.23000 2255.32641  47.7%  93.7  470s
 101631 28801 3291.25239   31   52 4312.23000 2255.94086  47.7%  93.5  475s
 103174 29241 3316.28902   42   56 4312.23000 2256.74645  47.7%  93.3  480s
 104152 29487 infeasible   38      4312.23000 2257.31369  47.7%  93.3  485s
*105165 29718              43    4311.3100000 2257.79766  47.6%  93.3  489s
 105310 29790     cutoff   55      4311.31000 2258.01112  47.6%  93.3  490s
H105884 29862                    4308.0300000 2258.19874  47.6%  93.2  493s
H106032 29594                    4299.2700000 2258.34781  47.5%  93.2  493s
 106374 29711     cutoff   62      4299.27000 2258.51743  47.5%  93.2  495s
 107372 29976     cutoff   46      4299.27000 2258.98875  47.5%  93.2  500s
 108619 30327     cutoff   51      4299.27000 2259.55807  47.4%  93.2  505s
 109645 30592 3340.41626   63   34 4299.27000 2260.06000  47.4%  93.2  510s
 110761 30828 4276.54840   40   41 4299.27000 2260.85683  47.4%  93.3  516s
 111720 31032 2287.55733   51   70 4299.27000 2261.40274  47.4%  93.3  520s
 112986 31395     cutoff   49      4299.27000 2262.23563  47.4%  93.3  525s
 114237 31614 3328.09898   42   45 4299.27000 2262.95546  47.4%  93.4  530s
 115458 31908 infeasible   57      4299.27000 2263.68278  47.3%  93.5  535s
 116850 32290 3277.98867   43   38 4299.27000 2264.26652  47.3%  93.4  541s
 118097 32556 infeasible   55      4299.27000 2264.85660  47.3%  93.4  546s
 119075 32776 3334.06066   59   43 4299.27000 2265.48145  47.3%  93.4  550s
 120462 33078 3324.94834   58   80 4299.27000 2266.26921  47.3%  93.4  555s
 121763 33338 infeasible   55      4299.27000 2266.99523  47.3%  93.4  560s
 122991 33547     cutoff   55      4299.27000 2267.59030  47.3%  93.5  565s
 124296 33859 3281.52195   44   68 4299.27000 2268.24402  47.2%  93.4  570s
 125528 34076 2282.29425   41   74 4299.27000 2268.85522  47.2%  93.5  575s
 126708 34292 infeasible   40      4299.27000 2269.44942  47.2%  93.6  580s
 127933 34506 infeasible   50      4299.27000 2270.25072  47.2%  93.7  585s
 129355 34747 3328.21534   44   38 4299.27000 2271.14444  47.2%  93.7  590s
 130572 34960 4275.23850   64   16 4299.27000 2271.71786  47.2%  93.8  595s
 131821 35147 3313.62639   53   41 4299.27000 2272.54666  47.1%  93.9  600s
 132953 35349 infeasible   50      4299.27000 2273.05834  47.1%  94.0  605s
 134083 35512 3291.71067   36   59 4299.27000 2273.60076  47.1%  94.0  611s
 135044 35698     cutoff   62      4299.27000 2274.11356  47.1%  94.1  615s
 136188 35923 2725.74399   52  100 4299.27000 2274.70482  47.1%  94.2  620s
 137376 36131 infeasible   43      4299.27000 2275.35285  47.1%  94.2  625s
 138451 36302     cutoff   49      4299.27000 2275.92850  47.1%  94.3  630s
 139542 36474 3365.33306   47   41 4299.27000 2276.47931  47.0%  94.3  635s
 140596 36640 3562.47823   71   74 4299.27000 2277.15632  47.0%  94.4  640s
 141694 36813     cutoff   52      4299.27000 2277.70400  47.0%  94.6  645s
 142835 37009 3314.51010   55   37 4299.27000 2278.34450  47.0%  94.6  650s
 143781 37103 3281.18715   41   55 4299.27000 2278.74615  47.0%  94.8  655s
 144916 37274 infeasible   52      4299.27000 2279.39683  47.0%  94.8  660s
 146189 37482 2351.28391   53   91 4299.27000 2279.98318  47.0%  94.9  665s
 147257 37633     cutoff   58      4299.27000 2280.74023  47.0%  95.0  670s
 148372 37841 2416.62926   45   71 4299.27000 2281.24974  46.9%  95.1  675s
 149422 37991 3296.70102   59   60 4299.27000 2281.68842  46.9%  95.2  680s
 150441 38087 infeasible   61      4299.27000 2282.32523  46.9%  95.3  685s
 151547 38243 3300.78909   37   58 4299.27000 2282.82029  46.9%  95.3  690s
 152587 38419 2402.11866   63   95 4299.27000 2283.30635  46.9%  95.4  695s
 153976 38640 2317.87971   57   71 4299.27000 2283.94600  46.9%  95.5  701s
H154071 38655                    4298.9800000 2284.03753  46.9%  95.5  701s
 154736 38733 2338.62155   46   77 4298.98000 2284.29001  46.9%  95.6  705s
 155747 38891     cutoff   51      4298.98000 2284.72869  46.9%  95.7  710s
 156690 39013 infeasible   57      4298.98000 2285.24701  46.8%  95.7  715s
 157685 39174 2354.76420   54  109 4298.98000 2285.70112  46.8%  95.8  720s
 158635 39256 3883.01122   57   70 4298.98000 2286.14142  46.8%  96.0  725s
 159481 39348 3335.43600   64   34 4298.98000 2286.52250  46.8%  96.0  730s
 160535 39534 3333.43209   53   73 4298.98000 2286.92760  46.8%  96.0  735s
 161571 39689 infeasible   63      4298.98000 2287.41330  46.8%  96.1  740s
 162569 39808 3702.30253   51   66 4298.98000 2287.95274  46.8%  96.3  745s
 163869 40023 infeasible   73      4298.98000 2288.65159  46.8%  96.3  750s
 164988 40183 3294.69530   58   53 4298.98000 2289.15174  46.8%  96.4  755s
 166045 40341 3304.61000   54   40 4298.98000 2289.58543  46.7%  96.5  760s
 167018 40457 infeasible   58      4298.98000 2290.09922  46.7%  96.5  765s
 168377 40701     cutoff   46      4298.98000 2290.70422  46.7%  96.6  770s
 169451 40856 2450.22466   58  111 4298.98000 2291.15191  46.7%  96.6  775s
 170550 41006 2894.01939   55   85 4298.98000 2291.61218  46.7%  96.7  780s
 171882 41219 infeasible   59      4298.98000 2292.20995  46.7%  96.8  785s
 172915 41322 2350.93081   55   97 4298.98000 2292.86359  46.7%  96.9  790s
 174206 41464 3362.88922   58   37 4298.98000 2293.61695  46.6%  97.0  795s
 175222 41567 2296.03851   62   50 4298.98000 2294.07136  46.6%  97.1  800s
 176402 41698 2555.26809   51   81 4298.98000 2294.68556  46.6%  97.2  805s
 177418 41838 2575.74137   41   89 4298.98000 2295.13245  46.6%  97.3  810s
 178510 41983 infeasible   48      4298.98000 2295.59452  46.6%  97.3  815s
 179804 42160     cutoff   68      4298.98000 2296.09221  46.6%  97.4  820s
 180870 42307 3297.99420   40   40 4298.98000 2296.75301  46.6%  97.5  825s
 182119 42463 3324.48014   46   37 4298.98000 2297.26465  46.6%  97.6  831s
 183103 42554 3006.44909   58   94 4298.98000 2297.69583  46.6%  97.6  835s
 184154 42719 3356.37873   57   70 4298.98000 2298.19998  46.5%  97.7  840s
 185174 42848 3327.39809   54   59 4298.98000 2298.68116  46.5%  97.8  845s
 186403 43038 2330.00575   50   64 4298.98000 2299.16651  46.5%  97.8  850s
 187512 43135     cutoff   80      4298.98000 2299.75062  46.5%  97.9  855s
 188449 43188 infeasible   44      4298.98000 2300.24681  46.5%  98.0  860s
 189722 43333 3464.90547   50   56 4298.98000 2300.79248  46.5%  98.1  865s
 190752 43417 2315.42441   33   69 4298.98000 2301.32090  46.5%  98.1  870s
 191745 43523 2304.23587   49   97 4298.98000 2301.77315  46.5%  98.2  875s
 192941 43661 infeasible   61      4298.98000 2302.23933  46.4%  98.3  880s
 194013 43746     cutoff   46      4298.98000 2302.83847  46.4%  98.3  885s
 195152 43873 infeasible   44      4298.98000 2303.31501  46.4%  98.4  890s
 196134 44021 infeasible   60      4298.98000 2303.70406  46.4%  98.5  895s
 197228 44066 infeasible   49      4298.98000 2304.27941  46.4%  98.6  900s
 198273 44197 2366.29118   55   57 4298.98000 2304.77347  46.4%  98.7  905s
 199307 44271     cutoff   47      4298.98000 2305.13289  46.4%  98.7  910s
 200282 44370 2334.40788   46   93 4298.98000 2305.71963  46.4%  98.9  915s
 201140 44444 infeasible   40      4298.98000 2306.04357  46.4%  99.0  920s
 202090 44543 2364.76844   63  114 4298.98000 2306.40954  46.3%  99.1  925s
 202972 44586 3335.23687   59   52 4298.98000 2306.72536  46.3%  99.1  930s
 204215 44676     cutoff   59      4298.98000 2307.35401  46.3%  99.2  935s
 205238 44759 infeasible   79      4298.98000 2307.77299  46.3%  99.2  940s
 206231 44878 2328.62608   40   49 4298.98000 2308.16131  46.3%  99.3  945s
 207475 45025 2319.87971   58   58 4298.98000 2308.78509  46.3%  99.4  950s
 208420 45018 infeasible   47      4298.98000 2309.30514  46.3%  99.5  955s
 209651 45127     cutoff   61      4298.98000 2309.81090  46.3%   100  960s
 210642 45189 infeasible   43      4298.98000 2310.36774  46.3%   100  965s
 211703 45281 2325.70233   31   76 4298.98000 2310.81193  46.2%   100  970s
 212842 45389 3361.57962   38   43 4298.98000 2311.26525  46.2%   100  975s
H213067 45397                    4298.4500000 2311.33621  46.2%   100  977s
 213631 45471 2327.97887   55   57 4298.45000 2311.58696  46.2%   100  980s
 214386 45551 2436.74975   61   98 4298.45000 2311.87500  46.2%   100  985s
 215205 45615 2337.47460   62   83 4298.45000 2312.19868  46.2%   100  990s
 216187 45724     cutoff   67      4298.45000 2312.60962  46.2%   100  995s
 217333 45763 2496.74832   50   89 4298.45000 2313.19456  46.2%   100 1000s
 218306 45832 2748.16356   60   90 4298.45000 2313.64051  46.2%   100 1005s
 219589 45899 2362.53793   39   69 4298.45000 2314.23367  46.2%   100 1010s
 220457 45913 3315.21309   64   67 4298.45000 2314.63992  46.2%   100 1015s
 221543 45949 3320.68609   52   30 4298.45000 2315.18453  46.1%   100 1020s
 222588 46028 3345.68347   53   57 4298.45000 2315.61953  46.1%   100 1025s
 223606 46088 2357.67009   55   51 4298.45000 2315.96181  46.1%   100 1030s
 224850 46240 2321.52677   51   83 4298.45000 2316.38606  46.1%   100 1035s
 225781 46273 3321.26367   42   40 4298.45000 2316.78811  46.1%   101 1040s
 226852 46366     cutoff   58      4298.45000 2317.22665  46.1%   101 1045s
 227792 46430 infeasible   56      4298.45000 2317.63345  46.1%   101 1050s
 229103 46563 infeasible   45      4298.45000 2318.20213  46.1%   101 1055s
 230245 46605 infeasible   61      4298.45000 2318.60964  46.1%   101 1060s
 231218 46650 2425.24112   55   87 4298.45000 2319.10500  46.0%   101 1065s
 232375 46743 infeasible   57      4298.45000 2319.56929  46.0%   101 1070s
 233378 46820 infeasible   51      4298.45000 2319.89990  46.0%   101 1075s
 234691 46842 2507.25317   54   86 4298.45000 2320.42588  46.0%   101 1080s
 235669 46838 2413.10794   65   94 4298.45000 2320.90508  46.0%   101 1085s
 236901 46909 3286.79800   44   29 4298.45000 2321.34885  46.0%   101 1090s
 238092 47010 3584.90157   62   46 4298.45000 2321.85710  46.0%   101 1095s
 239084 47059 3435.82277   65   57 4298.45000 2322.33523  46.0%   101 1100s
 240264 47190     cutoff   40      4298.45000 2322.69283  46.0%   101 1105s
 241295 47287 infeasible   54      4298.45000 2323.03266  46.0%   101 1110s
 242415 47365 infeasible   59      4298.45000 2323.49944  45.9%   101 1115s
 243366 47373 infeasible   47      4298.45000 2323.96958  45.9%   102 1120s
H244394 47372                    4296.7000000 2324.48412  45.9%   102 1125s
H245200 47060                    4291.5800000 2324.76285  45.8%   102 1129s
 245266 47052     cutoff   82      4291.58000 2324.84251  45.8%   102 1130s
H245456 46548                    4285.6700000 2324.89942  45.8%   102 1131s
 246051 46590 3354.41058   56   71 4285.67000 2325.14424  45.7%   102 1135s
H246445 46554                    4284.5100000 2325.25752  45.7%   102 1137s
 246814 46533 infeasible   71      4284.51000 2325.51221  45.7%   102 1140s
 247693 46511 infeasible   59      4284.51000 2325.90676  45.7%   102 1145s
 248838 46578     cutoff   60      4284.51000 2326.32932  45.7%   102 1150s
 249780 46583 3445.98582   55   56 4284.51000 2326.78035  45.7%   102 1155s
 250849 46685 2567.26695   74   69 4284.51000 2327.21172  45.7%   102 1160s
 251990 46691 2401.73948   60   72 4284.51000 2327.74345  45.7%   102 1165s
 253152 46748 3444.74081   55   74 4284.51000 2328.28742  45.7%   102 1170s
 254052 46784 2332.05787   52   52 4284.51000 2328.69248  45.6%   102 1175s
 255063 46792 3345.55668   46   73 4284.51000 2329.13627  45.6%   102 1180s
 256035 46831 3396.83353   47   60 4284.51000 2329.53339  45.6%   102 1185s
 257164 46896 3667.59057   67   71 4284.51000 2329.99944  45.6%   102 1190s
 258158 46894 2454.75354   72   91 4284.51000 2330.43158  45.6%   102 1195s
 259282 46845 2340.16643   60  104 4284.51000 2330.99996  45.6%   102 1200s
 260481 46931 3383.23156   54   79 4284.51000 2331.52787  45.6%   103 1205s
 261756 46952 2455.71857   53   70 4284.51000 2332.12708  45.6%   103 1210s
 262777 46961 2497.21268   40   87 4284.51000 2332.56158  45.6%   103 1215s
 263979 47002 infeasible   37      4284.51000 2333.08735  45.5%   103 1220s
 264933 47007     cutoff   55      4284.51000 2333.56297  45.5%   103 1225s
 266090 47026 infeasible   50      4284.51000 2334.01969  45.5%   103 1230s
 267291 46999 3479.43195   56   60 4284.51000 2334.64324  45.5%   103 1235s
 268433 47041 infeasible   61      4284.51000 2335.13788  45.5%   103 1240s
 269441 47064 2870.48588   39   76 4284.51000 2335.60323  45.5%   103 1245s
 270681 47082 infeasible   53      4284.51000 2336.08624  45.5%   103 1250s
 271912 47098 infeasible   55      4284.51000 2336.53913  45.5%   103 1255s
 272918 47174 infeasible   56      4284.51000 2336.96708  45.5%   103 1260s
 274155 47192 3344.12689   49   56 4284.51000 2337.42956  45.4%   103 1265s
 275187 47229 3320.85635   82   63 4284.51000 2337.86597  45.4%   103 1270s
 276161 47278 2580.91744   53   99 4284.51000 2338.22774  45.4%   103 1275s
 277209 47258 2532.90410   62   69 4284.51000 2338.66513  45.4%   103 1280s
 278188 47292 2424.01679   58   84 4284.51000 2339.10524  45.4%   103 1285s
 279381 47346     cutoff   69      4284.51000 2339.55926  45.4%   103 1290s
 280348 47345 infeasible   75      4284.51000 2340.01941  45.4%   103 1295s
 281261 47353 3367.36196   63   50 4284.51000 2340.47583  45.4%   103 1300s
 282333 47329 3310.42367   46   35 4284.51000 2340.93486  45.4%   103 1305s
 283328 47300     cutoff   58      4284.51000 2341.49196  45.3%   103 1310s
 284325 47312 infeasible   55      4284.51000 2341.91153  45.3%   104 1315s
 285304 47309     cutoff   56      4284.51000 2342.28174  45.3%   104 1320s
 286411 47265 2983.38184   69   81 4284.51000 2342.88724  45.3%   104 1325s
 287359 47293 infeasible   53      4284.51000 2343.30387  45.3%   104 1330s
 288622 47320 infeasible   59      4284.51000 2343.84425  45.3%   104 1335s
 289816 47270 2450.84843   51  102 4284.51000 2344.48175  45.3%   104 1340s
 290736 47296 3374.33623   55   43 4284.51000 2344.88751  45.3%   104 1345s
 291632 47291 3605.75287   60   66 4284.51000 2345.35836  45.3%   104 1350s
 292841 47262 2365.91147   38   75 4284.51000 2346.02288  45.2%   104 1355s
 294040 47263 infeasible   55      4284.51000 2346.68273  45.2%   104 1360s
 295222 47297     cutoff   40      4284.51000 2347.22855  45.2%   104 1365s
 296195 47315 2511.82763   53   97 4284.51000 2347.65131  45.2%   104 1370s
 297367 47342 3395.71983   59   45 4284.51000 2348.18725  45.2%   104 1375s
 298270 47346 2365.22235   54   82 4284.51000 2348.59275  45.2%   104 1380s
 299510 47433     cutoff   71      4284.51000 2349.20032  45.2%   104 1385s
 300666 47435 infeasible   64      4284.51000 2349.81457  45.2%   104 1390s
 301613 47438 3664.84501   85   63 4284.51000 2350.29639  45.1%   104 1395s
 302578 47443     cutoff   54      4284.51000 2350.68247  45.1%   104 1400s
 303789 47472 infeasible   70      4284.51000 2351.24516  45.1%   104 1405s
 304725 47470 infeasible   66      4284.51000 2351.64518  45.1%   104 1410s
 305823 47445 infeasible   49      4284.51000 2352.26652  45.1%   104 1415s
 306979 47408     cutoff   55      4284.51000 2352.85780  45.1%   104 1420s
 307916 47404 infeasible   52      4284.51000 2353.33136  45.1%   104 1425s
 309073 47447 2409.44177   52   71 4284.51000 2353.78462  45.1%   104 1430s
 310203 47407     cutoff   58      4284.51000 2354.47581  45.0%   104 1435s
 311167 47353 3475.42060   55   75 4284.51000 2354.96139  45.0%   104 1440s
 312317 47366 infeasible   42      4284.51000 2355.56877  45.0%   104 1445s
 313309 47284 infeasible   55      4284.51000 2356.19233  45.0%   105 1450s
 314429 47259 3588.41907   61   86 4284.51000 2356.74244  45.0%   105 1455s
 315498 47198 infeasible   54      4284.51000 2357.31617  45.0%   105 1460s
 316472 47168 3403.64905   57   79 4284.51000 2357.90233  45.0%   105 1465s
 317553 47077 2866.81444   65  103 4284.51000 2358.54947  45.0%   105 1470s
 318197 47029 infeasible   65      4284.51000 2358.84408  44.9%   105 1475s
 319345 46945 infeasible   69      4284.51000 2359.65887  44.9%   105 1480s
 320448 46914 2439.90991   57   72 4284.51000 2360.27791  44.9%   105 1485s
 321385 46823 3370.66382   67   51 4284.51000 2360.90855  44.9%   105 1490s
 322511 46755 infeasible   53      4284.51000 2361.56562  44.9%   105 1495s
 323623 46713     cutoff   55      4284.51000 2362.16955  44.9%   105 1500s
 324582 46686     cutoff   70      4284.51000 2362.74782  44.9%   105 1505s
 325705 46600 3457.35000   49   60 4284.51000 2363.49533  44.8%   105 1510s
 326706 46515     cutoff   61      4284.51000 2364.31006  44.8%   105 1515s
 327797 46429 2399.84306   52   60 4284.51000 2365.04932  44.8%   105 1520s
 328921 46387     cutoff   64      4284.51000 2365.74645  44.8%   105 1525s
 330007 46304 2843.71104   71  100 4284.51000 2366.50856  44.8%   105 1530s
 330940 46289 3383.83425   69   89 4284.51000 2367.11015  44.8%   105 1535s
 331954 46193 infeasible   76      4284.51000 2367.92701  44.7%   105 1540s
 333062 46095 infeasible   53      4284.51000 2368.75150  44.7%   105 1545s
 334154 45953 infeasible   64      4284.51000 2369.61844  44.7%   105 1550s
 335037 45876 infeasible   48      4284.51000 2370.30066  44.7%   105 1555s
 336204 45797 3426.61880   51   53 4284.51000 2371.23891  44.7%   105 1560s
 337296 45717 2427.43916   79   90 4284.51000 2372.05577  44.6%   105 1565s
 338467 45617 infeasible   70      4284.51000 2372.97161  44.6%   105 1570s
 339360 45587 3364.07891   43   79 4284.51000 2373.58476  44.6%   105 1575s
 340513 45437 infeasible   56      4284.51000 2374.65173  44.6%   105 1580s
 341655 45272 infeasible   52      4284.51000 2375.63876  44.6%   105 1585s
 342525 45169     cutoff   75      4284.51000 2376.58124  44.5%   105 1590s
 343595 45087     cutoff   57      4284.51000 2377.35868  44.5%   106 1595s
 344795 44992 3355.08070   55   57 4284.51000 2378.27535  44.5%   106 1600s
 345886 44868 3442.60797   55   65 4284.51000 2379.24585  44.5%   106 1605s
 346782 44768     cutoff   71      4284.51000 2380.09824  44.4%   106 1610s
 347891 44709 2401.57202   48   76 4284.51000 2381.06758  44.4%   106 1615s
 348965 44577 2407.35629   72   84 4284.51000 2382.32936  44.4%   106 1620s
 349943 44509 infeasible   45      4284.51000 2383.16892  44.4%   106 1625s
 351044 44383 infeasible   72      4284.51000 2384.13174  44.4%   106 1630s
 352209 44262 infeasible   51      4284.51000 2385.26536  44.3%   106 1635s
 353262 44111 2695.57674   45  103 4284.51000 2386.49123  44.3%   106 1640s
 354185 43994 3407.52897   62   76 4284.51000 2387.51977  44.3%   106 1645s
 355116 43817     cutoff   58      4284.51000 2388.57979  44.3%   106 1650s
 356127 43725 2812.26869   64  103 4284.51000 2389.51245  44.2%   106 1655s
 357428 43564 2588.18297   52   79 4284.51000 2390.82596  44.2%   106 1660s
 358465 43392 3473.17285   63   70 4284.51000 2392.33092  44.2%   106 1665s
 359550 43241 3418.76612   70   69 4284.51000 2393.69881  44.1%   106 1670s
 360372 43102 2399.32392   43   56 4284.51000 2394.75429  44.1%   106 1675s
 361410 42932 2441.98730   71   89 4284.51000 2396.23103  44.1%   106 1680s
 362319 42825 2421.29246   60   63 4284.51000 2397.14999  44.1%   106 1685s
 363362 42657 2456.15839   62   93 4284.51000 2398.60053  44.0%   106 1690s
 364361 42469 2419.38363   67   82 4284.51000 2400.27745  44.0%   106 1695s
 365388 42302 infeasible   86      4284.51000 2401.99862  43.9%   106 1700s
 366493 42168     cutoff   59      4284.51000 2403.62991  43.9%   106 1705s
 367428 41979 3431.96015   65   69 4284.51000 2405.36061  43.9%   106 1710s
 368303 41843     cutoff   65      4284.51000 2406.80164  43.8%   106 1715s
 369342 41668 3503.83599   76   86 4284.51000 2408.95868  43.8%   106 1720s
 370254 41560     cutoff   63      4284.51000 2410.24639  43.7%   106 1725s
 371186 41359 infeasible   72      4284.51000 2411.71599  43.7%   106 1730s
 372244 41143 2540.08620   47   71 4284.51000 2414.25806  43.7%   106 1735s
 373271 40964     cutoff   62      4284.51000 2416.51477  43.6%   106 1740s
 374303 40789     cutoff   69      4284.51000 2418.76218  43.5%   106 1745s
 375366 40624 3297.66976   47   38 4284.51000 2421.36200  43.5%   106 1750s
 376286 40428 infeasible   73      4284.51000 2423.73929  43.4%   106 1755s
 377406 40187 3961.21925   61   94 4284.51000 2427.16714  43.4%   106 1760s
 378297 39999 3463.73478   65   53 4284.51000 2430.34940  43.3%   106 1765s
 379406 39771     cutoff   72      4284.51000 2433.59579  43.2%   106 1770s
 380422 39585     cutoff   67      4284.51000 2437.02921  43.1%   106 1775s
 381454 39401 2472.65526   73   89 4284.51000 2440.52900  43.0%   106 1780s
 382509 39161 3035.04504   55   86 4284.51000 2445.18365  42.9%   106 1785s
 383491 38974 3335.17724   49   68 4284.51000 2449.78659  42.8%   106 1790s
 384604 38869 3464.74817   59   77 4284.51000 2454.88632  42.7%   106 1795s
 385576 38682 2717.81435   53   92 4284.51000 2460.54126  42.6%   106 1800s
 386625 38490 3644.62113   66   72 4284.51000 2468.43894  42.4%   106 1805s
 387723 38276 3252.83450   40   21 4284.51000 2479.03231  42.1%   106 1810s
 388799 38094 2490.20043   42   64 4284.51000 2489.40413  41.9%   106 1815s
 389691 37961 2742.85030   39   74 4284.51000 2500.46418  41.6%   106 1820s
 390828 37784     cutoff   55      4284.51000 2514.46067  41.3%   106 1825s
 392041 37617 2551.56967   55   87 4284.51000 2530.00466  40.9%   106 1830s
 393228 37471 3271.56702   52   47 4284.51000 2544.01861  40.6%   106 1835s
 394263 37410     cutoff   47      4284.51000 2556.54437  40.3%   106 1840s
 395253 37238 3431.10961   49   66 4284.51000 2571.73600  40.0%   106 1845s
 396399 37048 3422.96053   55   63 4284.51000 2591.85869  39.5%   106 1850s
 397610 36854 3307.20785   51   54 4284.51000 2612.70306  39.0%   106 1855s
 398544 36660 2628.89556   38   54 4284.51000 2628.89556  38.6%   106 1860s
 399654 36446 3669.28069   41   75 4284.51000 2656.62485  38.0%   106 1865s
 400860 36183 3317.28842   75   61 4284.51000 2691.70767  37.2%   106 1870s
 401904 35971 3470.17659   66   80 4284.51000 2723.24251  36.4%   106 1875s
 403055 35781 3311.18700   43   59 4284.51000 2755.69789  35.7%   106 1880s
 404107 35543 3325.58308   50   72 4284.51000 2793.09126  34.8%   106 1885s
 405330 35319     cutoff   58      4284.51000 2849.89064  33.5%   106 1890s
 406498 35227 2894.28383   43   45 4284.51000 2892.51784  32.5%   106 1895s
 407803 35091 3575.19235   56   92 4284.51000 2950.77045  31.1%   106 1900s
 409075 34911 3549.01042   60   63 4284.51000 3017.61235  29.6%   106 1905s
 410139 34778 3384.77863   55   76 4284.51000 3068.58620  28.4%   106 1910s
 411154 34720 infeasible   62      4284.51000 3116.76720  27.3%   106 1915s
 412536 34601     cutoff   49      4284.51000 3173.26817  25.9%   106 1920s
 413780 34515 3224.93750   39   26 4284.51000 3219.93527  24.8%   106 1925s
 415115 34680 3340.24416   36   52 4284.51000 3226.97854  24.7%   106 1930s
 416261 34827 3285.83563   39   70 4284.51000 3231.87345  24.6%   106 1935s
 417942 35061 3282.73170   43   37 4284.51000 3235.62378  24.5%   106 1940s
 419673 35384 infeasible   41      4284.51000 3238.49482  24.4%   105 1945s
 420972 35546 4283.57022   46   49 4284.51000 3240.44252  24.4%   105 1950s
 422591 35745     cutoff   59      4284.51000 3242.70225  24.3%   105 1955s
 424120 35949 3382.72586   38   45 4284.51000 3244.53396  24.3%   105 1960s
 425436 36055     cutoff   43      4284.51000 3246.26973  24.2%   105 1966s
 426749 36264 3277.41450   40   39 4284.51000 3247.43851  24.2%   105 1970s
 428142 36384 4242.73965   43   32 4284.51000 3248.85141  24.2%   105 1975s
 429707 36596 infeasible   52      4284.51000 3249.81807  24.1%   105 1980s
 431035 36667 3463.56446   55   89 4284.51000 3250.77463  24.1%   105 1985s
 432293 36902 infeasible   46      4284.51000 3251.45305  24.1%   105 1990s
 433768 36996 infeasible   40      4284.51000 3252.42784  24.1%   105 1995s
 435357 37250     cutoff   42      4284.51000 3253.27947  24.1%   105 2000s
 436799 37351 4282.78364   38   23 4284.51000 3254.03160  24.1%   105 2005s
 438078 37400 3268.74266   51   42 4284.51000 3254.78419  24.0%   104 2010s
 439738 37457 4276.08600   47   10 4284.51000 3255.62357  24.0%   104 2015s
 441040 37498 infeasible   59      4284.51000 3256.40971  24.0%   104 2020s
 442452 37648 3314.02985   46   35 4284.51000 3257.30523  24.0%   104 2025s
 443747 37777 3284.26853   46   52 4284.51000 3257.83693  24.0%   104 2030s
 445013 37794 3279.83329   48   43 4284.51000 3258.55441  23.9%   104 2035s
 446523 37878 4262.97563   44   38 4284.51000 3259.34000  23.9%   104 2040s
 447803 37946 3536.38000   43   59 4284.51000 3259.85529  23.9%   104 2045s
 449406 38059 infeasible   36      4284.51000 3260.55874  23.9%   104 2050s
 450658 38112 infeasible   42      4284.51000 3261.14873  23.9%   104 2055s
 451867 38123 3305.43629   48   41 4284.51000 3261.67415  23.9%   104 2060s
 453349 38248 infeasible   50      4284.51000 3262.26617  23.9%   104 2065s
 454705 38359     cutoff   49      4284.51000 3262.77400  23.8%   104 2070s
 455874 38406 3332.83645   51   76 4284.51000 3263.25136  23.8%   104 2075s
 457126 38436 3480.05665   48   51 4284.51000 3263.66000  23.8%   104 2080s
 458368 38493 3393.59086   49   55 4284.51000 3264.09000  23.8%   104 2085s
 459766 38614 3264.59233   54   39 4284.51000 3264.55700  23.8%   104 2090s
 460867 38651 3268.89159   56   61 4284.51000 3264.96503  23.8%   104 2095s
 461975 38714     cutoff   52      4284.51000 3265.32044  23.8%   104 2100s
 463459 38811 3275.66600   53   13 4284.51000 3265.81042  23.8%   104 2105s
 464961 38874     cutoff   50      4284.51000 3266.33664  23.8%   104 2110s
 466299 38975 infeasible   50      4284.51000 3266.67220  23.8%   104 2115s
 467465 39013     cutoff   42      4284.51000 3267.09377  23.7%   103 2120s
 468871 39070 3425.20276   60   68 4284.51000 3267.52904  23.7%   103 2125s
 470015 39050 infeasible   46      4284.51000 3267.85171  23.7%   103 2130s
 471058 39077 3428.84711   52   42 4284.51000 3268.18506  23.7%   103 2135s
 472402 39110 3268.83082   47   45 4284.51000 3268.57912  23.7%   103 2140s
 473849 39180 3682.48975   38   29 4284.51000 3268.94500  23.7%   103 2145s
 475333 39302 3269.32086   45   35 4284.51000 3269.32086  23.7%   103 2150s
 476626 39277 3335.16415   58   60 4284.51000 3269.68388  23.7%   103 2155s
 477729 39196 3284.54986   51   32 4284.51000 3270.10478  23.7%   103 2160s
 478936 39181 infeasible   52      4284.51000 3270.42271  23.7%   103 2165s
 480348 39141 3284.19216   49   43 4284.51000 3270.84162  23.7%   103 2170s
 481477 39137 3280.64583   50   32 4284.51000 3271.23621  23.6%   103 2175s
 482815 39129     cutoff   62      4284.51000 3271.58748  23.6%   103 2180s
 483992 39227 3286.24615   56   48 4284.51000 3271.88300  23.6%   103 2185s
 485116 39168     cutoff   42      4284.51000 3272.28586  23.6%   103 2190s
 486560 39159 3343.10674   40   72 4284.51000 3272.69475  23.6%   103 2195s
 487755 39208 4284.29463   58   49 4284.51000 3272.96612  23.6%   103 2200s
 488905 39127     cutoff   48      4284.51000 3273.32070  23.6%   103 2205s
 490064 39007 3285.08575   49   62 4284.51000 3273.66092  23.6%   103 2210s
 491382 38841     cutoff   43      4284.51000 3274.11027  23.6%   103 2215s
 492576 38785 3303.92302   59   40 4284.51000 3274.43556  23.6%   103 2220s
 493803 38776 4264.67300   73   14 4284.51000 3274.77693  23.6%   103 2225s
 494987 38706     cutoff   42      4284.51000 3275.13706  23.6%   103 2230s
 496220 38719 3279.35781   37   57 4284.51000 3275.50555  23.6%   103 2235s
 497287 38731 3277.02827   47   41 4284.51000 3275.77481  23.5%   103 2240s
 498411 38779 infeasible   74      4284.51000 3276.04400  23.5%   103 2245s
 499412 38727 4282.86896   60   33 4284.51000 3276.32550  23.5%   103 2250s
 500789 38686     cutoff   53      4284.51000 3276.73000  23.5%   103 2255s
 501996 38622     cutoff   51      4284.51000 3277.07100  23.5%   103 2260s
 503114 38463 3295.59945   38   57 4284.51000 3277.47663  23.5%   103 2265s
 504213 38406 3288.17500   43   22 4284.51000 3277.80055  23.5%   103 2270s
 505506 38276 3278.15503   42   46 4284.51000 3278.15503  23.5%   103 2275s
 506629 38203 infeasible   42      4284.51000 3278.46400  23.5%   103 2280s
 507799 38174     cutoff   51      4284.51000 3278.81671  23.5%   103 2285s
 509126 38041 3300.59956   56   28 4284.51000 3279.21527  23.5%   103 2290s
 510284 37975 3287.44644   44   61 4284.51000 3279.50205  23.5%   103 2295s
 511566 37891 3311.00341   59   50 4284.51000 3279.85096  23.4%   103 2300s
 512837 37735 infeasible   59      4284.51000 3280.26000  23.4%   103 2305s
 513954 37578     cutoff   58      4284.51000 3280.59031  23.4%   103 2310s
 514981 37490 3301.44839   54   39 4284.51000 3280.89416  23.4%   103 2315s
 516169 37350 3281.26152   51   58 4284.51000 3281.26152  23.4%   103 2320s
 517371 37232 3284.14838   37   27 4284.51000 3281.59714  23.4%   103 2325s
 518522 37121     cutoff   56      4284.51000 3281.96313  23.4%   103 2330s
 519857 36968 3390.05568   51   68 4284.51000 3282.33184  23.4%   103 2335s
 521066 36875 3312.15733   67   24 4284.51000 3282.62446  23.4%   103 2340s
 522157 36794 3321.59639   50   63 4284.51000 3282.93688  23.4%   103 2345s
 523259 36689 3291.78500   51   15 4284.51000 3283.20783  23.4%   103 2350s
 524473 36603 3310.77194   46   55 4284.51000 3283.52146  23.4%   103 2355s
 525756 36481 3336.36713   41   46 4284.51000 3283.93392  23.4%   103 2360s
 526953 36293 3315.73739   65   45 4284.51000 3284.36934  23.3%   103 2365s
 528205 36124     cutoff   52      4284.51000 3284.77870  23.3%   103 2370s
 529483 35977 3430.63877   39   64 4284.51000 3285.17900  23.3%   103 2375s
 530734 35916 3437.48877   55   53 4284.51000 3285.51892  23.3%   103 2380s
 531934 35837 3324.41267   38   67 4284.51000 3285.86472  23.3%   103 2385s
 533038 35763 infeasible   54      4284.51000 3286.13809  23.3%   103 2390s
 534205 35646 3289.22666   61   32 4284.51000 3286.49829  23.3%   104 2395s
 535310 35488     cutoff   61      4284.51000 3286.83588  23.3%   104 2400s
 536377 35355 3306.83283   63   45 4284.51000 3287.18960  23.3%   104 2405s
 537449 35212     cutoff   45      4284.51000 3287.55701  23.3%   104 2410s
 538748 35069 3287.95958   56   43 4284.51000 3287.95958  23.3%   104 2415s
 539776 34910 infeasible   41      4284.51000 3288.31251  23.3%   104 2420s
 541051 34772 3332.47308   47   29 4284.51000 3288.70844  23.2%   104 2425s
 542206 34568 infeasible   67      4284.51000 3289.10538  23.2%   104 2430s
 543160 34401 3296.52600   67   12 4284.51000 3289.41950  23.2%   104 2435s
 544462 34244 3289.80767   37   38 4284.51000 3289.80767  23.2%   104 2440s
 545650 34056     cutoff   43      4284.51000 3290.20730  23.2%   104 2445s
 546752 33932 3304.13886   57   81 4284.51000 3290.50175  23.2%   104 2450s
 547811 33779 infeasible   62      4284.51000 3290.85867  23.2%   104 2455s
 549183 33612 3291.84631   52   47 4284.51000 3291.32408  23.2%   104 2460s
 550341 33526 3321.07538   66   48 4284.51000 3291.67115  23.2%   104 2465s
 551512 33349 3295.77142   49   49 4284.51000 3292.04526  23.2%   104 2470s
 552727 33178 3307.20059   53   36 4284.51000 3292.47014  23.2%   104 2475s
 553729 33013 infeasible   39      4284.51000 3292.81067  23.1%   104 2480s
 554977 32835 infeasible   48      4284.51000 3293.17407  23.1%   104 2485s
 556102 32711 3322.47000   65   17 4284.51000 3293.48700  23.1%   104 2490s
 557128 32543 3306.43448   35   45 4284.51000 3293.84482  23.1%   104 2495s
 558231 32366 3310.16543   35   44 4284.51000 3294.17685  23.1%   104 2500s
 559471 32201 3301.37067   63   26 4284.51000 3294.59067  23.1%   104 2505s
 560693 31973     cutoff   36      4284.51000 3295.05895  23.1%   104 2510s
 561983 31811 3304.47317   52   39 4284.51000 3295.44733  23.1%   104 2515s
 563087 31557 3305.10799   53   68 4284.51000 3295.89163  23.1%   104 2520s
 564065 31388 infeasible   51      4284.51000 3296.27085  23.1%   104 2525s
 565320 31172 3298.02686   56   69 4284.51000 3296.73990  23.1%   104 2530s
 566489 30952 3329.29857   51   35 4284.51000 3297.21657  23.0%   104 2535s
 567544 30746     cutoff   45      4284.51000 3297.63951  23.0%   104 2540s
 568706 30513     cutoff   66      4284.51000 3298.13400  23.0%   104 2545s
 569889 30431     cutoff   60      4284.51000 3298.49276  23.0%   104 2550s
 571186 30253 infeasible   47      4284.51000 3298.94229  23.0%   104 2555s
 572374 30096     cutoff   36      4284.51000 3299.35000  23.0%   104 2560s
 573505 29860     cutoff   46      4284.51000 3299.82000  23.0%   104 2565s
 574711 29666     cutoff   65      4284.51000 3300.30668  23.0%   104 2570s
 575656 29427 infeasible   54      4284.51000 3300.71400  23.0%   104 2575s
 577042 29239     cutoff   68      4284.51000 3301.19600  23.0%   104 2580s
 578268 29044     cutoff   44      4284.51000 3301.68457  22.9%   104 2585s
 579387 28842     cutoff   66      4284.51000 3302.09378  22.9%   104 2590s
 580628 28594 3310.30109   56   29 4284.51000 3302.66091  22.9%   105 2595s
 581890 28379 infeasible   51      4284.51000 3303.12243  22.9%   105 2600s
 582965 28271 infeasible   53      4284.51000 3303.47800  22.9%   105 2605s
 584113 28060     cutoff   53      4284.51000 3303.96369  22.9%   105 2610s
 585352 27870 infeasible   55      4284.51000 3304.43954  22.9%   105 2615s
 586587 27583 3306.22108   67   18 4284.51000 3304.97444  22.9%   105 2620s
 587570 27428 3332.82665   52   53 4284.51000 3305.35250  22.9%   105 2625s
 588634 27215 3306.73420   43   47 4284.51000 3305.86400  22.8%   105 2630s
 589855 27013     cutoff   63      4284.51000 3306.38735  22.8%   105 2635s
 590983 26735 3328.75400   51   10 4284.51000 3306.95002  22.8%   105 2640s
 592023 26501     cutoff   54      4284.51000 3307.41466  22.8%   105 2645s
 593169 26321 infeasible   54      4284.51000 3307.86085  22.8%   105 2650s
 594192 26107 3315.44759   52   27 4284.51000 3308.32700  22.8%   105 2655s
 595395 25842     cutoff   53      4284.51000 3308.89500  22.8%   105 2660s
 596593 25551     cutoff   54      4284.51000 3309.48772  22.8%   105 2665s
 597793 25281 3327.79666   44   32 4284.51000 3310.09944  22.7%   105 2670s
 598949 25015     cutoff   45      4284.51000 3310.66997  22.7%   105 2675s
 600078 24820 infeasible   48      4284.51000 3311.19361  22.7%   105 2680s
 601291 24564     cutoff   54      4284.51000 3311.80100  22.7%   105 2685s
 602456 24262 3342.12638   58   56 4284.51000 3312.48206  22.7%   105 2690s
 603488 24002 infeasible   64      4284.51000 3313.05867  22.7%   105 2695s
 604659 23772     cutoff   54      4284.51000 3313.68316  22.7%   105 2700s
 605793 23471 infeasible   49      4284.51000 3314.32542  22.6%   105 2705s
 606885 23172 3315.94715   59   31 4284.51000 3314.98382  22.6%   105 2710s
 607985 22870     cutoff   60      4284.51000 3315.66802  22.6%   105 2715s
 609257 22560     cutoff   59      4284.51000 3316.42584  22.6%   105 2720s
 610348 22317 infeasible   55      4284.51000 3317.05488  22.6%   105 2725s
 611460 22073 3319.25038   60   29 4284.51000 3317.67545  22.6%   105 2730s
 612603 21858 3433.70534   54   50 4284.51000 3318.37045  22.5%   105 2735s
 613774 21537 infeasible   42      4284.51000 3319.26752  22.5%   105 2740s
 614945 21239 3320.91326   49   57 4284.51000 3319.93725  22.5%   105 2745s
 616032 20982 infeasible   42      4284.51000 3320.64879  22.5%   105 2750s
 617062 20661 infeasible   56      4284.51000 3321.40997  22.5%   105 2755s
 618239 20246 infeasible   58      4284.51000 3322.38908  22.5%   106 2760s
 619537 19855 3325.17563   39   18 4284.51000 3323.37378  22.4%   106 2765s
 620620 19587 infeasible   61      4284.51000 3324.09523  22.4%   106 2770s
 621544 19320     cutoff   75      4284.51000 3324.86485  22.4%   106 2775s
 622816 19001 3331.13800   58   44 4284.51000 3325.79788  22.4%   106 2780s
 624029 18537 infeasible   53      4284.51000 3326.83021  22.4%   106 2785s
 625046 18185 infeasible   56      4284.51000 3327.72409  22.3%   106 2790s
 626128 17828 infeasible   56      4284.51000 3328.73181  22.3%   106 2795s
 627302 17472 infeasible   57      4284.51000 3329.65599  22.3%   106 2800s
 628408 17091 infeasible   68      4284.51000 3330.80635  22.3%   106 2805s
 629632 16648 infeasible   48      4284.51000 3332.02225  22.2%   106 2810s
 630754 16233 infeasible   47      4284.51000 3333.13464  22.2%   106 2815s
 631636 15937 infeasible   64      4284.51000 3333.97182  22.2%   106 2820s
 632618 15553 infeasible   57      4284.51000 3335.08722  22.2%   106 2825s
 633887 15104 infeasible   53      4284.51000 3336.53656  22.1%   106 2830s
 635120 14586 infeasible   45      4284.51000 3338.07672  22.1%   106 2835s
 636307 14128 3340.22927   51   49 4284.51000 3339.73518  22.1%   106 2840s
 637610 13571 infeasible   51      4284.51000 3341.74253  22.0%   106 2845s
 638820 13084     cutoff   60      4284.51000 3343.64000  22.0%   106 2850s
 639976 12621 infeasible   52      4284.51000 3345.46970  21.9%   106 2855s
 641230 12073 infeasible   64      4284.51000 3347.84617  21.9%   106 2860s
 642465 11494 infeasible   54      4284.51000 3350.32141  21.8%   106 2865s
 643728 10838 infeasible   49      4284.51000 3353.32300  21.7%   106 2870s
 644910 10318 3357.80438   45   42 4284.51000 3356.03100  21.7%   106 2875s
 646137  9663 infeasible   57      4284.51000 3359.66949  21.6%   106 2880s
 647523  8909 infeasible   66      4284.51000 3365.02167  21.5%   106 2885s
 648754  8241 infeasible   51      4284.51000 3370.78785  21.3%   106 2890s
 649838  7615 infeasible   57      4284.51000 3377.71500  21.2%   106 2895s
 651360  6674 infeasible   62      4284.51000 3395.49109  20.7%   106 2900s
 653357  5405     cutoff   53      4284.51000 3470.16604  19.0%   106 2905s
 656004  3519 infeasible   72      4284.51000 3917.72948  8.56%   106 2910s
 658805  2636 infeasible   54      4284.51000 4257.62468  0.63%   105 2915s
 662276  2051 4271.12000   40    6 4284.51000 4268.58667  0.37%   105 2920s
 666205    52 infeasible   60      4284.51000 4283.55500  0.02%   104 2925s

Cutting planes:
  Gomory: 4
  Cover: 3
  Implied bound: 37
  Clique: 5
  MIR: 44
  Flow cover: 30
  GUB cover: 6
  Zero half: 18

Explored 666300 nodes (69465473 simplex iterations) in 2925.08 seconds
Thread count was 2 (of 4 available processors)

Optimal solution found (tolerance 1.00e-04)
Best objective 4.284510000000e+03, best bound 4.284460000000e+03, gap 0.0012%
k_c1	6.0
k_c10	4.0
k_c11	2.0
k_c2	3.0
k_c3	8.0
k_c4	7.0
k_c5	10.0
k_c6	10.0
k_c7	10.0
k_c8	10.0
k_c9	10.0
k_dN	0.0
kDash_c1	4.0
kDash_c10	0.0
kDash_c11	8.0
kDash_c2	0.0
kDash_c3	4.0
kDash_c4	1.0
kDash_c5	0.0
kDash_c6	2.0
kDash_c7	7.0
kDash_c8	7.0
kDash_c9	6.0
o_1	0.0
o_10	0.0
o_11	1.0
o_2	0.0
o_3	0.0
o_4	0.0
o_5	0.0
o_6	0.0
o_7	0.0
o_8	0.0
o_9	0.0
p_1	0.0
p_10	0.0
p_11	1.0
p_2	0.0
p_3	0.0
p_4	1.0
p_5	0.0
p_6	0.0
p_7	0.0
p_8	1.0
p_9	0.0
phi_c1	3.0
phi_c10	1.0
phi_c11	20.0
phi_c2	2.0
phi_c3	3.0
phi_c4	4.0
phi_c5	2.0
phi_c6	22.0
phi_c7	5.0
phi_c8	23.0
phi_c9	23.0
phi_d0	24.0
phi_dN	0.0
pi_c1	7.0
pi_c10	20.0
pi_c11	17.0
pi_c2	10.0
pi_c3	7.0
pi_c4	9.0
pi_c5	20.0
pi_c6	20.0
pi_c7	20.0
pi_c8	20.0
pi_c9	20.0
pi_dN	0.0
tauD_c1	60.0
tauD_c10	85.0
tauD_c11	57.0
tauD_c2	84.0
tauD_c3	76.0
tauD_c4	67.0
tauD_c5	85.0
tauD_c6	40.0
tauD_c7	55.0
tauD_c8	2.0
tauD_c9	53.0
tauD_d0	0.0
tauD_dN	100.0
tauS_c1	73.0
tauS_c10	89.0
tauS_c11	26.0
tauS_c2	85.0
tauS_c3	85.0
tauS_c4	70.0
tauS_c5	84.0
tauS_c6	85.0
tauS_c7	12.0
tauS_c8	6.0
tauS_c9	90.0
tauS_d0	0.0
tauS_dN	85.0
x_c10_dN	1.0
x_c11_c3	1.0
x_c1_c10	1.0
x_c2_dN	1.0
x_c3_c2	1.0
x_c4_c5	1.0
x_c5_dN	1.0
x_c6_c11	1.0
x_c7_c4	1.0
x_c8_c7	1.0
x_c9_c1	1.0
x_d0_c6	1.0
x_d0_c8	1.0
x_d0_c9	1.0
z_c11_c4	1.0
z_c4_dN	1.0
z_c8_c11	1.0
z_d0_c8	1.0
