
Gurobi 6.0.4 (win64) logging started 06/14/15 17:05:51

Read LP format model from file C:\MT\repository\VRPTWMS\instances\mip\freight\N6-C_DV10-C_SV50_F14_10_No_1.lp
Reading time = 0.01 seconds
(null): 217 rows, 141 columns, 849 nonzeros
Optimize a model with 217 rows, 141 columns and 849 nonzeros
Model has 294 quadratic constraints
WARNING: Only barrier available for SOCP models
Coefficient statistics:
  Matrix range    [1e+00, 1e+02]
  Objective range [4e+00, 1e+03]
  Bounds range    [1e+00, 1e+02]
  RHS range       [1e+00, 1e+02]
Presolve removed 29 rows and 11 columns
Presolve time: 0.03s
Presolved: 906 rows, 507 columns, 4006 nonzeros
Variable types: 341 continuous, 166 integer (126 binary)
Found heuristic solution: objective 6211.1000000
Optimize a model with 906 rows, 507 columns and 4006 nonzeros
Coefficient statistics:
  Matrix range    [9e-01, 1e+02]
  Objective range [4e+00, 1e+03]
  Bounds range    [1e+00, 1e+02]
  RHS range       [1e+00, 1e+02]

Concurrent LP optimizer: dual simplex and barrier
Showing barrier log only...

Presolve removed 46 rows and 23 columns
Presolved: 860 rows, 484 columns, 3746 nonzeros

Root barrier log...

Ordering time: 0.00s

Barrier performed 0 iterations in 0.05 seconds
Barrier solve interrupted - model solved by another algorithm


Solved with dual simplex
Solved in 109 iterations and 0.05 seconds
Optimal objective  1.218050628e+02

Root relaxation: objective 1.218051e+02, 109 iterations, 0.01 seconds

    Nodes    |    Current Node    |     Objective Bounds      |     Work
 Expl Unexpl |  Obj  Depth IntInf | Incumbent    BestBd   Gap | It/Node Time

     0     0  121.80506    0   52 6211.10000  121.80506  98.0%     -    0s
H    0     0                    5187.5200000  121.80506  97.7%     -    0s
     0     0  132.84409    0   50 5187.52000  132.84409  97.4%     -    0s
H    0     0                    4175.1900000  132.84409  96.8%     -    0s
     0     0  146.13282    0   52 4175.19000  146.13282  96.5%     -    0s
H    0     0                    3227.2400000  146.13282  95.5%     -    0s
     0     0  159.56336    0   50 3227.24000  159.56336  95.1%     -    0s
     0     0  163.10538    0   76 3227.24000  163.10538  94.9%     -    0s
     0     0  177.22689    0   75 3227.24000  177.22689  94.5%     -    0s
     0     0  178.14716    0   87 3227.24000  178.14716  94.5%     -    0s
     0     0  178.56100    0   86 3227.24000  178.56100  94.5%     -    0s
     0     0  178.56100    0   86 3227.24000  178.56100  94.5%     -    0s
     0     0  178.56100    0   87 3227.24000  178.56100  94.5%     -    0s
     0     0  178.56100    0   84 3227.24000  178.56100  94.5%     -    0s
     0     2  178.56100    0   77 3227.24000  178.56100  94.5%     -    0s
H   43    31                    3189.0900000 1120.15667  64.9%  37.2    0s
H   48    31                    3166.4300000 1120.15667  64.6%  34.4    0s
*   82    50              13    3155.0600000 1128.29333  64.2%  30.3    0s
*  456   110              20    3133.2900000 1149.20933  63.3%  28.2    0s

Cutting planes:
  Learned: 1
  Gomory: 3
  Cover: 194
  Implied bound: 210
  Clique: 38
  MIR: 98
  Flow cover: 3
  GUB cover: 6
  Zero half: 4

Explored 5909 nodes (158083 simplex iterations) in 4.19 seconds
Thread count was 2 (of 4 available processors)

Optimal solution found (tolerance 1.00e-04)
Best objective 3.133290000000e+03, best bound 3.133290000000e+03, gap 0.0%
k_c1	10.0
k_c2	6.0
k_c3	10.0
k_c4	6.0
k_c5	4.0
k_c6	10.0
k_dN	-0.0
kDash_c1	7.0
kDash_c2	0.0
kDash_c3	4.0
kDash_c4	2.0
kDash_c5	-0.0
kDash_c6	6.0
o_1	0.0
o_2	0.0
o_3	-0.0
o_4	-0.0
o_5	-0.0
o_6	0.0
p_1	0.0
p_2	0.0
p_3	-0.0
p_4	0.0
p_5	-0.0
p_6	0.0
phi_c1	11.0
phi_c2	2.0
phi_c3	1.9999999999999996
phi_c4	2.0
phi_c5	1.0
phi_c6	13.0
phi_d0	14.0
phi_dN	-0.0
pi_c1	0.0
pi_c2	-0.0
pi_c3	-0.0
pi_c4	0.0
pi_c5	-0.0
pi_c6	-0.0
pi_dN	-0.0
tauD_c1	25.0
tauD_c2	65.0
tauD_c3	2.0000000000000386
tauD_c4	65.0
tauD_c5	91.99999999999999
tauD_c6	45.0
tauD_d0	-0.0
tauD_dN	100.0
tauS_c1	83.0
tauS_c2	85.0
tauS_c3	90.0
tauS_c4	86.0
tauS_c5	91.0
tauS_c6	88.0
tauS_d0	-0.0
tauS_dN	100.0
x_c1_c2	1.0
x_c2_dN	1.0
x_c3_c5	1.0
x_c4_dN	1.0
x_c5_dN	1.0
x_c6_c4	1.0
x_d0_c1	1.0
x_d0_c3	1.0
x_d0_c6	1.0
