
Gurobi 6.0.4 (win64) logging started 06/14/15 17:05:55

Read LP format model from file C:\MT\repository\VRPTWMS\instances\mip\freight\N6-C_DV10-C_SV50_F14_12_No_1.lp
Reading time = 0.00 seconds
(null): 217 rows, 141 columns, 849 nonzeros
Optimize a model with 217 rows, 141 columns and 849 nonzeros
Model has 294 quadratic constraints
WARNING: Only barrier available for SOCP models
Coefficient statistics:
  Matrix range    [1e+00, 1e+02]
  Objective range [5e+00, 1e+03]
  Bounds range    [1e+00, 1e+02]
  RHS range       [1e+00, 1e+02]
Presolve removed 28 rows and 15 columns
Presolve time: 0.03s
Presolved: 849 rows, 474 columns, 3756 nonzeros
Variable types: 312 continuous, 162 integer (122 binary)
Found heuristic solution: objective 6281.4800000
Optimize a model with 849 rows, 474 columns and 3756 nonzeros
Coefficient statistics:
  Matrix range    [1e+00, 1e+02]
  Objective range [5e+00, 1e+03]
  Bounds range    [1e+00, 1e+02]
  RHS range       [1e+00, 1e+02]
Presolve removed 38 rows and 22 columns
Presolved: 811 rows, 453 columns, 3578 nonzeros


Root relaxation: objective 7.063706e+02, 152 iterations, 0.01 seconds

    Nodes    |    Current Node    |     Objective Bounds      |     Work
 Expl Unexpl |  Obj  Depth IntInf | Incumbent    BestBd   Gap | It/Node Time

     0     0  706.37064    0   57 6281.48000  706.37064  88.8%     -    0s
H    0     0                    5226.2900000  706.37064  86.5%     -    0s
     0     0 1157.01417    0   54 5226.29000 1157.01417  77.9%     -    0s
H    0     0                    5208.3600000 1157.01417  77.8%     -    0s
H    0     0                    4202.5400000 1157.01417  72.5%     -    0s
     0     0 1163.57389    0   27 4202.54000 1163.57389  72.3%     -    0s
     0     0 1164.92276    0   45 4202.54000 1164.92276  72.3%     -    0s
     0     0 1166.31466    0   48 4202.54000 1166.31466  72.2%     -    0s
     0     0 1166.56333    0   32 4202.54000 1166.56333  72.2%     -    0s
     0     0 1167.24434    0   71 4202.54000 1167.24434  72.2%     -    0s
     0     0 1167.24434    0   66 4202.54000 1167.24434  72.2%     -    0s
     0     2 1167.24434    0   66 4202.54000 1167.24434  72.2%     -    0s
H   97    49                    4191.3800000 1306.89869  68.8%  48.4    0s

Cutting planes:
  Gomory: 5
  Cover: 141
  Implied bound: 148
  Clique: 37
  MIR: 42
  Flow cover: 3
  GUB cover: 12

Explored 3444 nodes (109552 simplex iterations) in 2.43 seconds
Thread count was 2 (of 4 available processors)

Optimal solution found (tolerance 1.00e-04)
Best objective 4.191380000000e+03, best bound 4.191380000000e+03, gap 0.0%
k_c1	7.0
k_c2	10.0
k_c3	10.0
k_c4	6.0
k_c5	10.0
k_c6	10.0
k_dN	0.0
kDash_c1	2.0
kDash_c2	3.0
kDash_c3	7.0
kDash_c4	0.0
kDash_c5	6.0
kDash_c6	0.0
o_1	0.0
o_2	0.0
o_3	0.0
o_4	0.0
o_5	0.0
o_6	0.0
p_1	0.0
p_2	0.0
p_3	0.0
p_4	0.0
p_5	0.0
p_6	0.0
phi_c1	10.0
phi_c2	9.0
phi_c3	11.0
phi_c4	3.0
phi_c5	12.0
phi_c6	8.0
phi_d0	14.0
phi_dN	-0.0
pi_c1	0.0
pi_c2	0.0
pi_c3	0.0
pi_c4	0.0
pi_c5	0.0
pi_c6	10.0
pi_dN	0.0
tauD_c1	45.0
tauD_c2	48.0
tauD_c3	10.0
tauD_c4	65.0
tauD_c5	50.0
tauD_c6	31.0
tauD_d0	-0.0
tauD_dN	100.0
tauS_c1	10.0
tauS_c2	61.0
tauS_c3	82.0
tauS_c4	7.0
tauS_c5	8.0
tauS_c6	50.0
tauS_d0	-0.0
tauS_dN	100.0
x_c1_dN	1.0
x_c2_dN	1.0
x_c3_c1	1.0
x_c4_dN	1.0
x_c5_c4	1.0
x_c6_dN	1.0
x_d0_c2	1.0
x_d0_c3	1.0
x_d0_c5	1.0
x_d0_c6	1.0
