
Gurobi 6.0.4 (win64) logging started 06/14/15 17:05:45

Read LP format model from file C:\MT\repository\VRPTWMS\instances\mip\freight\N6-C_DV10-C_SV50_F14_1_No_1.lp
Reading time = 0.01 seconds
(null): 217 rows, 141 columns, 849 nonzeros
Optimize a model with 217 rows, 141 columns and 849 nonzeros
Model has 294 quadratic constraints
WARNING: Only barrier available for SOCP models
Coefficient statistics:
  Matrix range    [1e+00, 1e+02]
  Objective range [6e+00, 1e+03]
  Bounds range    [1e+00, 1e+02]
  RHS range       [1e+00, 1e+02]
Presolve removed 25 rows and 9 columns
Presolve time: 0.03s
Presolved: 924 rows, 516 columns, 4131 nonzeros
Variable types: 348 continuous, 168 integer (128 binary)
Found heuristic solution: objective 6237.5800000
Optimize a model with 924 rows, 516 columns and 4131 nonzeros
Coefficient statistics:
  Matrix range    [1e+00, 1e+02]
  Objective range [6e+00, 1e+03]
  Bounds range    [1e+00, 1e+02]
  RHS range       [1e+00, 1e+02]

Concurrent LP optimizer: dual simplex and barrier
Showing barrier log only...

Presolve removed 52 rows and 25 columns
Presolved: 872 rows, 493 columns, 3855 nonzeros

Root barrier log...

Ordering time: 0.02s

Barrier performed 0 iterations in 0.07 seconds
Barrier solve interrupted - model solved by another algorithm


Solved with dual simplex
Solved in 101 iterations and 0.07 seconds
Optimal objective  1.281376137e+02

Root relaxation: objective 1.281376e+02, 101 iterations, 0.03 seconds

    Nodes    |    Current Node    |     Objective Bounds      |     Work
 Expl Unexpl |  Obj  Depth IntInf | Incumbent    BestBd   Gap | It/Node Time

     0     0  128.13761    0   61 6237.58000  128.13761  97.9%     -    0s
H    0     0                    5196.2900000  128.13761  97.5%     -    0s
     0     0  149.30985    0   71 5196.29000  149.30985  97.1%     -    0s
H    0     0                    4202.9300000  149.30985  96.4%     -    0s
     0     0  346.46725    0   42 4202.93000  346.46725  91.8%     -    0s
H    0     0                    4177.4000000  346.46725  91.7%     -    0s
H    0     0                    3183.8100000  346.46725  89.1%     -    0s
     0     0  400.96000    0   41 3183.81000  400.96000  87.4%     -    0s
     0     0  470.90267    0   74 3183.81000  470.90267  85.2%     -    0s
     0     0  476.36368    0   83 3183.81000  476.36368  85.0%     -    0s
H    0     0                    3171.8900000  476.36368  85.0%     -    0s
     0     0  476.83400    0   62 3171.89000  476.83400  85.0%     -    0s
     0     0  477.05431    0   82 3171.89000  477.05431  85.0%     -    0s
H    0     0                    3161.6400000  477.05431  84.9%     -    0s
     0     0  477.05431    0   79 3161.64000  477.05431  84.9%     -    0s
     0     0  477.05431    0   78 3161.64000  477.05431  84.9%     -    0s
     0     0  477.05431    0   79 3161.64000  477.05431  84.9%     -    0s
     0     0  477.05431    0   79 3161.64000  477.05431  84.9%     -    0s
     0     2  477.05431    0   77 3161.64000  477.05431  84.9%     -    0s
* 2407   520              25    2199.4300000 1181.18111  46.3%  40.5    3s
  3563    76     cutoff   25      2199.43000 1411.42817  35.8%  46.6    5s

Cutting planes:
  Cover: 3
  Implied bound: 7
  Clique: 3
  MIR: 7
  Flow cover: 2
  GUB cover: 9
  Zero half: 1

Explored 3768 nodes (173364 simplex iterations) in 5.11 seconds
Thread count was 2 (of 4 available processors)

Optimal solution found (tolerance 1.00e-04)
Best objective 2.199430000000e+03, best bound 2.199430000000e+03, gap 0.0%
k_c1	10.0
k_c2	4.0
k_c3	2.0
k_c4	4.0
k_c5	2.0
k_c6	10.0
k_dN	-0.0
kDash_c1	5.0
kDash_c2	2.0
kDash_c3	-0.0
kDash_c4	1.0
kDash_c5	2.0
kDash_c6	4.0
o_1	0.0
o_2	0.0
o_3	-0.0
o_4	-0.0
o_5	1.0
o_6	-0.0
p_1	0.0
p_2	0.0
p_3	1.0
p_4	0.0
p_5	1.0
p_6	0.0
phi_c1	12.0
phi_c2	9.0
phi_c3	5.9999999999999964
phi_c4	0.9999999999999982
phi_c5	7.000000000000014
phi_c6	3.9999999999999964
phi_d0	14.0
phi_dN	-0.0
pi_c1	3.0000000000000213
pi_c2	6.0
pi_c3	10.0
pi_c4	12.0
pi_c5	18.00000000000002
pi_c6	8.000000000000021
pi_dN	-0.0
tauD_c1	7.0
tauD_c2	25.0
tauD_c3	52.99999999999998
tauD_c4	89.0
tauD_c5	38.0
tauD_c6	71.99999999999994
tauD_d0	-0.0
tauD_dN	100.0
tauS_c1	85.00000000000001
tauS_c2	86.0
tauS_c3	50.0
tauS_c4	2.000000000000014
tauS_c5	38.0
tauS_c6	84.0
tauS_d0	-0.0
tauS_dN	71.99999999999997
x_c1_c2	1.0
x_c2_c5	1.0
x_c3_c6	1.0
x_c4_dN	1.0
x_c5_c3	1.0
x_c6_c4	1.0
x_d0_c1	1.0
z_c3_dN	1.0
z_c5_c3	1.0
z_d0_c5	1.0
